[0.014s] Invoking command in '/home/m2s2/WildPose_v1.2-main/wildpose/build/wildpose_interfaces': CMAKE_PREFIX_PATH=${CMAKE_PREFIX_PATH}:/home/m2s2/WildPose_v1.2-main/wildpose/install/motor_controller_pkg:/home/m2s2/WildPose_v1.2-main/wildpose/install/dji_rs3_pkg:/home/m2s2/WildPose_v1.2-main/wildpose/install/gamepad_pkg:/opt/ros/foxy /usr/bin/cmake --build /home/m2s2/WildPose_v1.2-main/wildpose/build/wildpose_interfaces -- -j16 -l16
[0.051s] [35m[1mConsolidate compiler generated dependencies of target wildpose_interfaces__rosidl_generator_c[0m
[0.053s] [  2%] Built target wildpose_interfaces__cpp
[0.059s] [ 12%] Built target wildpose_interfaces__rosidl_generator_c
[0.060s] [35m[1mConsolidate compiler generated dependencies of target wildpose_interfaces__rosidl_typesupport_cpp[0m
[0.060s] [35m[1mConsolidate compiler generated dependencies of target wildpose_interfaces__rosidl_typesupport_fastrtps_cpp[0m
[0.065s] [35m[1mConsolidate compiler generated dependencies of target wildpose_interfaces__rosidl_typesupport_introspection_c[0m
[0.066s] [35m[1mConsolidate compiler generated dependencies of target wildpose_interfaces__rosidl_typesupport_introspection_cpp[0m
[0.069s] [ 23%] Built target wildpose_interfaces__rosidl_typesupport_cpp
[0.069s] [ 34%] Built target wildpose_interfaces__rosidl_typesupport_fastrtps_cpp
[0.070s] [35m[1mConsolidate compiler generated dependencies of target wildpose_interfaces__rosidl_typesupport_c[0m
[0.073s] [ 44%] Built target wildpose_interfaces__rosidl_typesupport_introspection_c
[0.076s] [ 55%] Built target wildpose_interfaces__rosidl_typesupport_introspection_cpp
[0.076s] [35m[1mConsolidate compiler generated dependencies of target wildpose_interfaces__rosidl_typesupport_fastrtps_c[0m
[0.078s] [ 65%] Built target wildpose_interfaces__rosidl_typesupport_c
[0.085s] [ 76%] Built target wildpose_interfaces__rosidl_typesupport_fastrtps_c
[0.097s] [ 76%] Built target wildpose_interfaces
[0.110s] [ 78%] Built target wildpose_interfaces__py
[0.118s] [35m[1mConsolidate compiler generated dependencies of target wildpose_interfaces__python[0m
[0.129s] [ 87%] Built target wildpose_interfaces__python
[0.137s] [35m[1mConsolidate compiler generated dependencies of target wildpose_interfaces__rosidl_typesupport_introspection_c__pyext[0m
[0.137s] [35m[1mConsolidate compiler generated dependencies of target wildpose_interfaces__rosidl_typesupport_fastrtps_c__pyext[0m
[0.142s] [35m[1mConsolidate compiler generated dependencies of target wildpose_interfaces__rosidl_typesupport_c__pyext[0m
[0.146s] [ 91%] Built target wildpose_interfaces__rosidl_typesupport_introspection_c__pyext
[0.146s] [ 95%] Built target wildpose_interfaces__rosidl_typesupport_fastrtps_c__pyext
[0.150s] [100%] Built target wildpose_interfaces__rosidl_typesupport_c__pyext
[0.176s] Invoked command in '/home/m2s2/WildPose_v1.2-main/wildpose/build/wildpose_interfaces' returned '0': CMAKE_PREFIX_PATH=${CMAKE_PREFIX_PATH}:/home/m2s2/WildPose_v1.2-main/wildpose/install/motor_controller_pkg:/home/m2s2/WildPose_v1.2-main/wildpose/install/dji_rs3_pkg:/home/m2s2/WildPose_v1.2-main/wildpose/install/gamepad_pkg:/opt/ros/foxy /usr/bin/cmake --build /home/m2s2/WildPose_v1.2-main/wildpose/build/wildpose_interfaces -- -j16 -l16
[0.223s] Invoking command in '/home/m2s2/WildPose_v1.2-main/wildpose/build/wildpose_interfaces': CMAKE_PREFIX_PATH=${CMAKE_PREFIX_PATH}:/home/m2s2/WildPose_v1.2-main/wildpose/install/motor_controller_pkg:/home/m2s2/WildPose_v1.2-main/wildpose/install/dji_rs3_pkg:/home/m2s2/WildPose_v1.2-main/wildpose/install/gamepad_pkg:/opt/ros/foxy /usr/bin/cmake --install /home/m2s2/WildPose_v1.2-main/wildpose/build/wildpose_interfaces
[0.229s] -- Install configuration: ""
[0.229s] -- Up-to-date: /home/m2s2/WildPose_v1.2-main/wildpose/install/wildpose_interfaces/share/ament_index/resource_index/rosidl_interfaces/wildpose_interfaces
[0.230s] -- Up-to-date: /home/m2s2/WildPose_v1.2-main/wildpose/install/wildpose_interfaces/include/wildpose_interfaces
[0.230s] -- Up-to-date: /home/m2s2/WildPose_v1.2-main/wildpose/install/wildpose_interfaces/include/wildpose_interfaces/msg
[0.230s] -- Up-to-date: /home/m2s2/WildPose_v1.2-main/wildpose/install/wildpose_interfaces/include/wildpose_interfaces/msg/rosidl_generator_c__visibility_control.h
[0.230s] -- Up-to-date: /home/m2s2/WildPose_v1.2-main/wildpose/install/wildpose_interfaces/include/wildpose_interfaces/msg/dji_rs_status.h
[0.230s] -- Up-to-date: /home/m2s2/WildPose_v1.2-main/wildpose/install/wildpose_interfaces/include/wildpose_interfaces/msg/detail
[0.230s] -- Up-to-date: /home/m2s2/WildPose_v1.2-main/wildpose/install/wildpose_interfaces/include/wildpose_interfaces/msg/detail/motor_positions__functions.h
[0.230s] -- Up-to-date: /home/m2s2/WildPose_v1.2-main/wildpose/install/wildpose_interfaces/include/wildpose_interfaces/msg/detail/dji_rs_status__type_support.h
[0.230s] -- Up-to-date: /home/m2s2/WildPose_v1.2-main/wildpose/install/wildpose_interfaces/include/wildpose_interfaces/msg/detail/motor_status__functions.c
[0.230s] -- Up-to-date: /home/m2s2/WildPose_v1.2-main/wildpose/install/wildpose_interfaces/include/wildpose_interfaces/msg/detail/motor_positions__functions.c
[0.230s] -- Up-to-date: /home/m2s2/WildPose_v1.2-main/wildpose/install/wildpose_interfaces/include/wildpose_interfaces/msg/detail/dji_rs_status__functions.c
[0.230s] -- Up-to-date: /home/m2s2/WildPose_v1.2-main/wildpose/install/wildpose_interfaces/include/wildpose_interfaces/msg/detail/dji_rs_status__struct.h
[0.231s] -- Up-to-date: /home/m2s2/WildPose_v1.2-main/wildpose/install/wildpose_interfaces/include/wildpose_interfaces/msg/detail/motor_positions__struct.h
[0.231s] -- Up-to-date: /home/m2s2/WildPose_v1.2-main/wildpose/install/wildpose_interfaces/include/wildpose_interfaces/msg/detail/motor_status__type_support.h
[0.231s] -- Up-to-date: /home/m2s2/WildPose_v1.2-main/wildpose/install/wildpose_interfaces/include/wildpose_interfaces/msg/detail/motor_positions__type_support.h
[0.231s] -- Up-to-date: /home/m2s2/WildPose_v1.2-main/wildpose/install/wildpose_interfaces/include/wildpose_interfaces/msg/detail/motor_status__struct.h
[0.231s] -- Up-to-date: /home/m2s2/WildPose_v1.2-main/wildpose/install/wildpose_interfaces/include/wildpose_interfaces/msg/detail/dji_rs_status__functions.h
[0.231s] -- Up-to-date: /home/m2s2/WildPose_v1.2-main/wildpose/install/wildpose_interfaces/include/wildpose_interfaces/msg/detail/motor_status__functions.h
[0.231s] -- Up-to-date: /home/m2s2/WildPose_v1.2-main/wildpose/install/wildpose_interfaces/include/wildpose_interfaces/msg/motor_status.h
[0.231s] -- Up-to-date: /home/m2s2/WildPose_v1.2-main/wildpose/install/wildpose_interfaces/include/wildpose_interfaces/msg/motor_positions.h
[0.231s] -- Up-to-date: /home/m2s2/WildPose_v1.2-main/wildpose/install/wildpose_interfaces/share/wildpose_interfaces/environment/library_path.sh
[0.231s] -- Up-to-date: /home/m2s2/WildPose_v1.2-main/wildpose/install/wildpose_interfaces/share/wildpose_interfaces/environment/library_path.dsv
[0.231s] -- Up-to-date: /home/m2s2/WildPose_v1.2-main/wildpose/install/wildpose_interfaces/lib/libwildpose_interfaces__rosidl_generator_c.so
[0.231s] -- Up-to-date: /home/m2s2/WildPose_v1.2-main/wildpose/install/wildpose_interfaces/include/wildpose_interfaces
[0.231s] -- Up-to-date: /home/m2s2/WildPose_v1.2-main/wildpose/install/wildpose_interfaces/include/wildpose_interfaces/msg
[0.231s] -- Up-to-date: /home/m2s2/WildPose_v1.2-main/wildpose/install/wildpose_interfaces/include/wildpose_interfaces/msg/detail
[0.231s] -- Up-to-date: /home/m2s2/WildPose_v1.2-main/wildpose/install/wildpose_interfaces/include/wildpose_interfaces/msg/detail/dji_rs_status__rosidl_typesupport_fastrtps_c.h
[0.231s] -- Up-to-date: /home/m2s2/WildPose_v1.2-main/wildpose/install/wildpose_interfaces/include/wildpose_interfaces/msg/detail/motor_positions__rosidl_typesupport_fastrtps_c.h
[0.232s] -- Up-to-date: /home/m2s2/WildPose_v1.2-main/wildpose/install/wildpose_interfaces/include/wildpose_interfaces/msg/detail/motor_status__rosidl_typesupport_fastrtps_c.h
[0.232s] -- Up-to-date: /home/m2s2/WildPose_v1.2-main/wildpose/install/wildpose_interfaces/include/wildpose_interfaces/msg/rosidl_typesupport_fastrtps_c__visibility_control.h
[0.232s] -- Up-to-date: /home/m2s2/WildPose_v1.2-main/wildpose/install/wildpose_interfaces/lib/libwildpose_interfaces__rosidl_typesupport_fastrtps_c.so
[0.232s] -- Up-to-date: /home/m2s2/WildPose_v1.2-main/wildpose/install/wildpose_interfaces/include/wildpose_interfaces
[0.232s] -- Up-to-date: /home/m2s2/WildPose_v1.2-main/wildpose/install/wildpose_interfaces/include/wildpose_interfaces/msg
[0.232s] -- Up-to-date: /home/m2s2/WildPose_v1.2-main/wildpose/install/wildpose_interfaces/include/wildpose_interfaces/msg/rosidl_typesupport_fastrtps_cpp__visibility_control.h
[0.232s] -- Up-to-date: /home/m2s2/WildPose_v1.2-main/wildpose/install/wildpose_interfaces/include/wildpose_interfaces/msg/detail
[0.232s] -- Up-to-date: /home/m2s2/WildPose_v1.2-main/wildpose/install/wildpose_interfaces/include/wildpose_interfaces/msg/detail/motor_positions__rosidl_typesupport_fastrtps_cpp.hpp
[0.232s] -- Up-to-date: /home/m2s2/WildPose_v1.2-main/wildpose/install/wildpose_interfaces/include/wildpose_interfaces/msg/detail/dds_fastrtps
[0.232s] -- Up-to-date: /home/m2s2/WildPose_v1.2-main/wildpose/install/wildpose_interfaces/include/wildpose_interfaces/msg/detail/dji_rs_status__rosidl_typesupport_fastrtps_cpp.hpp
[0.232s] -- Up-to-date: /home/m2s2/WildPose_v1.2-main/wildpose/install/wildpose_interfaces/include/wildpose_interfaces/msg/detail/motor_status__rosidl_typesupport_fastrtps_cpp.hpp
[0.232s] -- Up-to-date: /home/m2s2/WildPose_v1.2-main/wildpose/install/wildpose_interfaces/lib/libwildpose_interfaces__rosidl_typesupport_fastrtps_cpp.so
[0.232s] -- Up-to-date: /home/m2s2/WildPose_v1.2-main/wildpose/install/wildpose_interfaces/include/wildpose_interfaces
[0.232s] -- Up-to-date: /home/m2s2/WildPose_v1.2-main/wildpose/install/wildpose_interfaces/include/wildpose_interfaces/msg
[0.232s] -- Up-to-date: /home/m2s2/WildPose_v1.2-main/wildpose/install/wildpose_interfaces/include/wildpose_interfaces/msg/detail
[0.232s] -- Up-to-date: /home/m2s2/WildPose_v1.2-main/wildpose/install/wildpose_interfaces/include/wildpose_interfaces/msg/detail/dji_rs_status__type_support.c
[0.232s] -- Up-to-date: /home/m2s2/WildPose_v1.2-main/wildpose/install/wildpose_interfaces/include/wildpose_interfaces/msg/detail/motor_status__rosidl_typesupport_introspection_c.h
[0.232s] -- Up-to-date: /home/m2s2/WildPose_v1.2-main/wildpose/install/wildpose_interfaces/include/wildpose_interfaces/msg/detail/motor_positions__rosidl_typesupport_introspection_c.h
[0.232s] -- Up-to-date: /home/m2s2/WildPose_v1.2-main/wildpose/install/wildpose_interfaces/include/wildpose_interfaces/msg/detail/motor_positions__type_support.c
[0.232s] -- Up-to-date: /home/m2s2/WildPose_v1.2-main/wildpose/install/wildpose_interfaces/include/wildpose_interfaces/msg/detail/dji_rs_status__rosidl_typesupport_introspection_c.h
[0.232s] -- Up-to-date: /home/m2s2/WildPose_v1.2-main/wildpose/install/wildpose_interfaces/include/wildpose_interfaces/msg/detail/motor_status__type_support.c
[0.232s] -- Up-to-date: /home/m2s2/WildPose_v1.2-main/wildpose/install/wildpose_interfaces/include/wildpose_interfaces/msg/rosidl_typesupport_introspection_c__visibility_control.h
[0.232s] -- Up-to-date: /home/m2s2/WildPose_v1.2-main/wildpose/install/wildpose_interfaces/lib/libwildpose_interfaces__rosidl_typesupport_introspection_c.so
[0.232s] -- Up-to-date: /home/m2s2/WildPose_v1.2-main/wildpose/install/wildpose_interfaces/lib/libwildpose_interfaces__rosidl_typesupport_c.so
[0.232s] -- Up-to-date: /home/m2s2/WildPose_v1.2-main/wildpose/install/wildpose_interfaces/include/wildpose_interfaces
[0.232s] -- Up-to-date: /home/m2s2/WildPose_v1.2-main/wildpose/install/wildpose_interfaces/include/wildpose_interfaces/msg
[0.232s] -- Up-to-date: /home/m2s2/WildPose_v1.2-main/wildpose/install/wildpose_interfaces/include/wildpose_interfaces/msg/detail
[0.232s] -- Up-to-date: /home/m2s2/WildPose_v1.2-main/wildpose/install/wildpose_interfaces/include/wildpose_interfaces/msg/detail/motor_positions__type_support.hpp
[0.232s] -- Up-to-date: /home/m2s2/WildPose_v1.2-main/wildpose/install/wildpose_interfaces/include/wildpose_interfaces/msg/detail/motor_status__struct.hpp
[0.232s] -- Up-to-date: /home/m2s2/WildPose_v1.2-main/wildpose/install/wildpose_interfaces/include/wildpose_interfaces/msg/detail/motor_positions__struct.hpp
[0.232s] -- Up-to-date: /home/m2s2/WildPose_v1.2-main/wildpose/install/wildpose_interfaces/include/wildpose_interfaces/msg/detail/dji_rs_status__struct.hpp
[0.232s] -- Up-to-date: /home/m2s2/WildPose_v1.2-main/wildpose/install/wildpose_interfaces/include/wildpose_interfaces/msg/detail/motor_positions__traits.hpp
[0.233s] -- Up-to-date: /home/m2s2/WildPose_v1.2-main/wildpose/install/wildpose_interfaces/include/wildpose_interfaces/msg/detail/dji_rs_status__traits.hpp
[0.233s] -- Up-to-date: /home/m2s2/WildPose_v1.2-main/wildpose/install/wildpose_interfaces/include/wildpose_interfaces/msg/detail/dji_rs_status__type_support.hpp
[0.233s] -- Up-to-date: /home/m2s2/WildPose_v1.2-main/wildpose/install/wildpose_interfaces/include/wildpose_interfaces/msg/detail/dji_rs_status__builder.hpp
[0.233s] -- Up-to-date: /home/m2s2/WildPose_v1.2-main/wildpose/install/wildpose_interfaces/include/wildpose_interfaces/msg/detail/motor_status__traits.hpp
[0.233s] -- Up-to-date: /home/m2s2/WildPose_v1.2-main/wildpose/install/wildpose_interfaces/include/wildpose_interfaces/msg/detail/motor_status__type_support.hpp
[0.233s] -- Up-to-date: /home/m2s2/WildPose_v1.2-main/wildpose/install/wildpose_interfaces/include/wildpose_interfaces/msg/detail/motor_positions__builder.hpp
[0.233s] -- Up-to-date: /home/m2s2/WildPose_v1.2-main/wildpose/install/wildpose_interfaces/include/wildpose_interfaces/msg/detail/motor_status__builder.hpp
[0.233s] -- Up-to-date: /home/m2s2/WildPose_v1.2-main/wildpose/install/wildpose_interfaces/include/wildpose_interfaces/msg/motor_status.hpp
[0.233s] -- Up-to-date: /home/m2s2/WildPose_v1.2-main/wildpose/install/wildpose_interfaces/include/wildpose_interfaces/msg/motor_positions.hpp
[0.233s] -- Up-to-date: /home/m2s2/WildPose_v1.2-main/wildpose/install/wildpose_interfaces/include/wildpose_interfaces/msg/dji_rs_status.hpp
[0.233s] -- Up-to-date: /home/m2s2/WildPose_v1.2-main/wildpose/install/wildpose_interfaces/include/wildpose_interfaces/msg/rosidl_generator_cpp__visibility_control.hpp
[0.233s] -- Up-to-date: /home/m2s2/WildPose_v1.2-main/wildpose/install/wildpose_interfaces/include/wildpose_interfaces
[0.233s] -- Up-to-date: /home/m2s2/WildPose_v1.2-main/wildpose/install/wildpose_interfaces/include/wildpose_interfaces/msg
[0.233s] -- Up-to-date: /home/m2s2/WildPose_v1.2-main/wildpose/install/wildpose_interfaces/include/wildpose_interfaces/msg/detail
[0.233s] -- Up-to-date: /home/m2s2/WildPose_v1.2-main/wildpose/install/wildpose_interfaces/include/wildpose_interfaces/msg/detail/motor_positions__rosidl_typesupport_introspection_cpp.hpp
[0.233s] -- Up-to-date: /home/m2s2/WildPose_v1.2-main/wildpose/install/wildpose_interfaces/include/wildpose_interfaces/msg/detail/dji_rs_status__rosidl_typesupport_introspection_cpp.hpp
[0.233s] -- Up-to-date: /home/m2s2/WildPose_v1.2-main/wildpose/install/wildpose_interfaces/include/wildpose_interfaces/msg/detail/motor_status__rosidl_typesupport_introspection_cpp.hpp
[0.233s] -- Up-to-date: /home/m2s2/WildPose_v1.2-main/wildpose/install/wildpose_interfaces/include/wildpose_interfaces/msg/detail/motor_status__type_support.cpp
[0.233s] -- Up-to-date: /home/m2s2/WildPose_v1.2-main/wildpose/install/wildpose_interfaces/include/wildpose_interfaces/msg/detail/dji_rs_status__type_support.cpp
[0.233s] -- Up-to-date: /home/m2s2/WildPose_v1.2-main/wildpose/install/wildpose_interfaces/include/wildpose_interfaces/msg/detail/motor_positions__type_support.cpp
[0.233s] -- Up-to-date: /home/m2s2/WildPose_v1.2-main/wildpose/install/wildpose_interfaces/lib/libwildpose_interfaces__rosidl_typesupport_introspection_cpp.so
[0.233s] -- Up-to-date: /home/m2s2/WildPose_v1.2-main/wildpose/install/wildpose_interfaces/lib/libwildpose_interfaces__rosidl_typesupport_cpp.so
[0.233s] -- Up-to-date: /home/m2s2/WildPose_v1.2-main/wildpose/install/wildpose_interfaces/share/wildpose_interfaces/environment/pythonpath.sh
[0.233s] -- Up-to-date: /home/m2s2/WildPose_v1.2-main/wildpose/install/wildpose_interfaces/share/wildpose_interfaces/environment/pythonpath.dsv
[0.233s] -- Up-to-date: /home/m2s2/WildPose_v1.2-main/wildpose/install/wildpose_interfaces/lib/python3.8/site-packages/wildpose_interfaces/__init__.py
[0.254s] -- Up-to-date: /home/m2s2/WildPose_v1.2-main/wildpose/install/wildpose_interfaces/lib/python3.8/site-packages/wildpose_interfaces/msg
[0.254s] -- Up-to-date: /home/m2s2/WildPose_v1.2-main/wildpose/install/wildpose_interfaces/lib/python3.8/site-packages/wildpose_interfaces/msg/__init__.py
[0.254s] -- Up-to-date: /home/m2s2/WildPose_v1.2-main/wildpose/install/wildpose_interfaces/lib/python3.8/site-packages/wildpose_interfaces/msg/_motor_positions_s.c
[0.254s] -- Up-to-date: /home/m2s2/WildPose_v1.2-main/wildpose/install/wildpose_interfaces/lib/python3.8/site-packages/wildpose_interfaces/msg/_motor_status_s.c
[0.255s] -- Up-to-date: /home/m2s2/WildPose_v1.2-main/wildpose/install/wildpose_interfaces/lib/python3.8/site-packages/wildpose_interfaces/msg/_motor_positions.py
[0.255s] -- Up-to-date: /home/m2s2/WildPose_v1.2-main/wildpose/install/wildpose_interfaces/lib/python3.8/site-packages/wildpose_interfaces/msg/_dji_rs_status_s.c
[0.255s] -- Up-to-date: /home/m2s2/WildPose_v1.2-main/wildpose/install/wildpose_interfaces/lib/python3.8/site-packages/wildpose_interfaces/msg/_motor_status.py
[0.255s] -- Up-to-date: /home/m2s2/WildPose_v1.2-main/wildpose/install/wildpose_interfaces/lib/python3.8/site-packages/wildpose_interfaces/msg/_dji_rs_status.py
[0.255s] -- Up-to-date: /home/m2s2/WildPose_v1.2-main/wildpose/install/wildpose_interfaces/lib/python3.8/site-packages/wildpose_interfaces/wildpose_interfaces_s__rosidl_typesupport_fastrtps_c.cpython-38-x86_64-linux-gnu.so
[0.255s] -- Up-to-date: /home/m2s2/WildPose_v1.2-main/wildpose/install/wildpose_interfaces/lib/python3.8/site-packages/wildpose_interfaces/wildpose_interfaces_s__rosidl_typesupport_introspection_c.cpython-38-x86_64-linux-gnu.so
[0.255s] -- Up-to-date: /home/m2s2/WildPose_v1.2-main/wildpose/install/wildpose_interfaces/lib/python3.8/site-packages/wildpose_interfaces/wildpose_interfaces_s__rosidl_typesupport_c.cpython-38-x86_64-linux-gnu.so
[0.255s] -- Up-to-date: /home/m2s2/WildPose_v1.2-main/wildpose/install/wildpose_interfaces/lib/libwildpose_interfaces__python.so
[0.256s] -- Up-to-date: /home/m2s2/WildPose_v1.2-main/wildpose/install/wildpose_interfaces/share/wildpose_interfaces/msg/DjiRsStatus.idl
[0.256s] -- Up-to-date: /home/m2s2/WildPose_v1.2-main/wildpose/install/wildpose_interfaces/share/wildpose_interfaces/msg/MotorStatus.idl
[0.256s] -- Up-to-date: /home/m2s2/WildPose_v1.2-main/wildpose/install/wildpose_interfaces/share/wildpose_interfaces/msg/MotorPositions.idl
[0.256s] -- Up-to-date: /home/m2s2/WildPose_v1.2-main/wildpose/install/wildpose_interfaces/share/wildpose_interfaces/msg/DjiRsStatus.msg
[0.256s] -- Up-to-date: /home/m2s2/WildPose_v1.2-main/wildpose/install/wildpose_interfaces/share/wildpose_interfaces/msg/MotorStatus.msg
[0.256s] -- Up-to-date: /home/m2s2/WildPose_v1.2-main/wildpose/install/wildpose_interfaces/share/wildpose_interfaces/msg/MotorPositions.msg
[0.256s] -- Up-to-date: /home/m2s2/WildPose_v1.2-main/wildpose/install/wildpose_interfaces/share/ament_index/resource_index/package_run_dependencies/wildpose_interfaces
[0.256s] -- Up-to-date: /home/m2s2/WildPose_v1.2-main/wildpose/install/wildpose_interfaces/share/ament_index/resource_index/parent_prefix_path/wildpose_interfaces
[0.256s] -- Up-to-date: /home/m2s2/WildPose_v1.2-main/wildpose/install/wildpose_interfaces/share/wildpose_interfaces/environment/ament_prefix_path.sh
[0.256s] -- Up-to-date: /home/m2s2/WildPose_v1.2-main/wildpose/install/wildpose_interfaces/share/wildpose_interfaces/environment/ament_prefix_path.dsv
[0.256s] -- Up-to-date: /home/m2s2/WildPose_v1.2-main/wildpose/install/wildpose_interfaces/share/wildpose_interfaces/environment/path.sh
[0.256s] -- Up-to-date: /home/m2s2/WildPose_v1.2-main/wildpose/install/wildpose_interfaces/share/wildpose_interfaces/environment/path.dsv
[0.257s] -- Up-to-date: /home/m2s2/WildPose_v1.2-main/wildpose/install/wildpose_interfaces/share/wildpose_interfaces/local_setup.bash
[0.257s] -- Up-to-date: /home/m2s2/WildPose_v1.2-main/wildpose/install/wildpose_interfaces/share/wildpose_interfaces/local_setup.sh
[0.257s] -- Up-to-date: /home/m2s2/WildPose_v1.2-main/wildpose/install/wildpose_interfaces/share/wildpose_interfaces/local_setup.zsh
[0.257s] -- Up-to-date: /home/m2s2/WildPose_v1.2-main/wildpose/install/wildpose_interfaces/share/wildpose_interfaces/local_setup.dsv
[0.258s] -- Installing: /home/m2s2/WildPose_v1.2-main/wildpose/install/wildpose_interfaces/share/wildpose_interfaces/package.dsv
[0.258s] -- Up-to-date: /home/m2s2/WildPose_v1.2-main/wildpose/install/wildpose_interfaces/share/ament_index/resource_index/packages/wildpose_interfaces
[0.258s] -- Up-to-date: /home/m2s2/WildPose_v1.2-main/wildpose/install/wildpose_interfaces/share/wildpose_interfaces/cmake/wildpose_interfaces__rosidl_generator_cExport.cmake
[0.259s] -- Up-to-date: /home/m2s2/WildPose_v1.2-main/wildpose/install/wildpose_interfaces/share/wildpose_interfaces/cmake/wildpose_interfaces__rosidl_generator_cExport-noconfig.cmake
[0.259s] -- Up-to-date: /home/m2s2/WildPose_v1.2-main/wildpose/install/wildpose_interfaces/share/wildpose_interfaces/cmake/wildpose_interfaces__rosidl_typesupport_introspection_cExport.cmake
[0.259s] -- Up-to-date: /home/m2s2/WildPose_v1.2-main/wildpose/install/wildpose_interfaces/share/wildpose_interfaces/cmake/wildpose_interfaces__rosidl_typesupport_introspection_cExport-noconfig.cmake
[0.259s] -- Up-to-date: /home/m2s2/WildPose_v1.2-main/wildpose/install/wildpose_interfaces/share/wildpose_interfaces/cmake/wildpose_interfaces__rosidl_typesupport_cExport.cmake
[0.259s] -- Up-to-date: /home/m2s2/WildPose_v1.2-main/wildpose/install/wildpose_interfaces/share/wildpose_interfaces/cmake/wildpose_interfaces__rosidl_typesupport_cExport-noconfig.cmake
[0.259s] -- Up-to-date: /home/m2s2/WildPose_v1.2-main/wildpose/install/wildpose_interfaces/share/wildpose_interfaces/cmake/wildpose_interfaces__rosidl_generator_cppExport.cmake
[0.260s] -- Up-to-date: /home/m2s2/WildPose_v1.2-main/wildpose/install/wildpose_interfaces/share/wildpose_interfaces/cmake/wildpose_interfaces__rosidl_typesupport_introspection_cppExport.cmake
[0.260s] -- Up-to-date: /home/m2s2/WildPose_v1.2-main/wildpose/install/wildpose_interfaces/share/wildpose_interfaces/cmake/wildpose_interfaces__rosidl_typesupport_introspection_cppExport-noconfig.cmake
[0.260s] -- Up-to-date: /home/m2s2/WildPose_v1.2-main/wildpose/install/wildpose_interfaces/share/wildpose_interfaces/cmake/wildpose_interfaces__rosidl_typesupport_cppExport.cmake
[0.260s] -- Up-to-date: /home/m2s2/WildPose_v1.2-main/wildpose/install/wildpose_interfaces/share/wildpose_interfaces/cmake/wildpose_interfaces__rosidl_typesupport_cppExport-noconfig.cmake
[0.260s] -- Up-to-date: /home/m2s2/WildPose_v1.2-main/wildpose/install/wildpose_interfaces/share/wildpose_interfaces/cmake/rosidl_cmake-extras.cmake
[0.261s] -- Up-to-date: /home/m2s2/WildPose_v1.2-main/wildpose/install/wildpose_interfaces/share/wildpose_interfaces/cmake/ament_cmake_export_dependencies-extras.cmake
[0.261s] -- Up-to-date: /home/m2s2/WildPose_v1.2-main/wildpose/install/wildpose_interfaces/share/wildpose_interfaces/cmake/ament_cmake_export_libraries-extras.cmake
[0.261s] -- Up-to-date: /home/m2s2/WildPose_v1.2-main/wildpose/install/wildpose_interfaces/share/wildpose_interfaces/cmake/ament_cmake_export_targets-extras.cmake
[0.261s] -- Up-to-date: /home/m2s2/WildPose_v1.2-main/wildpose/install/wildpose_interfaces/share/wildpose_interfaces/cmake/ament_cmake_export_include_directories-extras.cmake
[0.261s] -- Up-to-date: /home/m2s2/WildPose_v1.2-main/wildpose/install/wildpose_interfaces/share/wildpose_interfaces/cmake/rosidl_cmake_export_typesupport_libraries-extras.cmake
[0.261s] -- Up-to-date: /home/m2s2/WildPose_v1.2-main/wildpose/install/wildpose_interfaces/share/wildpose_interfaces/cmake/rosidl_cmake_export_typesupport_targets-extras.cmake
[0.262s] -- Up-to-date: /home/m2s2/WildPose_v1.2-main/wildpose/install/wildpose_interfaces/share/wildpose_interfaces/cmake/wildpose_interfacesConfig.cmake
[0.262s] -- Up-to-date: /home/m2s2/WildPose_v1.2-main/wildpose/install/wildpose_interfaces/share/wildpose_interfaces/cmake/wildpose_interfacesConfig-version.cmake
[0.262s] -- Up-to-date: /home/m2s2/WildPose_v1.2-main/wildpose/install/wildpose_interfaces/share/wildpose_interfaces/package.xml
[0.262s] Invoked command in '/home/m2s2/WildPose_v1.2-main/wildpose/build/wildpose_interfaces' returned '0': CMAKE_PREFIX_PATH=${CMAKE_PREFIX_PATH}:/home/m2s2/WildPose_v1.2-main/wildpose/install/motor_controller_pkg:/home/m2s2/WildPose_v1.2-main/wildpose/install/dji_rs3_pkg:/home/m2s2/WildPose_v1.2-main/wildpose/install/gamepad_pkg:/opt/ros/foxy /usr/bin/cmake --install /home/m2s2/WildPose_v1.2-main/wildpose/build/wildpose_interfaces
