[0.026s] Invoking command in '/home/m2s2/WildPose_v1.2-main/wildpose/build/livox_sdk_vendor': CMAKE_PREFIX_PATH=/opt/ros/foxy /usr/bin/cmake --build /home/m2s2/WildPose_v1.2-main/wildpose/build/livox_sdk_vendor -- -j16 -l16
[0.201s] Invoked command in '/home/m2s2/WildPose_v1.2-main/wildpose/build/livox_sdk_vendor' returned '0': CMAKE_PREFIX_PATH=/opt/ros/foxy /usr/bin/cmake --build /home/m2s2/WildPose_v1.2-main/wildpose/build/livox_sdk_vendor -- -j16 -l16
[0.211s] Invoking command in '/home/m2s2/WildPose_v1.2-main/wildpose/build/livox_sdk_vendor': CMAKE_PREFIX_PATH=/opt/ros/foxy /usr/bin/cmake --install /home/m2s2/WildPose_v1.2-main/wildpose/build/livox_sdk_vendor
[0.217s] -- Install configuration: ""
[0.217s] -- Up-to-date: /home/m2s2/WildPose_v1.2-main/wildpose/install/livox_sdk_vendor/share/livox_sdk_vendor/cmake
[0.217s] -- Up-to-date: /home/m2s2/WildPose_v1.2-main/wildpose/install/livox_sdk_vendor/share/livox_sdk_vendor/cmake/Modules
[0.217s] -- Up-to-date: /home/m2s2/WildPose_v1.2-main/wildpose/install/livox_sdk_vendor/share/livox_sdk_vendor/cmake/Modules/Findlivox_sdk.cmake
[0.218s] -- Up-to-date: /home/m2s2/WildPose_v1.2-main/wildpose/install/livox_sdk_vendor/share/ament_index/resource_index/package_run_dependencies/livox_sdk_vendor
[0.218s] -- Up-to-date: /home/m2s2/WildPose_v1.2-main/wildpose/install/livox_sdk_vendor/share/ament_index/resource_index/parent_prefix_path/livox_sdk_vendor
[0.219s] -- Up-to-date: /home/m2s2/WildPose_v1.2-main/wildpose/install/livox_sdk_vendor/share/livox_sdk_vendor/environment/ament_prefix_path.sh
[0.219s] -- Up-to-date: /home/m2s2/WildPose_v1.2-main/wildpose/install/livox_sdk_vendor/share/livox_sdk_vendor/environment/ament_prefix_path.dsv
[0.219s] -- Up-to-date: /home/m2s2/WildPose_v1.2-main/wildpose/install/livox_sdk_vendor/share/livox_sdk_vendor/environment/path.sh
[0.219s] -- Up-to-date: /home/m2s2/WildPose_v1.2-main/wildpose/install/livox_sdk_vendor/share/livox_sdk_vendor/environment/path.dsv
[0.219s] -- Up-to-date: /home/m2s2/WildPose_v1.2-main/wildpose/install/livox_sdk_vendor/share/livox_sdk_vendor/local_setup.bash
[0.219s] -- Up-to-date: /home/m2s2/WildPose_v1.2-main/wildpose/install/livox_sdk_vendor/share/livox_sdk_vendor/local_setup.sh
[0.219s] -- Up-to-date: /home/m2s2/WildPose_v1.2-main/wildpose/install/livox_sdk_vendor/share/livox_sdk_vendor/local_setup.zsh
[0.219s] -- Up-to-date: /home/m2s2/WildPose_v1.2-main/wildpose/install/livox_sdk_vendor/share/livox_sdk_vendor/local_setup.dsv
[0.220s] -- Installing: /home/m2s2/WildPose_v1.2-main/wildpose/install/livox_sdk_vendor/share/livox_sdk_vendor/package.dsv
[0.220s] -- Up-to-date: /home/m2s2/WildPose_v1.2-main/wildpose/install/livox_sdk_vendor/share/ament_index/resource_index/packages/livox_sdk_vendor
[0.220s] -- Up-to-date: /home/m2s2/WildPose_v1.2-main/wildpose/install/livox_sdk_vendor/share/livox_sdk_vendor/cmake/livox_sdk_vendor-extras.cmake
[0.220s] -- Up-to-date: /home/m2s2/WildPose_v1.2-main/wildpose/install/livox_sdk_vendor/share/livox_sdk_vendor/cmake/livox_sdk_vendorConfig.cmake
[0.220s] -- Up-to-date: /home/m2s2/WildPose_v1.2-main/wildpose/install/livox_sdk_vendor/share/livox_sdk_vendor/cmake/livox_sdk_vendorConfig-version.cmake
[0.220s] -- Up-to-date: /home/m2s2/WildPose_v1.2-main/wildpose/install/livox_sdk_vendor/share/livox_sdk_vendor/package.xml
[0.220s] Invoked command in '/home/m2s2/WildPose_v1.2-main/wildpose/build/livox_sdk_vendor' returned '0': CMAKE_PREFIX_PATH=/opt/ros/foxy /usr/bin/cmake --install /home/m2s2/WildPose_v1.2-main/wildpose/build/livox_sdk_vendor
