[0.590s] Invoking command in '/home/naoya/wildpose_v1.3/wildpose/build/ximea_ros2_cam': CMAKE_PREFIX_PATH=${CMAKE_PREFIX_PATH}:/home/naoya/wildpose_v1.3/wildpose/install/motor_controller_pkg:/home/naoya/wildpose_v1.3/wildpose/install/lidar_control_package:/home/naoya/wildpose_v1.3/wildpose/install/dji_rs3_pkg:/home/naoya/wildpose_v1.3/wildpose/install/gamepad_pkg:/home/naoya/Wildpose_v1.33/wildpose/install/motor_controller_pkg:/home/naoya/Wildpose_v1.33/wildpose/install/dji_rs3_pkg:/home/naoya/Wildpose_v1.33/wildpose/install/gamepad_pkg:/home/naoya/WildPose_v1.2/wildpose/install/motor_controller_pkg:/home/naoya/WildPose_v1.2/wildpose/install/gamepad_pkg:/opt/ros/foxy /usr/bin/cmake /home/naoya/wildpose_v1.3/wildpose/src/ximea_ROS2_driver-main/ximea_ros2_cam -DCMAKE_INSTALL_PREFIX=/home/naoya/wildpose_v1.3/wildpose/install/ximea_ros2_cam
[0.987s] -- The C compiler identification is GNU 9.4.0
[0.987s] -- The CXX compiler identification is GNU 9.4.0
[0.987s] -- Check for working C compiler: /usr/bin/cc
[0.987s] -- Check for working C compiler: /usr/bin/cc -- works
[0.988s] -- Detecting C compiler ABI info
[0.988s] -- Detecting C compiler ABI info - done
[0.988s] -- Detecting C compile features
[0.988s] -- Detecting C compile features - done
[0.988s] -- Check for working CXX compiler: /usr/bin/c++
[0.988s] -- Check for working CXX compiler: /usr/bin/c++ -- works
[0.988s] -- Detecting CXX compiler ABI info
[0.988s] -- Detecting CXX compiler ABI info - done
[0.989s] -- Detecting CXX compile features
[0.989s] -- Detecting CXX compile features - done
[0.989s] -- Found ament_cmake: 0.9.12 (/opt/ros/foxy/share/ament_cmake/cmake)
[0.989s] -- Found PythonInterp: /usr/bin/python3 (found suitable version "3.8.10", minimum required is "3") 
[0.989s] -- Using PYTHON_EXECUTABLE: /usr/bin/python3
[1.114s] -- Found rclcpp: 2.4.3 (/opt/ros/foxy/share/rclcpp/cmake)
[1.169s] -- Using all available rosidl_typesupport_c: rosidl_typesupport_fastrtps_c;rosidl_typesupport_introspection_c
[1.175s] -- Found rosidl_adapter: 1.3.1 (/opt/ros/foxy/share/rosidl_adapter/cmake)
[1.235s] -- Found OpenSSL: /usr/lib/x86_64-linux-gnu/libcrypto.so (found version "1.1.1f")  
[1.258s] -- Found FastRTPS: /opt/ros/foxy/include  
[1.319s] -- Using all available rosidl_typesupport_cpp: rosidl_typesupport_fastrtps_cpp;rosidl_typesupport_introspection_cpp
[1.363s] -- Found rmw_implementation_cmake: 1.0.4 (/opt/ros/foxy/share/rmw_implementation_cmake/cmake)
[1.367s] -- Using RMW implementation 'rmw_ecal_dynamic_cpp' as default
[1.367s] -- Looking for pthread.h
[1.423s] -- Looking for pthread.h - found
[1.423s] -- Performing Test CMAKE_HAVE_LIBC_PTHREAD
[1.482s] -- Performing Test CMAKE_HAVE_LIBC_PTHREAD - Failed
[1.483s] -- Looking for pthread_create in pthreads
[1.533s] -- Looking for pthread_create in pthreads - not found
[1.533s] -- Looking for pthread_create in pthread
[1.588s] -- Looking for pthread_create in pthread - found
[1.588s] -- Found Threads: TRUE  
[1.702s] -- Found camera_calibration_parsers: 2.4.0 (/opt/ros/foxy/share/camera_calibration_parsers/cmake)
[1.797s] -- Setting yaml-cpp_DIR to: '/opt/ros/foxy/share/yaml_cpp_vendor/cmake/../../../opt/yaml_cpp_vendor/lib/cmake/yaml-cpp'
[1.801s] -- Found camera_info_manager: 2.4.0 (/opt/ros/foxy/share/camera_info_manager/cmake)
[1.836s] -- Found image_transport: 2.4.0 (/opt/ros/foxy/share/image_transport/cmake)
[1.872s] -- Found rosbag2_cpp: 0.3.11 (/opt/ros/foxy/share/rosbag2_cpp/cmake)
[1.881s] -- Found cv_bridge: 3.0.7 (/opt/ros/foxy/share/cv_bridge/cmake)
[1.904s] -- Found OpenCV: /usr (found version "4.2.0") 
[1.994s] -- Found ament_lint_auto: 0.9.8 (/opt/ros/foxy/share/ament_lint_auto/cmake)
[2.068s] -- Added test 'copyright' to check source files copyright and LICENSE
[2.069s] -- Added test 'cppcheck' to perform static code analysis on C / C++ code
[2.069s] -- Configured cppcheck include dirs: $<BUILD_INTERFACE:/home/naoya/wildpose_v1.3/wildpose/src/ximea_ROS2_driver-main/ximea_ros2_cam/include>
[2.069s] -- Configured cppcheck exclude dirs and/or files: 
[2.070s] -- Added test 'cpplint' to check C / C++ code against the Google style
[2.070s] -- Configured cpplint exclude dirs and/or files: 
[2.071s] -- Added test 'lint_cmake' to check CMake code style
[2.072s] -- Added test 'uncrustify' to check C / C++ code style
[2.072s] -- Configured uncrustify additional arguments: 
[2.072s] -- Added test 'xmllint' to check XML markup files
[2.074s] -- Configuring done
[2.091s] -- Generating done
[2.092s] -- Build files have been written to: /home/naoya/wildpose_v1.3/wildpose/build/ximea_ros2_cam
[2.099s] Invoked command in '/home/naoya/wildpose_v1.3/wildpose/build/ximea_ros2_cam' returned '0': CMAKE_PREFIX_PATH=${CMAKE_PREFIX_PATH}:/home/naoya/wildpose_v1.3/wildpose/install/motor_controller_pkg:/home/naoya/wildpose_v1.3/wildpose/install/lidar_control_package:/home/naoya/wildpose_v1.3/wildpose/install/dji_rs3_pkg:/home/naoya/wildpose_v1.3/wildpose/install/gamepad_pkg:/home/naoya/Wildpose_v1.33/wildpose/install/motor_controller_pkg:/home/naoya/Wildpose_v1.33/wildpose/install/dji_rs3_pkg:/home/naoya/Wildpose_v1.33/wildpose/install/gamepad_pkg:/home/naoya/WildPose_v1.2/wildpose/install/motor_controller_pkg:/home/naoya/WildPose_v1.2/wildpose/install/gamepad_pkg:/opt/ros/foxy /usr/bin/cmake /home/naoya/wildpose_v1.3/wildpose/src/ximea_ROS2_driver-main/ximea_ros2_cam -DCMAKE_INSTALL_PREFIX=/home/naoya/wildpose_v1.3/wildpose/install/ximea_ros2_cam
[2.103s] Invoking command in '/home/naoya/wildpose_v1.3/wildpose/build/ximea_ros2_cam': CMAKE_PREFIX_PATH=${CMAKE_PREFIX_PATH}:/home/naoya/wildpose_v1.3/wildpose/install/motor_controller_pkg:/home/naoya/wildpose_v1.3/wildpose/install/lidar_control_package:/home/naoya/wildpose_v1.3/wildpose/install/dji_rs3_pkg:/home/naoya/wildpose_v1.3/wildpose/install/gamepad_pkg:/home/naoya/Wildpose_v1.33/wildpose/install/motor_controller_pkg:/home/naoya/Wildpose_v1.33/wildpose/install/dji_rs3_pkg:/home/naoya/Wildpose_v1.33/wildpose/install/gamepad_pkg:/home/naoya/WildPose_v1.2/wildpose/install/motor_controller_pkg:/home/naoya/WildPose_v1.2/wildpose/install/gamepad_pkg:/opt/ros/foxy /usr/bin/cmake --build /home/naoya/wildpose_v1.3/wildpose/build/ximea_ros2_cam -- -j16 -l16
[2.129s] [35m[1mScanning dependencies of target ximea_ros2_cam_node[0m
[2.214s] [ 33%] [32mBuilding CXX object CMakeFiles/ximea_ros2_cam_node.dir/src/ximea_ros2_cam_node.cpp.o[0m
[2.219s] [ 66%] [32mBuilding CXX object CMakeFiles/ximea_ros2_cam_node.dir/src/ximea_ros2_cam.cpp.o[0m
[6.952s] [100%] [32m[1mLinking CXX executable ximea_ros2_cam_node[0m
[7.311s] [100%] Built target ximea_ros2_cam_node
[7.624s] Invoked command in '/home/naoya/wildpose_v1.3/wildpose/build/ximea_ros2_cam' returned '0': CMAKE_PREFIX_PATH=${CMAKE_PREFIX_PATH}:/home/naoya/wildpose_v1.3/wildpose/install/motor_controller_pkg:/home/naoya/wildpose_v1.3/wildpose/install/lidar_control_package:/home/naoya/wildpose_v1.3/wildpose/install/dji_rs3_pkg:/home/naoya/wildpose_v1.3/wildpose/install/gamepad_pkg:/home/naoya/Wildpose_v1.33/wildpose/install/motor_controller_pkg:/home/naoya/Wildpose_v1.33/wildpose/install/dji_rs3_pkg:/home/naoya/Wildpose_v1.33/wildpose/install/gamepad_pkg:/home/naoya/WildPose_v1.2/wildpose/install/motor_controller_pkg:/home/naoya/WildPose_v1.2/wildpose/install/gamepad_pkg:/opt/ros/foxy /usr/bin/cmake --build /home/naoya/wildpose_v1.3/wildpose/build/ximea_ros2_cam -- -j16 -l16
[7.645s] Invoking command in '/home/naoya/wildpose_v1.3/wildpose/build/ximea_ros2_cam': CMAKE_PREFIX_PATH=${CMAKE_PREFIX_PATH}:/home/naoya/wildpose_v1.3/wildpose/install/motor_controller_pkg:/home/naoya/wildpose_v1.3/wildpose/install/lidar_control_package:/home/naoya/wildpose_v1.3/wildpose/install/dji_rs3_pkg:/home/naoya/wildpose_v1.3/wildpose/install/gamepad_pkg:/home/naoya/Wildpose_v1.33/wildpose/install/motor_controller_pkg:/home/naoya/Wildpose_v1.33/wildpose/install/dji_rs3_pkg:/home/naoya/Wildpose_v1.33/wildpose/install/gamepad_pkg:/home/naoya/WildPose_v1.2/wildpose/install/motor_controller_pkg:/home/naoya/WildPose_v1.2/wildpose/install/gamepad_pkg:/opt/ros/foxy /usr/bin/cmake --install /home/naoya/wildpose_v1.3/wildpose/build/ximea_ros2_cam
[7.652s] -- Install configuration: ""
[7.652s] -- Installing: /home/naoya/wildpose_v1.3/wildpose/install/ximea_ros2_cam/lib/ximea_ros2_cam/ximea_ros2_cam_node
[7.652s] -- Set runtime path of "/home/naoya/wildpose_v1.3/wildpose/install/ximea_ros2_cam/lib/ximea_ros2_cam/ximea_ros2_cam_node" to ""
[7.653s] -- Installing: /home/naoya/wildpose_v1.3/wildpose/install/ximea_ros2_cam/share/ximea_ros2_cam/config
[7.653s] -- Installing: /home/naoya/wildpose_v1.3/wildpose/install/ximea_ros2_cam/share/ximea_ros2_cam/config/xiCam_config.yaml
[7.653s] -- Installing: /home/naoya/wildpose_v1.3/wildpose/install/ximea_ros2_cam/share/ximea_ros2_cam/launch
[7.653s] -- Installing: /home/naoya/wildpose_v1.3/wildpose/install/ximea_ros2_cam/share/ximea_ros2_cam/launch/xiCam.launch.xml
[7.653s] -- Installing: /home/naoya/wildpose_v1.3/wildpose/install/ximea_ros2_cam/share/ament_index/resource_index/package_run_dependencies/ximea_ros2_cam
[7.653s] -- Installing: /home/naoya/wildpose_v1.3/wildpose/install/ximea_ros2_cam/share/ament_index/resource_index/parent_prefix_path/ximea_ros2_cam
[7.653s] -- Installing: /home/naoya/wildpose_v1.3/wildpose/install/ximea_ros2_cam/share/ximea_ros2_cam/environment/ament_prefix_path.sh
[7.654s] -- Installing: /home/naoya/wildpose_v1.3/wildpose/install/ximea_ros2_cam/share/ximea_ros2_cam/environment/ament_prefix_path.dsv
[7.654s] -- Installing: /home/naoya/wildpose_v1.3/wildpose/install/ximea_ros2_cam/share/ximea_ros2_cam/environment/path.sh
[7.654s] -- Installing: /home/naoya/wildpose_v1.3/wildpose/install/ximea_ros2_cam/share/ximea_ros2_cam/environment/path.dsv
[7.654s] -- Installing: /home/naoya/wildpose_v1.3/wildpose/install/ximea_ros2_cam/share/ximea_ros2_cam/local_setup.bash
[7.654s] -- Installing: /home/naoya/wildpose_v1.3/wildpose/install/ximea_ros2_cam/share/ximea_ros2_cam/local_setup.sh
[7.654s] -- Installing: /home/naoya/wildpose_v1.3/wildpose/install/ximea_ros2_cam/share/ximea_ros2_cam/local_setup.zsh
[7.654s] -- Installing: /home/naoya/wildpose_v1.3/wildpose/install/ximea_ros2_cam/share/ximea_ros2_cam/local_setup.dsv
[7.654s] -- Installing: /home/naoya/wildpose_v1.3/wildpose/install/ximea_ros2_cam/share/ximea_ros2_cam/package.dsv
[7.654s] -- Installing: /home/naoya/wildpose_v1.3/wildpose/install/ximea_ros2_cam/share/ament_index/resource_index/packages/ximea_ros2_cam
[7.654s] -- Installing: /home/naoya/wildpose_v1.3/wildpose/install/ximea_ros2_cam/share/ximea_ros2_cam/cmake/ximea_ros2_camConfig.cmake
[7.654s] -- Installing: /home/naoya/wildpose_v1.3/wildpose/install/ximea_ros2_cam/share/ximea_ros2_cam/cmake/ximea_ros2_camConfig-version.cmake
[7.654s] -- Installing: /home/naoya/wildpose_v1.3/wildpose/install/ximea_ros2_cam/share/ximea_ros2_cam/package.xml
[7.656s] Invoked command in '/home/naoya/wildpose_v1.3/wildpose/build/ximea_ros2_cam' returned '0': CMAKE_PREFIX_PATH=${CMAKE_PREFIX_PATH}:/home/naoya/wildpose_v1.3/wildpose/install/motor_controller_pkg:/home/naoya/wildpose_v1.3/wildpose/install/lidar_control_package:/home/naoya/wildpose_v1.3/wildpose/install/dji_rs3_pkg:/home/naoya/wildpose_v1.3/wildpose/install/gamepad_pkg:/home/naoya/Wildpose_v1.33/wildpose/install/motor_controller_pkg:/home/naoya/Wildpose_v1.33/wildpose/install/dji_rs3_pkg:/home/naoya/Wildpose_v1.33/wildpose/install/gamepad_pkg:/home/naoya/WildPose_v1.2/wildpose/install/motor_controller_pkg:/home/naoya/WildPose_v1.2/wildpose/install/gamepad_pkg:/opt/ros/foxy /usr/bin/cmake --install /home/naoya/wildpose_v1.3/wildpose/build/ximea_ros2_cam
