[1.692s] Invoking command in '/home/naoya/wildpose_v1.3/wildpose/src/gamepad_pkg': PYTHONPATH=/home/naoya/wildpose_v1.3/wildpose/src/build/gamepad_pkg/prefix_override:/home/naoya/wildpose_v1.3/wildpose/src/install/gamepad_pkg/lib/python3.8/site-packages:${PYTHONPATH} /usr/bin/python3 setup.py egg_info --egg-base ../build/gamepad_pkg build --build-base /home/naoya/wildpose_v1.3/wildpose/src/build/gamepad_pkg/build install --record /home/naoya/wildpose_v1.3/wildpose/src/build/gamepad_pkg/install.log --install-scripts $base/lib/gamepad_pkg --single-version-externally-managed
[1.856s] running egg_info
[1.856s] creating ../build/gamepad_pkg/gamepad_pkg.egg-info
[1.856s] writing ../build/gamepad_pkg/gamepad_pkg.egg-info/PKG-INFO
[1.857s] writing dependency_links to ../build/gamepad_pkg/gamepad_pkg.egg-info/dependency_links.txt
[1.857s] writing entry points to ../build/gamepad_pkg/gamepad_pkg.egg-info/entry_points.txt
[1.857s] writing requirements to ../build/gamepad_pkg/gamepad_pkg.egg-info/requires.txt
[1.857s] writing top-level names to ../build/gamepad_pkg/gamepad_pkg.egg-info/top_level.txt
[1.860s] writing manifest file '../build/gamepad_pkg/gamepad_pkg.egg-info/SOURCES.txt'
[1.904s] reading manifest file '../build/gamepad_pkg/gamepad_pkg.egg-info/SOURCES.txt'
[1.904s] writing manifest file '../build/gamepad_pkg/gamepad_pkg.egg-info/SOURCES.txt'
[1.904s] running build
[1.905s] running build_py
[1.905s] creating /home/naoya/wildpose_v1.3/wildpose/src/build/gamepad_pkg/build
[1.905s] creating /home/naoya/wildpose_v1.3/wildpose/src/build/gamepad_pkg/build/lib
[1.906s] creating /home/naoya/wildpose_v1.3/wildpose/src/build/gamepad_pkg/build/lib/gamepad_pkg
[1.907s] copying gamepad_pkg/__init__.py -> /home/naoya/wildpose_v1.3/wildpose/src/build/gamepad_pkg/build/lib/gamepad_pkg
[1.907s] running install
[1.907s] running install_lib
[1.907s] creating /home/naoya/wildpose_v1.3/wildpose/src/install/gamepad_pkg/lib/python3.8/site-packages/gamepad_pkg
[1.907s] copying /home/naoya/wildpose_v1.3/wildpose/src/build/gamepad_pkg/build/lib/gamepad_pkg/__init__.py -> /home/naoya/wildpose_v1.3/wildpose/src/install/gamepad_pkg/lib/python3.8/site-packages/gamepad_pkg
[1.907s] byte-compiling /home/naoya/wildpose_v1.3/wildpose/src/install/gamepad_pkg/lib/python3.8/site-packages/gamepad_pkg/__init__.py to __init__.cpython-38.pyc
[1.908s] running install_data
[1.908s] creating /home/naoya/wildpose_v1.3/wildpose/src/install/gamepad_pkg/share/ament_index
[1.909s] creating /home/naoya/wildpose_v1.3/wildpose/src/install/gamepad_pkg/share/ament_index/resource_index
[1.909s] creating /home/naoya/wildpose_v1.3/wildpose/src/install/gamepad_pkg/share/ament_index/resource_index/packages
[1.909s] copying resource/gamepad_pkg -> /home/naoya/wildpose_v1.3/wildpose/src/install/gamepad_pkg/share/ament_index/resource_index/packages
[1.910s] copying package.xml -> /home/naoya/wildpose_v1.3/wildpose/src/install/gamepad_pkg/share/gamepad_pkg
[1.910s] running install_egg_info
[1.911s] Copying ../build/gamepad_pkg/gamepad_pkg.egg-info to /home/naoya/wildpose_v1.3/wildpose/src/install/gamepad_pkg/lib/python3.8/site-packages/gamepad_pkg-0.0.0-py3.8.egg-info
[1.911s] running install_scripts
[1.928s] writing list of installed files to '/home/naoya/wildpose_v1.3/wildpose/src/build/gamepad_pkg/install.log'
[2.025s] Invoked command in '/home/naoya/wildpose_v1.3/wildpose/src/gamepad_pkg' returned '0': PYTHONPATH=/home/naoya/wildpose_v1.3/wildpose/src/build/gamepad_pkg/prefix_override:/home/naoya/wildpose_v1.3/wildpose/src/install/gamepad_pkg/lib/python3.8/site-packages:${PYTHONPATH} /usr/bin/python3 setup.py egg_info --egg-base ../build/gamepad_pkg build --build-base /home/naoya/wildpose_v1.3/wildpose/src/build/gamepad_pkg/build install --record /home/naoya/wildpose_v1.3/wildpose/src/build/gamepad_pkg/install.log --install-scripts $base/lib/gamepad_pkg --single-version-externally-managed
