[0.035s] Invoking command in '/home/m2s2/WildPose_v1.2-main/wildpose/build/livox_interfaces': CMAKE_PREFIX_PATH=${CMAKE_PREFIX_PATH}:/home/m2s2/WildPose_v1.2-main/wildpose/install/motor_controller_pkg:/home/m2s2/WildPose_v1.2-main/wildpose/install/dji_rs3_pkg:/home/m2s2/WildPose_v1.2-main/wildpose/install/gamepad_pkg:/opt/ros/foxy /usr/bin/cmake /home/m2s2/WildPose_v1.2-main/wildpose/src/livox_lidar_ROS2_driver/livox_interfaces -DCMAKE_INSTALL_PREFIX=/home/m2s2/WildPose_v1.2-main/wildpose/install/livox_interfaces
[0.230s] -- The C compiler identification is GNU 9.4.0
[0.230s] -- The CXX compiler identification is GNU 9.4.0
[0.231s] -- Detecting C compiler ABI info
[0.231s] -- Detecting C compiler ABI info - done
[0.233s] -- Check for working C compiler: /usr/bin/cc - skipped
[0.233s] -- Detecting C compile features
[0.235s] -- Detecting C compile features - done
[0.235s] -- Detecting CXX compiler ABI info
[0.253s] -- Detecting CXX compiler ABI info - done
[0.263s] -- Check for working CXX compiler: /usr/bin/c++ - skipped
[0.263s] -- Detecting CXX compile features
[0.264s] -- Detecting CXX compile features - done
[0.266s] -- Found ament_cmake: 0.9.12 (/opt/ros/foxy/share/ament_cmake/cmake)
[0.290s] -- Found PythonInterp: /usr/bin/python3 (found suitable version "3.8.10", minimum required is "3") 
[0.290s] -- Using PYTHON_EXECUTABLE: /usr/bin/python3
[0.434s] -- Found std_msgs: 2.0.5 (/opt/ros/foxy/share/std_msgs/cmake)
[0.469s] -- Using all available rosidl_typesupport_c: rosidl_typesupport_fastrtps_c;rosidl_typesupport_introspection_c
[0.479s] -- Found rosidl_adapter: 1.3.1 (/opt/ros/foxy/share/rosidl_adapter/cmake)
[0.546s] -- Found OpenSSL: /usr/lib/x86_64-linux-gnu/libcrypto.so (found version "1.1.1f")  
[0.566s] -- Found FastRTPS: /opt/ros/foxy/include  
[0.615s] -- Using all available rosidl_typesupport_cpp: rosidl_typesupport_fastrtps_cpp;rosidl_typesupport_introspection_cpp
[0.641s] -- Found rosidl_default_generators: 1.0.1 (/opt/ros/foxy/share/rosidl_default_generators/cmake)
[0.663s] -- Found PythonInterp: /usr/bin/python3 (found version "3.8.10") 
[0.784s] -- Found ament_cmake_ros: 0.9.2 (/opt/ros/foxy/share/ament_cmake_ros/cmake)
[0.945s] -- Using all available rosidl_typesupport_c: rosidl_typesupport_fastrtps_c;rosidl_typesupport_introspection_c
[0.984s] -- Using all available rosidl_typesupport_cpp: rosidl_typesupport_fastrtps_cpp;rosidl_typesupport_introspection_cpp
[1.015s] -- Found PythonInterp: /usr/bin/python3 (found suitable version "3.8.10", minimum required is "3.5") 
[1.017s] -- Found python_cmake_module: 0.8.1 (/opt/ros/foxy/share/python_cmake_module/cmake)
[1.056s] -- Found PythonLibs: /usr/lib/x86_64-linux-gnu/libpython3.8.so (found suitable version "3.8.10", minimum required is "3.5") 
[1.056s] -- Using PYTHON_EXECUTABLE: /usr/bin/python3
[1.056s] -- Using PYTHON_INCLUDE_DIRS: /usr/include/python3.8
[1.056s] -- Using PYTHON_LIBRARIES: /usr/lib/x86_64-linux-gnu/libpython3.8.so
[1.083s] -- Found PythonExtra: .so  
[1.140s] -- Found ament_lint_auto: 0.9.8 (/opt/ros/foxy/share/ament_lint_auto/cmake)
[1.165s] -- Added test 'copyright' to check source files copyright and LICENSE
[1.167s] -- Added test 'lint_cmake' to check CMake code style
[1.168s] -- Added test 'xmllint' to check XML markup files
[1.170s] -- Configuring done
[1.197s] -- Generating done
[1.198s] -- Build files have been written to: /home/m2s2/WildPose_v1.2-main/wildpose/build/livox_interfaces
[1.210s] Invoked command in '/home/m2s2/WildPose_v1.2-main/wildpose/build/livox_interfaces' returned '0': CMAKE_PREFIX_PATH=${CMAKE_PREFIX_PATH}:/home/m2s2/WildPose_v1.2-main/wildpose/install/motor_controller_pkg:/home/m2s2/WildPose_v1.2-main/wildpose/install/dji_rs3_pkg:/home/m2s2/WildPose_v1.2-main/wildpose/install/gamepad_pkg:/opt/ros/foxy /usr/bin/cmake /home/m2s2/WildPose_v1.2-main/wildpose/src/livox_lidar_ROS2_driver/livox_interfaces -DCMAKE_INSTALL_PREFIX=/home/m2s2/WildPose_v1.2-main/wildpose/install/livox_interfaces
[1.215s] Invoking command in '/home/m2s2/WildPose_v1.2-main/wildpose/build/livox_interfaces': CMAKE_PREFIX_PATH=${CMAKE_PREFIX_PATH}:/home/m2s2/WildPose_v1.2-main/wildpose/install/motor_controller_pkg:/home/m2s2/WildPose_v1.2-main/wildpose/install/dji_rs3_pkg:/home/m2s2/WildPose_v1.2-main/wildpose/install/gamepad_pkg:/opt/ros/foxy /usr/bin/cmake --build /home/m2s2/WildPose_v1.2-main/wildpose/build/livox_interfaces -- -j16 -l16
[1.258s] [  2%] [34m[1mGenerating C code for ROS interfaces[0m
[1.267s] [  5%] [34m[1mGenerating C++ code for ROS interfaces[0m
[1.584s] [ 10%] [32mBuilding C object CMakeFiles/livox_interfaces__rosidl_generator_c.dir/rosidl_generator_c/livox_interfaces/msg/detail/custom_point__functions.c.o[0m
[1.584s] [ 10%] [32mBuilding C object CMakeFiles/livox_interfaces__rosidl_generator_c.dir/rosidl_generator_c/livox_interfaces/msg/detail/custom_msg__functions.c.o[0m
[1.585s] [ 10%] Built target livox_interfaces__cpp
[1.597s] [ 12%] [34m[1mGenerating C++ type support dispatch for ROS interfaces[0m
[1.600s] [ 17%] [34m[1mGenerating C++ type support for eProsima Fast-RTPS[0m
[1.600s] [ 17%] [34m[1mGenerating C++ introspection for ROS interfaces[0m
[1.656s] [ 20%] [32m[1mLinking C shared library liblivox_interfaces__rosidl_generator_c.so[0m
[1.704s] [ 20%] Built target livox_interfaces__rosidl_generator_c
[1.717s] [ 23%] [34m[1mGenerating C introspection for ROS interfaces[0m
[1.718s] [ 25%] [34m[1mGenerating C type support dispatch for ROS interfaces[0m
[1.896s] [ 28%] [32mBuilding CXX object CMakeFiles/livox_interfaces__rosidl_typesupport_introspection_cpp.dir/rosidl_typesupport_introspection_cpp/livox_interfaces/msg/detail/custom_point__type_support.cpp.o[0m
[1.896s] [ 30%] [32mBuilding CXX object CMakeFiles/livox_interfaces__rosidl_typesupport_introspection_cpp.dir/rosidl_typesupport_introspection_cpp/livox_interfaces/msg/detail/custom_msg__type_support.cpp.o[0m
[1.906s] [ 33%] [32mBuilding CXX object CMakeFiles/livox_interfaces__rosidl_typesupport_fastrtps_cpp.dir/rosidl_typesupport_fastrtps_cpp/livox_interfaces/msg/detail/dds_fastrtps/custom_point__type_support.cpp.o[0m
[1.910s] [ 35%] [32mBuilding CXX object CMakeFiles/livox_interfaces__rosidl_typesupport_fastrtps_cpp.dir/rosidl_typesupport_fastrtps_cpp/livox_interfaces/msg/detail/dds_fastrtps/custom_msg__type_support.cpp.o[0m
[2.028s] [ 41%] [32mBuilding C object CMakeFiles/livox_interfaces__rosidl_typesupport_introspection_c.dir/rosidl_typesupport_introspection_c/livox_interfaces/msg/detail/custom_msg__type_support.c.o[0m
[2.028s] [ 41%] [32mBuilding C object CMakeFiles/livox_interfaces__rosidl_typesupport_introspection_c.dir/rosidl_typesupport_introspection_c/livox_interfaces/msg/detail/custom_point__type_support.c.o[0m
[2.081s] [ 43%] [32m[1mLinking C shared library liblivox_interfaces__rosidl_typesupport_introspection_c.so[0m
[2.101s] [ 46%] [32mBuilding CXX object CMakeFiles/livox_interfaces__rosidl_typesupport_cpp.dir/rosidl_typesupport_cpp/livox_interfaces/msg/custom_point__type_support.cpp.o[0m
[2.104s] [ 48%] [32mBuilding CXX object CMakeFiles/livox_interfaces__rosidl_typesupport_cpp.dir/rosidl_typesupport_cpp/livox_interfaces/msg/custom_msg__type_support.cpp.o[0m
[2.119s] [ 48%] Built target livox_interfaces__rosidl_typesupport_introspection_c
[2.178s] [ 51%] [32m[1mLinking CXX shared library liblivox_interfaces__rosidl_typesupport_introspection_cpp.so[0m
[2.200s] [ 56%] [32mBuilding CXX object CMakeFiles/livox_interfaces__rosidl_typesupport_c.dir/rosidl_typesupport_c/livox_interfaces/msg/custom_msg__type_support.cpp.o[0m
[2.200s] [ 56%] [32mBuilding CXX object CMakeFiles/livox_interfaces__rosidl_typesupport_c.dir/rosidl_typesupport_c/livox_interfaces/msg/custom_point__type_support.cpp.o[0m
[2.240s] [ 58%] [32m[1mLinking CXX shared library liblivox_interfaces__rosidl_typesupport_c.so[0m
[2.240s] [ 58%] Built target livox_interfaces__rosidl_typesupport_introspection_cpp
[2.284s] [ 58%] Built target livox_interfaces__rosidl_typesupport_c
[2.310s] [ 61%] [32m[1mLinking CXX shared library liblivox_interfaces__rosidl_typesupport_cpp.so[0m
[2.340s] [ 61%] Built target livox_interfaces__rosidl_typesupport_cpp
[2.367s] [ 64%] [32m[1mLinking CXX shared library liblivox_interfaces__rosidl_typesupport_fastrtps_cpp.so[0m
[2.425s] [ 64%] Built target livox_interfaces__rosidl_typesupport_fastrtps_cpp
[2.433s] [ 66%] [34m[1mGenerating C type support for eProsima Fast-RTPS[0m
[2.682s] [ 71%] [32mBuilding CXX object CMakeFiles/livox_interfaces__rosidl_typesupport_fastrtps_c.dir/rosidl_typesupport_fastrtps_c/livox_interfaces/msg/detail/custom_msg__type_support_c.cpp.o[0m
[2.682s] [ 71%] [32mBuilding CXX object CMakeFiles/livox_interfaces__rosidl_typesupport_fastrtps_c.dir/rosidl_typesupport_fastrtps_c/livox_interfaces/msg/detail/custom_point__type_support_c.cpp.o[0m
[2.896s] [ 74%] [32m[1mLinking CXX shared library liblivox_interfaces__rosidl_typesupport_fastrtps_c.so[0m
[2.956s] [ 74%] Built target livox_interfaces__rosidl_typesupport_fastrtps_c
[2.970s] [ 74%] Built target livox_interfaces
[2.985s] [ 76%] [34m[1mGenerating Python code for ROS interfaces[0m
[3.503s] [ 76%] Built target livox_interfaces__py
[3.517s] [ 82%] [32mBuilding C object CMakeFiles/livox_interfaces__python.dir/rosidl_generator_py/livox_interfaces/msg/_custom_msg_s.c.o[0m
[3.518s] [ 82%] [32mBuilding C object CMakeFiles/livox_interfaces__python.dir/rosidl_generator_py/livox_interfaces/msg/_custom_point_s.c.o[0m
[3.585s] [ 84%] [32m[1mLinking C shared library rosidl_generator_py/livox_interfaces/liblivox_interfaces__python.so[0m
[3.615s] [ 84%] Built target livox_interfaces__python
[3.629s] [ 89%] [32mBuilding C object CMakeFiles/livox_interfaces__rosidl_typesupport_fastrtps_c__pyext.dir/rosidl_generator_py/livox_interfaces/_livox_interfaces_s.ep.rosidl_typesupport_fastrtps_c.c.o[0m
[3.629s] [ 89%] [32mBuilding C object CMakeFiles/livox_interfaces__rosidl_typesupport_introspection_c__pyext.dir/rosidl_generator_py/livox_interfaces/_livox_interfaces_s.ep.rosidl_typesupport_introspection_c.c.o[0m
[3.635s] [ 92%] [32mBuilding C object CMakeFiles/livox_interfaces__rosidl_typesupport_c__pyext.dir/rosidl_generator_py/livox_interfaces/_livox_interfaces_s.ep.rosidl_typesupport_c.c.o[0m
[3.684s] [ 94%] [32m[1mLinking CXX shared library rosidl_generator_py/livox_interfaces/livox_interfaces_s__rosidl_typesupport_fastrtps_c.cpython-38-x86_64-linux-gnu.so[0m
[3.688s] [ 97%] [32m[1mLinking C shared library rosidl_generator_py/livox_interfaces/livox_interfaces_s__rosidl_typesupport_c.cpython-38-x86_64-linux-gnu.so[0m
[3.713s] [ 97%] Built target livox_interfaces__rosidl_typesupport_c__pyext
[3.721s] [100%] [32m[1mLinking C shared library rosidl_generator_py/livox_interfaces/livox_interfaces_s__rosidl_typesupport_introspection_c.cpython-38-x86_64-linux-gnu.so[0m
[3.729s] [100%] Built target livox_interfaces__rosidl_typesupport_fastrtps_c__pyext
[3.746s] [100%] Built target livox_interfaces__rosidl_typesupport_introspection_c__pyext
[3.755s] Invoked command in '/home/m2s2/WildPose_v1.2-main/wildpose/build/livox_interfaces' returned '0': CMAKE_PREFIX_PATH=${CMAKE_PREFIX_PATH}:/home/m2s2/WildPose_v1.2-main/wildpose/install/motor_controller_pkg:/home/m2s2/WildPose_v1.2-main/wildpose/install/dji_rs3_pkg:/home/m2s2/WildPose_v1.2-main/wildpose/install/gamepad_pkg:/opt/ros/foxy /usr/bin/cmake --build /home/m2s2/WildPose_v1.2-main/wildpose/build/livox_interfaces -- -j16 -l16
[3.794s] Invoking command in '/home/m2s2/WildPose_v1.2-main/wildpose/build/livox_interfaces': CMAKE_PREFIX_PATH=${CMAKE_PREFIX_PATH}:/home/m2s2/WildPose_v1.2-main/wildpose/install/motor_controller_pkg:/home/m2s2/WildPose_v1.2-main/wildpose/install/dji_rs3_pkg:/home/m2s2/WildPose_v1.2-main/wildpose/install/gamepad_pkg:/opt/ros/foxy /usr/bin/cmake --install /home/m2s2/WildPose_v1.2-main/wildpose/build/livox_interfaces
[3.801s] -- Install configuration: ""
[3.801s] -- Installing: /home/m2s2/WildPose_v1.2-main/wildpose/install/livox_interfaces/share/ament_index/resource_index/rosidl_interfaces/livox_interfaces
[3.801s] -- Installing: /home/m2s2/WildPose_v1.2-main/wildpose/install/livox_interfaces/include/livox_interfaces
[3.801s] -- Installing: /home/m2s2/WildPose_v1.2-main/wildpose/install/livox_interfaces/include/livox_interfaces/msg
[3.802s] -- Installing: /home/m2s2/WildPose_v1.2-main/wildpose/install/livox_interfaces/include/livox_interfaces/msg/rosidl_generator_c__visibility_control.h
[3.802s] -- Installing: /home/m2s2/WildPose_v1.2-main/wildpose/install/livox_interfaces/include/livox_interfaces/msg/custom_msg.h
[3.802s] -- Installing: /home/m2s2/WildPose_v1.2-main/wildpose/install/livox_interfaces/include/livox_interfaces/msg/detail
[3.802s] -- Installing: /home/m2s2/WildPose_v1.2-main/wildpose/install/livox_interfaces/include/livox_interfaces/msg/detail/custom_point__type_support.h
[3.802s] -- Installing: /home/m2s2/WildPose_v1.2-main/wildpose/install/livox_interfaces/include/livox_interfaces/msg/detail/custom_point__struct.h
[3.802s] -- Installing: /home/m2s2/WildPose_v1.2-main/wildpose/install/livox_interfaces/include/livox_interfaces/msg/detail/custom_msg__type_support.h
[3.802s] -- Installing: /home/m2s2/WildPose_v1.2-main/wildpose/install/livox_interfaces/include/livox_interfaces/msg/detail/custom_msg__functions.h
[3.803s] -- Installing: /home/m2s2/WildPose_v1.2-main/wildpose/install/livox_interfaces/include/livox_interfaces/msg/detail/custom_msg__struct.h
[3.803s] -- Installing: /home/m2s2/WildPose_v1.2-main/wildpose/install/livox_interfaces/include/livox_interfaces/msg/detail/custom_point__functions.c
[3.803s] -- Installing: /home/m2s2/WildPose_v1.2-main/wildpose/install/livox_interfaces/include/livox_interfaces/msg/detail/custom_msg__functions.c
[3.803s] -- Installing: /home/m2s2/WildPose_v1.2-main/wildpose/install/livox_interfaces/include/livox_interfaces/msg/detail/custom_point__functions.h
[3.803s] -- Installing: /home/m2s2/WildPose_v1.2-main/wildpose/install/livox_interfaces/include/livox_interfaces/msg/custom_point.h
[3.803s] -- Installing: /home/m2s2/WildPose_v1.2-main/wildpose/install/livox_interfaces/share/livox_interfaces/environment/library_path.sh
[3.803s] -- Installing: /home/m2s2/WildPose_v1.2-main/wildpose/install/livox_interfaces/share/livox_interfaces/environment/library_path.dsv
[3.803s] -- Installing: /home/m2s2/WildPose_v1.2-main/wildpose/install/livox_interfaces/lib/liblivox_interfaces__rosidl_generator_c.so
[3.804s] -- Set runtime path of "/home/m2s2/WildPose_v1.2-main/wildpose/install/livox_interfaces/lib/liblivox_interfaces__rosidl_generator_c.so" to ""
[3.804s] -- Up-to-date: /home/m2s2/WildPose_v1.2-main/wildpose/install/livox_interfaces/include/livox_interfaces
[3.804s] -- Up-to-date: /home/m2s2/WildPose_v1.2-main/wildpose/install/livox_interfaces/include/livox_interfaces/msg
[3.804s] -- Up-to-date: /home/m2s2/WildPose_v1.2-main/wildpose/install/livox_interfaces/include/livox_interfaces/msg/detail
[3.804s] -- Installing: /home/m2s2/WildPose_v1.2-main/wildpose/install/livox_interfaces/include/livox_interfaces/msg/detail/custom_point__rosidl_typesupport_fastrtps_c.h
[3.804s] -- Installing: /home/m2s2/WildPose_v1.2-main/wildpose/install/livox_interfaces/include/livox_interfaces/msg/detail/custom_msg__rosidl_typesupport_fastrtps_c.h
[3.804s] -- Installing: /home/m2s2/WildPose_v1.2-main/wildpose/install/livox_interfaces/include/livox_interfaces/msg/rosidl_typesupport_fastrtps_c__visibility_control.h
[3.804s] -- Installing: /home/m2s2/WildPose_v1.2-main/wildpose/install/livox_interfaces/lib/liblivox_interfaces__rosidl_typesupport_fastrtps_c.so
[3.804s] -- Set runtime path of "/home/m2s2/WildPose_v1.2-main/wildpose/install/livox_interfaces/lib/liblivox_interfaces__rosidl_typesupport_fastrtps_c.so" to ""
[3.804s] -- Up-to-date: /home/m2s2/WildPose_v1.2-main/wildpose/install/livox_interfaces/include/livox_interfaces
[3.805s] -- Up-to-date: /home/m2s2/WildPose_v1.2-main/wildpose/install/livox_interfaces/include/livox_interfaces/msg
[3.805s] -- Installing: /home/m2s2/WildPose_v1.2-main/wildpose/install/livox_interfaces/include/livox_interfaces/msg/rosidl_typesupport_fastrtps_cpp__visibility_control.h
[3.805s] -- Up-to-date: /home/m2s2/WildPose_v1.2-main/wildpose/install/livox_interfaces/include/livox_interfaces/msg/detail
[3.805s] -- Installing: /home/m2s2/WildPose_v1.2-main/wildpose/install/livox_interfaces/include/livox_interfaces/msg/detail/custom_point__rosidl_typesupport_fastrtps_cpp.hpp
[3.805s] -- Installing: /home/m2s2/WildPose_v1.2-main/wildpose/install/livox_interfaces/include/livox_interfaces/msg/detail/dds_fastrtps
[3.805s] -- Installing: /home/m2s2/WildPose_v1.2-main/wildpose/install/livox_interfaces/include/livox_interfaces/msg/detail/custom_msg__rosidl_typesupport_fastrtps_cpp.hpp
[3.805s] -- Installing: /home/m2s2/WildPose_v1.2-main/wildpose/install/livox_interfaces/lib/liblivox_interfaces__rosidl_typesupport_fastrtps_cpp.so
[3.805s] -- Set runtime path of "/home/m2s2/WildPose_v1.2-main/wildpose/install/livox_interfaces/lib/liblivox_interfaces__rosidl_typesupport_fastrtps_cpp.so" to ""
[3.805s] -- Up-to-date: /home/m2s2/WildPose_v1.2-main/wildpose/install/livox_interfaces/include/livox_interfaces
[3.805s] -- Up-to-date: /home/m2s2/WildPose_v1.2-main/wildpose/install/livox_interfaces/include/livox_interfaces/msg
[3.805s] -- Up-to-date: /home/m2s2/WildPose_v1.2-main/wildpose/install/livox_interfaces/include/livox_interfaces/msg/detail
[3.805s] -- Installing: /home/m2s2/WildPose_v1.2-main/wildpose/install/livox_interfaces/include/livox_interfaces/msg/detail/custom_msg__type_support.c
[3.805s] -- Installing: /home/m2s2/WildPose_v1.2-main/wildpose/install/livox_interfaces/include/livox_interfaces/msg/detail/custom_msg__rosidl_typesupport_introspection_c.h
[3.806s] -- Installing: /home/m2s2/WildPose_v1.2-main/wildpose/install/livox_interfaces/include/livox_interfaces/msg/detail/custom_point__type_support.c
[3.806s] -- Installing: /home/m2s2/WildPose_v1.2-main/wildpose/install/livox_interfaces/include/livox_interfaces/msg/detail/custom_point__rosidl_typesupport_introspection_c.h
[3.806s] -- Installing: /home/m2s2/WildPose_v1.2-main/wildpose/install/livox_interfaces/include/livox_interfaces/msg/rosidl_typesupport_introspection_c__visibility_control.h
[3.806s] -- Installing: /home/m2s2/WildPose_v1.2-main/wildpose/install/livox_interfaces/lib/liblivox_interfaces__rosidl_typesupport_introspection_c.so
[3.806s] -- Set runtime path of "/home/m2s2/WildPose_v1.2-main/wildpose/install/livox_interfaces/lib/liblivox_interfaces__rosidl_typesupport_introspection_c.so" to ""
[3.806s] -- Installing: /home/m2s2/WildPose_v1.2-main/wildpose/install/livox_interfaces/lib/liblivox_interfaces__rosidl_typesupport_c.so
[3.806s] -- Set runtime path of "/home/m2s2/WildPose_v1.2-main/wildpose/install/livox_interfaces/lib/liblivox_interfaces__rosidl_typesupport_c.so" to ""
[3.806s] -- Up-to-date: /home/m2s2/WildPose_v1.2-main/wildpose/install/livox_interfaces/include/livox_interfaces
[3.806s] -- Up-to-date: /home/m2s2/WildPose_v1.2-main/wildpose/install/livox_interfaces/include/livox_interfaces/msg
[3.806s] -- Up-to-date: /home/m2s2/WildPose_v1.2-main/wildpose/install/livox_interfaces/include/livox_interfaces/msg/detail
[3.806s] -- Installing: /home/m2s2/WildPose_v1.2-main/wildpose/install/livox_interfaces/include/livox_interfaces/msg/detail/custom_point__type_support.hpp
[3.806s] -- Installing: /home/m2s2/WildPose_v1.2-main/wildpose/install/livox_interfaces/include/livox_interfaces/msg/detail/custom_msg__traits.hpp
[3.806s] -- Installing: /home/m2s2/WildPose_v1.2-main/wildpose/install/livox_interfaces/include/livox_interfaces/msg/detail/custom_msg__builder.hpp
[3.807s] -- Installing: /home/m2s2/WildPose_v1.2-main/wildpose/install/livox_interfaces/include/livox_interfaces/msg/detail/custom_msg__type_support.hpp
[3.807s] -- Installing: /home/m2s2/WildPose_v1.2-main/wildpose/install/livox_interfaces/include/livox_interfaces/msg/detail/custom_msg__struct.hpp
[3.807s] -- Installing: /home/m2s2/WildPose_v1.2-main/wildpose/install/livox_interfaces/include/livox_interfaces/msg/detail/custom_point__builder.hpp
[3.807s] -- Installing: /home/m2s2/WildPose_v1.2-main/wildpose/install/livox_interfaces/include/livox_interfaces/msg/detail/custom_point__traits.hpp
[3.807s] -- Installing: /home/m2s2/WildPose_v1.2-main/wildpose/install/livox_interfaces/include/livox_interfaces/msg/detail/custom_point__struct.hpp
[3.807s] -- Installing: /home/m2s2/WildPose_v1.2-main/wildpose/install/livox_interfaces/include/livox_interfaces/msg/custom_msg.hpp
[3.807s] -- Installing: /home/m2s2/WildPose_v1.2-main/wildpose/install/livox_interfaces/include/livox_interfaces/msg/custom_point.hpp
[3.807s] -- Installing: /home/m2s2/WildPose_v1.2-main/wildpose/install/livox_interfaces/include/livox_interfaces/msg/rosidl_generator_cpp__visibility_control.hpp
[3.807s] -- Up-to-date: /home/m2s2/WildPose_v1.2-main/wildpose/install/livox_interfaces/include/livox_interfaces
[3.807s] -- Up-to-date: /home/m2s2/WildPose_v1.2-main/wildpose/install/livox_interfaces/include/livox_interfaces/msg
[3.807s] -- Up-to-date: /home/m2s2/WildPose_v1.2-main/wildpose/install/livox_interfaces/include/livox_interfaces/msg/detail
[3.807s] -- Installing: /home/m2s2/WildPose_v1.2-main/wildpose/install/livox_interfaces/include/livox_interfaces/msg/detail/custom_msg__type_support.cpp
[3.808s] -- Installing: /home/m2s2/WildPose_v1.2-main/wildpose/install/livox_interfaces/include/livox_interfaces/msg/detail/custom_msg__rosidl_typesupport_introspection_cpp.hpp
[3.808s] -- Installing: /home/m2s2/WildPose_v1.2-main/wildpose/install/livox_interfaces/include/livox_interfaces/msg/detail/custom_point__rosidl_typesupport_introspection_cpp.hpp
[3.808s] -- Installing: /home/m2s2/WildPose_v1.2-main/wildpose/install/livox_interfaces/include/livox_interfaces/msg/detail/custom_point__type_support.cpp
[3.808s] -- Installing: /home/m2s2/WildPose_v1.2-main/wildpose/install/livox_interfaces/lib/liblivox_interfaces__rosidl_typesupport_introspection_cpp.so
[3.808s] -- Set runtime path of "/home/m2s2/WildPose_v1.2-main/wildpose/install/livox_interfaces/lib/liblivox_interfaces__rosidl_typesupport_introspection_cpp.so" to ""
[3.808s] -- Installing: /home/m2s2/WildPose_v1.2-main/wildpose/install/livox_interfaces/lib/liblivox_interfaces__rosidl_typesupport_cpp.so
[3.808s] -- Set runtime path of "/home/m2s2/WildPose_v1.2-main/wildpose/install/livox_interfaces/lib/liblivox_interfaces__rosidl_typesupport_cpp.so" to ""
[3.808s] -- Installing: /home/m2s2/WildPose_v1.2-main/wildpose/install/livox_interfaces/share/livox_interfaces/environment/pythonpath.sh
[3.808s] -- Installing: /home/m2s2/WildPose_v1.2-main/wildpose/install/livox_interfaces/share/livox_interfaces/environment/pythonpath.dsv
[3.808s] -- Installing: /home/m2s2/WildPose_v1.2-main/wildpose/install/livox_interfaces/lib/python3.8/site-packages/livox_interfaces/__init__.py
[3.826s] Compiling '/home/m2s2/WildPose_v1.2-main/wildpose/install/livox_interfaces/lib/python3.8/site-packages/livox_interfaces/__init__.py'...
[3.829s] -- Installing: /home/m2s2/WildPose_v1.2-main/wildpose/install/livox_interfaces/lib/python3.8/site-packages/livox_interfaces/msg
[3.829s] -- Installing: /home/m2s2/WildPose_v1.2-main/wildpose/install/livox_interfaces/lib/python3.8/site-packages/livox_interfaces/msg/_custom_msg.py
[3.829s] -- Installing: /home/m2s2/WildPose_v1.2-main/wildpose/install/livox_interfaces/lib/python3.8/site-packages/livox_interfaces/msg/__init__.py
[3.830s] -- Installing: /home/m2s2/WildPose_v1.2-main/wildpose/install/livox_interfaces/lib/python3.8/site-packages/livox_interfaces/msg/_custom_msg_s.c
[3.830s] -- Installing: /home/m2s2/WildPose_v1.2-main/wildpose/install/livox_interfaces/lib/python3.8/site-packages/livox_interfaces/msg/_custom_point.py
[3.830s] -- Installing: /home/m2s2/WildPose_v1.2-main/wildpose/install/livox_interfaces/lib/python3.8/site-packages/livox_interfaces/msg/_custom_point_s.c
[3.830s] -- Installing: /home/m2s2/WildPose_v1.2-main/wildpose/install/livox_interfaces/lib/python3.8/site-packages/livox_interfaces/livox_interfaces_s__rosidl_typesupport_fastrtps_c.cpython-38-x86_64-linux-gnu.so
[3.830s] -- Set runtime path of "/home/m2s2/WildPose_v1.2-main/wildpose/install/livox_interfaces/lib/python3.8/site-packages/livox_interfaces/livox_interfaces_s__rosidl_typesupport_fastrtps_c.cpython-38-x86_64-linux-gnu.so" to ""
[3.830s] -- Installing: /home/m2s2/WildPose_v1.2-main/wildpose/install/livox_interfaces/lib/python3.8/site-packages/livox_interfaces/livox_interfaces_s__rosidl_typesupport_introspection_c.cpython-38-x86_64-linux-gnu.so
[3.831s] -- Set runtime path of "/home/m2s2/WildPose_v1.2-main/wildpose/install/livox_interfaces/lib/python3.8/site-packages/livox_interfaces/livox_interfaces_s__rosidl_typesupport_introspection_c.cpython-38-x86_64-linux-gnu.so" to ""
[3.831s] -- Installing: /home/m2s2/WildPose_v1.2-main/wildpose/install/livox_interfaces/lib/python3.8/site-packages/livox_interfaces/livox_interfaces_s__rosidl_typesupport_c.cpython-38-x86_64-linux-gnu.so
[3.831s] -- Set runtime path of "/home/m2s2/WildPose_v1.2-main/wildpose/install/livox_interfaces/lib/python3.8/site-packages/livox_interfaces/livox_interfaces_s__rosidl_typesupport_c.cpython-38-x86_64-linux-gnu.so" to ""
[3.831s] -- Installing: /home/m2s2/WildPose_v1.2-main/wildpose/install/livox_interfaces/lib/liblivox_interfaces__python.so
[3.831s] -- Set runtime path of "/home/m2s2/WildPose_v1.2-main/wildpose/install/livox_interfaces/lib/liblivox_interfaces__python.so" to ""
[3.831s] -- Installing: /home/m2s2/WildPose_v1.2-main/wildpose/install/livox_interfaces/share/livox_interfaces/msg/CustomPoint.idl
[3.832s] -- Installing: /home/m2s2/WildPose_v1.2-main/wildpose/install/livox_interfaces/share/livox_interfaces/msg/CustomMsg.idl
[3.832s] -- Installing: /home/m2s2/WildPose_v1.2-main/wildpose/install/livox_interfaces/share/livox_interfaces/msg/CustomPoint.msg
[3.832s] -- Installing: /home/m2s2/WildPose_v1.2-main/wildpose/install/livox_interfaces/share/livox_interfaces/msg/CustomMsg.msg
[3.832s] -- Installing: /home/m2s2/WildPose_v1.2-main/wildpose/install/livox_interfaces/share/ament_index/resource_index/package_run_dependencies/livox_interfaces
[3.832s] -- Installing: /home/m2s2/WildPose_v1.2-main/wildpose/install/livox_interfaces/share/ament_index/resource_index/parent_prefix_path/livox_interfaces
[3.832s] -- Installing: /home/m2s2/WildPose_v1.2-main/wildpose/install/livox_interfaces/share/livox_interfaces/environment/ament_prefix_path.sh
[3.832s] -- Installing: /home/m2s2/WildPose_v1.2-main/wildpose/install/livox_interfaces/share/livox_interfaces/environment/ament_prefix_path.dsv
[3.833s] -- Installing: /home/m2s2/WildPose_v1.2-main/wildpose/install/livox_interfaces/share/livox_interfaces/environment/path.sh
[3.833s] -- Installing: /home/m2s2/WildPose_v1.2-main/wildpose/install/livox_interfaces/share/livox_interfaces/environment/path.dsv
[3.833s] -- Installing: /home/m2s2/WildPose_v1.2-main/wildpose/install/livox_interfaces/share/livox_interfaces/local_setup.bash
[3.833s] -- Installing: /home/m2s2/WildPose_v1.2-main/wildpose/install/livox_interfaces/share/livox_interfaces/local_setup.sh
[3.833s] -- Installing: /home/m2s2/WildPose_v1.2-main/wildpose/install/livox_interfaces/share/livox_interfaces/local_setup.zsh
[3.833s] -- Installing: /home/m2s2/WildPose_v1.2-main/wildpose/install/livox_interfaces/share/livox_interfaces/local_setup.dsv
[3.833s] -- Installing: /home/m2s2/WildPose_v1.2-main/wildpose/install/livox_interfaces/share/livox_interfaces/package.dsv
[3.834s] -- Installing: /home/m2s2/WildPose_v1.2-main/wildpose/install/livox_interfaces/share/ament_index/resource_index/packages/livox_interfaces
[3.834s] -- Installing: /home/m2s2/WildPose_v1.2-main/wildpose/install/livox_interfaces/share/livox_interfaces/cmake/livox_interfaces__rosidl_generator_cExport.cmake
[3.834s] -- Installing: /home/m2s2/WildPose_v1.2-main/wildpose/install/livox_interfaces/share/livox_interfaces/cmake/livox_interfaces__rosidl_generator_cExport-noconfig.cmake
[3.834s] -- Installing: /home/m2s2/WildPose_v1.2-main/wildpose/install/livox_interfaces/share/livox_interfaces/cmake/livox_interfaces__rosidl_typesupport_introspection_cExport.cmake
[3.835s] -- Installing: /home/m2s2/WildPose_v1.2-main/wildpose/install/livox_interfaces/share/livox_interfaces/cmake/livox_interfaces__rosidl_typesupport_introspection_cExport-noconfig.cmake
[3.835s] -- Installing: /home/m2s2/WildPose_v1.2-main/wildpose/install/livox_interfaces/share/livox_interfaces/cmake/livox_interfaces__rosidl_typesupport_cExport.cmake
[3.835s] -- Installing: /home/m2s2/WildPose_v1.2-main/wildpose/install/livox_interfaces/share/livox_interfaces/cmake/livox_interfaces__rosidl_typesupport_cExport-noconfig.cmake
[3.835s] -- Installing: /home/m2s2/WildPose_v1.2-main/wildpose/install/livox_interfaces/share/livox_interfaces/cmake/livox_interfaces__rosidl_generator_cppExport.cmake
[3.835s] -- Installing: /home/m2s2/WildPose_v1.2-main/wildpose/install/livox_interfaces/share/livox_interfaces/cmake/livox_interfaces__rosidl_typesupport_introspection_cppExport.cmake
[3.835s] -- Installing: /home/m2s2/WildPose_v1.2-main/wildpose/install/livox_interfaces/share/livox_interfaces/cmake/livox_interfaces__rosidl_typesupport_introspection_cppExport-noconfig.cmake
[3.835s] -- Installing: /home/m2s2/WildPose_v1.2-main/wildpose/install/livox_interfaces/share/livox_interfaces/cmake/livox_interfaces__rosidl_typesupport_cppExport.cmake
[3.836s] -- Installing: /home/m2s2/WildPose_v1.2-main/wildpose/install/livox_interfaces/share/livox_interfaces/cmake/livox_interfaces__rosidl_typesupport_cppExport-noconfig.cmake
[3.836s] -- Installing: /home/m2s2/WildPose_v1.2-main/wildpose/install/livox_interfaces/share/livox_interfaces/cmake/rosidl_cmake-extras.cmake
[3.836s] -- Installing: /home/m2s2/WildPose_v1.2-main/wildpose/install/livox_interfaces/share/livox_interfaces/cmake/ament_cmake_export_dependencies-extras.cmake
[3.836s] -- Installing: /home/m2s2/WildPose_v1.2-main/wildpose/install/livox_interfaces/share/livox_interfaces/cmake/ament_cmake_export_libraries-extras.cmake
[3.837s] -- Installing: /home/m2s2/WildPose_v1.2-main/wildpose/install/livox_interfaces/share/livox_interfaces/cmake/ament_cmake_export_targets-extras.cmake
[3.837s] -- Installing: /home/m2s2/WildPose_v1.2-main/wildpose/install/livox_interfaces/share/livox_interfaces/cmake/ament_cmake_export_include_directories-extras.cmake
[3.837s] -- Installing: /home/m2s2/WildPose_v1.2-main/wildpose/install/livox_interfaces/share/livox_interfaces/cmake/rosidl_cmake_export_typesupport_libraries-extras.cmake
[3.837s] -- Installing: /home/m2s2/WildPose_v1.2-main/wildpose/install/livox_interfaces/share/livox_interfaces/cmake/rosidl_cmake_export_typesupport_targets-extras.cmake
[3.837s] -- Installing: /home/m2s2/WildPose_v1.2-main/wildpose/install/livox_interfaces/share/livox_interfaces/cmake/livox_interfacesConfig.cmake
[3.837s] -- Installing: /home/m2s2/WildPose_v1.2-main/wildpose/install/livox_interfaces/share/livox_interfaces/cmake/livox_interfacesConfig-version.cmake
[3.837s] -- Installing: /home/m2s2/WildPose_v1.2-main/wildpose/install/livox_interfaces/share/livox_interfaces/package.xml
[3.841s] Invoked command in '/home/m2s2/WildPose_v1.2-main/wildpose/build/livox_interfaces' returned '0': CMAKE_PREFIX_PATH=${CMAKE_PREFIX_PATH}:/home/m2s2/WildPose_v1.2-main/wildpose/install/motor_controller_pkg:/home/m2s2/WildPose_v1.2-main/wildpose/install/dji_rs3_pkg:/home/m2s2/WildPose_v1.2-main/wildpose/install/gamepad_pkg:/opt/ros/foxy /usr/bin/cmake --install /home/m2s2/WildPose_v1.2-main/wildpose/build/livox_interfaces
