[1.180s] Invoking command in '/home/naoya/wildpose_v1.3/wildpose/build/livox_ros2_driver': CMAKE_PREFIX_PATH=/home/naoya/wildpose_v1.3/wildpose/install/livox_sdk_vendor:/home/naoya/wildpose_v1.3/wildpose/install/livox_interfaces:/home/naoya/wildpose_v1.3/wildpose/install/wildpose_bringup:/home/naoya/wildpose_v1.3/wildpose/install/ximea_ros2_cam:/home/naoya/wildpose_v1.3/wildpose/install/wildpose_interfaces:/home/naoya/wildpose_v1.3/wildpose/install/livox_ros2_driver:/home/naoya/wildpose_v1.3/wildpose/install/iris_controller:/home/naoya/Wildpose_v1.33/wildpose/install/wildpose_bringup:/home/naoya/Wildpose_v1.33/wildpose/install/ximea_ros2_cam:/home/naoya/Wildpose_v1.33/wildpose/install/lidar_control_package:/home/naoya/Wildpose_v1.33/wildpose/install/wildpose_interfaces:/home/naoya/Wildpose_v1.33/wildpose/install/livox_ros2_driver:/home/naoya/Wildpose_v1.33/wildpose/install/livox_sdk_vendor:/home/naoya/Wildpose_v1.33/wildpose/install/livox_interfaces:/home/naoya/WildPose_v1.2/wildpose/install/wildpose_bringup:/home/naoya/WildPose_v1.2/wildpose/install/wildpose_interfaces:/home/naoya/ros2_ws/livox_ros2_driver/install/livox_ros2_driver:/home/naoya/ros2_ws/livox_ros2_driver/install/livox_sdk_vendor:/home/naoya/ros2_ws/livox_ros2_driver/install/livox_interfaces:/home/naoya/ros2_ws/ximea_ros2_cam/install/ximea_ros2_cam:/home/naoya/ros2_ws/rmw_ecal/install/rmw_ecal_dynamic_cpp:/home/naoya/ros2_ws/rmw_ecal/install/rmw_ecal_shared_cpp:/home/naoya/wildpose_v1.3/wildpose/install/motor_controller_pkg:/home/naoya/wildpose_v1.3/wildpose/install/lidar_control_package:/home/naoya/wildpose_v1.3/wildpose/install/dji_rs3_pkg:/home/naoya/wildpose_v1.3/wildpose/install/gamepad_pkg:/home/naoya/Wildpose_v1.33/wildpose/install/motor_controller_pkg:/home/naoya/Wildpose_v1.33/wildpose/install/dji_rs3_pkg:/home/naoya/Wildpose_v1.33/wildpose/install/gamepad_pkg:/home/naoya/WildPose_v1.2/wildpose/install/motor_controller_pkg:/home/naoya/WildPose_v1.2/wildpose/install/gamepad_pkg:/opt/ros/foxy LD_LIBRARY_PATH=/home/naoya/wildpose_v1.3/wildpose/install/livox_interfaces/lib:/home/naoya/wildpose_v1.3/wildpose/install/wildpose_interfaces/lib:/home/naoya/wildpose_v1.3/wildpose/install/livox_ros2_driver/lib:/home/naoya/Wildpose_v1.33/wildpose/install/wildpose_interfaces/lib:/home/naoya/Wildpose_v1.33/wildpose/install/livox_ros2_driver/lib:/home/naoya/Wildpose_v1.33/wildpose/install/livox_interfaces/lib:/home/naoya/WildPose_v1.2/wildpose/install/wildpose_interfaces/lib:/home/naoya/ros2_ws/livox_ros2_driver/install/livox_ros2_driver/lib:/home/naoya/ros2_ws/livox_ros2_driver/install/livox_interfaces/lib:/home/naoya/ros2_ws/rmw_ecal/install/rmw_ecal_dynamic_cpp/lib:/home/naoya/ros2_ws/rmw_ecal/install/rmw_ecal_shared_cpp/lib:/opt/ros/foxy/opt/yaml_cpp_vendor/lib:/opt/ros/foxy/opt/rviz_ogre_vendor/lib:/opt/ros/foxy/lib/x86_64-linux-gnu:/opt/ros/foxy/lib PYTHONPATH=/home/naoya/wildpose_v1.3/wildpose/install/livox_interfaces/lib/python3.8/site-packages:/home/naoya/wildpose_v1.3/wildpose/install/motor_controller_pkg/lib/python3.8/site-packages:/home/naoya/wildpose_v1.3/wildpose/install/lidar_control_package/lib/python3.8/site-packages:/home/naoya/wildpose_v1.3/wildpose/install/dji_rs3_pkg/lib/python3.8/site-packages:/home/naoya/wildpose_v1.3/wildpose/install/wildpose_interfaces/lib/python3.8/site-packages:/home/naoya/wildpose_v1.3/wildpose/install/gamepad_pkg/lib/python3.8/site-packages:/home/naoya/Wildpose_v1.33/wildpose/install/motor_controller_pkg/lib/python3.8/site-packages:/home/naoya/Wildpose_v1.33/wildpose/install/lidar_control_package/lib/python3.8/site-packages:/home/naoya/Wildpose_v1.33/wildpose/install/dji_rs3_pkg/lib/python3.8/site-packages:/home/naoya/Wildpose_v1.33/wildpose/install/wildpose_interfaces/lib/python3.8/site-packages:/home/naoya/Wildpose_v1.33/wildpose/install/livox_interfaces/lib/python3.8/site-packages:/home/naoya/Wildpose_v1.33/wildpose/install/gamepad_pkg/lib/python3.8/site-packages:/home/naoya/WildPose_v1.2/wildpose/build/motor_controller_pkg:/home/naoya/WildPose_v1.2/wildpose/install/motor_controller_pkg/lib/python3.8/site-packages:/home/naoya/WildPose_v1.2/wildpose/install/wildpose_interfaces/lib/python3.8/site-packages:/home/naoya/WildPose_v1.2/wildpose/build/gamepad_pkg:/home/naoya/WildPose_v1.2/wildpose/install/gamepad_pkg/lib/python3.8/site-packages:/home/naoya/ros2_ws/livox_ros2_driver/install/livox_interfaces/lib/python3.8/site-packages:/opt/ros/foxy/lib/python3.8/site-packages /usr/bin/cmake /home/naoya/wildpose_v1.3/wildpose/src/livox_ros2_driver/livox_ros2_driver -DCMAKE_INSTALL_PREFIX=/home/naoya/wildpose_v1.3/wildpose/install/livox_ros2_driver
[1.226s] -- The C compiler identification is GNU 9.4.0
[1.267s] -- The CXX compiler identification is GNU 9.4.0
[1.274s] -- Check for working C compiler: /usr/bin/cc
[1.341s] -- Check for working C compiler: /usr/bin/cc -- works
[1.341s] -- Detecting C compiler ABI info
[1.395s] -- Detecting C compiler ABI info - done
[1.401s] -- Detecting C compile features
[1.401s] -- Detecting C compile features - done
[1.402s] -- Check for working CXX compiler: /usr/bin/c++
[1.470s] -- Check for working CXX compiler: /usr/bin/c++ -- works
[1.471s] -- Detecting CXX compiler ABI info
[1.535s] -- Detecting CXX compiler ABI info - done
[1.549s] -- Detecting CXX compile features
[1.550s] -- Detecting CXX compile features - done
[1.551s] -- livox_ros2_driver version: 0.0.1
[1.553s] -- Found ament_cmake_auto: 0.9.12 (/opt/ros/foxy/share/ament_cmake_auto/cmake)
[1.585s] -- Found PythonInterp: /usr/bin/python3 (found suitable version "3.8.10", minimum required is "3") 
[1.585s] -- Using PYTHON_EXECUTABLE: /usr/bin/python3
[1.815s] -- Using all available rosidl_typesupport_c: rosidl_typesupport_fastrtps_c;rosidl_typesupport_introspection_c
[1.822s] -- Found rosidl_adapter: 1.3.1 (/opt/ros/foxy/share/rosidl_adapter/cmake)
[1.891s] -- Found OpenSSL: /usr/lib/x86_64-linux-gnu/libcrypto.so (found version "1.1.1f")  
[1.910s] -- Found FastRTPS: /opt/ros/foxy/include  
[1.973s] -- Using all available rosidl_typesupport_cpp: rosidl_typesupport_fastrtps_cpp;rosidl_typesupport_introspection_cpp
[2.017s] -- Found rmw_implementation_cmake: 1.0.4 (/opt/ros/foxy/share/rmw_implementation_cmake/cmake)
[2.019s] -- Using RMW implementation 'rmw_ecal_dynamic_cpp' as default
[2.019s] -- Looking for pthread.h
[2.086s] -- Looking for pthread.h - found
[2.087s] -- Performing Test CMAKE_HAVE_LIBC_PTHREAD
[2.155s] -- Performing Test CMAKE_HAVE_LIBC_PTHREAD - Failed
[2.155s] -- Looking for pthread_create in pthreads
[2.217s] -- Looking for pthread_create in pthreads - not found
[2.217s] -- Looking for pthread_create in pthread
[2.297s] -- Looking for pthread_create in pthread - found
[2.298s] -- Found Threads: TRUE  
[2.724s] -- Found Boost: /usr/lib/x86_64-linux-gnu/cmake/Boost-1.71.0/BoostConfig.cmake (found suitable version "1.71.0", minimum required is "1.65.0") found components: system filesystem iostreams serialization 
[2.735s] -- Checking for module 'flann'
[2.747s] --   Found flann, version 1.9.1
[2.775s] -- Found FLANN: /usr/lib/x86_64-linux-gnu/libflann_cpp.so  
[2.775s] -- FLANN found (include: /usr/include, lib: /usr/lib/x86_64-linux-gnu/libflann_cpp.so)
[3.000s] -- Found OpenMP_CXX: -fopenmp (found version "4.5") 
[3.001s] -- Found OpenMP: TRUE (found version "4.5") found components: CXX 
[3.038s] -- The imported target "vtkParseOGLExt" references the file
[3.038s]    "/usr/bin/vtkParseOGLExt-7.1"
[3.039s] but this file does not exist.  Possible reasons include:
[3.039s] * The file was deleted, renamed, or moved to another location.
[3.039s] * An install or uninstall procedure did not complete successfully.
[3.039s] * The installation package was faulty and contained
[3.039s]    "/usr/lib/cmake/vtk-7.1/VTKTargets.cmake"
[3.039s] but not all the files it references.
[3.039s] 
[3.039s] -- The imported target "vtkRenderingPythonTkWidgets" references the file
[3.039s]    "/usr/lib/x86_64-linux-gnu/libvtkRenderingPythonTkWidgets.so"
[3.039s] but this file does not exist.  Possible reasons include:
[3.039s] * The file was deleted, renamed, or moved to another location.
[3.039s] * An install or uninstall procedure did not complete successfully.
[3.039s] * The installation package was faulty and contained
[3.039s]    "/usr/lib/cmake/vtk-7.1/VTKTargets.cmake"
[3.039s] but not all the files it references.
[3.039s] 
[3.039s] -- The imported target "vtk" references the file
[3.040s]    "/usr/bin/vtk"
[3.040s] but this file does not exist.  Possible reasons include:
[3.040s] * The file was deleted, renamed, or moved to another location.
[3.040s] * An install or uninstall procedure did not complete successfully.
[3.040s] * The installation package was faulty and contained
[3.040s]    "/usr/lib/cmake/vtk-7.1/VTKTargets.cmake"
[3.040s] but not all the files it references.
[3.040s] 
[3.040s] -- The imported target "pvtk" references the file
[3.040s]    "/usr/bin/pvtk"
[3.040s] but this file does not exist.  Possible reasons include:
[3.040s] * The file was deleted, renamed, or moved to another location.
[3.040s] * An install or uninstall procedure did not complete successfully.
[3.040s] * The installation package was faulty and contained
[3.040s]    "/usr/lib/cmake/vtk-7.1/VTKTargets.cmake"
[3.040s] but not all the files it references.
[3.040s] 
[3.098s] -- Checking for module 'libusb-1.0'
[3.108s] --   Found libusb-1.0, version 1.0.23
[3.133s] -- Found libusb: /usr/lib/x86_64-linux-gnu/libusb-1.0.so  
[3.134s] -- Found OpenNI: /usr/lib/libOpenNI.so;libusb::libusb (found version "1.5.4.0") 
[3.134s] -- OpenNI found (version: 1.5.4.0, include: /usr/include/ni, lib: /usr/lib/libOpenNI.so;libusb::libusb)
[3.174s] -- Found OpenNI2: /usr/lib/libOpenNI2.so;libusb::libusb (found version "2.2.0.33") 
[3.174s] -- OpenNI2 found (version: 2.2.0.33, include: /usr/include/openni2, lib: /usr/lib/libOpenNI2.so;libusb::libusb)
[3.177s] -- Could NOT find Pcap (missing: PCAP_LIBRARIES PCAP_INCLUDE_DIRS) 
[3.177s] ** WARNING ** io features related to pcap will be disabled
[3.186s] -- Found ZLIB: /usr/lib/x86_64-linux-gnu/libz.so (found version "1.2.11") 
[3.199s] -- Found PNG: /usr/lib/x86_64-linux-gnu/libpng.so (found version "1.6.37") 
[3.226s] -- OpenNI found (version: 1.5.4.0, include: /usr/include/ni, lib: /usr/lib/libOpenNI.so;libusb::libusb)
[3.230s] -- OpenNI2 found (version: 2.2.0.33, include: /usr/include/openni2, lib: /usr/lib/libOpenNI2.so;libusb::libusb)
[3.258s] -- Found Qhull: /usr/lib/x86_64-linux-gnu/libqhull_r.so  
[3.258s] -- QHULL found (include: /usr/include, lib: /usr/lib/x86_64-linux-gnu/libqhull_r.so)
[3.277s] -- looking for PCL_COMMON
[3.277s] -- Found PCL_COMMON: /usr/local/lib/libpcl_common.so  
[3.277s] -- looking for PCL_KDTREE
[3.277s] -- Found PCL_KDTREE: /usr/local/lib/libpcl_kdtree.so  
[3.277s] -- looking for PCL_OCTREE
[3.278s] -- Found PCL_OCTREE: /usr/local/lib/libpcl_octree.so  
[3.278s] -- looking for PCL_SEARCH
[3.278s] -- Found PCL_SEARCH: /usr/local/lib/libpcl_search.so  
[3.278s] -- looking for PCL_SAMPLE_CONSENSUS
[3.279s] -- Found PCL_SAMPLE_CONSENSUS: /usr/local/lib/libpcl_sample_consensus.so  
[3.279s] -- looking for PCL_FILTERS
[3.279s] -- Found PCL_FILTERS: /usr/local/lib/libpcl_filters.so  
[3.279s] -- looking for PCL_2D
[3.279s] -- Found PCL_2D: /usr/local/include/pcl-1.13  
[3.280s] -- looking for PCL_GEOMETRY
[3.280s] -- Found PCL_GEOMETRY: /usr/local/include/pcl-1.13  
[3.280s] -- looking for PCL_IO
[3.280s] -- Found PCL_IO: /usr/local/lib/libpcl_io.so  
[3.281s] -- looking for PCL_FEATURES
[3.281s] -- Found PCL_FEATURES: /usr/local/lib/libpcl_features.so  
[3.281s] -- looking for PCL_ML
[3.281s] -- Found PCL_ML: /usr/local/lib/libpcl_ml.so  
[3.282s] -- looking for PCL_SEGMENTATION
[3.282s] -- Found PCL_SEGMENTATION: /usr/local/lib/libpcl_segmentation.so  
[3.282s] -- looking for PCL_VISUALIZATION
[3.282s] -- Found PCL_VISUALIZATION: /usr/local/lib/libpcl_visualization.so  
[3.283s] -- looking for PCL_SURFACE
[3.283s] -- Found PCL_SURFACE: /usr/local/lib/libpcl_surface.so  
[3.283s] -- looking for PCL_REGISTRATION
[3.284s] -- Found PCL_REGISTRATION: /usr/local/lib/libpcl_registration.so  
[3.284s] -- looking for PCL_KEYPOINTS
[3.284s] -- Found PCL_KEYPOINTS: /usr/local/lib/libpcl_keypoints.so  
[3.284s] -- looking for PCL_TRACKING
[3.285s] -- Found PCL_TRACKING: /usr/local/lib/libpcl_tracking.so  
[3.285s] -- looking for PCL_RECOGNITION
[3.285s] -- Found PCL_RECOGNITION: /usr/local/lib/libpcl_recognition.so  
[3.285s] -- looking for PCL_STEREO
[3.286s] -- Found PCL_STEREO: /usr/local/lib/libpcl_stereo.so  
[3.286s] -- looking for PCL_OUTOFCORE
[3.286s] -- Found PCL_OUTOFCORE: /usr/local/lib/libpcl_outofcore.so  
[3.286s] -- looking for PCL_PEOPLE
[3.287s] -- Found PCL_PEOPLE: /usr/local/lib/libpcl_people.so  
[3.288s] -- Found PCL: pcl_common;pcl_kdtree;pcl_octree;pcl_search;pcl_sample_consensus;pcl_filters;pcl_io;pcl_features;pcl_ml;pcl_segmentation;pcl_visualization;pcl_surface;pcl_registration;pcl_keypoints;pcl_tracking;pcl_recognition;pcl_stereo;pcl_outofcore;pcl_people;Boost::system;Boost::filesystem;Boost::iostreams;Boost::serialization;/usr/lib/libOpenNI.so;libusb::libusb;/usr/lib/libOpenNI2.so;libusb::libusb;vtkChartsCore;vtkCommonColor;vtkCommonCore;vtksys;vtkCommonDataModel;vtkCommonMath;vtkCommonMisc;vtkCommonSystem;vtkCommonTransforms;vtkCommonExecutionModel;vtkFiltersGeneral;vtkCommonComputationalGeometry;vtkFiltersCore;vtkInfovisCore;vtkFiltersExtraction;vtkFiltersStatistics;vtkImagingFourier;vtkImagingCore;vtkalglib;vtkRenderingContext2D;vtkRenderingCore;vtkFiltersGeometry;vtkFiltersSources;vtkRenderingFreeType;/usr/lib/x86_64-linux-gnu/libfreetype.so;/usr/lib/x86_64-linux-gnu/libz.so;vtkFiltersModeling;vtkImagingSources;vtkInteractionImage;vtkImagingColor;vtkInteractionStyle;vtkInteractionWidgets;vtkFiltersHybrid;vtkImagingGeneral;vtkImagingHybrid;vtkIOImage;vtkDICOMParser;vtkmetaio;/usr/lib/x86_64-linux-gnu/libjpeg.so;/usr/lib/x86_64-linux-gnu/libpng.so;/usr/lib/x86_64-linux-gnu/libtiff.so;vtkRenderingAnnotation;vtkRenderingVolume;vtkIOXML;vtkIOCore;vtkIOXMLParser;/usr/lib/x86_64-linux-gnu/libexpat.so;vtkIOGeometry;vtkIOLegacy;vtkIOPLY;vtkRenderingLOD;vtkViewsCore;vtkViewsContext2D;vtkRenderingOpenGL2;vtkRenderingContextOpenGL2;vtkGUISupportQt;FLANN::FLANN;QHULL::QHULL  
[3.289s] -- Found livox_sdk: /usr/local/include  
[3.293s] -- Found PkgConfig: /usr/bin/pkg-config (found version "0.29.1") 
[3.294s] -- Checking for module 'apr-1'
[3.296s] --   No package 'apr-1' found
[3.329s] -- Found ament_lint_auto: 0.9.8 (/opt/ros/foxy/share/ament_lint_auto/cmake)
[3.349s] -- Added test 'copyright' to check source files copyright and LICENSE
[3.351s] -- Added test 'cppcheck' to perform static code analysis on C / C++ code
[3.352s] -- Configured cppcheck include dirs: /home/naoya/wildpose_v1.3/wildpose/src/livox_ros2_driver/livox_ros2_driver/common;/home/naoya/wildpose_v1.3/wildpose/src/livox_ros2_driver/livox_ros2_driver/common/rapidjson;/home/naoya/wildpose_v1.3/wildpose/src/livox_ros2_driver/livox_ros2_driver/comon/rapdidxml;/home/naoya/wildpose_v1.3/wildpose/src/livox_ros2_driver/livox_ros2_driver/common/comm;/home/naoya/wildpose_v1.3/wildpose/src/livox_ros2_driver/livox_ros2_driver/timesync;/home/naoya/wildpose_v1.3/wildpose/src/livox_ros2_driver/livox_ros2_driver/timesync/user_uart;/home/naoya/wildpose_v1.3/wildpose/src/livox_ros2_driver/livox_ros2_driver/livox_ros2_driver
[3.352s] -- Configured cppcheck exclude dirs and/or files: 
[3.354s] -- Added test 'cpplint' to check C / C++ code against the Google style
[3.354s] -- Configured cpplint exclude dirs and/or files: 
[3.354s] -- Added test 'flake8' to check Python code syntax and style conventions
[3.355s] -- Added test 'lint_cmake' to check CMake code style
[3.357s] -- Added test 'pep257' to check Python code against some of the style conventions in PEP 257
[3.358s] -- Added test 'uncrustify' to check C / C++ code style
[3.358s] -- Configured uncrustify additional arguments: 
[3.359s] -- Added test 'xmllint' to check XML markup files
[3.362s] -- Configuring done
[3.403s] -- Generating done
[3.404s] -- Build files have been written to: /home/naoya/wildpose_v1.3/wildpose/build/livox_ros2_driver
[3.417s] Invoked command in '/home/naoya/wildpose_v1.3/wildpose/build/livox_ros2_driver' returned '0': CMAKE_PREFIX_PATH=/home/naoya/wildpose_v1.3/wildpose/install/livox_sdk_vendor:/home/naoya/wildpose_v1.3/wildpose/install/livox_interfaces:/home/naoya/wildpose_v1.3/wildpose/install/wildpose_bringup:/home/naoya/wildpose_v1.3/wildpose/install/ximea_ros2_cam:/home/naoya/wildpose_v1.3/wildpose/install/wildpose_interfaces:/home/naoya/wildpose_v1.3/wildpose/install/livox_ros2_driver:/home/naoya/wildpose_v1.3/wildpose/install/iris_controller:/home/naoya/Wildpose_v1.33/wildpose/install/wildpose_bringup:/home/naoya/Wildpose_v1.33/wildpose/install/ximea_ros2_cam:/home/naoya/Wildpose_v1.33/wildpose/install/lidar_control_package:/home/naoya/Wildpose_v1.33/wildpose/install/wildpose_interfaces:/home/naoya/Wildpose_v1.33/wildpose/install/livox_ros2_driver:/home/naoya/Wildpose_v1.33/wildpose/install/livox_sdk_vendor:/home/naoya/Wildpose_v1.33/wildpose/install/livox_interfaces:/home/naoya/WildPose_v1.2/wildpose/install/wildpose_bringup:/home/naoya/WildPose_v1.2/wildpose/install/wildpose_interfaces:/home/naoya/ros2_ws/livox_ros2_driver/install/livox_ros2_driver:/home/naoya/ros2_ws/livox_ros2_driver/install/livox_sdk_vendor:/home/naoya/ros2_ws/livox_ros2_driver/install/livox_interfaces:/home/naoya/ros2_ws/ximea_ros2_cam/install/ximea_ros2_cam:/home/naoya/ros2_ws/rmw_ecal/install/rmw_ecal_dynamic_cpp:/home/naoya/ros2_ws/rmw_ecal/install/rmw_ecal_shared_cpp:/home/naoya/wildpose_v1.3/wildpose/install/motor_controller_pkg:/home/naoya/wildpose_v1.3/wildpose/install/lidar_control_package:/home/naoya/wildpose_v1.3/wildpose/install/dji_rs3_pkg:/home/naoya/wildpose_v1.3/wildpose/install/gamepad_pkg:/home/naoya/Wildpose_v1.33/wildpose/install/motor_controller_pkg:/home/naoya/Wildpose_v1.33/wildpose/install/dji_rs3_pkg:/home/naoya/Wildpose_v1.33/wildpose/install/gamepad_pkg:/home/naoya/WildPose_v1.2/wildpose/install/motor_controller_pkg:/home/naoya/WildPose_v1.2/wildpose/install/gamepad_pkg:/opt/ros/foxy LD_LIBRARY_PATH=/home/naoya/wildpose_v1.3/wildpose/install/livox_interfaces/lib:/home/naoya/wildpose_v1.3/wildpose/install/wildpose_interfaces/lib:/home/naoya/wildpose_v1.3/wildpose/install/livox_ros2_driver/lib:/home/naoya/Wildpose_v1.33/wildpose/install/wildpose_interfaces/lib:/home/naoya/Wildpose_v1.33/wildpose/install/livox_ros2_driver/lib:/home/naoya/Wildpose_v1.33/wildpose/install/livox_interfaces/lib:/home/naoya/WildPose_v1.2/wildpose/install/wildpose_interfaces/lib:/home/naoya/ros2_ws/livox_ros2_driver/install/livox_ros2_driver/lib:/home/naoya/ros2_ws/livox_ros2_driver/install/livox_interfaces/lib:/home/naoya/ros2_ws/rmw_ecal/install/rmw_ecal_dynamic_cpp/lib:/home/naoya/ros2_ws/rmw_ecal/install/rmw_ecal_shared_cpp/lib:/opt/ros/foxy/opt/yaml_cpp_vendor/lib:/opt/ros/foxy/opt/rviz_ogre_vendor/lib:/opt/ros/foxy/lib/x86_64-linux-gnu:/opt/ros/foxy/lib PYTHONPATH=/home/naoya/wildpose_v1.3/wildpose/install/livox_interfaces/lib/python3.8/site-packages:/home/naoya/wildpose_v1.3/wildpose/install/motor_controller_pkg/lib/python3.8/site-packages:/home/naoya/wildpose_v1.3/wildpose/install/lidar_control_package/lib/python3.8/site-packages:/home/naoya/wildpose_v1.3/wildpose/install/dji_rs3_pkg/lib/python3.8/site-packages:/home/naoya/wildpose_v1.3/wildpose/install/wildpose_interfaces/lib/python3.8/site-packages:/home/naoya/wildpose_v1.3/wildpose/install/gamepad_pkg/lib/python3.8/site-packages:/home/naoya/Wildpose_v1.33/wildpose/install/motor_controller_pkg/lib/python3.8/site-packages:/home/naoya/Wildpose_v1.33/wildpose/install/lidar_control_package/lib/python3.8/site-packages:/home/naoya/Wildpose_v1.33/wildpose/install/dji_rs3_pkg/lib/python3.8/site-packages:/home/naoya/Wildpose_v1.33/wildpose/install/wildpose_interfaces/lib/python3.8/site-packages:/home/naoya/Wildpose_v1.33/wildpose/install/livox_interfaces/lib/python3.8/site-packages:/home/naoya/Wildpose_v1.33/wildpose/install/gamepad_pkg/lib/python3.8/site-packages:/home/naoya/WildPose_v1.2/wildpose/build/motor_controller_pkg:/home/naoya/WildPose_v1.2/wildpose/install/motor_controller_pkg/lib/python3.8/site-packages:/home/naoya/WildPose_v1.2/wildpose/install/wildpose_interfaces/lib/python3.8/site-packages:/home/naoya/WildPose_v1.2/wildpose/build/gamepad_pkg:/home/naoya/WildPose_v1.2/wildpose/install/gamepad_pkg/lib/python3.8/site-packages:/home/naoya/ros2_ws/livox_ros2_driver/install/livox_interfaces/lib/python3.8/site-packages:/opt/ros/foxy/lib/python3.8/site-packages /usr/bin/cmake /home/naoya/wildpose_v1.3/wildpose/src/livox_ros2_driver/livox_ros2_driver -DCMAKE_INSTALL_PREFIX=/home/naoya/wildpose_v1.3/wildpose/install/livox_ros2_driver
[3.418s] Invoking command in '/home/naoya/wildpose_v1.3/wildpose/build/livox_ros2_driver': CMAKE_PREFIX_PATH=/home/naoya/wildpose_v1.3/wildpose/install/livox_sdk_vendor:/home/naoya/wildpose_v1.3/wildpose/install/livox_interfaces:/home/naoya/wildpose_v1.3/wildpose/install/wildpose_bringup:/home/naoya/wildpose_v1.3/wildpose/install/ximea_ros2_cam:/home/naoya/wildpose_v1.3/wildpose/install/wildpose_interfaces:/home/naoya/wildpose_v1.3/wildpose/install/livox_ros2_driver:/home/naoya/wildpose_v1.3/wildpose/install/iris_controller:/home/naoya/Wildpose_v1.33/wildpose/install/wildpose_bringup:/home/naoya/Wildpose_v1.33/wildpose/install/ximea_ros2_cam:/home/naoya/Wildpose_v1.33/wildpose/install/lidar_control_package:/home/naoya/Wildpose_v1.33/wildpose/install/wildpose_interfaces:/home/naoya/Wildpose_v1.33/wildpose/install/livox_ros2_driver:/home/naoya/Wildpose_v1.33/wildpose/install/livox_sdk_vendor:/home/naoya/Wildpose_v1.33/wildpose/install/livox_interfaces:/home/naoya/WildPose_v1.2/wildpose/install/wildpose_bringup:/home/naoya/WildPose_v1.2/wildpose/install/wildpose_interfaces:/home/naoya/ros2_ws/livox_ros2_driver/install/livox_ros2_driver:/home/naoya/ros2_ws/livox_ros2_driver/install/livox_sdk_vendor:/home/naoya/ros2_ws/livox_ros2_driver/install/livox_interfaces:/home/naoya/ros2_ws/ximea_ros2_cam/install/ximea_ros2_cam:/home/naoya/ros2_ws/rmw_ecal/install/rmw_ecal_dynamic_cpp:/home/naoya/ros2_ws/rmw_ecal/install/rmw_ecal_shared_cpp:/home/naoya/wildpose_v1.3/wildpose/install/motor_controller_pkg:/home/naoya/wildpose_v1.3/wildpose/install/lidar_control_package:/home/naoya/wildpose_v1.3/wildpose/install/dji_rs3_pkg:/home/naoya/wildpose_v1.3/wildpose/install/gamepad_pkg:/home/naoya/Wildpose_v1.33/wildpose/install/motor_controller_pkg:/home/naoya/Wildpose_v1.33/wildpose/install/dji_rs3_pkg:/home/naoya/Wildpose_v1.33/wildpose/install/gamepad_pkg:/home/naoya/WildPose_v1.2/wildpose/install/motor_controller_pkg:/home/naoya/WildPose_v1.2/wildpose/install/gamepad_pkg:/opt/ros/foxy LD_LIBRARY_PATH=/home/naoya/wildpose_v1.3/wildpose/install/livox_interfaces/lib:/home/naoya/wildpose_v1.3/wildpose/install/wildpose_interfaces/lib:/home/naoya/wildpose_v1.3/wildpose/install/livox_ros2_driver/lib:/home/naoya/Wildpose_v1.33/wildpose/install/wildpose_interfaces/lib:/home/naoya/Wildpose_v1.33/wildpose/install/livox_ros2_driver/lib:/home/naoya/Wildpose_v1.33/wildpose/install/livox_interfaces/lib:/home/naoya/WildPose_v1.2/wildpose/install/wildpose_interfaces/lib:/home/naoya/ros2_ws/livox_ros2_driver/install/livox_ros2_driver/lib:/home/naoya/ros2_ws/livox_ros2_driver/install/livox_interfaces/lib:/home/naoya/ros2_ws/rmw_ecal/install/rmw_ecal_dynamic_cpp/lib:/home/naoya/ros2_ws/rmw_ecal/install/rmw_ecal_shared_cpp/lib:/opt/ros/foxy/opt/yaml_cpp_vendor/lib:/opt/ros/foxy/opt/rviz_ogre_vendor/lib:/opt/ros/foxy/lib/x86_64-linux-gnu:/opt/ros/foxy/lib PYTHONPATH=/home/naoya/wildpose_v1.3/wildpose/install/livox_interfaces/lib/python3.8/site-packages:/home/naoya/wildpose_v1.3/wildpose/install/motor_controller_pkg/lib/python3.8/site-packages:/home/naoya/wildpose_v1.3/wildpose/install/lidar_control_package/lib/python3.8/site-packages:/home/naoya/wildpose_v1.3/wildpose/install/dji_rs3_pkg/lib/python3.8/site-packages:/home/naoya/wildpose_v1.3/wildpose/install/wildpose_interfaces/lib/python3.8/site-packages:/home/naoya/wildpose_v1.3/wildpose/install/gamepad_pkg/lib/python3.8/site-packages:/home/naoya/Wildpose_v1.33/wildpose/install/motor_controller_pkg/lib/python3.8/site-packages:/home/naoya/Wildpose_v1.33/wildpose/install/lidar_control_package/lib/python3.8/site-packages:/home/naoya/Wildpose_v1.33/wildpose/install/dji_rs3_pkg/lib/python3.8/site-packages:/home/naoya/Wildpose_v1.33/wildpose/install/wildpose_interfaces/lib/python3.8/site-packages:/home/naoya/Wildpose_v1.33/wildpose/install/livox_interfaces/lib/python3.8/site-packages:/home/naoya/Wildpose_v1.33/wildpose/install/gamepad_pkg/lib/python3.8/site-packages:/home/naoya/WildPose_v1.2/wildpose/build/motor_controller_pkg:/home/naoya/WildPose_v1.2/wildpose/install/motor_controller_pkg/lib/python3.8/site-packages:/home/naoya/WildPose_v1.2/wildpose/install/wildpose_interfaces/lib/python3.8/site-packages:/home/naoya/WildPose_v1.2/wildpose/build/gamepad_pkg:/home/naoya/WildPose_v1.2/wildpose/install/gamepad_pkg/lib/python3.8/site-packages:/home/naoya/ros2_ws/livox_ros2_driver/install/livox_interfaces/lib/python3.8/site-packages:/opt/ros/foxy/lib/python3.8/site-packages /usr/bin/cmake --build /home/naoya/wildpose_v1.3/wildpose/build/livox_ros2_driver -- -j16 -l16
[3.449s] [35m[1mScanning dependencies of target livox_ros2_driver_node[0m
[3.449s] [35m[1mScanning dependencies of target livox_ros2_driver[0m
[3.474s] [  6%] [32mBuilding CXX object CMakeFiles/livox_ros2_driver_node.dir/rclcpp_components/node_main_livox_ros2_driver_node.cpp.o[0m
[3.520s] [ 18%] [32mBuilding CXX object CMakeFiles/livox_ros2_driver.dir/livox_ros2_driver/ldq.cpp.o[0m
[3.520s] [ 18%] [32mBuilding CXX object CMakeFiles/livox_ros2_driver.dir/livox_ros2_driver/lvx_file.cpp.o[0m
[3.524s] [ 25%] [32mBuilding CXX object CMakeFiles/livox_ros2_driver.dir/livox_ros2_driver/lds.cpp.o[0m
[3.524s] [ 37%] [32mBuilding CXX object CMakeFiles/livox_ros2_driver.dir/livox_ros2_driver/lds_lidar.cpp.o[0m
[3.524s] [ 37%] [32mBuilding CXX object CMakeFiles/livox_ros2_driver.dir/livox_ros2_driver/lds_lvx.cpp.o[0m
[3.525s] [ 43%] [32mBuilding CXX object CMakeFiles/livox_ros2_driver.dir/livox_ros2_driver/lds_hub.cpp.o[0m
[3.528s] [ 50%] [32mBuilding CXX object CMakeFiles/livox_ros2_driver.dir/livox_ros2_driver/lddc.cpp.o[0m
[3.530s] [ 56%] [32mBuilding CXX object CMakeFiles/livox_ros2_driver.dir/common/comm/gps_protocol.cpp.o[0m
[3.530s] [ 62%] [32mBuilding CXX object CMakeFiles/livox_ros2_driver.dir/livox_ros2_driver/livox_ros2_driver.cpp.o[0m
[3.530s] [ 68%] [32mBuilding CXX object CMakeFiles/livox_ros2_driver.dir/timesync/user_uart/user_uart.cpp.o[0m
[3.531s] [ 75%] [32mBuilding CXX object CMakeFiles/livox_ros2_driver.dir/timesync/timesync.cpp.o[0m
[3.532s] [ 81%] [32mBuilding CXX object CMakeFiles/livox_ros2_driver.dir/common/comm/comm_protocol.cpp.o[0m
[3.532s] [ 87%] [32mBuilding CXX object CMakeFiles/livox_ros2_driver.dir/common/comm/sdk_protocol.cpp.o[0m
[4.877s] [ 93%] [32m[1mLinking CXX executable livox_ros2_driver_node[0m
[4.965s] [ 93%] Built target livox_ros2_driver_node
[8.245s] [100%] [32m[1mLinking CXX shared library liblivox_ros2_driver.so[0m
[8.935s] [100%] Built target livox_ros2_driver
[8.945s] Invoked command in '/home/naoya/wildpose_v1.3/wildpose/build/livox_ros2_driver' returned '0': CMAKE_PREFIX_PATH=/home/naoya/wildpose_v1.3/wildpose/install/livox_sdk_vendor:/home/naoya/wildpose_v1.3/wildpose/install/livox_interfaces:/home/naoya/wildpose_v1.3/wildpose/install/wildpose_bringup:/home/naoya/wildpose_v1.3/wildpose/install/ximea_ros2_cam:/home/naoya/wildpose_v1.3/wildpose/install/wildpose_interfaces:/home/naoya/wildpose_v1.3/wildpose/install/livox_ros2_driver:/home/naoya/wildpose_v1.3/wildpose/install/iris_controller:/home/naoya/Wildpose_v1.33/wildpose/install/wildpose_bringup:/home/naoya/Wildpose_v1.33/wildpose/install/ximea_ros2_cam:/home/naoya/Wildpose_v1.33/wildpose/install/lidar_control_package:/home/naoya/Wildpose_v1.33/wildpose/install/wildpose_interfaces:/home/naoya/Wildpose_v1.33/wildpose/install/livox_ros2_driver:/home/naoya/Wildpose_v1.33/wildpose/install/livox_sdk_vendor:/home/naoya/Wildpose_v1.33/wildpose/install/livox_interfaces:/home/naoya/WildPose_v1.2/wildpose/install/wildpose_bringup:/home/naoya/WildPose_v1.2/wildpose/install/wildpose_interfaces:/home/naoya/ros2_ws/livox_ros2_driver/install/livox_ros2_driver:/home/naoya/ros2_ws/livox_ros2_driver/install/livox_sdk_vendor:/home/naoya/ros2_ws/livox_ros2_driver/install/livox_interfaces:/home/naoya/ros2_ws/ximea_ros2_cam/install/ximea_ros2_cam:/home/naoya/ros2_ws/rmw_ecal/install/rmw_ecal_dynamic_cpp:/home/naoya/ros2_ws/rmw_ecal/install/rmw_ecal_shared_cpp:/home/naoya/wildpose_v1.3/wildpose/install/motor_controller_pkg:/home/naoya/wildpose_v1.3/wildpose/install/lidar_control_package:/home/naoya/wildpose_v1.3/wildpose/install/dji_rs3_pkg:/home/naoya/wildpose_v1.3/wildpose/install/gamepad_pkg:/home/naoya/Wildpose_v1.33/wildpose/install/motor_controller_pkg:/home/naoya/Wildpose_v1.33/wildpose/install/dji_rs3_pkg:/home/naoya/Wildpose_v1.33/wildpose/install/gamepad_pkg:/home/naoya/WildPose_v1.2/wildpose/install/motor_controller_pkg:/home/naoya/WildPose_v1.2/wildpose/install/gamepad_pkg:/opt/ros/foxy LD_LIBRARY_PATH=/home/naoya/wildpose_v1.3/wildpose/install/livox_interfaces/lib:/home/naoya/wildpose_v1.3/wildpose/install/wildpose_interfaces/lib:/home/naoya/wildpose_v1.3/wildpose/install/livox_ros2_driver/lib:/home/naoya/Wildpose_v1.33/wildpose/install/wildpose_interfaces/lib:/home/naoya/Wildpose_v1.33/wildpose/install/livox_ros2_driver/lib:/home/naoya/Wildpose_v1.33/wildpose/install/livox_interfaces/lib:/home/naoya/WildPose_v1.2/wildpose/install/wildpose_interfaces/lib:/home/naoya/ros2_ws/livox_ros2_driver/install/livox_ros2_driver/lib:/home/naoya/ros2_ws/livox_ros2_driver/install/livox_interfaces/lib:/home/naoya/ros2_ws/rmw_ecal/install/rmw_ecal_dynamic_cpp/lib:/home/naoya/ros2_ws/rmw_ecal/install/rmw_ecal_shared_cpp/lib:/opt/ros/foxy/opt/yaml_cpp_vendor/lib:/opt/ros/foxy/opt/rviz_ogre_vendor/lib:/opt/ros/foxy/lib/x86_64-linux-gnu:/opt/ros/foxy/lib PYTHONPATH=/home/naoya/wildpose_v1.3/wildpose/install/livox_interfaces/lib/python3.8/site-packages:/home/naoya/wildpose_v1.3/wildpose/install/motor_controller_pkg/lib/python3.8/site-packages:/home/naoya/wildpose_v1.3/wildpose/install/lidar_control_package/lib/python3.8/site-packages:/home/naoya/wildpose_v1.3/wildpose/install/dji_rs3_pkg/lib/python3.8/site-packages:/home/naoya/wildpose_v1.3/wildpose/install/wildpose_interfaces/lib/python3.8/site-packages:/home/naoya/wildpose_v1.3/wildpose/install/gamepad_pkg/lib/python3.8/site-packages:/home/naoya/Wildpose_v1.33/wildpose/install/motor_controller_pkg/lib/python3.8/site-packages:/home/naoya/Wildpose_v1.33/wildpose/install/lidar_control_package/lib/python3.8/site-packages:/home/naoya/Wildpose_v1.33/wildpose/install/dji_rs3_pkg/lib/python3.8/site-packages:/home/naoya/Wildpose_v1.33/wildpose/install/wildpose_interfaces/lib/python3.8/site-packages:/home/naoya/Wildpose_v1.33/wildpose/install/livox_interfaces/lib/python3.8/site-packages:/home/naoya/Wildpose_v1.33/wildpose/install/gamepad_pkg/lib/python3.8/site-packages:/home/naoya/WildPose_v1.2/wildpose/build/motor_controller_pkg:/home/naoya/WildPose_v1.2/wildpose/install/motor_controller_pkg/lib/python3.8/site-packages:/home/naoya/WildPose_v1.2/wildpose/install/wildpose_interfaces/lib/python3.8/site-packages:/home/naoya/WildPose_v1.2/wildpose/build/gamepad_pkg:/home/naoya/WildPose_v1.2/wildpose/install/gamepad_pkg/lib/python3.8/site-packages:/home/naoya/ros2_ws/livox_ros2_driver/install/livox_interfaces/lib/python3.8/site-packages:/opt/ros/foxy/lib/python3.8/site-packages /usr/bin/cmake --build /home/naoya/wildpose_v1.3/wildpose/build/livox_ros2_driver -- -j16 -l16
[8.978s] Invoking command in '/home/naoya/wildpose_v1.3/wildpose/build/livox_ros2_driver': CMAKE_PREFIX_PATH=/home/naoya/wildpose_v1.3/wildpose/install/livox_sdk_vendor:/home/naoya/wildpose_v1.3/wildpose/install/livox_interfaces:/home/naoya/wildpose_v1.3/wildpose/install/wildpose_bringup:/home/naoya/wildpose_v1.3/wildpose/install/ximea_ros2_cam:/home/naoya/wildpose_v1.3/wildpose/install/wildpose_interfaces:/home/naoya/wildpose_v1.3/wildpose/install/livox_ros2_driver:/home/naoya/wildpose_v1.3/wildpose/install/iris_controller:/home/naoya/Wildpose_v1.33/wildpose/install/wildpose_bringup:/home/naoya/Wildpose_v1.33/wildpose/install/ximea_ros2_cam:/home/naoya/Wildpose_v1.33/wildpose/install/lidar_control_package:/home/naoya/Wildpose_v1.33/wildpose/install/wildpose_interfaces:/home/naoya/Wildpose_v1.33/wildpose/install/livox_ros2_driver:/home/naoya/Wildpose_v1.33/wildpose/install/livox_sdk_vendor:/home/naoya/Wildpose_v1.33/wildpose/install/livox_interfaces:/home/naoya/WildPose_v1.2/wildpose/install/wildpose_bringup:/home/naoya/WildPose_v1.2/wildpose/install/wildpose_interfaces:/home/naoya/ros2_ws/livox_ros2_driver/install/livox_ros2_driver:/home/naoya/ros2_ws/livox_ros2_driver/install/livox_sdk_vendor:/home/naoya/ros2_ws/livox_ros2_driver/install/livox_interfaces:/home/naoya/ros2_ws/ximea_ros2_cam/install/ximea_ros2_cam:/home/naoya/ros2_ws/rmw_ecal/install/rmw_ecal_dynamic_cpp:/home/naoya/ros2_ws/rmw_ecal/install/rmw_ecal_shared_cpp:/home/naoya/wildpose_v1.3/wildpose/install/motor_controller_pkg:/home/naoya/wildpose_v1.3/wildpose/install/lidar_control_package:/home/naoya/wildpose_v1.3/wildpose/install/dji_rs3_pkg:/home/naoya/wildpose_v1.3/wildpose/install/gamepad_pkg:/home/naoya/Wildpose_v1.33/wildpose/install/motor_controller_pkg:/home/naoya/Wildpose_v1.33/wildpose/install/dji_rs3_pkg:/home/naoya/Wildpose_v1.33/wildpose/install/gamepad_pkg:/home/naoya/WildPose_v1.2/wildpose/install/motor_controller_pkg:/home/naoya/WildPose_v1.2/wildpose/install/gamepad_pkg:/opt/ros/foxy LD_LIBRARY_PATH=/home/naoya/wildpose_v1.3/wildpose/install/livox_interfaces/lib:/home/naoya/wildpose_v1.3/wildpose/install/wildpose_interfaces/lib:/home/naoya/wildpose_v1.3/wildpose/install/livox_ros2_driver/lib:/home/naoya/Wildpose_v1.33/wildpose/install/wildpose_interfaces/lib:/home/naoya/Wildpose_v1.33/wildpose/install/livox_ros2_driver/lib:/home/naoya/Wildpose_v1.33/wildpose/install/livox_interfaces/lib:/home/naoya/WildPose_v1.2/wildpose/install/wildpose_interfaces/lib:/home/naoya/ros2_ws/livox_ros2_driver/install/livox_ros2_driver/lib:/home/naoya/ros2_ws/livox_ros2_driver/install/livox_interfaces/lib:/home/naoya/ros2_ws/rmw_ecal/install/rmw_ecal_dynamic_cpp/lib:/home/naoya/ros2_ws/rmw_ecal/install/rmw_ecal_shared_cpp/lib:/opt/ros/foxy/opt/yaml_cpp_vendor/lib:/opt/ros/foxy/opt/rviz_ogre_vendor/lib:/opt/ros/foxy/lib/x86_64-linux-gnu:/opt/ros/foxy/lib PYTHONPATH=/home/naoya/wildpose_v1.3/wildpose/install/livox_interfaces/lib/python3.8/site-packages:/home/naoya/wildpose_v1.3/wildpose/install/motor_controller_pkg/lib/python3.8/site-packages:/home/naoya/wildpose_v1.3/wildpose/install/lidar_control_package/lib/python3.8/site-packages:/home/naoya/wildpose_v1.3/wildpose/install/dji_rs3_pkg/lib/python3.8/site-packages:/home/naoya/wildpose_v1.3/wildpose/install/wildpose_interfaces/lib/python3.8/site-packages:/home/naoya/wildpose_v1.3/wildpose/install/gamepad_pkg/lib/python3.8/site-packages:/home/naoya/Wildpose_v1.33/wildpose/install/motor_controller_pkg/lib/python3.8/site-packages:/home/naoya/Wildpose_v1.33/wildpose/install/lidar_control_package/lib/python3.8/site-packages:/home/naoya/Wildpose_v1.33/wildpose/install/dji_rs3_pkg/lib/python3.8/site-packages:/home/naoya/Wildpose_v1.33/wildpose/install/wildpose_interfaces/lib/python3.8/site-packages:/home/naoya/Wildpose_v1.33/wildpose/install/livox_interfaces/lib/python3.8/site-packages:/home/naoya/Wildpose_v1.33/wildpose/install/gamepad_pkg/lib/python3.8/site-packages:/home/naoya/WildPose_v1.2/wildpose/build/motor_controller_pkg:/home/naoya/WildPose_v1.2/wildpose/install/motor_controller_pkg/lib/python3.8/site-packages:/home/naoya/WildPose_v1.2/wildpose/install/wildpose_interfaces/lib/python3.8/site-packages:/home/naoya/WildPose_v1.2/wildpose/build/gamepad_pkg:/home/naoya/WildPose_v1.2/wildpose/install/gamepad_pkg/lib/python3.8/site-packages:/home/naoya/ros2_ws/livox_ros2_driver/install/livox_interfaces/lib/python3.8/site-packages:/opt/ros/foxy/lib/python3.8/site-packages /usr/bin/cmake --install /home/naoya/wildpose_v1.3/wildpose/build/livox_ros2_driver
[8.983s] -- Install configuration: ""
[8.984s] -- Installing: /home/naoya/wildpose_v1.3/wildpose/install/livox_ros2_driver/lib/livox_ros2_driver/livox_ros2_driver_node
[8.984s] -- Set runtime path of "/home/naoya/wildpose_v1.3/wildpose/install/livox_ros2_driver/lib/livox_ros2_driver/livox_ros2_driver_node" to ""
[8.984s] -- Installing: /home/naoya/wildpose_v1.3/wildpose/install/livox_ros2_driver/share/livox_ros2_driver/environment/library_path.sh
[8.984s] -- Installing: /home/naoya/wildpose_v1.3/wildpose/install/livox_ros2_driver/share/livox_ros2_driver/environment/library_path.dsv
[8.984s] -- Installing: /home/naoya/wildpose_v1.3/wildpose/install/livox_ros2_driver/lib/liblivox_ros2_driver.so
[8.988s] -- Set runtime path of "/home/naoya/wildpose_v1.3/wildpose/install/livox_ros2_driver/lib/liblivox_ros2_driver.so" to ""
[8.988s] -- Installing: /home/naoya/wildpose_v1.3/wildpose/install/livox_ros2_driver/share/livox_ros2_driver/config
[8.989s] -- Installing: /home/naoya/wildpose_v1.3/wildpose/install/livox_ros2_driver/share/livox_ros2_driver/config/livox_hub_config.json
[8.989s] -- Installing: /home/naoya/wildpose_v1.3/wildpose/install/livox_ros2_driver/share/livox_ros2_driver/config/livox_lidar_config.json
[8.989s] -- Installing: /home/naoya/wildpose_v1.3/wildpose/install/livox_ros2_driver/share/livox_ros2_driver/config/livox_hub.rviz
[8.989s] -- Installing: /home/naoya/wildpose_v1.3/wildpose/install/livox_ros2_driver/share/livox_ros2_driver/config/livox_lidar.rviz
[8.989s] -- Installing: /home/naoya/wildpose_v1.3/wildpose/install/livox_ros2_driver/share/livox_ros2_driver/launch
[8.989s] -- Installing: /home/naoya/wildpose_v1.3/wildpose/install/livox_ros2_driver/share/livox_ros2_driver/launch/livox_hub_launch.py
[8.989s] -- Installing: /home/naoya/wildpose_v1.3/wildpose/install/livox_ros2_driver/share/livox_ros2_driver/launch/livox_lidar_launch.py
[8.989s] -- Installing: /home/naoya/wildpose_v1.3/wildpose/install/livox_ros2_driver/share/livox_ros2_driver/launch/livox_hub_rviz_launch.py
[8.989s] -- Installing: /home/naoya/wildpose_v1.3/wildpose/install/livox_ros2_driver/share/livox_ros2_driver/launch/livox_template_launch.py
[8.989s] -- Installing: /home/naoya/wildpose_v1.3/wildpose/install/livox_ros2_driver/share/livox_ros2_driver/launch/livox_lidar_msg_launch.py
[8.990s] -- Installing: /home/naoya/wildpose_v1.3/wildpose/install/livox_ros2_driver/share/livox_ros2_driver/launch/livox_lidar_rviz_launch.py
[8.990s] -- Installing: /home/naoya/wildpose_v1.3/wildpose/install/livox_ros2_driver/share/livox_ros2_driver/launch/livox_hub_msg_launch .py
[8.990s] -- Installing: /home/naoya/wildpose_v1.3/wildpose/install/livox_ros2_driver/share/ament_index/resource_index/package_run_dependencies/livox_ros2_driver
[8.990s] -- Installing: /home/naoya/wildpose_v1.3/wildpose/install/livox_ros2_driver/share/ament_index/resource_index/parent_prefix_path/livox_ros2_driver
[8.990s] -- Installing: /home/naoya/wildpose_v1.3/wildpose/install/livox_ros2_driver/share/livox_ros2_driver/environment/ament_prefix_path.sh
[8.990s] -- Installing: /home/naoya/wildpose_v1.3/wildpose/install/livox_ros2_driver/share/livox_ros2_driver/environment/ament_prefix_path.dsv
[8.990s] -- Installing: /home/naoya/wildpose_v1.3/wildpose/install/livox_ros2_driver/share/livox_ros2_driver/environment/path.sh
[8.991s] -- Installing: /home/naoya/wildpose_v1.3/wildpose/install/livox_ros2_driver/share/livox_ros2_driver/environment/path.dsv
[8.991s] -- Installing: /home/naoya/wildpose_v1.3/wildpose/install/livox_ros2_driver/share/livox_ros2_driver/local_setup.bash
[8.991s] -- Installing: /home/naoya/wildpose_v1.3/wildpose/install/livox_ros2_driver/share/livox_ros2_driver/local_setup.sh
[8.991s] -- Installing: /home/naoya/wildpose_v1.3/wildpose/install/livox_ros2_driver/share/livox_ros2_driver/local_setup.zsh
[8.991s] -- Installing: /home/naoya/wildpose_v1.3/wildpose/install/livox_ros2_driver/share/livox_ros2_driver/local_setup.dsv
[8.991s] -- Installing: /home/naoya/wildpose_v1.3/wildpose/install/livox_ros2_driver/share/livox_ros2_driver/package.dsv
[8.992s] -- Installing: /home/naoya/wildpose_v1.3/wildpose/install/livox_ros2_driver/share/ament_index/resource_index/packages/livox_ros2_driver
[8.992s] -- Installing: /home/naoya/wildpose_v1.3/wildpose/install/livox_ros2_driver/share/ament_index/resource_index/rclcpp_components/livox_ros2_driver
[8.992s] -- Installing: /home/naoya/wildpose_v1.3/wildpose/install/livox_ros2_driver/share/livox_ros2_driver/cmake/ament_cmake_export_dependencies-extras.cmake
[8.992s] -- Installing: /home/naoya/wildpose_v1.3/wildpose/install/livox_ros2_driver/share/livox_ros2_driver/cmake/ament_cmake_export_libraries-extras.cmake
[8.992s] -- Installing: /home/naoya/wildpose_v1.3/wildpose/install/livox_ros2_driver/share/livox_ros2_driver/cmake/livox_ros2_driverConfig.cmake
[8.992s] -- Installing: /home/naoya/wildpose_v1.3/wildpose/install/livox_ros2_driver/share/livox_ros2_driver/cmake/livox_ros2_driverConfig-version.cmake
[8.993s] -- Installing: /home/naoya/wildpose_v1.3/wildpose/install/livox_ros2_driver/share/livox_ros2_driver/package.xml
[8.993s] Invoked command in '/home/naoya/wildpose_v1.3/wildpose/build/livox_ros2_driver' returned '0': CMAKE_PREFIX_PATH=/home/naoya/wildpose_v1.3/wildpose/install/livox_sdk_vendor:/home/naoya/wildpose_v1.3/wildpose/install/livox_interfaces:/home/naoya/wildpose_v1.3/wildpose/install/wildpose_bringup:/home/naoya/wildpose_v1.3/wildpose/install/ximea_ros2_cam:/home/naoya/wildpose_v1.3/wildpose/install/wildpose_interfaces:/home/naoya/wildpose_v1.3/wildpose/install/livox_ros2_driver:/home/naoya/wildpose_v1.3/wildpose/install/iris_controller:/home/naoya/Wildpose_v1.33/wildpose/install/wildpose_bringup:/home/naoya/Wildpose_v1.33/wildpose/install/ximea_ros2_cam:/home/naoya/Wildpose_v1.33/wildpose/install/lidar_control_package:/home/naoya/Wildpose_v1.33/wildpose/install/wildpose_interfaces:/home/naoya/Wildpose_v1.33/wildpose/install/livox_ros2_driver:/home/naoya/Wildpose_v1.33/wildpose/install/livox_sdk_vendor:/home/naoya/Wildpose_v1.33/wildpose/install/livox_interfaces:/home/naoya/WildPose_v1.2/wildpose/install/wildpose_bringup:/home/naoya/WildPose_v1.2/wildpose/install/wildpose_interfaces:/home/naoya/ros2_ws/livox_ros2_driver/install/livox_ros2_driver:/home/naoya/ros2_ws/livox_ros2_driver/install/livox_sdk_vendor:/home/naoya/ros2_ws/livox_ros2_driver/install/livox_interfaces:/home/naoya/ros2_ws/ximea_ros2_cam/install/ximea_ros2_cam:/home/naoya/ros2_ws/rmw_ecal/install/rmw_ecal_dynamic_cpp:/home/naoya/ros2_ws/rmw_ecal/install/rmw_ecal_shared_cpp:/home/naoya/wildpose_v1.3/wildpose/install/motor_controller_pkg:/home/naoya/wildpose_v1.3/wildpose/install/lidar_control_package:/home/naoya/wildpose_v1.3/wildpose/install/dji_rs3_pkg:/home/naoya/wildpose_v1.3/wildpose/install/gamepad_pkg:/home/naoya/Wildpose_v1.33/wildpose/install/motor_controller_pkg:/home/naoya/Wildpose_v1.33/wildpose/install/dji_rs3_pkg:/home/naoya/Wildpose_v1.33/wildpose/install/gamepad_pkg:/home/naoya/WildPose_v1.2/wildpose/install/motor_controller_pkg:/home/naoya/WildPose_v1.2/wildpose/install/gamepad_pkg:/opt/ros/foxy LD_LIBRARY_PATH=/home/naoya/wildpose_v1.3/wildpose/install/livox_interfaces/lib:/home/naoya/wildpose_v1.3/wildpose/install/wildpose_interfaces/lib:/home/naoya/wildpose_v1.3/wildpose/install/livox_ros2_driver/lib:/home/naoya/Wildpose_v1.33/wildpose/install/wildpose_interfaces/lib:/home/naoya/Wildpose_v1.33/wildpose/install/livox_ros2_driver/lib:/home/naoya/Wildpose_v1.33/wildpose/install/livox_interfaces/lib:/home/naoya/WildPose_v1.2/wildpose/install/wildpose_interfaces/lib:/home/naoya/ros2_ws/livox_ros2_driver/install/livox_ros2_driver/lib:/home/naoya/ros2_ws/livox_ros2_driver/install/livox_interfaces/lib:/home/naoya/ros2_ws/rmw_ecal/install/rmw_ecal_dynamic_cpp/lib:/home/naoya/ros2_ws/rmw_ecal/install/rmw_ecal_shared_cpp/lib:/opt/ros/foxy/opt/yaml_cpp_vendor/lib:/opt/ros/foxy/opt/rviz_ogre_vendor/lib:/opt/ros/foxy/lib/x86_64-linux-gnu:/opt/ros/foxy/lib PYTHONPATH=/home/naoya/wildpose_v1.3/wildpose/install/livox_interfaces/lib/python3.8/site-packages:/home/naoya/wildpose_v1.3/wildpose/install/motor_controller_pkg/lib/python3.8/site-packages:/home/naoya/wildpose_v1.3/wildpose/install/lidar_control_package/lib/python3.8/site-packages:/home/naoya/wildpose_v1.3/wildpose/install/dji_rs3_pkg/lib/python3.8/site-packages:/home/naoya/wildpose_v1.3/wildpose/install/wildpose_interfaces/lib/python3.8/site-packages:/home/naoya/wildpose_v1.3/wildpose/install/gamepad_pkg/lib/python3.8/site-packages:/home/naoya/Wildpose_v1.33/wildpose/install/motor_controller_pkg/lib/python3.8/site-packages:/home/naoya/Wildpose_v1.33/wildpose/install/lidar_control_package/lib/python3.8/site-packages:/home/naoya/Wildpose_v1.33/wildpose/install/dji_rs3_pkg/lib/python3.8/site-packages:/home/naoya/Wildpose_v1.33/wildpose/install/wildpose_interfaces/lib/python3.8/site-packages:/home/naoya/Wildpose_v1.33/wildpose/install/livox_interfaces/lib/python3.8/site-packages:/home/naoya/Wildpose_v1.33/wildpose/install/gamepad_pkg/lib/python3.8/site-packages:/home/naoya/WildPose_v1.2/wildpose/build/motor_controller_pkg:/home/naoya/WildPose_v1.2/wildpose/install/motor_controller_pkg/lib/python3.8/site-packages:/home/naoya/WildPose_v1.2/wildpose/install/wildpose_interfaces/lib/python3.8/site-packages:/home/naoya/WildPose_v1.2/wildpose/build/gamepad_pkg:/home/naoya/WildPose_v1.2/wildpose/install/gamepad_pkg/lib/python3.8/site-packages:/home/naoya/ros2_ws/livox_ros2_driver/install/livox_interfaces/lib/python3.8/site-packages:/opt/ros/foxy/lib/python3.8/site-packages /usr/bin/cmake --install /home/naoya/wildpose_v1.3/wildpose/build/livox_ros2_driver
