-- livox_ros2_driver version: 0.0.1
-- Found ament_cmake_auto: 0.9.12 (/opt/ros/foxy/share/ament_cmake_auto/cmake)
-- Using PYTHON_EXECUTABLE: /usr/bin/python3
-- Using all available rosidl_typesupport_c: rosidl_typesupport_fastrtps_c;rosidl_typesupport_introspection_c
-- Found rosidl_adapter: 1.3.1 (/opt/ros/foxy/share/rosidl_adapter/cmake)
-- Using all available rosidl_typesupport_cpp: rosidl_typesupport_fastrtps_cpp;rosidl_typesupport_introspection_cpp
-- Found rmw_implementation_cmake: 1.0.4 (/opt/ros/foxy/share/rmw_implementation_cmake/cmake)
-- Using RMW implementation 'rmw_fastrtps_cpp' as default
-- Eigen found (include: /usr/include/eigen3, version: 3.4.0)
-- The imported target "vtkParseOGLExt" references the file
   "/usr/bin/vtkParseOGLExt-7.1"
but this file does not exist.  Possible reasons include:
* The file was deleted, renamed, or moved to another location.
* An install or uninstall procedure did not complete successfully.
* The installation package was faulty and contained
   "/usr/lib/cmake/vtk-7.1/VTKTargets.cmake"
but not all the files it references.

-- The imported target "vtkRenderingPythonTkWidgets" references the file
   "/usr/lib/x86_64-linux-gnu/libvtkRenderingPythonTkWidgets.so"
but this file does not exist.  Possible reasons include:
* The file was deleted, renamed, or moved to another location.
* An install or uninstall procedure did not complete successfully.
* The installation package was faulty and contained
   "/usr/lib/cmake/vtk-7.1/VTKTargets.cmake"
but not all the files it references.

-- The imported target "vtk" references the file
   "/usr/bin/vtk"
but this file does not exist.  Possible reasons include:
* The file was deleted, renamed, or moved to another location.
* An install or uninstall procedure did not complete successfully.
* The installation package was faulty and contained
   "/usr/lib/cmake/vtk-7.1/VTKTargets.cmake"
but not all the files it references.

-- The imported target "pvtk" references the file
   "/usr/bin/pvtk"
but this file does not exist.  Possible reasons include:
* The file was deleted, renamed, or moved to another location.
* An install or uninstall procedure did not complete successfully.
* The installation package was faulty and contained
   "/usr/lib/cmake/vtk-7.1/VTKTargets.cmake"
but not all the files it references.

-- OpenNI found (include: /usr/include/ni, lib: /usr/lib/libOpenNI.so)
-- OpenNI2 found (include: /usr/include/openni2, lib: /usr/lib/libOpenNI2.so)
-- OpenNI found (include: /usr/include/ni, lib: /usr/lib/libOpenNI.so)
-- OpenNI2 found (include: /usr/include/openni2, lib: /usr/lib/libOpenNI2.so)
-- QHULL found (include: /usr/include, lib: optimized;/usr/lib/x86_64-linux-gnu/libqhull.so;debug;/usr/lib/x86_64-linux-gnu/libqhull.so)
-- OpenNI found (include: /usr/include/ni, lib: /usr/lib/libOpenNI.so)
-- looking for PCL_COMMON
-- looking for PCL_KDTREE
-- looking for PCL_OCTREE
-- looking for PCL_SEARCH
-- looking for PCL_SAMPLE_CONSENSUS
-- looking for PCL_FILTERS
-- looking for PCL_2D
-- looking for PCL_GEOMETRY
-- looking for PCL_IO
-- looking for PCL_FEATURES
-- looking for PCL_ML
-- looking for PCL_SEGMENTATION
-- looking for PCL_VISUALIZATION
-- looking for PCL_SURFACE
-- looking for PCL_REGISTRATION
-- looking for PCL_KEYPOINTS
-- looking for PCL_TRACKING
-- looking for PCL_RECOGNITION
-- looking for PCL_STEREO
-- looking for PCL_APPS
-- looking for PCL_IN_HAND_SCANNER
-- looking for PCL_POINT_CLOUD_EDITOR
-- looking for PCL_OUTOFCORE
-- looking for PCL_PEOPLE
-- Found ament_lint_auto: 0.9.8 (/opt/ros/foxy/share/ament_lint_auto/cmake)
-- Added test 'copyright' to check source files copyright and LICENSE
-- Added test 'cppcheck' to perform static code analysis on C / C++ code
-- Configured cppcheck include dirs: /home/m2s2/WildPose_v1.2-main/wildpose/src/livox_lidar_ROS2_driver/livox_ros2_driver/common;/home/m2s2/WildPose_v1.2-main/wildpose/src/livox_lidar_ROS2_driver/livox_ros2_driver/common/rapidjson;/home/m2s2/WildPose_v1.2-main/wildpose/src/livox_lidar_ROS2_driver/livox_ros2_driver/comon/rapdidxml;/home/m2s2/WildPose_v1.2-main/wildpose/src/livox_lidar_ROS2_driver/livox_ros2_driver/common/comm;/home/m2s2/WildPose_v1.2-main/wildpose/src/livox_lidar_ROS2_driver/livox_ros2_driver/timesync;/home/m2s2/WildPose_v1.2-main/wildpose/src/livox_lidar_ROS2_driver/livox_ros2_driver/timesync/user_uart;/home/m2s2/WildPose_v1.2-main/wildpose/src/livox_lidar_ROS2_driver/livox_ros2_driver/livox_ros2_driver
-- Configured cppcheck exclude dirs and/or files: 
-- Added test 'cpplint' to check C / C++ code against the Google style
-- Configured cpplint exclude dirs and/or files: 
-- Added test 'flake8' to check Python code syntax and style conventions
-- Added test 'lint_cmake' to check CMake code style
-- Added test 'pep257' to check Python code against some of the style conventions in PEP 257
-- Added test 'uncrustify' to check C / C++ code style
-- Configured uncrustify additional arguments: 
-- Added test 'xmllint' to check XML markup files
-- Configuring done
-- Generating done
-- Build files have been written to: /home/m2s2/WildPose_v1.2-main/wildpose/build/livox_ros2_driver
[35m[1mConsolidate compiler generated dependencies of target livox_ros2_driver_node[0m
[35m[1mConsolidate compiler generated dependencies of target livox_ros2_driver[0m
[ 12%] Built target livox_ros2_driver_node
[ 25%] [32mBuilding CXX object CMakeFiles/livox_ros2_driver.dir/livox_ros2_driver/lds.cpp.o[0m
[ 25%] [32mBuilding CXX object CMakeFiles/livox_ros2_driver.dir/livox_ros2_driver/ldq.cpp.o[0m
[ 43%] [32mBuilding CXX object CMakeFiles/livox_ros2_driver.dir/livox_ros2_driver/lvx_file.cpp.o[0m
[ 43%] [32mBuilding CXX object CMakeFiles/livox_ros2_driver.dir/livox_ros2_driver/lds_lidar.cpp.o[0m
[ 43%] [32mBuilding CXX object CMakeFiles/livox_ros2_driver.dir/livox_ros2_driver/lds_lvx.cpp.o[0m
[ 50%] [32mBuilding CXX object CMakeFiles/livox_ros2_driver.dir/livox_ros2_driver/lds_hub.cpp.o[0m
[ 62%] [32mBuilding CXX object CMakeFiles/livox_ros2_driver.dir/common/comm/sdk_protocol.cpp.o[0m
[ 62%] [32mBuilding CXX object CMakeFiles/livox_ros2_driver.dir/timesync/timesync.cpp.o[0m
[ 68%] [32mBuilding CXX object CMakeFiles/livox_ros2_driver.dir/common/comm/comm_protocol.cpp.o[0m
[ 75%] [32mBuilding CXX object CMakeFiles/livox_ros2_driver.dir/livox_ros2_driver/lddc.cpp.o[0m
[ 81%] [32mBuilding CXX object CMakeFiles/livox_ros2_driver.dir/common/comm/gps_protocol.cpp.o[0m
[ 87%] [32mBuilding CXX object CMakeFiles/livox_ros2_driver.dir/livox_ros2_driver/livox_ros2_driver.cpp.o[0m
[ 93%] [32mBuilding CXX object CMakeFiles/livox_ros2_driver.dir/timesync/user_uart/user_uart.cpp.o[0m
[100%] [32m[1mLinking CXX shared library liblivox_ros2_driver.so[0m
[100%] Built target livox_ros2_driver
-- Install configuration: ""
-- Installing: /home/m2s2/WildPose_v1.2-main/wildpose/install/livox_ros2_driver/lib/livox_ros2_driver/livox_ros2_driver_node
-- Set runtime path of "/home/m2s2/WildPose_v1.2-main/wildpose/install/livox_ros2_driver/lib/livox_ros2_driver/livox_ros2_driver_node" to ""
-- Installing: /home/m2s2/WildPose_v1.2-main/wildpose/install/livox_ros2_driver/share/livox_ros2_driver/environment/library_path.sh
-- Installing: /home/m2s2/WildPose_v1.2-main/wildpose/install/livox_ros2_driver/share/livox_ros2_driver/environment/library_path.dsv
-- Installing: /home/m2s2/WildPose_v1.2-main/wildpose/install/livox_ros2_driver/lib/liblivox_ros2_driver.so
-- Set runtime path of "/home/m2s2/WildPose_v1.2-main/wildpose/install/livox_ros2_driver/lib/liblivox_ros2_driver.so" to ""
-- Installing: /home/m2s2/WildPose_v1.2-main/wildpose/install/livox_ros2_driver/share/livox_ros2_driver/config
-- Installing: /home/m2s2/WildPose_v1.2-main/wildpose/install/livox_ros2_driver/share/livox_ros2_driver/config/livox_lidar_config.json
-- Installing: /home/m2s2/WildPose_v1.2-main/wildpose/install/livox_ros2_driver/share/livox_ros2_driver/config/livox_hub.rviz
-- Installing: /home/m2s2/WildPose_v1.2-main/wildpose/install/livox_ros2_driver/share/livox_ros2_driver/config/livox_lidar.rviz
-- Installing: /home/m2s2/WildPose_v1.2-main/wildpose/install/livox_ros2_driver/share/livox_ros2_driver/config/livox_hub_config.json
-- Installing: /home/m2s2/WildPose_v1.2-main/wildpose/install/livox_ros2_driver/share/livox_ros2_driver/launch
-- Installing: /home/m2s2/WildPose_v1.2-main/wildpose/install/livox_ros2_driver/share/livox_ros2_driver/launch/livox_lidar_launch.py
-- Installing: /home/m2s2/WildPose_v1.2-main/wildpose/install/livox_ros2_driver/share/livox_ros2_driver/launch/livox_template_launch.py
-- Installing: /home/m2s2/WildPose_v1.2-main/wildpose/install/livox_ros2_driver/share/livox_ros2_driver/launch/livox_lidar_msg_launch.py
-- Installing: /home/m2s2/WildPose_v1.2-main/wildpose/install/livox_ros2_driver/share/livox_ros2_driver/launch/livox_hub_msg_launch .py
-- Installing: /home/m2s2/WildPose_v1.2-main/wildpose/install/livox_ros2_driver/share/livox_ros2_driver/launch/livox_hub_rviz_launch.py
-- Installing: /home/m2s2/WildPose_v1.2-main/wildpose/install/livox_ros2_driver/share/livox_ros2_driver/launch/livox_lidar_rviz_launch.py
-- Installing: /home/m2s2/WildPose_v1.2-main/wildpose/install/livox_ros2_driver/share/livox_ros2_driver/launch/livox_hub_launch.py
-- Installing: /home/m2s2/WildPose_v1.2-main/wildpose/install/livox_ros2_driver/share/ament_index/resource_index/package_run_dependencies/livox_ros2_driver
-- Installing: /home/m2s2/WildPose_v1.2-main/wildpose/install/livox_ros2_driver/share/ament_index/resource_index/parent_prefix_path/livox_ros2_driver
-- Installing: /home/m2s2/WildPose_v1.2-main/wildpose/install/livox_ros2_driver/share/livox_ros2_driver/environment/ament_prefix_path.sh
-- Installing: /home/m2s2/WildPose_v1.2-main/wildpose/install/livox_ros2_driver/share/livox_ros2_driver/environment/ament_prefix_path.dsv
-- Installing: /home/m2s2/WildPose_v1.2-main/wildpose/install/livox_ros2_driver/share/livox_ros2_driver/environment/path.sh
-- Installing: /home/m2s2/WildPose_v1.2-main/wildpose/install/livox_ros2_driver/share/livox_ros2_driver/environment/path.dsv
-- Installing: /home/m2s2/WildPose_v1.2-main/wildpose/install/livox_ros2_driver/share/livox_ros2_driver/local_setup.bash
-- Installing: /home/m2s2/WildPose_v1.2-main/wildpose/install/livox_ros2_driver/share/livox_ros2_driver/local_setup.sh
-- Installing: /home/m2s2/WildPose_v1.2-main/wildpose/install/livox_ros2_driver/share/livox_ros2_driver/local_setup.zsh
-- Installing: /home/m2s2/WildPose_v1.2-main/wildpose/install/livox_ros2_driver/share/livox_ros2_driver/local_setup.dsv
-- Installing: /home/m2s2/WildPose_v1.2-main/wildpose/install/livox_ros2_driver/share/livox_ros2_driver/package.dsv
-- Installing: /home/m2s2/WildPose_v1.2-main/wildpose/install/livox_ros2_driver/share/ament_index/resource_index/packages/livox_ros2_driver
-- Installing: /home/m2s2/WildPose_v1.2-main/wildpose/install/livox_ros2_driver/share/ament_index/resource_index/rclcpp_components/livox_ros2_driver
-- Installing: /home/m2s2/WildPose_v1.2-main/wildpose/install/livox_ros2_driver/share/livox_ros2_driver/cmake/ament_cmake_export_dependencies-extras.cmake
-- Installing: /home/m2s2/WildPose_v1.2-main/wildpose/install/livox_ros2_driver/share/livox_ros2_driver/cmake/ament_cmake_export_libraries-extras.cmake
-- Installing: /home/m2s2/WildPose_v1.2-main/wildpose/install/livox_ros2_driver/share/livox_ros2_driver/cmake/livox_ros2_driverConfig.cmake
-- Installing: /home/m2s2/WildPose_v1.2-main/wildpose/install/livox_ros2_driver/share/livox_ros2_driver/cmake/livox_ros2_driverConfig-version.cmake
-- Installing: /home/m2s2/WildPose_v1.2-main/wildpose/install/livox_ros2_driver/share/livox_ros2_driver/package.xml
