[  2%] [34m[1mGenerating C code for ROS interfaces[0m
[  5%] [34m[1mGenerating C++ code for ROS interfaces[0m
[  5%] Built target livox_interfaces__cpp
[  7%] [34m[1mGenerating C++ type support dispatch for ROS interfaces[0m
[ 10%] [34m[1mGenerating C++ type support for eProsima Fast-RTPS[0m
[ 12%] [34m[1mGenerating C++ introspection for ROS interfaces[0m
[ 15%] [32mBuilding C object CMakeFiles/livox_interfaces__rosidl_generator_c.dir/rosidl_generator_c/livox_interfaces/msg/detail/custom_point__functions.c.o[0m
[ 17%] [32mBuilding C object CMakeFiles/livox_interfaces__rosidl_generator_c.dir/rosidl_generator_c/livox_interfaces/msg/detail/custom_msg__functions.c.o[0m
[ 20%] [32m[1mLinking C shared library liblivox_interfaces__rosidl_generator_c.so[0m
[ 20%] Built target livox_interfaces__rosidl_generator_c
[ 23%] [32mBuilding CXX object CMakeFiles/livox_interfaces__rosidl_typesupport_cpp.dir/rosidl_typesupport_cpp/livox_interfaces/msg/custom_point__type_support.cpp.o[0m
[ 25%] [32mBuilding CXX object CMakeFiles/livox_interfaces__rosidl_typesupport_cpp.dir/rosidl_typesupport_cpp/livox_interfaces/msg/custom_msg__type_support.cpp.o[0m
[ 28%] [34m[1mGenerating C type support dispatch for ROS interfaces[0m
[ 30%] [32mBuilding CXX object CMakeFiles/livox_interfaces__rosidl_typesupport_introspection_cpp.dir/rosidl_typesupport_introspection_cpp/livox_interfaces/msg/detail/custom_msg__type_support.cpp.o[0m
[ 33%] [32mBuilding CXX object CMakeFiles/livox_interfaces__rosidl_typesupport_introspection_cpp.dir/rosidl_typesupport_introspection_cpp/livox_interfaces/msg/detail/custom_point__type_support.cpp.o[0m
[ 35%] [34m[1mGenerating C introspection for ROS interfaces[0m
[ 38%] [32mBuilding CXX object CMakeFiles/livox_interfaces__rosidl_typesupport_fastrtps_cpp.dir/rosidl_typesupport_fastrtps_cpp/livox_interfaces/msg/detail/dds_fastrtps/custom_point__type_support.cpp.o[0m
[ 41%] [32mBuilding CXX object CMakeFiles/livox_interfaces__rosidl_typesupport_fastrtps_cpp.dir/rosidl_typesupport_fastrtps_cpp/livox_interfaces/msg/detail/dds_fastrtps/custom_msg__type_support.cpp.o[0m
[ 43%] [32m[1mLinking CXX shared library liblivox_interfaces__rosidl_typesupport_cpp.so[0m
[ 43%] Built target livox_interfaces__rosidl_typesupport_cpp
[ 46%] [32mBuilding CXX object CMakeFiles/livox_interfaces__rosidl_typesupport_c.dir/rosidl_typesupport_c/livox_interfaces/msg/custom_point__type_support.cpp.o[0m
[ 48%] [32mBuilding CXX object CMakeFiles/livox_interfaces__rosidl_typesupport_c.dir/rosidl_typesupport_c/livox_interfaces/msg/custom_msg__type_support.cpp.o[0m
[ 51%] [32mBuilding C object CMakeFiles/livox_interfaces__rosidl_typesupport_introspection_c.dir/rosidl_typesupport_introspection_c/livox_interfaces/msg/detail/custom_msg__type_support.c.o[0m
[ 56%] [32m[1mLinking CXX shared library liblivox_interfaces__rosidl_typesupport_introspection_cpp.so[0m
[ 56%] [32mBuilding C object CMakeFiles/livox_interfaces__rosidl_typesupport_introspection_c.dir/rosidl_typesupport_introspection_c/livox_interfaces/msg/detail/custom_point__type_support.c.o[0m
[ 58%] [32m[1mLinking CXX shared library liblivox_interfaces__rosidl_typesupport_c.so[0m
[ 61%] [32m[1mLinking C shared library liblivox_interfaces__rosidl_typesupport_introspection_c.so[0m
[ 61%] Built target livox_interfaces__rosidl_typesupport_c
[ 61%] Built target livox_interfaces__rosidl_typesupport_introspection_cpp
[ 61%] Built target livox_interfaces__rosidl_typesupport_introspection_c
[ 64%] [32m[1mLinking CXX shared library liblivox_interfaces__rosidl_typesupport_fastrtps_cpp.so[0m
[ 64%] Built target livox_interfaces__rosidl_typesupport_fastrtps_cpp
[ 66%] [34m[1mGenerating C type support for eProsima Fast-RTPS[0m
[ 69%] [32mBuilding CXX object CMakeFiles/livox_interfaces__rosidl_typesupport_fastrtps_c.dir/rosidl_typesupport_fastrtps_c/livox_interfaces/msg/detail/custom_point__type_support_c.cpp.o[0m
[ 71%] [32mBuilding CXX object CMakeFiles/livox_interfaces__rosidl_typesupport_fastrtps_c.dir/rosidl_typesupport_fastrtps_c/livox_interfaces/msg/detail/custom_msg__type_support_c.cpp.o[0m
[ 74%] [32m[1mLinking CXX shared library liblivox_interfaces__rosidl_typesupport_fastrtps_c.so[0m
[ 74%] Built target livox_interfaces__rosidl_typesupport_fastrtps_c
[ 74%] Built target livox_interfaces
[ 76%] [34m[1mGenerating Python code for ROS interfaces[0m
[ 76%] Built target livox_interfaces__py
[ 79%] [32mBuilding C object CMakeFiles/livox_interfaces__python.dir/rosidl_generator_py/livox_interfaces/msg/_custom_point_s.c.o[0m
[ 82%] [32mBuilding C object CMakeFiles/livox_interfaces__python.dir/rosidl_generator_py/livox_interfaces/msg/_custom_msg_s.c.o[0m
[ 84%] [32m[1mLinking C shared library rosidl_generator_py/livox_interfaces/liblivox_interfaces__python.so[0m
[ 84%] Built target livox_interfaces__python
[ 87%] [32mBuilding C object CMakeFiles/livox_interfaces__rosidl_typesupport_fastrtps_c__pyext.dir/rosidl_generator_py/livox_interfaces/_livox_interfaces_s.ep.rosidl_typesupport_fastrtps_c.c.o[0m
[ 92%] [32mBuilding C object CMakeFiles/livox_interfaces__rosidl_typesupport_introspection_c__pyext.dir/rosidl_generator_py/livox_interfaces/_livox_interfaces_s.ep.rosidl_typesupport_introspection_c.c.o[0m
[ 92%] [32mBuilding C object CMakeFiles/livox_interfaces__rosidl_typesupport_c__pyext.dir/rosidl_generator_py/livox_interfaces/_livox_interfaces_s.ep.rosidl_typesupport_c.c.o[0m
[ 94%] [32m[1mLinking CXX shared library rosidl_generator_py/livox_interfaces/livox_interfaces_s__rosidl_typesupport_fastrtps_c.cpython-38-x86_64-linux-gnu.so[0m
[ 97%] [32m[1mLinking C shared library rosidl_generator_py/livox_interfaces/livox_interfaces_s__rosidl_typesupport_c.cpython-38-x86_64-linux-gnu.so[0m
[ 97%] Built target livox_interfaces__rosidl_typesupport_c__pyext
[100%] [32m[1mLinking C shared library rosidl_generator_py/livox_interfaces/livox_interfaces_s__rosidl_typesupport_introspection_c.cpython-38-x86_64-linux-gnu.so[0m
[100%] Built target livox_interfaces__rosidl_typesupport_fastrtps_c__pyext
[100%] Built target livox_interfaces__rosidl_typesupport_introspection_c__pyext
-- Install configuration: ""
-- Installing: /home/m2s2/WildPose_v1.2-main/wildpose/src/install/livox_interfaces/share/ament_index/resource_index/rosidl_interfaces/livox_interfaces
-- Installing: /home/m2s2/WildPose_v1.2-main/wildpose/src/install/livox_interfaces/include/livox_interfaces
-- Installing: /home/m2s2/WildPose_v1.2-main/wildpose/src/install/livox_interfaces/include/livox_interfaces/msg
-- Installing: /home/m2s2/WildPose_v1.2-main/wildpose/src/install/livox_interfaces/include/livox_interfaces/msg/rosidl_generator_c__visibility_control.h
-- Installing: /home/m2s2/WildPose_v1.2-main/wildpose/src/install/livox_interfaces/include/livox_interfaces/msg/custom_msg.h
-- Installing: /home/m2s2/WildPose_v1.2-main/wildpose/src/install/livox_interfaces/include/livox_interfaces/msg/detail
-- Installing: /home/m2s2/WildPose_v1.2-main/wildpose/src/install/livox_interfaces/include/livox_interfaces/msg/detail/custom_point__type_support.h
-- Installing: /home/m2s2/WildPose_v1.2-main/wildpose/src/install/livox_interfaces/include/livox_interfaces/msg/detail/custom_point__struct.h
-- Installing: /home/m2s2/WildPose_v1.2-main/wildpose/src/install/livox_interfaces/include/livox_interfaces/msg/detail/custom_msg__type_support.h
-- Installing: /home/m2s2/WildPose_v1.2-main/wildpose/src/install/livox_interfaces/include/livox_interfaces/msg/detail/custom_msg__functions.h
-- Installing: /home/m2s2/WildPose_v1.2-main/wildpose/src/install/livox_interfaces/include/livox_interfaces/msg/detail/custom_msg__struct.h
-- Installing: /home/m2s2/WildPose_v1.2-main/wildpose/src/install/livox_interfaces/include/livox_interfaces/msg/detail/custom_point__functions.c
-- Installing: /home/m2s2/WildPose_v1.2-main/wildpose/src/install/livox_interfaces/include/livox_interfaces/msg/detail/custom_msg__functions.c
-- Installing: /home/m2s2/WildPose_v1.2-main/wildpose/src/install/livox_interfaces/include/livox_interfaces/msg/detail/custom_point__functions.h
-- Installing: /home/m2s2/WildPose_v1.2-main/wildpose/src/install/livox_interfaces/include/livox_interfaces/msg/custom_point.h
-- Installing: /home/m2s2/WildPose_v1.2-main/wildpose/src/install/livox_interfaces/share/livox_interfaces/environment/library_path.sh
-- Installing: /home/m2s2/WildPose_v1.2-main/wildpose/src/install/livox_interfaces/share/livox_interfaces/environment/library_path.dsv
-- Installing: /home/m2s2/WildPose_v1.2-main/wildpose/src/install/livox_interfaces/lib/liblivox_interfaces__rosidl_generator_c.so
-- Set runtime path of "/home/m2s2/WildPose_v1.2-main/wildpose/src/install/livox_interfaces/lib/liblivox_interfaces__rosidl_generator_c.so" to ""
-- Up-to-date: /home/m2s2/WildPose_v1.2-main/wildpose/src/install/livox_interfaces/include/livox_interfaces
-- Up-to-date: /home/m2s2/WildPose_v1.2-main/wildpose/src/install/livox_interfaces/include/livox_interfaces/msg
-- Up-to-date: /home/m2s2/WildPose_v1.2-main/wildpose/src/install/livox_interfaces/include/livox_interfaces/msg/detail
-- Installing: /home/m2s2/WildPose_v1.2-main/wildpose/src/install/livox_interfaces/include/livox_interfaces/msg/detail/custom_point__rosidl_typesupport_fastrtps_c.h
-- Installing: /home/m2s2/WildPose_v1.2-main/wildpose/src/install/livox_interfaces/include/livox_interfaces/msg/detail/custom_msg__rosidl_typesupport_fastrtps_c.h
-- Installing: /home/m2s2/WildPose_v1.2-main/wildpose/src/install/livox_interfaces/include/livox_interfaces/msg/rosidl_typesupport_fastrtps_c__visibility_control.h
-- Installing: /home/m2s2/WildPose_v1.2-main/wildpose/src/install/livox_interfaces/lib/liblivox_interfaces__rosidl_typesupport_fastrtps_c.so
-- Set runtime path of "/home/m2s2/WildPose_v1.2-main/wildpose/src/install/livox_interfaces/lib/liblivox_interfaces__rosidl_typesupport_fastrtps_c.so" to ""
-- Up-to-date: /home/m2s2/WildPose_v1.2-main/wildpose/src/install/livox_interfaces/include/livox_interfaces
-- Up-to-date: /home/m2s2/WildPose_v1.2-main/wildpose/src/install/livox_interfaces/include/livox_interfaces/msg
-- Installing: /home/m2s2/WildPose_v1.2-main/wildpose/src/install/livox_interfaces/include/livox_interfaces/msg/rosidl_typesupport_fastrtps_cpp__visibility_control.h
-- Up-to-date: /home/m2s2/WildPose_v1.2-main/wildpose/src/install/livox_interfaces/include/livox_interfaces/msg/detail
-- Installing: /home/m2s2/WildPose_v1.2-main/wildpose/src/install/livox_interfaces/include/livox_interfaces/msg/detail/custom_point__rosidl_typesupport_fastrtps_cpp.hpp
-- Installing: /home/m2s2/WildPose_v1.2-main/wildpose/src/install/livox_interfaces/include/livox_interfaces/msg/detail/dds_fastrtps
-- Installing: /home/m2s2/WildPose_v1.2-main/wildpose/src/install/livox_interfaces/include/livox_interfaces/msg/detail/custom_msg__rosidl_typesupport_fastrtps_cpp.hpp
-- Installing: /home/m2s2/WildPose_v1.2-main/wildpose/src/install/livox_interfaces/lib/liblivox_interfaces__rosidl_typesupport_fastrtps_cpp.so
-- Set runtime path of "/home/m2s2/WildPose_v1.2-main/wildpose/src/install/livox_interfaces/lib/liblivox_interfaces__rosidl_typesupport_fastrtps_cpp.so" to ""
-- Up-to-date: /home/m2s2/WildPose_v1.2-main/wildpose/src/install/livox_interfaces/include/livox_interfaces
-- Up-to-date: /home/m2s2/WildPose_v1.2-main/wildpose/src/install/livox_interfaces/include/livox_interfaces/msg
-- Up-to-date: /home/m2s2/WildPose_v1.2-main/wildpose/src/install/livox_interfaces/include/livox_interfaces/msg/detail
-- Installing: /home/m2s2/WildPose_v1.2-main/wildpose/src/install/livox_interfaces/include/livox_interfaces/msg/detail/custom_msg__type_support.c
-- Installing: /home/m2s2/WildPose_v1.2-main/wildpose/src/install/livox_interfaces/include/livox_interfaces/msg/detail/custom_msg__rosidl_typesupport_introspection_c.h
-- Installing: /home/m2s2/WildPose_v1.2-main/wildpose/src/install/livox_interfaces/include/livox_interfaces/msg/detail/custom_point__type_support.c
-- Installing: /home/m2s2/WildPose_v1.2-main/wildpose/src/install/livox_interfaces/include/livox_interfaces/msg/detail/custom_point__rosidl_typesupport_introspection_c.h
-- Installing: /home/m2s2/WildPose_v1.2-main/wildpose/src/install/livox_interfaces/include/livox_interfaces/msg/rosidl_typesupport_introspection_c__visibility_control.h
-- Installing: /home/m2s2/WildPose_v1.2-main/wildpose/src/install/livox_interfaces/lib/liblivox_interfaces__rosidl_typesupport_introspection_c.so
-- Set runtime path of "/home/m2s2/WildPose_v1.2-main/wildpose/src/install/livox_interfaces/lib/liblivox_interfaces__rosidl_typesupport_introspection_c.so" to ""
-- Installing: /home/m2s2/WildPose_v1.2-main/wildpose/src/install/livox_interfaces/lib/liblivox_interfaces__rosidl_typesupport_c.so
-- Set runtime path of "/home/m2s2/WildPose_v1.2-main/wildpose/src/install/livox_interfaces/lib/liblivox_interfaces__rosidl_typesupport_c.so" to ""
-- Up-to-date: /home/m2s2/WildPose_v1.2-main/wildpose/src/install/livox_interfaces/include/livox_interfaces
-- Up-to-date: /home/m2s2/WildPose_v1.2-main/wildpose/src/install/livox_interfaces/include/livox_interfaces/msg
-- Up-to-date: /home/m2s2/WildPose_v1.2-main/wildpose/src/install/livox_interfaces/include/livox_interfaces/msg/detail
-- Installing: /home/m2s2/WildPose_v1.2-main/wildpose/src/install/livox_interfaces/include/livox_interfaces/msg/detail/custom_point__type_support.hpp
-- Installing: /home/m2s2/WildPose_v1.2-main/wildpose/src/install/livox_interfaces/include/livox_interfaces/msg/detail/custom_msg__traits.hpp
-- Installing: /home/m2s2/WildPose_v1.2-main/wildpose/src/install/livox_interfaces/include/livox_interfaces/msg/detail/custom_msg__builder.hpp
-- Installing: /home/m2s2/WildPose_v1.2-main/wildpose/src/install/livox_interfaces/include/livox_interfaces/msg/detail/custom_msg__type_support.hpp
-- Installing: /home/m2s2/WildPose_v1.2-main/wildpose/src/install/livox_interfaces/include/livox_interfaces/msg/detail/custom_msg__struct.hpp
-- Installing: /home/m2s2/WildPose_v1.2-main/wildpose/src/install/livox_interfaces/include/livox_interfaces/msg/detail/custom_point__builder.hpp
-- Installing: /home/m2s2/WildPose_v1.2-main/wildpose/src/install/livox_interfaces/include/livox_interfaces/msg/detail/custom_point__traits.hpp
-- Installing: /home/m2s2/WildPose_v1.2-main/wildpose/src/install/livox_interfaces/include/livox_interfaces/msg/detail/custom_point__struct.hpp
-- Installing: /home/m2s2/WildPose_v1.2-main/wildpose/src/install/livox_interfaces/include/livox_interfaces/msg/custom_msg.hpp
-- Installing: /home/m2s2/WildPose_v1.2-main/wildpose/src/install/livox_interfaces/include/livox_interfaces/msg/custom_point.hpp
-- Installing: /home/m2s2/WildPose_v1.2-main/wildpose/src/install/livox_interfaces/include/livox_interfaces/msg/rosidl_generator_cpp__visibility_control.hpp
-- Up-to-date: /home/m2s2/WildPose_v1.2-main/wildpose/src/install/livox_interfaces/include/livox_interfaces
-- Up-to-date: /home/m2s2/WildPose_v1.2-main/wildpose/src/install/livox_interfaces/include/livox_interfaces/msg
-- Up-to-date: /home/m2s2/WildPose_v1.2-main/wildpose/src/install/livox_interfaces/include/livox_interfaces/msg/detail
-- Installing: /home/m2s2/WildPose_v1.2-main/wildpose/src/install/livox_interfaces/include/livox_interfaces/msg/detail/custom_msg__type_support.cpp
-- Installing: /home/m2s2/WildPose_v1.2-main/wildpose/src/install/livox_interfaces/include/livox_interfaces/msg/detail/custom_msg__rosidl_typesupport_introspection_cpp.hpp
-- Installing: /home/m2s2/WildPose_v1.2-main/wildpose/src/install/livox_interfaces/include/livox_interfaces/msg/detail/custom_point__rosidl_typesupport_introspection_cpp.hpp
-- Installing: /home/m2s2/WildPose_v1.2-main/wildpose/src/install/livox_interfaces/include/livox_interfaces/msg/detail/custom_point__type_support.cpp
-- Installing: /home/m2s2/WildPose_v1.2-main/wildpose/src/install/livox_interfaces/lib/liblivox_interfaces__rosidl_typesupport_introspection_cpp.so
-- Set runtime path of "/home/m2s2/WildPose_v1.2-main/wildpose/src/install/livox_interfaces/lib/liblivox_interfaces__rosidl_typesupport_introspection_cpp.so" to ""
-- Installing: /home/m2s2/WildPose_v1.2-main/wildpose/src/install/livox_interfaces/lib/liblivox_interfaces__rosidl_typesupport_cpp.so
-- Set runtime path of "/home/m2s2/WildPose_v1.2-main/wildpose/src/install/livox_interfaces/lib/liblivox_interfaces__rosidl_typesupport_cpp.so" to ""
-- Installing: /home/m2s2/WildPose_v1.2-main/wildpose/src/install/livox_interfaces/share/livox_interfaces/environment/pythonpath.sh
-- Installing: /home/m2s2/WildPose_v1.2-main/wildpose/src/install/livox_interfaces/share/livox_interfaces/environment/pythonpath.dsv
-- Installing: /home/m2s2/WildPose_v1.2-main/wildpose/src/install/livox_interfaces/lib/python3.8/site-packages/livox_interfaces/__init__.py
Compiling '/home/m2s2/WildPose_v1.2-main/wildpose/src/install/livox_interfaces/lib/python3.8/site-packages/livox_interfaces/__init__.py'...
-- Installing: /home/m2s2/WildPose_v1.2-main/wildpose/src/install/livox_interfaces/lib/python3.8/site-packages/livox_interfaces/msg
-- Installing: /home/m2s2/WildPose_v1.2-main/wildpose/src/install/livox_interfaces/lib/python3.8/site-packages/livox_interfaces/msg/_custom_msg.py
-- Installing: /home/m2s2/WildPose_v1.2-main/wildpose/src/install/livox_interfaces/lib/python3.8/site-packages/livox_interfaces/msg/__init__.py
-- Installing: /home/m2s2/WildPose_v1.2-main/wildpose/src/install/livox_interfaces/lib/python3.8/site-packages/livox_interfaces/msg/_custom_msg_s.c
-- Installing: /home/m2s2/WildPose_v1.2-main/wildpose/src/install/livox_interfaces/lib/python3.8/site-packages/livox_interfaces/msg/_custom_point.py
-- Installing: /home/m2s2/WildPose_v1.2-main/wildpose/src/install/livox_interfaces/lib/python3.8/site-packages/livox_interfaces/msg/_custom_point_s.c
-- Installing: /home/m2s2/WildPose_v1.2-main/wildpose/src/install/livox_interfaces/lib/python3.8/site-packages/livox_interfaces/livox_interfaces_s__rosidl_typesupport_fastrtps_c.cpython-38-x86_64-linux-gnu.so
-- Set runtime path of "/home/m2s2/WildPose_v1.2-main/wildpose/src/install/livox_interfaces/lib/python3.8/site-packages/livox_interfaces/livox_interfaces_s__rosidl_typesupport_fastrtps_c.cpython-38-x86_64-linux-gnu.so" to ""
-- Installing: /home/m2s2/WildPose_v1.2-main/wildpose/src/install/livox_interfaces/lib/python3.8/site-packages/livox_interfaces/livox_interfaces_s__rosidl_typesupport_introspection_c.cpython-38-x86_64-linux-gnu.so
-- Set runtime path of "/home/m2s2/WildPose_v1.2-main/wildpose/src/install/livox_interfaces/lib/python3.8/site-packages/livox_interfaces/livox_interfaces_s__rosidl_typesupport_introspection_c.cpython-38-x86_64-linux-gnu.so" to ""
-- Installing: /home/m2s2/WildPose_v1.2-main/wildpose/src/install/livox_interfaces/lib/python3.8/site-packages/livox_interfaces/livox_interfaces_s__rosidl_typesupport_c.cpython-38-x86_64-linux-gnu.so
-- Set runtime path of "/home/m2s2/WildPose_v1.2-main/wildpose/src/install/livox_interfaces/lib/python3.8/site-packages/livox_interfaces/livox_interfaces_s__rosidl_typesupport_c.cpython-38-x86_64-linux-gnu.so" to ""
-- Installing: /home/m2s2/WildPose_v1.2-main/wildpose/src/install/livox_interfaces/lib/liblivox_interfaces__python.so
-- Set runtime path of "/home/m2s2/WildPose_v1.2-main/wildpose/src/install/livox_interfaces/lib/liblivox_interfaces__python.so" to ""
-- Installing: /home/m2s2/WildPose_v1.2-main/wildpose/src/install/livox_interfaces/share/livox_interfaces/msg/CustomPoint.idl
-- Installing: /home/m2s2/WildPose_v1.2-main/wildpose/src/install/livox_interfaces/share/livox_interfaces/msg/CustomMsg.idl
-- Installing: /home/m2s2/WildPose_v1.2-main/wildpose/src/install/livox_interfaces/share/livox_interfaces/msg/CustomPoint.msg
-- Installing: /home/m2s2/WildPose_v1.2-main/wildpose/src/install/livox_interfaces/share/livox_interfaces/msg/CustomMsg.msg
-- Installing: /home/m2s2/WildPose_v1.2-main/wildpose/src/install/livox_interfaces/share/ament_index/resource_index/package_run_dependencies/livox_interfaces
-- Installing: /home/m2s2/WildPose_v1.2-main/wildpose/src/install/livox_interfaces/share/ament_index/resource_index/parent_prefix_path/livox_interfaces
-- Installing: /home/m2s2/WildPose_v1.2-main/wildpose/src/install/livox_interfaces/share/livox_interfaces/environment/ament_prefix_path.sh
-- Installing: /home/m2s2/WildPose_v1.2-main/wildpose/src/install/livox_interfaces/share/livox_interfaces/environment/ament_prefix_path.dsv
-- Installing: /home/m2s2/WildPose_v1.2-main/wildpose/src/install/livox_interfaces/share/livox_interfaces/environment/path.sh
-- Installing: /home/m2s2/WildPose_v1.2-main/wildpose/src/install/livox_interfaces/share/livox_interfaces/environment/path.dsv
-- Installing: /home/m2s2/WildPose_v1.2-main/wildpose/src/install/livox_interfaces/share/livox_interfaces/local_setup.bash
-- Installing: /home/m2s2/WildPose_v1.2-main/wildpose/src/install/livox_interfaces/share/livox_interfaces/local_setup.sh
-- Installing: /home/m2s2/WildPose_v1.2-main/wildpose/src/install/livox_interfaces/share/livox_interfaces/local_setup.zsh
-- Installing: /home/m2s2/WildPose_v1.2-main/wildpose/src/install/livox_interfaces/share/livox_interfaces/local_setup.dsv
-- Installing: /home/m2s2/WildPose_v1.2-main/wildpose/src/install/livox_interfaces/share/livox_interfaces/package.dsv
-- Installing: /home/m2s2/WildPose_v1.2-main/wildpose/src/install/livox_interfaces/share/ament_index/resource_index/packages/livox_interfaces
-- Installing: /home/m2s2/WildPose_v1.2-main/wildpose/src/install/livox_interfaces/share/livox_interfaces/cmake/livox_interfaces__rosidl_generator_cExport.cmake
-- Installing: /home/m2s2/WildPose_v1.2-main/wildpose/src/install/livox_interfaces/share/livox_interfaces/cmake/livox_interfaces__rosidl_generator_cExport-noconfig.cmake
-- Installing: /home/m2s2/WildPose_v1.2-main/wildpose/src/install/livox_interfaces/share/livox_interfaces/cmake/livox_interfaces__rosidl_typesupport_introspection_cExport.cmake
-- Installing: /home/m2s2/WildPose_v1.2-main/wildpose/src/install/livox_interfaces/share/livox_interfaces/cmake/livox_interfaces__rosidl_typesupport_introspection_cExport-noconfig.cmake
-- Installing: /home/m2s2/WildPose_v1.2-main/wildpose/src/install/livox_interfaces/share/livox_interfaces/cmake/livox_interfaces__rosidl_typesupport_cExport.cmake
-- Installing: /home/m2s2/WildPose_v1.2-main/wildpose/src/install/livox_interfaces/share/livox_interfaces/cmake/livox_interfaces__rosidl_typesupport_cExport-noconfig.cmake
-- Installing: /home/m2s2/WildPose_v1.2-main/wildpose/src/install/livox_interfaces/share/livox_interfaces/cmake/livox_interfaces__rosidl_generator_cppExport.cmake
-- Installing: /home/m2s2/WildPose_v1.2-main/wildpose/src/install/livox_interfaces/share/livox_interfaces/cmake/livox_interfaces__rosidl_typesupport_introspection_cppExport.cmake
-- Installing: /home/m2s2/WildPose_v1.2-main/wildpose/src/install/livox_interfaces/share/livox_interfaces/cmake/livox_interfaces__rosidl_typesupport_introspection_cppExport-noconfig.cmake
-- Installing: /home/m2s2/WildPose_v1.2-main/wildpose/src/install/livox_interfaces/share/livox_interfaces/cmake/livox_interfaces__rosidl_typesupport_cppExport.cmake
-- Installing: /home/m2s2/WildPose_v1.2-main/wildpose/src/install/livox_interfaces/share/livox_interfaces/cmake/livox_interfaces__rosidl_typesupport_cppExport-noconfig.cmake
-- Installing: /home/m2s2/WildPose_v1.2-main/wildpose/src/install/livox_interfaces/share/livox_interfaces/cmake/rosidl_cmake-extras.cmake
-- Installing: /home/m2s2/WildPose_v1.2-main/wildpose/src/install/livox_interfaces/share/livox_interfaces/cmake/ament_cmake_export_dependencies-extras.cmake
-- Installing: /home/m2s2/WildPose_v1.2-main/wildpose/src/install/livox_interfaces/share/livox_interfaces/cmake/ament_cmake_export_libraries-extras.cmake
-- Installing: /home/m2s2/WildPose_v1.2-main/wildpose/src/install/livox_interfaces/share/livox_interfaces/cmake/ament_cmake_export_targets-extras.cmake
-- Installing: /home/m2s2/WildPose_v1.2-main/wildpose/src/install/livox_interfaces/share/livox_interfaces/cmake/ament_cmake_export_include_directories-extras.cmake
-- Installing: /home/m2s2/WildPose_v1.2-main/wildpose/src/install/livox_interfaces/share/livox_interfaces/cmake/rosidl_cmake_export_typesupport_libraries-extras.cmake
-- Installing: /home/m2s2/WildPose_v1.2-main/wildpose/src/install/livox_interfaces/share/livox_interfaces/cmake/rosidl_cmake_export_typesupport_targets-extras.cmake
-- Installing: /home/m2s2/WildPose_v1.2-main/wildpose/src/install/livox_interfaces/share/livox_interfaces/cmake/livox_interfacesConfig.cmake
-- Installing: /home/m2s2/WildPose_v1.2-main/wildpose/src/install/livox_interfaces/share/livox_interfaces/cmake/livox_interfacesConfig-version.cmake
-- Installing: /home/m2s2/WildPose_v1.2-main/wildpose/src/install/livox_interfaces/share/livox_interfaces/package.xml
