[0.060s] Invoking command in '/home/m2s2/WildPose_v1.2-main/wildpose/src/build/livox_interfaces': CMAKE_PREFIX_PATH=${CMAKE_PREFIX_PATH}:/home/m2s2/WildPose_v1.2-main/wildpose/install/motor_controller_pkg:/home/m2s2/WildPose_v1.2-main/wildpose/install/dji_rs3_pkg:/home/m2s2/WildPose_v1.2-main/wildpose/install/gamepad_pkg:/opt/ros/foxy /usr/bin/cmake --build /home/m2s2/WildPose_v1.2-main/wildpose/src/build/livox_interfaces -- -j16 -l16
[0.243s] [  2%] [34m[1mGenerating C code for ROS interfaces[0m
[0.244s] [  5%] [34m[1mGenerating C++ code for ROS interfaces[0m
[0.382s] [  5%] Built target livox_interfaces__cpp
[0.389s] [  7%] [34m[1mGenerating C++ type support dispatch for ROS interfaces[0m
[0.392s] [ 10%] [34m[1mGenerating C++ type support for eProsima Fast-RTPS[0m
[0.393s] [ 12%] [34m[1mGenerating C++ introspection for ROS interfaces[0m
[0.639s] [ 15%] [32mBuilding C object CMakeFiles/livox_interfaces__rosidl_generator_c.dir/rosidl_generator_c/livox_interfaces/msg/detail/custom_point__functions.c.o[0m
[0.641s] [ 17%] [32mBuilding C object CMakeFiles/livox_interfaces__rosidl_generator_c.dir/rosidl_generator_c/livox_interfaces/msg/detail/custom_msg__functions.c.o[0m
[0.729s] [ 20%] [32m[1mLinking C shared library liblivox_interfaces__rosidl_generator_c.so[0m
[0.805s] [ 20%] Built target livox_interfaces__rosidl_generator_c
[0.827s] [ 23%] [32mBuilding CXX object CMakeFiles/livox_interfaces__rosidl_typesupport_cpp.dir/rosidl_typesupport_cpp/livox_interfaces/msg/custom_point__type_support.cpp.o[0m
[0.835s] [ 25%] [32mBuilding CXX object CMakeFiles/livox_interfaces__rosidl_typesupport_cpp.dir/rosidl_typesupport_cpp/livox_interfaces/msg/custom_msg__type_support.cpp.o[0m
[0.853s] [ 28%] [34m[1mGenerating C type support dispatch for ROS interfaces[0m
[0.863s] [ 30%] [32mBuilding CXX object CMakeFiles/livox_interfaces__rosidl_typesupport_introspection_cpp.dir/rosidl_typesupport_introspection_cpp/livox_interfaces/msg/detail/custom_msg__type_support.cpp.o[0m
[0.877s] [ 33%] [32mBuilding CXX object CMakeFiles/livox_interfaces__rosidl_typesupport_introspection_cpp.dir/rosidl_typesupport_introspection_cpp/livox_interfaces/msg/detail/custom_point__type_support.cpp.o[0m
[0.888s] [ 35%] [34m[1mGenerating C introspection for ROS interfaces[0m
[0.959s] [ 38%] [32mBuilding CXX object CMakeFiles/livox_interfaces__rosidl_typesupport_fastrtps_cpp.dir/rosidl_typesupport_fastrtps_cpp/livox_interfaces/msg/detail/dds_fastrtps/custom_point__type_support.cpp.o[0m
[0.970s] [ 41%] [32mBuilding CXX object CMakeFiles/livox_interfaces__rosidl_typesupport_fastrtps_cpp.dir/rosidl_typesupport_fastrtps_cpp/livox_interfaces/msg/detail/dds_fastrtps/custom_msg__type_support.cpp.o[0m
[1.165s] [ 43%] [32m[1mLinking CXX shared library liblivox_interfaces__rosidl_typesupport_cpp.so[0m
[1.194s] [ 43%] Built target livox_interfaces__rosidl_typesupport_cpp
[1.290s] [ 46%] [32mBuilding CXX object CMakeFiles/livox_interfaces__rosidl_typesupport_c.dir/rosidl_typesupport_c/livox_interfaces/msg/custom_point__type_support.cpp.o[0m
[1.294s] [ 48%] [32mBuilding CXX object CMakeFiles/livox_interfaces__rosidl_typesupport_c.dir/rosidl_typesupport_c/livox_interfaces/msg/custom_msg__type_support.cpp.o[0m
[1.314s] [ 51%] [32mBuilding C object CMakeFiles/livox_interfaces__rosidl_typesupport_introspection_c.dir/rosidl_typesupport_introspection_c/livox_interfaces/msg/detail/custom_msg__type_support.c.o[0m
[1.318s] [ 56%] [32m[1mLinking CXX shared library liblivox_interfaces__rosidl_typesupport_introspection_cpp.so[0m
[1.318s] [ 56%] [32mBuilding C object CMakeFiles/livox_interfaces__rosidl_typesupport_introspection_c.dir/rosidl_typesupport_introspection_c/livox_interfaces/msg/detail/custom_point__type_support.c.o[0m
[1.329s] [ 58%] [32m[1mLinking CXX shared library liblivox_interfaces__rosidl_typesupport_c.so[0m
[1.359s] [ 61%] [32m[1mLinking C shared library liblivox_interfaces__rosidl_typesupport_introspection_c.so[0m
[1.367s] [ 61%] Built target livox_interfaces__rosidl_typesupport_c
[1.378s] [ 61%] Built target livox_interfaces__rosidl_typesupport_introspection_cpp
[1.382s] [ 61%] Built target livox_interfaces__rosidl_typesupport_introspection_c
[1.481s] [ 64%] [32m[1mLinking CXX shared library liblivox_interfaces__rosidl_typesupport_fastrtps_cpp.so[0m
[1.542s] [ 64%] Built target livox_interfaces__rosidl_typesupport_fastrtps_cpp
[1.549s] [ 66%] [34m[1mGenerating C type support for eProsima Fast-RTPS[0m
[1.800s] [ 69%] [32mBuilding CXX object CMakeFiles/livox_interfaces__rosidl_typesupport_fastrtps_c.dir/rosidl_typesupport_fastrtps_c/livox_interfaces/msg/detail/custom_point__type_support_c.cpp.o[0m
[1.804s] [ 71%] [32mBuilding CXX object CMakeFiles/livox_interfaces__rosidl_typesupport_fastrtps_c.dir/rosidl_typesupport_fastrtps_c/livox_interfaces/msg/detail/custom_msg__type_support_c.cpp.o[0m
[2.132s] [ 74%] [32m[1mLinking CXX shared library liblivox_interfaces__rosidl_typesupport_fastrtps_c.so[0m
[2.213s] [ 74%] Built target livox_interfaces__rosidl_typesupport_fastrtps_c
[2.227s] [ 74%] Built target livox_interfaces
[2.244s] [ 76%] [34m[1mGenerating Python code for ROS interfaces[0m
[2.731s] [ 76%] Built target livox_interfaces__py
[2.746s] [ 79%] [32mBuilding C object CMakeFiles/livox_interfaces__python.dir/rosidl_generator_py/livox_interfaces/msg/_custom_point_s.c.o[0m
[2.748s] [ 82%] [32mBuilding C object CMakeFiles/livox_interfaces__python.dir/rosidl_generator_py/livox_interfaces/msg/_custom_msg_s.c.o[0m
[2.833s] [ 84%] [32m[1mLinking C shared library rosidl_generator_py/livox_interfaces/liblivox_interfaces__python.so[0m
[2.864s] [ 84%] Built target livox_interfaces__python
[2.879s] [ 87%] [32mBuilding C object CMakeFiles/livox_interfaces__rosidl_typesupport_fastrtps_c__pyext.dir/rosidl_generator_py/livox_interfaces/_livox_interfaces_s.ep.rosidl_typesupport_fastrtps_c.c.o[0m
[2.890s] [ 92%] [32mBuilding C object CMakeFiles/livox_interfaces__rosidl_typesupport_introspection_c__pyext.dir/rosidl_generator_py/livox_interfaces/_livox_interfaces_s.ep.rosidl_typesupport_introspection_c.c.o[0m
[2.890s] [ 92%] [32mBuilding C object CMakeFiles/livox_interfaces__rosidl_typesupport_c__pyext.dir/rosidl_generator_py/livox_interfaces/_livox_interfaces_s.ep.rosidl_typesupport_c.c.o[0m
[2.941s] [ 94%] [32m[1mLinking CXX shared library rosidl_generator_py/livox_interfaces/livox_interfaces_s__rosidl_typesupport_fastrtps_c.cpython-38-x86_64-linux-gnu.so[0m
[2.962s] [ 97%] [32m[1mLinking C shared library rosidl_generator_py/livox_interfaces/livox_interfaces_s__rosidl_typesupport_c.cpython-38-x86_64-linux-gnu.so[0m
[2.989s] [ 97%] Built target livox_interfaces__rosidl_typesupport_c__pyext
[2.990s] [100%] [32m[1mLinking C shared library rosidl_generator_py/livox_interfaces/livox_interfaces_s__rosidl_typesupport_introspection_c.cpython-38-x86_64-linux-gnu.so[0m
[2.997s] [100%] Built target livox_interfaces__rosidl_typesupport_fastrtps_c__pyext
[3.025s] [100%] Built target livox_interfaces__rosidl_typesupport_introspection_c__pyext
[3.162s] Invoked command in '/home/m2s2/WildPose_v1.2-main/wildpose/src/build/livox_interfaces' returned '0': CMAKE_PREFIX_PATH=${CMAKE_PREFIX_PATH}:/home/m2s2/WildPose_v1.2-main/wildpose/install/motor_controller_pkg:/home/m2s2/WildPose_v1.2-main/wildpose/install/dji_rs3_pkg:/home/m2s2/WildPose_v1.2-main/wildpose/install/gamepad_pkg:/opt/ros/foxy /usr/bin/cmake --build /home/m2s2/WildPose_v1.2-main/wildpose/src/build/livox_interfaces -- -j16 -l16
[3.218s] Invoking command in '/home/m2s2/WildPose_v1.2-main/wildpose/src/build/livox_interfaces': CMAKE_PREFIX_PATH=${CMAKE_PREFIX_PATH}:/home/m2s2/WildPose_v1.2-main/wildpose/install/motor_controller_pkg:/home/m2s2/WildPose_v1.2-main/wildpose/install/dji_rs3_pkg:/home/m2s2/WildPose_v1.2-main/wildpose/install/gamepad_pkg:/opt/ros/foxy /usr/bin/cmake --install /home/m2s2/WildPose_v1.2-main/wildpose/src/build/livox_interfaces
[3.229s] -- Install configuration: ""
[3.230s] -- Installing: /home/m2s2/WildPose_v1.2-main/wildpose/src/install/livox_interfaces/share/ament_index/resource_index/rosidl_interfaces/livox_interfaces
[3.230s] -- Installing: /home/m2s2/WildPose_v1.2-main/wildpose/src/install/livox_interfaces/include/livox_interfaces
[3.230s] -- Installing: /home/m2s2/WildPose_v1.2-main/wildpose/src/install/livox_interfaces/include/livox_interfaces/msg
[3.230s] -- Installing: /home/m2s2/WildPose_v1.2-main/wildpose/src/install/livox_interfaces/include/livox_interfaces/msg/rosidl_generator_c__visibility_control.h
[3.230s] -- Installing: /home/m2s2/WildPose_v1.2-main/wildpose/src/install/livox_interfaces/include/livox_interfaces/msg/custom_msg.h
[3.230s] -- Installing: /home/m2s2/WildPose_v1.2-main/wildpose/src/install/livox_interfaces/include/livox_interfaces/msg/detail
[3.231s] -- Installing: /home/m2s2/WildPose_v1.2-main/wildpose/src/install/livox_interfaces/include/livox_interfaces/msg/detail/custom_point__type_support.h
[3.231s] -- Installing: /home/m2s2/WildPose_v1.2-main/wildpose/src/install/livox_interfaces/include/livox_interfaces/msg/detail/custom_point__struct.h
[3.231s] -- Installing: /home/m2s2/WildPose_v1.2-main/wildpose/src/install/livox_interfaces/include/livox_interfaces/msg/detail/custom_msg__type_support.h
[3.231s] -- Installing: /home/m2s2/WildPose_v1.2-main/wildpose/src/install/livox_interfaces/include/livox_interfaces/msg/detail/custom_msg__functions.h
[3.231s] -- Installing: /home/m2s2/WildPose_v1.2-main/wildpose/src/install/livox_interfaces/include/livox_interfaces/msg/detail/custom_msg__struct.h
[3.231s] -- Installing: /home/m2s2/WildPose_v1.2-main/wildpose/src/install/livox_interfaces/include/livox_interfaces/msg/detail/custom_point__functions.c
[3.231s] -- Installing: /home/m2s2/WildPose_v1.2-main/wildpose/src/install/livox_interfaces/include/livox_interfaces/msg/detail/custom_msg__functions.c
[3.231s] -- Installing: /home/m2s2/WildPose_v1.2-main/wildpose/src/install/livox_interfaces/include/livox_interfaces/msg/detail/custom_point__functions.h
[3.231s] -- Installing: /home/m2s2/WildPose_v1.2-main/wildpose/src/install/livox_interfaces/include/livox_interfaces/msg/custom_point.h
[3.231s] -- Installing: /home/m2s2/WildPose_v1.2-main/wildpose/src/install/livox_interfaces/share/livox_interfaces/environment/library_path.sh
[3.231s] -- Installing: /home/m2s2/WildPose_v1.2-main/wildpose/src/install/livox_interfaces/share/livox_interfaces/environment/library_path.dsv
[3.232s] -- Installing: /home/m2s2/WildPose_v1.2-main/wildpose/src/install/livox_interfaces/lib/liblivox_interfaces__rosidl_generator_c.so
[3.232s] -- Set runtime path of "/home/m2s2/WildPose_v1.2-main/wildpose/src/install/livox_interfaces/lib/liblivox_interfaces__rosidl_generator_c.so" to ""
[3.232s] -- Up-to-date: /home/m2s2/WildPose_v1.2-main/wildpose/src/install/livox_interfaces/include/livox_interfaces
[3.232s] -- Up-to-date: /home/m2s2/WildPose_v1.2-main/wildpose/src/install/livox_interfaces/include/livox_interfaces/msg
[3.232s] -- Up-to-date: /home/m2s2/WildPose_v1.2-main/wildpose/src/install/livox_interfaces/include/livox_interfaces/msg/detail
[3.232s] -- Installing: /home/m2s2/WildPose_v1.2-main/wildpose/src/install/livox_interfaces/include/livox_interfaces/msg/detail/custom_point__rosidl_typesupport_fastrtps_c.h
[3.232s] -- Installing: /home/m2s2/WildPose_v1.2-main/wildpose/src/install/livox_interfaces/include/livox_interfaces/msg/detail/custom_msg__rosidl_typesupport_fastrtps_c.h
[3.232s] -- Installing: /home/m2s2/WildPose_v1.2-main/wildpose/src/install/livox_interfaces/include/livox_interfaces/msg/rosidl_typesupport_fastrtps_c__visibility_control.h
[3.232s] -- Installing: /home/m2s2/WildPose_v1.2-main/wildpose/src/install/livox_interfaces/lib/liblivox_interfaces__rosidl_typesupport_fastrtps_c.so
[3.232s] -- Set runtime path of "/home/m2s2/WildPose_v1.2-main/wildpose/src/install/livox_interfaces/lib/liblivox_interfaces__rosidl_typesupport_fastrtps_c.so" to ""
[3.233s] -- Up-to-date: /home/m2s2/WildPose_v1.2-main/wildpose/src/install/livox_interfaces/include/livox_interfaces
[3.233s] -- Up-to-date: /home/m2s2/WildPose_v1.2-main/wildpose/src/install/livox_interfaces/include/livox_interfaces/msg
[3.233s] -- Installing: /home/m2s2/WildPose_v1.2-main/wildpose/src/install/livox_interfaces/include/livox_interfaces/msg/rosidl_typesupport_fastrtps_cpp__visibility_control.h
[3.233s] -- Up-to-date: /home/m2s2/WildPose_v1.2-main/wildpose/src/install/livox_interfaces/include/livox_interfaces/msg/detail
[3.233s] -- Installing: /home/m2s2/WildPose_v1.2-main/wildpose/src/install/livox_interfaces/include/livox_interfaces/msg/detail/custom_point__rosidl_typesupport_fastrtps_cpp.hpp
[3.233s] -- Installing: /home/m2s2/WildPose_v1.2-main/wildpose/src/install/livox_interfaces/include/livox_interfaces/msg/detail/dds_fastrtps
[3.233s] -- Installing: /home/m2s2/WildPose_v1.2-main/wildpose/src/install/livox_interfaces/include/livox_interfaces/msg/detail/custom_msg__rosidl_typesupport_fastrtps_cpp.hpp
[3.233s] -- Installing: /home/m2s2/WildPose_v1.2-main/wildpose/src/install/livox_interfaces/lib/liblivox_interfaces__rosidl_typesupport_fastrtps_cpp.so
[3.233s] -- Set runtime path of "/home/m2s2/WildPose_v1.2-main/wildpose/src/install/livox_interfaces/lib/liblivox_interfaces__rosidl_typesupport_fastrtps_cpp.so" to ""
[3.233s] -- Up-to-date: /home/m2s2/WildPose_v1.2-main/wildpose/src/install/livox_interfaces/include/livox_interfaces
[3.234s] -- Up-to-date: /home/m2s2/WildPose_v1.2-main/wildpose/src/install/livox_interfaces/include/livox_interfaces/msg
[3.234s] -- Up-to-date: /home/m2s2/WildPose_v1.2-main/wildpose/src/install/livox_interfaces/include/livox_interfaces/msg/detail
[3.234s] -- Installing: /home/m2s2/WildPose_v1.2-main/wildpose/src/install/livox_interfaces/include/livox_interfaces/msg/detail/custom_msg__type_support.c
[3.234s] -- Installing: /home/m2s2/WildPose_v1.2-main/wildpose/src/install/livox_interfaces/include/livox_interfaces/msg/detail/custom_msg__rosidl_typesupport_introspection_c.h
[3.234s] -- Installing: /home/m2s2/WildPose_v1.2-main/wildpose/src/install/livox_interfaces/include/livox_interfaces/msg/detail/custom_point__type_support.c
[3.234s] -- Installing: /home/m2s2/WildPose_v1.2-main/wildpose/src/install/livox_interfaces/include/livox_interfaces/msg/detail/custom_point__rosidl_typesupport_introspection_c.h
[3.234s] -- Installing: /home/m2s2/WildPose_v1.2-main/wildpose/src/install/livox_interfaces/include/livox_interfaces/msg/rosidl_typesupport_introspection_c__visibility_control.h
[3.234s] -- Installing: /home/m2s2/WildPose_v1.2-main/wildpose/src/install/livox_interfaces/lib/liblivox_interfaces__rosidl_typesupport_introspection_c.so
[3.234s] -- Set runtime path of "/home/m2s2/WildPose_v1.2-main/wildpose/src/install/livox_interfaces/lib/liblivox_interfaces__rosidl_typesupport_introspection_c.so" to ""
[3.234s] -- Installing: /home/m2s2/WildPose_v1.2-main/wildpose/src/install/livox_interfaces/lib/liblivox_interfaces__rosidl_typesupport_c.so
[3.235s] -- Set runtime path of "/home/m2s2/WildPose_v1.2-main/wildpose/src/install/livox_interfaces/lib/liblivox_interfaces__rosidl_typesupport_c.so" to ""
[3.235s] -- Up-to-date: /home/m2s2/WildPose_v1.2-main/wildpose/src/install/livox_interfaces/include/livox_interfaces
[3.235s] -- Up-to-date: /home/m2s2/WildPose_v1.2-main/wildpose/src/install/livox_interfaces/include/livox_interfaces/msg
[3.235s] -- Up-to-date: /home/m2s2/WildPose_v1.2-main/wildpose/src/install/livox_interfaces/include/livox_interfaces/msg/detail
[3.235s] -- Installing: /home/m2s2/WildPose_v1.2-main/wildpose/src/install/livox_interfaces/include/livox_interfaces/msg/detail/custom_point__type_support.hpp
[3.235s] -- Installing: /home/m2s2/WildPose_v1.2-main/wildpose/src/install/livox_interfaces/include/livox_interfaces/msg/detail/custom_msg__traits.hpp
[3.235s] -- Installing: /home/m2s2/WildPose_v1.2-main/wildpose/src/install/livox_interfaces/include/livox_interfaces/msg/detail/custom_msg__builder.hpp
[3.235s] -- Installing: /home/m2s2/WildPose_v1.2-main/wildpose/src/install/livox_interfaces/include/livox_interfaces/msg/detail/custom_msg__type_support.hpp
[3.235s] -- Installing: /home/m2s2/WildPose_v1.2-main/wildpose/src/install/livox_interfaces/include/livox_interfaces/msg/detail/custom_msg__struct.hpp
[3.236s] -- Installing: /home/m2s2/WildPose_v1.2-main/wildpose/src/install/livox_interfaces/include/livox_interfaces/msg/detail/custom_point__builder.hpp
[3.236s] -- Installing: /home/m2s2/WildPose_v1.2-main/wildpose/src/install/livox_interfaces/include/livox_interfaces/msg/detail/custom_point__traits.hpp
[3.236s] -- Installing: /home/m2s2/WildPose_v1.2-main/wildpose/src/install/livox_interfaces/include/livox_interfaces/msg/detail/custom_point__struct.hpp
[3.236s] -- Installing: /home/m2s2/WildPose_v1.2-main/wildpose/src/install/livox_interfaces/include/livox_interfaces/msg/custom_msg.hpp
[3.236s] -- Installing: /home/m2s2/WildPose_v1.2-main/wildpose/src/install/livox_interfaces/include/livox_interfaces/msg/custom_point.hpp
[3.236s] -- Installing: /home/m2s2/WildPose_v1.2-main/wildpose/src/install/livox_interfaces/include/livox_interfaces/msg/rosidl_generator_cpp__visibility_control.hpp
[3.236s] -- Up-to-date: /home/m2s2/WildPose_v1.2-main/wildpose/src/install/livox_interfaces/include/livox_interfaces
[3.236s] -- Up-to-date: /home/m2s2/WildPose_v1.2-main/wildpose/src/install/livox_interfaces/include/livox_interfaces/msg
[3.236s] -- Up-to-date: /home/m2s2/WildPose_v1.2-main/wildpose/src/install/livox_interfaces/include/livox_interfaces/msg/detail
[3.236s] -- Installing: /home/m2s2/WildPose_v1.2-main/wildpose/src/install/livox_interfaces/include/livox_interfaces/msg/detail/custom_msg__type_support.cpp
[3.236s] -- Installing: /home/m2s2/WildPose_v1.2-main/wildpose/src/install/livox_interfaces/include/livox_interfaces/msg/detail/custom_msg__rosidl_typesupport_introspection_cpp.hpp
[3.237s] -- Installing: /home/m2s2/WildPose_v1.2-main/wildpose/src/install/livox_interfaces/include/livox_interfaces/msg/detail/custom_point__rosidl_typesupport_introspection_cpp.hpp
[3.237s] -- Installing: /home/m2s2/WildPose_v1.2-main/wildpose/src/install/livox_interfaces/include/livox_interfaces/msg/detail/custom_point__type_support.cpp
[3.237s] -- Installing: /home/m2s2/WildPose_v1.2-main/wildpose/src/install/livox_interfaces/lib/liblivox_interfaces__rosidl_typesupport_introspection_cpp.so
[3.237s] -- Set runtime path of "/home/m2s2/WildPose_v1.2-main/wildpose/src/install/livox_interfaces/lib/liblivox_interfaces__rosidl_typesupport_introspection_cpp.so" to ""
[3.237s] -- Installing: /home/m2s2/WildPose_v1.2-main/wildpose/src/install/livox_interfaces/lib/liblivox_interfaces__rosidl_typesupport_cpp.so
[3.237s] -- Set runtime path of "/home/m2s2/WildPose_v1.2-main/wildpose/src/install/livox_interfaces/lib/liblivox_interfaces__rosidl_typesupport_cpp.so" to ""
[3.237s] -- Installing: /home/m2s2/WildPose_v1.2-main/wildpose/src/install/livox_interfaces/share/livox_interfaces/environment/pythonpath.sh
[3.237s] -- Installing: /home/m2s2/WildPose_v1.2-main/wildpose/src/install/livox_interfaces/share/livox_interfaces/environment/pythonpath.dsv
[3.237s] -- Installing: /home/m2s2/WildPose_v1.2-main/wildpose/src/install/livox_interfaces/lib/python3.8/site-packages/livox_interfaces/__init__.py
[3.275s] Compiling '/home/m2s2/WildPose_v1.2-main/wildpose/src/install/livox_interfaces/lib/python3.8/site-packages/livox_interfaces/__init__.py'...
[3.281s] -- Installing: /home/m2s2/WildPose_v1.2-main/wildpose/src/install/livox_interfaces/lib/python3.8/site-packages/livox_interfaces/msg
[3.281s] -- Installing: /home/m2s2/WildPose_v1.2-main/wildpose/src/install/livox_interfaces/lib/python3.8/site-packages/livox_interfaces/msg/_custom_msg.py
[3.281s] -- Installing: /home/m2s2/WildPose_v1.2-main/wildpose/src/install/livox_interfaces/lib/python3.8/site-packages/livox_interfaces/msg/__init__.py
[3.282s] -- Installing: /home/m2s2/WildPose_v1.2-main/wildpose/src/install/livox_interfaces/lib/python3.8/site-packages/livox_interfaces/msg/_custom_msg_s.c
[3.282s] -- Installing: /home/m2s2/WildPose_v1.2-main/wildpose/src/install/livox_interfaces/lib/python3.8/site-packages/livox_interfaces/msg/_custom_point.py
[3.282s] -- Installing: /home/m2s2/WildPose_v1.2-main/wildpose/src/install/livox_interfaces/lib/python3.8/site-packages/livox_interfaces/msg/_custom_point_s.c
[3.282s] -- Installing: /home/m2s2/WildPose_v1.2-main/wildpose/src/install/livox_interfaces/lib/python3.8/site-packages/livox_interfaces/livox_interfaces_s__rosidl_typesupport_fastrtps_c.cpython-38-x86_64-linux-gnu.so
[3.282s] -- Set runtime path of "/home/m2s2/WildPose_v1.2-main/wildpose/src/install/livox_interfaces/lib/python3.8/site-packages/livox_interfaces/livox_interfaces_s__rosidl_typesupport_fastrtps_c.cpython-38-x86_64-linux-gnu.so" to ""
[3.282s] -- Installing: /home/m2s2/WildPose_v1.2-main/wildpose/src/install/livox_interfaces/lib/python3.8/site-packages/livox_interfaces/livox_interfaces_s__rosidl_typesupport_introspection_c.cpython-38-x86_64-linux-gnu.so
[3.282s] -- Set runtime path of "/home/m2s2/WildPose_v1.2-main/wildpose/src/install/livox_interfaces/lib/python3.8/site-packages/livox_interfaces/livox_interfaces_s__rosidl_typesupport_introspection_c.cpython-38-x86_64-linux-gnu.so" to ""
[3.282s] -- Installing: /home/m2s2/WildPose_v1.2-main/wildpose/src/install/livox_interfaces/lib/python3.8/site-packages/livox_interfaces/livox_interfaces_s__rosidl_typesupport_c.cpython-38-x86_64-linux-gnu.so
[3.283s] -- Set runtime path of "/home/m2s2/WildPose_v1.2-main/wildpose/src/install/livox_interfaces/lib/python3.8/site-packages/livox_interfaces/livox_interfaces_s__rosidl_typesupport_c.cpython-38-x86_64-linux-gnu.so" to ""
[3.283s] -- Installing: /home/m2s2/WildPose_v1.2-main/wildpose/src/install/livox_interfaces/lib/liblivox_interfaces__python.so
[3.283s] -- Set runtime path of "/home/m2s2/WildPose_v1.2-main/wildpose/src/install/livox_interfaces/lib/liblivox_interfaces__python.so" to ""
[3.283s] -- Installing: /home/m2s2/WildPose_v1.2-main/wildpose/src/install/livox_interfaces/share/livox_interfaces/msg/CustomPoint.idl
[3.283s] -- Installing: /home/m2s2/WildPose_v1.2-main/wildpose/src/install/livox_interfaces/share/livox_interfaces/msg/CustomMsg.idl
[3.283s] -- Installing: /home/m2s2/WildPose_v1.2-main/wildpose/src/install/livox_interfaces/share/livox_interfaces/msg/CustomPoint.msg
[3.283s] -- Installing: /home/m2s2/WildPose_v1.2-main/wildpose/src/install/livox_interfaces/share/livox_interfaces/msg/CustomMsg.msg
[3.284s] -- Installing: /home/m2s2/WildPose_v1.2-main/wildpose/src/install/livox_interfaces/share/ament_index/resource_index/package_run_dependencies/livox_interfaces
[3.284s] -- Installing: /home/m2s2/WildPose_v1.2-main/wildpose/src/install/livox_interfaces/share/ament_index/resource_index/parent_prefix_path/livox_interfaces
[3.284s] -- Installing: /home/m2s2/WildPose_v1.2-main/wildpose/src/install/livox_interfaces/share/livox_interfaces/environment/ament_prefix_path.sh
[3.284s] -- Installing: /home/m2s2/WildPose_v1.2-main/wildpose/src/install/livox_interfaces/share/livox_interfaces/environment/ament_prefix_path.dsv
[3.284s] -- Installing: /home/m2s2/WildPose_v1.2-main/wildpose/src/install/livox_interfaces/share/livox_interfaces/environment/path.sh
[3.284s] -- Installing: /home/m2s2/WildPose_v1.2-main/wildpose/src/install/livox_interfaces/share/livox_interfaces/environment/path.dsv
[3.285s] -- Installing: /home/m2s2/WildPose_v1.2-main/wildpose/src/install/livox_interfaces/share/livox_interfaces/local_setup.bash
[3.285s] -- Installing: /home/m2s2/WildPose_v1.2-main/wildpose/src/install/livox_interfaces/share/livox_interfaces/local_setup.sh
[3.285s] -- Installing: /home/m2s2/WildPose_v1.2-main/wildpose/src/install/livox_interfaces/share/livox_interfaces/local_setup.zsh
[3.285s] -- Installing: /home/m2s2/WildPose_v1.2-main/wildpose/src/install/livox_interfaces/share/livox_interfaces/local_setup.dsv
[3.285s] -- Installing: /home/m2s2/WildPose_v1.2-main/wildpose/src/install/livox_interfaces/share/livox_interfaces/package.dsv
[3.285s] -- Installing: /home/m2s2/WildPose_v1.2-main/wildpose/src/install/livox_interfaces/share/ament_index/resource_index/packages/livox_interfaces
[3.285s] -- Installing: /home/m2s2/WildPose_v1.2-main/wildpose/src/install/livox_interfaces/share/livox_interfaces/cmake/livox_interfaces__rosidl_generator_cExport.cmake
[3.285s] -- Installing: /home/m2s2/WildPose_v1.2-main/wildpose/src/install/livox_interfaces/share/livox_interfaces/cmake/livox_interfaces__rosidl_generator_cExport-noconfig.cmake
[3.286s] -- Installing: /home/m2s2/WildPose_v1.2-main/wildpose/src/install/livox_interfaces/share/livox_interfaces/cmake/livox_interfaces__rosidl_typesupport_introspection_cExport.cmake
[3.286s] -- Installing: /home/m2s2/WildPose_v1.2-main/wildpose/src/install/livox_interfaces/share/livox_interfaces/cmake/livox_interfaces__rosidl_typesupport_introspection_cExport-noconfig.cmake
[3.286s] -- Installing: /home/m2s2/WildPose_v1.2-main/wildpose/src/install/livox_interfaces/share/livox_interfaces/cmake/livox_interfaces__rosidl_typesupport_cExport.cmake
[3.286s] -- Installing: /home/m2s2/WildPose_v1.2-main/wildpose/src/install/livox_interfaces/share/livox_interfaces/cmake/livox_interfaces__rosidl_typesupport_cExport-noconfig.cmake
[3.286s] -- Installing: /home/m2s2/WildPose_v1.2-main/wildpose/src/install/livox_interfaces/share/livox_interfaces/cmake/livox_interfaces__rosidl_generator_cppExport.cmake
[3.286s] -- Installing: /home/m2s2/WildPose_v1.2-main/wildpose/src/install/livox_interfaces/share/livox_interfaces/cmake/livox_interfaces__rosidl_typesupport_introspection_cppExport.cmake
[3.286s] -- Installing: /home/m2s2/WildPose_v1.2-main/wildpose/src/install/livox_interfaces/share/livox_interfaces/cmake/livox_interfaces__rosidl_typesupport_introspection_cppExport-noconfig.cmake
[3.287s] -- Installing: /home/m2s2/WildPose_v1.2-main/wildpose/src/install/livox_interfaces/share/livox_interfaces/cmake/livox_interfaces__rosidl_typesupport_cppExport.cmake
[3.287s] -- Installing: /home/m2s2/WildPose_v1.2-main/wildpose/src/install/livox_interfaces/share/livox_interfaces/cmake/livox_interfaces__rosidl_typesupport_cppExport-noconfig.cmake
[3.287s] -- Installing: /home/m2s2/WildPose_v1.2-main/wildpose/src/install/livox_interfaces/share/livox_interfaces/cmake/rosidl_cmake-extras.cmake
[3.287s] -- Installing: /home/m2s2/WildPose_v1.2-main/wildpose/src/install/livox_interfaces/share/livox_interfaces/cmake/ament_cmake_export_dependencies-extras.cmake
[3.287s] -- Installing: /home/m2s2/WildPose_v1.2-main/wildpose/src/install/livox_interfaces/share/livox_interfaces/cmake/ament_cmake_export_libraries-extras.cmake
[3.287s] -- Installing: /home/m2s2/WildPose_v1.2-main/wildpose/src/install/livox_interfaces/share/livox_interfaces/cmake/ament_cmake_export_targets-extras.cmake
[3.287s] -- Installing: /home/m2s2/WildPose_v1.2-main/wildpose/src/install/livox_interfaces/share/livox_interfaces/cmake/ament_cmake_export_include_directories-extras.cmake
[3.288s] -- Installing: /home/m2s2/WildPose_v1.2-main/wildpose/src/install/livox_interfaces/share/livox_interfaces/cmake/rosidl_cmake_export_typesupport_libraries-extras.cmake
[3.288s] -- Installing: /home/m2s2/WildPose_v1.2-main/wildpose/src/install/livox_interfaces/share/livox_interfaces/cmake/rosidl_cmake_export_typesupport_targets-extras.cmake
[3.288s] -- Installing: /home/m2s2/WildPose_v1.2-main/wildpose/src/install/livox_interfaces/share/livox_interfaces/cmake/livox_interfacesConfig.cmake
[3.288s] -- Installing: /home/m2s2/WildPose_v1.2-main/wildpose/src/install/livox_interfaces/share/livox_interfaces/cmake/livox_interfacesConfig-version.cmake
[3.288s] -- Installing: /home/m2s2/WildPose_v1.2-main/wildpose/src/install/livox_interfaces/share/livox_interfaces/package.xml
[3.292s] Invoked command in '/home/m2s2/WildPose_v1.2-main/wildpose/src/build/livox_interfaces' returned '0': CMAKE_PREFIX_PATH=${CMAKE_PREFIX_PATH}:/home/m2s2/WildPose_v1.2-main/wildpose/install/motor_controller_pkg:/home/m2s2/WildPose_v1.2-main/wildpose/install/dji_rs3_pkg:/home/m2s2/WildPose_v1.2-main/wildpose/install/gamepad_pkg:/opt/ros/foxy /usr/bin/cmake --install /home/m2s2/WildPose_v1.2-main/wildpose/src/build/livox_interfaces
