[0.061s] Invoking command in '/home/m2s2/WildPose_v1.2-main/wildpose/src/build/ximea_ros2_cam': CMAKE_PREFIX_PATH=${CMAKE_PREFIX_PATH}:/home/m2s2/WildPose_v1.2-main/wildpose/install/motor_controller_pkg:/home/m2s2/WildPose_v1.2-main/wildpose/install/dji_rs3_pkg:/home/m2s2/WildPose_v1.2-main/wildpose/install/gamepad_pkg:/opt/ros/foxy /usr/bin/cmake /home/m2s2/WildPose_v1.2-main/wildpose/src/ximea_ROS2_driver-main/ximea_ros2_cam -DCMAKE_INSTALL_PREFIX=/home/m2s2/WildPose_v1.2-main/wildpose/src/install/ximea_ros2_cam
[0.237s] -- Found ament_cmake: 0.9.12 (/opt/ros/foxy/share/ament_cmake/cmake)
[0.238s] -- Using PYTHON_EXECUTABLE: /usr/bin/python3
[0.258s] -- Found rclcpp: 2.4.3 (/opt/ros/foxy/share/rclcpp/cmake)
[0.299s] -- Using all available rosidl_typesupport_c: rosidl_typesupport_fastrtps_c;rosidl_typesupport_introspection_c
[0.301s] -- Found rosidl_adapter: 1.3.1 (/opt/ros/foxy/share/rosidl_adapter/cmake)
[0.451s] -- Using all available rosidl_typesupport_cpp: rosidl_typesupport_fastrtps_cpp;rosidl_typesupport_introspection_cpp
[0.502s] -- Found rmw_implementation_cmake: 1.0.4 (/opt/ros/foxy/share/rmw_implementation_cmake/cmake)
[0.504s] -- Using RMW implementation 'rmw_fastrtps_cpp' as default
[0.664s] -- Found camera_calibration_parsers: 2.4.0 (/opt/ros/foxy/share/camera_calibration_parsers/cmake)
[0.869s] -- Setting yaml-cpp_DIR to: '/opt/ros/foxy/share/yaml_cpp_vendor/cmake/../../../opt/yaml_cpp_vendor/lib/cmake/yaml-cpp'
[0.876s] -- Found camera_info_manager: 2.4.0 (/opt/ros/foxy/share/camera_info_manager/cmake)
[0.933s] -- Found image_transport: 2.4.0 (/opt/ros/foxy/share/image_transport/cmake)
[1.005s] -- Found rosbag2_cpp: 0.3.11 (/opt/ros/foxy/share/rosbag2_cpp/cmake)
[1.018s] -- Found cv_bridge: 3.0.7 (/opt/ros/foxy/share/cv_bridge/cmake)
[1.054s] -- Found OpenCV: /usr (found version "4.2.0") 
[1.208s] -- Found ament_lint_auto: 0.9.8 (/opt/ros/foxy/share/ament_lint_auto/cmake)
[1.300s] -- Added test 'copyright' to check source files copyright and LICENSE
[1.301s] -- Added test 'cppcheck' to perform static code analysis on C / C++ code
[1.301s] -- Configured cppcheck include dirs: $<BUILD_INTERFACE:/home/m2s2/WildPose_v1.2-main/wildpose/src/ximea_ROS2_driver-main/ximea_ros2_cam/include>
[1.301s] -- Configured cppcheck exclude dirs and/or files: 
[1.302s] -- Added test 'cpplint' to check C / C++ code against the Google style
[1.302s] -- Configured cpplint exclude dirs and/or files: 
[1.303s] -- Added test 'lint_cmake' to check CMake code style
[1.303s] -- Added test 'uncrustify' to check C / C++ code style
[1.303s] -- Configured uncrustify additional arguments: 
[1.304s] -- Added test 'xmllint' to check XML markup files
[1.304s] -- Configuring done
[1.326s] -- Generating done
[1.328s] -- Build files have been written to: /home/m2s2/WildPose_v1.2-main/wildpose/src/build/ximea_ros2_cam
[1.347s] Invoked command in '/home/m2s2/WildPose_v1.2-main/wildpose/src/build/ximea_ros2_cam' returned '0': CMAKE_PREFIX_PATH=${CMAKE_PREFIX_PATH}:/home/m2s2/WildPose_v1.2-main/wildpose/install/motor_controller_pkg:/home/m2s2/WildPose_v1.2-main/wildpose/install/dji_rs3_pkg:/home/m2s2/WildPose_v1.2-main/wildpose/install/gamepad_pkg:/opt/ros/foxy /usr/bin/cmake /home/m2s2/WildPose_v1.2-main/wildpose/src/ximea_ROS2_driver-main/ximea_ros2_cam -DCMAKE_INSTALL_PREFIX=/home/m2s2/WildPose_v1.2-main/wildpose/src/install/ximea_ros2_cam
[1.350s] Invoking command in '/home/m2s2/WildPose_v1.2-main/wildpose/src/build/ximea_ros2_cam': CMAKE_PREFIX_PATH=${CMAKE_PREFIX_PATH}:/home/m2s2/WildPose_v1.2-main/wildpose/install/motor_controller_pkg:/home/m2s2/WildPose_v1.2-main/wildpose/install/dji_rs3_pkg:/home/m2s2/WildPose_v1.2-main/wildpose/install/gamepad_pkg:/opt/ros/foxy /usr/bin/cmake --build /home/m2s2/WildPose_v1.2-main/wildpose/src/build/ximea_ros2_cam -- -j16 -l16
[1.386s] [ 33%] [32mBuilding CXX object CMakeFiles/ximea_ros2_cam_node.dir/src/ximea_ros2_cam.cpp.o[0m
[1.386s] [ 66%] [32mBuilding CXX object CMakeFiles/ximea_ros2_cam_node.dir/src/ximea_ros2_cam_node.cpp.o[0m
[5.787s] [100%] [32m[1mLinking CXX executable ximea_ros2_cam_node[0m
[6.385s] [100%] Built target ximea_ros2_cam_node
[6.394s] Invoked command in '/home/m2s2/WildPose_v1.2-main/wildpose/src/build/ximea_ros2_cam' returned '0': CMAKE_PREFIX_PATH=${CMAKE_PREFIX_PATH}:/home/m2s2/WildPose_v1.2-main/wildpose/install/motor_controller_pkg:/home/m2s2/WildPose_v1.2-main/wildpose/install/dji_rs3_pkg:/home/m2s2/WildPose_v1.2-main/wildpose/install/gamepad_pkg:/opt/ros/foxy /usr/bin/cmake --build /home/m2s2/WildPose_v1.2-main/wildpose/src/build/ximea_ros2_cam -- -j16 -l16
[6.412s] Invoking command in '/home/m2s2/WildPose_v1.2-main/wildpose/src/build/ximea_ros2_cam': CMAKE_PREFIX_PATH=${CMAKE_PREFIX_PATH}:/home/m2s2/WildPose_v1.2-main/wildpose/install/motor_controller_pkg:/home/m2s2/WildPose_v1.2-main/wildpose/install/dji_rs3_pkg:/home/m2s2/WildPose_v1.2-main/wildpose/install/gamepad_pkg:/opt/ros/foxy /usr/bin/cmake --install /home/m2s2/WildPose_v1.2-main/wildpose/src/build/ximea_ros2_cam
[6.416s] -- Install configuration: ""
[6.417s] -- Installing: /home/m2s2/WildPose_v1.2-main/wildpose/src/install/ximea_ros2_cam/lib/ximea_ros2_cam/ximea_ros2_cam_node
[6.417s] -- Set runtime path of "/home/m2s2/WildPose_v1.2-main/wildpose/src/install/ximea_ros2_cam/lib/ximea_ros2_cam/ximea_ros2_cam_node" to ""
[6.418s] -- Installing: /home/m2s2/WildPose_v1.2-main/wildpose/src/install/ximea_ros2_cam/share/ximea_ros2_cam/config
[6.418s] -- Installing: /home/m2s2/WildPose_v1.2-main/wildpose/src/install/ximea_ros2_cam/share/ximea_ros2_cam/config/xiCam_config.yaml
[6.418s] -- Installing: /home/m2s2/WildPose_v1.2-main/wildpose/src/install/ximea_ros2_cam/share/ximea_ros2_cam/launch
[6.418s] -- Installing: /home/m2s2/WildPose_v1.2-main/wildpose/src/install/ximea_ros2_cam/share/ximea_ros2_cam/launch/xiCam.launch.xml
[6.418s] -- Installing: /home/m2s2/WildPose_v1.2-main/wildpose/src/install/ximea_ros2_cam/share/ament_index/resource_index/package_run_dependencies/ximea_ros2_cam
[6.418s] -- Installing: /home/m2s2/WildPose_v1.2-main/wildpose/src/install/ximea_ros2_cam/share/ament_index/resource_index/parent_prefix_path/ximea_ros2_cam
[6.418s] -- Installing: /home/m2s2/WildPose_v1.2-main/wildpose/src/install/ximea_ros2_cam/share/ximea_ros2_cam/environment/ament_prefix_path.sh
[6.418s] -- Installing: /home/m2s2/WildPose_v1.2-main/wildpose/src/install/ximea_ros2_cam/share/ximea_ros2_cam/environment/ament_prefix_path.dsv
[6.418s] -- Installing: /home/m2s2/WildPose_v1.2-main/wildpose/src/install/ximea_ros2_cam/share/ximea_ros2_cam/environment/path.sh
[6.419s] -- Installing: /home/m2s2/WildPose_v1.2-main/wildpose/src/install/ximea_ros2_cam/share/ximea_ros2_cam/environment/path.dsv
[6.419s] -- Installing: /home/m2s2/WildPose_v1.2-main/wildpose/src/install/ximea_ros2_cam/share/ximea_ros2_cam/local_setup.bash
[6.419s] -- Installing: /home/m2s2/WildPose_v1.2-main/wildpose/src/install/ximea_ros2_cam/share/ximea_ros2_cam/local_setup.sh
[6.419s] -- Installing: /home/m2s2/WildPose_v1.2-main/wildpose/src/install/ximea_ros2_cam/share/ximea_ros2_cam/local_setup.zsh
[6.419s] -- Installing: /home/m2s2/WildPose_v1.2-main/wildpose/src/install/ximea_ros2_cam/share/ximea_ros2_cam/local_setup.dsv
[6.419s] -- Installing: /home/m2s2/WildPose_v1.2-main/wildpose/src/install/ximea_ros2_cam/share/ximea_ros2_cam/package.dsv
[6.419s] -- Installing: /home/m2s2/WildPose_v1.2-main/wildpose/src/install/ximea_ros2_cam/share/ament_index/resource_index/packages/ximea_ros2_cam
[6.420s] -- Installing: /home/m2s2/WildPose_v1.2-main/wildpose/src/install/ximea_ros2_cam/share/ximea_ros2_cam/cmake/ximea_ros2_camConfig.cmake
[6.420s] -- Installing: /home/m2s2/WildPose_v1.2-main/wildpose/src/install/ximea_ros2_cam/share/ximea_ros2_cam/cmake/ximea_ros2_camConfig-version.cmake
[6.420s] -- Installing: /home/m2s2/WildPose_v1.2-main/wildpose/src/install/ximea_ros2_cam/share/ximea_ros2_cam/package.xml
[6.421s] Invoked command in '/home/m2s2/WildPose_v1.2-main/wildpose/src/build/ximea_ros2_cam' returned '0': CMAKE_PREFIX_PATH=${CMAKE_PREFIX_PATH}:/home/m2s2/WildPose_v1.2-main/wildpose/install/motor_controller_pkg:/home/m2s2/WildPose_v1.2-main/wildpose/install/dji_rs3_pkg:/home/m2s2/WildPose_v1.2-main/wildpose/install/gamepad_pkg:/opt/ros/foxy /usr/bin/cmake --install /home/m2s2/WildPose_v1.2-main/wildpose/src/build/ximea_ros2_cam
