[2.255s] Invoking command in '/home/naoya/wildpose_v1.3/wildpose/src/dji_rs3_pkg': CMAKE_PREFIX_PATH=/home/naoya/wildpose_v1.3/wildpose/install/wildpose_interfaces:/home/naoya/wildpose_v1.3/wildpose/install/wildpose_bringup:/home/naoya/wildpose_v1.3/wildpose/install/ximea_ros2_cam:/home/naoya/wildpose_v1.3/wildpose/install/livox_ros2_driver:/home/naoya/wildpose_v1.3/wildpose/install/livox_sdk_vendor:/home/naoya/wildpose_v1.3/wildpose/install/livox_interfaces:/home/naoya/wildpose_v1.3/wildpose/install/iris_controller:/home/naoya/Wildpose_v1.33/wildpose/install/wildpose_bringup:/home/naoya/Wildpose_v1.33/wildpose/install/ximea_ros2_cam:/home/naoya/Wildpose_v1.33/wildpose/install/lidar_control_package:/home/naoya/Wildpose_v1.33/wildpose/install/wildpose_interfaces:/home/naoya/Wildpose_v1.33/wildpose/install/livox_ros2_driver:/home/naoya/Wildpose_v1.33/wildpose/install/livox_sdk_vendor:/home/naoya/Wildpose_v1.33/wildpose/install/livox_interfaces:/home/naoya/WildPose_v1.2/wildpose/install/wildpose_bringup:/home/naoya/WildPose_v1.2/wildpose/install/wildpose_interfaces:/home/naoya/ros2_ws/livox_ros2_driver/install/livox_ros2_driver:/home/naoya/ros2_ws/livox_ros2_driver/install/livox_sdk_vendor:/home/naoya/ros2_ws/livox_ros2_driver/install/livox_interfaces:/home/naoya/ros2_ws/ximea_ros2_cam/install/ximea_ros2_cam:/home/naoya/ros2_ws/rmw_ecal/install/rmw_ecal_dynamic_cpp:/home/naoya/ros2_ws/rmw_ecal/install/rmw_ecal_shared_cpp PYTHONPATH=/home/naoya/wildpose_v1.3/wildpose/build/dji_rs3_pkg/prefix_override:/home/naoya/wildpose_v1.3/wildpose/install/dji_rs3_pkg/lib/python3.8/site-packages:/home/naoya/wildpose_v1.3/wildpose/install/wildpose_interfaces/lib/python3.8/site-packages:/home/naoya/wildpose_v1.3/wildpose/install/motor_controller_pkg/lib/python3.8/site-packages:/home/naoya/wildpose_v1.3/wildpose/install/lidar_control_package/lib/python3.8/site-packages:/home/naoya/wildpose_v1.3/wildpose/install/dji_rs3_pkg/lib/python3.8/site-packages:/home/naoya/wildpose_v1.3/wildpose/install/livox_interfaces/lib/python3.8/site-packages:/home/naoya/wildpose_v1.3/wildpose/install/gamepad_pkg/lib/python3.8/site-packages:/home/naoya/Wildpose_v1.33/wildpose/install/motor_controller_pkg/lib/python3.8/site-packages:/home/naoya/Wildpose_v1.33/wildpose/install/lidar_control_package/lib/python3.8/site-packages:/home/naoya/Wildpose_v1.33/wildpose/install/dji_rs3_pkg/lib/python3.8/site-packages:/home/naoya/Wildpose_v1.33/wildpose/install/wildpose_interfaces/lib/python3.8/site-packages:/home/naoya/Wildpose_v1.33/wildpose/install/livox_interfaces/lib/python3.8/site-packages:/home/naoya/Wildpose_v1.33/wildpose/install/gamepad_pkg/lib/python3.8/site-packages:/home/naoya/WildPose_v1.2/wildpose/build/motor_controller_pkg:/home/naoya/WildPose_v1.2/wildpose/install/motor_controller_pkg/lib/python3.8/site-packages:/home/naoya/WildPose_v1.2/wildpose/install/wildpose_interfaces/lib/python3.8/site-packages:/home/naoya/WildPose_v1.2/wildpose/build/gamepad_pkg:/home/naoya/WildPose_v1.2/wildpose/install/gamepad_pkg/lib/python3.8/site-packages:/home/naoya/ros2_ws/livox_ros2_driver/install/livox_interfaces/lib/python3.8/site-packages:/opt/ros/foxy/lib/python3.8/site-packages /usr/bin/python3 setup.py egg_info --egg-base ../../build/dji_rs3_pkg build --build-base /home/naoya/wildpose_v1.3/wildpose/build/dji_rs3_pkg/build install --record /home/naoya/wildpose_v1.3/wildpose/build/dji_rs3_pkg/install.log --install-scripts $base/lib/dji_rs3_pkg --single-version-externally-managed
[2.389s] running egg_info
[2.389s] creating ../../build/dji_rs3_pkg/dji_rs3_pkg.egg-info
[2.389s] writing ../../build/dji_rs3_pkg/dji_rs3_pkg.egg-info/PKG-INFO
[2.389s] writing dependency_links to ../../build/dji_rs3_pkg/dji_rs3_pkg.egg-info/dependency_links.txt
[2.390s] writing entry points to ../../build/dji_rs3_pkg/dji_rs3_pkg.egg-info/entry_points.txt
[2.390s] writing requirements to ../../build/dji_rs3_pkg/dji_rs3_pkg.egg-info/requires.txt
[2.390s] writing top-level names to ../../build/dji_rs3_pkg/dji_rs3_pkg.egg-info/top_level.txt
[2.390s] writing manifest file '../../build/dji_rs3_pkg/dji_rs3_pkg.egg-info/SOURCES.txt'
[2.411s] reading manifest file '../../build/dji_rs3_pkg/dji_rs3_pkg.egg-info/SOURCES.txt'
[2.412s] writing manifest file '../../build/dji_rs3_pkg/dji_rs3_pkg.egg-info/SOURCES.txt'
[2.412s] running build
[2.412s] running build_py
[2.412s] creating /home/naoya/wildpose_v1.3/wildpose/build/dji_rs3_pkg/build
[2.412s] creating /home/naoya/wildpose_v1.3/wildpose/build/dji_rs3_pkg/build/lib
[2.412s] creating /home/naoya/wildpose_v1.3/wildpose/build/dji_rs3_pkg/build/lib/dji_rs3_pkg
[2.412s] copying dji_rs3_pkg/dji_rs3_node.py -> /home/naoya/wildpose_v1.3/wildpose/build/dji_rs3_pkg/build/lib/dji_rs3_pkg
[2.412s] copying dji_rs3_pkg/__init__.py -> /home/naoya/wildpose_v1.3/wildpose/build/dji_rs3_pkg/build/lib/dji_rs3_pkg
[2.412s] creating /home/naoya/wildpose_v1.3/wildpose/build/dji_rs3_pkg/build/lib/dji_rs3_pkg/protocol
[2.412s] copying dji_rs3_pkg/protocol/__init__.py -> /home/naoya/wildpose_v1.3/wildpose/build/dji_rs3_pkg/build/lib/dji_rs3_pkg/protocol
[2.412s] creating /home/naoya/wildpose_v1.3/wildpose/build/dji_rs3_pkg/build/lib/dji_rs3_pkg/protocol/connection
[2.413s] copying dji_rs3_pkg/protocol/connection/__init__.py -> /home/naoya/wildpose_v1.3/wildpose/build/dji_rs3_pkg/build/lib/dji_rs3_pkg/protocol/connection
[2.413s] copying dji_rs3_pkg/protocol/connection/CANConnection.py -> /home/naoya/wildpose_v1.3/wildpose/build/dji_rs3_pkg/build/lib/dji_rs3_pkg/protocol/connection
[2.413s] creating /home/naoya/wildpose_v1.3/wildpose/build/dji_rs3_pkg/build/lib/dji_rs3_pkg/protocol/sdk
[2.413s] copying dji_rs3_pkg/protocol/sdk/CmdCombine.py -> /home/naoya/wildpose_v1.3/wildpose/build/dji_rs3_pkg/build/lib/dji_rs3_pkg/protocol/sdk
[2.413s] copying dji_rs3_pkg/protocol/sdk/SDKHandle.py -> /home/naoya/wildpose_v1.3/wildpose/build/dji_rs3_pkg/build/lib/dji_rs3_pkg/protocol/sdk
[2.413s] copying dji_rs3_pkg/protocol/sdk/SDKCRC.py -> /home/naoya/wildpose_v1.3/wildpose/build/dji_rs3_pkg/build/lib/dji_rs3_pkg/protocol/sdk
[2.413s] copying dji_rs3_pkg/protocol/sdk/CmdHandler.py -> /home/naoya/wildpose_v1.3/wildpose/build/dji_rs3_pkg/build/lib/dji_rs3_pkg/protocol/sdk
[2.413s] copying dji_rs3_pkg/protocol/sdk/__init__.py -> /home/naoya/wildpose_v1.3/wildpose/build/dji_rs3_pkg/build/lib/dji_rs3_pkg/protocol/sdk
[2.413s] running install
[2.414s] running install_lib
[2.414s] creating /home/naoya/wildpose_v1.3/wildpose/install/dji_rs3_pkg/lib/python3.8/site-packages/dji_rs3_pkg
[2.414s] copying /home/naoya/wildpose_v1.3/wildpose/build/dji_rs3_pkg/build/lib/dji_rs3_pkg/dji_rs3_node.py -> /home/naoya/wildpose_v1.3/wildpose/install/dji_rs3_pkg/lib/python3.8/site-packages/dji_rs3_pkg
[2.414s] creating /home/naoya/wildpose_v1.3/wildpose/install/dji_rs3_pkg/lib/python3.8/site-packages/dji_rs3_pkg/protocol
[2.415s] creating /home/naoya/wildpose_v1.3/wildpose/install/dji_rs3_pkg/lib/python3.8/site-packages/dji_rs3_pkg/protocol/connection
[2.415s] copying /home/naoya/wildpose_v1.3/wildpose/build/dji_rs3_pkg/build/lib/dji_rs3_pkg/protocol/connection/__init__.py -> /home/naoya/wildpose_v1.3/wildpose/install/dji_rs3_pkg/lib/python3.8/site-packages/dji_rs3_pkg/protocol/connection
[2.415s] copying /home/naoya/wildpose_v1.3/wildpose/build/dji_rs3_pkg/build/lib/dji_rs3_pkg/protocol/connection/CANConnection.py -> /home/naoya/wildpose_v1.3/wildpose/install/dji_rs3_pkg/lib/python3.8/site-packages/dji_rs3_pkg/protocol/connection
[2.415s] copying /home/naoya/wildpose_v1.3/wildpose/build/dji_rs3_pkg/build/lib/dji_rs3_pkg/protocol/__init__.py -> /home/naoya/wildpose_v1.3/wildpose/install/dji_rs3_pkg/lib/python3.8/site-packages/dji_rs3_pkg/protocol
[2.415s] creating /home/naoya/wildpose_v1.3/wildpose/install/dji_rs3_pkg/lib/python3.8/site-packages/dji_rs3_pkg/protocol/sdk
[2.415s] copying /home/naoya/wildpose_v1.3/wildpose/build/dji_rs3_pkg/build/lib/dji_rs3_pkg/protocol/sdk/CmdCombine.py -> /home/naoya/wildpose_v1.3/wildpose/install/dji_rs3_pkg/lib/python3.8/site-packages/dji_rs3_pkg/protocol/sdk
[2.415s] copying /home/naoya/wildpose_v1.3/wildpose/build/dji_rs3_pkg/build/lib/dji_rs3_pkg/protocol/sdk/SDKHandle.py -> /home/naoya/wildpose_v1.3/wildpose/install/dji_rs3_pkg/lib/python3.8/site-packages/dji_rs3_pkg/protocol/sdk
[2.415s] copying /home/naoya/wildpose_v1.3/wildpose/build/dji_rs3_pkg/build/lib/dji_rs3_pkg/protocol/sdk/SDKCRC.py -> /home/naoya/wildpose_v1.3/wildpose/install/dji_rs3_pkg/lib/python3.8/site-packages/dji_rs3_pkg/protocol/sdk
[2.415s] copying /home/naoya/wildpose_v1.3/wildpose/build/dji_rs3_pkg/build/lib/dji_rs3_pkg/protocol/sdk/CmdHandler.py -> /home/naoya/wildpose_v1.3/wildpose/install/dji_rs3_pkg/lib/python3.8/site-packages/dji_rs3_pkg/protocol/sdk
[2.415s] copying /home/naoya/wildpose_v1.3/wildpose/build/dji_rs3_pkg/build/lib/dji_rs3_pkg/protocol/sdk/__init__.py -> /home/naoya/wildpose_v1.3/wildpose/install/dji_rs3_pkg/lib/python3.8/site-packages/dji_rs3_pkg/protocol/sdk
[2.415s] copying /home/naoya/wildpose_v1.3/wildpose/build/dji_rs3_pkg/build/lib/dji_rs3_pkg/__init__.py -> /home/naoya/wildpose_v1.3/wildpose/install/dji_rs3_pkg/lib/python3.8/site-packages/dji_rs3_pkg
[2.415s] byte-compiling /home/naoya/wildpose_v1.3/wildpose/install/dji_rs3_pkg/lib/python3.8/site-packages/dji_rs3_pkg/dji_rs3_node.py to dji_rs3_node.cpython-38.pyc
[2.417s] byte-compiling /home/naoya/wildpose_v1.3/wildpose/install/dji_rs3_pkg/lib/python3.8/site-packages/dji_rs3_pkg/protocol/connection/__init__.py to __init__.cpython-38.pyc
[2.417s] byte-compiling /home/naoya/wildpose_v1.3/wildpose/install/dji_rs3_pkg/lib/python3.8/site-packages/dji_rs3_pkg/protocol/connection/CANConnection.py to CANConnection.cpython-38.pyc
[2.419s] byte-compiling /home/naoya/wildpose_v1.3/wildpose/install/dji_rs3_pkg/lib/python3.8/site-packages/dji_rs3_pkg/protocol/__init__.py to __init__.cpython-38.pyc
[2.419s] byte-compiling /home/naoya/wildpose_v1.3/wildpose/install/dji_rs3_pkg/lib/python3.8/site-packages/dji_rs3_pkg/protocol/sdk/CmdCombine.py to CmdCombine.cpython-38.pyc
[2.419s] byte-compiling /home/naoya/wildpose_v1.3/wildpose/install/dji_rs3_pkg/lib/python3.8/site-packages/dji_rs3_pkg/protocol/sdk/SDKHandle.py to SDKHandle.cpython-38.pyc
[2.420s] byte-compiling /home/naoya/wildpose_v1.3/wildpose/install/dji_rs3_pkg/lib/python3.8/site-packages/dji_rs3_pkg/protocol/sdk/SDKCRC.py to SDKCRC.cpython-38.pyc
[2.420s] byte-compiling /home/naoya/wildpose_v1.3/wildpose/install/dji_rs3_pkg/lib/python3.8/site-packages/dji_rs3_pkg/protocol/sdk/CmdHandler.py to CmdHandler.cpython-38.pyc
[2.421s] byte-compiling /home/naoya/wildpose_v1.3/wildpose/install/dji_rs3_pkg/lib/python3.8/site-packages/dji_rs3_pkg/protocol/sdk/__init__.py to __init__.cpython-38.pyc
[2.421s] byte-compiling /home/naoya/wildpose_v1.3/wildpose/install/dji_rs3_pkg/lib/python3.8/site-packages/dji_rs3_pkg/__init__.py to __init__.cpython-38.pyc
[2.421s] running install_data
[2.421s] creating /home/naoya/wildpose_v1.3/wildpose/install/dji_rs3_pkg/share/ament_index
[2.421s] creating /home/naoya/wildpose_v1.3/wildpose/install/dji_rs3_pkg/share/ament_index/resource_index
[2.421s] creating /home/naoya/wildpose_v1.3/wildpose/install/dji_rs3_pkg/share/ament_index/resource_index/packages
[2.421s] copying resource/dji_rs3_pkg -> /home/naoya/wildpose_v1.3/wildpose/install/dji_rs3_pkg/share/ament_index/resource_index/packages
[2.421s] copying package.xml -> /home/naoya/wildpose_v1.3/wildpose/install/dji_rs3_pkg/share/dji_rs3_pkg
[2.421s] running install_egg_info
[2.422s] Copying ../../build/dji_rs3_pkg/dji_rs3_pkg.egg-info to /home/naoya/wildpose_v1.3/wildpose/install/dji_rs3_pkg/lib/python3.8/site-packages/dji_rs3_pkg-0.0.0-py3.8.egg-info
[2.422s] running install_scripts
[2.435s] Installing dji_rs3_node script to /home/naoya/wildpose_v1.3/wildpose/install/dji_rs3_pkg/lib/dji_rs3_pkg
[2.436s] writing list of installed files to '/home/naoya/wildpose_v1.3/wildpose/build/dji_rs3_pkg/install.log'
[2.583s] Invoked command in '/home/naoya/wildpose_v1.3/wildpose/src/dji_rs3_pkg' returned '0': CMAKE_PREFIX_PATH=/home/naoya/wildpose_v1.3/wildpose/install/wildpose_interfaces:/home/naoya/wildpose_v1.3/wildpose/install/wildpose_bringup:/home/naoya/wildpose_v1.3/wildpose/install/ximea_ros2_cam:/home/naoya/wildpose_v1.3/wildpose/install/livox_ros2_driver:/home/naoya/wildpose_v1.3/wildpose/install/livox_sdk_vendor:/home/naoya/wildpose_v1.3/wildpose/install/livox_interfaces:/home/naoya/wildpose_v1.3/wildpose/install/iris_controller:/home/naoya/Wildpose_v1.33/wildpose/install/wildpose_bringup:/home/naoya/Wildpose_v1.33/wildpose/install/ximea_ros2_cam:/home/naoya/Wildpose_v1.33/wildpose/install/lidar_control_package:/home/naoya/Wildpose_v1.33/wildpose/install/wildpose_interfaces:/home/naoya/Wildpose_v1.33/wildpose/install/livox_ros2_driver:/home/naoya/Wildpose_v1.33/wildpose/install/livox_sdk_vendor:/home/naoya/Wildpose_v1.33/wildpose/install/livox_interfaces:/home/naoya/WildPose_v1.2/wildpose/install/wildpose_bringup:/home/naoya/WildPose_v1.2/wildpose/install/wildpose_interfaces:/home/naoya/ros2_ws/livox_ros2_driver/install/livox_ros2_driver:/home/naoya/ros2_ws/livox_ros2_driver/install/livox_sdk_vendor:/home/naoya/ros2_ws/livox_ros2_driver/install/livox_interfaces:/home/naoya/ros2_ws/ximea_ros2_cam/install/ximea_ros2_cam:/home/naoya/ros2_ws/rmw_ecal/install/rmw_ecal_dynamic_cpp:/home/naoya/ros2_ws/rmw_ecal/install/rmw_ecal_shared_cpp PYTHONPATH=/home/naoya/wildpose_v1.3/wildpose/build/dji_rs3_pkg/prefix_override:/home/naoya/wildpose_v1.3/wildpose/install/dji_rs3_pkg/lib/python3.8/site-packages:/home/naoya/wildpose_v1.3/wildpose/install/wildpose_interfaces/lib/python3.8/site-packages:/home/naoya/wildpose_v1.3/wildpose/install/motor_controller_pkg/lib/python3.8/site-packages:/home/naoya/wildpose_v1.3/wildpose/install/lidar_control_package/lib/python3.8/site-packages:/home/naoya/wildpose_v1.3/wildpose/install/dji_rs3_pkg/lib/python3.8/site-packages:/home/naoya/wildpose_v1.3/wildpose/install/livox_interfaces/lib/python3.8/site-packages:/home/naoya/wildpose_v1.3/wildpose/install/gamepad_pkg/lib/python3.8/site-packages:/home/naoya/Wildpose_v1.33/wildpose/install/motor_controller_pkg/lib/python3.8/site-packages:/home/naoya/Wildpose_v1.33/wildpose/install/lidar_control_package/lib/python3.8/site-packages:/home/naoya/Wildpose_v1.33/wildpose/install/dji_rs3_pkg/lib/python3.8/site-packages:/home/naoya/Wildpose_v1.33/wildpose/install/wildpose_interfaces/lib/python3.8/site-packages:/home/naoya/Wildpose_v1.33/wildpose/install/livox_interfaces/lib/python3.8/site-packages:/home/naoya/Wildpose_v1.33/wildpose/install/gamepad_pkg/lib/python3.8/site-packages:/home/naoya/WildPose_v1.2/wildpose/build/motor_controller_pkg:/home/naoya/WildPose_v1.2/wildpose/install/motor_controller_pkg/lib/python3.8/site-packages:/home/naoya/WildPose_v1.2/wildpose/install/wildpose_interfaces/lib/python3.8/site-packages:/home/naoya/WildPose_v1.2/wildpose/build/gamepad_pkg:/home/naoya/WildPose_v1.2/wildpose/install/gamepad_pkg/lib/python3.8/site-packages:/home/naoya/ros2_ws/livox_ros2_driver/install/livox_interfaces/lib/python3.8/site-packages:/opt/ros/foxy/lib/python3.8/site-packages /usr/bin/python3 setup.py egg_info --egg-base ../../build/dji_rs3_pkg build --build-base /home/naoya/wildpose_v1.3/wildpose/build/dji_rs3_pkg/build install --record /home/naoya/wildpose_v1.3/wildpose/build/dji_rs3_pkg/install.log --install-scripts $base/lib/dji_rs3_pkg --single-version-externally-managed
