[0.935s] Invoking command in '/home/naoya/wildpose_v1.3/wildpose/src/build/livox_interfaces': CMAKE_PREFIX_PATH=${CMAKE_PREFIX_PATH}:/home/naoya/WildPose_v1.2/wildpose/install/motor_controller_pkg:/home/naoya/WildPose_v1.2/wildpose/install/gamepad_pkg:/opt/ros/foxy /usr/bin/cmake /home/naoya/wildpose_v1.3/wildpose/src/livox_ros2_driver/livox_interfaces -DCMAKE_INSTALL_PREFIX=/home/naoya/wildpose_v1.3/wildpose/src/install/livox_interfaces
[1.556s] -- The C compiler identification is GNU 9.4.0
[1.558s] -- The CXX compiler identification is GNU 9.4.0
[1.558s] -- Check for working C compiler: /usr/bin/cc
[1.558s] -- Check for working C compiler: /usr/bin/cc -- works
[1.558s] -- Detecting C compiler ABI info
[1.558s] -- Detecting C compiler ABI info - done
[1.558s] -- Detecting C compile features
[1.558s] -- Detecting C compile features - done
[1.559s] -- Check for working CXX compiler: /usr/bin/c++
[1.559s] -- Check for working CXX compiler: /usr/bin/c++ -- works
[1.559s] -- Detecting CXX compiler ABI info
[1.559s] -- Detecting CXX compiler ABI info - done
[1.559s] -- Detecting CXX compile features
[1.559s] -- Detecting CXX compile features - done
[1.560s] -- Found ament_cmake: 0.9.12 (/opt/ros/foxy/share/ament_cmake/cmake)
[1.560s] -- Found PythonInterp: /usr/bin/python3 (found suitable version "3.8.10", minimum required is "3") 
[1.560s] -- Using PYTHON_EXECUTABLE: /usr/bin/python3
[1.635s] -- Found std_msgs: 2.0.5 (/opt/ros/foxy/share/std_msgs/cmake)
[1.659s] -- Using all available rosidl_typesupport_c: rosidl_typesupport_fastrtps_c;rosidl_typesupport_introspection_c
[1.665s] -- Found rosidl_adapter: 1.3.1 (/opt/ros/foxy/share/rosidl_adapter/cmake)
[1.760s] -- Found OpenSSL: /usr/lib/x86_64-linux-gnu/libcrypto.so (found version "1.1.1f")  
[1.779s] -- Found FastRTPS: /opt/ros/foxy/include  
[1.873s] -- Using all available rosidl_typesupport_cpp: rosidl_typesupport_fastrtps_cpp;rosidl_typesupport_introspection_cpp
[1.937s] -- Found rosidl_default_generators: 1.0.1 (/opt/ros/foxy/share/rosidl_default_generators/cmake)
[1.992s] -- Found PythonInterp: /usr/bin/python3 (found version "3.8.10") 
[2.137s] -- Found ament_cmake_ros: 0.9.2 (/opt/ros/foxy/share/ament_cmake_ros/cmake)
[2.282s] -- Using all available rosidl_typesupport_c: rosidl_typesupport_fastrtps_c;rosidl_typesupport_introspection_c
[2.330s] -- Using all available rosidl_typesupport_cpp: rosidl_typesupport_fastrtps_cpp;rosidl_typesupport_introspection_cpp
[2.360s] -- Found PythonInterp: /usr/bin/python3 (found suitable version "3.8.10", minimum required is "3.5") 
[2.362s] -- Found python_cmake_module: 0.8.1 (/opt/ros/foxy/share/python_cmake_module/cmake)
[2.405s] -- Found PythonLibs: /usr/lib/x86_64-linux-gnu/libpython3.8.so (found suitable version "3.8.10", minimum required is "3.5") 
[2.406s] -- Using PYTHON_EXECUTABLE: /usr/bin/python3
[2.406s] -- Using PYTHON_INCLUDE_DIRS: /usr/include/python3.8
[2.406s] -- Using PYTHON_LIBRARIES: /usr/lib/x86_64-linux-gnu/libpython3.8.so
[2.432s] -- Found PythonExtra: .so  
[2.491s] -- Found ament_lint_auto: 0.9.8 (/opt/ros/foxy/share/ament_lint_auto/cmake)
[2.518s] -- Added test 'copyright' to check source files copyright and LICENSE
[2.519s] -- Added test 'lint_cmake' to check CMake code style
[2.519s] -- Added test 'xmllint' to check XML markup files
[2.523s] -- Configuring done
[2.579s] -- Generating done
[2.583s] -- Build files have been written to: /home/naoya/wildpose_v1.3/wildpose/src/build/livox_interfaces
[2.763s] Invoked command in '/home/naoya/wildpose_v1.3/wildpose/src/build/livox_interfaces' returned '0': CMAKE_PREFIX_PATH=${CMAKE_PREFIX_PATH}:/home/naoya/WildPose_v1.2/wildpose/install/motor_controller_pkg:/home/naoya/WildPose_v1.2/wildpose/install/gamepad_pkg:/opt/ros/foxy /usr/bin/cmake /home/naoya/wildpose_v1.3/wildpose/src/livox_ros2_driver/livox_interfaces -DCMAKE_INSTALL_PREFIX=/home/naoya/wildpose_v1.3/wildpose/src/install/livox_interfaces
[2.767s] Invoking command in '/home/naoya/wildpose_v1.3/wildpose/src/build/livox_interfaces': CMAKE_PREFIX_PATH=${CMAKE_PREFIX_PATH}:/home/naoya/WildPose_v1.2/wildpose/install/motor_controller_pkg:/home/naoya/WildPose_v1.2/wildpose/install/gamepad_pkg:/opt/ros/foxy /usr/bin/cmake --build /home/naoya/wildpose_v1.3/wildpose/src/build/livox_interfaces -- -j16 -l16
[2.823s] [  2%] [34m[1mGenerating C code for ROS interfaces[0m
[2.823s] [35m[1mScanning dependencies of target livox_interfaces__cpp[0m
[2.840s] [  5%] [34m[1mGenerating C++ code for ROS interfaces[0m
[3.494s] [  5%] Built target livox_interfaces__cpp
[3.518s] [  7%] [34m[1mGenerating C++ type support dispatch for ROS interfaces[0m
[3.524s] [ 10%] [34m[1mGenerating C++ type support for eProsima Fast-RTPS[0m
[3.530s] [ 12%] [34m[1mGenerating C++ introspection for ROS interfaces[0m
[3.540s] [35m[1mScanning dependencies of target livox_interfaces__rosidl_generator_c[0m
[3.566s] [ 15%] [32mBuilding C object CMakeFiles/livox_interfaces__rosidl_generator_c.dir/rosidl_generator_c/livox_interfaces/msg/detail/custom_point__functions.c.o[0m
[3.566s] [ 17%] [32mBuilding C object CMakeFiles/livox_interfaces__rosidl_generator_c.dir/rosidl_generator_c/livox_interfaces/msg/detail/custom_msg__functions.c.o[0m
[3.684s] [ 20%] [32m[1mLinking C shared library liblivox_interfaces__rosidl_generator_c.so[0m
[3.774s] [ 20%] Built target livox_interfaces__rosidl_generator_c
[3.801s] [ 23%] [34m[1mGenerating C type support dispatch for ROS interfaces[0m
[3.819s] [ 25%] [34m[1mGenerating C introspection for ROS interfaces[0m
[4.148s] [35m[1mScanning dependencies of target livox_interfaces__rosidl_typesupport_cpp[0m
[4.162s] [35m[1mScanning dependencies of target livox_interfaces__rosidl_typesupport_introspection_cpp[0m
[4.175s] [ 28%] [32mBuilding CXX object CMakeFiles/livox_interfaces__rosidl_typesupport_cpp.dir/rosidl_typesupport_cpp/livox_interfaces/msg/custom_point__type_support.cpp.o[0m
[4.214s] [ 30%] [32mBuilding CXX object CMakeFiles/livox_interfaces__rosidl_typesupport_introspection_cpp.dir/rosidl_typesupport_introspection_cpp/livox_interfaces/msg/detail/custom_msg__type_support.cpp.o[0m
[4.223s] [ 33%] [32mBuilding CXX object CMakeFiles/livox_interfaces__rosidl_typesupport_cpp.dir/rosidl_typesupport_cpp/livox_interfaces/msg/custom_msg__type_support.cpp.o[0m
[4.251s] [ 35%] [32mBuilding CXX object CMakeFiles/livox_interfaces__rosidl_typesupport_introspection_cpp.dir/rosidl_typesupport_introspection_cpp/livox_interfaces/msg/detail/custom_point__type_support.cpp.o[0m
[4.333s] [35m[1mScanning dependencies of target livox_interfaces__rosidl_typesupport_fastrtps_cpp[0m
[4.428s] [ 38%] [32mBuilding CXX object CMakeFiles/livox_interfaces__rosidl_typesupport_fastrtps_cpp.dir/rosidl_typesupport_fastrtps_cpp/livox_interfaces/msg/detail/dds_fastrtps/custom_point__type_support.cpp.o[0m
[4.478s] [ 41%] [32mBuilding CXX object CMakeFiles/livox_interfaces__rosidl_typesupport_fastrtps_cpp.dir/rosidl_typesupport_fastrtps_cpp/livox_interfaces/msg/detail/dds_fastrtps/custom_msg__type_support.cpp.o[0m
[4.637s] [35m[1mScanning dependencies of target livox_interfaces__rosidl_typesupport_introspection_c[0m
[4.700s] [ 43%] [32mBuilding C object CMakeFiles/livox_interfaces__rosidl_typesupport_introspection_c.dir/rosidl_typesupport_introspection_c/livox_interfaces/msg/detail/custom_point__type_support.c.o[0m
[4.714s] [ 46%] [32mBuilding C object CMakeFiles/livox_interfaces__rosidl_typesupport_introspection_c.dir/rosidl_typesupport_introspection_c/livox_interfaces/msg/detail/custom_msg__type_support.c.o[0m
[4.849s] [ 48%] [32m[1mLinking C shared library liblivox_interfaces__rosidl_typesupport_introspection_c.so[0m
[4.887s] [35m[1mScanning dependencies of target livox_interfaces__rosidl_typesupport_c[0m
[4.963s] [ 48%] Built target livox_interfaces__rosidl_typesupport_introspection_c
[4.977s] [ 51%] [32mBuilding CXX object CMakeFiles/livox_interfaces__rosidl_typesupport_c.dir/rosidl_typesupport_c/livox_interfaces/msg/custom_point__type_support.cpp.o[0m
[4.984s] [ 56%] [32mBuilding CXX object CMakeFiles/livox_interfaces__rosidl_typesupport_c.dir/rosidl_typesupport_c/livox_interfaces/msg/custom_msg__type_support.cpp.o[0m
[4.984s] [ 56%] [32m[1mLinking CXX shared library liblivox_interfaces__rosidl_typesupport_cpp.so[0m
[5.078s] [ 58%] [32m[1mLinking CXX shared library liblivox_interfaces__rosidl_typesupport_c.so[0m
[5.101s] [ 58%] Built target livox_interfaces__rosidl_typesupport_cpp
[5.163s] [ 58%] Built target livox_interfaces__rosidl_typesupport_c
[5.217s] [ 61%] [32m[1mLinking CXX shared library liblivox_interfaces__rosidl_typesupport_introspection_cpp.so[0m
[5.365s] [ 64%] [32m[1mLinking CXX shared library liblivox_interfaces__rosidl_typesupport_fastrtps_cpp.so[0m
[5.365s] [ 64%] Built target livox_interfaces__rosidl_typesupport_introspection_cpp
[5.472s] [ 64%] Built target livox_interfaces__rosidl_typesupport_fastrtps_cpp
[5.482s] [ 66%] [34m[1mGenerating C type support for eProsima Fast-RTPS[0m
[5.797s] [35m[1mScanning dependencies of target livox_interfaces__rosidl_typesupport_fastrtps_c[0m
[5.821s] [ 71%] [32mBuilding CXX object CMakeFiles/livox_interfaces__rosidl_typesupport_fastrtps_c.dir/rosidl_typesupport_fastrtps_c/livox_interfaces/msg/detail/custom_point__type_support_c.cpp.o[0m
[5.821s] [ 71%] [32mBuilding CXX object CMakeFiles/livox_interfaces__rosidl_typesupport_fastrtps_c.dir/rosidl_typesupport_fastrtps_c/livox_interfaces/msg/detail/custom_msg__type_support_c.cpp.o[0m
[6.304s] [ 74%] [32m[1mLinking CXX shared library liblivox_interfaces__rosidl_typesupport_fastrtps_c.so[0m
[6.502s] [ 74%] Built target livox_interfaces__rosidl_typesupport_fastrtps_c
[6.525s] [35m[1mScanning dependencies of target livox_interfaces[0m
[6.541s] [ 74%] Built target livox_interfaces
[6.559s] [35m[1mScanning dependencies of target livox_interfaces__py[0m
[6.578s] [ 76%] [34m[1mGenerating Python code for ROS interfaces[0m
[7.568s] [ 76%] Built target livox_interfaces__py
[7.589s] [35m[1mScanning dependencies of target livox_interfaces__python[0m
[7.645s] [ 79%] [32mBuilding C object CMakeFiles/livox_interfaces__python.dir/rosidl_generator_py/livox_interfaces/msg/_custom_point_s.c.o[0m
[7.647s] [ 82%] [32mBuilding C object CMakeFiles/livox_interfaces__python.dir/rosidl_generator_py/livox_interfaces/msg/_custom_msg_s.c.o[0m
[7.811s] [ 84%] [32m[1mLinking C shared library rosidl_generator_py/livox_interfaces/liblivox_interfaces__python.so[0m
[7.892s] [ 84%] Built target livox_interfaces__python
[7.910s] [35m[1mScanning dependencies of target livox_interfaces__rosidl_typesupport_introspection_c__pyext[0m
[7.910s] [35m[1mScanning dependencies of target livox_interfaces__rosidl_typesupport_c__pyext[0m
[7.910s] [35m[1mScanning dependencies of target livox_interfaces__rosidl_typesupport_fastrtps_c__pyext[0m
[7.941s] [ 89%] [32mBuilding C object CMakeFiles/livox_interfaces__rosidl_typesupport_introspection_c__pyext.dir/rosidl_generator_py/livox_interfaces/_livox_interfaces_s.ep.rosidl_typesupport_introspection_c.c.o[0m
[7.941s] [ 89%] [32mBuilding C object CMakeFiles/livox_interfaces__rosidl_typesupport_c__pyext.dir/rosidl_generator_py/livox_interfaces/_livox_interfaces_s.ep.rosidl_typesupport_c.c.o[0m
[7.942s] [ 92%] [32mBuilding C object CMakeFiles/livox_interfaces__rosidl_typesupport_fastrtps_c__pyext.dir/rosidl_generator_py/livox_interfaces/_livox_interfaces_s.ep.rosidl_typesupport_fastrtps_c.c.o[0m
[8.076s] [100%] [32m[1mLinking C shared library rosidl_generator_py/livox_interfaces/livox_interfaces_s__rosidl_typesupport_introspection_c.cpython-38-x86_64-linux-gnu.so[0m
[8.077s] [100%] [32m[1mLinking CXX shared library rosidl_generator_py/livox_interfaces/livox_interfaces_s__rosidl_typesupport_fastrtps_c.cpython-38-x86_64-linux-gnu.so[0m
[8.077s] [100%] [32m[1mLinking C shared library rosidl_generator_py/livox_interfaces/livox_interfaces_s__rosidl_typesupport_c.cpython-38-x86_64-linux-gnu.so[0m
[8.151s] [100%] Built target livox_interfaces__rosidl_typesupport_c__pyext
[8.158s] [100%] Built target livox_interfaces__rosidl_typesupport_introspection_c__pyext
[8.218s] [100%] Built target livox_interfaces__rosidl_typesupport_fastrtps_c__pyext
[8.241s] Invoked command in '/home/naoya/wildpose_v1.3/wildpose/src/build/livox_interfaces' returned '0': CMAKE_PREFIX_PATH=${CMAKE_PREFIX_PATH}:/home/naoya/WildPose_v1.2/wildpose/install/motor_controller_pkg:/home/naoya/WildPose_v1.2/wildpose/install/gamepad_pkg:/opt/ros/foxy /usr/bin/cmake --build /home/naoya/wildpose_v1.3/wildpose/src/build/livox_interfaces -- -j16 -l16
[8.339s] Invoking command in '/home/naoya/wildpose_v1.3/wildpose/src/build/livox_interfaces': CMAKE_PREFIX_PATH=${CMAKE_PREFIX_PATH}:/home/naoya/WildPose_v1.2/wildpose/install/motor_controller_pkg:/home/naoya/WildPose_v1.2/wildpose/install/gamepad_pkg:/opt/ros/foxy /usr/bin/cmake --install /home/naoya/wildpose_v1.3/wildpose/src/build/livox_interfaces
[8.355s] -- Install configuration: ""
[8.355s] -- Installing: /home/naoya/wildpose_v1.3/wildpose/src/install/livox_interfaces/share/ament_index/resource_index/rosidl_interfaces/livox_interfaces
[8.356s] -- Installing: /home/naoya/wildpose_v1.3/wildpose/src/install/livox_interfaces/include/livox_interfaces
[8.356s] -- Installing: /home/naoya/wildpose_v1.3/wildpose/src/install/livox_interfaces/include/livox_interfaces/msg
[8.356s] -- Installing: /home/naoya/wildpose_v1.3/wildpose/src/install/livox_interfaces/include/livox_interfaces/msg/detail
[8.356s] -- Installing: /home/naoya/wildpose_v1.3/wildpose/src/install/livox_interfaces/include/livox_interfaces/msg/detail/custom_msg__functions.c
[8.356s] -- Installing: /home/naoya/wildpose_v1.3/wildpose/src/install/livox_interfaces/include/livox_interfaces/msg/detail/custom_msg__functions.h
[8.356s] -- Installing: /home/naoya/wildpose_v1.3/wildpose/src/install/livox_interfaces/include/livox_interfaces/msg/detail/custom_point__functions.c
[8.356s] -- Installing: /home/naoya/wildpose_v1.3/wildpose/src/install/livox_interfaces/include/livox_interfaces/msg/detail/custom_msg__type_support.h
[8.357s] -- Installing: /home/naoya/wildpose_v1.3/wildpose/src/install/livox_interfaces/include/livox_interfaces/msg/detail/custom_point__functions.h
[8.357s] -- Installing: /home/naoya/wildpose_v1.3/wildpose/src/install/livox_interfaces/include/livox_interfaces/msg/detail/custom_point__type_support.h
[8.357s] -- Installing: /home/naoya/wildpose_v1.3/wildpose/src/install/livox_interfaces/include/livox_interfaces/msg/detail/custom_msg__struct.h
[8.357s] -- Installing: /home/naoya/wildpose_v1.3/wildpose/src/install/livox_interfaces/include/livox_interfaces/msg/detail/custom_point__struct.h
[8.357s] -- Installing: /home/naoya/wildpose_v1.3/wildpose/src/install/livox_interfaces/include/livox_interfaces/msg/rosidl_generator_c__visibility_control.h
[8.357s] -- Installing: /home/naoya/wildpose_v1.3/wildpose/src/install/livox_interfaces/include/livox_interfaces/msg/custom_point.h
[8.357s] -- Installing: /home/naoya/wildpose_v1.3/wildpose/src/install/livox_interfaces/include/livox_interfaces/msg/custom_msg.h
[8.357s] -- Installing: /home/naoya/wildpose_v1.3/wildpose/src/install/livox_interfaces/share/livox_interfaces/environment/library_path.sh
[8.357s] -- Installing: /home/naoya/wildpose_v1.3/wildpose/src/install/livox_interfaces/share/livox_interfaces/environment/library_path.dsv
[8.358s] -- Installing: /home/naoya/wildpose_v1.3/wildpose/src/install/livox_interfaces/lib/liblivox_interfaces__rosidl_generator_c.so
[8.358s] -- Set runtime path of "/home/naoya/wildpose_v1.3/wildpose/src/install/livox_interfaces/lib/liblivox_interfaces__rosidl_generator_c.so" to ""
[8.358s] -- Up-to-date: /home/naoya/wildpose_v1.3/wildpose/src/install/livox_interfaces/include/livox_interfaces
[8.358s] -- Up-to-date: /home/naoya/wildpose_v1.3/wildpose/src/install/livox_interfaces/include/livox_interfaces/msg
[8.358s] -- Up-to-date: /home/naoya/wildpose_v1.3/wildpose/src/install/livox_interfaces/include/livox_interfaces/msg/detail
[8.358s] -- Installing: /home/naoya/wildpose_v1.3/wildpose/src/install/livox_interfaces/include/livox_interfaces/msg/detail/custom_point__rosidl_typesupport_fastrtps_c.h
[8.359s] -- Installing: /home/naoya/wildpose_v1.3/wildpose/src/install/livox_interfaces/include/livox_interfaces/msg/detail/custom_msg__rosidl_typesupport_fastrtps_c.h
[8.359s] -- Installing: /home/naoya/wildpose_v1.3/wildpose/src/install/livox_interfaces/include/livox_interfaces/msg/rosidl_typesupport_fastrtps_c__visibility_control.h
[8.359s] -- Installing: /home/naoya/wildpose_v1.3/wildpose/src/install/livox_interfaces/lib/liblivox_interfaces__rosidl_typesupport_fastrtps_c.so
[8.359s] -- Set runtime path of "/home/naoya/wildpose_v1.3/wildpose/src/install/livox_interfaces/lib/liblivox_interfaces__rosidl_typesupport_fastrtps_c.so" to ""
[8.359s] -- Up-to-date: /home/naoya/wildpose_v1.3/wildpose/src/install/livox_interfaces/include/livox_interfaces
[8.360s] -- Up-to-date: /home/naoya/wildpose_v1.3/wildpose/src/install/livox_interfaces/include/livox_interfaces/msg
[8.360s] -- Up-to-date: /home/naoya/wildpose_v1.3/wildpose/src/install/livox_interfaces/include/livox_interfaces/msg/detail
[8.360s] -- Installing: /home/naoya/wildpose_v1.3/wildpose/src/install/livox_interfaces/include/livox_interfaces/msg/detail/dds_fastrtps
[8.360s] -- Installing: /home/naoya/wildpose_v1.3/wildpose/src/install/livox_interfaces/include/livox_interfaces/msg/detail/custom_msg__rosidl_typesupport_fastrtps_cpp.hpp
[8.360s] -- Installing: /home/naoya/wildpose_v1.3/wildpose/src/install/livox_interfaces/include/livox_interfaces/msg/detail/custom_point__rosidl_typesupport_fastrtps_cpp.hpp
[8.361s] -- Installing: /home/naoya/wildpose_v1.3/wildpose/src/install/livox_interfaces/include/livox_interfaces/msg/rosidl_typesupport_fastrtps_cpp__visibility_control.h
[8.361s] -- Installing: /home/naoya/wildpose_v1.3/wildpose/src/install/livox_interfaces/lib/liblivox_interfaces__rosidl_typesupport_fastrtps_cpp.so
[8.361s] -- Set runtime path of "/home/naoya/wildpose_v1.3/wildpose/src/install/livox_interfaces/lib/liblivox_interfaces__rosidl_typesupport_fastrtps_cpp.so" to ""
[8.361s] -- Up-to-date: /home/naoya/wildpose_v1.3/wildpose/src/install/livox_interfaces/include/livox_interfaces
[8.368s] -- Up-to-date: /home/naoya/wildpose_v1.3/wildpose/src/install/livox_interfaces/include/livox_interfaces/msg
[8.369s] -- Up-to-date: /home/naoya/wildpose_v1.3/wildpose/src/install/livox_interfaces/include/livox_interfaces/msg/detail
[8.369s] -- Installing: /home/naoya/wildpose_v1.3/wildpose/src/install/livox_interfaces/include/livox_interfaces/msg/detail/custom_msg__type_support.c
[8.369s] -- Installing: /home/naoya/wildpose_v1.3/wildpose/src/install/livox_interfaces/include/livox_interfaces/msg/detail/custom_msg__rosidl_typesupport_introspection_c.h
[8.369s] -- Installing: /home/naoya/wildpose_v1.3/wildpose/src/install/livox_interfaces/include/livox_interfaces/msg/detail/custom_point__type_support.c
[8.369s] -- Installing: /home/naoya/wildpose_v1.3/wildpose/src/install/livox_interfaces/include/livox_interfaces/msg/detail/custom_point__rosidl_typesupport_introspection_c.h
[8.369s] -- Installing: /home/naoya/wildpose_v1.3/wildpose/src/install/livox_interfaces/include/livox_interfaces/msg/rosidl_typesupport_introspection_c__visibility_control.h
[8.369s] -- Installing: /home/naoya/wildpose_v1.3/wildpose/src/install/livox_interfaces/lib/liblivox_interfaces__rosidl_typesupport_introspection_c.so
[8.369s] -- Set runtime path of "/home/naoya/wildpose_v1.3/wildpose/src/install/livox_interfaces/lib/liblivox_interfaces__rosidl_typesupport_introspection_c.so" to ""
[8.369s] -- Installing: /home/naoya/wildpose_v1.3/wildpose/src/install/livox_interfaces/lib/liblivox_interfaces__rosidl_typesupport_c.so
[8.369s] -- Set runtime path of "/home/naoya/wildpose_v1.3/wildpose/src/install/livox_interfaces/lib/liblivox_interfaces__rosidl_typesupport_c.so" to ""
[8.370s] -- Up-to-date: /home/naoya/wildpose_v1.3/wildpose/src/install/livox_interfaces/include/livox_interfaces
[8.370s] -- Up-to-date: /home/naoya/wildpose_v1.3/wildpose/src/install/livox_interfaces/include/livox_interfaces/msg
[8.370s] -- Installing: /home/naoya/wildpose_v1.3/wildpose/src/install/livox_interfaces/include/livox_interfaces/msg/custom_msg.hpp
[8.370s] -- Up-to-date: /home/naoya/wildpose_v1.3/wildpose/src/install/livox_interfaces/include/livox_interfaces/msg/detail
[8.370s] -- Installing: /home/naoya/wildpose_v1.3/wildpose/src/install/livox_interfaces/include/livox_interfaces/msg/detail/custom_point__type_support.hpp
[8.370s] -- Installing: /home/naoya/wildpose_v1.3/wildpose/src/install/livox_interfaces/include/livox_interfaces/msg/detail/custom_point__traits.hpp
[8.370s] -- Installing: /home/naoya/wildpose_v1.3/wildpose/src/install/livox_interfaces/include/livox_interfaces/msg/detail/custom_msg__struct.hpp
[8.370s] -- Installing: /home/naoya/wildpose_v1.3/wildpose/src/install/livox_interfaces/include/livox_interfaces/msg/detail/custom_msg__traits.hpp
[8.370s] -- Installing: /home/naoya/wildpose_v1.3/wildpose/src/install/livox_interfaces/include/livox_interfaces/msg/detail/custom_point__struct.hpp
[8.370s] -- Installing: /home/naoya/wildpose_v1.3/wildpose/src/install/livox_interfaces/include/livox_interfaces/msg/detail/custom_point__builder.hpp
[8.371s] -- Installing: /home/naoya/wildpose_v1.3/wildpose/src/install/livox_interfaces/include/livox_interfaces/msg/detail/custom_msg__type_support.hpp
[8.371s] -- Installing: /home/naoya/wildpose_v1.3/wildpose/src/install/livox_interfaces/include/livox_interfaces/msg/detail/custom_msg__builder.hpp
[8.371s] -- Installing: /home/naoya/wildpose_v1.3/wildpose/src/install/livox_interfaces/include/livox_interfaces/msg/rosidl_generator_cpp__visibility_control.hpp
[8.371s] -- Installing: /home/naoya/wildpose_v1.3/wildpose/src/install/livox_interfaces/include/livox_interfaces/msg/custom_point.hpp
[8.371s] -- Up-to-date: /home/naoya/wildpose_v1.3/wildpose/src/install/livox_interfaces/include/livox_interfaces
[8.371s] -- Up-to-date: /home/naoya/wildpose_v1.3/wildpose/src/install/livox_interfaces/include/livox_interfaces/msg
[8.371s] -- Up-to-date: /home/naoya/wildpose_v1.3/wildpose/src/install/livox_interfaces/include/livox_interfaces/msg/detail
[8.371s] -- Installing: /home/naoya/wildpose_v1.3/wildpose/src/install/livox_interfaces/include/livox_interfaces/msg/detail/custom_point__type_support.cpp
[8.371s] -- Installing: /home/naoya/wildpose_v1.3/wildpose/src/install/livox_interfaces/include/livox_interfaces/msg/detail/custom_point__rosidl_typesupport_introspection_cpp.hpp
[8.372s] -- Installing: /home/naoya/wildpose_v1.3/wildpose/src/install/livox_interfaces/include/livox_interfaces/msg/detail/custom_msg__type_support.cpp
[8.372s] -- Installing: /home/naoya/wildpose_v1.3/wildpose/src/install/livox_interfaces/include/livox_interfaces/msg/detail/custom_msg__rosidl_typesupport_introspection_cpp.hpp
[8.372s] -- Installing: /home/naoya/wildpose_v1.3/wildpose/src/install/livox_interfaces/lib/liblivox_interfaces__rosidl_typesupport_introspection_cpp.so
[8.372s] -- Set runtime path of "/home/naoya/wildpose_v1.3/wildpose/src/install/livox_interfaces/lib/liblivox_interfaces__rosidl_typesupport_introspection_cpp.so" to ""
[8.372s] -- Installing: /home/naoya/wildpose_v1.3/wildpose/src/install/livox_interfaces/lib/liblivox_interfaces__rosidl_typesupport_cpp.so
[8.372s] -- Set runtime path of "/home/naoya/wildpose_v1.3/wildpose/src/install/livox_interfaces/lib/liblivox_interfaces__rosidl_typesupport_cpp.so" to ""
[8.372s] -- Installing: /home/naoya/wildpose_v1.3/wildpose/src/install/livox_interfaces/share/livox_interfaces/environment/pythonpath.sh
[8.372s] -- Installing: /home/naoya/wildpose_v1.3/wildpose/src/install/livox_interfaces/share/livox_interfaces/environment/pythonpath.dsv
[8.372s] -- Installing: /home/naoya/wildpose_v1.3/wildpose/src/install/livox_interfaces/lib/python3.8/site-packages/livox_interfaces/__init__.py
[8.420s] Compiling '/home/naoya/wildpose_v1.3/wildpose/src/install/livox_interfaces/lib/python3.8/site-packages/livox_interfaces/__init__.py'...
[8.429s] -- Installing: /home/naoya/wildpose_v1.3/wildpose/src/install/livox_interfaces/lib/python3.8/site-packages/livox_interfaces/msg
[8.429s] -- Installing: /home/naoya/wildpose_v1.3/wildpose/src/install/livox_interfaces/lib/python3.8/site-packages/livox_interfaces/msg/_custom_msg_s.c
[8.429s] -- Installing: /home/naoya/wildpose_v1.3/wildpose/src/install/livox_interfaces/lib/python3.8/site-packages/livox_interfaces/msg/_custom_msg.py
[8.429s] -- Installing: /home/naoya/wildpose_v1.3/wildpose/src/install/livox_interfaces/lib/python3.8/site-packages/livox_interfaces/msg/_custom_point_s.c
[8.429s] -- Installing: /home/naoya/wildpose_v1.3/wildpose/src/install/livox_interfaces/lib/python3.8/site-packages/livox_interfaces/msg/__init__.py
[8.429s] -- Installing: /home/naoya/wildpose_v1.3/wildpose/src/install/livox_interfaces/lib/python3.8/site-packages/livox_interfaces/msg/_custom_point.py
[8.429s] -- Installing: /home/naoya/wildpose_v1.3/wildpose/src/install/livox_interfaces/lib/python3.8/site-packages/livox_interfaces/livox_interfaces_s__rosidl_typesupport_fastrtps_c.cpython-38-x86_64-linux-gnu.so
[8.430s] -- Set runtime path of "/home/naoya/wildpose_v1.3/wildpose/src/install/livox_interfaces/lib/python3.8/site-packages/livox_interfaces/livox_interfaces_s__rosidl_typesupport_fastrtps_c.cpython-38-x86_64-linux-gnu.so" to ""
[8.430s] -- Installing: /home/naoya/wildpose_v1.3/wildpose/src/install/livox_interfaces/lib/python3.8/site-packages/livox_interfaces/livox_interfaces_s__rosidl_typesupport_introspection_c.cpython-38-x86_64-linux-gnu.so
[8.430s] -- Set runtime path of "/home/naoya/wildpose_v1.3/wildpose/src/install/livox_interfaces/lib/python3.8/site-packages/livox_interfaces/livox_interfaces_s__rosidl_typesupport_introspection_c.cpython-38-x86_64-linux-gnu.so" to ""
[8.430s] -- Installing: /home/naoya/wildpose_v1.3/wildpose/src/install/livox_interfaces/lib/python3.8/site-packages/livox_interfaces/livox_interfaces_s__rosidl_typesupport_c.cpython-38-x86_64-linux-gnu.so
[8.430s] -- Set runtime path of "/home/naoya/wildpose_v1.3/wildpose/src/install/livox_interfaces/lib/python3.8/site-packages/livox_interfaces/livox_interfaces_s__rosidl_typesupport_c.cpython-38-x86_64-linux-gnu.so" to ""
[8.430s] -- Installing: /home/naoya/wildpose_v1.3/wildpose/src/install/livox_interfaces/lib/liblivox_interfaces__python.so
[8.431s] -- Set runtime path of "/home/naoya/wildpose_v1.3/wildpose/src/install/livox_interfaces/lib/liblivox_interfaces__python.so" to ""
[8.431s] -- Installing: /home/naoya/wildpose_v1.3/wildpose/src/install/livox_interfaces/share/livox_interfaces/msg/CustomPoint.idl
[8.431s] -- Installing: /home/naoya/wildpose_v1.3/wildpose/src/install/livox_interfaces/share/livox_interfaces/msg/CustomMsg.idl
[8.431s] -- Installing: /home/naoya/wildpose_v1.3/wildpose/src/install/livox_interfaces/share/livox_interfaces/msg/CustomPoint.msg
[8.431s] -- Installing: /home/naoya/wildpose_v1.3/wildpose/src/install/livox_interfaces/share/livox_interfaces/msg/CustomMsg.msg
[8.431s] -- Installing: /home/naoya/wildpose_v1.3/wildpose/src/install/livox_interfaces/share/ament_index/resource_index/package_run_dependencies/livox_interfaces
[8.431s] -- Installing: /home/naoya/wildpose_v1.3/wildpose/src/install/livox_interfaces/share/ament_index/resource_index/parent_prefix_path/livox_interfaces
[8.431s] -- Installing: /home/naoya/wildpose_v1.3/wildpose/src/install/livox_interfaces/share/livox_interfaces/environment/ament_prefix_path.sh
[8.431s] -- Installing: /home/naoya/wildpose_v1.3/wildpose/src/install/livox_interfaces/share/livox_interfaces/environment/ament_prefix_path.dsv
[8.432s] -- Installing: /home/naoya/wildpose_v1.3/wildpose/src/install/livox_interfaces/share/livox_interfaces/environment/path.sh
[8.432s] -- Installing: /home/naoya/wildpose_v1.3/wildpose/src/install/livox_interfaces/share/livox_interfaces/environment/path.dsv
[8.432s] -- Installing: /home/naoya/wildpose_v1.3/wildpose/src/install/livox_interfaces/share/livox_interfaces/local_setup.bash
[8.432s] -- Installing: /home/naoya/wildpose_v1.3/wildpose/src/install/livox_interfaces/share/livox_interfaces/local_setup.sh
[8.432s] -- Installing: /home/naoya/wildpose_v1.3/wildpose/src/install/livox_interfaces/share/livox_interfaces/local_setup.zsh
[8.432s] -- Installing: /home/naoya/wildpose_v1.3/wildpose/src/install/livox_interfaces/share/livox_interfaces/local_setup.dsv
[8.432s] -- Installing: /home/naoya/wildpose_v1.3/wildpose/src/install/livox_interfaces/share/livox_interfaces/package.dsv
[8.432s] -- Installing: /home/naoya/wildpose_v1.3/wildpose/src/install/livox_interfaces/share/ament_index/resource_index/packages/livox_interfaces
[8.433s] -- Installing: /home/naoya/wildpose_v1.3/wildpose/src/install/livox_interfaces/share/livox_interfaces/cmake/livox_interfaces__rosidl_generator_cExport.cmake
[8.433s] -- Installing: /home/naoya/wildpose_v1.3/wildpose/src/install/livox_interfaces/share/livox_interfaces/cmake/livox_interfaces__rosidl_generator_cExport-noconfig.cmake
[8.433s] -- Installing: /home/naoya/wildpose_v1.3/wildpose/src/install/livox_interfaces/share/livox_interfaces/cmake/livox_interfaces__rosidl_typesupport_introspection_cExport.cmake
[8.433s] -- Installing: /home/naoya/wildpose_v1.3/wildpose/src/install/livox_interfaces/share/livox_interfaces/cmake/livox_interfaces__rosidl_typesupport_introspection_cExport-noconfig.cmake
[8.433s] -- Installing: /home/naoya/wildpose_v1.3/wildpose/src/install/livox_interfaces/share/livox_interfaces/cmake/livox_interfaces__rosidl_typesupport_cExport.cmake
[8.433s] -- Installing: /home/naoya/wildpose_v1.3/wildpose/src/install/livox_interfaces/share/livox_interfaces/cmake/livox_interfaces__rosidl_typesupport_cExport-noconfig.cmake
[8.433s] -- Installing: /home/naoya/wildpose_v1.3/wildpose/src/install/livox_interfaces/share/livox_interfaces/cmake/livox_interfaces__rosidl_generator_cppExport.cmake
[8.433s] -- Installing: /home/naoya/wildpose_v1.3/wildpose/src/install/livox_interfaces/share/livox_interfaces/cmake/livox_interfaces__rosidl_typesupport_introspection_cppExport.cmake
[8.433s] -- Installing: /home/naoya/wildpose_v1.3/wildpose/src/install/livox_interfaces/share/livox_interfaces/cmake/livox_interfaces__rosidl_typesupport_introspection_cppExport-noconfig.cmake
[8.434s] -- Installing: /home/naoya/wildpose_v1.3/wildpose/src/install/livox_interfaces/share/livox_interfaces/cmake/livox_interfaces__rosidl_typesupport_cppExport.cmake
[8.434s] -- Installing: /home/naoya/wildpose_v1.3/wildpose/src/install/livox_interfaces/share/livox_interfaces/cmake/livox_interfaces__rosidl_typesupport_cppExport-noconfig.cmake
[8.434s] -- Installing: /home/naoya/wildpose_v1.3/wildpose/src/install/livox_interfaces/share/livox_interfaces/cmake/rosidl_cmake-extras.cmake
[8.434s] -- Installing: /home/naoya/wildpose_v1.3/wildpose/src/install/livox_interfaces/share/livox_interfaces/cmake/ament_cmake_export_dependencies-extras.cmake
[8.434s] -- Installing: /home/naoya/wildpose_v1.3/wildpose/src/install/livox_interfaces/share/livox_interfaces/cmake/ament_cmake_export_libraries-extras.cmake
[8.434s] -- Installing: /home/naoya/wildpose_v1.3/wildpose/src/install/livox_interfaces/share/livox_interfaces/cmake/ament_cmake_export_targets-extras.cmake
[8.434s] -- Installing: /home/naoya/wildpose_v1.3/wildpose/src/install/livox_interfaces/share/livox_interfaces/cmake/ament_cmake_export_include_directories-extras.cmake
[8.434s] -- Installing: /home/naoya/wildpose_v1.3/wildpose/src/install/livox_interfaces/share/livox_interfaces/cmake/rosidl_cmake_export_typesupport_libraries-extras.cmake
[8.434s] -- Installing: /home/naoya/wildpose_v1.3/wildpose/src/install/livox_interfaces/share/livox_interfaces/cmake/rosidl_cmake_export_typesupport_targets-extras.cmake
[8.434s] -- Installing: /home/naoya/wildpose_v1.3/wildpose/src/install/livox_interfaces/share/livox_interfaces/cmake/livox_interfacesConfig.cmake
[8.434s] -- Installing: /home/naoya/wildpose_v1.3/wildpose/src/install/livox_interfaces/share/livox_interfaces/cmake/livox_interfacesConfig-version.cmake
[8.435s] -- Installing: /home/naoya/wildpose_v1.3/wildpose/src/install/livox_interfaces/share/livox_interfaces/package.xml
[8.436s] Invoked command in '/home/naoya/wildpose_v1.3/wildpose/src/build/livox_interfaces' returned '0': CMAKE_PREFIX_PATH=${CMAKE_PREFIX_PATH}:/home/naoya/WildPose_v1.2/wildpose/install/motor_controller_pkg:/home/naoya/WildPose_v1.2/wildpose/install/gamepad_pkg:/opt/ros/foxy /usr/bin/cmake --install /home/naoya/wildpose_v1.3/wildpose/src/build/livox_interfaces
