running egg_info
creating ../build/motor_controller_pkg/motor_controller_pkg.egg-info
writing ../build/motor_controller_pkg/motor_controller_pkg.egg-info/PKG-INFO
writing dependency_links to ../build/motor_controller_pkg/motor_controller_pkg.egg-info/dependency_links.txt
writing entry points to ../build/motor_controller_pkg/motor_controller_pkg.egg-info/entry_points.txt
writing requirements to ../build/motor_controller_pkg/motor_controller_pkg.egg-info/requires.txt
writing top-level names to ../build/motor_controller_pkg/motor_controller_pkg.egg-info/top_level.txt
writing manifest file '../build/motor_controller_pkg/motor_controller_pkg.egg-info/SOURCES.txt'
reading manifest file '../build/motor_controller_pkg/motor_controller_pkg.egg-info/SOURCES.txt'
writing manifest file '../build/motor_controller_pkg/motor_controller_pkg.egg-info/SOURCES.txt'
running build
running build_py
creating /home/m2s2/WildPose_v1.2-main/wildpose/src/build/motor_controller_pkg/build
creating /home/m2s2/WildPose_v1.2-main/wildpose/src/build/motor_controller_pkg/build/lib
creating /home/m2s2/WildPose_v1.2-main/wildpose/src/build/motor_controller_pkg/build/lib/motor_controller_pkg
copying motor_controller_pkg/__init__.py -> /home/m2s2/WildPose_v1.2-main/wildpose/src/build/motor_controller_pkg/build/lib/motor_controller_pkg
copying motor_controller_pkg/example.py -> /home/m2s2/WildPose_v1.2-main/wildpose/src/build/motor_controller_pkg/build/lib/motor_controller_pkg
copying motor_controller_pkg/motor_control_node.py -> /home/m2s2/WildPose_v1.2-main/wildpose/src/build/motor_controller_pkg/build/lib/motor_controller_pkg
running install
running install_lib
creating /home/m2s2/WildPose_v1.2-main/wildpose/src/install/motor_controller_pkg/lib/python3.8/site-packages/motor_controller_pkg
copying /home/m2s2/WildPose_v1.2-main/wildpose/src/build/motor_controller_pkg/build/lib/motor_controller_pkg/__init__.py -> /home/m2s2/WildPose_v1.2-main/wildpose/src/install/motor_controller_pkg/lib/python3.8/site-packages/motor_controller_pkg
copying /home/m2s2/WildPose_v1.2-main/wildpose/src/build/motor_controller_pkg/build/lib/motor_controller_pkg/example.py -> /home/m2s2/WildPose_v1.2-main/wildpose/src/install/motor_controller_pkg/lib/python3.8/site-packages/motor_controller_pkg
copying /home/m2s2/WildPose_v1.2-main/wildpose/src/build/motor_controller_pkg/build/lib/motor_controller_pkg/motor_control_node.py -> /home/m2s2/WildPose_v1.2-main/wildpose/src/install/motor_controller_pkg/lib/python3.8/site-packages/motor_controller_pkg
byte-compiling /home/m2s2/WildPose_v1.2-main/wildpose/src/install/motor_controller_pkg/lib/python3.8/site-packages/motor_controller_pkg/__init__.py to __init__.cpython-38.pyc
byte-compiling /home/m2s2/WildPose_v1.2-main/wildpose/src/install/motor_controller_pkg/lib/python3.8/site-packages/motor_controller_pkg/example.py to example.cpython-38.pyc
byte-compiling /home/m2s2/WildPose_v1.2-main/wildpose/src/install/motor_controller_pkg/lib/python3.8/site-packages/motor_controller_pkg/motor_control_node.py to motor_control_node.cpython-38.pyc
running install_data
creating /home/m2s2/WildPose_v1.2-main/wildpose/src/install/motor_controller_pkg/share/ament_index
creating /home/m2s2/WildPose_v1.2-main/wildpose/src/install/motor_controller_pkg/share/ament_index/resource_index
creating /home/m2s2/WildPose_v1.2-main/wildpose/src/install/motor_controller_pkg/share/ament_index/resource_index/packages
copying resource/motor_controller_pkg -> /home/m2s2/WildPose_v1.2-main/wildpose/src/install/motor_controller_pkg/share/ament_index/resource_index/packages
copying package.xml -> /home/m2s2/WildPose_v1.2-main/wildpose/src/install/motor_controller_pkg/share/motor_controller_pkg
running install_egg_info
Copying ../build/motor_controller_pkg/motor_controller_pkg.egg-info to /home/m2s2/WildPose_v1.2-main/wildpose/src/install/motor_controller_pkg/lib/python3.8/site-packages/motor_controller_pkg-0.0.0-py3.8.egg-info
running install_scripts
Installing motor_control_node script to /home/m2s2/WildPose_v1.2-main/wildpose/src/install/motor_controller_pkg/lib/motor_controller_pkg
writing list of installed files to '/home/m2s2/WildPose_v1.2-main/wildpose/src/build/motor_controller_pkg/install.log'
