[0.883s] Invoking command in '/home/m2s2/WildPose_v1.2-main/wildpose/src/motor_controller_pkg': AMENT_PREFIX_PATH=/home/m2s2/WildPose_v1.2-main/wildpose/src/install/wildpose_interfaces:${AMENT_PREFIX_PATH} CMAKE_PREFIX_PATH=/home/m2s2/WildPose_v1.2-main/wildpose/src/install/wildpose_interfaces:${CMAKE_PREFIX_PATH} LD_LIBRARY_PATH=/home/m2s2/WildPose_v1.2-main/wildpose/src/install/wildpose_interfaces/lib:${LD_LIBRARY_PATH} PYTHONPATH=/home/m2s2/WildPose_v1.2-main/wildpose/src/build/motor_controller_pkg/prefix_override:/home/m2s2/WildPose_v1.2-main/wildpose/src/install/motor_controller_pkg/lib/python3.8/site-packages:/home/m2s2/WildPose_v1.2-main/wildpose/src/install/wildpose_interfaces/lib/python3.8/site-packages:${PYTHONPATH} /usr/bin/python3 -W ignore:setup.py install is deprecated setup.py egg_info --egg-base ../build/motor_controller_pkg build --build-base /home/m2s2/WildPose_v1.2-main/wildpose/src/build/motor_controller_pkg/build install --record /home/m2s2/WildPose_v1.2-main/wildpose/src/build/motor_controller_pkg/install.log --install-scripts $base/lib/motor_controller_pkg --single-version-externally-managed install_data
[1.035s] running egg_info
[1.036s] creating ../build/motor_controller_pkg/motor_controller_pkg.egg-info
[1.036s] writing ../build/motor_controller_pkg/motor_controller_pkg.egg-info/PKG-INFO
[1.036s] writing dependency_links to ../build/motor_controller_pkg/motor_controller_pkg.egg-info/dependency_links.txt
[1.036s] writing entry points to ../build/motor_controller_pkg/motor_controller_pkg.egg-info/entry_points.txt
[1.037s] writing requirements to ../build/motor_controller_pkg/motor_controller_pkg.egg-info/requires.txt
[1.037s] writing top-level names to ../build/motor_controller_pkg/motor_controller_pkg.egg-info/top_level.txt
[1.038s] writing manifest file '../build/motor_controller_pkg/motor_controller_pkg.egg-info/SOURCES.txt'
[1.080s] reading manifest file '../build/motor_controller_pkg/motor_controller_pkg.egg-info/SOURCES.txt'
[1.081s] writing manifest file '../build/motor_controller_pkg/motor_controller_pkg.egg-info/SOURCES.txt'
[1.081s] running build
[1.081s] running build_py
[1.081s] creating /home/m2s2/WildPose_v1.2-main/wildpose/src/build/motor_controller_pkg/build
[1.081s] creating /home/m2s2/WildPose_v1.2-main/wildpose/src/build/motor_controller_pkg/build/lib
[1.081s] creating /home/m2s2/WildPose_v1.2-main/wildpose/src/build/motor_controller_pkg/build/lib/motor_controller_pkg
[1.082s] copying motor_controller_pkg/__init__.py -> /home/m2s2/WildPose_v1.2-main/wildpose/src/build/motor_controller_pkg/build/lib/motor_controller_pkg
[1.082s] copying motor_controller_pkg/example.py -> /home/m2s2/WildPose_v1.2-main/wildpose/src/build/motor_controller_pkg/build/lib/motor_controller_pkg
[1.082s] copying motor_controller_pkg/motor_control_node.py -> /home/m2s2/WildPose_v1.2-main/wildpose/src/build/motor_controller_pkg/build/lib/motor_controller_pkg
[1.082s] running install
[1.083s] running install_lib
[1.085s] creating /home/m2s2/WildPose_v1.2-main/wildpose/src/install/motor_controller_pkg/lib/python3.8/site-packages/motor_controller_pkg
[1.085s] copying /home/m2s2/WildPose_v1.2-main/wildpose/src/build/motor_controller_pkg/build/lib/motor_controller_pkg/__init__.py -> /home/m2s2/WildPose_v1.2-main/wildpose/src/install/motor_controller_pkg/lib/python3.8/site-packages/motor_controller_pkg
[1.085s] copying /home/m2s2/WildPose_v1.2-main/wildpose/src/build/motor_controller_pkg/build/lib/motor_controller_pkg/example.py -> /home/m2s2/WildPose_v1.2-main/wildpose/src/install/motor_controller_pkg/lib/python3.8/site-packages/motor_controller_pkg
[1.085s] copying /home/m2s2/WildPose_v1.2-main/wildpose/src/build/motor_controller_pkg/build/lib/motor_controller_pkg/motor_control_node.py -> /home/m2s2/WildPose_v1.2-main/wildpose/src/install/motor_controller_pkg/lib/python3.8/site-packages/motor_controller_pkg
[1.085s] byte-compiling /home/m2s2/WildPose_v1.2-main/wildpose/src/install/motor_controller_pkg/lib/python3.8/site-packages/motor_controller_pkg/__init__.py to __init__.cpython-38.pyc
[1.087s] byte-compiling /home/m2s2/WildPose_v1.2-main/wildpose/src/install/motor_controller_pkg/lib/python3.8/site-packages/motor_controller_pkg/example.py to example.cpython-38.pyc
[1.087s] byte-compiling /home/m2s2/WildPose_v1.2-main/wildpose/src/install/motor_controller_pkg/lib/python3.8/site-packages/motor_controller_pkg/motor_control_node.py to motor_control_node.cpython-38.pyc
[1.088s] running install_data
[1.089s] creating /home/m2s2/WildPose_v1.2-main/wildpose/src/install/motor_controller_pkg/share/ament_index
[1.089s] creating /home/m2s2/WildPose_v1.2-main/wildpose/src/install/motor_controller_pkg/share/ament_index/resource_index
[1.089s] creating /home/m2s2/WildPose_v1.2-main/wildpose/src/install/motor_controller_pkg/share/ament_index/resource_index/packages
[1.089s] copying resource/motor_controller_pkg -> /home/m2s2/WildPose_v1.2-main/wildpose/src/install/motor_controller_pkg/share/ament_index/resource_index/packages
[1.089s] copying package.xml -> /home/m2s2/WildPose_v1.2-main/wildpose/src/install/motor_controller_pkg/share/motor_controller_pkg
[1.089s] running install_egg_info
[1.091s] Copying ../build/motor_controller_pkg/motor_controller_pkg.egg-info to /home/m2s2/WildPose_v1.2-main/wildpose/src/install/motor_controller_pkg/lib/python3.8/site-packages/motor_controller_pkg-0.0.0-py3.8.egg-info
[1.092s] running install_scripts
[1.116s] Installing motor_control_node script to /home/m2s2/WildPose_v1.2-main/wildpose/src/install/motor_controller_pkg/lib/motor_controller_pkg
[1.116s] writing list of installed files to '/home/m2s2/WildPose_v1.2-main/wildpose/src/build/motor_controller_pkg/install.log'
[1.141s] Invoked command in '/home/m2s2/WildPose_v1.2-main/wildpose/src/motor_controller_pkg' returned '0': AMENT_PREFIX_PATH=/home/m2s2/WildPose_v1.2-main/wildpose/src/install/wildpose_interfaces:${AMENT_PREFIX_PATH} CMAKE_PREFIX_PATH=/home/m2s2/WildPose_v1.2-main/wildpose/src/install/wildpose_interfaces:${CMAKE_PREFIX_PATH} LD_LIBRARY_PATH=/home/m2s2/WildPose_v1.2-main/wildpose/src/install/wildpose_interfaces/lib:${LD_LIBRARY_PATH} PYTHONPATH=/home/m2s2/WildPose_v1.2-main/wildpose/src/build/motor_controller_pkg/prefix_override:/home/m2s2/WildPose_v1.2-main/wildpose/src/install/motor_controller_pkg/lib/python3.8/site-packages:/home/m2s2/WildPose_v1.2-main/wildpose/src/install/wildpose_interfaces/lib/python3.8/site-packages:${PYTHONPATH} /usr/bin/python3 -W ignore:setup.py install is deprecated setup.py egg_info --egg-base ../build/motor_controller_pkg build --build-base /home/m2s2/WildPose_v1.2-main/wildpose/src/build/motor_controller_pkg/build install --record /home/m2s2/WildPose_v1.2-main/wildpose/src/build/motor_controller_pkg/install.log --install-scripts $base/lib/motor_controller_pkg --single-version-externally-managed install_data
