[1.098s] Invoking command in '/home/naoya/wildpose_v1.3/wildpose/src/build/wildpose_interfaces': CMAKE_PREFIX_PATH=${CMAKE_PREFIX_PATH}:/home/naoya/WildPose_v1.2/wildpose/install/motor_controller_pkg:/home/naoya/WildPose_v1.2/wildpose/install/gamepad_pkg:/opt/ros/foxy /usr/bin/cmake /home/naoya/wildpose_v1.3/wildpose/src/wildpose_interfaces -DCMAKE_INSTALL_PREFIX=/home/naoya/wildpose_v1.3/wildpose/src/install/wildpose_interfaces
[1.721s] -- The C compiler identification is GNU 9.4.0
[1.721s] -- The CXX compiler identification is GNU 9.4.0
[1.721s] -- Check for working C compiler: /usr/bin/cc
[1.721s] -- Check for working C compiler: /usr/bin/cc -- works
[1.722s] -- Detecting C compiler ABI info
[1.722s] -- Detecting C compiler ABI info - done
[1.722s] -- Detecting C compile features
[1.723s] -- Detecting C compile features - done
[1.723s] -- Check for working CXX compiler: /usr/bin/c++
[1.723s] -- Check for working CXX compiler: /usr/bin/c++ -- works
[1.723s] -- Detecting CXX compiler ABI info
[1.723s] -- Detecting CXX compiler ABI info - done
[1.723s] -- Detecting CXX compile features
[1.723s] -- Detecting CXX compile features - done
[1.723s] -- Found ament_cmake: 0.9.12 (/opt/ros/foxy/share/ament_cmake/cmake)
[1.723s] -- Found PythonInterp: /usr/bin/python3 (found suitable version "3.8.10", minimum required is "3") 
[1.723s] -- Using PYTHON_EXECUTABLE: /usr/bin/python3
[1.778s] -- Found rosidl_default_generators: 1.0.1 (/opt/ros/foxy/share/rosidl_default_generators/cmake)
[1.781s] -- Using all available rosidl_typesupport_c: rosidl_typesupport_fastrtps_c;rosidl_typesupport_introspection_c
[1.786s] -- Found rosidl_adapter: 1.3.1 (/opt/ros/foxy/share/rosidl_adapter/cmake)
[1.893s] -- Found OpenSSL: /usr/lib/x86_64-linux-gnu/libcrypto.so (found version "1.1.1f")  
[1.936s] -- Found FastRTPS: /opt/ros/foxy/include  
[2.030s] -- Using all available rosidl_typesupport_cpp: rosidl_typesupport_fastrtps_cpp;rosidl_typesupport_introspection_cpp
[2.053s] -- Found std_msgs: 2.0.5 (/opt/ros/foxy/share/std_msgs/cmake)
[2.110s] -- Found PythonInterp: /usr/bin/python3 (found version "3.8.10") 
[2.291s] -- Found ament_cmake_ros: 0.9.2 (/opt/ros/foxy/share/ament_cmake_ros/cmake)
[2.449s] -- Using all available rosidl_typesupport_c: rosidl_typesupport_fastrtps_c;rosidl_typesupport_introspection_c
[2.502s] -- Using all available rosidl_typesupport_cpp: rosidl_typesupport_fastrtps_cpp;rosidl_typesupport_introspection_cpp
[2.534s] -- Found PythonInterp: /usr/bin/python3 (found suitable version "3.8.10", minimum required is "3.5") 
[2.536s] -- Found python_cmake_module: 0.8.1 (/opt/ros/foxy/share/python_cmake_module/cmake)
[2.574s] -- Found PythonLibs: /usr/lib/x86_64-linux-gnu/libpython3.8.so (found suitable version "3.8.10", minimum required is "3.5") 
[2.574s] -- Using PYTHON_EXECUTABLE: /usr/bin/python3
[2.574s] -- Using PYTHON_INCLUDE_DIRS: /usr/include/python3.8
[2.574s] -- Using PYTHON_LIBRARIES: /usr/lib/x86_64-linux-gnu/libpython3.8.so
[2.611s] -- Found PythonExtra: .so  
[2.694s] -- Configuring done
[2.741s] -- Generating done
[2.742s] -- Build files have been written to: /home/naoya/wildpose_v1.3/wildpose/src/build/wildpose_interfaces
[2.936s] Invoked command in '/home/naoya/wildpose_v1.3/wildpose/src/build/wildpose_interfaces' returned '0': CMAKE_PREFIX_PATH=${CMAKE_PREFIX_PATH}:/home/naoya/WildPose_v1.2/wildpose/install/motor_controller_pkg:/home/naoya/WildPose_v1.2/wildpose/install/gamepad_pkg:/opt/ros/foxy /usr/bin/cmake /home/naoya/wildpose_v1.3/wildpose/src/wildpose_interfaces -DCMAKE_INSTALL_PREFIX=/home/naoya/wildpose_v1.3/wildpose/src/install/wildpose_interfaces
[2.940s] Invoking command in '/home/naoya/wildpose_v1.3/wildpose/src/build/wildpose_interfaces': CMAKE_PREFIX_PATH=${CMAKE_PREFIX_PATH}:/home/naoya/WildPose_v1.2/wildpose/install/motor_controller_pkg:/home/naoya/WildPose_v1.2/wildpose/install/gamepad_pkg:/opt/ros/foxy /usr/bin/cmake --build /home/naoya/wildpose_v1.3/wildpose/src/build/wildpose_interfaces -- -j16 -l16
[3.000s] [  1%] [34m[1mGenerating C code for ROS interfaces[0m
[3.001s] [35m[1mScanning dependencies of target wildpose_interfaces__cpp[0m
[3.022s] [  3%] [34m[1mGenerating C++ code for ROS interfaces[0m
[3.553s] [  3%] Built target wildpose_interfaces__cpp
[3.576s] [  7%] [34m[1mGenerating C++ type support dispatch for ROS interfaces[0m
[3.576s] [  7%] [34m[1mGenerating C++ introspection for ROS interfaces[0m
[3.576s] [  7%] [34m[1mGenerating C++ type support for eProsima Fast-RTPS[0m
[3.726s] [35m[1mScanning dependencies of target wildpose_interfaces__rosidl_generator_c[0m
[3.774s] [  9%] [32mBuilding C object CMakeFiles/wildpose_interfaces__rosidl_generator_c.dir/rosidl_generator_c/wildpose_interfaces/msg/detail/lens_aperture__functions.c.o[0m
[3.774s] [ 11%] [32mBuilding C object CMakeFiles/wildpose_interfaces__rosidl_generator_c.dir/rosidl_generator_c/wildpose_interfaces/msg/detail/dji_rs_status__functions.c.o[0m
[3.796s] [ 12%] [32mBuilding C object CMakeFiles/wildpose_interfaces__rosidl_generator_c.dir/rosidl_generator_c/wildpose_interfaces/msg/detail/motor_positions__functions.c.o[0m
[3.796s] [ 14%] [32mBuilding C object CMakeFiles/wildpose_interfaces__rosidl_generator_c.dir/rosidl_generator_c/wildpose_interfaces/msg/detail/motor_status__functions.c.o[0m
[3.818s] [ 15%] [32mBuilding C object CMakeFiles/wildpose_interfaces__rosidl_generator_c.dir/rosidl_generator_c/wildpose_interfaces/msg/detail/frame_brightness__functions.c.o[0m
[3.920s] [ 17%] [32m[1mLinking C shared library libwildpose_interfaces__rosidl_generator_c.so[0m
[3.999s] [ 17%] Built target wildpose_interfaces__rosidl_generator_c
[4.023s] [ 19%] [34m[1mGenerating C introspection for ROS interfaces[0m
[4.025s] [ 20%] [34m[1mGenerating C type support dispatch for ROS interfaces[0m
[4.028s] [35m[1mScanning dependencies of target wildpose_interfaces__rosidl_typesupport_cpp[0m
[4.078s] [ 22%] [32mBuilding CXX object CMakeFiles/wildpose_interfaces__rosidl_typesupport_cpp.dir/rosidl_typesupport_cpp/wildpose_interfaces/msg/lens_aperture__type_support.cpp.o[0m
[4.102s] [ 23%] [32mBuilding CXX object CMakeFiles/wildpose_interfaces__rosidl_typesupport_cpp.dir/rosidl_typesupport_cpp/wildpose_interfaces/msg/dji_rs_status__type_support.cpp.o[0m
[4.103s] [ 25%] [32mBuilding CXX object CMakeFiles/wildpose_interfaces__rosidl_typesupport_cpp.dir/rosidl_typesupport_cpp/wildpose_interfaces/msg/motor_status__type_support.cpp.o[0m
[4.113s] [ 26%] [32mBuilding CXX object CMakeFiles/wildpose_interfaces__rosidl_typesupport_cpp.dir/rosidl_typesupport_cpp/wildpose_interfaces/msg/motor_positions__type_support.cpp.o[0m
[4.115s] [ 28%] [32mBuilding CXX object CMakeFiles/wildpose_interfaces__rosidl_typesupport_cpp.dir/rosidl_typesupport_cpp/wildpose_interfaces/msg/frame_brightness__type_support.cpp.o[0m
[4.302s] [35m[1mScanning dependencies of target wildpose_interfaces__rosidl_typesupport_introspection_cpp[0m
[4.309s] [35m[1mScanning dependencies of target wildpose_interfaces__rosidl_typesupport_fastrtps_cpp[0m
[4.329s] [ 30%] [32mBuilding CXX object CMakeFiles/wildpose_interfaces__rosidl_typesupport_introspection_cpp.dir/rosidl_typesupport_introspection_cpp/wildpose_interfaces/msg/detail/lens_aperture__type_support.cpp.o[0m
[4.343s] [ 31%] [32mBuilding CXX object CMakeFiles/wildpose_interfaces__rosidl_typesupport_introspection_cpp.dir/rosidl_typesupport_introspection_cpp/wildpose_interfaces/msg/detail/dji_rs_status__type_support.cpp.o[0m
[4.353s] [ 34%] [32mBuilding CXX object CMakeFiles/wildpose_interfaces__rosidl_typesupport_fastrtps_cpp.dir/rosidl_typesupport_fastrtps_cpp/wildpose_interfaces/msg/detail/dds_fastrtps/dji_rs_status__type_support.cpp.o[0m
[4.353s] [ 34%] [32mBuilding CXX object CMakeFiles/wildpose_interfaces__rosidl_typesupport_fastrtps_cpp.dir/rosidl_typesupport_fastrtps_cpp/wildpose_interfaces/msg/detail/dds_fastrtps/lens_aperture__type_support.cpp.o[0m
[4.359s] [ 36%] [32mBuilding CXX object CMakeFiles/wildpose_interfaces__rosidl_typesupport_fastrtps_cpp.dir/rosidl_typesupport_fastrtps_cpp/wildpose_interfaces/msg/detail/dds_fastrtps/motor_status__type_support.cpp.o[0m
[4.374s] [ 41%] [32mBuilding CXX object CMakeFiles/wildpose_interfaces__rosidl_typesupport_introspection_cpp.dir/rosidl_typesupport_introspection_cpp/wildpose_interfaces/msg/detail/motor_positions__type_support.cpp.o[0m
[4.382s] [ 41%] [32mBuilding CXX object CMakeFiles/wildpose_interfaces__rosidl_typesupport_introspection_cpp.dir/rosidl_typesupport_introspection_cpp/wildpose_interfaces/msg/detail/motor_status__type_support.cpp.o[0m
[4.383s] [ 41%] [32mBuilding CXX object CMakeFiles/wildpose_interfaces__rosidl_typesupport_introspection_cpp.dir/rosidl_typesupport_introspection_cpp/wildpose_interfaces/msg/detail/frame_brightness__type_support.cpp.o[0m
[4.384s] [ 42%] [32mBuilding CXX object CMakeFiles/wildpose_interfaces__rosidl_typesupport_fastrtps_cpp.dir/rosidl_typesupport_fastrtps_cpp/wildpose_interfaces/msg/detail/dds_fastrtps/motor_positions__type_support.cpp.o[0m
[4.567s] [ 44%] [32mBuilding CXX object CMakeFiles/wildpose_interfaces__rosidl_typesupport_fastrtps_cpp.dir/rosidl_typesupport_fastrtps_cpp/wildpose_interfaces/msg/detail/dds_fastrtps/frame_brightness__type_support.cpp.o[0m
[4.763s] [35m[1mScanning dependencies of target wildpose_interfaces__rosidl_typesupport_introspection_c[0m
[4.834s] [ 46%] [32mBuilding C object CMakeFiles/wildpose_interfaces__rosidl_typesupport_introspection_c.dir/rosidl_typesupport_introspection_c/wildpose_interfaces/msg/detail/lens_aperture__type_support.c.o[0m
[4.859s] [ 47%] [32mBuilding C object CMakeFiles/wildpose_interfaces__rosidl_typesupport_introspection_c.dir/rosidl_typesupport_introspection_c/wildpose_interfaces/msg/detail/dji_rs_status__type_support.c.o[0m
[4.887s] [ 49%] [32mBuilding C object CMakeFiles/wildpose_interfaces__rosidl_typesupport_introspection_c.dir/rosidl_typesupport_introspection_c/wildpose_interfaces/msg/detail/motor_status__type_support.c.o[0m
[4.932s] [ 50%] [32mBuilding C object CMakeFiles/wildpose_interfaces__rosidl_typesupport_introspection_c.dir/rosidl_typesupport_introspection_c/wildpose_interfaces/msg/detail/motor_positions__type_support.c.o[0m
[4.949s] [35m[1mScanning dependencies of target wildpose_interfaces__rosidl_typesupport_c[0m
[4.951s] [ 52%] [32m[1mLinking CXX shared library libwildpose_interfaces__rosidl_typesupport_cpp.so[0m
[5.006s] [ 53%] [32mBuilding C object CMakeFiles/wildpose_interfaces__rosidl_typesupport_introspection_c.dir/rosidl_typesupport_introspection_c/wildpose_interfaces/msg/detail/frame_brightness__type_support.c.o[0m
[5.016s] [ 55%] [32mBuilding CXX object CMakeFiles/wildpose_interfaces__rosidl_typesupport_c.dir/rosidl_typesupport_c/wildpose_interfaces/msg/motor_positions__type_support.cpp.o[0m
[5.030s] [ 57%] [32mBuilding CXX object CMakeFiles/wildpose_interfaces__rosidl_typesupport_c.dir/rosidl_typesupport_c/wildpose_interfaces/msg/dji_rs_status__type_support.cpp.o[0m
[5.037s] [ 58%] [32mBuilding CXX object CMakeFiles/wildpose_interfaces__rosidl_typesupport_c.dir/rosidl_typesupport_c/wildpose_interfaces/msg/lens_aperture__type_support.cpp.o[0m
[5.039s] [ 60%] [32mBuilding CXX object CMakeFiles/wildpose_interfaces__rosidl_typesupport_c.dir/rosidl_typesupport_c/wildpose_interfaces/msg/frame_brightness__type_support.cpp.o[0m
[5.045s] [ 61%] [32mBuilding CXX object CMakeFiles/wildpose_interfaces__rosidl_typesupport_c.dir/rosidl_typesupport_c/wildpose_interfaces/msg/motor_status__type_support.cpp.o[0m
[5.078s] [ 61%] Built target wildpose_interfaces__rosidl_typesupport_cpp
[5.091s] [ 63%] [32m[1mLinking C shared library libwildpose_interfaces__rosidl_typesupport_introspection_c.so[0m
[5.160s] [ 65%] [32m[1mLinking CXX shared library libwildpose_interfaces__rosidl_typesupport_c.so[0m
[5.202s] [ 65%] Built target wildpose_interfaces__rosidl_typesupport_introspection_c
[5.246s] [ 65%] Built target wildpose_interfaces__rosidl_typesupport_c
[5.335s] [ 66%] [32m[1mLinking CXX shared library libwildpose_interfaces__rosidl_typesupport_introspection_cpp.so[0m
[5.448s] [ 66%] Built target wildpose_interfaces__rosidl_typesupport_introspection_cpp
[5.550s] [ 68%] [32m[1mLinking CXX shared library libwildpose_interfaces__rosidl_typesupport_fastrtps_cpp.so[0m
[5.653s] [ 68%] Built target wildpose_interfaces__rosidl_typesupport_fastrtps_cpp
[5.665s] [ 69%] [34m[1mGenerating C type support for eProsima Fast-RTPS[0m
[5.945s] [35m[1mScanning dependencies of target wildpose_interfaces__rosidl_typesupport_fastrtps_c[0m
[5.970s] [ 71%] [32mBuilding CXX object CMakeFiles/wildpose_interfaces__rosidl_typesupport_fastrtps_c.dir/rosidl_typesupport_fastrtps_c/wildpose_interfaces/msg/detail/dji_rs_status__type_support_c.cpp.o[0m
[5.973s] [ 76%] [32mBuilding CXX object CMakeFiles/wildpose_interfaces__rosidl_typesupport_fastrtps_c.dir/rosidl_typesupport_fastrtps_c/wildpose_interfaces/msg/detail/lens_aperture__type_support_c.cpp.o[0m
[5.974s] [ 76%] [32mBuilding CXX object CMakeFiles/wildpose_interfaces__rosidl_typesupport_fastrtps_c.dir/rosidl_typesupport_fastrtps_c/wildpose_interfaces/msg/detail/frame_brightness__type_support_c.cpp.o[0m
[5.974s] [ 76%] [32mBuilding CXX object CMakeFiles/wildpose_interfaces__rosidl_typesupport_fastrtps_c.dir/rosidl_typesupport_fastrtps_c/wildpose_interfaces/msg/detail/motor_positions__type_support_c.cpp.o[0m
[5.974s] [ 77%] [32mBuilding CXX object CMakeFiles/wildpose_interfaces__rosidl_typesupport_fastrtps_c.dir/rosidl_typesupport_fastrtps_c/wildpose_interfaces/msg/detail/motor_status__type_support_c.cpp.o[0m
[6.492s] [ 79%] [32m[1mLinking CXX shared library libwildpose_interfaces__rosidl_typesupport_fastrtps_c.so[0m
[6.685s] [ 79%] Built target wildpose_interfaces__rosidl_typesupport_fastrtps_c
[6.700s] [35m[1mScanning dependencies of target wildpose_interfaces[0m
[6.719s] [ 79%] Built target wildpose_interfaces
[6.738s] [35m[1mScanning dependencies of target wildpose_interfaces__py[0m
[6.758s] [ 80%] [34m[1mGenerating Python code for ROS interfaces[0m
[7.835s] [ 80%] Built target wildpose_interfaces__py
[7.850s] [35m[1mScanning dependencies of target wildpose_interfaces__python[0m
[7.880s] [ 85%] [32mBuilding C object CMakeFiles/wildpose_interfaces__python.dir/rosidl_generator_py/wildpose_interfaces/msg/_dji_rs_status_s.c.o[0m
[7.880s] [ 85%] [32mBuilding C object CMakeFiles/wildpose_interfaces__python.dir/rosidl_generator_py/wildpose_interfaces/msg/_motor_status_s.c.o[0m
[7.880s] [ 87%] [32mBuilding C object CMakeFiles/wildpose_interfaces__python.dir/rosidl_generator_py/wildpose_interfaces/msg/_frame_brightness_s.c.o[0m
[7.881s] [ 87%] [32mBuilding C object CMakeFiles/wildpose_interfaces__python.dir/rosidl_generator_py/wildpose_interfaces/msg/_motor_positions_s.c.o[0m
[7.892s] [ 88%] [32mBuilding C object CMakeFiles/wildpose_interfaces__python.dir/rosidl_generator_py/wildpose_interfaces/msg/_lens_aperture_s.c.o[0m
[8.055s] [ 90%] [32m[1mLinking C shared library rosidl_generator_py/wildpose_interfaces/libwildpose_interfaces__python.so[0m
[8.134s] [ 90%] Built target wildpose_interfaces__python
[8.157s] [35m[1mScanning dependencies of target wildpose_interfaces__rosidl_typesupport_fastrtps_c__pyext[0m
[8.161s] [35m[1mScanning dependencies of target wildpose_interfaces__rosidl_typesupport_c__pyext[0m
[8.161s] [35m[1mScanning dependencies of target wildpose_interfaces__rosidl_typesupport_introspection_c__pyext[0m
[8.193s] [ 93%] [32mBuilding C object CMakeFiles/wildpose_interfaces__rosidl_typesupport_c__pyext.dir/rosidl_generator_py/wildpose_interfaces/_wildpose_interfaces_s.ep.rosidl_typesupport_c.c.o[0m
[8.193s] [ 93%] [32mBuilding C object CMakeFiles/wildpose_interfaces__rosidl_typesupport_introspection_c__pyext.dir/rosidl_generator_py/wildpose_interfaces/_wildpose_interfaces_s.ep.rosidl_typesupport_introspection_c.c.o[0m
[8.196s] [ 95%] [32mBuilding C object CMakeFiles/wildpose_interfaces__rosidl_typesupport_fastrtps_c__pyext.dir/rosidl_generator_py/wildpose_interfaces/_wildpose_interfaces_s.ep.rosidl_typesupport_fastrtps_c.c.o[0m
[8.322s] [ 96%] [32m[1mLinking CXX shared library rosidl_generator_py/wildpose_interfaces/wildpose_interfaces_s__rosidl_typesupport_fastrtps_c.cpython-38-x86_64-linux-gnu.so[0m
[8.356s] [ 98%] [32m[1mLinking C shared library rosidl_generator_py/wildpose_interfaces/wildpose_interfaces_s__rosidl_typesupport_c.cpython-38-x86_64-linux-gnu.so[0m
[8.364s] [100%] [32m[1mLinking C shared library rosidl_generator_py/wildpose_interfaces/wildpose_interfaces_s__rosidl_typesupport_introspection_c.cpython-38-x86_64-linux-gnu.so[0m
[8.414s] [100%] Built target wildpose_interfaces__rosidl_typesupport_fastrtps_c__pyext
[8.416s] [100%] Built target wildpose_interfaces__rosidl_typesupport_c__pyext
[8.428s] [100%] Built target wildpose_interfaces__rosidl_typesupport_introspection_c__pyext
[8.452s] Invoked command in '/home/naoya/wildpose_v1.3/wildpose/src/build/wildpose_interfaces' returned '0': CMAKE_PREFIX_PATH=${CMAKE_PREFIX_PATH}:/home/naoya/WildPose_v1.2/wildpose/install/motor_controller_pkg:/home/naoya/WildPose_v1.2/wildpose/install/gamepad_pkg:/opt/ros/foxy /usr/bin/cmake --build /home/naoya/wildpose_v1.3/wildpose/src/build/wildpose_interfaces -- -j16 -l16
[8.791s] Invoking command in '/home/naoya/wildpose_v1.3/wildpose/src/build/wildpose_interfaces': CMAKE_PREFIX_PATH=${CMAKE_PREFIX_PATH}:/home/naoya/WildPose_v1.2/wildpose/install/motor_controller_pkg:/home/naoya/WildPose_v1.2/wildpose/install/gamepad_pkg:/opt/ros/foxy /usr/bin/cmake --install /home/naoya/wildpose_v1.3/wildpose/src/build/wildpose_interfaces
[8.805s] -- Install configuration: ""
[8.806s] -- Installing: /home/naoya/wildpose_v1.3/wildpose/src/install/wildpose_interfaces/share/ament_index/resource_index/rosidl_interfaces/wildpose_interfaces
[8.806s] -- Installing: /home/naoya/wildpose_v1.3/wildpose/src/install/wildpose_interfaces/include/wildpose_interfaces
[8.806s] -- Installing: /home/naoya/wildpose_v1.3/wildpose/src/install/wildpose_interfaces/include/wildpose_interfaces/msg
[8.806s] -- Installing: /home/naoya/wildpose_v1.3/wildpose/src/install/wildpose_interfaces/include/wildpose_interfaces/msg/motor_positions.h
[8.806s] -- Installing: /home/naoya/wildpose_v1.3/wildpose/src/install/wildpose_interfaces/include/wildpose_interfaces/msg/detail
[8.806s] -- Installing: /home/naoya/wildpose_v1.3/wildpose/src/install/wildpose_interfaces/include/wildpose_interfaces/msg/detail/motor_positions__functions.c
[8.806s] -- Installing: /home/naoya/wildpose_v1.3/wildpose/src/install/wildpose_interfaces/include/wildpose_interfaces/msg/detail/frame_brightness__struct.h
[8.807s] -- Installing: /home/naoya/wildpose_v1.3/wildpose/src/install/wildpose_interfaces/include/wildpose_interfaces/msg/detail/motor_positions__functions.h
[8.807s] -- Installing: /home/naoya/wildpose_v1.3/wildpose/src/install/wildpose_interfaces/include/wildpose_interfaces/msg/detail/lens_aperture__type_support.h
[8.807s] -- Installing: /home/naoya/wildpose_v1.3/wildpose/src/install/wildpose_interfaces/include/wildpose_interfaces/msg/detail/lens_aperture__functions.h
[8.807s] -- Installing: /home/naoya/wildpose_v1.3/wildpose/src/install/wildpose_interfaces/include/wildpose_interfaces/msg/detail/motor_positions__struct.h
[8.807s] -- Installing: /home/naoya/wildpose_v1.3/wildpose/src/install/wildpose_interfaces/include/wildpose_interfaces/msg/detail/motor_status__functions.h
[8.807s] -- Installing: /home/naoya/wildpose_v1.3/wildpose/src/install/wildpose_interfaces/include/wildpose_interfaces/msg/detail/dji_rs_status__type_support.h
[8.807s] -- Installing: /home/naoya/wildpose_v1.3/wildpose/src/install/wildpose_interfaces/include/wildpose_interfaces/msg/detail/lens_aperture__struct.h
[8.807s] -- Installing: /home/naoya/wildpose_v1.3/wildpose/src/install/wildpose_interfaces/include/wildpose_interfaces/msg/detail/motor_status__functions.c
[8.807s] -- Installing: /home/naoya/wildpose_v1.3/wildpose/src/install/wildpose_interfaces/include/wildpose_interfaces/msg/detail/lens_aperture__functions.c
[8.807s] -- Installing: /home/naoya/wildpose_v1.3/wildpose/src/install/wildpose_interfaces/include/wildpose_interfaces/msg/detail/motor_status__type_support.h
[8.808s] -- Installing: /home/naoya/wildpose_v1.3/wildpose/src/install/wildpose_interfaces/include/wildpose_interfaces/msg/detail/frame_brightness__functions.h
[8.808s] -- Installing: /home/naoya/wildpose_v1.3/wildpose/src/install/wildpose_interfaces/include/wildpose_interfaces/msg/detail/dji_rs_status__struct.h
[8.808s] -- Installing: /home/naoya/wildpose_v1.3/wildpose/src/install/wildpose_interfaces/include/wildpose_interfaces/msg/detail/dji_rs_status__functions.c
[8.808s] -- Installing: /home/naoya/wildpose_v1.3/wildpose/src/install/wildpose_interfaces/include/wildpose_interfaces/msg/detail/frame_brightness__type_support.h
[8.808s] -- Installing: /home/naoya/wildpose_v1.3/wildpose/src/install/wildpose_interfaces/include/wildpose_interfaces/msg/detail/dji_rs_status__functions.h
[8.808s] -- Installing: /home/naoya/wildpose_v1.3/wildpose/src/install/wildpose_interfaces/include/wildpose_interfaces/msg/detail/motor_positions__type_support.h
[8.808s] -- Installing: /home/naoya/wildpose_v1.3/wildpose/src/install/wildpose_interfaces/include/wildpose_interfaces/msg/detail/frame_brightness__functions.c
[8.808s] -- Installing: /home/naoya/wildpose_v1.3/wildpose/src/install/wildpose_interfaces/include/wildpose_interfaces/msg/detail/motor_status__struct.h
[8.808s] -- Installing: /home/naoya/wildpose_v1.3/wildpose/src/install/wildpose_interfaces/include/wildpose_interfaces/msg/frame_brightness.h
[8.808s] -- Installing: /home/naoya/wildpose_v1.3/wildpose/src/install/wildpose_interfaces/include/wildpose_interfaces/msg/rosidl_generator_c__visibility_control.h
[8.809s] -- Installing: /home/naoya/wildpose_v1.3/wildpose/src/install/wildpose_interfaces/include/wildpose_interfaces/msg/dji_rs_status.h
[8.809s] -- Installing: /home/naoya/wildpose_v1.3/wildpose/src/install/wildpose_interfaces/include/wildpose_interfaces/msg/motor_status.h
[8.809s] -- Installing: /home/naoya/wildpose_v1.3/wildpose/src/install/wildpose_interfaces/include/wildpose_interfaces/msg/lens_aperture.h
[8.810s] -- Installing: /home/naoya/wildpose_v1.3/wildpose/src/install/wildpose_interfaces/share/wildpose_interfaces/environment/library_path.sh
[8.810s] -- Installing: /home/naoya/wildpose_v1.3/wildpose/src/install/wildpose_interfaces/share/wildpose_interfaces/environment/library_path.dsv
[8.810s] -- Installing: /home/naoya/wildpose_v1.3/wildpose/src/install/wildpose_interfaces/lib/libwildpose_interfaces__rosidl_generator_c.so
[8.810s] -- Set runtime path of "/home/naoya/wildpose_v1.3/wildpose/src/install/wildpose_interfaces/lib/libwildpose_interfaces__rosidl_generator_c.so" to ""
[8.810s] -- Up-to-date: /home/naoya/wildpose_v1.3/wildpose/src/install/wildpose_interfaces/include/wildpose_interfaces
[8.810s] -- Up-to-date: /home/naoya/wildpose_v1.3/wildpose/src/install/wildpose_interfaces/include/wildpose_interfaces/msg
[8.810s] -- Up-to-date: /home/naoya/wildpose_v1.3/wildpose/src/install/wildpose_interfaces/include/wildpose_interfaces/msg/detail
[8.810s] -- Installing: /home/naoya/wildpose_v1.3/wildpose/src/install/wildpose_interfaces/include/wildpose_interfaces/msg/detail/dji_rs_status__rosidl_typesupport_fastrtps_c.h
[8.811s] -- Installing: /home/naoya/wildpose_v1.3/wildpose/src/install/wildpose_interfaces/include/wildpose_interfaces/msg/detail/frame_brightness__rosidl_typesupport_fastrtps_c.h
[8.811s] -- Installing: /home/naoya/wildpose_v1.3/wildpose/src/install/wildpose_interfaces/include/wildpose_interfaces/msg/detail/motor_status__rosidl_typesupport_fastrtps_c.h
[8.811s] -- Installing: /home/naoya/wildpose_v1.3/wildpose/src/install/wildpose_interfaces/include/wildpose_interfaces/msg/detail/motor_positions__rosidl_typesupport_fastrtps_c.h
[8.811s] -- Installing: /home/naoya/wildpose_v1.3/wildpose/src/install/wildpose_interfaces/include/wildpose_interfaces/msg/detail/lens_aperture__rosidl_typesupport_fastrtps_c.h
[8.811s] -- Installing: /home/naoya/wildpose_v1.3/wildpose/src/install/wildpose_interfaces/include/wildpose_interfaces/msg/rosidl_typesupport_fastrtps_c__visibility_control.h
[8.811s] -- Installing: /home/naoya/wildpose_v1.3/wildpose/src/install/wildpose_interfaces/lib/libwildpose_interfaces__rosidl_typesupport_fastrtps_c.so
[8.811s] -- Set runtime path of "/home/naoya/wildpose_v1.3/wildpose/src/install/wildpose_interfaces/lib/libwildpose_interfaces__rosidl_typesupport_fastrtps_c.so" to ""
[8.811s] -- Up-to-date: /home/naoya/wildpose_v1.3/wildpose/src/install/wildpose_interfaces/include/wildpose_interfaces
[8.812s] -- Up-to-date: /home/naoya/wildpose_v1.3/wildpose/src/install/wildpose_interfaces/include/wildpose_interfaces/msg
[8.812s] -- Up-to-date: /home/naoya/wildpose_v1.3/wildpose/src/install/wildpose_interfaces/include/wildpose_interfaces/msg/detail
[8.812s] -- Installing: /home/naoya/wildpose_v1.3/wildpose/src/install/wildpose_interfaces/include/wildpose_interfaces/msg/detail/lens_aperture__rosidl_typesupport_fastrtps_cpp.hpp
[8.812s] -- Installing: /home/naoya/wildpose_v1.3/wildpose/src/install/wildpose_interfaces/include/wildpose_interfaces/msg/detail/motor_status__rosidl_typesupport_fastrtps_cpp.hpp
[8.812s] -- Installing: /home/naoya/wildpose_v1.3/wildpose/src/install/wildpose_interfaces/include/wildpose_interfaces/msg/detail/frame_brightness__rosidl_typesupport_fastrtps_cpp.hpp
[8.812s] -- Installing: /home/naoya/wildpose_v1.3/wildpose/src/install/wildpose_interfaces/include/wildpose_interfaces/msg/detail/dds_fastrtps
[8.812s] -- Installing: /home/naoya/wildpose_v1.3/wildpose/src/install/wildpose_interfaces/include/wildpose_interfaces/msg/detail/dji_rs_status__rosidl_typesupport_fastrtps_cpp.hpp
[8.812s] -- Installing: /home/naoya/wildpose_v1.3/wildpose/src/install/wildpose_interfaces/include/wildpose_interfaces/msg/detail/motor_positions__rosidl_typesupport_fastrtps_cpp.hpp
[8.812s] -- Installing: /home/naoya/wildpose_v1.3/wildpose/src/install/wildpose_interfaces/include/wildpose_interfaces/msg/rosidl_typesupport_fastrtps_cpp__visibility_control.h
[8.812s] -- Installing: /home/naoya/wildpose_v1.3/wildpose/src/install/wildpose_interfaces/lib/libwildpose_interfaces__rosidl_typesupport_fastrtps_cpp.so
[8.813s] -- Set runtime path of "/home/naoya/wildpose_v1.3/wildpose/src/install/wildpose_interfaces/lib/libwildpose_interfaces__rosidl_typesupport_fastrtps_cpp.so" to ""
[8.813s] -- Up-to-date: /home/naoya/wildpose_v1.3/wildpose/src/install/wildpose_interfaces/include/wildpose_interfaces
[8.813s] -- Up-to-date: /home/naoya/wildpose_v1.3/wildpose/src/install/wildpose_interfaces/include/wildpose_interfaces/msg
[8.813s] -- Up-to-date: /home/naoya/wildpose_v1.3/wildpose/src/install/wildpose_interfaces/include/wildpose_interfaces/msg/detail
[8.814s] -- Installing: /home/naoya/wildpose_v1.3/wildpose/src/install/wildpose_interfaces/include/wildpose_interfaces/msg/detail/lens_aperture__type_support.c
[8.814s] -- Installing: /home/naoya/wildpose_v1.3/wildpose/src/install/wildpose_interfaces/include/wildpose_interfaces/msg/detail/frame_brightness__type_support.c
[8.814s] -- Installing: /home/naoya/wildpose_v1.3/wildpose/src/install/wildpose_interfaces/include/wildpose_interfaces/msg/detail/motor_status__rosidl_typesupport_introspection_c.h
[8.814s] -- Installing: /home/naoya/wildpose_v1.3/wildpose/src/install/wildpose_interfaces/include/wildpose_interfaces/msg/detail/dji_rs_status__type_support.c
[8.814s] -- Installing: /home/naoya/wildpose_v1.3/wildpose/src/install/wildpose_interfaces/include/wildpose_interfaces/msg/detail/frame_brightness__rosidl_typesupport_introspection_c.h
[8.814s] -- Installing: /home/naoya/wildpose_v1.3/wildpose/src/install/wildpose_interfaces/include/wildpose_interfaces/msg/detail/motor_positions__rosidl_typesupport_introspection_c.h
[8.814s] -- Installing: /home/naoya/wildpose_v1.3/wildpose/src/install/wildpose_interfaces/include/wildpose_interfaces/msg/detail/dji_rs_status__rosidl_typesupport_introspection_c.h
[8.815s] -- Installing: /home/naoya/wildpose_v1.3/wildpose/src/install/wildpose_interfaces/include/wildpose_interfaces/msg/detail/lens_aperture__rosidl_typesupport_introspection_c.h
[8.815s] -- Installing: /home/naoya/wildpose_v1.3/wildpose/src/install/wildpose_interfaces/include/wildpose_interfaces/msg/detail/motor_positions__type_support.c
[8.815s] -- Installing: /home/naoya/wildpose_v1.3/wildpose/src/install/wildpose_interfaces/include/wildpose_interfaces/msg/detail/motor_status__type_support.c
[8.815s] -- Installing: /home/naoya/wildpose_v1.3/wildpose/src/install/wildpose_interfaces/include/wildpose_interfaces/msg/rosidl_typesupport_introspection_c__visibility_control.h
[8.815s] -- Installing: /home/naoya/wildpose_v1.3/wildpose/src/install/wildpose_interfaces/lib/libwildpose_interfaces__rosidl_typesupport_introspection_c.so
[8.815s] -- Set runtime path of "/home/naoya/wildpose_v1.3/wildpose/src/install/wildpose_interfaces/lib/libwildpose_interfaces__rosidl_typesupport_introspection_c.so" to ""
[8.816s] -- Installing: /home/naoya/wildpose_v1.3/wildpose/src/install/wildpose_interfaces/lib/libwildpose_interfaces__rosidl_typesupport_c.so
[8.816s] -- Set runtime path of "/home/naoya/wildpose_v1.3/wildpose/src/install/wildpose_interfaces/lib/libwildpose_interfaces__rosidl_typesupport_c.so" to ""
[8.816s] -- Up-to-date: /home/naoya/wildpose_v1.3/wildpose/src/install/wildpose_interfaces/include/wildpose_interfaces
[8.816s] -- Up-to-date: /home/naoya/wildpose_v1.3/wildpose/src/install/wildpose_interfaces/include/wildpose_interfaces/msg
[8.817s] -- Installing: /home/naoya/wildpose_v1.3/wildpose/src/install/wildpose_interfaces/include/wildpose_interfaces/msg/lens_aperture.hpp
[8.817s] -- Installing: /home/naoya/wildpose_v1.3/wildpose/src/install/wildpose_interfaces/include/wildpose_interfaces/msg/frame_brightness.hpp
[8.817s] -- Up-to-date: /home/naoya/wildpose_v1.3/wildpose/src/install/wildpose_interfaces/include/wildpose_interfaces/msg/detail
[8.817s] -- Installing: /home/naoya/wildpose_v1.3/wildpose/src/install/wildpose_interfaces/include/wildpose_interfaces/msg/detail/lens_aperture__struct.hpp
[8.817s] -- Installing: /home/naoya/wildpose_v1.3/wildpose/src/install/wildpose_interfaces/include/wildpose_interfaces/msg/detail/dji_rs_status__builder.hpp
[8.817s] -- Installing: /home/naoya/wildpose_v1.3/wildpose/src/install/wildpose_interfaces/include/wildpose_interfaces/msg/detail/motor_status__type_support.hpp
[8.817s] -- Installing: /home/naoya/wildpose_v1.3/wildpose/src/install/wildpose_interfaces/include/wildpose_interfaces/msg/detail/frame_brightness__traits.hpp
[8.817s] -- Installing: /home/naoya/wildpose_v1.3/wildpose/src/install/wildpose_interfaces/include/wildpose_interfaces/msg/detail/motor_positions__struct.hpp
[8.818s] -- Installing: /home/naoya/wildpose_v1.3/wildpose/src/install/wildpose_interfaces/include/wildpose_interfaces/msg/detail/frame_brightness__builder.hpp
[8.818s] -- Installing: /home/naoya/wildpose_v1.3/wildpose/src/install/wildpose_interfaces/include/wildpose_interfaces/msg/detail/dji_rs_status__struct.hpp
[8.818s] -- Installing: /home/naoya/wildpose_v1.3/wildpose/src/install/wildpose_interfaces/include/wildpose_interfaces/msg/detail/lens_aperture__builder.hpp
[8.818s] -- Installing: /home/naoya/wildpose_v1.3/wildpose/src/install/wildpose_interfaces/include/wildpose_interfaces/msg/detail/dji_rs_status__traits.hpp
[8.819s] -- Installing: /home/naoya/wildpose_v1.3/wildpose/src/install/wildpose_interfaces/include/wildpose_interfaces/msg/detail/frame_brightness__type_support.hpp
[8.819s] -- Installing: /home/naoya/wildpose_v1.3/wildpose/src/install/wildpose_interfaces/include/wildpose_interfaces/msg/detail/motor_status__builder.hpp
[8.819s] -- Installing: /home/naoya/wildpose_v1.3/wildpose/src/install/wildpose_interfaces/include/wildpose_interfaces/msg/detail/frame_brightness__struct.hpp
[8.819s] -- Installing: /home/naoya/wildpose_v1.3/wildpose/src/install/wildpose_interfaces/include/wildpose_interfaces/msg/detail/motor_positions__type_support.hpp
[8.819s] -- Installing: /home/naoya/wildpose_v1.3/wildpose/src/install/wildpose_interfaces/include/wildpose_interfaces/msg/detail/motor_status__struct.hpp
[8.819s] -- Installing: /home/naoya/wildpose_v1.3/wildpose/src/install/wildpose_interfaces/include/wildpose_interfaces/msg/detail/motor_positions__traits.hpp
[8.819s] -- Installing: /home/naoya/wildpose_v1.3/wildpose/src/install/wildpose_interfaces/include/wildpose_interfaces/msg/detail/motor_status__traits.hpp
[8.819s] -- Installing: /home/naoya/wildpose_v1.3/wildpose/src/install/wildpose_interfaces/include/wildpose_interfaces/msg/detail/motor_positions__builder.hpp
[8.820s] -- Installing: /home/naoya/wildpose_v1.3/wildpose/src/install/wildpose_interfaces/include/wildpose_interfaces/msg/detail/lens_aperture__traits.hpp
[8.820s] -- Installing: /home/naoya/wildpose_v1.3/wildpose/src/install/wildpose_interfaces/include/wildpose_interfaces/msg/detail/dji_rs_status__type_support.hpp
[8.820s] -- Installing: /home/naoya/wildpose_v1.3/wildpose/src/install/wildpose_interfaces/include/wildpose_interfaces/msg/detail/lens_aperture__type_support.hpp
[8.820s] -- Installing: /home/naoya/wildpose_v1.3/wildpose/src/install/wildpose_interfaces/include/wildpose_interfaces/msg/motor_status.hpp
[8.820s] -- Installing: /home/naoya/wildpose_v1.3/wildpose/src/install/wildpose_interfaces/include/wildpose_interfaces/msg/rosidl_generator_cpp__visibility_control.hpp
[8.821s] -- Installing: /home/naoya/wildpose_v1.3/wildpose/src/install/wildpose_interfaces/include/wildpose_interfaces/msg/dji_rs_status.hpp
[8.821s] -- Installing: /home/naoya/wildpose_v1.3/wildpose/src/install/wildpose_interfaces/include/wildpose_interfaces/msg/motor_positions.hpp
[8.821s] -- Up-to-date: /home/naoya/wildpose_v1.3/wildpose/src/install/wildpose_interfaces/include/wildpose_interfaces
[8.821s] -- Up-to-date: /home/naoya/wildpose_v1.3/wildpose/src/install/wildpose_interfaces/include/wildpose_interfaces/msg
[8.821s] -- Up-to-date: /home/naoya/wildpose_v1.3/wildpose/src/install/wildpose_interfaces/include/wildpose_interfaces/msg/detail
[8.821s] -- Installing: /home/naoya/wildpose_v1.3/wildpose/src/install/wildpose_interfaces/include/wildpose_interfaces/msg/detail/motor_positions__rosidl_typesupport_introspection_cpp.hpp
[8.821s] -- Installing: /home/naoya/wildpose_v1.3/wildpose/src/install/wildpose_interfaces/include/wildpose_interfaces/msg/detail/lens_aperture__rosidl_typesupport_introspection_cpp.hpp
[8.821s] -- Installing: /home/naoya/wildpose_v1.3/wildpose/src/install/wildpose_interfaces/include/wildpose_interfaces/msg/detail/motor_positions__type_support.cpp
[8.821s] -- Installing: /home/naoya/wildpose_v1.3/wildpose/src/install/wildpose_interfaces/include/wildpose_interfaces/msg/detail/motor_status__type_support.cpp
[8.822s] -- Installing: /home/naoya/wildpose_v1.3/wildpose/src/install/wildpose_interfaces/include/wildpose_interfaces/msg/detail/dji_rs_status__rosidl_typesupport_introspection_cpp.hpp
[8.822s] -- Installing: /home/naoya/wildpose_v1.3/wildpose/src/install/wildpose_interfaces/include/wildpose_interfaces/msg/detail/frame_brightness__type_support.cpp
[8.822s] -- Installing: /home/naoya/wildpose_v1.3/wildpose/src/install/wildpose_interfaces/include/wildpose_interfaces/msg/detail/frame_brightness__rosidl_typesupport_introspection_cpp.hpp
[8.822s] -- Installing: /home/naoya/wildpose_v1.3/wildpose/src/install/wildpose_interfaces/include/wildpose_interfaces/msg/detail/motor_status__rosidl_typesupport_introspection_cpp.hpp
[8.822s] -- Installing: /home/naoya/wildpose_v1.3/wildpose/src/install/wildpose_interfaces/include/wildpose_interfaces/msg/detail/lens_aperture__type_support.cpp
[8.822s] -- Installing: /home/naoya/wildpose_v1.3/wildpose/src/install/wildpose_interfaces/include/wildpose_interfaces/msg/detail/dji_rs_status__type_support.cpp
[8.822s] -- Installing: /home/naoya/wildpose_v1.3/wildpose/src/install/wildpose_interfaces/lib/libwildpose_interfaces__rosidl_typesupport_introspection_cpp.so
[8.822s] -- Set runtime path of "/home/naoya/wildpose_v1.3/wildpose/src/install/wildpose_interfaces/lib/libwildpose_interfaces__rosidl_typesupport_introspection_cpp.so" to ""
[8.822s] -- Installing: /home/naoya/wildpose_v1.3/wildpose/src/install/wildpose_interfaces/lib/libwildpose_interfaces__rosidl_typesupport_cpp.so
[8.822s] -- Set runtime path of "/home/naoya/wildpose_v1.3/wildpose/src/install/wildpose_interfaces/lib/libwildpose_interfaces__rosidl_typesupport_cpp.so" to ""
[8.823s] -- Installing: /home/naoya/wildpose_v1.3/wildpose/src/install/wildpose_interfaces/share/wildpose_interfaces/environment/pythonpath.sh
[8.823s] -- Installing: /home/naoya/wildpose_v1.3/wildpose/src/install/wildpose_interfaces/share/wildpose_interfaces/environment/pythonpath.dsv
[8.823s] -- Installing: /home/naoya/wildpose_v1.3/wildpose/src/install/wildpose_interfaces/lib/python3.8/site-packages/wildpose_interfaces/__init__.py
[8.873s] Compiling '/home/naoya/wildpose_v1.3/wildpose/src/install/wildpose_interfaces/lib/python3.8/site-packages/wildpose_interfaces/__init__.py'...
[8.878s] -- Installing: /home/naoya/wildpose_v1.3/wildpose/src/install/wildpose_interfaces/lib/python3.8/site-packages/wildpose_interfaces/msg
[8.879s] -- Installing: /home/naoya/wildpose_v1.3/wildpose/src/install/wildpose_interfaces/lib/python3.8/site-packages/wildpose_interfaces/msg/_motor_status.py
[8.882s] -- Installing: /home/naoya/wildpose_v1.3/wildpose/src/install/wildpose_interfaces/lib/python3.8/site-packages/wildpose_interfaces/msg/_lens_aperture.py
[8.883s] -- Installing: /home/naoya/wildpose_v1.3/wildpose/src/install/wildpose_interfaces/lib/python3.8/site-packages/wildpose_interfaces/msg/_frame_brightness.py
[8.883s] -- Installing: /home/naoya/wildpose_v1.3/wildpose/src/install/wildpose_interfaces/lib/python3.8/site-packages/wildpose_interfaces/msg/_motor_status_s.c
[8.883s] -- Installing: /home/naoya/wildpose_v1.3/wildpose/src/install/wildpose_interfaces/lib/python3.8/site-packages/wildpose_interfaces/msg/_frame_brightness_s.c
[8.883s] -- Installing: /home/naoya/wildpose_v1.3/wildpose/src/install/wildpose_interfaces/lib/python3.8/site-packages/wildpose_interfaces/msg/_dji_rs_status_s.c
[8.883s] -- Installing: /home/naoya/wildpose_v1.3/wildpose/src/install/wildpose_interfaces/lib/python3.8/site-packages/wildpose_interfaces/msg/_motor_positions.py
[8.883s] -- Installing: /home/naoya/wildpose_v1.3/wildpose/src/install/wildpose_interfaces/lib/python3.8/site-packages/wildpose_interfaces/msg/_lens_aperture_s.c
[8.883s] -- Installing: /home/naoya/wildpose_v1.3/wildpose/src/install/wildpose_interfaces/lib/python3.8/site-packages/wildpose_interfaces/msg/__init__.py
[8.883s] -- Installing: /home/naoya/wildpose_v1.3/wildpose/src/install/wildpose_interfaces/lib/python3.8/site-packages/wildpose_interfaces/msg/_motor_positions_s.c
[8.884s] -- Installing: /home/naoya/wildpose_v1.3/wildpose/src/install/wildpose_interfaces/lib/python3.8/site-packages/wildpose_interfaces/msg/_dji_rs_status.py
[8.884s] -- Installing: /home/naoya/wildpose_v1.3/wildpose/src/install/wildpose_interfaces/lib/python3.8/site-packages/wildpose_interfaces/wildpose_interfaces_s__rosidl_typesupport_fastrtps_c.cpython-38-x86_64-linux-gnu.so
[8.884s] -- Set runtime path of "/home/naoya/wildpose_v1.3/wildpose/src/install/wildpose_interfaces/lib/python3.8/site-packages/wildpose_interfaces/wildpose_interfaces_s__rosidl_typesupport_fastrtps_c.cpython-38-x86_64-linux-gnu.so" to ""
[8.884s] -- Installing: /home/naoya/wildpose_v1.3/wildpose/src/install/wildpose_interfaces/lib/python3.8/site-packages/wildpose_interfaces/wildpose_interfaces_s__rosidl_typesupport_introspection_c.cpython-38-x86_64-linux-gnu.so
[8.884s] -- Set runtime path of "/home/naoya/wildpose_v1.3/wildpose/src/install/wildpose_interfaces/lib/python3.8/site-packages/wildpose_interfaces/wildpose_interfaces_s__rosidl_typesupport_introspection_c.cpython-38-x86_64-linux-gnu.so" to ""
[8.884s] -- Installing: /home/naoya/wildpose_v1.3/wildpose/src/install/wildpose_interfaces/lib/python3.8/site-packages/wildpose_interfaces/wildpose_interfaces_s__rosidl_typesupport_c.cpython-38-x86_64-linux-gnu.so
[8.885s] -- Set runtime path of "/home/naoya/wildpose_v1.3/wildpose/src/install/wildpose_interfaces/lib/python3.8/site-packages/wildpose_interfaces/wildpose_interfaces_s__rosidl_typesupport_c.cpython-38-x86_64-linux-gnu.so" to ""
[8.885s] -- Installing: /home/naoya/wildpose_v1.3/wildpose/src/install/wildpose_interfaces/lib/libwildpose_interfaces__python.so
[8.885s] -- Set runtime path of "/home/naoya/wildpose_v1.3/wildpose/src/install/wildpose_interfaces/lib/libwildpose_interfaces__python.so" to ""
[8.885s] -- Installing: /home/naoya/wildpose_v1.3/wildpose/src/install/wildpose_interfaces/share/wildpose_interfaces/msg/LensAperture.idl
[8.885s] -- Installing: /home/naoya/wildpose_v1.3/wildpose/src/install/wildpose_interfaces/share/wildpose_interfaces/msg/DjiRsStatus.idl
[8.885s] -- Installing: /home/naoya/wildpose_v1.3/wildpose/src/install/wildpose_interfaces/share/wildpose_interfaces/msg/MotorStatus.idl
[8.885s] -- Installing: /home/naoya/wildpose_v1.3/wildpose/src/install/wildpose_interfaces/share/wildpose_interfaces/msg/MotorPositions.idl
[8.886s] -- Installing: /home/naoya/wildpose_v1.3/wildpose/src/install/wildpose_interfaces/share/wildpose_interfaces/msg/FrameBrightness.idl
[8.886s] -- Installing: /home/naoya/wildpose_v1.3/wildpose/src/install/wildpose_interfaces/share/wildpose_interfaces/msg/LensAperture.msg
[8.886s] -- Installing: /home/naoya/wildpose_v1.3/wildpose/src/install/wildpose_interfaces/share/wildpose_interfaces/msg/DjiRsStatus.msg
[8.887s] -- Installing: /home/naoya/wildpose_v1.3/wildpose/src/install/wildpose_interfaces/share/wildpose_interfaces/msg/MotorStatus.msg
[8.887s] -- Installing: /home/naoya/wildpose_v1.3/wildpose/src/install/wildpose_interfaces/share/wildpose_interfaces/msg/MotorPositions.msg
[8.888s] -- Installing: /home/naoya/wildpose_v1.3/wildpose/src/install/wildpose_interfaces/share/wildpose_interfaces/msg/FrameBrightness.msg
[8.888s] -- Installing: /home/naoya/wildpose_v1.3/wildpose/src/install/wildpose_interfaces/share/ament_index/resource_index/package_run_dependencies/wildpose_interfaces
[8.888s] -- Installing: /home/naoya/wildpose_v1.3/wildpose/src/install/wildpose_interfaces/share/ament_index/resource_index/parent_prefix_path/wildpose_interfaces
[8.888s] -- Installing: /home/naoya/wildpose_v1.3/wildpose/src/install/wildpose_interfaces/share/wildpose_interfaces/environment/ament_prefix_path.sh
[8.888s] -- Installing: /home/naoya/wildpose_v1.3/wildpose/src/install/wildpose_interfaces/share/wildpose_interfaces/environment/ament_prefix_path.dsv
[8.889s] -- Installing: /home/naoya/wildpose_v1.3/wildpose/src/install/wildpose_interfaces/share/wildpose_interfaces/environment/path.sh
[8.889s] -- Installing: /home/naoya/wildpose_v1.3/wildpose/src/install/wildpose_interfaces/share/wildpose_interfaces/environment/path.dsv
[8.889s] -- Installing: /home/naoya/wildpose_v1.3/wildpose/src/install/wildpose_interfaces/share/wildpose_interfaces/local_setup.bash
[8.889s] -- Installing: /home/naoya/wildpose_v1.3/wildpose/src/install/wildpose_interfaces/share/wildpose_interfaces/local_setup.sh
[8.889s] -- Installing: /home/naoya/wildpose_v1.3/wildpose/src/install/wildpose_interfaces/share/wildpose_interfaces/local_setup.zsh
[8.889s] -- Installing: /home/naoya/wildpose_v1.3/wildpose/src/install/wildpose_interfaces/share/wildpose_interfaces/local_setup.dsv
[8.889s] -- Installing: /home/naoya/wildpose_v1.3/wildpose/src/install/wildpose_interfaces/share/wildpose_interfaces/package.dsv
[8.889s] -- Installing: /home/naoya/wildpose_v1.3/wildpose/src/install/wildpose_interfaces/share/ament_index/resource_index/packages/wildpose_interfaces
[8.889s] -- Installing: /home/naoya/wildpose_v1.3/wildpose/src/install/wildpose_interfaces/share/wildpose_interfaces/cmake/wildpose_interfaces__rosidl_generator_cExport.cmake
[8.889s] -- Installing: /home/naoya/wildpose_v1.3/wildpose/src/install/wildpose_interfaces/share/wildpose_interfaces/cmake/wildpose_interfaces__rosidl_generator_cExport-noconfig.cmake
[8.889s] -- Installing: /home/naoya/wildpose_v1.3/wildpose/src/install/wildpose_interfaces/share/wildpose_interfaces/cmake/wildpose_interfaces__rosidl_typesupport_introspection_cExport.cmake
[8.890s] -- Installing: /home/naoya/wildpose_v1.3/wildpose/src/install/wildpose_interfaces/share/wildpose_interfaces/cmake/wildpose_interfaces__rosidl_typesupport_introspection_cExport-noconfig.cmake
[8.890s] -- Installing: /home/naoya/wildpose_v1.3/wildpose/src/install/wildpose_interfaces/share/wildpose_interfaces/cmake/wildpose_interfaces__rosidl_typesupport_cExport.cmake
[8.890s] -- Installing: /home/naoya/wildpose_v1.3/wildpose/src/install/wildpose_interfaces/share/wildpose_interfaces/cmake/wildpose_interfaces__rosidl_typesupport_cExport-noconfig.cmake
[8.890s] -- Installing: /home/naoya/wildpose_v1.3/wildpose/src/install/wildpose_interfaces/share/wildpose_interfaces/cmake/wildpose_interfaces__rosidl_generator_cppExport.cmake
[8.890s] -- Installing: /home/naoya/wildpose_v1.3/wildpose/src/install/wildpose_interfaces/share/wildpose_interfaces/cmake/wildpose_interfaces__rosidl_typesupport_introspection_cppExport.cmake
[8.891s] -- Installing: /home/naoya/wildpose_v1.3/wildpose/src/install/wildpose_interfaces/share/wildpose_interfaces/cmake/wildpose_interfaces__rosidl_typesupport_introspection_cppExport-noconfig.cmake
[8.891s] -- Installing: /home/naoya/wildpose_v1.3/wildpose/src/install/wildpose_interfaces/share/wildpose_interfaces/cmake/wildpose_interfaces__rosidl_typesupport_cppExport.cmake
[8.892s] -- Installing: /home/naoya/wildpose_v1.3/wildpose/src/install/wildpose_interfaces/share/wildpose_interfaces/cmake/wildpose_interfaces__rosidl_typesupport_cppExport-noconfig.cmake
[8.892s] -- Installing: /home/naoya/wildpose_v1.3/wildpose/src/install/wildpose_interfaces/share/wildpose_interfaces/cmake/rosidl_cmake-extras.cmake
[8.892s] -- Installing: /home/naoya/wildpose_v1.3/wildpose/src/install/wildpose_interfaces/share/wildpose_interfaces/cmake/ament_cmake_export_dependencies-extras.cmake
[8.893s] -- Installing: /home/naoya/wildpose_v1.3/wildpose/src/install/wildpose_interfaces/share/wildpose_interfaces/cmake/ament_cmake_export_libraries-extras.cmake
[8.893s] -- Installing: /home/naoya/wildpose_v1.3/wildpose/src/install/wildpose_interfaces/share/wildpose_interfaces/cmake/ament_cmake_export_targets-extras.cmake
[8.893s] -- Installing: /home/naoya/wildpose_v1.3/wildpose/src/install/wildpose_interfaces/share/wildpose_interfaces/cmake/ament_cmake_export_include_directories-extras.cmake
[8.894s] -- Installing: /home/naoya/wildpose_v1.3/wildpose/src/install/wildpose_interfaces/share/wildpose_interfaces/cmake/rosidl_cmake_export_typesupport_libraries-extras.cmake
[8.894s] -- Installing: /home/naoya/wildpose_v1.3/wildpose/src/install/wildpose_interfaces/share/wildpose_interfaces/cmake/rosidl_cmake_export_typesupport_targets-extras.cmake
[8.895s] -- Installing: /home/naoya/wildpose_v1.3/wildpose/src/install/wildpose_interfaces/share/wildpose_interfaces/cmake/wildpose_interfacesConfig.cmake
[8.895s] -- Installing: /home/naoya/wildpose_v1.3/wildpose/src/install/wildpose_interfaces/share/wildpose_interfaces/cmake/wildpose_interfacesConfig-version.cmake
[8.896s] -- Installing: /home/naoya/wildpose_v1.3/wildpose/src/install/wildpose_interfaces/share/wildpose_interfaces/package.xml
[9.234s] Invoked command in '/home/naoya/wildpose_v1.3/wildpose/src/build/wildpose_interfaces' returned '0': CMAKE_PREFIX_PATH=${CMAKE_PREFIX_PATH}:/home/naoya/WildPose_v1.2/wildpose/install/motor_controller_pkg:/home/naoya/WildPose_v1.2/wildpose/install/gamepad_pkg:/opt/ros/foxy /usr/bin/cmake --install /home/naoya/wildpose_v1.3/wildpose/src/build/wildpose_interfaces
