[0.721s] Invoking command in '/home/naoya/wildpose_v1.3/wildpose/build/livox_sdk_vendor': CMAKE_PREFIX_PATH=${CMAKE_PREFIX_PATH}:/home/naoya/WildPose_v1.2/wildpose/install/motor_controller_pkg:/home/naoya/WildPose_v1.2/wildpose/install/gamepad_pkg:/opt/ros/foxy /usr/bin/cmake --build /home/naoya/wildpose_v1.3/wildpose/build/livox_sdk_vendor -- -j16 -l16
[1.130s] Invoked command in '/home/naoya/wildpose_v1.3/wildpose/build/livox_sdk_vendor' returned '0': CMAKE_PREFIX_PATH=${CMAKE_PREFIX_PATH}:/home/naoya/WildPose_v1.2/wildpose/install/motor_controller_pkg:/home/naoya/WildPose_v1.2/wildpose/install/gamepad_pkg:/opt/ros/foxy /usr/bin/cmake --build /home/naoya/wildpose_v1.3/wildpose/build/livox_sdk_vendor -- -j16 -l16
[1.181s] Invoking command in '/home/naoya/wildpose_v1.3/wildpose/build/livox_sdk_vendor': CMAKE_PREFIX_PATH=${CMAKE_PREFIX_PATH}:/home/naoya/WildPose_v1.2/wildpose/install/motor_controller_pkg:/home/naoya/WildPose_v1.2/wildpose/install/gamepad_pkg:/opt/ros/foxy /usr/bin/cmake --install /home/naoya/wildpose_v1.3/wildpose/build/livox_sdk_vendor
[1.202s] -- Install configuration: ""
[1.202s] -- Execute custom install script
[1.202s] -- Up-to-date symlink: /home/naoya/wildpose_v1.3/wildpose/install/livox_sdk_vendor/share/livox_sdk_vendor/cmake/Modules/Findlivox_sdk.cmake
[1.203s] -- Up-to-date symlink: /home/naoya/wildpose_v1.3/wildpose/install/livox_sdk_vendor/share/ament_index/resource_index/package_run_dependencies/livox_sdk_vendor
[1.203s] -- Up-to-date symlink: /home/naoya/wildpose_v1.3/wildpose/install/livox_sdk_vendor/share/ament_index/resource_index/parent_prefix_path/livox_sdk_vendor
[1.203s] -- Up-to-date symlink: /home/naoya/wildpose_v1.3/wildpose/install/livox_sdk_vendor/share/livox_sdk_vendor/environment/ament_prefix_path.sh
[1.203s] -- Up-to-date symlink: /home/naoya/wildpose_v1.3/wildpose/install/livox_sdk_vendor/share/livox_sdk_vendor/environment/ament_prefix_path.dsv
[1.203s] -- Up-to-date symlink: /home/naoya/wildpose_v1.3/wildpose/install/livox_sdk_vendor/share/livox_sdk_vendor/environment/path.sh
[1.203s] -- Up-to-date symlink: /home/naoya/wildpose_v1.3/wildpose/install/livox_sdk_vendor/share/livox_sdk_vendor/environment/path.dsv
[1.203s] -- Up-to-date symlink: /home/naoya/wildpose_v1.3/wildpose/install/livox_sdk_vendor/share/livox_sdk_vendor/local_setup.bash
[1.203s] -- Up-to-date symlink: /home/naoya/wildpose_v1.3/wildpose/install/livox_sdk_vendor/share/livox_sdk_vendor/local_setup.sh
[1.203s] -- Up-to-date symlink: /home/naoya/wildpose_v1.3/wildpose/install/livox_sdk_vendor/share/livox_sdk_vendor/local_setup.zsh
[1.203s] -- Up-to-date symlink: /home/naoya/wildpose_v1.3/wildpose/install/livox_sdk_vendor/share/livox_sdk_vendor/local_setup.dsv
[1.204s] -- Symlinking: /home/naoya/wildpose_v1.3/wildpose/install/livox_sdk_vendor/share/livox_sdk_vendor/package.dsv
[1.217s] -- Up-to-date symlink: /home/naoya/wildpose_v1.3/wildpose/install/livox_sdk_vendor/share/ament_index/resource_index/packages/livox_sdk_vendor
[1.218s] -- Up-to-date symlink: /home/naoya/wildpose_v1.3/wildpose/install/livox_sdk_vendor/share/livox_sdk_vendor/cmake/livox_sdk_vendor-extras.cmake
[1.218s] -- Up-to-date symlink: /home/naoya/wildpose_v1.3/wildpose/install/livox_sdk_vendor/share/livox_sdk_vendor/cmake/livox_sdk_vendorConfig.cmake
[1.218s] -- Up-to-date symlink: /home/naoya/wildpose_v1.3/wildpose/install/livox_sdk_vendor/share/livox_sdk_vendor/cmake/livox_sdk_vendorConfig-version.cmake
[1.218s] -- Up-to-date symlink: /home/naoya/wildpose_v1.3/wildpose/install/livox_sdk_vendor/share/livox_sdk_vendor/package.xml
[1.219s] Invoked command in '/home/naoya/wildpose_v1.3/wildpose/build/livox_sdk_vendor' returned '0': CMAKE_PREFIX_PATH=${CMAKE_PREFIX_PATH}:/home/naoya/WildPose_v1.2/wildpose/install/motor_controller_pkg:/home/naoya/WildPose_v1.2/wildpose/install/gamepad_pkg:/opt/ros/foxy /usr/bin/cmake --install /home/naoya/wildpose_v1.3/wildpose/build/livox_sdk_vendor
