[0.008s] Invoking command in '/home/m2s2/WildPose_v1.2-main/wildpose/build/wildpose_bringup': AMENT_PREFIX_PATH=/home/m2s2/WildPose_v1.2-main/wildpose/install/motor_controller_pkg:/home/m2s2/WildPose_v1.2-main/wildpose/install/dji_rs3_pkg:/home/m2s2/WildPose_v1.2-main/wildpose/install/wildpose_bringup:/home/m2s2/WildPose_v1.2-main/wildpose/install/wildpose_interfaces:/home/m2s2/WildPose_v1.2-main/wildpose/install/gamepad_pkg:/opt/ros/foxy CMAKE_PREFIX_PATH=/home/m2s2/WildPose_v1.2-main/wildpose/install/wildpose_interfaces:/home/m2s2/WildPose_v1.2-main/wildpose/install/wildpose_bringup:/home/m2s2/WildPose_v1.2-main/wildpose/install/motor_controller_pkg:/home/m2s2/WildPose_v1.2-main/wildpose/install/dji_rs3_pkg:/home/m2s2/WildPose_v1.2-main/wildpose/install/gamepad_pkg:/opt/ros/foxy /usr/bin/cmake --build /home/m2s2/WildPose_v1.2-main/wildpose/build/wildpose_bringup -- -j16 -l16
[0.043s] Invoked command in '/home/m2s2/WildPose_v1.2-main/wildpose/build/wildpose_bringup' returned '0': AMENT_PREFIX_PATH=/home/m2s2/WildPose_v1.2-main/wildpose/install/motor_controller_pkg:/home/m2s2/WildPose_v1.2-main/wildpose/install/dji_rs3_pkg:/home/m2s2/WildPose_v1.2-main/wildpose/install/wildpose_bringup:/home/m2s2/WildPose_v1.2-main/wildpose/install/wildpose_interfaces:/home/m2s2/WildPose_v1.2-main/wildpose/install/gamepad_pkg:/opt/ros/foxy CMAKE_PREFIX_PATH=/home/m2s2/WildPose_v1.2-main/wildpose/install/wildpose_interfaces:/home/m2s2/WildPose_v1.2-main/wildpose/install/wildpose_bringup:/home/m2s2/WildPose_v1.2-main/wildpose/install/motor_controller_pkg:/home/m2s2/WildPose_v1.2-main/wildpose/install/dji_rs3_pkg:/home/m2s2/WildPose_v1.2-main/wildpose/install/gamepad_pkg:/opt/ros/foxy /usr/bin/cmake --build /home/m2s2/WildPose_v1.2-main/wildpose/build/wildpose_bringup -- -j16 -l16
[0.062s] Invoking command in '/home/m2s2/WildPose_v1.2-main/wildpose/build/wildpose_bringup': AMENT_PREFIX_PATH=/home/m2s2/WildPose_v1.2-main/wildpose/install/motor_controller_pkg:/home/m2s2/WildPose_v1.2-main/wildpose/install/dji_rs3_pkg:/home/m2s2/WildPose_v1.2-main/wildpose/install/wildpose_bringup:/home/m2s2/WildPose_v1.2-main/wildpose/install/wildpose_interfaces:/home/m2s2/WildPose_v1.2-main/wildpose/install/gamepad_pkg:/opt/ros/foxy CMAKE_PREFIX_PATH=/home/m2s2/WildPose_v1.2-main/wildpose/install/wildpose_interfaces:/home/m2s2/WildPose_v1.2-main/wildpose/install/wildpose_bringup:/home/m2s2/WildPose_v1.2-main/wildpose/install/motor_controller_pkg:/home/m2s2/WildPose_v1.2-main/wildpose/install/dji_rs3_pkg:/home/m2s2/WildPose_v1.2-main/wildpose/install/gamepad_pkg:/opt/ros/foxy /usr/bin/cmake --install /home/m2s2/WildPose_v1.2-main/wildpose/build/wildpose_bringup
[0.076s] -- Install configuration: ""
[0.076s] -- Up-to-date: /home/m2s2/WildPose_v1.2-main/wildpose/install/wildpose_bringup/share/wildpose_bringup/launch
[0.076s] -- Up-to-date: /home/m2s2/WildPose_v1.2-main/wildpose/install/wildpose_bringup/share/wildpose_bringup/launch/wildpose_launch.py
[0.076s] -- Up-to-date: /home/m2s2/WildPose_v1.2-main/wildpose/install/wildpose_bringup/share/ament_index/resource_index/package_run_dependencies/wildpose_bringup
[0.076s] -- Up-to-date: /home/m2s2/WildPose_v1.2-main/wildpose/install/wildpose_bringup/share/ament_index/resource_index/parent_prefix_path/wildpose_bringup
[0.076s] -- Up-to-date: /home/m2s2/WildPose_v1.2-main/wildpose/install/wildpose_bringup/share/wildpose_bringup/environment/ament_prefix_path.sh
[0.077s] -- Up-to-date: /home/m2s2/WildPose_v1.2-main/wildpose/install/wildpose_bringup/share/wildpose_bringup/environment/ament_prefix_path.dsv
[0.077s] -- Up-to-date: /home/m2s2/WildPose_v1.2-main/wildpose/install/wildpose_bringup/share/wildpose_bringup/environment/path.sh
[0.077s] -- Up-to-date: /home/m2s2/WildPose_v1.2-main/wildpose/install/wildpose_bringup/share/wildpose_bringup/environment/path.dsv
[0.077s] -- Up-to-date: /home/m2s2/WildPose_v1.2-main/wildpose/install/wildpose_bringup/share/wildpose_bringup/local_setup.bash
[0.077s] -- Up-to-date: /home/m2s2/WildPose_v1.2-main/wildpose/install/wildpose_bringup/share/wildpose_bringup/local_setup.sh
[0.077s] -- Up-to-date: /home/m2s2/WildPose_v1.2-main/wildpose/install/wildpose_bringup/share/wildpose_bringup/local_setup.zsh
[0.078s] -- Up-to-date: /home/m2s2/WildPose_v1.2-main/wildpose/install/wildpose_bringup/share/wildpose_bringup/local_setup.dsv
[0.078s] -- Installing: /home/m2s2/WildPose_v1.2-main/wildpose/install/wildpose_bringup/share/wildpose_bringup/package.dsv
[0.080s] -- Up-to-date: /home/m2s2/WildPose_v1.2-main/wildpose/install/wildpose_bringup/share/ament_index/resource_index/packages/wildpose_bringup
[0.080s] -- Up-to-date: /home/m2s2/WildPose_v1.2-main/wildpose/install/wildpose_bringup/share/wildpose_bringup/cmake/wildpose_bringupConfig.cmake
[0.082s] -- Up-to-date: /home/m2s2/WildPose_v1.2-main/wildpose/install/wildpose_bringup/share/wildpose_bringup/cmake/wildpose_bringupConfig-version.cmake
[0.082s] -- Up-to-date: /home/m2s2/WildPose_v1.2-main/wildpose/install/wildpose_bringup/share/wildpose_bringup/package.xml
[0.082s] Invoked command in '/home/m2s2/WildPose_v1.2-main/wildpose/build/wildpose_bringup' returned '0': AMENT_PREFIX_PATH=/home/m2s2/WildPose_v1.2-main/wildpose/install/motor_controller_pkg:/home/m2s2/WildPose_v1.2-main/wildpose/install/dji_rs3_pkg:/home/m2s2/WildPose_v1.2-main/wildpose/install/wildpose_bringup:/home/m2s2/WildPose_v1.2-main/wildpose/install/wildpose_interfaces:/home/m2s2/WildPose_v1.2-main/wildpose/install/gamepad_pkg:/opt/ros/foxy CMAKE_PREFIX_PATH=/home/m2s2/WildPose_v1.2-main/wildpose/install/wildpose_interfaces:/home/m2s2/WildPose_v1.2-main/wildpose/install/wildpose_bringup:/home/m2s2/WildPose_v1.2-main/wildpose/install/motor_controller_pkg:/home/m2s2/WildPose_v1.2-main/wildpose/install/dji_rs3_pkg:/home/m2s2/WildPose_v1.2-main/wildpose/install/gamepad_pkg:/opt/ros/foxy /usr/bin/cmake --install /home/m2s2/WildPose_v1.2-main/wildpose/build/wildpose_bringup
