[0.286s] Invoking command in '/home/naoya/wildpose_v1.3/wildpose/build/image_geometry': CMAKE_PREFIX_PATH=${CMAKE_PREFIX_PATH}:/opt/ros/foxy /usr/bin/cmake /home/naoya/wildpose_v1.3/wildpose/src/vision_opencv/image_geometry -DCMAKE_INSTALL_PREFIX=/home/naoya/wildpose_v1.3/wildpose/install/image_geometry
[0.498s] -- The C compiler identification is GNU 9.4.0
[0.535s] -- The CXX compiler identification is GNU 9.4.0
[0.542s] -- Check for working C compiler: /usr/bin/cc
[0.600s] -- Check for working C compiler: /usr/bin/cc -- works
[0.601s] -- Detecting C compiler ABI info
[0.655s] -- Detecting C compiler ABI info - done
[0.663s] -- Detecting C compile features
[0.663s] -- Detecting C compile features - done
[0.665s] -- Check for working CXX compiler: /usr/bin/c++
[0.717s] -- Check for working CXX compiler: /usr/bin/c++ -- works
[0.718s] -- Detecting CXX compiler ABI info
[0.779s] -- Detecting CXX compiler ABI info - done
[0.789s] -- Detecting CXX compile features
[0.789s] -- Detecting CXX compile features - done
[0.791s] -- Found ament_cmake_python: 0.9.12 (/opt/ros/foxy/share/ament_cmake_python/cmake)
[0.794s] -- Found ament_cmake_ros: 0.9.2 (/opt/ros/foxy/share/ament_cmake_ros/cmake)
[0.824s] -- Found PythonInterp: /usr/bin/python3 (found suitable version "3.8.10", minimum required is "3") 
[0.824s] -- Using PYTHON_EXECUTABLE: /usr/bin/python3
[0.986s] -- Found OpenCV: /usr (found version "4.2.0") found components: calib3d core highgui imgproc 
[0.988s] -- Found sensor_msgs: 2.0.5 (/opt/ros/foxy/share/sensor_msgs/cmake)
[1.021s] -- Using all available rosidl_typesupport_c: rosidl_typesupport_fastrtps_c;rosidl_typesupport_introspection_c
[1.028s] -- Found rosidl_adapter: 1.3.1 (/opt/ros/foxy/share/rosidl_adapter/cmake)
[1.095s] -- Found OpenSSL: /usr/lib/x86_64-linux-gnu/libcrypto.so (found version "1.1.1f")  
[1.131s] -- Found FastRTPS: /opt/ros/foxy/include  
[1.206s] -- Using all available rosidl_typesupport_cpp: rosidl_typesupport_fastrtps_cpp;rosidl_typesupport_introspection_cpp
[1.325s] -- Found gtest sources under '/opt/ros/foxy/src/gtest_vendor': C++ tests using 'Google Test' will be built
[1.327s] -- Looking for pthread.h
[1.381s] -- Looking for pthread.h - found
[1.382s] -- Performing Test CMAKE_HAVE_LIBC_PTHREAD
[1.429s] -- Performing Test CMAKE_HAVE_LIBC_PTHREAD - Failed
[1.430s] -- Check if compiler accepts -pthread
[1.476s] -- Check if compiler accepts -pthread - yes
[1.477s] -- Found Threads: TRUE  
[1.532s] -- Configuring done
[1.538s] -- Generating done
[1.540s] -- Build files have been written to: /home/naoya/wildpose_v1.3/wildpose/build/image_geometry
[1.546s] Invoked command in '/home/naoya/wildpose_v1.3/wildpose/build/image_geometry' returned '0': CMAKE_PREFIX_PATH=${CMAKE_PREFIX_PATH}:/opt/ros/foxy /usr/bin/cmake /home/naoya/wildpose_v1.3/wildpose/src/vision_opencv/image_geometry -DCMAKE_INSTALL_PREFIX=/home/naoya/wildpose_v1.3/wildpose/install/image_geometry
[1.548s] Invoking command in '/home/naoya/wildpose_v1.3/wildpose/build/image_geometry': CMAKE_PREFIX_PATH=${CMAKE_PREFIX_PATH}:/opt/ros/foxy /usr/bin/cmake --build /home/naoya/wildpose_v1.3/wildpose/build/image_geometry -- -j16 -l16
[1.577s] [35m[1mScanning dependencies of target image_geometry[0m
[1.590s] [35m[1mScanning dependencies of target gtest_main[0m
[1.597s] [35m[1mScanning dependencies of target gtest[0m
[1.627s] [  9%] [32mBuilding CXX object gtest/CMakeFiles/gtest_main.dir/src/gtest_main.cc.o[0m
[1.637s] [ 18%] [32mBuilding CXX object gtest/CMakeFiles/gtest.dir/src/gtest-all.cc.o[0m
[1.647s] [ 27%] [32mBuilding CXX object CMakeFiles/image_geometry.dir/src/stereo_camera_model.cpp.o[0m
[1.654s] [ 36%] [32mBuilding CXX object CMakeFiles/image_geometry.dir/src/pinhole_camera_model.cpp.o[0m
[2.158s] [ 45%] [32m[1mLinking CXX static library libgtest_main.a[0m
[2.188s] [ 45%] Built target gtest_main
[3.285s] [ 54%] [32m[1mLinking CXX shared library libimage_geometry.so[0m
[3.384s] [ 54%] Built target image_geometry
[4.873s] [ 63%] [32m[1mLinking CXX static library libgtest.a[0m
[4.925s] [ 63%] Built target gtest
[4.933s] [35m[1mScanning dependencies of target image_geometry-utest-equi[0m
[4.933s] [35m[1mScanning dependencies of target image_geometry-utest[0m
[4.954s] [ 72%] [32mBuilding CXX object test/CMakeFiles/image_geometry-utest-equi.dir/utest_equi.cpp.o[0m
[4.960s] [ 81%] [32mBuilding CXX object test/CMakeFiles/image_geometry-utest.dir/utest.cpp.o[0m
[5.907s] [ 90%] [32m[1mLinking CXX executable image_geometry-utest-equi[0m
[6.048s] [ 90%] Built target image_geometry-utest-equi
[6.135s] [100%] [32m[1mLinking CXX executable image_geometry-utest[0m
[6.250s] [100%] Built target image_geometry-utest
[6.421s] Invoked command in '/home/naoya/wildpose_v1.3/wildpose/build/image_geometry' returned '0': CMAKE_PREFIX_PATH=${CMAKE_PREFIX_PATH}:/opt/ros/foxy /usr/bin/cmake --build /home/naoya/wildpose_v1.3/wildpose/build/image_geometry -- -j16 -l16
[7.083s] Invoking command in '/home/naoya/wildpose_v1.3/wildpose/build/image_geometry': CMAKE_PREFIX_PATH=${CMAKE_PREFIX_PATH}:/opt/ros/foxy /usr/bin/cmake --install /home/naoya/wildpose_v1.3/wildpose/build/image_geometry
[7.096s] -- Install configuration: ""
[7.096s] -- Installing: /home/naoya/wildpose_v1.3/wildpose/install/image_geometry/share/image_geometry/environment/pythonpath.sh
[7.096s] -- Installing: /home/naoya/wildpose_v1.3/wildpose/install/image_geometry/share/image_geometry/environment/pythonpath.dsv
[7.096s] -- Installing: /home/naoya/wildpose_v1.3/wildpose/install/image_geometry/lib/python3.8/site-packages/image_geometry
[7.096s] -- Installing: /home/naoya/wildpose_v1.3/wildpose/install/image_geometry/lib/python3.8/site-packages/image_geometry/cameramodels.py
[7.096s] -- Installing: /home/naoya/wildpose_v1.3/wildpose/install/image_geometry/lib/python3.8/site-packages/image_geometry/__init__.py
[7.113s] Listing '/home/naoya/wildpose_v1.3/wildpose/install/image_geometry/lib/python3.8/site-packages/image_geometry'...
[7.113s] Compiling '/home/naoya/wildpose_v1.3/wildpose/install/image_geometry/lib/python3.8/site-packages/image_geometry/__init__.py'...
[7.113s] Compiling '/home/naoya/wildpose_v1.3/wildpose/install/image_geometry/lib/python3.8/site-packages/image_geometry/cameramodels.py'...
[7.116s] -- Installing: /home/naoya/wildpose_v1.3/wildpose/install/image_geometry/include/image_geometry
[7.117s] -- Installing: /home/naoya/wildpose_v1.3/wildpose/install/image_geometry/include/image_geometry/visibility_control.hpp
[7.117s] -- Installing: /home/naoya/wildpose_v1.3/wildpose/install/image_geometry/include/image_geometry/stereo_camera_model.h
[7.117s] -- Installing: /home/naoya/wildpose_v1.3/wildpose/install/image_geometry/include/image_geometry/pinhole_camera_model.h
[7.117s] -- Installing: /home/naoya/wildpose_v1.3/wildpose/install/image_geometry/lib/libimage_geometry.so
[7.117s] -- Set runtime path of "/home/naoya/wildpose_v1.3/wildpose/install/image_geometry/lib/libimage_geometry.so" to ""
[7.118s] -- Installing: /home/naoya/wildpose_v1.3/wildpose/install/image_geometry/share/image_geometry/environment/library_path.sh
[7.118s] -- Installing: /home/naoya/wildpose_v1.3/wildpose/install/image_geometry/share/image_geometry/environment/library_path.dsv
[7.118s] -- Installing: /home/naoya/wildpose_v1.3/wildpose/install/image_geometry/share/ament_index/resource_index/package_run_dependencies/image_geometry
[7.118s] -- Installing: /home/naoya/wildpose_v1.3/wildpose/install/image_geometry/share/ament_index/resource_index/parent_prefix_path/image_geometry
[7.118s] -- Installing: /home/naoya/wildpose_v1.3/wildpose/install/image_geometry/share/image_geometry/environment/ament_prefix_path.sh
[7.118s] -- Installing: /home/naoya/wildpose_v1.3/wildpose/install/image_geometry/share/image_geometry/environment/ament_prefix_path.dsv
[7.118s] -- Installing: /home/naoya/wildpose_v1.3/wildpose/install/image_geometry/share/image_geometry/environment/path.sh
[7.118s] -- Installing: /home/naoya/wildpose_v1.3/wildpose/install/image_geometry/share/image_geometry/environment/path.dsv
[7.119s] -- Installing: /home/naoya/wildpose_v1.3/wildpose/install/image_geometry/share/image_geometry/local_setup.bash
[7.119s] -- Installing: /home/naoya/wildpose_v1.3/wildpose/install/image_geometry/share/image_geometry/local_setup.sh
[7.119s] -- Installing: /home/naoya/wildpose_v1.3/wildpose/install/image_geometry/share/image_geometry/local_setup.zsh
[7.119s] -- Installing: /home/naoya/wildpose_v1.3/wildpose/install/image_geometry/share/image_geometry/local_setup.dsv
[7.119s] -- Installing: /home/naoya/wildpose_v1.3/wildpose/install/image_geometry/share/image_geometry/package.dsv
[7.119s] -- Installing: /home/naoya/wildpose_v1.3/wildpose/install/image_geometry/share/ament_index/resource_index/packages/image_geometry
[7.119s] -- Installing: /home/naoya/wildpose_v1.3/wildpose/install/image_geometry/share/image_geometry/cmake/ament_cmake_export_libraries-extras.cmake
[7.119s] -- Installing: /home/naoya/wildpose_v1.3/wildpose/install/image_geometry/share/image_geometry/cmake/ament_cmake_export_dependencies-extras.cmake
[7.120s] -- Installing: /home/naoya/wildpose_v1.3/wildpose/install/image_geometry/share/image_geometry/cmake/ament_cmake_export_include_directories-extras.cmake
[7.120s] -- Installing: /home/naoya/wildpose_v1.3/wildpose/install/image_geometry/share/image_geometry/cmake/image_geometryConfig.cmake
[7.120s] -- Installing: /home/naoya/wildpose_v1.3/wildpose/install/image_geometry/share/image_geometry/cmake/image_geometryConfig-version.cmake
[7.120s] -- Installing: /home/naoya/wildpose_v1.3/wildpose/install/image_geometry/share/image_geometry/package.xml
[7.123s] Invoked command in '/home/naoya/wildpose_v1.3/wildpose/build/image_geometry' returned '0': CMAKE_PREFIX_PATH=${CMAKE_PREFIX_PATH}:/opt/ros/foxy /usr/bin/cmake --install /home/naoya/wildpose_v1.3/wildpose/build/image_geometry
