[0.330s] Invoking command in '/home/naoya/wildpose_v1.3/wildpose/build/ximea_ros2_cam': CMAKE_PREFIX_PATH=${CMAKE_PREFIX_PATH}:/home/naoya/WildPose_v1.2/wildpose/install/motor_controller_pkg:/home/naoya/WildPose_v1.2/wildpose/install/gamepad_pkg:/opt/ros/foxy /usr/bin/cmake /home/naoya/wildpose_v1.3/wildpose/src/ximea_ROS2_driver-main/ximea_ros2_cam -DCMAKE_INSTALL_PREFIX=/home/naoya/wildpose_v1.3/wildpose/install/ximea_ros2_cam
[0.381s] -- The C compiler identification is GNU 9.4.0
[0.431s] -- The CXX compiler identification is GNU 9.4.0
[0.437s] -- Check for working C compiler: /usr/bin/cc
[0.500s] -- Check for working C compiler: /usr/bin/cc -- works
[0.501s] -- Detecting C compiler ABI info
[0.556s] -- Detecting C compiler ABI info - done
[0.563s] -- Detecting C compile features
[0.563s] -- Detecting C compile features - done
[0.566s] -- Check for working CXX compiler: /usr/bin/c++
[0.621s] -- Check for working CXX compiler: /usr/bin/c++ -- works
[0.622s] -- Detecting CXX compiler ABI info
[0.689s] -- Detecting CXX compiler ABI info - done
[0.701s] -- Detecting CXX compile features
[0.702s] -- Detecting CXX compile features - done
[0.703s] -- Found ament_cmake: 0.9.12 (/opt/ros/foxy/share/ament_cmake/cmake)
[0.726s] -- Found PythonInterp: /usr/bin/python3 (found suitable version "3.8.10", minimum required is "3") 
[0.726s] -- Using PYTHON_EXECUTABLE: /usr/bin/python3
[0.868s] -- Found rclcpp: 2.4.3 (/opt/ros/foxy/share/rclcpp/cmake)
[0.928s] -- Using all available rosidl_typesupport_c: rosidl_typesupport_fastrtps_c;rosidl_typesupport_introspection_c
[0.937s] -- Found rosidl_adapter: 1.3.1 (/opt/ros/foxy/share/rosidl_adapter/cmake)
[1.003s] -- Found OpenSSL: /usr/lib/x86_64-linux-gnu/libcrypto.so (found version "1.1.1f")  
[1.035s] -- Found FastRTPS: /opt/ros/foxy/include  
[1.095s] -- Using all available rosidl_typesupport_cpp: rosidl_typesupport_fastrtps_cpp;rosidl_typesupport_introspection_cpp
[1.136s] -- Found rmw_implementation_cmake: 1.0.4 (/opt/ros/foxy/share/rmw_implementation_cmake/cmake)
[1.136s] -- Using RMW implementation 'rmw_ecal_dynamic_cpp' as default
[1.137s] -- Looking for pthread.h
[1.187s] -- Looking for pthread.h - found
[1.187s] -- Performing Test CMAKE_HAVE_LIBC_PTHREAD
[1.250s] -- Performing Test CMAKE_HAVE_LIBC_PTHREAD - Failed
[1.251s] -- Looking for pthread_create in pthreads
[1.301s] -- Looking for pthread_create in pthreads - not found
[1.301s] -- Looking for pthread_create in pthread
[1.349s] -- Looking for pthread_create in pthread - found
[1.351s] -- Found Threads: TRUE  
[1.470s] -- Found camera_calibration_parsers: 2.4.0 (/opt/ros/foxy/share/camera_calibration_parsers/cmake)
[1.567s] -- Setting yaml-cpp_DIR to: '/opt/ros/foxy/share/yaml_cpp_vendor/cmake/../../../opt/yaml_cpp_vendor/lib/cmake/yaml-cpp'
[1.571s] -- Found camera_info_manager: 2.4.0 (/opt/ros/foxy/share/camera_info_manager/cmake)
[1.607s] -- Found image_transport: 2.4.0 (/opt/ros/foxy/share/image_transport/cmake)
[1.639s] -- Found rosbag2_cpp: 0.3.11 (/opt/ros/foxy/share/rosbag2_cpp/cmake)
[1.649s] -- Found cv_bridge: 3.0.7 (/opt/ros/foxy/share/cv_bridge/cmake)
[1.674s] -- Found OpenCV: /usr (found version "4.2.0") 
[1.762s] -- Found ament_lint_auto: 0.9.8 (/opt/ros/foxy/share/ament_lint_auto/cmake)
[1.816s] -- Added test 'copyright' to check source files copyright and LICENSE
[1.817s] -- Added test 'cppcheck' to perform static code analysis on C / C++ code
[1.817s] -- Configured cppcheck include dirs: $<BUILD_INTERFACE:/home/naoya/wildpose_v1.3/wildpose/src/ximea_ROS2_driver-main/ximea_ros2_cam/include>
[1.817s] -- Configured cppcheck exclude dirs and/or files: 
[1.818s] -- Added test 'cpplint' to check C / C++ code against the Google style
[1.818s] -- Configured cpplint exclude dirs and/or files: 
[1.818s] -- Added test 'lint_cmake' to check CMake code style
[1.819s] -- Added test 'uncrustify' to check C / C++ code style
[1.819s] -- Configured uncrustify additional arguments: 
[1.820s] -- Added test 'xmllint' to check XML markup files
[1.822s] -- Configuring done
[1.853s] -- Generating done
[1.855s] -- Build files have been written to: /home/naoya/wildpose_v1.3/wildpose/build/ximea_ros2_cam
[1.865s] Invoked command in '/home/naoya/wildpose_v1.3/wildpose/build/ximea_ros2_cam' returned '0': CMAKE_PREFIX_PATH=${CMAKE_PREFIX_PATH}:/home/naoya/WildPose_v1.2/wildpose/install/motor_controller_pkg:/home/naoya/WildPose_v1.2/wildpose/install/gamepad_pkg:/opt/ros/foxy /usr/bin/cmake /home/naoya/wildpose_v1.3/wildpose/src/ximea_ROS2_driver-main/ximea_ros2_cam -DCMAKE_INSTALL_PREFIX=/home/naoya/wildpose_v1.3/wildpose/install/ximea_ros2_cam
[1.869s] Invoking command in '/home/naoya/wildpose_v1.3/wildpose/build/ximea_ros2_cam': CMAKE_PREFIX_PATH=${CMAKE_PREFIX_PATH}:/home/naoya/WildPose_v1.2/wildpose/install/motor_controller_pkg:/home/naoya/WildPose_v1.2/wildpose/install/gamepad_pkg:/opt/ros/foxy /usr/bin/cmake --build /home/naoya/wildpose_v1.3/wildpose/build/ximea_ros2_cam -- -j16 -l16
[1.906s] [35m[1mScanning dependencies of target ximea_ros2_cam_node[0m
[2.006s] [ 33%] [32mBuilding CXX object CMakeFiles/ximea_ros2_cam_node.dir/src/ximea_ros2_cam_node.cpp.o[0m
[2.006s] [ 66%] [32mBuilding CXX object CMakeFiles/ximea_ros2_cam_node.dir/src/ximea_ros2_cam.cpp.o[0m
[6.947s] [100%] [32m[1mLinking CXX executable ximea_ros2_cam_node[0m
[7.530s] [100%] Built target ximea_ros2_cam_node
[7.547s] Invoked command in '/home/naoya/wildpose_v1.3/wildpose/build/ximea_ros2_cam' returned '0': CMAKE_PREFIX_PATH=${CMAKE_PREFIX_PATH}:/home/naoya/WildPose_v1.2/wildpose/install/motor_controller_pkg:/home/naoya/WildPose_v1.2/wildpose/install/gamepad_pkg:/opt/ros/foxy /usr/bin/cmake --build /home/naoya/wildpose_v1.3/wildpose/build/ximea_ros2_cam -- -j16 -l16
[7.642s] Invoking command in '/home/naoya/wildpose_v1.3/wildpose/build/ximea_ros2_cam': CMAKE_PREFIX_PATH=${CMAKE_PREFIX_PATH}:/home/naoya/WildPose_v1.2/wildpose/install/motor_controller_pkg:/home/naoya/WildPose_v1.2/wildpose/install/gamepad_pkg:/opt/ros/foxy /usr/bin/cmake --install /home/naoya/wildpose_v1.3/wildpose/build/ximea_ros2_cam
[7.647s] -- Install configuration: ""
[7.647s] -- Installing: /home/naoya/wildpose_v1.3/wildpose/install/ximea_ros2_cam/lib/ximea_ros2_cam/ximea_ros2_cam_node
[7.648s] -- Set runtime path of "/home/naoya/wildpose_v1.3/wildpose/install/ximea_ros2_cam/lib/ximea_ros2_cam/ximea_ros2_cam_node" to ""
[7.648s] -- Installing: /home/naoya/wildpose_v1.3/wildpose/install/ximea_ros2_cam/share/ximea_ros2_cam/config
[7.648s] -- Installing: /home/naoya/wildpose_v1.3/wildpose/install/ximea_ros2_cam/share/ximea_ros2_cam/config/xiCam_config.yaml
[7.648s] -- Installing: /home/naoya/wildpose_v1.3/wildpose/install/ximea_ros2_cam/share/ximea_ros2_cam/launch
[7.648s] -- Installing: /home/naoya/wildpose_v1.3/wildpose/install/ximea_ros2_cam/share/ximea_ros2_cam/launch/xiCam.launch.xml
[7.649s] -- Installing: /home/naoya/wildpose_v1.3/wildpose/install/ximea_ros2_cam/share/ament_index/resource_index/package_run_dependencies/ximea_ros2_cam
[7.649s] -- Installing: /home/naoya/wildpose_v1.3/wildpose/install/ximea_ros2_cam/share/ament_index/resource_index/parent_prefix_path/ximea_ros2_cam
[7.649s] -- Installing: /home/naoya/wildpose_v1.3/wildpose/install/ximea_ros2_cam/share/ximea_ros2_cam/environment/ament_prefix_path.sh
[7.649s] -- Installing: /home/naoya/wildpose_v1.3/wildpose/install/ximea_ros2_cam/share/ximea_ros2_cam/environment/ament_prefix_path.dsv
[7.649s] -- Installing: /home/naoya/wildpose_v1.3/wildpose/install/ximea_ros2_cam/share/ximea_ros2_cam/environment/path.sh
[7.650s] -- Installing: /home/naoya/wildpose_v1.3/wildpose/install/ximea_ros2_cam/share/ximea_ros2_cam/environment/path.dsv
[7.650s] -- Installing: /home/naoya/wildpose_v1.3/wildpose/install/ximea_ros2_cam/share/ximea_ros2_cam/local_setup.bash
[7.650s] -- Installing: /home/naoya/wildpose_v1.3/wildpose/install/ximea_ros2_cam/share/ximea_ros2_cam/local_setup.sh
[7.650s] -- Installing: /home/naoya/wildpose_v1.3/wildpose/install/ximea_ros2_cam/share/ximea_ros2_cam/local_setup.zsh
[7.650s] -- Installing: /home/naoya/wildpose_v1.3/wildpose/install/ximea_ros2_cam/share/ximea_ros2_cam/local_setup.dsv
[7.650s] -- Installing: /home/naoya/wildpose_v1.3/wildpose/install/ximea_ros2_cam/share/ximea_ros2_cam/package.dsv
[7.650s] -- Installing: /home/naoya/wildpose_v1.3/wildpose/install/ximea_ros2_cam/share/ament_index/resource_index/packages/ximea_ros2_cam
[7.650s] -- Installing: /home/naoya/wildpose_v1.3/wildpose/install/ximea_ros2_cam/share/ximea_ros2_cam/cmake/ximea_ros2_camConfig.cmake
[7.651s] -- Installing: /home/naoya/wildpose_v1.3/wildpose/install/ximea_ros2_cam/share/ximea_ros2_cam/cmake/ximea_ros2_camConfig-version.cmake
[7.651s] -- Installing: /home/naoya/wildpose_v1.3/wildpose/install/ximea_ros2_cam/share/ximea_ros2_cam/package.xml
[7.653s] Invoked command in '/home/naoya/wildpose_v1.3/wildpose/build/ximea_ros2_cam' returned '0': CMAKE_PREFIX_PATH=${CMAKE_PREFIX_PATH}:/home/naoya/WildPose_v1.2/wildpose/install/motor_controller_pkg:/home/naoya/WildPose_v1.2/wildpose/install/gamepad_pkg:/opt/ros/foxy /usr/bin/cmake --install /home/naoya/wildpose_v1.3/wildpose/build/ximea_ros2_cam
