[0.873s] Invoking command in '/home/naoya/wildpose_v1.3/wildpose/src/gamepad_pkg': PYTHONPATH=/home/naoya/wildpose_v1.3/wildpose/build/gamepad_pkg/prefix_override:/home/naoya/wildpose_v1.3/wildpose/install/gamepad_pkg/lib/python3.8/site-packages:${PYTHONPATH} /usr/bin/python3 setup.py egg_info --egg-base ../../build/gamepad_pkg build --build-base /home/naoya/wildpose_v1.3/wildpose/build/gamepad_pkg/build install --record /home/naoya/wildpose_v1.3/wildpose/build/gamepad_pkg/install.log --install-scripts $base/lib/gamepad_pkg --single-version-externally-managed
[1.002s] running egg_info
[1.002s] creating ../../build/gamepad_pkg/gamepad_pkg.egg-info
[1.002s] writing ../../build/gamepad_pkg/gamepad_pkg.egg-info/PKG-INFO
[1.002s] writing dependency_links to ../../build/gamepad_pkg/gamepad_pkg.egg-info/dependency_links.txt
[1.003s] writing entry points to ../../build/gamepad_pkg/gamepad_pkg.egg-info/entry_points.txt
[1.003s] writing requirements to ../../build/gamepad_pkg/gamepad_pkg.egg-info/requires.txt
[1.003s] writing top-level names to ../../build/gamepad_pkg/gamepad_pkg.egg-info/top_level.txt
[1.005s] writing manifest file '../../build/gamepad_pkg/gamepad_pkg.egg-info/SOURCES.txt'
[1.027s] reading manifest file '../../build/gamepad_pkg/gamepad_pkg.egg-info/SOURCES.txt'
[1.028s] writing manifest file '../../build/gamepad_pkg/gamepad_pkg.egg-info/SOURCES.txt'
[1.028s] running build
[1.028s] running build_py
[1.028s] creating /home/naoya/wildpose_v1.3/wildpose/build/gamepad_pkg/build
[1.028s] creating /home/naoya/wildpose_v1.3/wildpose/build/gamepad_pkg/build/lib
[1.028s] creating /home/naoya/wildpose_v1.3/wildpose/build/gamepad_pkg/build/lib/gamepad_pkg
[1.028s] copying gamepad_pkg/__init__.py -> /home/naoya/wildpose_v1.3/wildpose/build/gamepad_pkg/build/lib/gamepad_pkg
[1.028s] running install
[1.028s] running install_lib
[1.029s] creating /home/naoya/wildpose_v1.3/wildpose/install/gamepad_pkg/lib/python3.8/site-packages/gamepad_pkg
[1.029s] copying /home/naoya/wildpose_v1.3/wildpose/build/gamepad_pkg/build/lib/gamepad_pkg/__init__.py -> /home/naoya/wildpose_v1.3/wildpose/install/gamepad_pkg/lib/python3.8/site-packages/gamepad_pkg
[1.030s] byte-compiling /home/naoya/wildpose_v1.3/wildpose/install/gamepad_pkg/lib/python3.8/site-packages/gamepad_pkg/__init__.py to __init__.cpython-38.pyc
[1.030s] running install_data
[1.030s] creating /home/naoya/wildpose_v1.3/wildpose/install/gamepad_pkg/share/ament_index
[1.030s] creating /home/naoya/wildpose_v1.3/wildpose/install/gamepad_pkg/share/ament_index/resource_index
[1.030s] creating /home/naoya/wildpose_v1.3/wildpose/install/gamepad_pkg/share/ament_index/resource_index/packages
[1.030s] copying resource/gamepad_pkg -> /home/naoya/wildpose_v1.3/wildpose/install/gamepad_pkg/share/ament_index/resource_index/packages
[1.030s] copying package.xml -> /home/naoya/wildpose_v1.3/wildpose/install/gamepad_pkg/share/gamepad_pkg
[1.031s] running install_egg_info
[1.031s] Copying ../../build/gamepad_pkg/gamepad_pkg.egg-info to /home/naoya/wildpose_v1.3/wildpose/install/gamepad_pkg/lib/python3.8/site-packages/gamepad_pkg-0.0.0-py3.8.egg-info
[1.031s] running install_scripts
[1.043s] writing list of installed files to '/home/naoya/wildpose_v1.3/wildpose/build/gamepad_pkg/install.log'
[1.126s] Invoked command in '/home/naoya/wildpose_v1.3/wildpose/src/gamepad_pkg' returned '0': PYTHONPATH=/home/naoya/wildpose_v1.3/wildpose/build/gamepad_pkg/prefix_override:/home/naoya/wildpose_v1.3/wildpose/install/gamepad_pkg/lib/python3.8/site-packages:${PYTHONPATH} /usr/bin/python3 setup.py egg_info --egg-base ../../build/gamepad_pkg build --build-base /home/naoya/wildpose_v1.3/wildpose/build/gamepad_pkg/build install --record /home/naoya/wildpose_v1.3/wildpose/build/gamepad_pkg/install.log --install-scripts $base/lib/gamepad_pkg --single-version-externally-managed
