[0.021s] Invoking command in '/home/m2s2/WildPose_v1.2-main/wildpose/build/livox_sdk_vendor': CMAKE_PREFIX_PATH=/opt/ros/foxy /usr/bin/cmake --build /home/m2s2/WildPose_v1.2-main/wildpose/build/livox_sdk_vendor -- -j16 -l16
[0.189s] -- Found ament_cmake: 0.9.12 (/opt/ros/foxy/share/ament_cmake/cmake)
[0.190s] -- Using PYTHON_EXECUTABLE: /usr/bin/python3
[0.229s] -- Configuring done
[0.233s] -- Generating done
[0.233s] -- Build files have been written to: /home/m2s2/WildPose_v1.2-main/wildpose/build/livox_sdk_vendor
[0.252s] Invoked command in '/home/m2s2/WildPose_v1.2-main/wildpose/build/livox_sdk_vendor' returned '0': CMAKE_PREFIX_PATH=/opt/ros/foxy /usr/bin/cmake --build /home/m2s2/WildPose_v1.2-main/wildpose/build/livox_sdk_vendor -- -j16 -l16
[0.268s] Invoking command in '/home/m2s2/WildPose_v1.2-main/wildpose/build/livox_sdk_vendor': CMAKE_PREFIX_PATH=/opt/ros/foxy /usr/bin/cmake --install /home/m2s2/WildPose_v1.2-main/wildpose/build/livox_sdk_vendor
[0.273s] -- Install configuration: ""
[0.274s] -- Up-to-date: /home/m2s2/WildPose_v1.2-main/wildpose/install/livox_sdk_vendor/share/livox_sdk_vendor/cmake
[0.274s] -- Up-to-date: /home/m2s2/WildPose_v1.2-main/wildpose/install/livox_sdk_vendor/share/livox_sdk_vendor/cmake/Modules
[0.275s] -- Installing: /home/m2s2/WildPose_v1.2-main/wildpose/install/livox_sdk_vendor/share/livox_sdk_vendor/cmake/Modules/Findlivox_sdk.cmake
[0.275s] -- Up-to-date: /home/m2s2/WildPose_v1.2-main/wildpose/install/livox_sdk_vendor/share/ament_index/resource_index/package_run_dependencies/livox_sdk_vendor
[0.275s] -- Installing: /home/m2s2/WildPose_v1.2-main/wildpose/install/livox_sdk_vendor/share/ament_index/resource_index/parent_prefix_path/livox_sdk_vendor
[0.275s] -- Up-to-date: /home/m2s2/WildPose_v1.2-main/wildpose/install/livox_sdk_vendor/share/livox_sdk_vendor/environment/ament_prefix_path.sh
[0.275s] -- Installing: /home/m2s2/WildPose_v1.2-main/wildpose/install/livox_sdk_vendor/share/livox_sdk_vendor/environment/ament_prefix_path.dsv
[0.275s] -- Up-to-date: /home/m2s2/WildPose_v1.2-main/wildpose/install/livox_sdk_vendor/share/livox_sdk_vendor/environment/path.sh
[0.276s] -- Installing: /home/m2s2/WildPose_v1.2-main/wildpose/install/livox_sdk_vendor/share/livox_sdk_vendor/environment/path.dsv
[0.276s] -- Up-to-date: /home/m2s2/WildPose_v1.2-main/wildpose/install/livox_sdk_vendor/share/livox_sdk_vendor/local_setup.bash
[0.277s] -- Up-to-date: /home/m2s2/WildPose_v1.2-main/wildpose/install/livox_sdk_vendor/share/livox_sdk_vendor/local_setup.sh
[0.277s] -- Up-to-date: /home/m2s2/WildPose_v1.2-main/wildpose/install/livox_sdk_vendor/share/livox_sdk_vendor/local_setup.zsh
[0.279s] -- Installing: /home/m2s2/WildPose_v1.2-main/wildpose/install/livox_sdk_vendor/share/livox_sdk_vendor/local_setup.dsv
[0.279s] -- Installing: /home/m2s2/WildPose_v1.2-main/wildpose/install/livox_sdk_vendor/share/livox_sdk_vendor/package.dsv
[0.279s] -- Up-to-date: /home/m2s2/WildPose_v1.2-main/wildpose/install/livox_sdk_vendor/share/ament_index/resource_index/packages/livox_sdk_vendor
[0.279s] -- Installing: /home/m2s2/WildPose_v1.2-main/wildpose/install/livox_sdk_vendor/share/livox_sdk_vendor/cmake/livox_sdk_vendor-extras.cmake
[0.280s] -- Up-to-date: /home/m2s2/WildPose_v1.2-main/wildpose/install/livox_sdk_vendor/share/livox_sdk_vendor/cmake/livox_sdk_vendorConfig.cmake
[0.280s] -- Up-to-date: /home/m2s2/WildPose_v1.2-main/wildpose/install/livox_sdk_vendor/share/livox_sdk_vendor/cmake/livox_sdk_vendorConfig-version.cmake
[0.280s] -- Installing: /home/m2s2/WildPose_v1.2-main/wildpose/install/livox_sdk_vendor/share/livox_sdk_vendor/package.xml
[0.280s] Invoked command in '/home/m2s2/WildPose_v1.2-main/wildpose/build/livox_sdk_vendor' returned '0': CMAKE_PREFIX_PATH=/opt/ros/foxy /usr/bin/cmake --install /home/m2s2/WildPose_v1.2-main/wildpose/build/livox_sdk_vendor
