[0.699s] Invoking command in '/home/m2s2/WildPose_v1.2-main/wildpose/src/dji_rs3_pkg': CMAKE_PREFIX_PATH=/home/m2s2/WildPose_v1.2-main/wildpose/install/wildpose_interfaces:/home/m2s2/WildPose_v1.2-main/wildpose/install/lidar_control_package:/home/m2s2/WildPose_v1.2-main/wildpose/install/wildpose_bringup PYTHONPATH=/home/m2s2/WildPose_v1.2-main/wildpose/build/dji_rs3_pkg/prefix_override:/home/m2s2/WildPose_v1.2-main/wildpose/install/dji_rs3_pkg/lib/python3.8/site-packages:/home/m2s2/WildPose_v1.2-main/wildpose/install/wildpose_interfaces/lib/python3.8/site-packages:/home/m2s2/WildPose_v1.2-main/wildpose/install/lidar_control_package/lib/python3.8/site-packages:/home/m2s2/WildPose_v1.2-main/wildpose/install/motor_controller_pkg/lib/python3.8/site-packages:/home/m2s2/WildPose_v1.2-main/wildpose/install/dji_rs3_pkg/lib/python3.8/site-packages:/home/m2s2/WildPose_v1.2-main/wildpose/install/gamepad_pkg/lib/python3.8/site-packages:/opt/ros/foxy/lib/python3.8/site-packages /usr/bin/python3 -W ignore:setup.py install is deprecated setup.py egg_info --egg-base ../../build/dji_rs3_pkg build --build-base /home/m2s2/WildPose_v1.2-main/wildpose/build/dji_rs3_pkg/build install --record /home/m2s2/WildPose_v1.2-main/wildpose/build/dji_rs3_pkg/install.log --install-scripts $base/lib/dji_rs3_pkg --single-version-externally-managed install_data
[0.823s] running egg_info
[0.823s] writing ../../build/dji_rs3_pkg/dji_rs3_pkg.egg-info/PKG-INFO
[0.824s] writing dependency_links to ../../build/dji_rs3_pkg/dji_rs3_pkg.egg-info/dependency_links.txt
[0.824s] writing entry points to ../../build/dji_rs3_pkg/dji_rs3_pkg.egg-info/entry_points.txt
[0.824s] writing requirements to ../../build/dji_rs3_pkg/dji_rs3_pkg.egg-info/requires.txt
[0.824s] writing top-level names to ../../build/dji_rs3_pkg/dji_rs3_pkg.egg-info/top_level.txt
[0.845s] reading manifest file '../../build/dji_rs3_pkg/dji_rs3_pkg.egg-info/SOURCES.txt'
[0.845s] writing manifest file '../../build/dji_rs3_pkg/dji_rs3_pkg.egg-info/SOURCES.txt'
[0.845s] running build
[0.846s] running build_py
[0.846s] running install
[0.846s] running install_lib
[0.847s] running install_data
[0.848s] running install_egg_info
[0.849s] removing '/home/m2s2/WildPose_v1.2-main/wildpose/install/dji_rs3_pkg/lib/python3.8/site-packages/dji_rs3_pkg-0.0.0-py3.8.egg-info' (and everything under it)
[0.849s] Copying ../../build/dji_rs3_pkg/dji_rs3_pkg.egg-info to /home/m2s2/WildPose_v1.2-main/wildpose/install/dji_rs3_pkg/lib/python3.8/site-packages/dji_rs3_pkg-0.0.0-py3.8.egg-info
[0.849s] running install_scripts
[0.861s] Installing dji_rs3_node script to /home/m2s2/WildPose_v1.2-main/wildpose/install/dji_rs3_pkg/lib/dji_rs3_pkg
[0.861s] writing list of installed files to '/home/m2s2/WildPose_v1.2-main/wildpose/build/dji_rs3_pkg/install.log'
[0.877s] Invoked command in '/home/m2s2/WildPose_v1.2-main/wildpose/src/dji_rs3_pkg' returned '0': CMAKE_PREFIX_PATH=/home/m2s2/WildPose_v1.2-main/wildpose/install/wildpose_interfaces:/home/m2s2/WildPose_v1.2-main/wildpose/install/lidar_control_package:/home/m2s2/WildPose_v1.2-main/wildpose/install/wildpose_bringup PYTHONPATH=/home/m2s2/WildPose_v1.2-main/wildpose/build/dji_rs3_pkg/prefix_override:/home/m2s2/WildPose_v1.2-main/wildpose/install/dji_rs3_pkg/lib/python3.8/site-packages:/home/m2s2/WildPose_v1.2-main/wildpose/install/wildpose_interfaces/lib/python3.8/site-packages:/home/m2s2/WildPose_v1.2-main/wildpose/install/lidar_control_package/lib/python3.8/site-packages:/home/m2s2/WildPose_v1.2-main/wildpose/install/motor_controller_pkg/lib/python3.8/site-packages:/home/m2s2/WildPose_v1.2-main/wildpose/install/dji_rs3_pkg/lib/python3.8/site-packages:/home/m2s2/WildPose_v1.2-main/wildpose/install/gamepad_pkg/lib/python3.8/site-packages:/opt/ros/foxy/lib/python3.8/site-packages /usr/bin/python3 -W ignore:setup.py install is deprecated setup.py egg_info --egg-base ../../build/dji_rs3_pkg build --build-base /home/m2s2/WildPose_v1.2-main/wildpose/build/dji_rs3_pkg/build install --record /home/m2s2/WildPose_v1.2-main/wildpose/build/dji_rs3_pkg/install.log --install-scripts $base/lib/dji_rs3_pkg --single-version-externally-managed install_data
