[0.890s] Invoking command in '/home/naoya/wildpose_v1.3/wildpose/build/livox_interfaces': CMAKE_PREFIX_PATH=${CMAKE_PREFIX_PATH}:/home/naoya/wildpose_v1.3/wildpose/install/motor_controller_pkg:/home/naoya/wildpose_v1.3/wildpose/install/lidar_control_package:/home/naoya/wildpose_v1.3/wildpose/install/dji_rs3_pkg:/home/naoya/wildpose_v1.3/wildpose/install/opencv_tests:/home/naoya/wildpose_v1.3/wildpose/install/gamepad_pkg:/home/naoya/WildPose_v1.2/wildpose/install/motor_controller_pkg:/home/naoya/WildPose_v1.2/wildpose/install/gamepad_pkg:/opt/ros/foxy /usr/bin/cmake /home/naoya/wildpose_v1.3/wildpose/src/livox_ros2_driver/livox_interfaces -DCMAKE_INSTALL_PREFIX=/home/naoya/wildpose_v1.3/wildpose/install/livox_interfaces
[1.237s] -- Found ament_cmake: 0.9.12 (/opt/ros/foxy/share/ament_cmake/cmake)
[1.237s] -- Found PythonInterp: /usr/bin/python3 (found suitable version "3.8.10", minimum required is "3") 
[1.237s] -- Using PYTHON_EXECUTABLE: /usr/bin/python3
[1.237s] -- Override CMake install command with custom implementation using symlinks instead of copying resources
[1.237s] -- Found std_msgs: 2.0.5 (/opt/ros/foxy/share/std_msgs/cmake)
[1.237s] -- Using all available rosidl_typesupport_c: rosidl_typesupport_fastrtps_c;rosidl_typesupport_introspection_c
[1.237s] -- Found rosidl_adapter: 1.3.1 (/opt/ros/foxy/share/rosidl_adapter/cmake)
[1.237s] -- Using all available rosidl_typesupport_cpp: rosidl_typesupport_fastrtps_cpp;rosidl_typesupport_introspection_cpp
[1.256s] -- Found rosidl_default_generators: 1.0.1 (/opt/ros/foxy/share/rosidl_default_generators/cmake)
[1.288s] -- Found PythonInterp: /usr/bin/python3 (found version "3.8.10") 
[1.444s] -- Found ament_cmake_ros: 0.9.2 (/opt/ros/foxy/share/ament_cmake_ros/cmake)
[1.613s] -- Using all available rosidl_typesupport_c: rosidl_typesupport_fastrtps_c;rosidl_typesupport_introspection_c
[1.668s] -- Using all available rosidl_typesupport_cpp: rosidl_typesupport_fastrtps_cpp;rosidl_typesupport_introspection_cpp
[1.701s] -- Found PythonInterp: /usr/bin/python3 (found suitable version "3.8.10", minimum required is "3.5") 
[1.701s] -- Found python_cmake_module: 0.8.1 (/opt/ros/foxy/share/python_cmake_module/cmake)
[1.730s] -- Using PYTHON_EXECUTABLE: /usr/bin/python3
[1.730s] -- Using PYTHON_INCLUDE_DIRS: /usr/include/python3.8
[1.730s] -- Using PYTHON_LIBRARIES: /usr/lib/x86_64-linux-gnu/libpython3.8.so
[1.766s] -- Found ament_lint_auto: 0.9.8 (/opt/ros/foxy/share/ament_lint_auto/cmake)
[1.774s] -- Added test 'copyright' to check source files copyright and LICENSE
[1.774s] -- Added test 'lint_cmake' to check CMake code style
[1.774s] -- Added test 'xmllint' to check XML markup files
[1.781s] -- Configuring done
[1.823s] -- Generating done
[1.826s] -- Build files have been written to: /home/naoya/wildpose_v1.3/wildpose/build/livox_interfaces
[1.946s] Invoked command in '/home/naoya/wildpose_v1.3/wildpose/build/livox_interfaces' returned '0': CMAKE_PREFIX_PATH=${CMAKE_PREFIX_PATH}:/home/naoya/wildpose_v1.3/wildpose/install/motor_controller_pkg:/home/naoya/wildpose_v1.3/wildpose/install/lidar_control_package:/home/naoya/wildpose_v1.3/wildpose/install/dji_rs3_pkg:/home/naoya/wildpose_v1.3/wildpose/install/opencv_tests:/home/naoya/wildpose_v1.3/wildpose/install/gamepad_pkg:/home/naoya/WildPose_v1.2/wildpose/install/motor_controller_pkg:/home/naoya/WildPose_v1.2/wildpose/install/gamepad_pkg:/opt/ros/foxy /usr/bin/cmake /home/naoya/wildpose_v1.3/wildpose/src/livox_ros2_driver/livox_interfaces -DCMAKE_INSTALL_PREFIX=/home/naoya/wildpose_v1.3/wildpose/install/livox_interfaces
[1.948s] Invoking command in '/home/naoya/wildpose_v1.3/wildpose/build/livox_interfaces': CMAKE_PREFIX_PATH=${CMAKE_PREFIX_PATH}:/home/naoya/wildpose_v1.3/wildpose/install/motor_controller_pkg:/home/naoya/wildpose_v1.3/wildpose/install/lidar_control_package:/home/naoya/wildpose_v1.3/wildpose/install/dji_rs3_pkg:/home/naoya/wildpose_v1.3/wildpose/install/opencv_tests:/home/naoya/wildpose_v1.3/wildpose/install/gamepad_pkg:/home/naoya/WildPose_v1.2/wildpose/install/motor_controller_pkg:/home/naoya/WildPose_v1.2/wildpose/install/gamepad_pkg:/opt/ros/foxy /usr/bin/cmake --build /home/naoya/wildpose_v1.3/wildpose/build/livox_interfaces -- -j16 -l16
[2.027s] [  2%] Built target livox_interfaces__cpp
[2.027s] [ 12%] Built target livox_interfaces__rosidl_generator_c
[2.028s] [ 23%] Built target livox_interfaces__rosidl_typesupport_introspection_cpp
[2.028s] [ 33%] Built target livox_interfaces__rosidl_typesupport_fastrtps_cpp
[2.028s] [ 43%] Built target livox_interfaces__rosidl_typesupport_cpp
[2.029s] [ 53%] Built target livox_interfaces__rosidl_typesupport_introspection_c
[2.031s] [ 64%] Built target livox_interfaces__rosidl_typesupport_c
[2.044s] [ 74%] Built target livox_interfaces__rosidl_typesupport_fastrtps_c
[2.060s] [ 74%] Built target livox_interfaces
[2.075s] [ 76%] Built target livox_interfaces__py
[2.096s] [ 84%] Built target livox_interfaces__python
[2.120s] [ 89%] Built target livox_interfaces__rosidl_typesupport_c__pyext
[2.127s] [100%] Built target livox_interfaces__rosidl_typesupport_introspection_c__pyext
[2.127s] [100%] Built target livox_interfaces__rosidl_typesupport_fastrtps_c__pyext
[2.366s] Invoked command in '/home/naoya/wildpose_v1.3/wildpose/build/livox_interfaces' returned '0': CMAKE_PREFIX_PATH=${CMAKE_PREFIX_PATH}:/home/naoya/wildpose_v1.3/wildpose/install/motor_controller_pkg:/home/naoya/wildpose_v1.3/wildpose/install/lidar_control_package:/home/naoya/wildpose_v1.3/wildpose/install/dji_rs3_pkg:/home/naoya/wildpose_v1.3/wildpose/install/opencv_tests:/home/naoya/wildpose_v1.3/wildpose/install/gamepad_pkg:/home/naoya/WildPose_v1.2/wildpose/install/motor_controller_pkg:/home/naoya/WildPose_v1.2/wildpose/install/gamepad_pkg:/opt/ros/foxy /usr/bin/cmake --build /home/naoya/wildpose_v1.3/wildpose/build/livox_interfaces -- -j16 -l16
[2.412s] Invoking command in '/home/naoya/wildpose_v1.3/wildpose/build/livox_interfaces': CMAKE_PREFIX_PATH=${CMAKE_PREFIX_PATH}:/home/naoya/wildpose_v1.3/wildpose/install/motor_controller_pkg:/home/naoya/wildpose_v1.3/wildpose/install/lidar_control_package:/home/naoya/wildpose_v1.3/wildpose/install/dji_rs3_pkg:/home/naoya/wildpose_v1.3/wildpose/install/opencv_tests:/home/naoya/wildpose_v1.3/wildpose/install/gamepad_pkg:/home/naoya/WildPose_v1.2/wildpose/install/motor_controller_pkg:/home/naoya/WildPose_v1.2/wildpose/install/gamepad_pkg:/opt/ros/foxy /usr/bin/cmake --install /home/naoya/wildpose_v1.3/wildpose/build/livox_interfaces
[2.422s] -- Install configuration: ""
[2.422s] -- Execute custom install script
[2.422s] -- Up-to-date symlink: /home/naoya/wildpose_v1.3/wildpose/install/livox_interfaces/share/ament_index/resource_index/rosidl_interfaces/livox_interfaces
[2.422s] -- Up-to-date symlink: /home/naoya/wildpose_v1.3/wildpose/install/livox_interfaces/include/livox_interfaces/msg/custom_msg.h
[2.422s] -- Up-to-date symlink: /home/naoya/wildpose_v1.3/wildpose/install/livox_interfaces/include/livox_interfaces/msg/custom_point.h
[2.422s] -- Up-to-date symlink: /home/naoya/wildpose_v1.3/wildpose/install/livox_interfaces/include/livox_interfaces/msg/detail/custom_msg__functions.h
[2.422s] -- Up-to-date symlink: /home/naoya/wildpose_v1.3/wildpose/install/livox_interfaces/include/livox_interfaces/msg/detail/custom_msg__struct.h
[2.423s] -- Up-to-date symlink: /home/naoya/wildpose_v1.3/wildpose/install/livox_interfaces/include/livox_interfaces/msg/detail/custom_msg__type_support.h
[2.423s] -- Up-to-date symlink: /home/naoya/wildpose_v1.3/wildpose/install/livox_interfaces/include/livox_interfaces/msg/detail/custom_point__functions.h
[2.423s] -- Up-to-date symlink: /home/naoya/wildpose_v1.3/wildpose/install/livox_interfaces/include/livox_interfaces/msg/detail/custom_point__struct.h
[2.423s] -- Up-to-date symlink: /home/naoya/wildpose_v1.3/wildpose/install/livox_interfaces/include/livox_interfaces/msg/detail/custom_point__type_support.h
[2.423s] -- Up-to-date symlink: /home/naoya/wildpose_v1.3/wildpose/install/livox_interfaces/include/livox_interfaces/msg/rosidl_generator_c__visibility_control.h
[2.424s] -- Up-to-date symlink: /home/naoya/wildpose_v1.3/wildpose/install/livox_interfaces/share/livox_interfaces/environment/library_path.sh
[2.424s] -- Up-to-date symlink: /home/naoya/wildpose_v1.3/wildpose/install/livox_interfaces/share/livox_interfaces/environment/library_path.dsv
[2.424s] -- Up-to-date symlink: /home/naoya/wildpose_v1.3/wildpose/install/livox_interfaces/include/livox_interfaces/msg/detail/custom_msg__rosidl_typesupport_fastrtps_c.h
[2.424s] -- Up-to-date symlink: /home/naoya/wildpose_v1.3/wildpose/install/livox_interfaces/include/livox_interfaces/msg/detail/custom_point__rosidl_typesupport_fastrtps_c.h
[2.425s] -- Up-to-date symlink: /home/naoya/wildpose_v1.3/wildpose/install/livox_interfaces/include/livox_interfaces/msg/rosidl_typesupport_fastrtps_c__visibility_control.h
[2.425s] -- Up-to-date symlink: /home/naoya/wildpose_v1.3/wildpose/install/livox_interfaces/lib/liblivox_interfaces__rosidl_typesupport_fastrtps_c.so
[2.426s] -- Up-to-date symlink: /home/naoya/wildpose_v1.3/wildpose/install/livox_interfaces/include/livox_interfaces/msg/detail/custom_msg__rosidl_typesupport_fastrtps_cpp.hpp
[2.426s] -- Up-to-date symlink: /home/naoya/wildpose_v1.3/wildpose/install/livox_interfaces/include/livox_interfaces/msg/detail/custom_point__rosidl_typesupport_fastrtps_cpp.hpp
[2.426s] -- Up-to-date symlink: /home/naoya/wildpose_v1.3/wildpose/install/livox_interfaces/include/livox_interfaces/msg/rosidl_typesupport_fastrtps_cpp__visibility_control.h
[2.426s] -- Up-to-date symlink: /home/naoya/wildpose_v1.3/wildpose/install/livox_interfaces/lib/liblivox_interfaces__rosidl_typesupport_fastrtps_cpp.so
[2.427s] -- Up-to-date symlink: /home/naoya/wildpose_v1.3/wildpose/install/livox_interfaces/include/livox_interfaces/msg/detail/custom_msg__rosidl_typesupport_introspection_c.h
[2.427s] -- Up-to-date symlink: /home/naoya/wildpose_v1.3/wildpose/install/livox_interfaces/include/livox_interfaces/msg/detail/custom_point__rosidl_typesupport_introspection_c.h
[2.427s] -- Up-to-date symlink: /home/naoya/wildpose_v1.3/wildpose/install/livox_interfaces/include/livox_interfaces/msg/rosidl_typesupport_introspection_c__visibility_control.h
[2.427s] -- Up-to-date symlink: /home/naoya/wildpose_v1.3/wildpose/install/livox_interfaces/include/livox_interfaces/msg/custom_msg.hpp
[2.427s] -- Up-to-date symlink: /home/naoya/wildpose_v1.3/wildpose/install/livox_interfaces/include/livox_interfaces/msg/custom_point.hpp
[2.428s] -- Up-to-date symlink: /home/naoya/wildpose_v1.3/wildpose/install/livox_interfaces/include/livox_interfaces/msg/detail/custom_msg__builder.hpp
[2.428s] -- Up-to-date symlink: /home/naoya/wildpose_v1.3/wildpose/install/livox_interfaces/include/livox_interfaces/msg/detail/custom_msg__struct.hpp
[2.428s] -- Up-to-date symlink: /home/naoya/wildpose_v1.3/wildpose/install/livox_interfaces/include/livox_interfaces/msg/detail/custom_msg__traits.hpp
[2.428s] -- Up-to-date symlink: /home/naoya/wildpose_v1.3/wildpose/install/livox_interfaces/include/livox_interfaces/msg/detail/custom_msg__type_support.hpp
[2.428s] -- Up-to-date symlink: /home/naoya/wildpose_v1.3/wildpose/install/livox_interfaces/include/livox_interfaces/msg/detail/custom_point__builder.hpp
[2.428s] -- Up-to-date symlink: /home/naoya/wildpose_v1.3/wildpose/install/livox_interfaces/include/livox_interfaces/msg/detail/custom_point__struct.hpp
[2.429s] -- Up-to-date symlink: /home/naoya/wildpose_v1.3/wildpose/install/livox_interfaces/include/livox_interfaces/msg/detail/custom_point__traits.hpp
[2.429s] -- Up-to-date symlink: /home/naoya/wildpose_v1.3/wildpose/install/livox_interfaces/include/livox_interfaces/msg/detail/custom_point__type_support.hpp
[2.429s] -- Up-to-date symlink: /home/naoya/wildpose_v1.3/wildpose/install/livox_interfaces/include/livox_interfaces/msg/rosidl_generator_cpp__visibility_control.hpp
[2.429s] -- Up-to-date symlink: /home/naoya/wildpose_v1.3/wildpose/install/livox_interfaces/include/livox_interfaces/msg/detail/custom_msg__rosidl_typesupport_introspection_cpp.hpp
[2.429s] -- Up-to-date symlink: /home/naoya/wildpose_v1.3/wildpose/install/livox_interfaces/include/livox_interfaces/msg/detail/custom_point__rosidl_typesupport_introspection_cpp.hpp
[2.430s] -- Up-to-date symlink: /home/naoya/wildpose_v1.3/wildpose/install/livox_interfaces/share/livox_interfaces/environment/pythonpath.sh
[2.430s] -- Up-to-date symlink: /home/naoya/wildpose_v1.3/wildpose/install/livox_interfaces/share/livox_interfaces/environment/pythonpath.dsv
[2.430s] -- Up-to-date symlink: /home/naoya/wildpose_v1.3/wildpose/install/livox_interfaces/lib/python3.8/site-packages/livox_interfaces/__init__.py
[2.431s] -- Up-to-date symlink: /home/naoya/wildpose_v1.3/wildpose/install/livox_interfaces/lib/python3.8/site-packages/livox_interfaces/msg/__init__.py
[2.431s] -- Up-to-date symlink: /home/naoya/wildpose_v1.3/wildpose/install/livox_interfaces/lib/python3.8/site-packages/livox_interfaces/msg/_custom_msg.py
[2.431s] -- Up-to-date symlink: /home/naoya/wildpose_v1.3/wildpose/install/livox_interfaces/lib/python3.8/site-packages/livox_interfaces/msg/_custom_point.py
[2.431s] -- Up-to-date symlink: /home/naoya/wildpose_v1.3/wildpose/install/livox_interfaces/lib/python3.8/site-packages/livox_interfaces/livox_interfaces_s__rosidl_typesupport_fastrtps_c.cpython-38-x86_64-linux-gnu.so
[2.431s] -- Up-to-date symlink: /home/naoya/wildpose_v1.3/wildpose/install/livox_interfaces/lib/python3.8/site-packages/livox_interfaces/livox_interfaces_s__rosidl_typesupport_introspection_c.cpython-38-x86_64-linux-gnu.so
[2.432s] -- Up-to-date symlink: /home/naoya/wildpose_v1.3/wildpose/install/livox_interfaces/lib/python3.8/site-packages/livox_interfaces/livox_interfaces_s__rosidl_typesupport_c.cpython-38-x86_64-linux-gnu.so
[2.432s] -- Up-to-date symlink: /home/naoya/wildpose_v1.3/wildpose/install/livox_interfaces/lib/liblivox_interfaces__python.so
[2.432s] -- Up-to-date symlink: /home/naoya/wildpose_v1.3/wildpose/install/livox_interfaces/share/livox_interfaces/msg/CustomPoint.idl
[2.433s] -- Up-to-date symlink: /home/naoya/wildpose_v1.3/wildpose/install/livox_interfaces/share/livox_interfaces/msg/CustomMsg.idl
[2.433s] -- Up-to-date symlink: /home/naoya/wildpose_v1.3/wildpose/install/livox_interfaces/share/livox_interfaces/msg/CustomPoint.msg
[2.433s] -- Up-to-date symlink: /home/naoya/wildpose_v1.3/wildpose/install/livox_interfaces/share/livox_interfaces/msg/CustomMsg.msg
[2.433s] -- Up-to-date symlink: /home/naoya/wildpose_v1.3/wildpose/install/livox_interfaces/share/ament_index/resource_index/package_run_dependencies/livox_interfaces
[2.434s] -- Up-to-date symlink: /home/naoya/wildpose_v1.3/wildpose/install/livox_interfaces/share/ament_index/resource_index/parent_prefix_path/livox_interfaces
[2.434s] -- Up-to-date symlink: /home/naoya/wildpose_v1.3/wildpose/install/livox_interfaces/share/livox_interfaces/environment/ament_prefix_path.sh
[2.434s] -- Up-to-date symlink: /home/naoya/wildpose_v1.3/wildpose/install/livox_interfaces/share/livox_interfaces/environment/ament_prefix_path.dsv
[2.434s] -- Up-to-date symlink: /home/naoya/wildpose_v1.3/wildpose/install/livox_interfaces/share/livox_interfaces/environment/path.sh
[2.434s] -- Up-to-date symlink: /home/naoya/wildpose_v1.3/wildpose/install/livox_interfaces/share/livox_interfaces/environment/path.dsv
[2.434s] -- Up-to-date symlink: /home/naoya/wildpose_v1.3/wildpose/install/livox_interfaces/share/livox_interfaces/local_setup.bash
[2.435s] -- Up-to-date symlink: /home/naoya/wildpose_v1.3/wildpose/install/livox_interfaces/share/livox_interfaces/local_setup.sh
[2.435s] -- Up-to-date symlink: /home/naoya/wildpose_v1.3/wildpose/install/livox_interfaces/share/livox_interfaces/local_setup.zsh
[2.435s] -- Up-to-date symlink: /home/naoya/wildpose_v1.3/wildpose/install/livox_interfaces/share/livox_interfaces/local_setup.dsv
[2.435s] -- Symlinking: /home/naoya/wildpose_v1.3/wildpose/install/livox_interfaces/share/livox_interfaces/package.dsv
[2.443s] -- Up-to-date symlink: /home/naoya/wildpose_v1.3/wildpose/install/livox_interfaces/share/ament_index/resource_index/packages/livox_interfaces
[2.443s] -- Up-to-date symlink: /home/naoya/wildpose_v1.3/wildpose/install/livox_interfaces/share/livox_interfaces/cmake/rosidl_cmake-extras.cmake
[2.444s] -- Up-to-date symlink: /home/naoya/wildpose_v1.3/wildpose/install/livox_interfaces/share/livox_interfaces/cmake/ament_cmake_export_dependencies-extras.cmake
[2.444s] -- Up-to-date symlink: /home/naoya/wildpose_v1.3/wildpose/install/livox_interfaces/share/livox_interfaces/cmake/ament_cmake_export_libraries-extras.cmake
[2.444s] -- Up-to-date symlink: /home/naoya/wildpose_v1.3/wildpose/install/livox_interfaces/share/livox_interfaces/cmake/ament_cmake_export_targets-extras.cmake
[2.444s] -- Up-to-date symlink: /home/naoya/wildpose_v1.3/wildpose/install/livox_interfaces/share/livox_interfaces/cmake/ament_cmake_export_include_directories-extras.cmake
[2.445s] -- Up-to-date symlink: /home/naoya/wildpose_v1.3/wildpose/install/livox_interfaces/share/livox_interfaces/cmake/rosidl_cmake_export_typesupport_libraries-extras.cmake
[2.445s] -- Up-to-date symlink: /home/naoya/wildpose_v1.3/wildpose/install/livox_interfaces/share/livox_interfaces/cmake/rosidl_cmake_export_typesupport_targets-extras.cmake
[2.445s] -- Up-to-date symlink: /home/naoya/wildpose_v1.3/wildpose/install/livox_interfaces/share/livox_interfaces/cmake/livox_interfacesConfig.cmake
[2.445s] -- Up-to-date symlink: /home/naoya/wildpose_v1.3/wildpose/install/livox_interfaces/share/livox_interfaces/cmake/livox_interfacesConfig-version.cmake
[2.445s] -- Up-to-date symlink: /home/naoya/wildpose_v1.3/wildpose/install/livox_interfaces/share/livox_interfaces/package.xml
[2.446s] -- Up-to-date: /home/naoya/wildpose_v1.3/wildpose/install/livox_interfaces/lib/liblivox_interfaces__rosidl_generator_c.so
[2.446s] -- Up-to-date: /home/naoya/wildpose_v1.3/wildpose/install/livox_interfaces/lib/liblivox_interfaces__rosidl_typesupport_introspection_c.so
[2.446s] -- Up-to-date: /home/naoya/wildpose_v1.3/wildpose/install/livox_interfaces/lib/liblivox_interfaces__rosidl_typesupport_c.so
[2.446s] -- Up-to-date: /home/naoya/wildpose_v1.3/wildpose/install/livox_interfaces/lib/liblivox_interfaces__rosidl_typesupport_introspection_cpp.so
[2.446s] -- Up-to-date: /home/naoya/wildpose_v1.3/wildpose/install/livox_interfaces/lib/liblivox_interfaces__rosidl_typesupport_cpp.so
[2.475s] Compiling '/home/naoya/wildpose_v1.3/wildpose/install/livox_interfaces/lib/python3.8/site-packages/livox_interfaces/__init__.py'...
[2.479s] -- Up-to-date: /home/naoya/wildpose_v1.3/wildpose/install/livox_interfaces/share/livox_interfaces/cmake/livox_interfaces__rosidl_generator_cExport.cmake
[2.479s] -- Installing: /home/naoya/wildpose_v1.3/wildpose/install/livox_interfaces/share/livox_interfaces/cmake/livox_interfaces__rosidl_generator_cExport-noconfig.cmake
[2.480s] -- Up-to-date: /home/naoya/wildpose_v1.3/wildpose/install/livox_interfaces/share/livox_interfaces/cmake/livox_interfaces__rosidl_typesupport_introspection_cExport.cmake
[2.480s] -- Installing: /home/naoya/wildpose_v1.3/wildpose/install/livox_interfaces/share/livox_interfaces/cmake/livox_interfaces__rosidl_typesupport_introspection_cExport-noconfig.cmake
[2.480s] -- Up-to-date: /home/naoya/wildpose_v1.3/wildpose/install/livox_interfaces/share/livox_interfaces/cmake/livox_interfaces__rosidl_typesupport_cExport.cmake
[2.480s] -- Installing: /home/naoya/wildpose_v1.3/wildpose/install/livox_interfaces/share/livox_interfaces/cmake/livox_interfaces__rosidl_typesupport_cExport-noconfig.cmake
[2.480s] -- Up-to-date: /home/naoya/wildpose_v1.3/wildpose/install/livox_interfaces/share/livox_interfaces/cmake/livox_interfaces__rosidl_generator_cppExport.cmake
[2.480s] -- Up-to-date: /home/naoya/wildpose_v1.3/wildpose/install/livox_interfaces/share/livox_interfaces/cmake/livox_interfaces__rosidl_typesupport_introspection_cppExport.cmake
[2.480s] -- Installing: /home/naoya/wildpose_v1.3/wildpose/install/livox_interfaces/share/livox_interfaces/cmake/livox_interfaces__rosidl_typesupport_introspection_cppExport-noconfig.cmake
[2.480s] -- Up-to-date: /home/naoya/wildpose_v1.3/wildpose/install/livox_interfaces/share/livox_interfaces/cmake/livox_interfaces__rosidl_typesupport_cppExport.cmake
[2.480s] -- Installing: /home/naoya/wildpose_v1.3/wildpose/install/livox_interfaces/share/livox_interfaces/cmake/livox_interfaces__rosidl_typesupport_cppExport-noconfig.cmake
[2.586s] Invoked command in '/home/naoya/wildpose_v1.3/wildpose/build/livox_interfaces' returned '0': CMAKE_PREFIX_PATH=${CMAKE_PREFIX_PATH}:/home/naoya/wildpose_v1.3/wildpose/install/motor_controller_pkg:/home/naoya/wildpose_v1.3/wildpose/install/lidar_control_package:/home/naoya/wildpose_v1.3/wildpose/install/dji_rs3_pkg:/home/naoya/wildpose_v1.3/wildpose/install/opencv_tests:/home/naoya/wildpose_v1.3/wildpose/install/gamepad_pkg:/home/naoya/WildPose_v1.2/wildpose/install/motor_controller_pkg:/home/naoya/WildPose_v1.2/wildpose/install/gamepad_pkg:/opt/ros/foxy /usr/bin/cmake --install /home/naoya/wildpose_v1.3/wildpose/build/livox_interfaces
