[1.819s] Invoking command in '/home/naoya/wildpose_v1.3/wildpose/src/motor_controller_pkg': AMENT_PREFIX_PATH=/home/naoya/wildpose_v1.3/wildpose/install/wildpose_interfaces:${AMENT_PREFIX_PATH} CMAKE_PREFIX_PATH=/home/naoya/wildpose_v1.3/wildpose/install/wildpose_interfaces:${CMAKE_PREFIX_PATH} LD_LIBRARY_PATH=/home/naoya/wildpose_v1.3/wildpose/install/wildpose_interfaces/lib:${LD_LIBRARY_PATH} PYTHONPATH=/home/naoya/wildpose_v1.3/wildpose/build/motor_controller_pkg/prefix_override:/home/naoya/wildpose_v1.3/wildpose/install/motor_controller_pkg/lib/python3.8/site-packages:/home/naoya/wildpose_v1.3/wildpose/install/wildpose_interfaces/lib/python3.8/site-packages:${PYTHONPATH} /usr/bin/python3 setup.py egg_info --egg-base ../../build/motor_controller_pkg build --build-base /home/naoya/wildpose_v1.3/wildpose/build/motor_controller_pkg/build install --record /home/naoya/wildpose_v1.3/wildpose/build/motor_controller_pkg/install.log --install-scripts $base/lib/motor_controller_pkg --single-version-externally-managed
[1.952s] running egg_info
[1.952s] writing ../../build/motor_controller_pkg/motor_controller_pkg.egg-info/PKG-INFO
[1.953s] writing dependency_links to ../../build/motor_controller_pkg/motor_controller_pkg.egg-info/dependency_links.txt
[1.954s] writing entry points to ../../build/motor_controller_pkg/motor_controller_pkg.egg-info/entry_points.txt
[1.955s] writing requirements to ../../build/motor_controller_pkg/motor_controller_pkg.egg-info/requires.txt
[1.955s] writing top-level names to ../../build/motor_controller_pkg/motor_controller_pkg.egg-info/top_level.txt
[1.972s] reading manifest file '../../build/motor_controller_pkg/motor_controller_pkg.egg-info/SOURCES.txt'
[1.973s] writing manifest file '../../build/motor_controller_pkg/motor_controller_pkg.egg-info/SOURCES.txt'
[1.973s] running build
[1.973s] running build_py
[1.973s] running install
[1.973s] running install_lib
[1.974s] running install_data
[1.975s] running install_egg_info
[1.976s] removing '/home/naoya/wildpose_v1.3/wildpose/install/motor_controller_pkg/lib/python3.8/site-packages/motor_controller_pkg-0.0.0-py3.8.egg-info' (and everything under it)
[1.976s] Copying ../../build/motor_controller_pkg/motor_controller_pkg.egg-info to /home/naoya/wildpose_v1.3/wildpose/install/motor_controller_pkg/lib/python3.8/site-packages/motor_controller_pkg-0.0.0-py3.8.egg-info
[1.976s] running install_scripts
[1.989s] Installing motor_control_node script to /home/naoya/wildpose_v1.3/wildpose/install/motor_controller_pkg/lib/motor_controller_pkg
[1.989s] writing list of installed files to '/home/naoya/wildpose_v1.3/wildpose/build/motor_controller_pkg/install.log'
[2.024s] Invoked command in '/home/naoya/wildpose_v1.3/wildpose/src/motor_controller_pkg' returned '0': AMENT_PREFIX_PATH=/home/naoya/wildpose_v1.3/wildpose/install/wildpose_interfaces:${AMENT_PREFIX_PATH} CMAKE_PREFIX_PATH=/home/naoya/wildpose_v1.3/wildpose/install/wildpose_interfaces:${CMAKE_PREFIX_PATH} LD_LIBRARY_PATH=/home/naoya/wildpose_v1.3/wildpose/install/wildpose_interfaces/lib:${LD_LIBRARY_PATH} PYTHONPATH=/home/naoya/wildpose_v1.3/wildpose/build/motor_controller_pkg/prefix_override:/home/naoya/wildpose_v1.3/wildpose/install/motor_controller_pkg/lib/python3.8/site-packages:/home/naoya/wildpose_v1.3/wildpose/install/wildpose_interfaces/lib/python3.8/site-packages:${PYTHONPATH} /usr/bin/python3 setup.py egg_info --egg-base ../../build/motor_controller_pkg build --build-base /home/naoya/wildpose_v1.3/wildpose/build/motor_controller_pkg/build install --record /home/naoya/wildpose_v1.3/wildpose/build/motor_controller_pkg/install.log --install-scripts $base/lib/motor_controller_pkg --single-version-externally-managed
