[0.419s] Invoking command in '/home/naoya/wildpose_v1.3/wildpose/build/vision_opencv': AMENT_PREFIX_PATH=/home/naoya/wildpose_v1.3/wildpose/install/image_geometry:/home/naoya/wildpose_v1.3/wildpose/install/cv_bridge:${AMENT_PREFIX_PATH} CMAKE_PREFIX_PATH=/home/naoya/wildpose_v1.3/wildpose/install/image_geometry:/home/naoya/wildpose_v1.3/wildpose/install/cv_bridge:/home/naoya/ros2_ws/rmw_ecal/install/rmw_ecal_dynamic_cpp:/home/naoya/ros2_ws/rmw_ecal/install/rmw_ecal_shared_cpp:/opt/ros/foxy LD_LIBRARY_PATH=/home/naoya/wildpose_v1.3/wildpose/install/image_geometry/lib:/home/naoya/wildpose_v1.3/wildpose/install/cv_bridge/lib:${LD_LIBRARY_PATH} PYTHONPATH=/home/naoya/wildpose_v1.3/wildpose/install/image_geometry/lib/python3.8/site-packages:/home/naoya/wildpose_v1.3/wildpose/install/cv_bridge/lib/python3.8/site-packages:${PYTHONPATH} /usr/bin/cmake /home/naoya/wildpose_v1.3/wildpose/src/vision_opencv/vision_opencv -DCMAKE_INSTALL_PREFIX=/home/naoya/wildpose_v1.3/wildpose/install/vision_opencv
[0.467s] -- The C compiler identification is GNU 9.4.0
[0.518s] -- The CXX compiler identification is GNU 9.4.0
[0.524s] -- Check for working C compiler: /usr/bin/cc
[0.605s] -- Check for working C compiler: /usr/bin/cc -- works
[0.606s] -- Detecting C compiler ABI info
[0.678s] -- Detecting C compiler ABI info - done
[0.691s] -- Detecting C compile features
[0.692s] -- Detecting C compile features - done
[0.695s] -- Check for working CXX compiler: /usr/bin/c++
[0.786s] -- Check for working CXX compiler: /usr/bin/c++ -- works
[0.788s] -- Detecting CXX compiler ABI info
[0.881s] -- Detecting CXX compiler ABI info - done
[0.891s] -- Detecting CXX compile features
[0.891s] -- Detecting CXX compile features - done
[0.891s] -- Found ament_cmake: 0.9.12 (/opt/ros/foxy/share/ament_cmake/cmake)
[0.910s] -- Found PythonInterp: /usr/bin/python3 (found suitable version "3.8.10", minimum required is "3") 
[0.910s] -- Using PYTHON_EXECUTABLE: /usr/bin/python3
[1.070s] -- Configuring done
[1.071s] -- Generating done
[1.072s] -- Build files have been written to: /home/naoya/wildpose_v1.3/wildpose/build/vision_opencv
[1.075s] Invoked command in '/home/naoya/wildpose_v1.3/wildpose/build/vision_opencv' returned '0': AMENT_PREFIX_PATH=/home/naoya/wildpose_v1.3/wildpose/install/image_geometry:/home/naoya/wildpose_v1.3/wildpose/install/cv_bridge:${AMENT_PREFIX_PATH} CMAKE_PREFIX_PATH=/home/naoya/wildpose_v1.3/wildpose/install/image_geometry:/home/naoya/wildpose_v1.3/wildpose/install/cv_bridge:/home/naoya/ros2_ws/rmw_ecal/install/rmw_ecal_dynamic_cpp:/home/naoya/ros2_ws/rmw_ecal/install/rmw_ecal_shared_cpp:/opt/ros/foxy LD_LIBRARY_PATH=/home/naoya/wildpose_v1.3/wildpose/install/image_geometry/lib:/home/naoya/wildpose_v1.3/wildpose/install/cv_bridge/lib:${LD_LIBRARY_PATH} PYTHONPATH=/home/naoya/wildpose_v1.3/wildpose/install/image_geometry/lib/python3.8/site-packages:/home/naoya/wildpose_v1.3/wildpose/install/cv_bridge/lib/python3.8/site-packages:${PYTHONPATH} /usr/bin/cmake /home/naoya/wildpose_v1.3/wildpose/src/vision_opencv/vision_opencv -DCMAKE_INSTALL_PREFIX=/home/naoya/wildpose_v1.3/wildpose/install/vision_opencv
[1.076s] Invoking command in '/home/naoya/wildpose_v1.3/wildpose/build/vision_opencv': AMENT_PREFIX_PATH=/home/naoya/wildpose_v1.3/wildpose/install/image_geometry:/home/naoya/wildpose_v1.3/wildpose/install/cv_bridge:${AMENT_PREFIX_PATH} CMAKE_PREFIX_PATH=/home/naoya/wildpose_v1.3/wildpose/install/image_geometry:/home/naoya/wildpose_v1.3/wildpose/install/cv_bridge:/home/naoya/ros2_ws/rmw_ecal/install/rmw_ecal_dynamic_cpp:/home/naoya/ros2_ws/rmw_ecal/install/rmw_ecal_shared_cpp:/opt/ros/foxy LD_LIBRARY_PATH=/home/naoya/wildpose_v1.3/wildpose/install/image_geometry/lib:/home/naoya/wildpose_v1.3/wildpose/install/cv_bridge/lib:${LD_LIBRARY_PATH} PYTHONPATH=/home/naoya/wildpose_v1.3/wildpose/install/image_geometry/lib/python3.8/site-packages:/home/naoya/wildpose_v1.3/wildpose/install/cv_bridge/lib/python3.8/site-packages:${PYTHONPATH} /usr/bin/cmake --build /home/naoya/wildpose_v1.3/wildpose/build/vision_opencv -- -j16 -l16
[1.105s] Invoked command in '/home/naoya/wildpose_v1.3/wildpose/build/vision_opencv' returned '0': AMENT_PREFIX_PATH=/home/naoya/wildpose_v1.3/wildpose/install/image_geometry:/home/naoya/wildpose_v1.3/wildpose/install/cv_bridge:${AMENT_PREFIX_PATH} CMAKE_PREFIX_PATH=/home/naoya/wildpose_v1.3/wildpose/install/image_geometry:/home/naoya/wildpose_v1.3/wildpose/install/cv_bridge:/home/naoya/ros2_ws/rmw_ecal/install/rmw_ecal_dynamic_cpp:/home/naoya/ros2_ws/rmw_ecal/install/rmw_ecal_shared_cpp:/opt/ros/foxy LD_LIBRARY_PATH=/home/naoya/wildpose_v1.3/wildpose/install/image_geometry/lib:/home/naoya/wildpose_v1.3/wildpose/install/cv_bridge/lib:${LD_LIBRARY_PATH} PYTHONPATH=/home/naoya/wildpose_v1.3/wildpose/install/image_geometry/lib/python3.8/site-packages:/home/naoya/wildpose_v1.3/wildpose/install/cv_bridge/lib/python3.8/site-packages:${PYTHONPATH} /usr/bin/cmake --build /home/naoya/wildpose_v1.3/wildpose/build/vision_opencv -- -j16 -l16
[1.117s] Invoking command in '/home/naoya/wildpose_v1.3/wildpose/build/vision_opencv': AMENT_PREFIX_PATH=/home/naoya/wildpose_v1.3/wildpose/install/image_geometry:/home/naoya/wildpose_v1.3/wildpose/install/cv_bridge:${AMENT_PREFIX_PATH} CMAKE_PREFIX_PATH=/home/naoya/wildpose_v1.3/wildpose/install/image_geometry:/home/naoya/wildpose_v1.3/wildpose/install/cv_bridge:/home/naoya/ros2_ws/rmw_ecal/install/rmw_ecal_dynamic_cpp:/home/naoya/ros2_ws/rmw_ecal/install/rmw_ecal_shared_cpp:/opt/ros/foxy LD_LIBRARY_PATH=/home/naoya/wildpose_v1.3/wildpose/install/image_geometry/lib:/home/naoya/wildpose_v1.3/wildpose/install/cv_bridge/lib:${LD_LIBRARY_PATH} PYTHONPATH=/home/naoya/wildpose_v1.3/wildpose/install/image_geometry/lib/python3.8/site-packages:/home/naoya/wildpose_v1.3/wildpose/install/cv_bridge/lib/python3.8/site-packages:${PYTHONPATH} /usr/bin/cmake --install /home/naoya/wildpose_v1.3/wildpose/build/vision_opencv
[1.122s] -- Install configuration: ""
[1.122s] -- Installing: /home/naoya/wildpose_v1.3/wildpose/install/vision_opencv/share/ament_index/resource_index/package_run_dependencies/vision_opencv
[1.122s] -- Installing: /home/naoya/wildpose_v1.3/wildpose/install/vision_opencv/share/ament_index/resource_index/parent_prefix_path/vision_opencv
[1.123s] -- Installing: /home/naoya/wildpose_v1.3/wildpose/install/vision_opencv/share/vision_opencv/environment/ament_prefix_path.sh
[1.123s] -- Installing: /home/naoya/wildpose_v1.3/wildpose/install/vision_opencv/share/vision_opencv/environment/ament_prefix_path.dsv
[1.123s] -- Installing: /home/naoya/wildpose_v1.3/wildpose/install/vision_opencv/share/vision_opencv/environment/path.sh
[1.123s] -- Installing: /home/naoya/wildpose_v1.3/wildpose/install/vision_opencv/share/vision_opencv/environment/path.dsv
[1.123s] -- Installing: /home/naoya/wildpose_v1.3/wildpose/install/vision_opencv/share/vision_opencv/local_setup.bash
[1.123s] -- Installing: /home/naoya/wildpose_v1.3/wildpose/install/vision_opencv/share/vision_opencv/local_setup.sh
[1.123s] -- Installing: /home/naoya/wildpose_v1.3/wildpose/install/vision_opencv/share/vision_opencv/local_setup.zsh
[1.123s] -- Installing: /home/naoya/wildpose_v1.3/wildpose/install/vision_opencv/share/vision_opencv/local_setup.dsv
[1.123s] -- Installing: /home/naoya/wildpose_v1.3/wildpose/install/vision_opencv/share/vision_opencv/package.dsv
[1.123s] -- Installing: /home/naoya/wildpose_v1.3/wildpose/install/vision_opencv/share/ament_index/resource_index/packages/vision_opencv
[1.124s] -- Installing: /home/naoya/wildpose_v1.3/wildpose/install/vision_opencv/share/vision_opencv/cmake/vision_opencvConfig.cmake
[1.124s] -- Installing: /home/naoya/wildpose_v1.3/wildpose/install/vision_opencv/share/vision_opencv/cmake/vision_opencvConfig-version.cmake
[1.124s] -- Installing: /home/naoya/wildpose_v1.3/wildpose/install/vision_opencv/share/vision_opencv/package.xml
[1.125s] Invoked command in '/home/naoya/wildpose_v1.3/wildpose/build/vision_opencv' returned '0': AMENT_PREFIX_PATH=/home/naoya/wildpose_v1.3/wildpose/install/image_geometry:/home/naoya/wildpose_v1.3/wildpose/install/cv_bridge:${AMENT_PREFIX_PATH} CMAKE_PREFIX_PATH=/home/naoya/wildpose_v1.3/wildpose/install/image_geometry:/home/naoya/wildpose_v1.3/wildpose/install/cv_bridge:/home/naoya/ros2_ws/rmw_ecal/install/rmw_ecal_dynamic_cpp:/home/naoya/ros2_ws/rmw_ecal/install/rmw_ecal_shared_cpp:/opt/ros/foxy LD_LIBRARY_PATH=/home/naoya/wildpose_v1.3/wildpose/install/image_geometry/lib:/home/naoya/wildpose_v1.3/wildpose/install/cv_bridge/lib:${LD_LIBRARY_PATH} PYTHONPATH=/home/naoya/wildpose_v1.3/wildpose/install/image_geometry/lib/python3.8/site-packages:/home/naoya/wildpose_v1.3/wildpose/install/cv_bridge/lib/python3.8/site-packages:${PYTHONPATH} /usr/bin/cmake --install /home/naoya/wildpose_v1.3/wildpose/build/vision_opencv
