running egg_info
writing ../../build/motor_controller_pkg/motor_controller_pkg.egg-info/PKG-INFO
writing dependency_links to ../../build/motor_controller_pkg/motor_controller_pkg.egg-info/dependency_links.txt
writing entry points to ../../build/motor_controller_pkg/motor_controller_pkg.egg-info/entry_points.txt
writing requirements to ../../build/motor_controller_pkg/motor_controller_pkg.egg-info/requires.txt
writing top-level names to ../../build/motor_controller_pkg/motor_controller_pkg.egg-info/top_level.txt
reading manifest file '../../build/motor_controller_pkg/motor_controller_pkg.egg-info/SOURCES.txt'
writing manifest file '../../build/motor_controller_pkg/motor_controller_pkg.egg-info/SOURCES.txt'
running build
running build_py
copying motor_controller_pkg/motor_control_node.py -> /home/m2s2/WildPose_v1.2-main/wildpose/build/motor_controller_pkg/build/lib/motor_controller_pkg
running install
running install_lib
copying /home/m2s2/WildPose_v1.2-main/wildpose/build/motor_controller_pkg/build/lib/motor_controller_pkg/motor_control_node.py -> /home/m2s2/WildPose_v1.2-main/wildpose/install/motor_controller_pkg/lib/python3.8/site-packages/motor_controller_pkg
byte-compiling /home/m2s2/WildPose_v1.2-main/wildpose/install/motor_controller_pkg/lib/python3.8/site-packages/motor_controller_pkg/motor_control_node.py to motor_control_node.cpython-38.pyc
running install_data
running install_egg_info
removing '/home/m2s2/WildPose_v1.2-main/wildpose/install/motor_controller_pkg/lib/python3.8/site-packages/motor_controller_pkg-0.0.0-py3.8.egg-info' (and everything under it)
Copying ../../build/motor_controller_pkg/motor_controller_pkg.egg-info to /home/m2s2/WildPose_v1.2-main/wildpose/install/motor_controller_pkg/lib/python3.8/site-packages/motor_controller_pkg-0.0.0-py3.8.egg-info
running install_scripts
Installing motor_control_node script to /home/m2s2/WildPose_v1.2-main/wildpose/install/motor_controller_pkg/lib/motor_controller_pkg
writing list of installed files to '/home/m2s2/WildPose_v1.2-main/wildpose/build/motor_controller_pkg/install.log'
