[0.441s] Invoking command in '/home/m2s2/WildPose_v1.2-main/wildpose/build/livox_ros2_driver': AMENT_PREFIX_PATH=/home/m2s2/WildPose_v1.2-main/wildpose/install/livox_sdk_vendor:/home/m2s2/WildPose_v1.2-main/wildpose/install/livox_interfaces:${AMENT_PREFIX_PATH} CMAKE_PREFIX_PATH=/home/m2s2/WildPose_v1.2-main/wildpose/install/livox_sdk_vendor:/home/m2s2/WildPose_v1.2-main/wildpose/install/livox_interfaces:/opt/ros/foxy LD_LIBRARY_PATH=/home/m2s2/WildPose_v1.2-main/wildpose/install/livox_interfaces/lib:${LD_LIBRARY_PATH} PYTHONPATH=/home/m2s2/WildPose_v1.2-main/wildpose/install/livox_interfaces/lib/python3.8/site-packages:${PYTHONPATH} /usr/bin/cmake --build /home/m2s2/WildPose_v1.2-main/wildpose/build/livox_ros2_driver -- -j16 -l16
[0.502s] [ 12%] Built target livox_ros2_driver_node
[0.548s] [100%] Built target livox_ros2_driver
[0.561s] Invoked command in '/home/m2s2/WildPose_v1.2-main/wildpose/build/livox_ros2_driver' returned '0': AMENT_PREFIX_PATH=/home/m2s2/WildPose_v1.2-main/wildpose/install/livox_sdk_vendor:/home/m2s2/WildPose_v1.2-main/wildpose/install/livox_interfaces:${AMENT_PREFIX_PATH} CMAKE_PREFIX_PATH=/home/m2s2/WildPose_v1.2-main/wildpose/install/livox_sdk_vendor:/home/m2s2/WildPose_v1.2-main/wildpose/install/livox_interfaces:/opt/ros/foxy LD_LIBRARY_PATH=/home/m2s2/WildPose_v1.2-main/wildpose/install/livox_interfaces/lib:${LD_LIBRARY_PATH} PYTHONPATH=/home/m2s2/WildPose_v1.2-main/wildpose/install/livox_interfaces/lib/python3.8/site-packages:${PYTHONPATH} /usr/bin/cmake --build /home/m2s2/WildPose_v1.2-main/wildpose/build/livox_ros2_driver -- -j16 -l16
[0.607s] Invoking command in '/home/m2s2/WildPose_v1.2-main/wildpose/build/livox_ros2_driver': AMENT_PREFIX_PATH=/home/m2s2/WildPose_v1.2-main/wildpose/install/livox_sdk_vendor:/home/m2s2/WildPose_v1.2-main/wildpose/install/livox_interfaces:${AMENT_PREFIX_PATH} CMAKE_PREFIX_PATH=/home/m2s2/WildPose_v1.2-main/wildpose/install/livox_sdk_vendor:/home/m2s2/WildPose_v1.2-main/wildpose/install/livox_interfaces:/opt/ros/foxy LD_LIBRARY_PATH=/home/m2s2/WildPose_v1.2-main/wildpose/install/livox_interfaces/lib:${LD_LIBRARY_PATH} PYTHONPATH=/home/m2s2/WildPose_v1.2-main/wildpose/install/livox_interfaces/lib/python3.8/site-packages:${PYTHONPATH} /usr/bin/cmake --install /home/m2s2/WildPose_v1.2-main/wildpose/build/livox_ros2_driver
[0.617s] -- Install configuration: ""
[0.618s] -- Up-to-date: /home/m2s2/WildPose_v1.2-main/wildpose/install/livox_ros2_driver/lib/livox_ros2_driver/livox_ros2_driver_node
[0.618s] -- Up-to-date: /home/m2s2/WildPose_v1.2-main/wildpose/install/livox_ros2_driver/share/livox_ros2_driver/environment/library_path.sh
[0.618s] -- Up-to-date: /home/m2s2/WildPose_v1.2-main/wildpose/install/livox_ros2_driver/share/livox_ros2_driver/environment/library_path.dsv
[0.619s] -- Up-to-date: /home/m2s2/WildPose_v1.2-main/wildpose/install/livox_ros2_driver/lib/liblivox_ros2_driver.so
[0.619s] -- Up-to-date: /home/m2s2/WildPose_v1.2-main/wildpose/install/livox_ros2_driver/share/livox_ros2_driver/config
[0.619s] -- Up-to-date: /home/m2s2/WildPose_v1.2-main/wildpose/install/livox_ros2_driver/share/livox_ros2_driver/config/livox_lidar_config.json
[0.619s] -- Up-to-date: /home/m2s2/WildPose_v1.2-main/wildpose/install/livox_ros2_driver/share/livox_ros2_driver/config/livox_hub.rviz
[0.619s] -- Up-to-date: /home/m2s2/WildPose_v1.2-main/wildpose/install/livox_ros2_driver/share/livox_ros2_driver/config/livox_lidar.rviz
[0.619s] -- Up-to-date: /home/m2s2/WildPose_v1.2-main/wildpose/install/livox_ros2_driver/share/livox_ros2_driver/config/livox_hub_config.json
[0.619s] -- Up-to-date: /home/m2s2/WildPose_v1.2-main/wildpose/install/livox_ros2_driver/share/livox_ros2_driver/launch
[0.619s] -- Up-to-date: /home/m2s2/WildPose_v1.2-main/wildpose/install/livox_ros2_driver/share/livox_ros2_driver/launch/livox_lidar_launch.py
[0.620s] -- Up-to-date: /home/m2s2/WildPose_v1.2-main/wildpose/install/livox_ros2_driver/share/livox_ros2_driver/launch/livox_template_launch.py
[0.620s] -- Up-to-date: /home/m2s2/WildPose_v1.2-main/wildpose/install/livox_ros2_driver/share/livox_ros2_driver/launch/livox_lidar_msg_launch.py
[0.620s] -- Up-to-date: /home/m2s2/WildPose_v1.2-main/wildpose/install/livox_ros2_driver/share/livox_ros2_driver/launch/livox_hub_msg_launch .py
[0.620s] -- Up-to-date: /home/m2s2/WildPose_v1.2-main/wildpose/install/livox_ros2_driver/share/livox_ros2_driver/launch/livox_hub_rviz_launch.py
[0.620s] -- Up-to-date: /home/m2s2/WildPose_v1.2-main/wildpose/install/livox_ros2_driver/share/livox_ros2_driver/launch/livox_lidar_rviz_launch.py
[0.620s] -- Up-to-date: /home/m2s2/WildPose_v1.2-main/wildpose/install/livox_ros2_driver/share/livox_ros2_driver/launch/livox_hub_launch.py
[0.620s] -- Up-to-date: /home/m2s2/WildPose_v1.2-main/wildpose/install/livox_ros2_driver/share/ament_index/resource_index/package_run_dependencies/livox_ros2_driver
[0.620s] -- Up-to-date: /home/m2s2/WildPose_v1.2-main/wildpose/install/livox_ros2_driver/share/ament_index/resource_index/parent_prefix_path/livox_ros2_driver
[0.620s] -- Up-to-date: /home/m2s2/WildPose_v1.2-main/wildpose/install/livox_ros2_driver/share/livox_ros2_driver/environment/ament_prefix_path.sh
[0.620s] -- Up-to-date: /home/m2s2/WildPose_v1.2-main/wildpose/install/livox_ros2_driver/share/livox_ros2_driver/environment/ament_prefix_path.dsv
[0.620s] -- Up-to-date: /home/m2s2/WildPose_v1.2-main/wildpose/install/livox_ros2_driver/share/livox_ros2_driver/environment/path.sh
[0.621s] -- Up-to-date: /home/m2s2/WildPose_v1.2-main/wildpose/install/livox_ros2_driver/share/livox_ros2_driver/environment/path.dsv
[0.621s] -- Up-to-date: /home/m2s2/WildPose_v1.2-main/wildpose/install/livox_ros2_driver/share/livox_ros2_driver/local_setup.bash
[0.621s] -- Up-to-date: /home/m2s2/WildPose_v1.2-main/wildpose/install/livox_ros2_driver/share/livox_ros2_driver/local_setup.sh
[0.621s] -- Up-to-date: /home/m2s2/WildPose_v1.2-main/wildpose/install/livox_ros2_driver/share/livox_ros2_driver/local_setup.zsh
[0.621s] -- Up-to-date: /home/m2s2/WildPose_v1.2-main/wildpose/install/livox_ros2_driver/share/livox_ros2_driver/local_setup.dsv
[0.621s] -- Installing: /home/m2s2/WildPose_v1.2-main/wildpose/install/livox_ros2_driver/share/livox_ros2_driver/package.dsv
[0.621s] -- Up-to-date: /home/m2s2/WildPose_v1.2-main/wildpose/install/livox_ros2_driver/share/ament_index/resource_index/packages/livox_ros2_driver
[0.621s] -- Up-to-date: /home/m2s2/WildPose_v1.2-main/wildpose/install/livox_ros2_driver/share/ament_index/resource_index/rclcpp_components/livox_ros2_driver
[0.621s] -- Up-to-date: /home/m2s2/WildPose_v1.2-main/wildpose/install/livox_ros2_driver/share/livox_ros2_driver/cmake/ament_cmake_export_dependencies-extras.cmake
[0.621s] -- Up-to-date: /home/m2s2/WildPose_v1.2-main/wildpose/install/livox_ros2_driver/share/livox_ros2_driver/cmake/ament_cmake_export_libraries-extras.cmake
[0.621s] -- Up-to-date: /home/m2s2/WildPose_v1.2-main/wildpose/install/livox_ros2_driver/share/livox_ros2_driver/cmake/livox_ros2_driverConfig.cmake
[0.622s] -- Up-to-date: /home/m2s2/WildPose_v1.2-main/wildpose/install/livox_ros2_driver/share/livox_ros2_driver/cmake/livox_ros2_driverConfig-version.cmake
[0.622s] -- Up-to-date: /home/m2s2/WildPose_v1.2-main/wildpose/install/livox_ros2_driver/share/livox_ros2_driver/package.xml
[0.624s] Invoked command in '/home/m2s2/WildPose_v1.2-main/wildpose/build/livox_ros2_driver' returned '0': AMENT_PREFIX_PATH=/home/m2s2/WildPose_v1.2-main/wildpose/install/livox_sdk_vendor:/home/m2s2/WildPose_v1.2-main/wildpose/install/livox_interfaces:${AMENT_PREFIX_PATH} CMAKE_PREFIX_PATH=/home/m2s2/WildPose_v1.2-main/wildpose/install/livox_sdk_vendor:/home/m2s2/WildPose_v1.2-main/wildpose/install/livox_interfaces:/opt/ros/foxy LD_LIBRARY_PATH=/home/m2s2/WildPose_v1.2-main/wildpose/install/livox_interfaces/lib:${LD_LIBRARY_PATH} PYTHONPATH=/home/m2s2/WildPose_v1.2-main/wildpose/install/livox_interfaces/lib/python3.8/site-packages:${PYTHONPATH} /usr/bin/cmake --install /home/m2s2/WildPose_v1.2-main/wildpose/build/livox_ros2_driver
