[1.760s] Invoking command in '/home/naoya/wildpose_v1.3/wildpose/src/lidar_control_package': CMAKE_PREFIX_PATH=/home/naoya/wildpose_v1.3/wildpose/install/wildpose_interfaces:/home/naoya/wildpose_v1.3/wildpose/install/wildpose_bringup:/home/naoya/wildpose_v1.3/wildpose/install/ximea_ros2_cam:/home/naoya/wildpose_v1.3/wildpose/install/vision_opencv:/home/naoya/wildpose_v1.3/wildpose/install/livox_ros2_driver:/home/naoya/wildpose_v1.3/wildpose/install/livox_sdk_vendor:/home/naoya/wildpose_v1.3/wildpose/install/livox_interfaces:/home/naoya/wildpose_v1.3/wildpose/install/iris_controller:/home/naoya/wildpose_v1.3/wildpose/install/image_geometry:/home/naoya/wildpose_v1.3/wildpose/install/cv_bridge:/home/naoya/ros2_ws/rmw_ecal/install/rmw_ecal_dynamic_cpp:/home/naoya/ros2_ws/rmw_ecal/install/rmw_ecal_shared_cpp PYTHONPATH=/home/naoya/wildpose_v1.3/wildpose/build/lidar_control_package/prefix_override:/home/naoya/wildpose_v1.3/wildpose/install/lidar_control_package/lib/python3.8/site-packages:/home/naoya/wildpose_v1.3/wildpose/install/wildpose_interfaces/lib/python3.8/site-packages:/home/naoya/wildpose_v1.3/wildpose/install/motor_controller_pkg/lib/python3.8/site-packages:/home/naoya/wildpose_v1.3/wildpose/install/lidar_control_package/lib/python3.8/site-packages:/home/naoya/wildpose_v1.3/wildpose/install/dji_rs3_pkg/lib/python3.8/site-packages:/home/naoya/wildpose_v1.3/wildpose/install/opencv_tests/lib/python3.8/site-packages:/home/naoya/wildpose_v1.3/wildpose/install/livox_interfaces/lib/python3.8/site-packages:/home/naoya/wildpose_v1.3/wildpose/install/image_geometry/lib/python3.8/site-packages:/home/naoya/wildpose_v1.3/wildpose/install/gamepad_pkg/lib/python3.8/site-packages:/home/naoya/wildpose_v1.3/wildpose/install/cv_bridge/lib/python3.8/site-packages:/opt/ros/foxy/lib/python3.8/site-packages /usr/bin/python3 setup.py egg_info --egg-base ../../build/lidar_control_package build --build-base /home/naoya/wildpose_v1.3/wildpose/build/lidar_control_package/build install --record /home/naoya/wildpose_v1.3/wildpose/build/lidar_control_package/install.log --install-scripts $base/lib/lidar_control_package --single-version-externally-managed
[1.886s] running egg_info
[1.886s] writing ../../build/lidar_control_package/lidar_control_package.egg-info/PKG-INFO
[1.886s] writing dependency_links to ../../build/lidar_control_package/lidar_control_package.egg-info/dependency_links.txt
[1.886s] writing entry points to ../../build/lidar_control_package/lidar_control_package.egg-info/entry_points.txt
[1.886s] writing requirements to ../../build/lidar_control_package/lidar_control_package.egg-info/requires.txt
[1.887s] writing top-level names to ../../build/lidar_control_package/lidar_control_package.egg-info/top_level.txt
[1.907s] reading manifest file '../../build/lidar_control_package/lidar_control_package.egg-info/SOURCES.txt'
[1.908s] writing manifest file '../../build/lidar_control_package/lidar_control_package.egg-info/SOURCES.txt'
[1.909s] running build
[1.909s] running build_py
[1.910s] running install
[1.910s] running install_lib
[1.910s] running install_data
[1.910s] running install_egg_info
[1.911s] removing '/home/naoya/wildpose_v1.3/wildpose/install/lidar_control_package/lib/python3.8/site-packages/lidar_control_package-0.0.0-py3.8.egg-info' (and everything under it)
[1.912s] Copying ../../build/lidar_control_package/lidar_control_package.egg-info to /home/naoya/wildpose_v1.3/wildpose/install/lidar_control_package/lib/python3.8/site-packages/lidar_control_package-0.0.0-py3.8.egg-info
[1.913s] running install_scripts
[1.924s] Installing lidar_control_node script to /home/naoya/wildpose_v1.3/wildpose/install/lidar_control_package/lib/lidar_control_package
[1.924s] writing list of installed files to '/home/naoya/wildpose_v1.3/wildpose/build/lidar_control_package/install.log'
[1.943s] Invoked command in '/home/naoya/wildpose_v1.3/wildpose/src/lidar_control_package' returned '0': CMAKE_PREFIX_PATH=/home/naoya/wildpose_v1.3/wildpose/install/wildpose_interfaces:/home/naoya/wildpose_v1.3/wildpose/install/wildpose_bringup:/home/naoya/wildpose_v1.3/wildpose/install/ximea_ros2_cam:/home/naoya/wildpose_v1.3/wildpose/install/vision_opencv:/home/naoya/wildpose_v1.3/wildpose/install/livox_ros2_driver:/home/naoya/wildpose_v1.3/wildpose/install/livox_sdk_vendor:/home/naoya/wildpose_v1.3/wildpose/install/livox_interfaces:/home/naoya/wildpose_v1.3/wildpose/install/iris_controller:/home/naoya/wildpose_v1.3/wildpose/install/image_geometry:/home/naoya/wildpose_v1.3/wildpose/install/cv_bridge:/home/naoya/ros2_ws/rmw_ecal/install/rmw_ecal_dynamic_cpp:/home/naoya/ros2_ws/rmw_ecal/install/rmw_ecal_shared_cpp PYTHONPATH=/home/naoya/wildpose_v1.3/wildpose/build/lidar_control_package/prefix_override:/home/naoya/wildpose_v1.3/wildpose/install/lidar_control_package/lib/python3.8/site-packages:/home/naoya/wildpose_v1.3/wildpose/install/wildpose_interfaces/lib/python3.8/site-packages:/home/naoya/wildpose_v1.3/wildpose/install/motor_controller_pkg/lib/python3.8/site-packages:/home/naoya/wildpose_v1.3/wildpose/install/lidar_control_package/lib/python3.8/site-packages:/home/naoya/wildpose_v1.3/wildpose/install/dji_rs3_pkg/lib/python3.8/site-packages:/home/naoya/wildpose_v1.3/wildpose/install/opencv_tests/lib/python3.8/site-packages:/home/naoya/wildpose_v1.3/wildpose/install/livox_interfaces/lib/python3.8/site-packages:/home/naoya/wildpose_v1.3/wildpose/install/image_geometry/lib/python3.8/site-packages:/home/naoya/wildpose_v1.3/wildpose/install/gamepad_pkg/lib/python3.8/site-packages:/home/naoya/wildpose_v1.3/wildpose/install/cv_bridge/lib/python3.8/site-packages:/opt/ros/foxy/lib/python3.8/site-packages /usr/bin/python3 setup.py egg_info --egg-base ../../build/lidar_control_package build --build-base /home/naoya/wildpose_v1.3/wildpose/build/lidar_control_package/build install --record /home/naoya/wildpose_v1.3/wildpose/build/lidar_control_package/install.log --install-scripts $base/lib/lidar_control_package --single-version-externally-managed
