[1.013s] Invoking command in '/home/naoya/wildpose_v1.3/wildpose/build/wildpose_interfaces': CMAKE_PREFIX_PATH=${CMAKE_PREFIX_PATH}:/home/naoya/Wildpose_v1.33/wildpose/install/motor_controller_pkg:/home/naoya/Wildpose_v1.33/wildpose/install/dji_rs3_pkg:/home/naoya/Wildpose_v1.33/wildpose/install/gamepad_pkg:/home/naoya/WildPose_v1.2/wildpose/install/motor_controller_pkg:/home/naoya/WildPose_v1.2/wildpose/install/gamepad_pkg:/opt/ros/foxy /usr/bin/cmake --build /home/naoya/wildpose_v1.3/wildpose/build/wildpose_interfaces -- -j16 -l16
[1.351s] -- Found ament_cmake: 0.9.12 (/opt/ros/foxy/share/ament_cmake/cmake)
[1.351s] -- Found PythonInterp: /usr/bin/python3 (found suitable version "3.8.10", minimum required is "3") 
[1.352s] -- Using PYTHON_EXECUTABLE: /usr/bin/python3
[1.352s] -- Found rosidl_default_generators: 1.0.1 (/opt/ros/foxy/share/rosidl_default_generators/cmake)
[1.352s] -- Using all available rosidl_typesupport_c: rosidl_typesupport_fastrtps_c;rosidl_typesupport_introspection_c
[1.353s] -- Found rosidl_adapter: 1.3.1 (/opt/ros/foxy/share/rosidl_adapter/cmake)
[1.354s] -- Using all available rosidl_typesupport_cpp: rosidl_typesupport_fastrtps_cpp;rosidl_typesupport_introspection_cpp
[1.355s] -- Found std_msgs: 2.0.5 (/opt/ros/foxy/share/std_msgs/cmake)
[1.368s] -- Found PythonInterp: /usr/bin/python3 (found version "3.8.10") 
[1.484s] -- Found ament_cmake_ros: 0.9.2 (/opt/ros/foxy/share/ament_cmake_ros/cmake)
[1.600s] -- Using all available rosidl_typesupport_c: rosidl_typesupport_fastrtps_c;rosidl_typesupport_introspection_c
[1.643s] -- Using all available rosidl_typesupport_cpp: rosidl_typesupport_fastrtps_cpp;rosidl_typesupport_introspection_cpp
[1.667s] -- Found PythonInterp: /usr/bin/python3 (found suitable version "3.8.10", minimum required is "3.5") 
[1.668s] -- Found python_cmake_module: 0.8.1 (/opt/ros/foxy/share/python_cmake_module/cmake)
[1.689s] -- Using PYTHON_EXECUTABLE: /usr/bin/python3
[1.690s] -- Using PYTHON_INCLUDE_DIRS: /usr/include/python3.8
[1.691s] -- Using PYTHON_LIBRARIES: /usr/lib/x86_64-linux-gnu/libpython3.8.so
[1.723s] -- Configuring done
[1.757s] -- Generating done
[1.760s] -- Build files have been written to: /home/naoya/wildpose_v1.3/wildpose/build/wildpose_interfaces
[1.778s] [35m[1mScanning dependencies of target wildpose_interfaces__cpp[0m
[1.779s] [  1%] [34m[1mGenerating C code for ROS interfaces[0m
[1.787s] [  3%] [34m[1mGenerating C++ code for ROS interfaces[0m
[2.021s] [  3%] Built target wildpose_interfaces__cpp
[2.025s] [35m[1mScanning dependencies of target wildpose_interfaces__rosidl_generator_c[0m
[2.031s] [  5%] [34m[1mGenerating C++ introspection for ROS interfaces[0m
[2.036s] [  9%] [34m[1mGenerating C++ type support dispatch for ROS interfaces[0m
[2.036s] [  9%] [34m[1mGenerating C++ type support for eProsima Fast-RTPS[0m
[2.036s] [ 14%] [32mBuilding C object CMakeFiles/wildpose_interfaces__rosidl_generator_c.dir/rosidl_generator_c/wildpose_interfaces/msg/detail/motor_status__functions.c.o[0m
[2.036s] [ 14%] [32mBuilding C object CMakeFiles/wildpose_interfaces__rosidl_generator_c.dir/rosidl_generator_c/wildpose_interfaces/msg/detail/lens_aperture__functions.c.o[0m
[2.036s] [ 14%] [32mBuilding C object CMakeFiles/wildpose_interfaces__rosidl_generator_c.dir/rosidl_generator_c/wildpose_interfaces/msg/detail/motor_positions__functions.c.o[0m
[2.042s] [ 16%] [32mBuilding C object CMakeFiles/wildpose_interfaces__rosidl_generator_c.dir/rosidl_generator_c/wildpose_interfaces/msg/detail/dji_rs_status__functions.c.o[0m
[2.101s] [ 18%] [32m[1mLinking C shared library libwildpose_interfaces__rosidl_generator_c.so[0m
[2.143s] [ 18%] Built target wildpose_interfaces__rosidl_generator_c
[2.153s] [ 20%] [34m[1mGenerating C introspection for ROS interfaces[0m
[2.153s] [ 21%] [34m[1mGenerating C type support dispatch for ROS interfaces[0m
[2.266s] [35m[1mScanning dependencies of target wildpose_interfaces__rosidl_typesupport_fastrtps_cpp[0m
[2.280s] [ 23%] [32mBuilding CXX object CMakeFiles/wildpose_interfaces__rosidl_typesupport_fastrtps_cpp.dir/rosidl_typesupport_fastrtps_cpp/wildpose_interfaces/msg/detail/dds_fastrtps/lens_aperture__type_support.cpp.o[0m
[2.281s] [ 25%] [32mBuilding CXX object CMakeFiles/wildpose_interfaces__rosidl_typesupport_fastrtps_cpp.dir/rosidl_typesupport_fastrtps_cpp/wildpose_interfaces/msg/detail/dds_fastrtps/motor_positions__type_support.cpp.o[0m
[2.284s] [ 29%] [32mBuilding CXX object CMakeFiles/wildpose_interfaces__rosidl_typesupport_fastrtps_cpp.dir/rosidl_typesupport_fastrtps_cpp/wildpose_interfaces/msg/detail/dds_fastrtps/dji_rs_status__type_support.cpp.o[0m
[2.284s] [ 29%] [32mBuilding CXX object CMakeFiles/wildpose_interfaces__rosidl_typesupport_fastrtps_cpp.dir/rosidl_typesupport_fastrtps_cpp/wildpose_interfaces/msg/detail/dds_fastrtps/motor_status__type_support.cpp.o[0m
[2.325s] [35m[1mScanning dependencies of target wildpose_interfaces__rosidl_typesupport_introspection_cpp[0m
[2.338s] [ 32%] [32mBuilding CXX object CMakeFiles/wildpose_interfaces__rosidl_typesupport_introspection_cpp.dir/rosidl_typesupport_introspection_cpp/wildpose_interfaces/msg/detail/lens_aperture__type_support.cpp.o[0m
[2.338s] [ 32%] [32mBuilding CXX object CMakeFiles/wildpose_interfaces__rosidl_typesupport_introspection_cpp.dir/rosidl_typesupport_introspection_cpp/wildpose_interfaces/msg/detail/dji_rs_status__type_support.cpp.o[0m
[2.342s] [ 34%] [32mBuilding CXX object CMakeFiles/wildpose_interfaces__rosidl_typesupport_introspection_cpp.dir/rosidl_typesupport_introspection_cpp/wildpose_interfaces/msg/detail/motor_positions__type_support.cpp.o[0m
[2.348s] [ 36%] [32mBuilding CXX object CMakeFiles/wildpose_interfaces__rosidl_typesupport_introspection_cpp.dir/rosidl_typesupport_introspection_cpp/wildpose_interfaces/msg/detail/motor_status__type_support.cpp.o[0m
[2.359s] [35m[1mScanning dependencies of target wildpose_interfaces__rosidl_typesupport_c[0m
[2.387s] [ 38%] [32mBuilding CXX object CMakeFiles/wildpose_interfaces__rosidl_typesupport_c.dir/rosidl_typesupport_c/wildpose_interfaces/msg/motor_status__type_support.cpp.o[0m
[2.391s] [ 40%] [32mBuilding CXX object CMakeFiles/wildpose_interfaces__rosidl_typesupport_c.dir/rosidl_typesupport_c/wildpose_interfaces/msg/lens_aperture__type_support.cpp.o[0m
[2.394s] [ 41%] [32mBuilding CXX object CMakeFiles/wildpose_interfaces__rosidl_typesupport_c.dir/rosidl_typesupport_c/wildpose_interfaces/msg/dji_rs_status__type_support.cpp.o[0m
[2.407s] [ 43%] [32mBuilding CXX object CMakeFiles/wildpose_interfaces__rosidl_typesupport_c.dir/rosidl_typesupport_c/wildpose_interfaces/msg/motor_positions__type_support.cpp.o[0m
[2.432s] [35m[1mScanning dependencies of target wildpose_interfaces__rosidl_typesupport_cpp[0m
[2.450s] [ 45%] [32mBuilding CXX object CMakeFiles/wildpose_interfaces__rosidl_typesupport_cpp.dir/rosidl_typesupport_cpp/wildpose_interfaces/msg/lens_aperture__type_support.cpp.o[0m
[2.452s] [35m[1mScanning dependencies of target wildpose_interfaces__rosidl_typesupport_introspection_c[0m
[2.453s] [ 47%] [32mBuilding CXX object CMakeFiles/wildpose_interfaces__rosidl_typesupport_cpp.dir/rosidl_typesupport_cpp/wildpose_interfaces/msg/dji_rs_status__type_support.cpp.o[0m
[2.460s] [ 49%] [32mBuilding CXX object CMakeFiles/wildpose_interfaces__rosidl_typesupport_cpp.dir/rosidl_typesupport_cpp/wildpose_interfaces/msg/motor_status__type_support.cpp.o[0m
[2.467s] [ 50%] [32mBuilding CXX object CMakeFiles/wildpose_interfaces__rosidl_typesupport_cpp.dir/rosidl_typesupport_cpp/wildpose_interfaces/msg/motor_positions__type_support.cpp.o[0m
[2.475s] [ 52%] [32m[1mLinking CXX shared library libwildpose_interfaces__rosidl_typesupport_c.so[0m
[2.478s] [ 54%] [32mBuilding C object CMakeFiles/wildpose_interfaces__rosidl_typesupport_introspection_c.dir/rosidl_typesupport_introspection_c/wildpose_interfaces/msg/detail/lens_aperture__type_support.c.o[0m
[2.490s] [ 56%] [32mBuilding C object CMakeFiles/wildpose_interfaces__rosidl_typesupport_introspection_c.dir/rosidl_typesupport_introspection_c/wildpose_interfaces/msg/detail/motor_status__type_support.c.o[0m
[2.512s] [ 58%] [32mBuilding C object CMakeFiles/wildpose_interfaces__rosidl_typesupport_introspection_c.dir/rosidl_typesupport_introspection_c/wildpose_interfaces/msg/detail/dji_rs_status__type_support.c.o[0m
[2.564s] [ 60%] [32mBuilding C object CMakeFiles/wildpose_interfaces__rosidl_typesupport_introspection_c.dir/rosidl_typesupport_introspection_c/wildpose_interfaces/msg/detail/motor_positions__type_support.c.o[0m
[2.566s] [ 60%] Built target wildpose_interfaces__rosidl_typesupport_c
[2.625s] [ 61%] [32m[1mLinking C shared library libwildpose_interfaces__rosidl_typesupport_introspection_c.so[0m
[2.688s] [ 61%] Built target wildpose_interfaces__rosidl_typesupport_introspection_c
[2.745s] [ 63%] [32m[1mLinking CXX shared library libwildpose_interfaces__rosidl_typesupport_introspection_cpp.so[0m
[2.799s] [ 63%] Built target wildpose_interfaces__rosidl_typesupport_introspection_cpp
[2.840s] [ 65%] [32m[1mLinking CXX shared library libwildpose_interfaces__rosidl_typesupport_cpp.so[0m
[2.873s] [ 67%] [32m[1mLinking CXX shared library libwildpose_interfaces__rosidl_typesupport_fastrtps_cpp.so[0m
[2.876s] [ 67%] Built target wildpose_interfaces__rosidl_typesupport_cpp
[2.942s] [ 67%] Built target wildpose_interfaces__rosidl_typesupport_fastrtps_cpp
[2.952s] [ 69%] [34m[1mGenerating C type support for eProsima Fast-RTPS[0m
[3.171s] [35m[1mScanning dependencies of target wildpose_interfaces__rosidl_typesupport_fastrtps_c[0m
[3.184s] [ 70%] [32mBuilding CXX object CMakeFiles/wildpose_interfaces__rosidl_typesupport_fastrtps_c.dir/rosidl_typesupport_fastrtps_c/wildpose_interfaces/msg/detail/lens_aperture__type_support_c.cpp.o[0m
[3.189s] [ 76%] [32mBuilding CXX object CMakeFiles/wildpose_interfaces__rosidl_typesupport_fastrtps_c.dir/rosidl_typesupport_fastrtps_c/wildpose_interfaces/msg/detail/motor_positions__type_support_c.cpp.o[0m
[3.189s] [ 76%] [32mBuilding CXX object CMakeFiles/wildpose_interfaces__rosidl_typesupport_fastrtps_c.dir/rosidl_typesupport_fastrtps_c/wildpose_interfaces/msg/detail/dji_rs_status__type_support_c.cpp.o[0m
[3.189s] [ 76%] [32mBuilding CXX object CMakeFiles/wildpose_interfaces__rosidl_typesupport_fastrtps_c.dir/rosidl_typesupport_fastrtps_c/wildpose_interfaces/msg/detail/motor_status__type_support_c.cpp.o[0m
[3.561s] [ 78%] [32m[1mLinking CXX shared library libwildpose_interfaces__rosidl_typesupport_fastrtps_c.so[0m
[3.638s] [ 78%] Built target wildpose_interfaces__rosidl_typesupport_fastrtps_c
[3.656s] [ 78%] Built target wildpose_interfaces
[3.666s] [35m[1mScanning dependencies of target wildpose_interfaces__py[0m
[3.676s] [ 80%] [34m[1mGenerating Python code for ROS interfaces[0m
[4.068s] [ 80%] Built target wildpose_interfaces__py
[4.075s] [35m[1mScanning dependencies of target wildpose_interfaces__python[0m
[4.089s] [ 83%] [32mBuilding C object CMakeFiles/wildpose_interfaces__python.dir/rosidl_generator_py/wildpose_interfaces/msg/_lens_aperture_s.c.o[0m
[4.089s] [ 83%] [32mBuilding C object CMakeFiles/wildpose_interfaces__python.dir/rosidl_generator_py/wildpose_interfaces/msg/_dji_rs_status_s.c.o[0m
[4.093s] [ 85%] [32mBuilding C object CMakeFiles/wildpose_interfaces__python.dir/rosidl_generator_py/wildpose_interfaces/msg/_motor_status_s.c.o[0m
[4.094s] [ 87%] [32mBuilding C object CMakeFiles/wildpose_interfaces__python.dir/rosidl_generator_py/wildpose_interfaces/msg/_motor_positions_s.c.o[0m
[4.169s] [ 89%] [32m[1mLinking C shared library rosidl_generator_py/wildpose_interfaces/libwildpose_interfaces__python.so[0m
[4.200s] [ 89%] Built target wildpose_interfaces__python
[4.208s] [35m[1mScanning dependencies of target wildpose_interfaces__rosidl_typesupport_fastrtps_c__pyext[0m
[4.209s] [35m[1mScanning dependencies of target wildpose_interfaces__rosidl_typesupport_c__pyext[0m
[4.209s] [35m[1mScanning dependencies of target wildpose_interfaces__rosidl_typesupport_introspection_c__pyext[0m
[4.221s] [ 90%] [32mBuilding C object CMakeFiles/wildpose_interfaces__rosidl_typesupport_introspection_c__pyext.dir/rosidl_generator_py/wildpose_interfaces/_wildpose_interfaces_s.ep.rosidl_typesupport_introspection_c.c.o[0m
[4.222s] [ 92%] [32mBuilding C object CMakeFiles/wildpose_interfaces__rosidl_typesupport_c__pyext.dir/rosidl_generator_py/wildpose_interfaces/_wildpose_interfaces_s.ep.rosidl_typesupport_c.c.o[0m
[4.223s] [ 94%] [32mBuilding C object CMakeFiles/wildpose_interfaces__rosidl_typesupport_fastrtps_c__pyext.dir/rosidl_generator_py/wildpose_interfaces/_wildpose_interfaces_s.ep.rosidl_typesupport_fastrtps_c.c.o[0m
[4.284s] [100%] [32m[1mLinking C shared library rosidl_generator_py/wildpose_interfaces/wildpose_interfaces_s__rosidl_typesupport_c.cpython-38-x86_64-linux-gnu.so[0m
[4.284s] [100%] [32m[1mLinking CXX shared library rosidl_generator_py/wildpose_interfaces/wildpose_interfaces_s__rosidl_typesupport_fastrtps_c.cpython-38-x86_64-linux-gnu.so[0m
[4.284s] [100%] [32m[1mLinking C shared library rosidl_generator_py/wildpose_interfaces/wildpose_interfaces_s__rosidl_typesupport_introspection_c.cpython-38-x86_64-linux-gnu.so[0m
[4.310s] [100%] Built target wildpose_interfaces__rosidl_typesupport_c__pyext
[4.311s] [100%] Built target wildpose_interfaces__rosidl_typesupport_introspection_c__pyext
[4.329s] [100%] Built target wildpose_interfaces__rosidl_typesupport_fastrtps_c__pyext
[4.339s] Invoked command in '/home/naoya/wildpose_v1.3/wildpose/build/wildpose_interfaces' returned '0': CMAKE_PREFIX_PATH=${CMAKE_PREFIX_PATH}:/home/naoya/Wildpose_v1.33/wildpose/install/motor_controller_pkg:/home/naoya/Wildpose_v1.33/wildpose/install/dji_rs3_pkg:/home/naoya/Wildpose_v1.33/wildpose/install/gamepad_pkg:/home/naoya/WildPose_v1.2/wildpose/install/motor_controller_pkg:/home/naoya/WildPose_v1.2/wildpose/install/gamepad_pkg:/opt/ros/foxy /usr/bin/cmake --build /home/naoya/wildpose_v1.3/wildpose/build/wildpose_interfaces -- -j16 -l16
[4.400s] Invoking command in '/home/naoya/wildpose_v1.3/wildpose/build/wildpose_interfaces': CMAKE_PREFIX_PATH=${CMAKE_PREFIX_PATH}:/home/naoya/Wildpose_v1.33/wildpose/install/motor_controller_pkg:/home/naoya/Wildpose_v1.33/wildpose/install/dji_rs3_pkg:/home/naoya/Wildpose_v1.33/wildpose/install/gamepad_pkg:/home/naoya/WildPose_v1.2/wildpose/install/motor_controller_pkg:/home/naoya/WildPose_v1.2/wildpose/install/gamepad_pkg:/opt/ros/foxy /usr/bin/cmake --install /home/naoya/wildpose_v1.3/wildpose/build/wildpose_interfaces
[4.406s] -- Install configuration: ""
[4.406s] -- Installing: /home/naoya/wildpose_v1.3/wildpose/install/wildpose_interfaces/share/ament_index/resource_index/rosidl_interfaces/wildpose_interfaces
[4.407s] -- Up-to-date: /home/naoya/wildpose_v1.3/wildpose/install/wildpose_interfaces/include/wildpose_interfaces
[4.407s] -- Up-to-date: /home/naoya/wildpose_v1.3/wildpose/install/wildpose_interfaces/include/wildpose_interfaces/msg
[4.407s] -- Installing: /home/naoya/wildpose_v1.3/wildpose/install/wildpose_interfaces/include/wildpose_interfaces/msg/motor_positions.h
[4.407s] -- Up-to-date: /home/naoya/wildpose_v1.3/wildpose/install/wildpose_interfaces/include/wildpose_interfaces/msg/detail
[4.407s] -- Installing: /home/naoya/wildpose_v1.3/wildpose/install/wildpose_interfaces/include/wildpose_interfaces/msg/detail/motor_positions__functions.c
[4.407s] -- Installing: /home/naoya/wildpose_v1.3/wildpose/install/wildpose_interfaces/include/wildpose_interfaces/msg/detail/motor_positions__functions.h
[4.407s] -- Installing: /home/naoya/wildpose_v1.3/wildpose/install/wildpose_interfaces/include/wildpose_interfaces/msg/detail/lens_aperture__type_support.h
[4.407s] -- Installing: /home/naoya/wildpose_v1.3/wildpose/install/wildpose_interfaces/include/wildpose_interfaces/msg/detail/lens_aperture__functions.h
[4.408s] -- Installing: /home/naoya/wildpose_v1.3/wildpose/install/wildpose_interfaces/include/wildpose_interfaces/msg/detail/motor_positions__struct.h
[4.408s] -- Installing: /home/naoya/wildpose_v1.3/wildpose/install/wildpose_interfaces/include/wildpose_interfaces/msg/detail/motor_status__functions.h
[4.408s] -- Installing: /home/naoya/wildpose_v1.3/wildpose/install/wildpose_interfaces/include/wildpose_interfaces/msg/detail/dji_rs_status__type_support.h
[4.408s] -- Installing: /home/naoya/wildpose_v1.3/wildpose/install/wildpose_interfaces/include/wildpose_interfaces/msg/detail/lens_aperture__struct.h
[4.408s] -- Installing: /home/naoya/wildpose_v1.3/wildpose/install/wildpose_interfaces/include/wildpose_interfaces/msg/detail/motor_status__functions.c
[4.408s] -- Installing: /home/naoya/wildpose_v1.3/wildpose/install/wildpose_interfaces/include/wildpose_interfaces/msg/detail/lens_aperture__functions.c
[4.408s] -- Installing: /home/naoya/wildpose_v1.3/wildpose/install/wildpose_interfaces/include/wildpose_interfaces/msg/detail/motor_status__type_support.h
[4.408s] -- Installing: /home/naoya/wildpose_v1.3/wildpose/install/wildpose_interfaces/include/wildpose_interfaces/msg/detail/dji_rs_status__struct.h
[4.409s] -- Installing: /home/naoya/wildpose_v1.3/wildpose/install/wildpose_interfaces/include/wildpose_interfaces/msg/detail/dji_rs_status__functions.c
[4.409s] -- Installing: /home/naoya/wildpose_v1.3/wildpose/install/wildpose_interfaces/include/wildpose_interfaces/msg/detail/dji_rs_status__functions.h
[4.409s] -- Installing: /home/naoya/wildpose_v1.3/wildpose/install/wildpose_interfaces/include/wildpose_interfaces/msg/detail/motor_positions__type_support.h
[4.409s] -- Installing: /home/naoya/wildpose_v1.3/wildpose/install/wildpose_interfaces/include/wildpose_interfaces/msg/detail/motor_status__struct.h
[4.409s] -- Up-to-date: /home/naoya/wildpose_v1.3/wildpose/install/wildpose_interfaces/include/wildpose_interfaces/msg/rosidl_generator_c__visibility_control.h
[4.409s] -- Installing: /home/naoya/wildpose_v1.3/wildpose/install/wildpose_interfaces/include/wildpose_interfaces/msg/dji_rs_status.h
[4.409s] -- Installing: /home/naoya/wildpose_v1.3/wildpose/install/wildpose_interfaces/include/wildpose_interfaces/msg/motor_status.h
[4.409s] -- Installing: /home/naoya/wildpose_v1.3/wildpose/install/wildpose_interfaces/include/wildpose_interfaces/msg/lens_aperture.h
[4.410s] -- Up-to-date: /home/naoya/wildpose_v1.3/wildpose/install/wildpose_interfaces/share/wildpose_interfaces/environment/library_path.sh
[4.410s] -- Installing: /home/naoya/wildpose_v1.3/wildpose/install/wildpose_interfaces/share/wildpose_interfaces/environment/library_path.dsv
[4.410s] -- Installing: /home/naoya/wildpose_v1.3/wildpose/install/wildpose_interfaces/lib/libwildpose_interfaces__rosidl_generator_c.so
[4.410s] -- Set runtime path of "/home/naoya/wildpose_v1.3/wildpose/install/wildpose_interfaces/lib/libwildpose_interfaces__rosidl_generator_c.so" to ""
[4.410s] -- Up-to-date: /home/naoya/wildpose_v1.3/wildpose/install/wildpose_interfaces/include/wildpose_interfaces
[4.410s] -- Up-to-date: /home/naoya/wildpose_v1.3/wildpose/install/wildpose_interfaces/include/wildpose_interfaces/msg
[4.410s] -- Up-to-date: /home/naoya/wildpose_v1.3/wildpose/install/wildpose_interfaces/include/wildpose_interfaces/msg/detail
[4.411s] -- Installing: /home/naoya/wildpose_v1.3/wildpose/install/wildpose_interfaces/include/wildpose_interfaces/msg/detail/dji_rs_status__rosidl_typesupport_fastrtps_c.h
[4.411s] -- Installing: /home/naoya/wildpose_v1.3/wildpose/install/wildpose_interfaces/include/wildpose_interfaces/msg/detail/motor_status__rosidl_typesupport_fastrtps_c.h
[4.411s] -- Installing: /home/naoya/wildpose_v1.3/wildpose/install/wildpose_interfaces/include/wildpose_interfaces/msg/detail/motor_positions__rosidl_typesupport_fastrtps_c.h
[4.411s] -- Installing: /home/naoya/wildpose_v1.3/wildpose/install/wildpose_interfaces/include/wildpose_interfaces/msg/detail/lens_aperture__rosidl_typesupport_fastrtps_c.h
[4.411s] -- Up-to-date: /home/naoya/wildpose_v1.3/wildpose/install/wildpose_interfaces/include/wildpose_interfaces/msg/rosidl_typesupport_fastrtps_c__visibility_control.h
[4.411s] -- Installing: /home/naoya/wildpose_v1.3/wildpose/install/wildpose_interfaces/lib/libwildpose_interfaces__rosidl_typesupport_fastrtps_c.so
[4.411s] -- Set runtime path of "/home/naoya/wildpose_v1.3/wildpose/install/wildpose_interfaces/lib/libwildpose_interfaces__rosidl_typesupport_fastrtps_c.so" to ""
[4.411s] -- Up-to-date: /home/naoya/wildpose_v1.3/wildpose/install/wildpose_interfaces/include/wildpose_interfaces
[4.411s] -- Up-to-date: /home/naoya/wildpose_v1.3/wildpose/install/wildpose_interfaces/include/wildpose_interfaces/msg
[4.412s] -- Up-to-date: /home/naoya/wildpose_v1.3/wildpose/install/wildpose_interfaces/include/wildpose_interfaces/msg/detail
[4.412s] -- Installing: /home/naoya/wildpose_v1.3/wildpose/install/wildpose_interfaces/include/wildpose_interfaces/msg/detail/lens_aperture__rosidl_typesupport_fastrtps_cpp.hpp
[4.412s] -- Installing: /home/naoya/wildpose_v1.3/wildpose/install/wildpose_interfaces/include/wildpose_interfaces/msg/detail/motor_status__rosidl_typesupport_fastrtps_cpp.hpp
[4.412s] -- Up-to-date: /home/naoya/wildpose_v1.3/wildpose/install/wildpose_interfaces/include/wildpose_interfaces/msg/detail/dds_fastrtps
[4.412s] -- Installing: /home/naoya/wildpose_v1.3/wildpose/install/wildpose_interfaces/include/wildpose_interfaces/msg/detail/dji_rs_status__rosidl_typesupport_fastrtps_cpp.hpp
[4.412s] -- Installing: /home/naoya/wildpose_v1.3/wildpose/install/wildpose_interfaces/include/wildpose_interfaces/msg/detail/motor_positions__rosidl_typesupport_fastrtps_cpp.hpp
[4.412s] -- Up-to-date: /home/naoya/wildpose_v1.3/wildpose/install/wildpose_interfaces/include/wildpose_interfaces/msg/rosidl_typesupport_fastrtps_cpp__visibility_control.h
[4.412s] -- Installing: /home/naoya/wildpose_v1.3/wildpose/install/wildpose_interfaces/lib/libwildpose_interfaces__rosidl_typesupport_fastrtps_cpp.so
[4.412s] -- Set runtime path of "/home/naoya/wildpose_v1.3/wildpose/install/wildpose_interfaces/lib/libwildpose_interfaces__rosidl_typesupport_fastrtps_cpp.so" to ""
[4.412s] -- Up-to-date: /home/naoya/wildpose_v1.3/wildpose/install/wildpose_interfaces/include/wildpose_interfaces
[4.412s] -- Up-to-date: /home/naoya/wildpose_v1.3/wildpose/install/wildpose_interfaces/include/wildpose_interfaces/msg
[4.412s] -- Up-to-date: /home/naoya/wildpose_v1.3/wildpose/install/wildpose_interfaces/include/wildpose_interfaces/msg/detail
[4.413s] -- Installing: /home/naoya/wildpose_v1.3/wildpose/install/wildpose_interfaces/include/wildpose_interfaces/msg/detail/lens_aperture__type_support.c
[4.413s] -- Installing: /home/naoya/wildpose_v1.3/wildpose/install/wildpose_interfaces/include/wildpose_interfaces/msg/detail/motor_status__rosidl_typesupport_introspection_c.h
[4.413s] -- Installing: /home/naoya/wildpose_v1.3/wildpose/install/wildpose_interfaces/include/wildpose_interfaces/msg/detail/dji_rs_status__type_support.c
[4.413s] -- Installing: /home/naoya/wildpose_v1.3/wildpose/install/wildpose_interfaces/include/wildpose_interfaces/msg/detail/motor_positions__rosidl_typesupport_introspection_c.h
[4.413s] -- Installing: /home/naoya/wildpose_v1.3/wildpose/install/wildpose_interfaces/include/wildpose_interfaces/msg/detail/dji_rs_status__rosidl_typesupport_introspection_c.h
[4.413s] -- Installing: /home/naoya/wildpose_v1.3/wildpose/install/wildpose_interfaces/include/wildpose_interfaces/msg/detail/lens_aperture__rosidl_typesupport_introspection_c.h
[4.413s] -- Installing: /home/naoya/wildpose_v1.3/wildpose/install/wildpose_interfaces/include/wildpose_interfaces/msg/detail/motor_positions__type_support.c
[4.413s] -- Installing: /home/naoya/wildpose_v1.3/wildpose/install/wildpose_interfaces/include/wildpose_interfaces/msg/detail/motor_status__type_support.c
[4.413s] -- Up-to-date: /home/naoya/wildpose_v1.3/wildpose/install/wildpose_interfaces/include/wildpose_interfaces/msg/rosidl_typesupport_introspection_c__visibility_control.h
[4.413s] -- Installing: /home/naoya/wildpose_v1.3/wildpose/install/wildpose_interfaces/lib/libwildpose_interfaces__rosidl_typesupport_introspection_c.so
[4.413s] -- Set runtime path of "/home/naoya/wildpose_v1.3/wildpose/install/wildpose_interfaces/lib/libwildpose_interfaces__rosidl_typesupport_introspection_c.so" to ""
[4.413s] -- Installing: /home/naoya/wildpose_v1.3/wildpose/install/wildpose_interfaces/lib/libwildpose_interfaces__rosidl_typesupport_c.so
[4.414s] -- Set runtime path of "/home/naoya/wildpose_v1.3/wildpose/install/wildpose_interfaces/lib/libwildpose_interfaces__rosidl_typesupport_c.so" to ""
[4.414s] -- Up-to-date: /home/naoya/wildpose_v1.3/wildpose/install/wildpose_interfaces/include/wildpose_interfaces
[4.414s] -- Up-to-date: /home/naoya/wildpose_v1.3/wildpose/install/wildpose_interfaces/include/wildpose_interfaces/msg
[4.414s] -- Installing: /home/naoya/wildpose_v1.3/wildpose/install/wildpose_interfaces/include/wildpose_interfaces/msg/lens_aperture.hpp
[4.414s] -- Up-to-date: /home/naoya/wildpose_v1.3/wildpose/install/wildpose_interfaces/include/wildpose_interfaces/msg/detail
[4.414s] -- Installing: /home/naoya/wildpose_v1.3/wildpose/install/wildpose_interfaces/include/wildpose_interfaces/msg/detail/lens_aperture__struct.hpp
[4.414s] -- Installing: /home/naoya/wildpose_v1.3/wildpose/install/wildpose_interfaces/include/wildpose_interfaces/msg/detail/dji_rs_status__builder.hpp
[4.414s] -- Installing: /home/naoya/wildpose_v1.3/wildpose/install/wildpose_interfaces/include/wildpose_interfaces/msg/detail/motor_status__type_support.hpp
[4.414s] -- Installing: /home/naoya/wildpose_v1.3/wildpose/install/wildpose_interfaces/include/wildpose_interfaces/msg/detail/motor_positions__struct.hpp
[4.414s] -- Installing: /home/naoya/wildpose_v1.3/wildpose/install/wildpose_interfaces/include/wildpose_interfaces/msg/detail/dji_rs_status__struct.hpp
[4.414s] -- Installing: /home/naoya/wildpose_v1.3/wildpose/install/wildpose_interfaces/include/wildpose_interfaces/msg/detail/lens_aperture__builder.hpp
[4.415s] -- Installing: /home/naoya/wildpose_v1.3/wildpose/install/wildpose_interfaces/include/wildpose_interfaces/msg/detail/dji_rs_status__traits.hpp
[4.415s] -- Installing: /home/naoya/wildpose_v1.3/wildpose/install/wildpose_interfaces/include/wildpose_interfaces/msg/detail/motor_status__builder.hpp
[4.415s] -- Installing: /home/naoya/wildpose_v1.3/wildpose/install/wildpose_interfaces/include/wildpose_interfaces/msg/detail/motor_positions__type_support.hpp
[4.415s] -- Installing: /home/naoya/wildpose_v1.3/wildpose/install/wildpose_interfaces/include/wildpose_interfaces/msg/detail/motor_status__struct.hpp
[4.415s] -- Installing: /home/naoya/wildpose_v1.3/wildpose/install/wildpose_interfaces/include/wildpose_interfaces/msg/detail/motor_positions__traits.hpp
[4.415s] -- Installing: /home/naoya/wildpose_v1.3/wildpose/install/wildpose_interfaces/include/wildpose_interfaces/msg/detail/motor_status__traits.hpp
[4.415s] -- Installing: /home/naoya/wildpose_v1.3/wildpose/install/wildpose_interfaces/include/wildpose_interfaces/msg/detail/motor_positions__builder.hpp
[4.415s] -- Installing: /home/naoya/wildpose_v1.3/wildpose/install/wildpose_interfaces/include/wildpose_interfaces/msg/detail/lens_aperture__traits.hpp
[4.415s] -- Installing: /home/naoya/wildpose_v1.3/wildpose/install/wildpose_interfaces/include/wildpose_interfaces/msg/detail/dji_rs_status__type_support.hpp
[4.415s] -- Installing: /home/naoya/wildpose_v1.3/wildpose/install/wildpose_interfaces/include/wildpose_interfaces/msg/detail/lens_aperture__type_support.hpp
[4.415s] -- Installing: /home/naoya/wildpose_v1.3/wildpose/install/wildpose_interfaces/include/wildpose_interfaces/msg/motor_status.hpp
[4.415s] -- Up-to-date: /home/naoya/wildpose_v1.3/wildpose/install/wildpose_interfaces/include/wildpose_interfaces/msg/rosidl_generator_cpp__visibility_control.hpp
[4.415s] -- Installing: /home/naoya/wildpose_v1.3/wildpose/install/wildpose_interfaces/include/wildpose_interfaces/msg/dji_rs_status.hpp
[4.415s] -- Installing: /home/naoya/wildpose_v1.3/wildpose/install/wildpose_interfaces/include/wildpose_interfaces/msg/motor_positions.hpp
[4.415s] -- Up-to-date: /home/naoya/wildpose_v1.3/wildpose/install/wildpose_interfaces/include/wildpose_interfaces
[4.415s] -- Up-to-date: /home/naoya/wildpose_v1.3/wildpose/install/wildpose_interfaces/include/wildpose_interfaces/msg
[4.415s] -- Up-to-date: /home/naoya/wildpose_v1.3/wildpose/install/wildpose_interfaces/include/wildpose_interfaces/msg/detail
[4.415s] -- Installing: /home/naoya/wildpose_v1.3/wildpose/install/wildpose_interfaces/include/wildpose_interfaces/msg/detail/motor_positions__rosidl_typesupport_introspection_cpp.hpp
[4.415s] -- Installing: /home/naoya/wildpose_v1.3/wildpose/install/wildpose_interfaces/include/wildpose_interfaces/msg/detail/lens_aperture__rosidl_typesupport_introspection_cpp.hpp
[4.415s] -- Installing: /home/naoya/wildpose_v1.3/wildpose/install/wildpose_interfaces/include/wildpose_interfaces/msg/detail/motor_positions__type_support.cpp
[4.415s] -- Installing: /home/naoya/wildpose_v1.3/wildpose/install/wildpose_interfaces/include/wildpose_interfaces/msg/detail/motor_status__type_support.cpp
[4.415s] -- Installing: /home/naoya/wildpose_v1.3/wildpose/install/wildpose_interfaces/include/wildpose_interfaces/msg/detail/dji_rs_status__rosidl_typesupport_introspection_cpp.hpp
[4.415s] -- Installing: /home/naoya/wildpose_v1.3/wildpose/install/wildpose_interfaces/include/wildpose_interfaces/msg/detail/motor_status__rosidl_typesupport_introspection_cpp.hpp
[4.415s] -- Installing: /home/naoya/wildpose_v1.3/wildpose/install/wildpose_interfaces/include/wildpose_interfaces/msg/detail/lens_aperture__type_support.cpp
[4.415s] -- Installing: /home/naoya/wildpose_v1.3/wildpose/install/wildpose_interfaces/include/wildpose_interfaces/msg/detail/dji_rs_status__type_support.cpp
[4.415s] -- Installing: /home/naoya/wildpose_v1.3/wildpose/install/wildpose_interfaces/lib/libwildpose_interfaces__rosidl_typesupport_introspection_cpp.so
[4.415s] -- Set runtime path of "/home/naoya/wildpose_v1.3/wildpose/install/wildpose_interfaces/lib/libwildpose_interfaces__rosidl_typesupport_introspection_cpp.so" to ""
[4.415s] -- Installing: /home/naoya/wildpose_v1.3/wildpose/install/wildpose_interfaces/lib/libwildpose_interfaces__rosidl_typesupport_cpp.so
[4.415s] -- Set runtime path of "/home/naoya/wildpose_v1.3/wildpose/install/wildpose_interfaces/lib/libwildpose_interfaces__rosidl_typesupport_cpp.so" to ""
[4.415s] -- Up-to-date: /home/naoya/wildpose_v1.3/wildpose/install/wildpose_interfaces/share/wildpose_interfaces/environment/pythonpath.sh
[4.415s] -- Installing: /home/naoya/wildpose_v1.3/wildpose/install/wildpose_interfaces/share/wildpose_interfaces/environment/pythonpath.dsv
[4.415s] -- Installing: /home/naoya/wildpose_v1.3/wildpose/install/wildpose_interfaces/lib/python3.8/site-packages/wildpose_interfaces/__init__.py
[4.437s] Compiling '/home/naoya/wildpose_v1.3/wildpose/install/wildpose_interfaces/lib/python3.8/site-packages/wildpose_interfaces/__init__.py'...
[4.439s] -- Up-to-date: /home/naoya/wildpose_v1.3/wildpose/install/wildpose_interfaces/lib/python3.8/site-packages/wildpose_interfaces/msg
[4.440s] -- Installing: /home/naoya/wildpose_v1.3/wildpose/install/wildpose_interfaces/lib/python3.8/site-packages/wildpose_interfaces/msg/_motor_status.py
[4.440s] -- Installing: /home/naoya/wildpose_v1.3/wildpose/install/wildpose_interfaces/lib/python3.8/site-packages/wildpose_interfaces/msg/_lens_aperture.py
[4.440s] -- Installing: /home/naoya/wildpose_v1.3/wildpose/install/wildpose_interfaces/lib/python3.8/site-packages/wildpose_interfaces/msg/_motor_status_s.c
[4.440s] -- Installing: /home/naoya/wildpose_v1.3/wildpose/install/wildpose_interfaces/lib/python3.8/site-packages/wildpose_interfaces/msg/_dji_rs_status_s.c
[4.440s] -- Installing: /home/naoya/wildpose_v1.3/wildpose/install/wildpose_interfaces/lib/python3.8/site-packages/wildpose_interfaces/msg/_motor_positions.py
[4.440s] -- Installing: /home/naoya/wildpose_v1.3/wildpose/install/wildpose_interfaces/lib/python3.8/site-packages/wildpose_interfaces/msg/_lens_aperture_s.c
[4.440s] -- Installing: /home/naoya/wildpose_v1.3/wildpose/install/wildpose_interfaces/lib/python3.8/site-packages/wildpose_interfaces/msg/__init__.py
[4.440s] -- Installing: /home/naoya/wildpose_v1.3/wildpose/install/wildpose_interfaces/lib/python3.8/site-packages/wildpose_interfaces/msg/_motor_positions_s.c
[4.440s] -- Installing: /home/naoya/wildpose_v1.3/wildpose/install/wildpose_interfaces/lib/python3.8/site-packages/wildpose_interfaces/msg/_dji_rs_status.py
[4.440s] -- Installing: /home/naoya/wildpose_v1.3/wildpose/install/wildpose_interfaces/lib/python3.8/site-packages/wildpose_interfaces/wildpose_interfaces_s__rosidl_typesupport_fastrtps_c.cpython-38-x86_64-linux-gnu.so
[4.440s] -- Set runtime path of "/home/naoya/wildpose_v1.3/wildpose/install/wildpose_interfaces/lib/python3.8/site-packages/wildpose_interfaces/wildpose_interfaces_s__rosidl_typesupport_fastrtps_c.cpython-38-x86_64-linux-gnu.so" to ""
[4.441s] -- Installing: /home/naoya/wildpose_v1.3/wildpose/install/wildpose_interfaces/lib/python3.8/site-packages/wildpose_interfaces/wildpose_interfaces_s__rosidl_typesupport_introspection_c.cpython-38-x86_64-linux-gnu.so
[4.441s] -- Set runtime path of "/home/naoya/wildpose_v1.3/wildpose/install/wildpose_interfaces/lib/python3.8/site-packages/wildpose_interfaces/wildpose_interfaces_s__rosidl_typesupport_introspection_c.cpython-38-x86_64-linux-gnu.so" to ""
[4.441s] -- Installing: /home/naoya/wildpose_v1.3/wildpose/install/wildpose_interfaces/lib/python3.8/site-packages/wildpose_interfaces/wildpose_interfaces_s__rosidl_typesupport_c.cpython-38-x86_64-linux-gnu.so
[4.442s] -- Set runtime path of "/home/naoya/wildpose_v1.3/wildpose/install/wildpose_interfaces/lib/python3.8/site-packages/wildpose_interfaces/wildpose_interfaces_s__rosidl_typesupport_c.cpython-38-x86_64-linux-gnu.so" to ""
[4.442s] -- Installing: /home/naoya/wildpose_v1.3/wildpose/install/wildpose_interfaces/lib/libwildpose_interfaces__python.so
[4.442s] -- Set runtime path of "/home/naoya/wildpose_v1.3/wildpose/install/wildpose_interfaces/lib/libwildpose_interfaces__python.so" to ""
[4.442s] -- Installing: /home/naoya/wildpose_v1.3/wildpose/install/wildpose_interfaces/share/wildpose_interfaces/msg/LensAperture.idl
[4.442s] -- Up-to-date: /home/naoya/wildpose_v1.3/wildpose/install/wildpose_interfaces/share/wildpose_interfaces/msg/DjiRsStatus.idl
[4.442s] -- Up-to-date: /home/naoya/wildpose_v1.3/wildpose/install/wildpose_interfaces/share/wildpose_interfaces/msg/MotorStatus.idl
[4.442s] -- Up-to-date: /home/naoya/wildpose_v1.3/wildpose/install/wildpose_interfaces/share/wildpose_interfaces/msg/MotorPositions.idl
[4.443s] -- Installing: /home/naoya/wildpose_v1.3/wildpose/install/wildpose_interfaces/share/wildpose_interfaces/msg/LensAperture.msg
[4.443s] -- Up-to-date: /home/naoya/wildpose_v1.3/wildpose/install/wildpose_interfaces/share/wildpose_interfaces/msg/DjiRsStatus.msg
[4.443s] -- Up-to-date: /home/naoya/wildpose_v1.3/wildpose/install/wildpose_interfaces/share/wildpose_interfaces/msg/MotorStatus.msg
[4.443s] -- Up-to-date: /home/naoya/wildpose_v1.3/wildpose/install/wildpose_interfaces/share/wildpose_interfaces/msg/MotorPositions.msg
[4.443s] -- Up-to-date: /home/naoya/wildpose_v1.3/wildpose/install/wildpose_interfaces/share/ament_index/resource_index/package_run_dependencies/wildpose_interfaces
[4.443s] -- Installing: /home/naoya/wildpose_v1.3/wildpose/install/wildpose_interfaces/share/ament_index/resource_index/parent_prefix_path/wildpose_interfaces
[4.443s] -- Up-to-date: /home/naoya/wildpose_v1.3/wildpose/install/wildpose_interfaces/share/wildpose_interfaces/environment/ament_prefix_path.sh
[4.443s] -- Installing: /home/naoya/wildpose_v1.3/wildpose/install/wildpose_interfaces/share/wildpose_interfaces/environment/ament_prefix_path.dsv
[4.443s] -- Up-to-date: /home/naoya/wildpose_v1.3/wildpose/install/wildpose_interfaces/share/wildpose_interfaces/environment/path.sh
[4.443s] -- Installing: /home/naoya/wildpose_v1.3/wildpose/install/wildpose_interfaces/share/wildpose_interfaces/environment/path.dsv
[4.443s] -- Up-to-date: /home/naoya/wildpose_v1.3/wildpose/install/wildpose_interfaces/share/wildpose_interfaces/local_setup.bash
[4.443s] -- Up-to-date: /home/naoya/wildpose_v1.3/wildpose/install/wildpose_interfaces/share/wildpose_interfaces/local_setup.sh
[4.443s] -- Up-to-date: /home/naoya/wildpose_v1.3/wildpose/install/wildpose_interfaces/share/wildpose_interfaces/local_setup.zsh
[4.443s] -- Installing: /home/naoya/wildpose_v1.3/wildpose/install/wildpose_interfaces/share/wildpose_interfaces/local_setup.dsv
[4.443s] -- Installing: /home/naoya/wildpose_v1.3/wildpose/install/wildpose_interfaces/share/wildpose_interfaces/package.dsv
[4.443s] -- Up-to-date: /home/naoya/wildpose_v1.3/wildpose/install/wildpose_interfaces/share/ament_index/resource_index/packages/wildpose_interfaces
[4.443s] -- Up-to-date: /home/naoya/wildpose_v1.3/wildpose/install/wildpose_interfaces/share/wildpose_interfaces/cmake/wildpose_interfaces__rosidl_generator_cExport.cmake
[4.443s] -- Installing: /home/naoya/wildpose_v1.3/wildpose/install/wildpose_interfaces/share/wildpose_interfaces/cmake/wildpose_interfaces__rosidl_generator_cExport-noconfig.cmake
[4.443s] -- Up-to-date: /home/naoya/wildpose_v1.3/wildpose/install/wildpose_interfaces/share/wildpose_interfaces/cmake/wildpose_interfaces__rosidl_typesupport_introspection_cExport.cmake
[4.443s] -- Installing: /home/naoya/wildpose_v1.3/wildpose/install/wildpose_interfaces/share/wildpose_interfaces/cmake/wildpose_interfaces__rosidl_typesupport_introspection_cExport-noconfig.cmake
[4.444s] -- Up-to-date: /home/naoya/wildpose_v1.3/wildpose/install/wildpose_interfaces/share/wildpose_interfaces/cmake/wildpose_interfaces__rosidl_typesupport_cExport.cmake
[4.444s] -- Installing: /home/naoya/wildpose_v1.3/wildpose/install/wildpose_interfaces/share/wildpose_interfaces/cmake/wildpose_interfaces__rosidl_typesupport_cExport-noconfig.cmake
[4.444s] -- Up-to-date: /home/naoya/wildpose_v1.3/wildpose/install/wildpose_interfaces/share/wildpose_interfaces/cmake/wildpose_interfaces__rosidl_generator_cppExport.cmake
[4.444s] -- Up-to-date: /home/naoya/wildpose_v1.3/wildpose/install/wildpose_interfaces/share/wildpose_interfaces/cmake/wildpose_interfaces__rosidl_typesupport_introspection_cppExport.cmake
[4.444s] -- Installing: /home/naoya/wildpose_v1.3/wildpose/install/wildpose_interfaces/share/wildpose_interfaces/cmake/wildpose_interfaces__rosidl_typesupport_introspection_cppExport-noconfig.cmake
[4.444s] -- Up-to-date: /home/naoya/wildpose_v1.3/wildpose/install/wildpose_interfaces/share/wildpose_interfaces/cmake/wildpose_interfaces__rosidl_typesupport_cppExport.cmake
[4.444s] -- Installing: /home/naoya/wildpose_v1.3/wildpose/install/wildpose_interfaces/share/wildpose_interfaces/cmake/wildpose_interfaces__rosidl_typesupport_cppExport-noconfig.cmake
[4.444s] -- Installing: /home/naoya/wildpose_v1.3/wildpose/install/wildpose_interfaces/share/wildpose_interfaces/cmake/rosidl_cmake-extras.cmake
[4.444s] -- Up-to-date: /home/naoya/wildpose_v1.3/wildpose/install/wildpose_interfaces/share/wildpose_interfaces/cmake/ament_cmake_export_dependencies-extras.cmake
[4.444s] -- Up-to-date: /home/naoya/wildpose_v1.3/wildpose/install/wildpose_interfaces/share/wildpose_interfaces/cmake/ament_cmake_export_libraries-extras.cmake
[4.444s] -- Up-to-date: /home/naoya/wildpose_v1.3/wildpose/install/wildpose_interfaces/share/wildpose_interfaces/cmake/ament_cmake_export_targets-extras.cmake
[4.444s] -- Up-to-date: /home/naoya/wildpose_v1.3/wildpose/install/wildpose_interfaces/share/wildpose_interfaces/cmake/ament_cmake_export_include_directories-extras.cmake
[4.444s] -- Up-to-date: /home/naoya/wildpose_v1.3/wildpose/install/wildpose_interfaces/share/wildpose_interfaces/cmake/rosidl_cmake_export_typesupport_libraries-extras.cmake
[4.444s] -- Up-to-date: /home/naoya/wildpose_v1.3/wildpose/install/wildpose_interfaces/share/wildpose_interfaces/cmake/rosidl_cmake_export_typesupport_targets-extras.cmake
[4.444s] -- Up-to-date: /home/naoya/wildpose_v1.3/wildpose/install/wildpose_interfaces/share/wildpose_interfaces/cmake/wildpose_interfacesConfig.cmake
[4.444s] -- Up-to-date: /home/naoya/wildpose_v1.3/wildpose/install/wildpose_interfaces/share/wildpose_interfaces/cmake/wildpose_interfacesConfig-version.cmake
[4.444s] -- Up-to-date: /home/naoya/wildpose_v1.3/wildpose/install/wildpose_interfaces/share/wildpose_interfaces/package.xml
[4.446s] Invoked command in '/home/naoya/wildpose_v1.3/wildpose/build/wildpose_interfaces' returned '0': CMAKE_PREFIX_PATH=${CMAKE_PREFIX_PATH}:/home/naoya/Wildpose_v1.33/wildpose/install/motor_controller_pkg:/home/naoya/Wildpose_v1.33/wildpose/install/dji_rs3_pkg:/home/naoya/Wildpose_v1.33/wildpose/install/gamepad_pkg:/home/naoya/WildPose_v1.2/wildpose/install/motor_controller_pkg:/home/naoya/WildPose_v1.2/wildpose/install/gamepad_pkg:/opt/ros/foxy /usr/bin/cmake --install /home/naoya/wildpose_v1.3/wildpose/build/wildpose_interfaces
