[0.760s] Invoking command in '/home/m2s2/WildPose_v1.2-main/wildpose/src/lidar_control_package': PYTHONPATH=/home/m2s2/WildPose_v1.2-main/wildpose/build/lidar_control_package/prefix_override:/home/m2s2/WildPose_v1.2-main/wildpose/install/lidar_control_package/lib/python3.8/site-packages:${PYTHONPATH} /usr/bin/python3 -W ignore:setup.py install is deprecated setup.py egg_info --egg-base ../../build/lidar_control_package build --build-base /home/m2s2/WildPose_v1.2-main/wildpose/build/lidar_control_package/build install --record /home/m2s2/WildPose_v1.2-main/wildpose/build/lidar_control_package/install.log --install-scripts $base/lib/lidar_control_package --single-version-externally-managed
[0.885s] running egg_info
[0.886s] creating ../../build/lidar_control_package/lidar_control_package.egg-info
[0.886s] writing ../../build/lidar_control_package/lidar_control_package.egg-info/PKG-INFO
[0.886s] writing dependency_links to ../../build/lidar_control_package/lidar_control_package.egg-info/dependency_links.txt
[0.886s] writing entry points to ../../build/lidar_control_package/lidar_control_package.egg-info/entry_points.txt
[0.886s] writing requirements to ../../build/lidar_control_package/lidar_control_package.egg-info/requires.txt
[0.887s] writing top-level names to ../../build/lidar_control_package/lidar_control_package.egg-info/top_level.txt
[0.887s] writing manifest file '../../build/lidar_control_package/lidar_control_package.egg-info/SOURCES.txt'
[0.908s] file lidar_control_node.py (for module lidar_control_node) not found
[0.908s] reading manifest file '../../build/lidar_control_package/lidar_control_package.egg-info/SOURCES.txt'
[0.909s] writing manifest file '../../build/lidar_control_package/lidar_control_package.egg-info/SOURCES.txt'
[0.909s] running build
[0.909s] running build_py
[0.909s] running install
[0.909s] file lidar_control_node.py (for module lidar_control_node) not found
[0.909s] file lidar_control_node.py (for module lidar_control_node) not found
[0.910s] running install_lib
[0.910s] warning: install_lib: '/home/m2s2/WildPose_v1.2-main/wildpose/build/lidar_control_package/build/lib' does not exist -- no Python modules to install
[0.910s] 
[0.910s] running install_egg_info
[0.912s] Copying ../../build/lidar_control_package/lidar_control_package.egg-info to /home/m2s2/WildPose_v1.2-main/wildpose/install/lidar_control_package/lib/python3.8/site-packages/lidar_control_package-0.0.0-py3.8.egg-info
[0.913s] running install_scripts
[0.924s] Installing lidar_control_node script to /home/m2s2/WildPose_v1.2-main/wildpose/install/lidar_control_package/lib/lidar_control_package
[0.925s] writing list of installed files to '/home/m2s2/WildPose_v1.2-main/wildpose/build/lidar_control_package/install.log'
[0.925s] file lidar_control_node.py (for module lidar_control_node) not found
[0.944s] Invoked command in '/home/m2s2/WildPose_v1.2-main/wildpose/src/lidar_control_package' returned '0': PYTHONPATH=/home/m2s2/WildPose_v1.2-main/wildpose/build/lidar_control_package/prefix_override:/home/m2s2/WildPose_v1.2-main/wildpose/install/lidar_control_package/lib/python3.8/site-packages:${PYTHONPATH} /usr/bin/python3 -W ignore:setup.py install is deprecated setup.py egg_info --egg-base ../../build/lidar_control_package build --build-base /home/m2s2/WildPose_v1.2-main/wildpose/build/lidar_control_package/build install --record /home/m2s2/WildPose_v1.2-main/wildpose/build/lidar_control_package/install.log --install-scripts $base/lib/lidar_control_package --single-version-externally-managed
