[0.707s] Invoking command in '/home/m2s2/WildPose_v1.2-main/wildpose/src/lidar_control_package': CMAKE_PREFIX_PATH=/home/m2s2/WildPose_v1.2-main/wildpose/install/wildpose_interfaces:/home/m2s2/WildPose_v1.2-main/wildpose/install/lidar_control_package:/home/m2s2/WildPose_v1.2-main/wildpose/install/wildpose_bringup PYTHONPATH=/home/m2s2/WildPose_v1.2-main/wildpose/build/lidar_control_package/prefix_override:/home/m2s2/WildPose_v1.2-main/wildpose/install/lidar_control_package/lib/python3.8/site-packages:/home/m2s2/WildPose_v1.2-main/wildpose/install/wildpose_interfaces/lib/python3.8/site-packages:/home/m2s2/WildPose_v1.2-main/wildpose/install/lidar_control_package/lib/python3.8/site-packages:/home/m2s2/WildPose_v1.2-main/wildpose/install/motor_controller_pkg/lib/python3.8/site-packages:/home/m2s2/WildPose_v1.2-main/wildpose/install/dji_rs3_pkg/lib/python3.8/site-packages:/home/m2s2/WildPose_v1.2-main/wildpose/install/gamepad_pkg/lib/python3.8/site-packages:/opt/ros/foxy/lib/python3.8/site-packages /usr/bin/python3 -W ignore:setup.py install is deprecated setup.py egg_info --egg-base ../../build/lidar_control_package build --build-base /home/m2s2/WildPose_v1.2-main/wildpose/build/lidar_control_package/build install --record /home/m2s2/WildPose_v1.2-main/wildpose/build/lidar_control_package/install.log --install-scripts $base/lib/lidar_control_package --single-version-externally-managed install_data
[0.828s] running egg_info
[0.828s] writing ../../build/lidar_control_package/lidar_control_package.egg-info/PKG-INFO
[0.828s] writing dependency_links to ../../build/lidar_control_package/lidar_control_package.egg-info/dependency_links.txt
[0.828s] writing entry points to ../../build/lidar_control_package/lidar_control_package.egg-info/entry_points.txt
[0.828s] writing requirements to ../../build/lidar_control_package/lidar_control_package.egg-info/requires.txt
[0.828s] writing top-level names to ../../build/lidar_control_package/lidar_control_package.egg-info/top_level.txt
[0.850s] reading manifest file '../../build/lidar_control_package/lidar_control_package.egg-info/SOURCES.txt'
[0.850s] writing manifest file '../../build/lidar_control_package/lidar_control_package.egg-info/SOURCES.txt'
[0.850s] running build
[0.850s] running build_py
[0.850s] copying lidar_control_package/lidar_control_node.py -> /home/m2s2/WildPose_v1.2-main/wildpose/build/lidar_control_package/build/lib/lidar_control_package
[0.851s] running install
[0.851s] running install_lib
[0.852s] copying /home/m2s2/WildPose_v1.2-main/wildpose/build/lidar_control_package/build/lib/lidar_control_package/lidar_control_node.py -> /home/m2s2/WildPose_v1.2-main/wildpose/install/lidar_control_package/lib/python3.8/site-packages/lidar_control_package
[0.852s] byte-compiling /home/m2s2/WildPose_v1.2-main/wildpose/install/lidar_control_package/lib/python3.8/site-packages/lidar_control_package/lidar_control_node.py to lidar_control_node.cpython-38.pyc
[0.853s] running install_data
[0.853s] running install_egg_info
[0.854s] removing '/home/m2s2/WildPose_v1.2-main/wildpose/install/lidar_control_package/lib/python3.8/site-packages/lidar_control_package-0.0.0-py3.8.egg-info' (and everything under it)
[0.854s] Copying ../../build/lidar_control_package/lidar_control_package.egg-info to /home/m2s2/WildPose_v1.2-main/wildpose/install/lidar_control_package/lib/python3.8/site-packages/lidar_control_package-0.0.0-py3.8.egg-info
[0.855s] running install_scripts
[0.866s] Installing lidar_control_node script to /home/m2s2/WildPose_v1.2-main/wildpose/install/lidar_control_package/lib/lidar_control_package
[0.866s] writing list of installed files to '/home/m2s2/WildPose_v1.2-main/wildpose/build/lidar_control_package/install.log'
[0.887s] Invoked command in '/home/m2s2/WildPose_v1.2-main/wildpose/src/lidar_control_package' returned '0': CMAKE_PREFIX_PATH=/home/m2s2/WildPose_v1.2-main/wildpose/install/wildpose_interfaces:/home/m2s2/WildPose_v1.2-main/wildpose/install/lidar_control_package:/home/m2s2/WildPose_v1.2-main/wildpose/install/wildpose_bringup PYTHONPATH=/home/m2s2/WildPose_v1.2-main/wildpose/build/lidar_control_package/prefix_override:/home/m2s2/WildPose_v1.2-main/wildpose/install/lidar_control_package/lib/python3.8/site-packages:/home/m2s2/WildPose_v1.2-main/wildpose/install/wildpose_interfaces/lib/python3.8/site-packages:/home/m2s2/WildPose_v1.2-main/wildpose/install/lidar_control_package/lib/python3.8/site-packages:/home/m2s2/WildPose_v1.2-main/wildpose/install/motor_controller_pkg/lib/python3.8/site-packages:/home/m2s2/WildPose_v1.2-main/wildpose/install/dji_rs3_pkg/lib/python3.8/site-packages:/home/m2s2/WildPose_v1.2-main/wildpose/install/gamepad_pkg/lib/python3.8/site-packages:/opt/ros/foxy/lib/python3.8/site-packages /usr/bin/python3 -W ignore:setup.py install is deprecated setup.py egg_info --egg-base ../../build/lidar_control_package build --build-base /home/m2s2/WildPose_v1.2-main/wildpose/build/lidar_control_package/build install --record /home/m2s2/WildPose_v1.2-main/wildpose/build/lidar_control_package/install.log --install-scripts $base/lib/lidar_control_package --single-version-externally-managed install_data
