[2.049s] Invoking command in '/home/naoya/wildpose_v1.3/wildpose/src/lidar_control_package': AMENT_PREFIX_PATH=/home/naoya/wildpose_v1.3/wildpose/install/wildpose_interfaces:${AMENT_PREFIX_PATH} CMAKE_PREFIX_PATH=/home/naoya/wildpose_v1.3/wildpose/install/wildpose_interfaces:${CMAKE_PREFIX_PATH} LD_LIBRARY_PATH=/home/naoya/wildpose_v1.3/wildpose/install/wildpose_interfaces/lib:${LD_LIBRARY_PATH} PYTHONPATH=/home/naoya/wildpose_v1.3/wildpose/build/lidar_control_package/prefix_override:/home/naoya/wildpose_v1.3/wildpose/install/lidar_control_package/lib/python3.8/site-packages:/home/naoya/wildpose_v1.3/wildpose/install/wildpose_interfaces/lib/python3.8/site-packages:${PYTHONPATH} /usr/bin/python3 setup.py egg_info --egg-base ../../build/lidar_control_package build --build-base /home/naoya/wildpose_v1.3/wildpose/build/lidar_control_package/build install --record /home/naoya/wildpose_v1.3/wildpose/build/lidar_control_package/install.log --install-scripts $base/lib/lidar_control_package --single-version-externally-managed
[2.182s] running egg_info
[2.182s] creating ../../build/lidar_control_package/lidar_control_package.egg-info
[2.182s] writing ../../build/lidar_control_package/lidar_control_package.egg-info/PKG-INFO
[2.183s] writing dependency_links to ../../build/lidar_control_package/lidar_control_package.egg-info/dependency_links.txt
[2.183s] writing entry points to ../../build/lidar_control_package/lidar_control_package.egg-info/entry_points.txt
[2.183s] writing requirements to ../../build/lidar_control_package/lidar_control_package.egg-info/requires.txt
[2.183s] writing top-level names to ../../build/lidar_control_package/lidar_control_package.egg-info/top_level.txt
[2.183s] writing manifest file '../../build/lidar_control_package/lidar_control_package.egg-info/SOURCES.txt'
[2.204s] reading manifest file '../../build/lidar_control_package/lidar_control_package.egg-info/SOURCES.txt'
[2.205s] writing manifest file '../../build/lidar_control_package/lidar_control_package.egg-info/SOURCES.txt'
[2.205s] running build
[2.205s] running build_py
[2.205s] creating /home/naoya/wildpose_v1.3/wildpose/build/lidar_control_package/build
[2.205s] creating /home/naoya/wildpose_v1.3/wildpose/build/lidar_control_package/build/lib
[2.205s] creating /home/naoya/wildpose_v1.3/wildpose/build/lidar_control_package/build/lib/lidar_control_package
[2.205s] copying lidar_control_package/lidar_control_node.py -> /home/naoya/wildpose_v1.3/wildpose/build/lidar_control_package/build/lib/lidar_control_package
[2.206s] copying lidar_control_package/__init__.py -> /home/naoya/wildpose_v1.3/wildpose/build/lidar_control_package/build/lib/lidar_control_package
[2.206s] running install
[2.206s] running install_lib
[2.206s] creating /home/naoya/wildpose_v1.3/wildpose/install/lidar_control_package/lib/python3.8/site-packages/lidar_control_package
[2.206s] copying /home/naoya/wildpose_v1.3/wildpose/build/lidar_control_package/build/lib/lidar_control_package/lidar_control_node.py -> /home/naoya/wildpose_v1.3/wildpose/install/lidar_control_package/lib/python3.8/site-packages/lidar_control_package
[2.207s] copying /home/naoya/wildpose_v1.3/wildpose/build/lidar_control_package/build/lib/lidar_control_package/__init__.py -> /home/naoya/wildpose_v1.3/wildpose/install/lidar_control_package/lib/python3.8/site-packages/lidar_control_package
[2.207s] byte-compiling /home/naoya/wildpose_v1.3/wildpose/install/lidar_control_package/lib/python3.8/site-packages/lidar_control_package/lidar_control_node.py to lidar_control_node.cpython-38.pyc
[2.208s] byte-compiling /home/naoya/wildpose_v1.3/wildpose/install/lidar_control_package/lib/python3.8/site-packages/lidar_control_package/__init__.py to __init__.cpython-38.pyc
[2.208s] running install_data
[2.209s] creating /home/naoya/wildpose_v1.3/wildpose/install/lidar_control_package/share/ament_index
[2.209s] creating /home/naoya/wildpose_v1.3/wildpose/install/lidar_control_package/share/ament_index/resource_index
[2.209s] creating /home/naoya/wildpose_v1.3/wildpose/install/lidar_control_package/share/ament_index/resource_index/packages
[2.209s] copying resource/lidar_control_package -> /home/naoya/wildpose_v1.3/wildpose/install/lidar_control_package/share/ament_index/resource_index/packages
[2.209s] copying package.xml -> /home/naoya/wildpose_v1.3/wildpose/install/lidar_control_package/share/lidar_control_package
[2.209s] running install_egg_info
[2.210s] Copying ../../build/lidar_control_package/lidar_control_package.egg-info to /home/naoya/wildpose_v1.3/wildpose/install/lidar_control_package/lib/python3.8/site-packages/lidar_control_package-0.0.0-py3.8.egg-info
[2.210s] running install_scripts
[2.223s] Installing lidar_control_node script to /home/naoya/wildpose_v1.3/wildpose/install/lidar_control_package/lib/lidar_control_package
[2.223s] writing list of installed files to '/home/naoya/wildpose_v1.3/wildpose/build/lidar_control_package/install.log'
[2.246s] Invoked command in '/home/naoya/wildpose_v1.3/wildpose/src/lidar_control_package' returned '0': AMENT_PREFIX_PATH=/home/naoya/wildpose_v1.3/wildpose/install/wildpose_interfaces:${AMENT_PREFIX_PATH} CMAKE_PREFIX_PATH=/home/naoya/wildpose_v1.3/wildpose/install/wildpose_interfaces:${CMAKE_PREFIX_PATH} LD_LIBRARY_PATH=/home/naoya/wildpose_v1.3/wildpose/install/wildpose_interfaces/lib:${LD_LIBRARY_PATH} PYTHONPATH=/home/naoya/wildpose_v1.3/wildpose/build/lidar_control_package/prefix_override:/home/naoya/wildpose_v1.3/wildpose/install/lidar_control_package/lib/python3.8/site-packages:/home/naoya/wildpose_v1.3/wildpose/install/wildpose_interfaces/lib/python3.8/site-packages:${PYTHONPATH} /usr/bin/python3 setup.py egg_info --egg-base ../../build/lidar_control_package build --build-base /home/naoya/wildpose_v1.3/wildpose/build/lidar_control_package/build install --record /home/naoya/wildpose_v1.3/wildpose/build/lidar_control_package/install.log --install-scripts $base/lib/lidar_control_package --single-version-externally-managed
