[0.021s] Invoking command in '/home/m2s2/WildPose_v1.2-main/wildpose/build/livox_interfaces': CMAKE_PREFIX_PATH=/opt/ros/foxy /usr/bin/cmake --build /home/m2s2/WildPose_v1.2-main/wildpose/build/livox_interfaces -- -j16 -l16
[0.189s] -- Found ament_cmake: 0.9.12 (/opt/ros/foxy/share/ament_cmake/cmake)
[0.190s] -- Found PythonInterp: /usr/bin/python3 (found suitable version "3.8.10", minimum required is "3") 
[0.191s] -- Using PYTHON_EXECUTABLE: /usr/bin/python3
[0.192s] -- Found std_msgs: 2.0.5 (/opt/ros/foxy/share/std_msgs/cmake)
[0.199s] -- Using all available rosidl_typesupport_c: rosidl_typesupport_fastrtps_c;rosidl_typesupport_introspection_c
[0.199s] -- Found rosidl_adapter: 1.3.1 (/opt/ros/foxy/share/rosidl_adapter/cmake)
[0.309s] -- Using all available rosidl_typesupport_cpp: rosidl_typesupport_fastrtps_cpp;rosidl_typesupport_introspection_cpp
[0.331s] -- Found rosidl_default_generators: 1.0.1 (/opt/ros/foxy/share/rosidl_default_generators/cmake)
[0.351s] -- Found PythonInterp: /usr/bin/python3 (found version "3.8.10") 
[0.449s] -- Found ament_cmake_ros: 0.9.2 (/opt/ros/foxy/share/ament_cmake_ros/cmake)
[0.549s] -- Using all available rosidl_typesupport_c: rosidl_typesupport_fastrtps_c;rosidl_typesupport_introspection_c
[0.577s] -- Using all available rosidl_typesupport_cpp: rosidl_typesupport_fastrtps_cpp;rosidl_typesupport_introspection_cpp
[0.592s] -- Found PythonInterp: /usr/bin/python3 (found suitable version "3.8.10", minimum required is "3.5") 
[0.592s] -- Found python_cmake_module: 0.8.1 (/opt/ros/foxy/share/python_cmake_module/cmake)
[0.608s] -- Using PYTHON_EXECUTABLE: /usr/bin/python3
[0.608s] -- Using PYTHON_INCLUDE_DIRS: /usr/include/python3.8
[0.609s] -- Using PYTHON_LIBRARIES: /usr/lib/x86_64-linux-gnu/libpython3.8.so
[0.625s] -- Found ament_lint_auto: 0.9.8 (/opt/ros/foxy/share/ament_lint_auto/cmake)
[0.630s] -- Added test 'copyright' to check source files copyright and LICENSE
[0.631s] -- Added test 'lint_cmake' to check CMake code style
[0.631s] -- Added test 'xmllint' to check XML markup files
[0.632s] -- Configuring done
[0.655s] -- Generating done
[0.657s] -- Build files have been written to: /home/m2s2/WildPose_v1.2-main/wildpose/build/livox_interfaces
[0.673s] [35m[1mConsolidate compiler generated dependencies of target livox_interfaces__rosidl_generator_c[0m
[0.679s] [  2%] Built target livox_interfaces__cpp
[0.680s] [ 12%] Built target livox_interfaces__rosidl_generator_c
[0.686s] [35m[1mConsolidate compiler generated dependencies of target livox_interfaces__rosidl_typesupport_introspection_c[0m
[0.687s] [35m[1mConsolidate compiler generated dependencies of target livox_interfaces__rosidl_typesupport_cpp[0m
[0.687s] [35m[1mConsolidate compiler generated dependencies of target livox_interfaces__rosidl_typesupport_introspection_cpp[0m
[0.690s] [35m[1mConsolidate compiler generated dependencies of target livox_interfaces__rosidl_typesupport_c[0m
[0.690s] [35m[1mConsolidate compiler generated dependencies of target livox_interfaces__rosidl_typesupport_fastrtps_cpp[0m
[0.694s] [ 23%] Built target livox_interfaces__rosidl_typesupport_introspection_c
[0.694s] [ 43%] Built target livox_interfaces__rosidl_typesupport_cpp
[0.695s] [ 43%] Built target livox_interfaces__rosidl_typesupport_introspection_cpp
[0.701s] [ 53%] Built target livox_interfaces__rosidl_typesupport_fastrtps_cpp
[0.702s] [ 64%] Built target livox_interfaces__rosidl_typesupport_c
[0.709s] [35m[1mConsolidate compiler generated dependencies of target livox_interfaces__rosidl_typesupport_fastrtps_c[0m
[0.718s] [ 74%] Built target livox_interfaces__rosidl_typesupport_fastrtps_c
[0.733s] [ 74%] Built target livox_interfaces
[0.747s] [ 76%] Built target livox_interfaces__py
[0.755s] [35m[1mConsolidate compiler generated dependencies of target livox_interfaces__python[0m
[0.762s] [ 84%] Built target livox_interfaces__python
[0.771s] [35m[1mConsolidate compiler generated dependencies of target livox_interfaces__rosidl_typesupport_fastrtps_c__pyext[0m
[0.776s] [35m[1mConsolidate compiler generated dependencies of target livox_interfaces__rosidl_typesupport_c__pyext[0m
[0.776s] [35m[1mConsolidate compiler generated dependencies of target livox_interfaces__rosidl_typesupport_introspection_c__pyext[0m
[0.777s] [ 89%] Built target livox_interfaces__rosidl_typesupport_fastrtps_c__pyext
[0.784s] [ 94%] Built target livox_interfaces__rosidl_typesupport_introspection_c__pyext
[0.787s] [100%] Built target livox_interfaces__rosidl_typesupport_c__pyext
[0.796s] Invoked command in '/home/m2s2/WildPose_v1.2-main/wildpose/build/livox_interfaces' returned '0': CMAKE_PREFIX_PATH=/opt/ros/foxy /usr/bin/cmake --build /home/m2s2/WildPose_v1.2-main/wildpose/build/livox_interfaces -- -j16 -l16
[0.833s] Invoking command in '/home/m2s2/WildPose_v1.2-main/wildpose/build/livox_interfaces': CMAKE_PREFIX_PATH=/opt/ros/foxy /usr/bin/cmake --install /home/m2s2/WildPose_v1.2-main/wildpose/build/livox_interfaces
[0.840s] -- Install configuration: ""
[0.840s] -- Up-to-date: /home/m2s2/WildPose_v1.2-main/wildpose/install/livox_interfaces/share/ament_index/resource_index/rosidl_interfaces/livox_interfaces
[0.840s] -- Up-to-date: /home/m2s2/WildPose_v1.2-main/wildpose/install/livox_interfaces/include/livox_interfaces
[0.840s] -- Up-to-date: /home/m2s2/WildPose_v1.2-main/wildpose/install/livox_interfaces/include/livox_interfaces/msg
[0.841s] -- Up-to-date: /home/m2s2/WildPose_v1.2-main/wildpose/install/livox_interfaces/include/livox_interfaces/msg/rosidl_generator_c__visibility_control.h
[0.841s] -- Up-to-date: /home/m2s2/WildPose_v1.2-main/wildpose/install/livox_interfaces/include/livox_interfaces/msg/custom_msg.h
[0.841s] -- Up-to-date: /home/m2s2/WildPose_v1.2-main/wildpose/install/livox_interfaces/include/livox_interfaces/msg/detail
[0.841s] -- Up-to-date: /home/m2s2/WildPose_v1.2-main/wildpose/install/livox_interfaces/include/livox_interfaces/msg/detail/custom_point__type_support.h
[0.841s] -- Up-to-date: /home/m2s2/WildPose_v1.2-main/wildpose/install/livox_interfaces/include/livox_interfaces/msg/detail/custom_point__struct.h
[0.841s] -- Up-to-date: /home/m2s2/WildPose_v1.2-main/wildpose/install/livox_interfaces/include/livox_interfaces/msg/detail/custom_msg__type_support.h
[0.841s] -- Up-to-date: /home/m2s2/WildPose_v1.2-main/wildpose/install/livox_interfaces/include/livox_interfaces/msg/detail/custom_msg__functions.h
[0.842s] -- Up-to-date: /home/m2s2/WildPose_v1.2-main/wildpose/install/livox_interfaces/include/livox_interfaces/msg/detail/custom_msg__struct.h
[0.842s] -- Up-to-date: /home/m2s2/WildPose_v1.2-main/wildpose/install/livox_interfaces/include/livox_interfaces/msg/detail/custom_point__functions.c
[0.842s] -- Up-to-date: /home/m2s2/WildPose_v1.2-main/wildpose/install/livox_interfaces/include/livox_interfaces/msg/detail/custom_msg__functions.c
[0.842s] -- Up-to-date: /home/m2s2/WildPose_v1.2-main/wildpose/install/livox_interfaces/include/livox_interfaces/msg/detail/custom_point__functions.h
[0.842s] -- Up-to-date: /home/m2s2/WildPose_v1.2-main/wildpose/install/livox_interfaces/include/livox_interfaces/msg/custom_point.h
[0.842s] -- Up-to-date: /home/m2s2/WildPose_v1.2-main/wildpose/install/livox_interfaces/share/livox_interfaces/environment/library_path.sh
[0.842s] -- Installing: /home/m2s2/WildPose_v1.2-main/wildpose/install/livox_interfaces/share/livox_interfaces/environment/library_path.dsv
[0.842s] -- Up-to-date: /home/m2s2/WildPose_v1.2-main/wildpose/install/livox_interfaces/lib/liblivox_interfaces__rosidl_generator_c.so
[0.842s] -- Up-to-date: /home/m2s2/WildPose_v1.2-main/wildpose/install/livox_interfaces/include/livox_interfaces
[0.842s] -- Up-to-date: /home/m2s2/WildPose_v1.2-main/wildpose/install/livox_interfaces/include/livox_interfaces/msg
[0.842s] -- Up-to-date: /home/m2s2/WildPose_v1.2-main/wildpose/install/livox_interfaces/include/livox_interfaces/msg/detail
[0.842s] -- Up-to-date: /home/m2s2/WildPose_v1.2-main/wildpose/install/livox_interfaces/include/livox_interfaces/msg/detail/custom_point__rosidl_typesupport_fastrtps_c.h
[0.842s] -- Up-to-date: /home/m2s2/WildPose_v1.2-main/wildpose/install/livox_interfaces/include/livox_interfaces/msg/detail/custom_msg__rosidl_typesupport_fastrtps_c.h
[0.843s] -- Up-to-date: /home/m2s2/WildPose_v1.2-main/wildpose/install/livox_interfaces/include/livox_interfaces/msg/rosidl_typesupport_fastrtps_c__visibility_control.h
[0.843s] -- Up-to-date: /home/m2s2/WildPose_v1.2-main/wildpose/install/livox_interfaces/lib/liblivox_interfaces__rosidl_typesupport_fastrtps_c.so
[0.843s] -- Up-to-date: /home/m2s2/WildPose_v1.2-main/wildpose/install/livox_interfaces/include/livox_interfaces
[0.843s] -- Up-to-date: /home/m2s2/WildPose_v1.2-main/wildpose/install/livox_interfaces/include/livox_interfaces/msg
[0.843s] -- Up-to-date: /home/m2s2/WildPose_v1.2-main/wildpose/install/livox_interfaces/include/livox_interfaces/msg/rosidl_typesupport_fastrtps_cpp__visibility_control.h
[0.843s] -- Up-to-date: /home/m2s2/WildPose_v1.2-main/wildpose/install/livox_interfaces/include/livox_interfaces/msg/detail
[0.843s] -- Up-to-date: /home/m2s2/WildPose_v1.2-main/wildpose/install/livox_interfaces/include/livox_interfaces/msg/detail/custom_point__rosidl_typesupport_fastrtps_cpp.hpp
[0.843s] -- Up-to-date: /home/m2s2/WildPose_v1.2-main/wildpose/install/livox_interfaces/include/livox_interfaces/msg/detail/dds_fastrtps
[0.843s] -- Up-to-date: /home/m2s2/WildPose_v1.2-main/wildpose/install/livox_interfaces/include/livox_interfaces/msg/detail/custom_msg__rosidl_typesupport_fastrtps_cpp.hpp
[0.843s] -- Up-to-date: /home/m2s2/WildPose_v1.2-main/wildpose/install/livox_interfaces/lib/liblivox_interfaces__rosidl_typesupport_fastrtps_cpp.so
[0.843s] -- Up-to-date: /home/m2s2/WildPose_v1.2-main/wildpose/install/livox_interfaces/include/livox_interfaces
[0.843s] -- Up-to-date: /home/m2s2/WildPose_v1.2-main/wildpose/install/livox_interfaces/include/livox_interfaces/msg
[0.844s] -- Up-to-date: /home/m2s2/WildPose_v1.2-main/wildpose/install/livox_interfaces/include/livox_interfaces/msg/detail
[0.844s] -- Up-to-date: /home/m2s2/WildPose_v1.2-main/wildpose/install/livox_interfaces/include/livox_interfaces/msg/detail/custom_msg__type_support.c
[0.844s] -- Up-to-date: /home/m2s2/WildPose_v1.2-main/wildpose/install/livox_interfaces/include/livox_interfaces/msg/detail/custom_msg__rosidl_typesupport_introspection_c.h
[0.844s] -- Up-to-date: /home/m2s2/WildPose_v1.2-main/wildpose/install/livox_interfaces/include/livox_interfaces/msg/detail/custom_point__type_support.c
[0.844s] -- Up-to-date: /home/m2s2/WildPose_v1.2-main/wildpose/install/livox_interfaces/include/livox_interfaces/msg/detail/custom_point__rosidl_typesupport_introspection_c.h
[0.844s] -- Up-to-date: /home/m2s2/WildPose_v1.2-main/wildpose/install/livox_interfaces/include/livox_interfaces/msg/rosidl_typesupport_introspection_c__visibility_control.h
[0.844s] -- Up-to-date: /home/m2s2/WildPose_v1.2-main/wildpose/install/livox_interfaces/lib/liblivox_interfaces__rosidl_typesupport_introspection_c.so
[0.844s] -- Up-to-date: /home/m2s2/WildPose_v1.2-main/wildpose/install/livox_interfaces/lib/liblivox_interfaces__rosidl_typesupport_c.so
[0.844s] -- Up-to-date: /home/m2s2/WildPose_v1.2-main/wildpose/install/livox_interfaces/include/livox_interfaces
[0.844s] -- Up-to-date: /home/m2s2/WildPose_v1.2-main/wildpose/install/livox_interfaces/include/livox_interfaces/msg
[0.844s] -- Up-to-date: /home/m2s2/WildPose_v1.2-main/wildpose/install/livox_interfaces/include/livox_interfaces/msg/detail
[0.844s] -- Up-to-date: /home/m2s2/WildPose_v1.2-main/wildpose/install/livox_interfaces/include/livox_interfaces/msg/detail/custom_point__type_support.hpp
[0.844s] -- Up-to-date: /home/m2s2/WildPose_v1.2-main/wildpose/install/livox_interfaces/include/livox_interfaces/msg/detail/custom_msg__traits.hpp
[0.845s] -- Up-to-date: /home/m2s2/WildPose_v1.2-main/wildpose/install/livox_interfaces/include/livox_interfaces/msg/detail/custom_msg__builder.hpp
[0.845s] -- Up-to-date: /home/m2s2/WildPose_v1.2-main/wildpose/install/livox_interfaces/include/livox_interfaces/msg/detail/custom_msg__type_support.hpp
[0.845s] -- Up-to-date: /home/m2s2/WildPose_v1.2-main/wildpose/install/livox_interfaces/include/livox_interfaces/msg/detail/custom_msg__struct.hpp
[0.845s] -- Up-to-date: /home/m2s2/WildPose_v1.2-main/wildpose/install/livox_interfaces/include/livox_interfaces/msg/detail/custom_point__builder.hpp
[0.845s] -- Up-to-date: /home/m2s2/WildPose_v1.2-main/wildpose/install/livox_interfaces/include/livox_interfaces/msg/detail/custom_point__traits.hpp
[0.845s] -- Up-to-date: /home/m2s2/WildPose_v1.2-main/wildpose/install/livox_interfaces/include/livox_interfaces/msg/detail/custom_point__struct.hpp
[0.845s] -- Up-to-date: /home/m2s2/WildPose_v1.2-main/wildpose/install/livox_interfaces/include/livox_interfaces/msg/custom_msg.hpp
[0.845s] -- Up-to-date: /home/m2s2/WildPose_v1.2-main/wildpose/install/livox_interfaces/include/livox_interfaces/msg/custom_point.hpp
[0.845s] -- Up-to-date: /home/m2s2/WildPose_v1.2-main/wildpose/install/livox_interfaces/include/livox_interfaces/msg/rosidl_generator_cpp__visibility_control.hpp
[0.845s] -- Up-to-date: /home/m2s2/WildPose_v1.2-main/wildpose/install/livox_interfaces/include/livox_interfaces
[0.845s] -- Up-to-date: /home/m2s2/WildPose_v1.2-main/wildpose/install/livox_interfaces/include/livox_interfaces/msg
[0.845s] -- Up-to-date: /home/m2s2/WildPose_v1.2-main/wildpose/install/livox_interfaces/include/livox_interfaces/msg/detail
[0.846s] -- Up-to-date: /home/m2s2/WildPose_v1.2-main/wildpose/install/livox_interfaces/include/livox_interfaces/msg/detail/custom_msg__type_support.cpp
[0.846s] -- Up-to-date: /home/m2s2/WildPose_v1.2-main/wildpose/install/livox_interfaces/include/livox_interfaces/msg/detail/custom_msg__rosidl_typesupport_introspection_cpp.hpp
[0.846s] -- Up-to-date: /home/m2s2/WildPose_v1.2-main/wildpose/install/livox_interfaces/include/livox_interfaces/msg/detail/custom_point__rosidl_typesupport_introspection_cpp.hpp
[0.846s] -- Up-to-date: /home/m2s2/WildPose_v1.2-main/wildpose/install/livox_interfaces/include/livox_interfaces/msg/detail/custom_point__type_support.cpp
[0.846s] -- Up-to-date: /home/m2s2/WildPose_v1.2-main/wildpose/install/livox_interfaces/lib/liblivox_interfaces__rosidl_typesupport_introspection_cpp.so
[0.846s] -- Up-to-date: /home/m2s2/WildPose_v1.2-main/wildpose/install/livox_interfaces/lib/liblivox_interfaces__rosidl_typesupport_cpp.so
[0.846s] -- Up-to-date: /home/m2s2/WildPose_v1.2-main/wildpose/install/livox_interfaces/share/livox_interfaces/environment/pythonpath.sh
[0.846s] -- Installing: /home/m2s2/WildPose_v1.2-main/wildpose/install/livox_interfaces/share/livox_interfaces/environment/pythonpath.dsv
[0.846s] -- Installing: /home/m2s2/WildPose_v1.2-main/wildpose/install/livox_interfaces/lib/python3.8/site-packages/livox_interfaces/__init__.py
[0.862s] Compiling '/home/m2s2/WildPose_v1.2-main/wildpose/install/livox_interfaces/lib/python3.8/site-packages/livox_interfaces/__init__.py'...
[0.865s] -- Up-to-date: /home/m2s2/WildPose_v1.2-main/wildpose/install/livox_interfaces/lib/python3.8/site-packages/livox_interfaces/msg
[0.865s] -- Up-to-date: /home/m2s2/WildPose_v1.2-main/wildpose/install/livox_interfaces/lib/python3.8/site-packages/livox_interfaces/msg/_custom_msg.py
[0.865s] -- Up-to-date: /home/m2s2/WildPose_v1.2-main/wildpose/install/livox_interfaces/lib/python3.8/site-packages/livox_interfaces/msg/__init__.py
[0.865s] -- Up-to-date: /home/m2s2/WildPose_v1.2-main/wildpose/install/livox_interfaces/lib/python3.8/site-packages/livox_interfaces/msg/_custom_msg_s.c
[0.865s] -- Up-to-date: /home/m2s2/WildPose_v1.2-main/wildpose/install/livox_interfaces/lib/python3.8/site-packages/livox_interfaces/msg/_custom_point.py
[0.865s] -- Up-to-date: /home/m2s2/WildPose_v1.2-main/wildpose/install/livox_interfaces/lib/python3.8/site-packages/livox_interfaces/msg/_custom_point_s.c
[0.865s] -- Up-to-date: /home/m2s2/WildPose_v1.2-main/wildpose/install/livox_interfaces/lib/python3.8/site-packages/livox_interfaces/livox_interfaces_s__rosidl_typesupport_fastrtps_c.cpython-38-x86_64-linux-gnu.so
[0.865s] -- Up-to-date: /home/m2s2/WildPose_v1.2-main/wildpose/install/livox_interfaces/lib/python3.8/site-packages/livox_interfaces/livox_interfaces_s__rosidl_typesupport_introspection_c.cpython-38-x86_64-linux-gnu.so
[0.866s] -- Up-to-date: /home/m2s2/WildPose_v1.2-main/wildpose/install/livox_interfaces/lib/python3.8/site-packages/livox_interfaces/livox_interfaces_s__rosidl_typesupport_c.cpython-38-x86_64-linux-gnu.so
[0.866s] -- Up-to-date: /home/m2s2/WildPose_v1.2-main/wildpose/install/livox_interfaces/lib/liblivox_interfaces__python.so
[0.866s] -- Up-to-date: /home/m2s2/WildPose_v1.2-main/wildpose/install/livox_interfaces/share/livox_interfaces/msg/CustomPoint.idl
[0.867s] -- Up-to-date: /home/m2s2/WildPose_v1.2-main/wildpose/install/livox_interfaces/share/livox_interfaces/msg/CustomMsg.idl
[0.867s] -- Installing: /home/m2s2/WildPose_v1.2-main/wildpose/install/livox_interfaces/share/livox_interfaces/msg/CustomPoint.msg
[0.867s] -- Installing: /home/m2s2/WildPose_v1.2-main/wildpose/install/livox_interfaces/share/livox_interfaces/msg/CustomMsg.msg
[0.867s] -- Up-to-date: /home/m2s2/WildPose_v1.2-main/wildpose/install/livox_interfaces/share/ament_index/resource_index/package_run_dependencies/livox_interfaces
[0.867s] -- Installing: /home/m2s2/WildPose_v1.2-main/wildpose/install/livox_interfaces/share/ament_index/resource_index/parent_prefix_path/livox_interfaces
[0.868s] -- Up-to-date: /home/m2s2/WildPose_v1.2-main/wildpose/install/livox_interfaces/share/livox_interfaces/environment/ament_prefix_path.sh
[0.868s] -- Installing: /home/m2s2/WildPose_v1.2-main/wildpose/install/livox_interfaces/share/livox_interfaces/environment/ament_prefix_path.dsv
[0.868s] -- Up-to-date: /home/m2s2/WildPose_v1.2-main/wildpose/install/livox_interfaces/share/livox_interfaces/environment/path.sh
[0.868s] -- Installing: /home/m2s2/WildPose_v1.2-main/wildpose/install/livox_interfaces/share/livox_interfaces/environment/path.dsv
[0.868s] -- Up-to-date: /home/m2s2/WildPose_v1.2-main/wildpose/install/livox_interfaces/share/livox_interfaces/local_setup.bash
[0.868s] -- Up-to-date: /home/m2s2/WildPose_v1.2-main/wildpose/install/livox_interfaces/share/livox_interfaces/local_setup.sh
[0.868s] -- Up-to-date: /home/m2s2/WildPose_v1.2-main/wildpose/install/livox_interfaces/share/livox_interfaces/local_setup.zsh
[0.868s] -- Installing: /home/m2s2/WildPose_v1.2-main/wildpose/install/livox_interfaces/share/livox_interfaces/local_setup.dsv
[0.868s] -- Installing: /home/m2s2/WildPose_v1.2-main/wildpose/install/livox_interfaces/share/livox_interfaces/package.dsv
[0.868s] -- Up-to-date: /home/m2s2/WildPose_v1.2-main/wildpose/install/livox_interfaces/share/ament_index/resource_index/packages/livox_interfaces
[0.868s] -- Up-to-date: /home/m2s2/WildPose_v1.2-main/wildpose/install/livox_interfaces/share/livox_interfaces/cmake/livox_interfaces__rosidl_generator_cExport.cmake
[0.868s] -- Up-to-date: /home/m2s2/WildPose_v1.2-main/wildpose/install/livox_interfaces/share/livox_interfaces/cmake/livox_interfaces__rosidl_generator_cExport-noconfig.cmake
[0.869s] -- Up-to-date: /home/m2s2/WildPose_v1.2-main/wildpose/install/livox_interfaces/share/livox_interfaces/cmake/livox_interfaces__rosidl_typesupport_introspection_cExport.cmake
[0.869s] -- Up-to-date: /home/m2s2/WildPose_v1.2-main/wildpose/install/livox_interfaces/share/livox_interfaces/cmake/livox_interfaces__rosidl_typesupport_introspection_cExport-noconfig.cmake
[0.869s] -- Up-to-date: /home/m2s2/WildPose_v1.2-main/wildpose/install/livox_interfaces/share/livox_interfaces/cmake/livox_interfaces__rosidl_typesupport_cExport.cmake
[0.869s] -- Up-to-date: /home/m2s2/WildPose_v1.2-main/wildpose/install/livox_interfaces/share/livox_interfaces/cmake/livox_interfaces__rosidl_typesupport_cExport-noconfig.cmake
[0.870s] -- Up-to-date: /home/m2s2/WildPose_v1.2-main/wildpose/install/livox_interfaces/share/livox_interfaces/cmake/livox_interfaces__rosidl_generator_cppExport.cmake
[0.871s] -- Up-to-date: /home/m2s2/WildPose_v1.2-main/wildpose/install/livox_interfaces/share/livox_interfaces/cmake/livox_interfaces__rosidl_typesupport_introspection_cppExport.cmake
[0.871s] -- Up-to-date: /home/m2s2/WildPose_v1.2-main/wildpose/install/livox_interfaces/share/livox_interfaces/cmake/livox_interfaces__rosidl_typesupport_introspection_cppExport-noconfig.cmake
[0.871s] -- Up-to-date: /home/m2s2/WildPose_v1.2-main/wildpose/install/livox_interfaces/share/livox_interfaces/cmake/livox_interfaces__rosidl_typesupport_cppExport.cmake
[0.871s] -- Up-to-date: /home/m2s2/WildPose_v1.2-main/wildpose/install/livox_interfaces/share/livox_interfaces/cmake/livox_interfaces__rosidl_typesupport_cppExport-noconfig.cmake
[0.871s] -- Up-to-date: /home/m2s2/WildPose_v1.2-main/wildpose/install/livox_interfaces/share/livox_interfaces/cmake/rosidl_cmake-extras.cmake
[0.872s] -- Up-to-date: /home/m2s2/WildPose_v1.2-main/wildpose/install/livox_interfaces/share/livox_interfaces/cmake/ament_cmake_export_dependencies-extras.cmake
[0.872s] -- Up-to-date: /home/m2s2/WildPose_v1.2-main/wildpose/install/livox_interfaces/share/livox_interfaces/cmake/ament_cmake_export_libraries-extras.cmake
[0.872s] -- Up-to-date: /home/m2s2/WildPose_v1.2-main/wildpose/install/livox_interfaces/share/livox_interfaces/cmake/ament_cmake_export_targets-extras.cmake
[0.872s] -- Up-to-date: /home/m2s2/WildPose_v1.2-main/wildpose/install/livox_interfaces/share/livox_interfaces/cmake/ament_cmake_export_include_directories-extras.cmake
[0.872s] -- Up-to-date: /home/m2s2/WildPose_v1.2-main/wildpose/install/livox_interfaces/share/livox_interfaces/cmake/rosidl_cmake_export_typesupport_libraries-extras.cmake
[0.873s] -- Up-to-date: /home/m2s2/WildPose_v1.2-main/wildpose/install/livox_interfaces/share/livox_interfaces/cmake/rosidl_cmake_export_typesupport_targets-extras.cmake
[0.873s] -- Up-to-date: /home/m2s2/WildPose_v1.2-main/wildpose/install/livox_interfaces/share/livox_interfaces/cmake/livox_interfacesConfig.cmake
[0.873s] -- Up-to-date: /home/m2s2/WildPose_v1.2-main/wildpose/install/livox_interfaces/share/livox_interfaces/cmake/livox_interfacesConfig-version.cmake
[0.873s] -- Installing: /home/m2s2/WildPose_v1.2-main/wildpose/install/livox_interfaces/share/livox_interfaces/package.xml
[0.873s] Invoked command in '/home/m2s2/WildPose_v1.2-main/wildpose/build/livox_interfaces' returned '0': CMAKE_PREFIX_PATH=/opt/ros/foxy /usr/bin/cmake --install /home/m2s2/WildPose_v1.2-main/wildpose/build/livox_interfaces
