[0.023s] Invoking command in '/home/m2s2/WildPose_v1.2-main/wildpose/build/livox_interfaces': CMAKE_PREFIX_PATH=/opt/ros/foxy /usr/bin/cmake --build /home/m2s2/WildPose_v1.2-main/wildpose/build/livox_interfaces -- -j16 -l16
[0.199s] [  2%] Built target livox_interfaces__cpp
[0.200s] [ 12%] Built target livox_interfaces__rosidl_generator_c
[0.201s] [ 23%] Built target livox_interfaces__rosidl_typesupport_cpp
[0.202s] [ 33%] Built target livox_interfaces__rosidl_typesupport_fastrtps_cpp
[0.202s] [ 43%] Built target livox_interfaces__rosidl_typesupport_introspection_c
[0.202s] [ 53%] Built target livox_interfaces__rosidl_typesupport_introspection_cpp
[0.202s] [ 64%] Built target livox_interfaces__rosidl_typesupport_c
[0.203s] [ 74%] Built target livox_interfaces__rosidl_typesupport_fastrtps_c
[0.203s] [ 74%] Built target livox_interfaces
[0.203s] [ 76%] Built target livox_interfaces__py
[0.203s] [ 84%] Built target livox_interfaces__python
[0.203s] [ 89%] Built target livox_interfaces__rosidl_typesupport_introspection_c__pyext
[0.203s] [ 94%] Built target livox_interfaces__rosidl_typesupport_fastrtps_c__pyext
[0.203s] [100%] Built target livox_interfaces__rosidl_typesupport_c__pyext
[0.207s] Invoked command in '/home/m2s2/WildPose_v1.2-main/wildpose/build/livox_interfaces' returned '0': CMAKE_PREFIX_PATH=/opt/ros/foxy /usr/bin/cmake --build /home/m2s2/WildPose_v1.2-main/wildpose/build/livox_interfaces -- -j16 -l16
[0.241s] Invoking command in '/home/m2s2/WildPose_v1.2-main/wildpose/build/livox_interfaces': CMAKE_PREFIX_PATH=/opt/ros/foxy /usr/bin/cmake --install /home/m2s2/WildPose_v1.2-main/wildpose/build/livox_interfaces
[0.248s] -- Install configuration: ""
[0.248s] -- Up-to-date: /home/m2s2/WildPose_v1.2-main/wildpose/install/livox_interfaces/share/ament_index/resource_index/rosidl_interfaces/livox_interfaces
[0.248s] -- Up-to-date: /home/m2s2/WildPose_v1.2-main/wildpose/install/livox_interfaces/include/livox_interfaces
[0.248s] -- Up-to-date: /home/m2s2/WildPose_v1.2-main/wildpose/install/livox_interfaces/include/livox_interfaces/msg
[0.249s] -- Up-to-date: /home/m2s2/WildPose_v1.2-main/wildpose/install/livox_interfaces/include/livox_interfaces/msg/rosidl_generator_c__visibility_control.h
[0.249s] -- Up-to-date: /home/m2s2/WildPose_v1.2-main/wildpose/install/livox_interfaces/include/livox_interfaces/msg/custom_msg.h
[0.249s] -- Up-to-date: /home/m2s2/WildPose_v1.2-main/wildpose/install/livox_interfaces/include/livox_interfaces/msg/detail
[0.249s] -- Up-to-date: /home/m2s2/WildPose_v1.2-main/wildpose/install/livox_interfaces/include/livox_interfaces/msg/detail/custom_point__type_support.h
[0.249s] -- Up-to-date: /home/m2s2/WildPose_v1.2-main/wildpose/install/livox_interfaces/include/livox_interfaces/msg/detail/custom_point__struct.h
[0.250s] -- Up-to-date: /home/m2s2/WildPose_v1.2-main/wildpose/install/livox_interfaces/include/livox_interfaces/msg/detail/custom_msg__type_support.h
[0.250s] -- Up-to-date: /home/m2s2/WildPose_v1.2-main/wildpose/install/livox_interfaces/include/livox_interfaces/msg/detail/custom_msg__functions.h
[0.250s] -- Up-to-date: /home/m2s2/WildPose_v1.2-main/wildpose/install/livox_interfaces/include/livox_interfaces/msg/detail/custom_msg__struct.h
[0.250s] -- Up-to-date: /home/m2s2/WildPose_v1.2-main/wildpose/install/livox_interfaces/include/livox_interfaces/msg/detail/custom_point__functions.c
[0.251s] -- Up-to-date: /home/m2s2/WildPose_v1.2-main/wildpose/install/livox_interfaces/include/livox_interfaces/msg/detail/custom_msg__functions.c
[0.251s] -- Up-to-date: /home/m2s2/WildPose_v1.2-main/wildpose/install/livox_interfaces/include/livox_interfaces/msg/detail/custom_point__functions.h
[0.251s] -- Up-to-date: /home/m2s2/WildPose_v1.2-main/wildpose/install/livox_interfaces/include/livox_interfaces/msg/custom_point.h
[0.251s] -- Up-to-date: /home/m2s2/WildPose_v1.2-main/wildpose/install/livox_interfaces/share/livox_interfaces/environment/library_path.sh
[0.252s] -- Up-to-date: /home/m2s2/WildPose_v1.2-main/wildpose/install/livox_interfaces/share/livox_interfaces/environment/library_path.dsv
[0.252s] -- Up-to-date: /home/m2s2/WildPose_v1.2-main/wildpose/install/livox_interfaces/lib/liblivox_interfaces__rosidl_generator_c.so
[0.252s] -- Up-to-date: /home/m2s2/WildPose_v1.2-main/wildpose/install/livox_interfaces/include/livox_interfaces
[0.252s] -- Up-to-date: /home/m2s2/WildPose_v1.2-main/wildpose/install/livox_interfaces/include/livox_interfaces/msg
[0.252s] -- Up-to-date: /home/m2s2/WildPose_v1.2-main/wildpose/install/livox_interfaces/include/livox_interfaces/msg/detail
[0.253s] -- Up-to-date: /home/m2s2/WildPose_v1.2-main/wildpose/install/livox_interfaces/include/livox_interfaces/msg/detail/custom_point__rosidl_typesupport_fastrtps_c.h
[0.253s] -- Up-to-date: /home/m2s2/WildPose_v1.2-main/wildpose/install/livox_interfaces/include/livox_interfaces/msg/detail/custom_msg__rosidl_typesupport_fastrtps_c.h
[0.253s] -- Up-to-date: /home/m2s2/WildPose_v1.2-main/wildpose/install/livox_interfaces/include/livox_interfaces/msg/rosidl_typesupport_fastrtps_c__visibility_control.h
[0.253s] -- Up-to-date: /home/m2s2/WildPose_v1.2-main/wildpose/install/livox_interfaces/lib/liblivox_interfaces__rosidl_typesupport_fastrtps_c.so
[0.253s] -- Up-to-date: /home/m2s2/WildPose_v1.2-main/wildpose/install/livox_interfaces/include/livox_interfaces
[0.253s] -- Up-to-date: /home/m2s2/WildPose_v1.2-main/wildpose/install/livox_interfaces/include/livox_interfaces/msg
[0.253s] -- Up-to-date: /home/m2s2/WildPose_v1.2-main/wildpose/install/livox_interfaces/include/livox_interfaces/msg/rosidl_typesupport_fastrtps_cpp__visibility_control.h
[0.254s] -- Up-to-date: /home/m2s2/WildPose_v1.2-main/wildpose/install/livox_interfaces/include/livox_interfaces/msg/detail
[0.254s] -- Up-to-date: /home/m2s2/WildPose_v1.2-main/wildpose/install/livox_interfaces/include/livox_interfaces/msg/detail/custom_point__rosidl_typesupport_fastrtps_cpp.hpp
[0.254s] -- Up-to-date: /home/m2s2/WildPose_v1.2-main/wildpose/install/livox_interfaces/include/livox_interfaces/msg/detail/dds_fastrtps
[0.254s] -- Up-to-date: /home/m2s2/WildPose_v1.2-main/wildpose/install/livox_interfaces/include/livox_interfaces/msg/detail/custom_msg__rosidl_typesupport_fastrtps_cpp.hpp
[0.254s] -- Up-to-date: /home/m2s2/WildPose_v1.2-main/wildpose/install/livox_interfaces/lib/liblivox_interfaces__rosidl_typesupport_fastrtps_cpp.so
[0.254s] -- Up-to-date: /home/m2s2/WildPose_v1.2-main/wildpose/install/livox_interfaces/include/livox_interfaces
[0.254s] -- Up-to-date: /home/m2s2/WildPose_v1.2-main/wildpose/install/livox_interfaces/include/livox_interfaces/msg
[0.255s] -- Up-to-date: /home/m2s2/WildPose_v1.2-main/wildpose/install/livox_interfaces/include/livox_interfaces/msg/detail
[0.255s] -- Up-to-date: /home/m2s2/WildPose_v1.2-main/wildpose/install/livox_interfaces/include/livox_interfaces/msg/detail/custom_msg__type_support.c
[0.255s] -- Up-to-date: /home/m2s2/WildPose_v1.2-main/wildpose/install/livox_interfaces/include/livox_interfaces/msg/detail/custom_msg__rosidl_typesupport_introspection_c.h
[0.255s] -- Up-to-date: /home/m2s2/WildPose_v1.2-main/wildpose/install/livox_interfaces/include/livox_interfaces/msg/detail/custom_point__type_support.c
[0.255s] -- Up-to-date: /home/m2s2/WildPose_v1.2-main/wildpose/install/livox_interfaces/include/livox_interfaces/msg/detail/custom_point__rosidl_typesupport_introspection_c.h
[0.255s] -- Up-to-date: /home/m2s2/WildPose_v1.2-main/wildpose/install/livox_interfaces/include/livox_interfaces/msg/rosidl_typesupport_introspection_c__visibility_control.h
[0.255s] -- Up-to-date: /home/m2s2/WildPose_v1.2-main/wildpose/install/livox_interfaces/lib/liblivox_interfaces__rosidl_typesupport_introspection_c.so
[0.255s] -- Up-to-date: /home/m2s2/WildPose_v1.2-main/wildpose/install/livox_interfaces/lib/liblivox_interfaces__rosidl_typesupport_c.so
[0.255s] -- Up-to-date: /home/m2s2/WildPose_v1.2-main/wildpose/install/livox_interfaces/include/livox_interfaces
[0.256s] -- Up-to-date: /home/m2s2/WildPose_v1.2-main/wildpose/install/livox_interfaces/include/livox_interfaces/msg
[0.256s] -- Up-to-date: /home/m2s2/WildPose_v1.2-main/wildpose/install/livox_interfaces/include/livox_interfaces/msg/detail
[0.256s] -- Up-to-date: /home/m2s2/WildPose_v1.2-main/wildpose/install/livox_interfaces/include/livox_interfaces/msg/detail/custom_point__type_support.hpp
[0.256s] -- Up-to-date: /home/m2s2/WildPose_v1.2-main/wildpose/install/livox_interfaces/include/livox_interfaces/msg/detail/custom_msg__traits.hpp
[0.257s] -- Up-to-date: /home/m2s2/WildPose_v1.2-main/wildpose/install/livox_interfaces/include/livox_interfaces/msg/detail/custom_msg__builder.hpp
[0.257s] -- Up-to-date: /home/m2s2/WildPose_v1.2-main/wildpose/install/livox_interfaces/include/livox_interfaces/msg/detail/custom_msg__type_support.hpp
[0.257s] -- Up-to-date: /home/m2s2/WildPose_v1.2-main/wildpose/install/livox_interfaces/include/livox_interfaces/msg/detail/custom_msg__struct.hpp
[0.257s] -- Up-to-date: /home/m2s2/WildPose_v1.2-main/wildpose/install/livox_interfaces/include/livox_interfaces/msg/detail/custom_point__builder.hpp
[0.258s] -- Up-to-date: /home/m2s2/WildPose_v1.2-main/wildpose/install/livox_interfaces/include/livox_interfaces/msg/detail/custom_point__traits.hpp
[0.258s] -- Up-to-date: /home/m2s2/WildPose_v1.2-main/wildpose/install/livox_interfaces/include/livox_interfaces/msg/detail/custom_point__struct.hpp
[0.258s] -- Up-to-date: /home/m2s2/WildPose_v1.2-main/wildpose/install/livox_interfaces/include/livox_interfaces/msg/custom_msg.hpp
[0.258s] -- Up-to-date: /home/m2s2/WildPose_v1.2-main/wildpose/install/livox_interfaces/include/livox_interfaces/msg/custom_point.hpp
[0.259s] -- Up-to-date: /home/m2s2/WildPose_v1.2-main/wildpose/install/livox_interfaces/include/livox_interfaces/msg/rosidl_generator_cpp__visibility_control.hpp
[0.259s] -- Up-to-date: /home/m2s2/WildPose_v1.2-main/wildpose/install/livox_interfaces/include/livox_interfaces
[0.259s] -- Up-to-date: /home/m2s2/WildPose_v1.2-main/wildpose/install/livox_interfaces/include/livox_interfaces/msg
[0.259s] -- Up-to-date: /home/m2s2/WildPose_v1.2-main/wildpose/install/livox_interfaces/include/livox_interfaces/msg/detail
[0.259s] -- Up-to-date: /home/m2s2/WildPose_v1.2-main/wildpose/install/livox_interfaces/include/livox_interfaces/msg/detail/custom_msg__type_support.cpp
[0.260s] -- Up-to-date: /home/m2s2/WildPose_v1.2-main/wildpose/install/livox_interfaces/include/livox_interfaces/msg/detail/custom_msg__rosidl_typesupport_introspection_cpp.hpp
[0.260s] -- Up-to-date: /home/m2s2/WildPose_v1.2-main/wildpose/install/livox_interfaces/include/livox_interfaces/msg/detail/custom_point__rosidl_typesupport_introspection_cpp.hpp
[0.260s] -- Up-to-date: /home/m2s2/WildPose_v1.2-main/wildpose/install/livox_interfaces/include/livox_interfaces/msg/detail/custom_point__type_support.cpp
[0.260s] -- Up-to-date: /home/m2s2/WildPose_v1.2-main/wildpose/install/livox_interfaces/lib/liblivox_interfaces__rosidl_typesupport_introspection_cpp.so
[0.260s] -- Up-to-date: /home/m2s2/WildPose_v1.2-main/wildpose/install/livox_interfaces/lib/liblivox_interfaces__rosidl_typesupport_cpp.so
[0.261s] -- Up-to-date: /home/m2s2/WildPose_v1.2-main/wildpose/install/livox_interfaces/share/livox_interfaces/environment/pythonpath.sh
[0.262s] -- Up-to-date: /home/m2s2/WildPose_v1.2-main/wildpose/install/livox_interfaces/share/livox_interfaces/environment/pythonpath.dsv
[0.262s] -- Up-to-date: /home/m2s2/WildPose_v1.2-main/wildpose/install/livox_interfaces/lib/python3.8/site-packages/livox_interfaces/__init__.py
[0.276s] -- Up-to-date: /home/m2s2/WildPose_v1.2-main/wildpose/install/livox_interfaces/lib/python3.8/site-packages/livox_interfaces/msg
[0.276s] -- Up-to-date: /home/m2s2/WildPose_v1.2-main/wildpose/install/livox_interfaces/lib/python3.8/site-packages/livox_interfaces/msg/_custom_msg.py
[0.276s] -- Up-to-date: /home/m2s2/WildPose_v1.2-main/wildpose/install/livox_interfaces/lib/python3.8/site-packages/livox_interfaces/msg/__init__.py
[0.276s] -- Up-to-date: /home/m2s2/WildPose_v1.2-main/wildpose/install/livox_interfaces/lib/python3.8/site-packages/livox_interfaces/msg/_custom_msg_s.c
[0.276s] -- Up-to-date: /home/m2s2/WildPose_v1.2-main/wildpose/install/livox_interfaces/lib/python3.8/site-packages/livox_interfaces/msg/_custom_point.py
[0.276s] -- Up-to-date: /home/m2s2/WildPose_v1.2-main/wildpose/install/livox_interfaces/lib/python3.8/site-packages/livox_interfaces/msg/_custom_point_s.c
[0.276s] -- Up-to-date: /home/m2s2/WildPose_v1.2-main/wildpose/install/livox_interfaces/lib/python3.8/site-packages/livox_interfaces/livox_interfaces_s__rosidl_typesupport_fastrtps_c.cpython-38-x86_64-linux-gnu.so
[0.276s] -- Up-to-date: /home/m2s2/WildPose_v1.2-main/wildpose/install/livox_interfaces/lib/python3.8/site-packages/livox_interfaces/livox_interfaces_s__rosidl_typesupport_introspection_c.cpython-38-x86_64-linux-gnu.so
[0.276s] -- Up-to-date: /home/m2s2/WildPose_v1.2-main/wildpose/install/livox_interfaces/lib/python3.8/site-packages/livox_interfaces/livox_interfaces_s__rosidl_typesupport_c.cpython-38-x86_64-linux-gnu.so
[0.276s] -- Up-to-date: /home/m2s2/WildPose_v1.2-main/wildpose/install/livox_interfaces/lib/liblivox_interfaces__python.so
[0.276s] -- Up-to-date: /home/m2s2/WildPose_v1.2-main/wildpose/install/livox_interfaces/share/livox_interfaces/msg/CustomPoint.idl
[0.276s] -- Up-to-date: /home/m2s2/WildPose_v1.2-main/wildpose/install/livox_interfaces/share/livox_interfaces/msg/CustomMsg.idl
[0.276s] -- Up-to-date: /home/m2s2/WildPose_v1.2-main/wildpose/install/livox_interfaces/share/livox_interfaces/msg/CustomPoint.msg
[0.276s] -- Up-to-date: /home/m2s2/WildPose_v1.2-main/wildpose/install/livox_interfaces/share/livox_interfaces/msg/CustomMsg.msg
[0.276s] -- Up-to-date: /home/m2s2/WildPose_v1.2-main/wildpose/install/livox_interfaces/share/ament_index/resource_index/package_run_dependencies/livox_interfaces
[0.276s] -- Up-to-date: /home/m2s2/WildPose_v1.2-main/wildpose/install/livox_interfaces/share/ament_index/resource_index/parent_prefix_path/livox_interfaces
[0.276s] -- Up-to-date: /home/m2s2/WildPose_v1.2-main/wildpose/install/livox_interfaces/share/livox_interfaces/environment/ament_prefix_path.sh
[0.276s] -- Up-to-date: /home/m2s2/WildPose_v1.2-main/wildpose/install/livox_interfaces/share/livox_interfaces/environment/ament_prefix_path.dsv
[0.276s] -- Up-to-date: /home/m2s2/WildPose_v1.2-main/wildpose/install/livox_interfaces/share/livox_interfaces/environment/path.sh
[0.276s] -- Up-to-date: /home/m2s2/WildPose_v1.2-main/wildpose/install/livox_interfaces/share/livox_interfaces/environment/path.dsv
[0.276s] -- Up-to-date: /home/m2s2/WildPose_v1.2-main/wildpose/install/livox_interfaces/share/livox_interfaces/local_setup.bash
[0.276s] -- Up-to-date: /home/m2s2/WildPose_v1.2-main/wildpose/install/livox_interfaces/share/livox_interfaces/local_setup.sh
[0.276s] -- Up-to-date: /home/m2s2/WildPose_v1.2-main/wildpose/install/livox_interfaces/share/livox_interfaces/local_setup.zsh
[0.277s] -- Up-to-date: /home/m2s2/WildPose_v1.2-main/wildpose/install/livox_interfaces/share/livox_interfaces/local_setup.dsv
[0.277s] -- Installing: /home/m2s2/WildPose_v1.2-main/wildpose/install/livox_interfaces/share/livox_interfaces/package.dsv
[0.277s] -- Up-to-date: /home/m2s2/WildPose_v1.2-main/wildpose/install/livox_interfaces/share/ament_index/resource_index/packages/livox_interfaces
[0.277s] -- Up-to-date: /home/m2s2/WildPose_v1.2-main/wildpose/install/livox_interfaces/share/livox_interfaces/cmake/livox_interfaces__rosidl_generator_cExport.cmake
[0.278s] -- Up-to-date: /home/m2s2/WildPose_v1.2-main/wildpose/install/livox_interfaces/share/livox_interfaces/cmake/livox_interfaces__rosidl_generator_cExport-noconfig.cmake
[0.278s] -- Up-to-date: /home/m2s2/WildPose_v1.2-main/wildpose/install/livox_interfaces/share/livox_interfaces/cmake/livox_interfaces__rosidl_typesupport_introspection_cExport.cmake
[0.278s] -- Up-to-date: /home/m2s2/WildPose_v1.2-main/wildpose/install/livox_interfaces/share/livox_interfaces/cmake/livox_interfaces__rosidl_typesupport_introspection_cExport-noconfig.cmake
[0.278s] -- Up-to-date: /home/m2s2/WildPose_v1.2-main/wildpose/install/livox_interfaces/share/livox_interfaces/cmake/livox_interfaces__rosidl_typesupport_cExport.cmake
[0.278s] -- Up-to-date: /home/m2s2/WildPose_v1.2-main/wildpose/install/livox_interfaces/share/livox_interfaces/cmake/livox_interfaces__rosidl_typesupport_cExport-noconfig.cmake
[0.278s] -- Up-to-date: /home/m2s2/WildPose_v1.2-main/wildpose/install/livox_interfaces/share/livox_interfaces/cmake/livox_interfaces__rosidl_generator_cppExport.cmake
[0.278s] -- Up-to-date: /home/m2s2/WildPose_v1.2-main/wildpose/install/livox_interfaces/share/livox_interfaces/cmake/livox_interfaces__rosidl_typesupport_introspection_cppExport.cmake
[0.278s] -- Up-to-date: /home/m2s2/WildPose_v1.2-main/wildpose/install/livox_interfaces/share/livox_interfaces/cmake/livox_interfaces__rosidl_typesupport_introspection_cppExport-noconfig.cmake
[0.278s] -- Up-to-date: /home/m2s2/WildPose_v1.2-main/wildpose/install/livox_interfaces/share/livox_interfaces/cmake/livox_interfaces__rosidl_typesupport_cppExport.cmake
[0.278s] -- Up-to-date: /home/m2s2/WildPose_v1.2-main/wildpose/install/livox_interfaces/share/livox_interfaces/cmake/livox_interfaces__rosidl_typesupport_cppExport-noconfig.cmake
[0.278s] -- Up-to-date: /home/m2s2/WildPose_v1.2-main/wildpose/install/livox_interfaces/share/livox_interfaces/cmake/rosidl_cmake-extras.cmake
[0.278s] -- Up-to-date: /home/m2s2/WildPose_v1.2-main/wildpose/install/livox_interfaces/share/livox_interfaces/cmake/ament_cmake_export_dependencies-extras.cmake
[0.278s] -- Up-to-date: /home/m2s2/WildPose_v1.2-main/wildpose/install/livox_interfaces/share/livox_interfaces/cmake/ament_cmake_export_libraries-extras.cmake
[0.278s] -- Up-to-date: /home/m2s2/WildPose_v1.2-main/wildpose/install/livox_interfaces/share/livox_interfaces/cmake/ament_cmake_export_targets-extras.cmake
[0.280s] -- Up-to-date: /home/m2s2/WildPose_v1.2-main/wildpose/install/livox_interfaces/share/livox_interfaces/cmake/ament_cmake_export_include_directories-extras.cmake
[0.280s] -- Up-to-date: /home/m2s2/WildPose_v1.2-main/wildpose/install/livox_interfaces/share/livox_interfaces/cmake/rosidl_cmake_export_typesupport_libraries-extras.cmake
[0.280s] -- Up-to-date: /home/m2s2/WildPose_v1.2-main/wildpose/install/livox_interfaces/share/livox_interfaces/cmake/rosidl_cmake_export_typesupport_targets-extras.cmake
[0.280s] -- Up-to-date: /home/m2s2/WildPose_v1.2-main/wildpose/install/livox_interfaces/share/livox_interfaces/cmake/livox_interfacesConfig.cmake
[0.280s] -- Up-to-date: /home/m2s2/WildPose_v1.2-main/wildpose/install/livox_interfaces/share/livox_interfaces/cmake/livox_interfacesConfig-version.cmake
[0.280s] -- Up-to-date: /home/m2s2/WildPose_v1.2-main/wildpose/install/livox_interfaces/share/livox_interfaces/package.xml
[0.296s] Invoked command in '/home/m2s2/WildPose_v1.2-main/wildpose/build/livox_interfaces' returned '0': CMAKE_PREFIX_PATH=/opt/ros/foxy /usr/bin/cmake --install /home/m2s2/WildPose_v1.2-main/wildpose/build/livox_interfaces
