[0.571s] Invoking command in '/home/naoya/wildpose_v1.3/wildpose/build/iris_controller': CMAKE_PREFIX_PATH=${CMAKE_PREFIX_PATH}:/home/naoya/wildpose_v1.3/wildpose/install/motor_controller_pkg:/home/naoya/wildpose_v1.3/wildpose/install/lidar_control_package:/home/naoya/wildpose_v1.3/wildpose/install/dji_rs3_pkg:/home/naoya/wildpose_v1.3/wildpose/install/opencv_tests:/home/naoya/wildpose_v1.3/wildpose/install/gamepad_pkg:/home/naoya/WildPose_v1.2/wildpose/install/motor_controller_pkg:/home/naoya/WildPose_v1.2/wildpose/install/gamepad_pkg:/opt/ros/foxy /usr/bin/cmake --build /home/naoya/wildpose_v1.3/wildpose/build/iris_controller -- -j16 -l16
[0.620s] Invoked command in '/home/naoya/wildpose_v1.3/wildpose/build/iris_controller' returned '0': CMAKE_PREFIX_PATH=${CMAKE_PREFIX_PATH}:/home/naoya/wildpose_v1.3/wildpose/install/motor_controller_pkg:/home/naoya/wildpose_v1.3/wildpose/install/lidar_control_package:/home/naoya/wildpose_v1.3/wildpose/install/dji_rs3_pkg:/home/naoya/wildpose_v1.3/wildpose/install/opencv_tests:/home/naoya/wildpose_v1.3/wildpose/install/gamepad_pkg:/home/naoya/WildPose_v1.2/wildpose/install/motor_controller_pkg:/home/naoya/WildPose_v1.2/wildpose/install/gamepad_pkg:/opt/ros/foxy /usr/bin/cmake --build /home/naoya/wildpose_v1.3/wildpose/build/iris_controller -- -j16 -l16
[0.741s] Invoking command in '/home/naoya/wildpose_v1.3/wildpose/build/iris_controller': CMAKE_PREFIX_PATH=${CMAKE_PREFIX_PATH}:/home/naoya/wildpose_v1.3/wildpose/install/motor_controller_pkg:/home/naoya/wildpose_v1.3/wildpose/install/lidar_control_package:/home/naoya/wildpose_v1.3/wildpose/install/dji_rs3_pkg:/home/naoya/wildpose_v1.3/wildpose/install/opencv_tests:/home/naoya/wildpose_v1.3/wildpose/install/gamepad_pkg:/home/naoya/WildPose_v1.2/wildpose/install/motor_controller_pkg:/home/naoya/WildPose_v1.2/wildpose/install/gamepad_pkg:/opt/ros/foxy /usr/bin/cmake --install /home/naoya/wildpose_v1.3/wildpose/build/iris_controller
[0.746s] -- Install configuration: ""
[0.747s] -- Execute custom install script
[0.747s] -- Up-to-date symlink: /home/naoya/wildpose_v1.3/wildpose/install/iris_controller/share/ament_index/resource_index/package_run_dependencies/iris_controller
[0.747s] -- Up-to-date symlink: /home/naoya/wildpose_v1.3/wildpose/install/iris_controller/share/ament_index/resource_index/parent_prefix_path/iris_controller
[0.747s] -- Up-to-date symlink: /home/naoya/wildpose_v1.3/wildpose/install/iris_controller/share/iris_controller/environment/ament_prefix_path.sh
[0.747s] -- Up-to-date symlink: /home/naoya/wildpose_v1.3/wildpose/install/iris_controller/share/iris_controller/environment/ament_prefix_path.dsv
[0.748s] -- Up-to-date symlink: /home/naoya/wildpose_v1.3/wildpose/install/iris_controller/share/iris_controller/environment/path.sh
[0.748s] -- Up-to-date symlink: /home/naoya/wildpose_v1.3/wildpose/install/iris_controller/share/iris_controller/environment/path.dsv
[0.748s] -- Up-to-date symlink: /home/naoya/wildpose_v1.3/wildpose/install/iris_controller/share/iris_controller/local_setup.bash
[0.748s] -- Up-to-date symlink: /home/naoya/wildpose_v1.3/wildpose/install/iris_controller/share/iris_controller/local_setup.sh
[0.748s] -- Up-to-date symlink: /home/naoya/wildpose_v1.3/wildpose/install/iris_controller/share/iris_controller/local_setup.zsh
[0.748s] -- Up-to-date symlink: /home/naoya/wildpose_v1.3/wildpose/install/iris_controller/share/iris_controller/local_setup.dsv
[0.748s] -- Symlinking: /home/naoya/wildpose_v1.3/wildpose/install/iris_controller/share/iris_controller/package.dsv
[0.756s] -- Up-to-date symlink: /home/naoya/wildpose_v1.3/wildpose/install/iris_controller/share/ament_index/resource_index/packages/iris_controller
[0.757s] -- Up-to-date symlink: /home/naoya/wildpose_v1.3/wildpose/install/iris_controller/share/iris_controller/cmake/iris_controllerConfig.cmake
[0.757s] -- Up-to-date symlink: /home/naoya/wildpose_v1.3/wildpose/install/iris_controller/share/iris_controller/cmake/iris_controllerConfig-version.cmake
[0.757s] -- Up-to-date symlink: /home/naoya/wildpose_v1.3/wildpose/install/iris_controller/share/iris_controller/package.xml
[1.597s] Invoked command in '/home/naoya/wildpose_v1.3/wildpose/build/iris_controller' returned '0': CMAKE_PREFIX_PATH=${CMAKE_PREFIX_PATH}:/home/naoya/wildpose_v1.3/wildpose/install/motor_controller_pkg:/home/naoya/wildpose_v1.3/wildpose/install/lidar_control_package:/home/naoya/wildpose_v1.3/wildpose/install/dji_rs3_pkg:/home/naoya/wildpose_v1.3/wildpose/install/opencv_tests:/home/naoya/wildpose_v1.3/wildpose/install/gamepad_pkg:/home/naoya/WildPose_v1.2/wildpose/install/motor_controller_pkg:/home/naoya/WildPose_v1.2/wildpose/install/gamepad_pkg:/opt/ros/foxy /usr/bin/cmake --install /home/naoya/wildpose_v1.3/wildpose/build/iris_controller
