running develop
Removing /home/naoya/wildpose_v1.3/wildpose/install/dji_rs3_pkg/lib/python3.8/site-packages/dji-rs3-pkg.egg-link (link to .)
running egg_info
writing ../../build/dji_rs3_pkg/dji_rs3_pkg.egg-info/PKG-INFO
writing dependency_links to ../../build/dji_rs3_pkg/dji_rs3_pkg.egg-info/dependency_links.txt
writing entry points to ../../build/dji_rs3_pkg/dji_rs3_pkg.egg-info/entry_points.txt
writing requirements to ../../build/dji_rs3_pkg/dji_rs3_pkg.egg-info/requires.txt
writing top-level names to ../../build/dji_rs3_pkg/dji_rs3_pkg.egg-info/top_level.txt
reading manifest file '../../build/dji_rs3_pkg/dji_rs3_pkg.egg-info/SOURCES.txt'
writing manifest file '../../build/dji_rs3_pkg/dji_rs3_pkg.egg-info/SOURCES.txt'
running build
running build_py
running install
running install_lib
creating /home/naoya/wildpose_v1.3/wildpose/install/dji_rs3_pkg/lib/python3.8/site-packages/dji_rs3_pkg
copying /home/naoya/wildpose_v1.3/wildpose/build/dji_rs3_pkg/build/lib/dji_rs3_pkg/dji_rs3_node.py -> /home/naoya/wildpose_v1.3/wildpose/install/dji_rs3_pkg/lib/python3.8/site-packages/dji_rs3_pkg
creating /home/naoya/wildpose_v1.3/wildpose/install/dji_rs3_pkg/lib/python3.8/site-packages/dji_rs3_pkg/protocol
creating /home/naoya/wildpose_v1.3/wildpose/install/dji_rs3_pkg/lib/python3.8/site-packages/dji_rs3_pkg/protocol/connection
copying /home/naoya/wildpose_v1.3/wildpose/build/dji_rs3_pkg/build/lib/dji_rs3_pkg/protocol/connection/__init__.py -> /home/naoya/wildpose_v1.3/wildpose/install/dji_rs3_pkg/lib/python3.8/site-packages/dji_rs3_pkg/protocol/connection
copying /home/naoya/wildpose_v1.3/wildpose/build/dji_rs3_pkg/build/lib/dji_rs3_pkg/protocol/connection/CANConnection.py -> /home/naoya/wildpose_v1.3/wildpose/install/dji_rs3_pkg/lib/python3.8/site-packages/dji_rs3_pkg/protocol/connection
copying /home/naoya/wildpose_v1.3/wildpose/build/dji_rs3_pkg/build/lib/dji_rs3_pkg/protocol/__init__.py -> /home/naoya/wildpose_v1.3/wildpose/install/dji_rs3_pkg/lib/python3.8/site-packages/dji_rs3_pkg/protocol
creating /home/naoya/wildpose_v1.3/wildpose/install/dji_rs3_pkg/lib/python3.8/site-packages/dji_rs3_pkg/protocol/sdk
copying /home/naoya/wildpose_v1.3/wildpose/build/dji_rs3_pkg/build/lib/dji_rs3_pkg/protocol/sdk/CmdCombine.py -> /home/naoya/wildpose_v1.3/wildpose/install/dji_rs3_pkg/lib/python3.8/site-packages/dji_rs3_pkg/protocol/sdk
copying /home/naoya/wildpose_v1.3/wildpose/build/dji_rs3_pkg/build/lib/dji_rs3_pkg/protocol/sdk/SDKHandle.py -> /home/naoya/wildpose_v1.3/wildpose/install/dji_rs3_pkg/lib/python3.8/site-packages/dji_rs3_pkg/protocol/sdk
copying /home/naoya/wildpose_v1.3/wildpose/build/dji_rs3_pkg/build/lib/dji_rs3_pkg/protocol/sdk/SDKCRC.py -> /home/naoya/wildpose_v1.3/wildpose/install/dji_rs3_pkg/lib/python3.8/site-packages/dji_rs3_pkg/protocol/sdk
copying /home/naoya/wildpose_v1.3/wildpose/build/dji_rs3_pkg/build/lib/dji_rs3_pkg/protocol/sdk/CmdHandler.py -> /home/naoya/wildpose_v1.3/wildpose/install/dji_rs3_pkg/lib/python3.8/site-packages/dji_rs3_pkg/protocol/sdk
copying /home/naoya/wildpose_v1.3/wildpose/build/dji_rs3_pkg/build/lib/dji_rs3_pkg/protocol/sdk/__init__.py -> /home/naoya/wildpose_v1.3/wildpose/install/dji_rs3_pkg/lib/python3.8/site-packages/dji_rs3_pkg/protocol/sdk
copying /home/naoya/wildpose_v1.3/wildpose/build/dji_rs3_pkg/build/lib/dji_rs3_pkg/__init__.py -> /home/naoya/wildpose_v1.3/wildpose/install/dji_rs3_pkg/lib/python3.8/site-packages/dji_rs3_pkg
byte-compiling /home/naoya/wildpose_v1.3/wildpose/install/dji_rs3_pkg/lib/python3.8/site-packages/dji_rs3_pkg/dji_rs3_node.py to dji_rs3_node.cpython-38.pyc
byte-compiling /home/naoya/wildpose_v1.3/wildpose/install/dji_rs3_pkg/lib/python3.8/site-packages/dji_rs3_pkg/protocol/connection/__init__.py to __init__.cpython-38.pyc
byte-compiling /home/naoya/wildpose_v1.3/wildpose/install/dji_rs3_pkg/lib/python3.8/site-packages/dji_rs3_pkg/protocol/connection/CANConnection.py to CANConnection.cpython-38.pyc
byte-compiling /home/naoya/wildpose_v1.3/wildpose/install/dji_rs3_pkg/lib/python3.8/site-packages/dji_rs3_pkg/protocol/__init__.py to __init__.cpython-38.pyc
byte-compiling /home/naoya/wildpose_v1.3/wildpose/install/dji_rs3_pkg/lib/python3.8/site-packages/dji_rs3_pkg/protocol/sdk/CmdCombine.py to CmdCombine.cpython-38.pyc
byte-compiling /home/naoya/wildpose_v1.3/wildpose/install/dji_rs3_pkg/lib/python3.8/site-packages/dji_rs3_pkg/protocol/sdk/SDKHandle.py to SDKHandle.cpython-38.pyc
byte-compiling /home/naoya/wildpose_v1.3/wildpose/install/dji_rs3_pkg/lib/python3.8/site-packages/dji_rs3_pkg/protocol/sdk/SDKCRC.py to SDKCRC.cpython-38.pyc
byte-compiling /home/naoya/wildpose_v1.3/wildpose/install/dji_rs3_pkg/lib/python3.8/site-packages/dji_rs3_pkg/protocol/sdk/CmdHandler.py to CmdHandler.cpython-38.pyc
byte-compiling /home/naoya/wildpose_v1.3/wildpose/install/dji_rs3_pkg/lib/python3.8/site-packages/dji_rs3_pkg/protocol/sdk/__init__.py to __init__.cpython-38.pyc
byte-compiling /home/naoya/wildpose_v1.3/wildpose/install/dji_rs3_pkg/lib/python3.8/site-packages/dji_rs3_pkg/__init__.py to __init__.cpython-38.pyc
running install_data
running install_egg_info
Copying ../../build/dji_rs3_pkg/dji_rs3_pkg.egg-info to /home/naoya/wildpose_v1.3/wildpose/install/dji_rs3_pkg/lib/python3.8/site-packages/dji_rs3_pkg-0.0.0-py3.8.egg-info
running install_scripts
Installing dji_rs3_node script to /home/naoya/wildpose_v1.3/wildpose/install/dji_rs3_pkg/lib/dji_rs3_pkg
writing list of installed files to '/home/naoya/wildpose_v1.3/wildpose/build/dji_rs3_pkg/install.log'
