[0.157s] Invoking command in '/home/naoya/wildpose_v1.3/wildpose/build/livox_ros2_driver': CMAKE_PREFIX_PATH=/home/naoya/wildpose_v1.3/wildpose/install/livox_sdk_vendor:/home/naoya/wildpose_v1.3/wildpose/install/livox_interfaces:/home/naoya/wildpose_v1.3/wildpose/install/wildpose_bringup:/home/naoya/wildpose_v1.3/wildpose/install/ximea_ros2_cam:/home/naoya/wildpose_v1.3/wildpose/install/wildpose_interfaces:/home/naoya/wildpose_v1.3/wildpose/install/vision_opencv:/home/naoya/wildpose_v1.3/wildpose/install/livox_ros2_driver:/home/naoya/wildpose_v1.3/wildpose/install/iris_controller:/home/naoya/wildpose_v1.3/wildpose/install/image_geometry:/home/naoya/wildpose_v1.3/wildpose/install/cv_bridge:/home/naoya/WildPose_v1.2/wildpose/install/wildpose_bringup:/home/naoya/WildPose_v1.2/wildpose/install/wildpose_interfaces:/home/naoya/ros2_ws/livox_ros2_driver/install/livox_ros2_driver:/home/naoya/ros2_ws/livox_ros2_driver/install/livox_sdk_vendor:/home/naoya/ros2_ws/livox_ros2_driver/install/livox_interfaces:/home/naoya/ros2_ws/ximea_ros2_cam/install/ximea_ros2_cam:/home/naoya/ros2_ws/rmw_ecal/install/rmw_ecal_dynamic_cpp:/home/naoya/ros2_ws/rmw_ecal/install/rmw_ecal_shared_cpp:/home/naoya/wildpose_v1.3/wildpose/install/motor_controller_pkg:/home/naoya/wildpose_v1.3/wildpose/install/lidar_control_package:/home/naoya/wildpose_v1.3/wildpose/install/dji_rs3_pkg:/home/naoya/wildpose_v1.3/wildpose/install/opencv_tests:/home/naoya/wildpose_v1.3/wildpose/install/gamepad_pkg:/home/naoya/WildPose_v1.2/wildpose/install/motor_controller_pkg:/home/naoya/WildPose_v1.2/wildpose/install/gamepad_pkg:/opt/ros/foxy LD_LIBRARY_PATH=/home/naoya/wildpose_v1.3/wildpose/install/livox_interfaces/lib:/home/naoya/wildpose_v1.3/wildpose/install/wildpose_interfaces/lib:/home/naoya/wildpose_v1.3/wildpose/install/livox_ros2_driver/lib:/home/naoya/wildpose_v1.3/wildpose/install/image_geometry/lib:/home/naoya/wildpose_v1.3/wildpose/install/cv_bridge/lib:/home/naoya/WildPose_v1.2/wildpose/install/wildpose_interfaces/lib:/home/naoya/ros2_ws/livox_ros2_driver/install/livox_ros2_driver/lib:/home/naoya/ros2_ws/livox_ros2_driver/install/livox_interfaces/lib:/home/naoya/ros2_ws/rmw_ecal/install/rmw_ecal_dynamic_cpp/lib:/home/naoya/ros2_ws/rmw_ecal/install/rmw_ecal_shared_cpp/lib:/opt/ros/foxy/opt/yaml_cpp_vendor/lib:/opt/ros/foxy/opt/rviz_ogre_vendor/lib:/opt/ros/foxy/lib/x86_64-linux-gnu:/opt/ros/foxy/lib PYTHONPATH=/home/naoya/wildpose_v1.3/wildpose/install/livox_interfaces/lib/python3.8/site-packages:/home/naoya/wildpose_v1.3/wildpose/install/motor_controller_pkg/lib/python3.8/site-packages:/home/naoya/wildpose_v1.3/wildpose/install/lidar_control_package/lib/python3.8/site-packages:/home/naoya/wildpose_v1.3/wildpose/install/dji_rs3_pkg/lib/python3.8/site-packages:/home/naoya/wildpose_v1.3/wildpose/install/wildpose_interfaces/lib/python3.8/site-packages:/home/naoya/wildpose_v1.3/wildpose/install/opencv_tests/lib/python3.8/site-packages:/home/naoya/wildpose_v1.3/wildpose/install/image_geometry/lib/python3.8/site-packages:/home/naoya/wildpose_v1.3/wildpose/install/gamepad_pkg/lib/python3.8/site-packages:/home/naoya/wildpose_v1.3/wildpose/install/cv_bridge/lib/python3.8/site-packages:/home/naoya/WildPose_v1.2/wildpose/build/motor_controller_pkg:/home/naoya/WildPose_v1.2/wildpose/install/motor_controller_pkg/lib/python3.8/site-packages:/home/naoya/WildPose_v1.2/wildpose/install/wildpose_interfaces/lib/python3.8/site-packages:/home/naoya/WildPose_v1.2/wildpose/build/gamepad_pkg:/home/naoya/WildPose_v1.2/wildpose/install/gamepad_pkg/lib/python3.8/site-packages:/home/naoya/ros2_ws/livox_ros2_driver/install/livox_interfaces/lib/python3.8/site-packages:/opt/ros/foxy/lib/python3.8/site-packages /usr/bin/cmake /home/naoya/wildpose_v1.3/wildpose/src/livox_lidar_ROS2_driver/livox_ros2_driver -DCMAKE_INSTALL_PREFIX=/home/naoya/wildpose_v1.3/wildpose/install/livox_ros2_driver
[0.219s] -- The C compiler identification is GNU 9.4.0
[0.265s] -- The CXX compiler identification is GNU 9.4.0
[0.272s] -- Check for working C compiler: /usr/bin/cc
[0.322s] -- Check for working C compiler: /usr/bin/cc -- works
[0.324s] -- Detecting C compiler ABI info
[0.376s] -- Detecting C compiler ABI info - done
[0.389s] -- Detecting C compile features
[0.389s] -- Detecting C compile features - done
[0.391s] -- Check for working CXX compiler: /usr/bin/c++
[0.465s] -- Check for working CXX compiler: /usr/bin/c++ -- works
[0.466s] -- Detecting CXX compiler ABI info
[0.525s] -- Detecting CXX compiler ABI info - done
[0.536s] -- Detecting CXX compile features
[0.537s] -- Detecting CXX compile features - done
[0.537s] -- livox_ros2_driver version: 0.0.1
[0.538s] -- Found ament_cmake_auto: 0.9.12 (/opt/ros/foxy/share/ament_cmake_auto/cmake)
[0.558s] -- Found PythonInterp: /usr/bin/python3 (found suitable version "3.8.10", minimum required is "3") 
[0.558s] -- Using PYTHON_EXECUTABLE: /usr/bin/python3
[0.764s] -- Using all available rosidl_typesupport_c: rosidl_typesupport_fastrtps_c;rosidl_typesupport_introspection_c
[0.768s] -- Found rosidl_adapter: 1.3.1 (/opt/ros/foxy/share/rosidl_adapter/cmake)
[0.823s] -- Found OpenSSL: /usr/lib/x86_64-linux-gnu/libcrypto.so (found version "1.1.1f")  
[0.844s] -- Found FastRTPS: /opt/ros/foxy/include  
[0.901s] -- Using all available rosidl_typesupport_cpp: rosidl_typesupport_fastrtps_cpp;rosidl_typesupport_introspection_cpp
[0.940s] -- Found rmw_implementation_cmake: 1.0.4 (/opt/ros/foxy/share/rmw_implementation_cmake/cmake)
[0.941s] -- Using RMW implementation 'rmw_ecal_dynamic_cpp' as default
[0.942s] -- Looking for pthread.h
[0.993s] -- Looking for pthread.h - found
[0.994s] -- Performing Test CMAKE_HAVE_LIBC_PTHREAD
[1.048s] -- Performing Test CMAKE_HAVE_LIBC_PTHREAD - Failed
[1.048s] -- Looking for pthread_create in pthreads
[1.088s] -- Looking for pthread_create in pthreads - not found
[1.088s] -- Looking for pthread_create in pthread
[1.143s] -- Looking for pthread_create in pthread - found
[1.144s] -- Found Threads: TRUE  
[1.548s] -- Found Boost: /usr/lib/x86_64-linux-gnu/cmake/Boost-1.71.0/BoostConfig.cmake (found suitable version "1.71.0", minimum required is "1.65.0") found components: system filesystem iostreams serialization 
[1.559s] -- Checking for module 'flann'
[1.571s] --   Found flann, version 1.9.1
[1.598s] -- Found FLANN: /usr/lib/x86_64-linux-gnu/libflann_cpp.so  
[1.599s] -- FLANN found (include: /usr/include, lib: /usr/lib/x86_64-linux-gnu/libflann_cpp.so)
[1.790s] -- Found OpenMP_CXX: -fopenmp (found version "4.5") 
[1.792s] -- Found OpenMP: TRUE (found version "4.5") found components: CXX 
[1.832s] -- The imported target "vtkParseOGLExt" references the file
[1.832s]    "/usr/bin/vtkParseOGLExt-7.1"
[1.833s] but this file does not exist.  Possible reasons include:
[1.834s] * The file was deleted, renamed, or moved to another location.
[1.835s] * An install or uninstall procedure did not complete successfully.
[1.835s] * The installation package was faulty and contained
[1.836s]    "/usr/lib/cmake/vtk-7.1/VTKTargets.cmake"
[1.836s] but not all the files it references.
[1.838s] 
[1.838s] -- The imported target "vtkRenderingPythonTkWidgets" references the file
[1.838s]    "/usr/lib/x86_64-linux-gnu/libvtkRenderingPythonTkWidgets.so"
[1.838s] but this file does not exist.  Possible reasons include:
[1.839s] * The file was deleted, renamed, or moved to another location.
[1.839s] * An install or uninstall procedure did not complete successfully.
[1.839s] * The installation package was faulty and contained
[1.839s]    "/usr/lib/cmake/vtk-7.1/VTKTargets.cmake"
[1.839s] but not all the files it references.
[1.839s] 
[1.839s] -- The imported target "vtk" references the file
[1.839s]    "/usr/bin/vtk"
[1.839s] but this file does not exist.  Possible reasons include:
[1.839s] * The file was deleted, renamed, or moved to another location.
[1.839s] * An install or uninstall procedure did not complete successfully.
[1.840s] * The installation package was faulty and contained
[1.840s]    "/usr/lib/cmake/vtk-7.1/VTKTargets.cmake"
[1.840s] but not all the files it references.
[1.840s] 
[1.840s] -- The imported target "pvtk" references the file
[1.840s]    "/usr/bin/pvtk"
[1.840s] but this file does not exist.  Possible reasons include:
[1.840s] * The file was deleted, renamed, or moved to another location.
[1.840s] * An install or uninstall procedure did not complete successfully.
[1.840s] * The installation package was faulty and contained
[1.840s]    "/usr/lib/cmake/vtk-7.1/VTKTargets.cmake"
[1.840s] but not all the files it references.
[1.840s] 
[1.890s] -- Checking for module 'libusb-1.0'
[1.901s] --   Found libusb-1.0, version 1.0.23
[1.926s] -- Found libusb: /usr/lib/x86_64-linux-gnu/libusb-1.0.so  
[1.927s] -- Found OpenNI: /usr/lib/libOpenNI.so;libusb::libusb (found version "1.5.4.0") 
[1.927s] -- OpenNI found (version: 1.5.4.0, include: /usr/include/ni, lib: /usr/lib/libOpenNI.so;libusb::libusb)
[1.983s] -- Found OpenNI2: /usr/lib/libOpenNI2.so;libusb::libusb (found version "2.2.0.33") 
[1.983s] -- OpenNI2 found (version: 2.2.0.33, include: /usr/include/openni2, lib: /usr/lib/libOpenNI2.so;libusb::libusb)
[1.987s] -- Could NOT find Pcap (missing: PCAP_LIBRARIES PCAP_INCLUDE_DIRS) 
[1.987s] ** WARNING ** io features related to pcap will be disabled
[2.004s] -- Found ZLIB: /usr/lib/x86_64-linux-gnu/libz.so (found version "1.2.11") 
[2.032s] -- Found PNG: /usr/lib/x86_64-linux-gnu/libpng.so (found version "1.6.37") 
[2.066s] -- OpenNI found (version: 1.5.4.0, include: /usr/include/ni, lib: /usr/lib/libOpenNI.so;libusb::libusb)
[2.073s] -- OpenNI2 found (version: 2.2.0.33, include: /usr/include/openni2, lib: /usr/lib/libOpenNI2.so;libusb::libusb)
[2.097s] -- Found Qhull: /usr/lib/x86_64-linux-gnu/libqhull_r.so  
[2.097s] -- QHULL found (include: /usr/include, lib: /usr/lib/x86_64-linux-gnu/libqhull_r.so)
[2.117s] -- looking for PCL_COMMON
[2.119s] -- Found PCL_COMMON: /usr/local/lib/libpcl_common.so  
[2.119s] -- looking for PCL_KDTREE
[2.119s] -- Found PCL_KDTREE: /usr/local/lib/libpcl_kdtree.so  
[2.119s] -- looking for PCL_OCTREE
[2.119s] -- Found PCL_OCTREE: /usr/local/lib/libpcl_octree.so  
[2.119s] -- looking for PCL_SEARCH
[2.120s] -- Found PCL_SEARCH: /usr/local/lib/libpcl_search.so  
[2.120s] -- looking for PCL_SAMPLE_CONSENSUS
[2.120s] -- Found PCL_SAMPLE_CONSENSUS: /usr/local/lib/libpcl_sample_consensus.so  
[2.120s] -- looking for PCL_FILTERS
[2.120s] -- Found PCL_FILTERS: /usr/local/lib/libpcl_filters.so  
[2.120s] -- looking for PCL_2D
[2.121s] -- Found PCL_2D: /usr/local/include/pcl-1.13  
[2.121s] -- looking for PCL_GEOMETRY
[2.121s] -- Found PCL_GEOMETRY: /usr/local/include/pcl-1.13  
[2.122s] -- looking for PCL_IO
[2.122s] -- Found PCL_IO: /usr/local/lib/libpcl_io.so  
[2.122s] -- looking for PCL_FEATURES
[2.122s] -- Found PCL_FEATURES: /usr/local/lib/libpcl_features.so  
[2.122s] -- looking for PCL_ML
[2.122s] -- Found PCL_ML: /usr/local/lib/libpcl_ml.so  
[2.123s] -- looking for PCL_SEGMENTATION
[2.123s] -- Found PCL_SEGMENTATION: /usr/local/lib/libpcl_segmentation.so  
[2.123s] -- looking for PCL_VISUALIZATION
[2.123s] -- Found PCL_VISUALIZATION: /usr/local/lib/libpcl_visualization.so  
[2.124s] -- looking for PCL_SURFACE
[2.124s] -- Found PCL_SURFACE: /usr/local/lib/libpcl_surface.so  
[2.124s] -- looking for PCL_REGISTRATION
[2.124s] -- Found PCL_REGISTRATION: /usr/local/lib/libpcl_registration.so  
[2.124s] -- looking for PCL_KEYPOINTS
[2.124s] -- Found PCL_KEYPOINTS: /usr/local/lib/libpcl_keypoints.so  
[2.124s] -- looking for PCL_TRACKING
[2.124s] -- Found PCL_TRACKING: /usr/local/lib/libpcl_tracking.so  
[2.124s] -- looking for PCL_RECOGNITION
[2.125s] -- Found PCL_RECOGNITION: /usr/local/lib/libpcl_recognition.so  
[2.125s] -- looking for PCL_STEREO
[2.125s] -- Found PCL_STEREO: /usr/local/lib/libpcl_stereo.so  
[2.125s] -- looking for PCL_OUTOFCORE
[2.125s] -- Found PCL_OUTOFCORE: /usr/local/lib/libpcl_outofcore.so  
[2.126s] -- looking for PCL_PEOPLE
[2.126s] -- Found PCL_PEOPLE: /usr/local/lib/libpcl_people.so  
[2.127s] -- Found PCL: pcl_common;pcl_kdtree;pcl_octree;pcl_search;pcl_sample_consensus;pcl_filters;pcl_io;pcl_features;pcl_ml;pcl_segmentation;pcl_visualization;pcl_surface;pcl_registration;pcl_keypoints;pcl_tracking;pcl_recognition;pcl_stereo;pcl_outofcore;pcl_people;Boost::system;Boost::filesystem;Boost::iostreams;Boost::serialization;/usr/lib/libOpenNI.so;libusb::libusb;/usr/lib/libOpenNI2.so;libusb::libusb;vtkChartsCore;vtkCommonColor;vtkCommonCore;vtksys;vtkCommonDataModel;vtkCommonMath;vtkCommonMisc;vtkCommonSystem;vtkCommonTransforms;vtkCommonExecutionModel;vtkFiltersGeneral;vtkCommonComputationalGeometry;vtkFiltersCore;vtkInfovisCore;vtkFiltersExtraction;vtkFiltersStatistics;vtkImagingFourier;vtkImagingCore;vtkalglib;vtkRenderingContext2D;vtkRenderingCore;vtkFiltersGeometry;vtkFiltersSources;vtkRenderingFreeType;/usr/lib/x86_64-linux-gnu/libfreetype.so;/usr/lib/x86_64-linux-gnu/libz.so;vtkFiltersModeling;vtkImagingSources;vtkInteractionImage;vtkImagingColor;vtkInteractionStyle;vtkInteractionWidgets;vtkFiltersHybrid;vtkImagingGeneral;vtkImagingHybrid;vtkIOImage;vtkDICOMParser;vtkmetaio;/usr/lib/x86_64-linux-gnu/libjpeg.so;/usr/lib/x86_64-linux-gnu/libpng.so;/usr/lib/x86_64-linux-gnu/libtiff.so;vtkRenderingAnnotation;vtkRenderingVolume;vtkIOXML;vtkIOCore;vtkIOXMLParser;/usr/lib/x86_64-linux-gnu/libexpat.so;vtkIOGeometry;vtkIOLegacy;vtkIOPLY;vtkRenderingLOD;vtkViewsCore;vtkViewsContext2D;vtkRenderingOpenGL2;vtkRenderingContextOpenGL2;vtkGUISupportQt;FLANN::FLANN;QHULL::QHULL  
[2.129s] -- Found livox_sdk: /usr/local/include  
[2.132s] -- Found PkgConfig: /usr/bin/pkg-config (found version "0.29.1") 
[2.132s] -- Checking for module 'apr-1'
[2.135s] --   No package 'apr-1' found
[2.169s] -- Found ament_lint_auto: 0.9.8 (/opt/ros/foxy/share/ament_lint_auto/cmake)
[2.185s] -- Added test 'copyright' to check source files copyright and LICENSE
[2.187s] -- Added test 'cppcheck' to perform static code analysis on C / C++ code
[2.188s] -- Configured cppcheck include dirs: /home/naoya/wildpose_v1.3/wildpose/src/livox_lidar_ROS2_driver/livox_ros2_driver/common;/home/naoya/wildpose_v1.3/wildpose/src/livox_lidar_ROS2_driver/livox_ros2_driver/common/rapidjson;/home/naoya/wildpose_v1.3/wildpose/src/livox_lidar_ROS2_driver/livox_ros2_driver/comon/rapdidxml;/home/naoya/wildpose_v1.3/wildpose/src/livox_lidar_ROS2_driver/livox_ros2_driver/common/comm;/home/naoya/wildpose_v1.3/wildpose/src/livox_lidar_ROS2_driver/livox_ros2_driver/timesync;/home/naoya/wildpose_v1.3/wildpose/src/livox_lidar_ROS2_driver/livox_ros2_driver/timesync/user_uart;/home/naoya/wildpose_v1.3/wildpose/src/livox_lidar_ROS2_driver/livox_ros2_driver/livox_ros2_driver
[2.188s] -- Configured cppcheck exclude dirs and/or files: 
[2.192s] -- Added test 'cpplint' to check C / C++ code against the Google style
[2.192s] -- Configured cpplint exclude dirs and/or files: 
[2.192s] -- Added test 'flake8' to check Python code syntax and style conventions
[2.192s] -- Added test 'lint_cmake' to check CMake code style
[2.193s] -- Added test 'pep257' to check Python code against some of the style conventions in PEP 257
[2.195s] -- Added test 'uncrustify' to check C / C++ code style
[2.195s] -- Configured uncrustify additional arguments: 
[2.195s] -- Added test 'xmllint' to check XML markup files
[2.200s] -- Configuring done
[2.245s] -- Generating done
[2.245s] -- Build files have been written to: /home/naoya/wildpose_v1.3/wildpose/build/livox_ros2_driver
[2.254s] Invoked command in '/home/naoya/wildpose_v1.3/wildpose/build/livox_ros2_driver' returned '0': CMAKE_PREFIX_PATH=/home/naoya/wildpose_v1.3/wildpose/install/livox_sdk_vendor:/home/naoya/wildpose_v1.3/wildpose/install/livox_interfaces:/home/naoya/wildpose_v1.3/wildpose/install/wildpose_bringup:/home/naoya/wildpose_v1.3/wildpose/install/ximea_ros2_cam:/home/naoya/wildpose_v1.3/wildpose/install/wildpose_interfaces:/home/naoya/wildpose_v1.3/wildpose/install/vision_opencv:/home/naoya/wildpose_v1.3/wildpose/install/livox_ros2_driver:/home/naoya/wildpose_v1.3/wildpose/install/iris_controller:/home/naoya/wildpose_v1.3/wildpose/install/image_geometry:/home/naoya/wildpose_v1.3/wildpose/install/cv_bridge:/home/naoya/WildPose_v1.2/wildpose/install/wildpose_bringup:/home/naoya/WildPose_v1.2/wildpose/install/wildpose_interfaces:/home/naoya/ros2_ws/livox_ros2_driver/install/livox_ros2_driver:/home/naoya/ros2_ws/livox_ros2_driver/install/livox_sdk_vendor:/home/naoya/ros2_ws/livox_ros2_driver/install/livox_interfaces:/home/naoya/ros2_ws/ximea_ros2_cam/install/ximea_ros2_cam:/home/naoya/ros2_ws/rmw_ecal/install/rmw_ecal_dynamic_cpp:/home/naoya/ros2_ws/rmw_ecal/install/rmw_ecal_shared_cpp:/home/naoya/wildpose_v1.3/wildpose/install/motor_controller_pkg:/home/naoya/wildpose_v1.3/wildpose/install/lidar_control_package:/home/naoya/wildpose_v1.3/wildpose/install/dji_rs3_pkg:/home/naoya/wildpose_v1.3/wildpose/install/opencv_tests:/home/naoya/wildpose_v1.3/wildpose/install/gamepad_pkg:/home/naoya/WildPose_v1.2/wildpose/install/motor_controller_pkg:/home/naoya/WildPose_v1.2/wildpose/install/gamepad_pkg:/opt/ros/foxy LD_LIBRARY_PATH=/home/naoya/wildpose_v1.3/wildpose/install/livox_interfaces/lib:/home/naoya/wildpose_v1.3/wildpose/install/wildpose_interfaces/lib:/home/naoya/wildpose_v1.3/wildpose/install/livox_ros2_driver/lib:/home/naoya/wildpose_v1.3/wildpose/install/image_geometry/lib:/home/naoya/wildpose_v1.3/wildpose/install/cv_bridge/lib:/home/naoya/WildPose_v1.2/wildpose/install/wildpose_interfaces/lib:/home/naoya/ros2_ws/livox_ros2_driver/install/livox_ros2_driver/lib:/home/naoya/ros2_ws/livox_ros2_driver/install/livox_interfaces/lib:/home/naoya/ros2_ws/rmw_ecal/install/rmw_ecal_dynamic_cpp/lib:/home/naoya/ros2_ws/rmw_ecal/install/rmw_ecal_shared_cpp/lib:/opt/ros/foxy/opt/yaml_cpp_vendor/lib:/opt/ros/foxy/opt/rviz_ogre_vendor/lib:/opt/ros/foxy/lib/x86_64-linux-gnu:/opt/ros/foxy/lib PYTHONPATH=/home/naoya/wildpose_v1.3/wildpose/install/livox_interfaces/lib/python3.8/site-packages:/home/naoya/wildpose_v1.3/wildpose/install/motor_controller_pkg/lib/python3.8/site-packages:/home/naoya/wildpose_v1.3/wildpose/install/lidar_control_package/lib/python3.8/site-packages:/home/naoya/wildpose_v1.3/wildpose/install/dji_rs3_pkg/lib/python3.8/site-packages:/home/naoya/wildpose_v1.3/wildpose/install/wildpose_interfaces/lib/python3.8/site-packages:/home/naoya/wildpose_v1.3/wildpose/install/opencv_tests/lib/python3.8/site-packages:/home/naoya/wildpose_v1.3/wildpose/install/image_geometry/lib/python3.8/site-packages:/home/naoya/wildpose_v1.3/wildpose/install/gamepad_pkg/lib/python3.8/site-packages:/home/naoya/wildpose_v1.3/wildpose/install/cv_bridge/lib/python3.8/site-packages:/home/naoya/WildPose_v1.2/wildpose/build/motor_controller_pkg:/home/naoya/WildPose_v1.2/wildpose/install/motor_controller_pkg/lib/python3.8/site-packages:/home/naoya/WildPose_v1.2/wildpose/install/wildpose_interfaces/lib/python3.8/site-packages:/home/naoya/WildPose_v1.2/wildpose/build/gamepad_pkg:/home/naoya/WildPose_v1.2/wildpose/install/gamepad_pkg/lib/python3.8/site-packages:/home/naoya/ros2_ws/livox_ros2_driver/install/livox_interfaces/lib/python3.8/site-packages:/opt/ros/foxy/lib/python3.8/site-packages /usr/bin/cmake /home/naoya/wildpose_v1.3/wildpose/src/livox_lidar_ROS2_driver/livox_ros2_driver -DCMAKE_INSTALL_PREFIX=/home/naoya/wildpose_v1.3/wildpose/install/livox_ros2_driver
[2.257s] Invoking command in '/home/naoya/wildpose_v1.3/wildpose/build/livox_ros2_driver': CMAKE_PREFIX_PATH=/home/naoya/wildpose_v1.3/wildpose/install/livox_sdk_vendor:/home/naoya/wildpose_v1.3/wildpose/install/livox_interfaces:/home/naoya/wildpose_v1.3/wildpose/install/wildpose_bringup:/home/naoya/wildpose_v1.3/wildpose/install/ximea_ros2_cam:/home/naoya/wildpose_v1.3/wildpose/install/wildpose_interfaces:/home/naoya/wildpose_v1.3/wildpose/install/vision_opencv:/home/naoya/wildpose_v1.3/wildpose/install/livox_ros2_driver:/home/naoya/wildpose_v1.3/wildpose/install/iris_controller:/home/naoya/wildpose_v1.3/wildpose/install/image_geometry:/home/naoya/wildpose_v1.3/wildpose/install/cv_bridge:/home/naoya/WildPose_v1.2/wildpose/install/wildpose_bringup:/home/naoya/WildPose_v1.2/wildpose/install/wildpose_interfaces:/home/naoya/ros2_ws/livox_ros2_driver/install/livox_ros2_driver:/home/naoya/ros2_ws/livox_ros2_driver/install/livox_sdk_vendor:/home/naoya/ros2_ws/livox_ros2_driver/install/livox_interfaces:/home/naoya/ros2_ws/ximea_ros2_cam/install/ximea_ros2_cam:/home/naoya/ros2_ws/rmw_ecal/install/rmw_ecal_dynamic_cpp:/home/naoya/ros2_ws/rmw_ecal/install/rmw_ecal_shared_cpp:/home/naoya/wildpose_v1.3/wildpose/install/motor_controller_pkg:/home/naoya/wildpose_v1.3/wildpose/install/lidar_control_package:/home/naoya/wildpose_v1.3/wildpose/install/dji_rs3_pkg:/home/naoya/wildpose_v1.3/wildpose/install/opencv_tests:/home/naoya/wildpose_v1.3/wildpose/install/gamepad_pkg:/home/naoya/WildPose_v1.2/wildpose/install/motor_controller_pkg:/home/naoya/WildPose_v1.2/wildpose/install/gamepad_pkg:/opt/ros/foxy LD_LIBRARY_PATH=/home/naoya/wildpose_v1.3/wildpose/install/livox_interfaces/lib:/home/naoya/wildpose_v1.3/wildpose/install/wildpose_interfaces/lib:/home/naoya/wildpose_v1.3/wildpose/install/livox_ros2_driver/lib:/home/naoya/wildpose_v1.3/wildpose/install/image_geometry/lib:/home/naoya/wildpose_v1.3/wildpose/install/cv_bridge/lib:/home/naoya/WildPose_v1.2/wildpose/install/wildpose_interfaces/lib:/home/naoya/ros2_ws/livox_ros2_driver/install/livox_ros2_driver/lib:/home/naoya/ros2_ws/livox_ros2_driver/install/livox_interfaces/lib:/home/naoya/ros2_ws/rmw_ecal/install/rmw_ecal_dynamic_cpp/lib:/home/naoya/ros2_ws/rmw_ecal/install/rmw_ecal_shared_cpp/lib:/opt/ros/foxy/opt/yaml_cpp_vendor/lib:/opt/ros/foxy/opt/rviz_ogre_vendor/lib:/opt/ros/foxy/lib/x86_64-linux-gnu:/opt/ros/foxy/lib PYTHONPATH=/home/naoya/wildpose_v1.3/wildpose/install/livox_interfaces/lib/python3.8/site-packages:/home/naoya/wildpose_v1.3/wildpose/install/motor_controller_pkg/lib/python3.8/site-packages:/home/naoya/wildpose_v1.3/wildpose/install/lidar_control_package/lib/python3.8/site-packages:/home/naoya/wildpose_v1.3/wildpose/install/dji_rs3_pkg/lib/python3.8/site-packages:/home/naoya/wildpose_v1.3/wildpose/install/wildpose_interfaces/lib/python3.8/site-packages:/home/naoya/wildpose_v1.3/wildpose/install/opencv_tests/lib/python3.8/site-packages:/home/naoya/wildpose_v1.3/wildpose/install/image_geometry/lib/python3.8/site-packages:/home/naoya/wildpose_v1.3/wildpose/install/gamepad_pkg/lib/python3.8/site-packages:/home/naoya/wildpose_v1.3/wildpose/install/cv_bridge/lib/python3.8/site-packages:/home/naoya/WildPose_v1.2/wildpose/build/motor_controller_pkg:/home/naoya/WildPose_v1.2/wildpose/install/motor_controller_pkg/lib/python3.8/site-packages:/home/naoya/WildPose_v1.2/wildpose/install/wildpose_interfaces/lib/python3.8/site-packages:/home/naoya/WildPose_v1.2/wildpose/build/gamepad_pkg:/home/naoya/WildPose_v1.2/wildpose/install/gamepad_pkg/lib/python3.8/site-packages:/home/naoya/ros2_ws/livox_ros2_driver/install/livox_interfaces/lib/python3.8/site-packages:/opt/ros/foxy/lib/python3.8/site-packages /usr/bin/cmake --build /home/naoya/wildpose_v1.3/wildpose/build/livox_ros2_driver -- -j16 -l16
[2.305s] [35m[1mScanning dependencies of target livox_ros2_driver_node[0m
[2.305s] [35m[1mScanning dependencies of target livox_ros2_driver[0m
[2.346s] [  6%] [32mBuilding CXX object CMakeFiles/livox_ros2_driver_node.dir/rclcpp_components/node_main_livox_ros2_driver_node.cpp.o[0m
[2.406s] [ 12%] [32mBuilding CXX object CMakeFiles/livox_ros2_driver.dir/livox_ros2_driver/lds_lvx.cpp.o[0m
[2.406s] [ 18%] [32mBuilding CXX object CMakeFiles/livox_ros2_driver.dir/livox_ros2_driver/lds_lidar.cpp.o[0m
[2.406s] [ 31%] [32mBuilding CXX object CMakeFiles/livox_ros2_driver.dir/livox_ros2_driver/lvx_file.cpp.o[0m
[2.407s] [ 37%] [32mBuilding CXX object CMakeFiles/livox_ros2_driver.dir/livox_ros2_driver/ldq.cpp.o[0m
[2.407s] [ 31%] [32mBuilding CXX object CMakeFiles/livox_ros2_driver.dir/livox_ros2_driver/lds.cpp.o[0m
[2.410s] [ 43%] [32mBuilding CXX object CMakeFiles/livox_ros2_driver.dir/livox_ros2_driver/lds_hub.cpp.o[0m
[2.420s] [ 62%] [32mBuilding CXX object CMakeFiles/livox_ros2_driver.dir/livox_ros2_driver/lddc.cpp.o[0m
[2.420s] [ 62%] [32mBuilding CXX object CMakeFiles/livox_ros2_driver.dir/timesync/timesync.cpp.o[0m
[2.420s] [ 62%] [32mBuilding CXX object CMakeFiles/livox_ros2_driver.dir/livox_ros2_driver/livox_ros2_driver.cpp.o[0m
[2.443s] [ 68%] [32mBuilding CXX object CMakeFiles/livox_ros2_driver.dir/timesync/user_uart/user_uart.cpp.o[0m
[2.454s] [ 75%] [32mBuilding CXX object CMakeFiles/livox_ros2_driver.dir/common/comm/comm_protocol.cpp.o[0m
[2.458s] [ 81%] [32mBuilding CXX object CMakeFiles/livox_ros2_driver.dir/common/comm/sdk_protocol.cpp.o[0m
[2.487s] [ 87%] [32mBuilding CXX object CMakeFiles/livox_ros2_driver.dir/common/comm/gps_protocol.cpp.o[0m
[4.191s] [ 93%] [32m[1mLinking CXX executable livox_ros2_driver_node[0m
[4.293s] [ 93%] Built target livox_ros2_driver_node
[7.504s] [100%] [32m[1mLinking CXX shared library liblivox_ros2_driver.so[0m
[8.197s] [100%] Built target livox_ros2_driver
[8.207s] Invoked command in '/home/naoya/wildpose_v1.3/wildpose/build/livox_ros2_driver' returned '0': CMAKE_PREFIX_PATH=/home/naoya/wildpose_v1.3/wildpose/install/livox_sdk_vendor:/home/naoya/wildpose_v1.3/wildpose/install/livox_interfaces:/home/naoya/wildpose_v1.3/wildpose/install/wildpose_bringup:/home/naoya/wildpose_v1.3/wildpose/install/ximea_ros2_cam:/home/naoya/wildpose_v1.3/wildpose/install/wildpose_interfaces:/home/naoya/wildpose_v1.3/wildpose/install/vision_opencv:/home/naoya/wildpose_v1.3/wildpose/install/livox_ros2_driver:/home/naoya/wildpose_v1.3/wildpose/install/iris_controller:/home/naoya/wildpose_v1.3/wildpose/install/image_geometry:/home/naoya/wildpose_v1.3/wildpose/install/cv_bridge:/home/naoya/WildPose_v1.2/wildpose/install/wildpose_bringup:/home/naoya/WildPose_v1.2/wildpose/install/wildpose_interfaces:/home/naoya/ros2_ws/livox_ros2_driver/install/livox_ros2_driver:/home/naoya/ros2_ws/livox_ros2_driver/install/livox_sdk_vendor:/home/naoya/ros2_ws/livox_ros2_driver/install/livox_interfaces:/home/naoya/ros2_ws/ximea_ros2_cam/install/ximea_ros2_cam:/home/naoya/ros2_ws/rmw_ecal/install/rmw_ecal_dynamic_cpp:/home/naoya/ros2_ws/rmw_ecal/install/rmw_ecal_shared_cpp:/home/naoya/wildpose_v1.3/wildpose/install/motor_controller_pkg:/home/naoya/wildpose_v1.3/wildpose/install/lidar_control_package:/home/naoya/wildpose_v1.3/wildpose/install/dji_rs3_pkg:/home/naoya/wildpose_v1.3/wildpose/install/opencv_tests:/home/naoya/wildpose_v1.3/wildpose/install/gamepad_pkg:/home/naoya/WildPose_v1.2/wildpose/install/motor_controller_pkg:/home/naoya/WildPose_v1.2/wildpose/install/gamepad_pkg:/opt/ros/foxy LD_LIBRARY_PATH=/home/naoya/wildpose_v1.3/wildpose/install/livox_interfaces/lib:/home/naoya/wildpose_v1.3/wildpose/install/wildpose_interfaces/lib:/home/naoya/wildpose_v1.3/wildpose/install/livox_ros2_driver/lib:/home/naoya/wildpose_v1.3/wildpose/install/image_geometry/lib:/home/naoya/wildpose_v1.3/wildpose/install/cv_bridge/lib:/home/naoya/WildPose_v1.2/wildpose/install/wildpose_interfaces/lib:/home/naoya/ros2_ws/livox_ros2_driver/install/livox_ros2_driver/lib:/home/naoya/ros2_ws/livox_ros2_driver/install/livox_interfaces/lib:/home/naoya/ros2_ws/rmw_ecal/install/rmw_ecal_dynamic_cpp/lib:/home/naoya/ros2_ws/rmw_ecal/install/rmw_ecal_shared_cpp/lib:/opt/ros/foxy/opt/yaml_cpp_vendor/lib:/opt/ros/foxy/opt/rviz_ogre_vendor/lib:/opt/ros/foxy/lib/x86_64-linux-gnu:/opt/ros/foxy/lib PYTHONPATH=/home/naoya/wildpose_v1.3/wildpose/install/livox_interfaces/lib/python3.8/site-packages:/home/naoya/wildpose_v1.3/wildpose/install/motor_controller_pkg/lib/python3.8/site-packages:/home/naoya/wildpose_v1.3/wildpose/install/lidar_control_package/lib/python3.8/site-packages:/home/naoya/wildpose_v1.3/wildpose/install/dji_rs3_pkg/lib/python3.8/site-packages:/home/naoya/wildpose_v1.3/wildpose/install/wildpose_interfaces/lib/python3.8/site-packages:/home/naoya/wildpose_v1.3/wildpose/install/opencv_tests/lib/python3.8/site-packages:/home/naoya/wildpose_v1.3/wildpose/install/image_geometry/lib/python3.8/site-packages:/home/naoya/wildpose_v1.3/wildpose/install/gamepad_pkg/lib/python3.8/site-packages:/home/naoya/wildpose_v1.3/wildpose/install/cv_bridge/lib/python3.8/site-packages:/home/naoya/WildPose_v1.2/wildpose/build/motor_controller_pkg:/home/naoya/WildPose_v1.2/wildpose/install/motor_controller_pkg/lib/python3.8/site-packages:/home/naoya/WildPose_v1.2/wildpose/install/wildpose_interfaces/lib/python3.8/site-packages:/home/naoya/WildPose_v1.2/wildpose/build/gamepad_pkg:/home/naoya/WildPose_v1.2/wildpose/install/gamepad_pkg/lib/python3.8/site-packages:/home/naoya/ros2_ws/livox_ros2_driver/install/livox_interfaces/lib/python3.8/site-packages:/opt/ros/foxy/lib/python3.8/site-packages /usr/bin/cmake --build /home/naoya/wildpose_v1.3/wildpose/build/livox_ros2_driver -- -j16 -l16
[8.245s] Invoking command in '/home/naoya/wildpose_v1.3/wildpose/build/livox_ros2_driver': CMAKE_PREFIX_PATH=/home/naoya/wildpose_v1.3/wildpose/install/livox_sdk_vendor:/home/naoya/wildpose_v1.3/wildpose/install/livox_interfaces:/home/naoya/wildpose_v1.3/wildpose/install/wildpose_bringup:/home/naoya/wildpose_v1.3/wildpose/install/ximea_ros2_cam:/home/naoya/wildpose_v1.3/wildpose/install/wildpose_interfaces:/home/naoya/wildpose_v1.3/wildpose/install/vision_opencv:/home/naoya/wildpose_v1.3/wildpose/install/livox_ros2_driver:/home/naoya/wildpose_v1.3/wildpose/install/iris_controller:/home/naoya/wildpose_v1.3/wildpose/install/image_geometry:/home/naoya/wildpose_v1.3/wildpose/install/cv_bridge:/home/naoya/WildPose_v1.2/wildpose/install/wildpose_bringup:/home/naoya/WildPose_v1.2/wildpose/install/wildpose_interfaces:/home/naoya/ros2_ws/livox_ros2_driver/install/livox_ros2_driver:/home/naoya/ros2_ws/livox_ros2_driver/install/livox_sdk_vendor:/home/naoya/ros2_ws/livox_ros2_driver/install/livox_interfaces:/home/naoya/ros2_ws/ximea_ros2_cam/install/ximea_ros2_cam:/home/naoya/ros2_ws/rmw_ecal/install/rmw_ecal_dynamic_cpp:/home/naoya/ros2_ws/rmw_ecal/install/rmw_ecal_shared_cpp:/home/naoya/wildpose_v1.3/wildpose/install/motor_controller_pkg:/home/naoya/wildpose_v1.3/wildpose/install/lidar_control_package:/home/naoya/wildpose_v1.3/wildpose/install/dji_rs3_pkg:/home/naoya/wildpose_v1.3/wildpose/install/opencv_tests:/home/naoya/wildpose_v1.3/wildpose/install/gamepad_pkg:/home/naoya/WildPose_v1.2/wildpose/install/motor_controller_pkg:/home/naoya/WildPose_v1.2/wildpose/install/gamepad_pkg:/opt/ros/foxy LD_LIBRARY_PATH=/home/naoya/wildpose_v1.3/wildpose/install/livox_interfaces/lib:/home/naoya/wildpose_v1.3/wildpose/install/wildpose_interfaces/lib:/home/naoya/wildpose_v1.3/wildpose/install/livox_ros2_driver/lib:/home/naoya/wildpose_v1.3/wildpose/install/image_geometry/lib:/home/naoya/wildpose_v1.3/wildpose/install/cv_bridge/lib:/home/naoya/WildPose_v1.2/wildpose/install/wildpose_interfaces/lib:/home/naoya/ros2_ws/livox_ros2_driver/install/livox_ros2_driver/lib:/home/naoya/ros2_ws/livox_ros2_driver/install/livox_interfaces/lib:/home/naoya/ros2_ws/rmw_ecal/install/rmw_ecal_dynamic_cpp/lib:/home/naoya/ros2_ws/rmw_ecal/install/rmw_ecal_shared_cpp/lib:/opt/ros/foxy/opt/yaml_cpp_vendor/lib:/opt/ros/foxy/opt/rviz_ogre_vendor/lib:/opt/ros/foxy/lib/x86_64-linux-gnu:/opt/ros/foxy/lib PYTHONPATH=/home/naoya/wildpose_v1.3/wildpose/install/livox_interfaces/lib/python3.8/site-packages:/home/naoya/wildpose_v1.3/wildpose/install/motor_controller_pkg/lib/python3.8/site-packages:/home/naoya/wildpose_v1.3/wildpose/install/lidar_control_package/lib/python3.8/site-packages:/home/naoya/wildpose_v1.3/wildpose/install/dji_rs3_pkg/lib/python3.8/site-packages:/home/naoya/wildpose_v1.3/wildpose/install/wildpose_interfaces/lib/python3.8/site-packages:/home/naoya/wildpose_v1.3/wildpose/install/opencv_tests/lib/python3.8/site-packages:/home/naoya/wildpose_v1.3/wildpose/install/image_geometry/lib/python3.8/site-packages:/home/naoya/wildpose_v1.3/wildpose/install/gamepad_pkg/lib/python3.8/site-packages:/home/naoya/wildpose_v1.3/wildpose/install/cv_bridge/lib/python3.8/site-packages:/home/naoya/WildPose_v1.2/wildpose/build/motor_controller_pkg:/home/naoya/WildPose_v1.2/wildpose/install/motor_controller_pkg/lib/python3.8/site-packages:/home/naoya/WildPose_v1.2/wildpose/install/wildpose_interfaces/lib/python3.8/site-packages:/home/naoya/WildPose_v1.2/wildpose/build/gamepad_pkg:/home/naoya/WildPose_v1.2/wildpose/install/gamepad_pkg/lib/python3.8/site-packages:/home/naoya/ros2_ws/livox_ros2_driver/install/livox_interfaces/lib/python3.8/site-packages:/opt/ros/foxy/lib/python3.8/site-packages /usr/bin/cmake --install /home/naoya/wildpose_v1.3/wildpose/build/livox_ros2_driver
[8.250s] -- Install configuration: ""
[8.251s] -- Installing: /home/naoya/wildpose_v1.3/wildpose/install/livox_ros2_driver/lib/livox_ros2_driver/livox_ros2_driver_node
[8.251s] -- Set runtime path of "/home/naoya/wildpose_v1.3/wildpose/install/livox_ros2_driver/lib/livox_ros2_driver/livox_ros2_driver_node" to ""
[8.251s] -- Installing: /home/naoya/wildpose_v1.3/wildpose/install/livox_ros2_driver/share/livox_ros2_driver/environment/library_path.sh
[8.251s] -- Installing: /home/naoya/wildpose_v1.3/wildpose/install/livox_ros2_driver/share/livox_ros2_driver/environment/library_path.dsv
[8.251s] -- Installing: /home/naoya/wildpose_v1.3/wildpose/install/livox_ros2_driver/lib/liblivox_ros2_driver.so
[8.255s] -- Set runtime path of "/home/naoya/wildpose_v1.3/wildpose/install/livox_ros2_driver/lib/liblivox_ros2_driver.so" to ""
[8.255s] -- Installing: /home/naoya/wildpose_v1.3/wildpose/install/livox_ros2_driver/share/livox_ros2_driver/config
[8.255s] -- Installing: /home/naoya/wildpose_v1.3/wildpose/install/livox_ros2_driver/share/livox_ros2_driver/config/livox_hub_config.json
[8.255s] -- Installing: /home/naoya/wildpose_v1.3/wildpose/install/livox_ros2_driver/share/livox_ros2_driver/config/livox_lidar_config.json
[8.255s] -- Installing: /home/naoya/wildpose_v1.3/wildpose/install/livox_ros2_driver/share/livox_ros2_driver/config/livox_hub.rviz
[8.255s] -- Installing: /home/naoya/wildpose_v1.3/wildpose/install/livox_ros2_driver/share/livox_ros2_driver/config/livox_lidar.rviz
[8.256s] -- Installing: /home/naoya/wildpose_v1.3/wildpose/install/livox_ros2_driver/share/livox_ros2_driver/launch
[8.256s] -- Installing: /home/naoya/wildpose_v1.3/wildpose/install/livox_ros2_driver/share/livox_ros2_driver/launch/livox_hub_launch.py
[8.256s] -- Installing: /home/naoya/wildpose_v1.3/wildpose/install/livox_ros2_driver/share/livox_ros2_driver/launch/livox_lidar_launch.py
[8.256s] -- Installing: /home/naoya/wildpose_v1.3/wildpose/install/livox_ros2_driver/share/livox_ros2_driver/launch/livox_hub_rviz_launch.py
[8.256s] -- Installing: /home/naoya/wildpose_v1.3/wildpose/install/livox_ros2_driver/share/livox_ros2_driver/launch/livox_template_launch.py
[8.256s] -- Installing: /home/naoya/wildpose_v1.3/wildpose/install/livox_ros2_driver/share/livox_ros2_driver/launch/livox_lidar_msg_launch.py
[8.256s] -- Installing: /home/naoya/wildpose_v1.3/wildpose/install/livox_ros2_driver/share/livox_ros2_driver/launch/livox_lidar_rviz_launch.py
[8.256s] -- Installing: /home/naoya/wildpose_v1.3/wildpose/install/livox_ros2_driver/share/livox_ros2_driver/launch/livox_hub_msg_launch .py
[8.256s] -- Installing: /home/naoya/wildpose_v1.3/wildpose/install/livox_ros2_driver/share/ament_index/resource_index/package_run_dependencies/livox_ros2_driver
[8.256s] -- Installing: /home/naoya/wildpose_v1.3/wildpose/install/livox_ros2_driver/share/ament_index/resource_index/parent_prefix_path/livox_ros2_driver
[8.257s] -- Installing: /home/naoya/wildpose_v1.3/wildpose/install/livox_ros2_driver/share/livox_ros2_driver/environment/ament_prefix_path.sh
[8.257s] -- Installing: /home/naoya/wildpose_v1.3/wildpose/install/livox_ros2_driver/share/livox_ros2_driver/environment/ament_prefix_path.dsv
[8.257s] -- Installing: /home/naoya/wildpose_v1.3/wildpose/install/livox_ros2_driver/share/livox_ros2_driver/environment/path.sh
[8.257s] -- Installing: /home/naoya/wildpose_v1.3/wildpose/install/livox_ros2_driver/share/livox_ros2_driver/environment/path.dsv
[8.257s] -- Installing: /home/naoya/wildpose_v1.3/wildpose/install/livox_ros2_driver/share/livox_ros2_driver/local_setup.bash
[8.257s] -- Installing: /home/naoya/wildpose_v1.3/wildpose/install/livox_ros2_driver/share/livox_ros2_driver/local_setup.sh
[8.257s] -- Installing: /home/naoya/wildpose_v1.3/wildpose/install/livox_ros2_driver/share/livox_ros2_driver/local_setup.zsh
[8.257s] -- Installing: /home/naoya/wildpose_v1.3/wildpose/install/livox_ros2_driver/share/livox_ros2_driver/local_setup.dsv
[8.257s] -- Installing: /home/naoya/wildpose_v1.3/wildpose/install/livox_ros2_driver/share/livox_ros2_driver/package.dsv
[8.257s] -- Installing: /home/naoya/wildpose_v1.3/wildpose/install/livox_ros2_driver/share/ament_index/resource_index/packages/livox_ros2_driver
[8.257s] -- Installing: /home/naoya/wildpose_v1.3/wildpose/install/livox_ros2_driver/share/ament_index/resource_index/rclcpp_components/livox_ros2_driver
[8.258s] -- Installing: /home/naoya/wildpose_v1.3/wildpose/install/livox_ros2_driver/share/livox_ros2_driver/cmake/ament_cmake_export_dependencies-extras.cmake
[8.258s] -- Installing: /home/naoya/wildpose_v1.3/wildpose/install/livox_ros2_driver/share/livox_ros2_driver/cmake/ament_cmake_export_libraries-extras.cmake
[8.258s] -- Installing: /home/naoya/wildpose_v1.3/wildpose/install/livox_ros2_driver/share/livox_ros2_driver/cmake/livox_ros2_driverConfig.cmake
[8.258s] -- Installing: /home/naoya/wildpose_v1.3/wildpose/install/livox_ros2_driver/share/livox_ros2_driver/cmake/livox_ros2_driverConfig-version.cmake
[8.258s] -- Installing: /home/naoya/wildpose_v1.3/wildpose/install/livox_ros2_driver/share/livox_ros2_driver/package.xml
[8.259s] Invoked command in '/home/naoya/wildpose_v1.3/wildpose/build/livox_ros2_driver' returned '0': CMAKE_PREFIX_PATH=/home/naoya/wildpose_v1.3/wildpose/install/livox_sdk_vendor:/home/naoya/wildpose_v1.3/wildpose/install/livox_interfaces:/home/naoya/wildpose_v1.3/wildpose/install/wildpose_bringup:/home/naoya/wildpose_v1.3/wildpose/install/ximea_ros2_cam:/home/naoya/wildpose_v1.3/wildpose/install/wildpose_interfaces:/home/naoya/wildpose_v1.3/wildpose/install/vision_opencv:/home/naoya/wildpose_v1.3/wildpose/install/livox_ros2_driver:/home/naoya/wildpose_v1.3/wildpose/install/iris_controller:/home/naoya/wildpose_v1.3/wildpose/install/image_geometry:/home/naoya/wildpose_v1.3/wildpose/install/cv_bridge:/home/naoya/WildPose_v1.2/wildpose/install/wildpose_bringup:/home/naoya/WildPose_v1.2/wildpose/install/wildpose_interfaces:/home/naoya/ros2_ws/livox_ros2_driver/install/livox_ros2_driver:/home/naoya/ros2_ws/livox_ros2_driver/install/livox_sdk_vendor:/home/naoya/ros2_ws/livox_ros2_driver/install/livox_interfaces:/home/naoya/ros2_ws/ximea_ros2_cam/install/ximea_ros2_cam:/home/naoya/ros2_ws/rmw_ecal/install/rmw_ecal_dynamic_cpp:/home/naoya/ros2_ws/rmw_ecal/install/rmw_ecal_shared_cpp:/home/naoya/wildpose_v1.3/wildpose/install/motor_controller_pkg:/home/naoya/wildpose_v1.3/wildpose/install/lidar_control_package:/home/naoya/wildpose_v1.3/wildpose/install/dji_rs3_pkg:/home/naoya/wildpose_v1.3/wildpose/install/opencv_tests:/home/naoya/wildpose_v1.3/wildpose/install/gamepad_pkg:/home/naoya/WildPose_v1.2/wildpose/install/motor_controller_pkg:/home/naoya/WildPose_v1.2/wildpose/install/gamepad_pkg:/opt/ros/foxy LD_LIBRARY_PATH=/home/naoya/wildpose_v1.3/wildpose/install/livox_interfaces/lib:/home/naoya/wildpose_v1.3/wildpose/install/wildpose_interfaces/lib:/home/naoya/wildpose_v1.3/wildpose/install/livox_ros2_driver/lib:/home/naoya/wildpose_v1.3/wildpose/install/image_geometry/lib:/home/naoya/wildpose_v1.3/wildpose/install/cv_bridge/lib:/home/naoya/WildPose_v1.2/wildpose/install/wildpose_interfaces/lib:/home/naoya/ros2_ws/livox_ros2_driver/install/livox_ros2_driver/lib:/home/naoya/ros2_ws/livox_ros2_driver/install/livox_interfaces/lib:/home/naoya/ros2_ws/rmw_ecal/install/rmw_ecal_dynamic_cpp/lib:/home/naoya/ros2_ws/rmw_ecal/install/rmw_ecal_shared_cpp/lib:/opt/ros/foxy/opt/yaml_cpp_vendor/lib:/opt/ros/foxy/opt/rviz_ogre_vendor/lib:/opt/ros/foxy/lib/x86_64-linux-gnu:/opt/ros/foxy/lib PYTHONPATH=/home/naoya/wildpose_v1.3/wildpose/install/livox_interfaces/lib/python3.8/site-packages:/home/naoya/wildpose_v1.3/wildpose/install/motor_controller_pkg/lib/python3.8/site-packages:/home/naoya/wildpose_v1.3/wildpose/install/lidar_control_package/lib/python3.8/site-packages:/home/naoya/wildpose_v1.3/wildpose/install/dji_rs3_pkg/lib/python3.8/site-packages:/home/naoya/wildpose_v1.3/wildpose/install/wildpose_interfaces/lib/python3.8/site-packages:/home/naoya/wildpose_v1.3/wildpose/install/opencv_tests/lib/python3.8/site-packages:/home/naoya/wildpose_v1.3/wildpose/install/image_geometry/lib/python3.8/site-packages:/home/naoya/wildpose_v1.3/wildpose/install/gamepad_pkg/lib/python3.8/site-packages:/home/naoya/wildpose_v1.3/wildpose/install/cv_bridge/lib/python3.8/site-packages:/home/naoya/WildPose_v1.2/wildpose/build/motor_controller_pkg:/home/naoya/WildPose_v1.2/wildpose/install/motor_controller_pkg/lib/python3.8/site-packages:/home/naoya/WildPose_v1.2/wildpose/install/wildpose_interfaces/lib/python3.8/site-packages:/home/naoya/WildPose_v1.2/wildpose/build/gamepad_pkg:/home/naoya/WildPose_v1.2/wildpose/install/gamepad_pkg/lib/python3.8/site-packages:/home/naoya/ros2_ws/livox_ros2_driver/install/livox_interfaces/lib/python3.8/site-packages:/opt/ros/foxy/lib/python3.8/site-packages /usr/bin/cmake --install /home/naoya/wildpose_v1.3/wildpose/build/livox_ros2_driver
