[0.839s] Invoking command in '/home/m2s2/WildPose_v1.2-main/wildpose/src/motor_controller_pkg': CMAKE_PREFIX_PATH=/home/m2s2/WildPose_v1.2-main/wildpose/install/wildpose_interfaces:/home/m2s2/WildPose_v1.2-main/wildpose/install/wildpose_bringup:/home/m2s2/WildPose_v1.2-main/wildpose/install/ximea_ros2_cam:/home/m2s2/WildPose_v1.2-main/wildpose/install/lidar_control_package:/home/m2s2/WildPose_v1.2-main/wildpose/install/livox_ros2_driver:/home/m2s2/WildPose_v1.2-main/wildpose/install/livox_sdk_vendor:/home/m2s2/WildPose_v1.2-main/wildpose/install/livox_interfaces PYTHONPATH=/home/m2s2/WildPose_v1.2-main/wildpose/build/motor_controller_pkg/prefix_override:/home/m2s2/WildPose_v1.2-main/wildpose/install/motor_controller_pkg/lib/python3.8/site-packages:/home/m2s2/WildPose_v1.2-main/wildpose/install/wildpose_interfaces/lib/python3.8/site-packages:/home/m2s2/WildPose_v1.2-main/wildpose/install/motor_controller_pkg/lib/python3.8/site-packages:/home/m2s2/WildPose_v1.2-main/wildpose/install/lidar_control_package/lib/python3.8/site-packages:/home/m2s2/WildPose_v1.2-main/wildpose/install/dji_rs3_pkg/lib/python3.8/site-packages:/home/m2s2/WildPose_v1.2-main/wildpose/install/livox_interfaces/lib/python3.8/site-packages:/home/m2s2/WildPose_v1.2-main/wildpose/install/gamepad_pkg/lib/python3.8/site-packages:/opt/ros/foxy/lib/python3.8/site-packages /usr/bin/python3 -W ignore:setup.py install is deprecated setup.py egg_info --egg-base ../../build/motor_controller_pkg build --build-base /home/m2s2/WildPose_v1.2-main/wildpose/build/motor_controller_pkg/build install --record /home/m2s2/WildPose_v1.2-main/wildpose/build/motor_controller_pkg/install.log --install-scripts $base/lib/motor_controller_pkg --single-version-externally-managed install_data
[0.990s] running egg_info
[0.990s] writing ../../build/motor_controller_pkg/motor_controller_pkg.egg-info/PKG-INFO
[0.990s] writing dependency_links to ../../build/motor_controller_pkg/motor_controller_pkg.egg-info/dependency_links.txt
[0.990s] writing entry points to ../../build/motor_controller_pkg/motor_controller_pkg.egg-info/entry_points.txt
[0.991s] writing requirements to ../../build/motor_controller_pkg/motor_controller_pkg.egg-info/requires.txt
[0.991s] writing top-level names to ../../build/motor_controller_pkg/motor_controller_pkg.egg-info/top_level.txt
[1.014s] reading manifest file '../../build/motor_controller_pkg/motor_controller_pkg.egg-info/SOURCES.txt'
[1.014s] writing manifest file '../../build/motor_controller_pkg/motor_controller_pkg.egg-info/SOURCES.txt'
[1.014s] running build
[1.014s] running build_py
[1.014s] running install
[1.015s] running install_lib
[1.017s] running install_data
[1.017s] running install_egg_info
[1.018s] removing '/home/m2s2/WildPose_v1.2-main/wildpose/install/motor_controller_pkg/lib/python3.8/site-packages/motor_controller_pkg-0.0.0-py3.8.egg-info' (and everything under it)
[1.018s] Copying ../../build/motor_controller_pkg/motor_controller_pkg.egg-info to /home/m2s2/WildPose_v1.2-main/wildpose/install/motor_controller_pkg/lib/python3.8/site-packages/motor_controller_pkg-0.0.0-py3.8.egg-info
[1.019s] running install_scripts
[1.035s] Installing motor_control_node script to /home/m2s2/WildPose_v1.2-main/wildpose/install/motor_controller_pkg/lib/motor_controller_pkg
[1.036s] writing list of installed files to '/home/m2s2/WildPose_v1.2-main/wildpose/build/motor_controller_pkg/install.log'
[1.062s] Invoked command in '/home/m2s2/WildPose_v1.2-main/wildpose/src/motor_controller_pkg' returned '0': CMAKE_PREFIX_PATH=/home/m2s2/WildPose_v1.2-main/wildpose/install/wildpose_interfaces:/home/m2s2/WildPose_v1.2-main/wildpose/install/wildpose_bringup:/home/m2s2/WildPose_v1.2-main/wildpose/install/ximea_ros2_cam:/home/m2s2/WildPose_v1.2-main/wildpose/install/lidar_control_package:/home/m2s2/WildPose_v1.2-main/wildpose/install/livox_ros2_driver:/home/m2s2/WildPose_v1.2-main/wildpose/install/livox_sdk_vendor:/home/m2s2/WildPose_v1.2-main/wildpose/install/livox_interfaces PYTHONPATH=/home/m2s2/WildPose_v1.2-main/wildpose/build/motor_controller_pkg/prefix_override:/home/m2s2/WildPose_v1.2-main/wildpose/install/motor_controller_pkg/lib/python3.8/site-packages:/home/m2s2/WildPose_v1.2-main/wildpose/install/wildpose_interfaces/lib/python3.8/site-packages:/home/m2s2/WildPose_v1.2-main/wildpose/install/motor_controller_pkg/lib/python3.8/site-packages:/home/m2s2/WildPose_v1.2-main/wildpose/install/lidar_control_package/lib/python3.8/site-packages:/home/m2s2/WildPose_v1.2-main/wildpose/install/dji_rs3_pkg/lib/python3.8/site-packages:/home/m2s2/WildPose_v1.2-main/wildpose/install/livox_interfaces/lib/python3.8/site-packages:/home/m2s2/WildPose_v1.2-main/wildpose/install/gamepad_pkg/lib/python3.8/site-packages:/opt/ros/foxy/lib/python3.8/site-packages /usr/bin/python3 -W ignore:setup.py install is deprecated setup.py egg_info --egg-base ../../build/motor_controller_pkg build --build-base /home/m2s2/WildPose_v1.2-main/wildpose/build/motor_controller_pkg/build install --record /home/m2s2/WildPose_v1.2-main/wildpose/build/motor_controller_pkg/install.log --install-scripts $base/lib/motor_controller_pkg --single-version-externally-managed install_data
