[0.305s] Invoking command in '/home/naoya/Wildpose_v1.3/build/ximea_ros2_cam': CMAKE_PREFIX_PATH=${CMAKE_PREFIX_PATH}:/home/naoya/WildPose_v1.2/wildpose/install/motor_controller_pkg:/home/naoya/WildPose_v1.2/wildpose/install/gamepad_pkg:/opt/ros/foxy /usr/bin/cmake /home/naoya/Wildpose_v1.3/wildpose/src/ximea_ROS2_driver-main/ximea_ros2_cam -DCMAKE_INSTALL_PREFIX=/home/naoya/Wildpose_v1.3/install/ximea_ros2_cam
[0.625s] -- The C compiler identification is GNU 9.4.0
[0.625s] -- The CXX compiler identification is GNU 9.4.0
[0.625s] -- Check for working C compiler: /usr/bin/cc
[0.625s] -- Check for working C compiler: /usr/bin/cc -- works
[0.625s] -- Detecting C compiler ABI info
[0.625s] -- Detecting C compiler ABI info - done
[0.625s] -- Detecting C compile features
[0.625s] -- Detecting C compile features - done
[0.625s] -- Check for working CXX compiler: /usr/bin/c++
[0.625s] -- Check for working CXX compiler: /usr/bin/c++ -- works
[0.626s] -- Detecting CXX compiler ABI info
[0.675s] -- Detecting CXX compiler ABI info - done
[0.688s] -- Detecting CXX compile features
[0.688s] -- Detecting CXX compile features - done
[0.692s] -- Found ament_cmake: 0.9.12 (/opt/ros/foxy/share/ament_cmake/cmake)
[0.715s] -- Found PythonInterp: /usr/bin/python3 (found suitable version "3.8.10", minimum required is "3") 
[0.715s] -- Using PYTHON_EXECUTABLE: /usr/bin/python3
[0.852s] -- Found rclcpp: 2.4.3 (/opt/ros/foxy/share/rclcpp/cmake)
[0.901s] -- Using all available rosidl_typesupport_c: rosidl_typesupport_fastrtps_c;rosidl_typesupport_introspection_c
[0.902s] -- Found rosidl_adapter: 1.3.1 (/opt/ros/foxy/share/rosidl_adapter/cmake)
[0.961s] -- Found OpenSSL: /usr/lib/x86_64-linux-gnu/libcrypto.so (found version "1.1.1f")  
[0.995s] -- Found FastRTPS: /opt/ros/foxy/include  
[1.068s] -- Using all available rosidl_typesupport_cpp: rosidl_typesupport_fastrtps_cpp;rosidl_typesupport_introspection_cpp
[1.110s] -- Found rmw_implementation_cmake: 1.0.4 (/opt/ros/foxy/share/rmw_implementation_cmake/cmake)
[1.112s] -- Using RMW implementation 'rmw_ecal_dynamic_cpp' as default
[1.113s] -- Looking for pthread.h
[1.162s] -- Looking for pthread.h - found
[1.162s] -- Performing Test CMAKE_HAVE_LIBC_PTHREAD
[1.210s] -- Performing Test CMAKE_HAVE_LIBC_PTHREAD - Failed
[1.210s] -- Looking for pthread_create in pthreads
[1.248s] -- Looking for pthread_create in pthreads - not found
[1.248s] -- Looking for pthread_create in pthread
[1.298s] -- Looking for pthread_create in pthread - found
[1.299s] -- Found Threads: TRUE  
[1.417s] -- Found camera_calibration_parsers: 2.4.0 (/opt/ros/foxy/share/camera_calibration_parsers/cmake)
[1.512s] -- Setting yaml-cpp_DIR to: '/opt/ros/foxy/share/yaml_cpp_vendor/cmake/../../../opt/yaml_cpp_vendor/lib/cmake/yaml-cpp'
[1.515s] -- Found camera_info_manager: 2.4.0 (/opt/ros/foxy/share/camera_info_manager/cmake)
[1.548s] -- Found image_transport: 2.4.0 (/opt/ros/foxy/share/image_transport/cmake)
[1.582s] -- Found rosbag2_cpp: 0.3.11 (/opt/ros/foxy/share/rosbag2_cpp/cmake)
[1.591s] -- Found cv_bridge: 3.0.7 (/opt/ros/foxy/share/cv_bridge/cmake)
[1.615s] -- Found OpenCV: /usr (found version "4.2.0") 
[1.701s] -- Found ament_lint_auto: 0.9.8 (/opt/ros/foxy/share/ament_lint_auto/cmake)
[1.764s] -- Added test 'copyright' to check source files copyright and LICENSE
[1.766s] -- Added test 'cppcheck' to perform static code analysis on C / C++ code
[1.766s] -- Configured cppcheck include dirs: $<BUILD_INTERFACE:/home/naoya/Wildpose_v1.3/wildpose/src/ximea_ROS2_driver-main/ximea_ros2_cam/include>
[1.767s] -- Configured cppcheck exclude dirs and/or files: 
[1.768s] -- Added test 'cpplint' to check C / C++ code against the Google style
[1.769s] -- Configured cpplint exclude dirs and/or files: 
[1.770s] -- Added test 'lint_cmake' to check CMake code style
[1.772s] -- Added test 'uncrustify' to check C / C++ code style
[1.772s] -- Configured uncrustify additional arguments: 
[1.772s] -- Added test 'xmllint' to check XML markup files
[1.776s] -- Configuring done
[1.815s] -- Generating done
[1.817s] -- Build files have been written to: /home/naoya/Wildpose_v1.3/build/ximea_ros2_cam
[1.833s] Invoked command in '/home/naoya/Wildpose_v1.3/build/ximea_ros2_cam' returned '0': CMAKE_PREFIX_PATH=${CMAKE_PREFIX_PATH}:/home/naoya/WildPose_v1.2/wildpose/install/motor_controller_pkg:/home/naoya/WildPose_v1.2/wildpose/install/gamepad_pkg:/opt/ros/foxy /usr/bin/cmake /home/naoya/Wildpose_v1.3/wildpose/src/ximea_ROS2_driver-main/ximea_ros2_cam -DCMAKE_INSTALL_PREFIX=/home/naoya/Wildpose_v1.3/install/ximea_ros2_cam
[1.835s] Invoking command in '/home/naoya/Wildpose_v1.3/build/ximea_ros2_cam': CMAKE_PREFIX_PATH=${CMAKE_PREFIX_PATH}:/home/naoya/WildPose_v1.2/wildpose/install/motor_controller_pkg:/home/naoya/WildPose_v1.2/wildpose/install/gamepad_pkg:/opt/ros/foxy /usr/bin/cmake --build /home/naoya/Wildpose_v1.3/build/ximea_ros2_cam -- -j16 -l16
[1.872s] [35m[1mScanning dependencies of target ximea_ros2_cam_node[0m
[1.989s] [ 33%] [32mBuilding CXX object CMakeFiles/ximea_ros2_cam_node.dir/src/ximea_ros2_cam_node.cpp.o[0m
[1.991s] [ 66%] [32mBuilding CXX object CMakeFiles/ximea_ros2_cam_node.dir/src/ximea_ros2_cam.cpp.o[0m
[6.115s] [100%] [32m[1mLinking CXX executable ximea_ros2_cam_node[0m
[6.572s] [100%] Built target ximea_ros2_cam_node
[6.658s] Invoked command in '/home/naoya/Wildpose_v1.3/build/ximea_ros2_cam' returned '0': CMAKE_PREFIX_PATH=${CMAKE_PREFIX_PATH}:/home/naoya/WildPose_v1.2/wildpose/install/motor_controller_pkg:/home/naoya/WildPose_v1.2/wildpose/install/gamepad_pkg:/opt/ros/foxy /usr/bin/cmake --build /home/naoya/Wildpose_v1.3/build/ximea_ros2_cam -- -j16 -l16
[6.675s] Invoking command in '/home/naoya/Wildpose_v1.3/build/ximea_ros2_cam': CMAKE_PREFIX_PATH=${CMAKE_PREFIX_PATH}:/home/naoya/WildPose_v1.2/wildpose/install/motor_controller_pkg:/home/naoya/WildPose_v1.2/wildpose/install/gamepad_pkg:/opt/ros/foxy /usr/bin/cmake --install /home/naoya/Wildpose_v1.3/build/ximea_ros2_cam
[6.679s] -- Install configuration: ""
[6.679s] -- Installing: /home/naoya/Wildpose_v1.3/install/ximea_ros2_cam/lib/ximea_ros2_cam/ximea_ros2_cam_node
[6.680s] -- Set runtime path of "/home/naoya/Wildpose_v1.3/install/ximea_ros2_cam/lib/ximea_ros2_cam/ximea_ros2_cam_node" to ""
[6.680s] -- Installing: /home/naoya/Wildpose_v1.3/install/ximea_ros2_cam/share/ximea_ros2_cam/config
[6.680s] -- Installing: /home/naoya/Wildpose_v1.3/install/ximea_ros2_cam/share/ximea_ros2_cam/config/xiCam_config.yaml
[6.680s] -- Installing: /home/naoya/Wildpose_v1.3/install/ximea_ros2_cam/share/ximea_ros2_cam/launch
[6.681s] -- Installing: /home/naoya/Wildpose_v1.3/install/ximea_ros2_cam/share/ximea_ros2_cam/launch/xiCam.launch.xml
[6.681s] -- Installing: /home/naoya/Wildpose_v1.3/install/ximea_ros2_cam/share/ament_index/resource_index/package_run_dependencies/ximea_ros2_cam
[6.681s] -- Installing: /home/naoya/Wildpose_v1.3/install/ximea_ros2_cam/share/ament_index/resource_index/parent_prefix_path/ximea_ros2_cam
[6.681s] -- Installing: /home/naoya/Wildpose_v1.3/install/ximea_ros2_cam/share/ximea_ros2_cam/environment/ament_prefix_path.sh
[6.681s] -- Installing: /home/naoya/Wildpose_v1.3/install/ximea_ros2_cam/share/ximea_ros2_cam/environment/ament_prefix_path.dsv
[6.681s] -- Installing: /home/naoya/Wildpose_v1.3/install/ximea_ros2_cam/share/ximea_ros2_cam/environment/path.sh
[6.681s] -- Installing: /home/naoya/Wildpose_v1.3/install/ximea_ros2_cam/share/ximea_ros2_cam/environment/path.dsv
[6.681s] -- Installing: /home/naoya/Wildpose_v1.3/install/ximea_ros2_cam/share/ximea_ros2_cam/local_setup.bash
[6.681s] -- Installing: /home/naoya/Wildpose_v1.3/install/ximea_ros2_cam/share/ximea_ros2_cam/local_setup.sh
[6.681s] -- Installing: /home/naoya/Wildpose_v1.3/install/ximea_ros2_cam/share/ximea_ros2_cam/local_setup.zsh
[6.682s] -- Installing: /home/naoya/Wildpose_v1.3/install/ximea_ros2_cam/share/ximea_ros2_cam/local_setup.dsv
[6.682s] -- Installing: /home/naoya/Wildpose_v1.3/install/ximea_ros2_cam/share/ximea_ros2_cam/package.dsv
[6.682s] -- Installing: /home/naoya/Wildpose_v1.3/install/ximea_ros2_cam/share/ament_index/resource_index/packages/ximea_ros2_cam
[6.682s] -- Installing: /home/naoya/Wildpose_v1.3/install/ximea_ros2_cam/share/ximea_ros2_cam/cmake/ximea_ros2_camConfig.cmake
[6.683s] -- Installing: /home/naoya/Wildpose_v1.3/install/ximea_ros2_cam/share/ximea_ros2_cam/cmake/ximea_ros2_camConfig-version.cmake
[6.683s] -- Installing: /home/naoya/Wildpose_v1.3/install/ximea_ros2_cam/share/ximea_ros2_cam/package.xml
[6.683s] Invoked command in '/home/naoya/Wildpose_v1.3/build/ximea_ros2_cam' returned '0': CMAKE_PREFIX_PATH=${CMAKE_PREFIX_PATH}:/home/naoya/WildPose_v1.2/wildpose/install/motor_controller_pkg:/home/naoya/WildPose_v1.2/wildpose/install/gamepad_pkg:/opt/ros/foxy /usr/bin/cmake --install /home/naoya/Wildpose_v1.3/build/ximea_ros2_cam
