[0.118s] DEBUG:colcon:Command line arguments: ['/usr/bin/colcon', 'build']
[0.118s] DEBUG:colcon:Parsed command line arguments: Namespace(allow_overriding=[], ament_cmake_args=None, base_paths=['.'], build_base='build', catkin_cmake_args=None, catkin_skip_building_tests=False, cmake_args=None, cmake_clean_cache=False, cmake_clean_first=False, cmake_force_configure=False, cmake_target=None, cmake_target_skip_unavailable=False, continue_on_error=False, event_handlers=None, executor='parallel', ignore_user_meta=False, install_base='install', log_base=None, log_level=None, main=<bound method BuildVerb.main of <colcon_core.verb.build.BuildVerb object at 0x7f7f4fb350d0>>, merge_install=False, metas=['./colcon.meta'], packages_above=None, packages_above_and_dependencies=None, packages_above_depth=None, packages_end=None, packages_ignore=None, packages_ignore_regex=None, packages_select=None, packages_select_build_failed=False, packages_select_by_dep=None, packages_select_regex=None, packages_select_test_failures=False, packages_skip=None, packages_skip_build_finished=False, packages_skip_by_dep=None, packages_skip_regex=None, packages_skip_test_passed=False, packages_skip_up_to=None, packages_start=None, packages_up_to=None, packages_up_to_regex=None, parallel_workers=16, paths=None, symlink_install=False, test_result_base=None, verb_extension=<colcon_core.verb.build.BuildVerb object at 0x7f7f4fb350d0>, verb_name='build', verb_parser=<colcon_defaults.argument_parser.defaults.DefaultArgumentsDecorator object at 0x7f7f4fa71ee0>)
[0.206s] Level 1:colcon.colcon_core.package_discovery:discover_packages(colcon_meta) check parameters
[0.206s] Level 1:colcon.colcon_core.package_discovery:discover_packages(recursive) check parameters
[0.206s] Level 1:colcon.colcon_core.package_discovery:discover_packages(ignore) check parameters
[0.206s] Level 1:colcon.colcon_core.package_discovery:discover_packages(path) check parameters
[0.206s] Level 1:colcon.colcon_core.package_discovery:discover_packages(colcon_meta) discover
[0.206s] Level 1:colcon.colcon_core.package_discovery:discover_packages(recursive) discover
[0.206s] INFO:colcon.colcon_core.package_discovery:Crawling recursively for packages in '/home/m2s2/WildPose_v1.2-main/wildpose'
[0.206s] Level 1:colcon.colcon_core.package_identification:_identify(.) by extensions ['ignore', 'ignore_ament_install']
[0.206s] Level 1:colcon.colcon_core.package_identification:_identify(.) by extension 'ignore'
[0.206s] Level 1:colcon.colcon_core.package_identification:_identify(.) by extension 'ignore_ament_install'
[0.206s] Level 1:colcon.colcon_core.package_identification:_identify(.) by extensions ['colcon_pkg']
[0.206s] Level 1:colcon.colcon_core.package_identification:_identify(.) by extension 'colcon_pkg'
[0.206s] Level 1:colcon.colcon_core.package_identification:_identify(.) by extensions ['colcon_meta']
[0.206s] Level 1:colcon.colcon_core.package_identification:_identify(.) by extension 'colcon_meta'
[0.206s] Level 1:colcon.colcon_core.package_identification:_identify(.) by extensions ['ros']
[0.206s] Level 1:colcon.colcon_core.package_identification:_identify(.) by extension 'ros'
[0.214s] Level 1:colcon.colcon_core.package_identification:_identify(.) by extensions ['cmake', 'python']
[0.214s] Level 1:colcon.colcon_core.package_identification:_identify(.) by extension 'cmake'
[0.214s] Level 1:colcon.colcon_core.package_identification:_identify(.) by extension 'python'
[0.214s] Level 1:colcon.colcon_core.package_identification:_identify(.) by extensions ['python_setup_py']
[0.214s] Level 1:colcon.colcon_core.package_identification:_identify(.) by extension 'python_setup_py'
[0.214s] Level 1:colcon.colcon_core.package_identification:_identify(build) by extensions ['ignore', 'ignore_ament_install']
[0.214s] Level 1:colcon.colcon_core.package_identification:_identify(build) by extension 'ignore'
[0.214s] Level 1:colcon.colcon_core.package_identification:_identify(build) ignored
[0.214s] Level 1:colcon.colcon_core.package_identification:_identify(install) by extensions ['ignore', 'ignore_ament_install']
[0.214s] Level 1:colcon.colcon_core.package_identification:_identify(install) by extension 'ignore'
[0.214s] Level 1:colcon.colcon_core.package_identification:_identify(install) ignored
[0.214s] Level 1:colcon.colcon_core.package_identification:_identify(lens_motor_controller) by extensions ['ignore', 'ignore_ament_install']
[0.214s] Level 1:colcon.colcon_core.package_identification:_identify(lens_motor_controller) by extension 'ignore'
[0.214s] Level 1:colcon.colcon_core.package_identification:_identify(lens_motor_controller) by extension 'ignore_ament_install'
[0.214s] Level 1:colcon.colcon_core.package_identification:_identify(lens_motor_controller) by extensions ['colcon_pkg']
[0.214s] Level 1:colcon.colcon_core.package_identification:_identify(lens_motor_controller) by extension 'colcon_pkg'
[0.214s] Level 1:colcon.colcon_core.package_identification:_identify(lens_motor_controller) by extensions ['colcon_meta']
[0.214s] Level 1:colcon.colcon_core.package_identification:_identify(lens_motor_controller) by extension 'colcon_meta'
[0.214s] Level 1:colcon.colcon_core.package_identification:_identify(lens_motor_controller) by extensions ['ros']
[0.214s] Level 1:colcon.colcon_core.package_identification:_identify(lens_motor_controller) by extension 'ros'
[0.214s] Level 1:colcon.colcon_core.package_identification:_identify(lens_motor_controller) by extensions ['cmake', 'python']
[0.214s] Level 1:colcon.colcon_core.package_identification:_identify(lens_motor_controller) by extension 'cmake'
[0.214s] Level 1:colcon.colcon_core.package_identification:_identify(lens_motor_controller) by extension 'python'
[0.215s] Level 1:colcon.colcon_core.package_identification:_identify(lens_motor_controller) by extensions ['python_setup_py']
[0.215s] Level 1:colcon.colcon_core.package_identification:_identify(lens_motor_controller) by extension 'python_setup_py'
[0.215s] Level 1:colcon.colcon_core.package_identification:_identify(log) by extensions ['ignore', 'ignore_ament_install']
[0.215s] Level 1:colcon.colcon_core.package_identification:_identify(log) by extension 'ignore'
[0.215s] Level 1:colcon.colcon_core.package_identification:_identify(log) ignored
[0.215s] Level 1:colcon.colcon_core.package_identification:_identify(src) by extensions ['ignore', 'ignore_ament_install']
[0.215s] Level 1:colcon.colcon_core.package_identification:_identify(src) by extension 'ignore'
[0.215s] Level 1:colcon.colcon_core.package_identification:_identify(src) by extension 'ignore_ament_install'
[0.215s] Level 1:colcon.colcon_core.package_identification:_identify(src) by extensions ['colcon_pkg']
[0.215s] Level 1:colcon.colcon_core.package_identification:_identify(src) by extension 'colcon_pkg'
[0.215s] Level 1:colcon.colcon_core.package_identification:_identify(src) by extensions ['colcon_meta']
[0.215s] Level 1:colcon.colcon_core.package_identification:_identify(src) by extension 'colcon_meta'
[0.215s] Level 1:colcon.colcon_core.package_identification:_identify(src) by extensions ['ros']
[0.215s] Level 1:colcon.colcon_core.package_identification:_identify(src) by extension 'ros'
[0.215s] Level 1:colcon.colcon_core.package_identification:_identify(src) by extensions ['cmake', 'python']
[0.215s] Level 1:colcon.colcon_core.package_identification:_identify(src) by extension 'cmake'
[0.215s] Level 1:colcon.colcon_core.package_identification:_identify(src) by extension 'python'
[0.215s] Level 1:colcon.colcon_core.package_identification:_identify(src) by extensions ['python_setup_py']
[0.215s] Level 1:colcon.colcon_core.package_identification:_identify(src) by extension 'python_setup_py'
[0.215s] Level 1:colcon.colcon_core.package_identification:_identify(src/dji_rs3_pkg) by extensions ['ignore', 'ignore_ament_install']
[0.215s] Level 1:colcon.colcon_core.package_identification:_identify(src/dji_rs3_pkg) by extension 'ignore'
[0.215s] Level 1:colcon.colcon_core.package_identification:_identify(src/dji_rs3_pkg) by extension 'ignore_ament_install'
[0.215s] Level 1:colcon.colcon_core.package_identification:_identify(src/dji_rs3_pkg) by extensions ['colcon_pkg']
[0.215s] Level 1:colcon.colcon_core.package_identification:_identify(src/dji_rs3_pkg) by extension 'colcon_pkg'
[0.215s] Level 1:colcon.colcon_core.package_identification:_identify(src/dji_rs3_pkg) by extensions ['colcon_meta']
[0.215s] Level 1:colcon.colcon_core.package_identification:_identify(src/dji_rs3_pkg) by extension 'colcon_meta'
[0.215s] Level 1:colcon.colcon_core.package_identification:_identify(src/dji_rs3_pkg) by extensions ['ros']
[0.215s] Level 1:colcon.colcon_core.package_identification:_identify(src/dji_rs3_pkg) by extension 'ros'
[0.217s] DEBUG:colcon.colcon_core.package_identification:Package 'src/dji_rs3_pkg' with type 'ros.ament_python' and name 'dji_rs3_pkg'
[0.217s] Level 1:colcon.colcon_core.package_identification:_identify(src/gamepad_pkg) by extensions ['ignore', 'ignore_ament_install']
[0.217s] Level 1:colcon.colcon_core.package_identification:_identify(src/gamepad_pkg) by extension 'ignore'
[0.217s] Level 1:colcon.colcon_core.package_identification:_identify(src/gamepad_pkg) by extension 'ignore_ament_install'
[0.217s] Level 1:colcon.colcon_core.package_identification:_identify(src/gamepad_pkg) by extensions ['colcon_pkg']
[0.217s] Level 1:colcon.colcon_core.package_identification:_identify(src/gamepad_pkg) by extension 'colcon_pkg'
[0.217s] Level 1:colcon.colcon_core.package_identification:_identify(src/gamepad_pkg) by extensions ['colcon_meta']
[0.217s] Level 1:colcon.colcon_core.package_identification:_identify(src/gamepad_pkg) by extension 'colcon_meta'
[0.217s] Level 1:colcon.colcon_core.package_identification:_identify(src/gamepad_pkg) by extensions ['ros']
[0.217s] Level 1:colcon.colcon_core.package_identification:_identify(src/gamepad_pkg) by extension 'ros'
[0.218s] DEBUG:colcon.colcon_core.package_identification:Package 'src/gamepad_pkg' with type 'ros.ament_python' and name 'gamepad_pkg'
[0.218s] Level 1:colcon.colcon_core.package_identification:_identify(src/motor_controller_pkg) by extensions ['ignore', 'ignore_ament_install']
[0.218s] Level 1:colcon.colcon_core.package_identification:_identify(src/motor_controller_pkg) by extension 'ignore'
[0.218s] Level 1:colcon.colcon_core.package_identification:_identify(src/motor_controller_pkg) by extension 'ignore_ament_install'
[0.218s] Level 1:colcon.colcon_core.package_identification:_identify(src/motor_controller_pkg) by extensions ['colcon_pkg']
[0.218s] Level 1:colcon.colcon_core.package_identification:_identify(src/motor_controller_pkg) by extension 'colcon_pkg'
[0.218s] Level 1:colcon.colcon_core.package_identification:_identify(src/motor_controller_pkg) by extensions ['colcon_meta']
[0.218s] Level 1:colcon.colcon_core.package_identification:_identify(src/motor_controller_pkg) by extension 'colcon_meta'
[0.218s] Level 1:colcon.colcon_core.package_identification:_identify(src/motor_controller_pkg) by extensions ['ros']
[0.218s] Level 1:colcon.colcon_core.package_identification:_identify(src/motor_controller_pkg) by extension 'ros'
[0.218s] DEBUG:colcon.colcon_core.package_identification:Package 'src/motor_controller_pkg' with type 'ros.ament_python' and name 'motor_controller_pkg'
[0.218s] Level 1:colcon.colcon_core.package_identification:_identify(src/wildpose_bringup) by extensions ['ignore', 'ignore_ament_install']
[0.218s] Level 1:colcon.colcon_core.package_identification:_identify(src/wildpose_bringup) by extension 'ignore'
[0.219s] Level 1:colcon.colcon_core.package_identification:_identify(src/wildpose_bringup) by extension 'ignore_ament_install'
[0.219s] Level 1:colcon.colcon_core.package_identification:_identify(src/wildpose_bringup) by extensions ['colcon_pkg']
[0.219s] Level 1:colcon.colcon_core.package_identification:_identify(src/wildpose_bringup) by extension 'colcon_pkg'
[0.219s] Level 1:colcon.colcon_core.package_identification:_identify(src/wildpose_bringup) by extensions ['colcon_meta']
[0.219s] Level 1:colcon.colcon_core.package_identification:_identify(src/wildpose_bringup) by extension 'colcon_meta'
[0.219s] Level 1:colcon.colcon_core.package_identification:_identify(src/wildpose_bringup) by extensions ['ros']
[0.219s] Level 1:colcon.colcon_core.package_identification:_identify(src/wildpose_bringup) by extension 'ros'
[0.219s] DEBUG:colcon.colcon_core.package_identification:Package 'src/wildpose_bringup' with type 'ros.ament_cmake' and name 'wildpose_bringup'
[0.219s] Level 1:colcon.colcon_core.package_identification:_identify(src/wildpose_interfaces) by extensions ['ignore', 'ignore_ament_install']
[0.219s] Level 1:colcon.colcon_core.package_identification:_identify(src/wildpose_interfaces) by extension 'ignore'
[0.219s] Level 1:colcon.colcon_core.package_identification:_identify(src/wildpose_interfaces) by extension 'ignore_ament_install'
[0.219s] Level 1:colcon.colcon_core.package_identification:_identify(src/wildpose_interfaces) by extensions ['colcon_pkg']
[0.219s] Level 1:colcon.colcon_core.package_identification:_identify(src/wildpose_interfaces) by extension 'colcon_pkg'
[0.219s] Level 1:colcon.colcon_core.package_identification:_identify(src/wildpose_interfaces) by extensions ['colcon_meta']
[0.219s] Level 1:colcon.colcon_core.package_identification:_identify(src/wildpose_interfaces) by extension 'colcon_meta'
[0.219s] Level 1:colcon.colcon_core.package_identification:_identify(src/wildpose_interfaces) by extensions ['ros']
[0.219s] Level 1:colcon.colcon_core.package_identification:_identify(src/wildpose_interfaces) by extension 'ros'
[0.219s] DEBUG:colcon.colcon_core.package_identification:Package 'src/wildpose_interfaces' with type 'ros.ament_cmake' and name 'wildpose_interfaces'
[0.219s] Level 1:colcon.colcon_core.package_discovery:discover_packages(recursive) using defaults
[0.220s] Level 1:colcon.colcon_core.package_discovery:discover_packages(ignore) discover
[0.220s] Level 1:colcon.colcon_core.package_discovery:discover_packages(ignore) using defaults
[0.220s] Level 1:colcon.colcon_core.package_discovery:discover_packages(path) discover
[0.220s] Level 1:colcon.colcon_core.package_discovery:discover_packages(path) using defaults
[0.230s] Level 1:colcon.colcon_core.package_discovery:discover_packages(prefix_path) check parameters
[0.230s] Level 1:colcon.colcon_core.package_discovery:discover_packages(prefix_path) discover
[0.231s] DEBUG:colcon.colcon_installed_package_information.package_discovery:Found 5 installed packages in /home/m2s2/WildPose_v1.2-main/wildpose/install
[0.232s] DEBUG:colcon.colcon_installed_package_information.package_discovery:Found 258 installed packages in /opt/ros/foxy
[0.233s] Level 1:colcon.colcon_core.package_discovery:discover_packages(prefix_path) using defaults
[0.269s] Level 5:colcon.colcon_core.verb:set package 'gamepad_pkg' build argument 'cmake_args' from command line to 'None'
[0.269s] Level 5:colcon.colcon_core.verb:set package 'gamepad_pkg' build argument 'cmake_target' from command line to 'None'
[0.269s] Level 5:colcon.colcon_core.verb:set package 'gamepad_pkg' build argument 'cmake_target_skip_unavailable' from command line to 'False'
[0.269s] Level 5:colcon.colcon_core.verb:set package 'gamepad_pkg' build argument 'cmake_clean_cache' from command line to 'False'
[0.269s] Level 5:colcon.colcon_core.verb:set package 'gamepad_pkg' build argument 'cmake_clean_first' from command line to 'False'
[0.269s] Level 5:colcon.colcon_core.verb:set package 'gamepad_pkg' build argument 'cmake_force_configure' from command line to 'False'
[0.269s] Level 5:colcon.colcon_core.verb:set package 'gamepad_pkg' build argument 'ament_cmake_args' from command line to 'None'
[0.269s] Level 5:colcon.colcon_core.verb:set package 'gamepad_pkg' build argument 'catkin_cmake_args' from command line to 'None'
[0.269s] Level 5:colcon.colcon_core.verb:set package 'gamepad_pkg' build argument 'catkin_skip_building_tests' from command line to 'False'
[0.269s] DEBUG:colcon.colcon_core.verb:Building package 'gamepad_pkg' with the following arguments: {'ament_cmake_args': None, 'build_base': '/home/m2s2/WildPose_v1.2-main/wildpose/build/gamepad_pkg', 'catkin_cmake_args': None, 'catkin_skip_building_tests': False, 'cmake_args': None, 'cmake_clean_cache': False, 'cmake_clean_first': False, 'cmake_force_configure': False, 'cmake_target': None, 'cmake_target_skip_unavailable': False, 'install_base': '/home/m2s2/WildPose_v1.2-main/wildpose/install/gamepad_pkg', 'merge_install': False, 'path': '/home/m2s2/WildPose_v1.2-main/wildpose/src/gamepad_pkg', 'symlink_install': False, 'test_result_base': None}
[0.269s] Level 5:colcon.colcon_core.verb:set package 'wildpose_interfaces' build argument 'cmake_args' from command line to 'None'
[0.269s] Level 5:colcon.colcon_core.verb:set package 'wildpose_interfaces' build argument 'cmake_target' from command line to 'None'
[0.269s] Level 5:colcon.colcon_core.verb:set package 'wildpose_interfaces' build argument 'cmake_target_skip_unavailable' from command line to 'False'
[0.269s] Level 5:colcon.colcon_core.verb:set package 'wildpose_interfaces' build argument 'cmake_clean_cache' from command line to 'False'
[0.269s] Level 5:colcon.colcon_core.verb:set package 'wildpose_interfaces' build argument 'cmake_clean_first' from command line to 'False'
[0.269s] Level 5:colcon.colcon_core.verb:set package 'wildpose_interfaces' build argument 'cmake_force_configure' from command line to 'False'
[0.269s] Level 5:colcon.colcon_core.verb:set package 'wildpose_interfaces' build argument 'ament_cmake_args' from command line to 'None'
[0.269s] Level 5:colcon.colcon_core.verb:set package 'wildpose_interfaces' build argument 'catkin_cmake_args' from command line to 'None'
[0.269s] Level 5:colcon.colcon_core.verb:set package 'wildpose_interfaces' build argument 'catkin_skip_building_tests' from command line to 'False'
[0.269s] DEBUG:colcon.colcon_core.verb:Building package 'wildpose_interfaces' with the following arguments: {'ament_cmake_args': None, 'build_base': '/home/m2s2/WildPose_v1.2-main/wildpose/build/wildpose_interfaces', 'catkin_cmake_args': None, 'catkin_skip_building_tests': False, 'cmake_args': None, 'cmake_clean_cache': False, 'cmake_clean_first': False, 'cmake_force_configure': False, 'cmake_target': None, 'cmake_target_skip_unavailable': False, 'install_base': '/home/m2s2/WildPose_v1.2-main/wildpose/install/wildpose_interfaces', 'merge_install': False, 'path': '/home/m2s2/WildPose_v1.2-main/wildpose/src/wildpose_interfaces', 'symlink_install': False, 'test_result_base': None}
[0.270s] Level 5:colcon.colcon_core.verb:set package 'dji_rs3_pkg' build argument 'cmake_args' from command line to 'None'
[0.270s] Level 5:colcon.colcon_core.verb:set package 'dji_rs3_pkg' build argument 'cmake_target' from command line to 'None'
[0.270s] Level 5:colcon.colcon_core.verb:set package 'dji_rs3_pkg' build argument 'cmake_target_skip_unavailable' from command line to 'False'
[0.270s] Level 5:colcon.colcon_core.verb:set package 'dji_rs3_pkg' build argument 'cmake_clean_cache' from command line to 'False'
[0.270s] Level 5:colcon.colcon_core.verb:set package 'dji_rs3_pkg' build argument 'cmake_clean_first' from command line to 'False'
[0.270s] Level 5:colcon.colcon_core.verb:set package 'dji_rs3_pkg' build argument 'cmake_force_configure' from command line to 'False'
[0.270s] Level 5:colcon.colcon_core.verb:set package 'dji_rs3_pkg' build argument 'ament_cmake_args' from command line to 'None'
[0.270s] Level 5:colcon.colcon_core.verb:set package 'dji_rs3_pkg' build argument 'catkin_cmake_args' from command line to 'None'
[0.270s] Level 5:colcon.colcon_core.verb:set package 'dji_rs3_pkg' build argument 'catkin_skip_building_tests' from command line to 'False'
[0.270s] DEBUG:colcon.colcon_core.verb:Building package 'dji_rs3_pkg' with the following arguments: {'ament_cmake_args': None, 'build_base': '/home/m2s2/WildPose_v1.2-main/wildpose/build/dji_rs3_pkg', 'catkin_cmake_args': None, 'catkin_skip_building_tests': False, 'cmake_args': None, 'cmake_clean_cache': False, 'cmake_clean_first': False, 'cmake_force_configure': False, 'cmake_target': None, 'cmake_target_skip_unavailable': False, 'install_base': '/home/m2s2/WildPose_v1.2-main/wildpose/install/dji_rs3_pkg', 'merge_install': False, 'path': '/home/m2s2/WildPose_v1.2-main/wildpose/src/dji_rs3_pkg', 'symlink_install': False, 'test_result_base': None}
[0.270s] Level 5:colcon.colcon_core.verb:set package 'motor_controller_pkg' build argument 'cmake_args' from command line to 'None'
[0.270s] Level 5:colcon.colcon_core.verb:set package 'motor_controller_pkg' build argument 'cmake_target' from command line to 'None'
[0.270s] Level 5:colcon.colcon_core.verb:set package 'motor_controller_pkg' build argument 'cmake_target_skip_unavailable' from command line to 'False'
[0.270s] Level 5:colcon.colcon_core.verb:set package 'motor_controller_pkg' build argument 'cmake_clean_cache' from command line to 'False'
[0.270s] Level 5:colcon.colcon_core.verb:set package 'motor_controller_pkg' build argument 'cmake_clean_first' from command line to 'False'
[0.270s] Level 5:colcon.colcon_core.verb:set package 'motor_controller_pkg' build argument 'cmake_force_configure' from command line to 'False'
[0.270s] Level 5:colcon.colcon_core.verb:set package 'motor_controller_pkg' build argument 'ament_cmake_args' from command line to 'None'
[0.270s] Level 5:colcon.colcon_core.verb:set package 'motor_controller_pkg' build argument 'catkin_cmake_args' from command line to 'None'
[0.270s] Level 5:colcon.colcon_core.verb:set package 'motor_controller_pkg' build argument 'catkin_skip_building_tests' from command line to 'False'
[0.270s] DEBUG:colcon.colcon_core.verb:Building package 'motor_controller_pkg' with the following arguments: {'ament_cmake_args': None, 'build_base': '/home/m2s2/WildPose_v1.2-main/wildpose/build/motor_controller_pkg', 'catkin_cmake_args': None, 'catkin_skip_building_tests': False, 'cmake_args': None, 'cmake_clean_cache': False, 'cmake_clean_first': False, 'cmake_force_configure': False, 'cmake_target': None, 'cmake_target_skip_unavailable': False, 'install_base': '/home/m2s2/WildPose_v1.2-main/wildpose/install/motor_controller_pkg', 'merge_install': False, 'path': '/home/m2s2/WildPose_v1.2-main/wildpose/src/motor_controller_pkg', 'symlink_install': False, 'test_result_base': None}
[0.270s] Level 5:colcon.colcon_core.verb:set package 'wildpose_bringup' build argument 'cmake_args' from command line to 'None'
[0.270s] Level 5:colcon.colcon_core.verb:set package 'wildpose_bringup' build argument 'cmake_target' from command line to 'None'
[0.270s] Level 5:colcon.colcon_core.verb:set package 'wildpose_bringup' build argument 'cmake_target_skip_unavailable' from command line to 'False'
[0.270s] Level 5:colcon.colcon_core.verb:set package 'wildpose_bringup' build argument 'cmake_clean_cache' from command line to 'False'
[0.270s] Level 5:colcon.colcon_core.verb:set package 'wildpose_bringup' build argument 'cmake_clean_first' from command line to 'False'
[0.270s] Level 5:colcon.colcon_core.verb:set package 'wildpose_bringup' build argument 'cmake_force_configure' from command line to 'False'
[0.270s] Level 5:colcon.colcon_core.verb:set package 'wildpose_bringup' build argument 'ament_cmake_args' from command line to 'None'
[0.270s] Level 5:colcon.colcon_core.verb:set package 'wildpose_bringup' build argument 'catkin_cmake_args' from command line to 'None'
[0.270s] Level 5:colcon.colcon_core.verb:set package 'wildpose_bringup' build argument 'catkin_skip_building_tests' from command line to 'False'
[0.270s] DEBUG:colcon.colcon_core.verb:Building package 'wildpose_bringup' with the following arguments: {'ament_cmake_args': None, 'build_base': '/home/m2s2/WildPose_v1.2-main/wildpose/build/wildpose_bringup', 'catkin_cmake_args': None, 'catkin_skip_building_tests': False, 'cmake_args': None, 'cmake_clean_cache': False, 'cmake_clean_first': False, 'cmake_force_configure': False, 'cmake_target': None, 'cmake_target_skip_unavailable': False, 'install_base': '/home/m2s2/WildPose_v1.2-main/wildpose/install/wildpose_bringup', 'merge_install': False, 'path': '/home/m2s2/WildPose_v1.2-main/wildpose/src/wildpose_bringup', 'symlink_install': False, 'test_result_base': None}
[0.271s] INFO:colcon.colcon_core.executor:Executing jobs using 'parallel' executor
[0.271s] DEBUG:colcon.colcon_parallel_executor.executor.parallel:run_until_complete
[0.272s] INFO:colcon.colcon_ros.task.ament_cmake.build:Building ROS package in '/home/m2s2/WildPose_v1.2-main/wildpose/src/wildpose_interfaces' with build type 'ament_cmake'
[0.272s] INFO:colcon.colcon_cmake.task.cmake.build:Building CMake package in '/home/m2s2/WildPose_v1.2-main/wildpose/src/wildpose_interfaces'
[0.273s] INFO:colcon.colcon_core.plugin_system:Skipping extension 'colcon_core.shell.bat': Not used on non-Windows systems
[0.273s] INFO:colcon.colcon_core.shell:Skip shell extension 'powershell' for command environment: Not usable outside of PowerShell
[0.273s] DEBUG:colcon.colcon_core.shell:Skip shell extension 'dsv' for command environment
[0.276s] INFO:colcon.colcon_ros.task.ament_python.build:Building ROS package in '/home/m2s2/WildPose_v1.2-main/wildpose/src/gamepad_pkg' with build type 'ament_python'
[0.276s] Level 1:colcon.colcon_core.shell:create_environment_hook('gamepad_pkg', 'ament_prefix_path')
[0.277s] INFO:colcon.colcon_core.shell:Creating environment hook '/home/m2s2/WildPose_v1.2-main/wildpose/install/gamepad_pkg/share/gamepad_pkg/hook/ament_prefix_path.ps1'
[0.277s] INFO:colcon.colcon_core.shell:Creating environment descriptor '/home/m2s2/WildPose_v1.2-main/wildpose/install/gamepad_pkg/share/gamepad_pkg/hook/ament_prefix_path.dsv'
[0.278s] INFO:colcon.colcon_core.shell:Creating environment hook '/home/m2s2/WildPose_v1.2-main/wildpose/install/gamepad_pkg/share/gamepad_pkg/hook/ament_prefix_path.sh'
[0.278s] INFO:colcon.colcon_core.shell:Skip shell extension 'powershell' for command environment: Not usable outside of PowerShell
[0.278s] DEBUG:colcon.colcon_core.shell:Skip shell extension 'dsv' for command environment
[0.285s] DEBUG:colcon.colcon_core.event_handler.log_command:Invoking command in '/home/m2s2/WildPose_v1.2-main/wildpose/build/wildpose_interfaces': CMAKE_PREFIX_PATH=${CMAKE_PREFIX_PATH}:/home/m2s2/WildPose_v1.2-main/wildpose/install/motor_controller_pkg:/home/m2s2/WildPose_v1.2-main/wildpose/install/dji_rs3_pkg:/home/m2s2/WildPose_v1.2-main/wildpose/install/gamepad_pkg:/opt/ros/foxy /usr/bin/cmake --build /home/m2s2/WildPose_v1.2-main/wildpose/build/wildpose_interfaces -- -j16 -l16
[0.433s] INFO:colcon.colcon_core.task.python.build:Building Python package in '/home/m2s2/WildPose_v1.2-main/wildpose/src/gamepad_pkg'
[0.433s] INFO:colcon.colcon_core.shell:Skip shell extension 'powershell' for command environment: Not usable outside of PowerShell
[0.434s] DEBUG:colcon.colcon_core.shell:Skip shell extension 'dsv' for command environment
[0.440s] DEBUG:colcon.colcon_core.event_handler.log_command:Invoked command in '/home/m2s2/WildPose_v1.2-main/wildpose/build/wildpose_interfaces' returned '0': CMAKE_PREFIX_PATH=${CMAKE_PREFIX_PATH}:/home/m2s2/WildPose_v1.2-main/wildpose/install/motor_controller_pkg:/home/m2s2/WildPose_v1.2-main/wildpose/install/dji_rs3_pkg:/home/m2s2/WildPose_v1.2-main/wildpose/install/gamepad_pkg:/opt/ros/foxy /usr/bin/cmake --build /home/m2s2/WildPose_v1.2-main/wildpose/build/wildpose_interfaces -- -j16 -l16
[0.480s] DEBUG:colcon.colcon_core.event_handler.log_command:Invoking command in '/home/m2s2/WildPose_v1.2-main/wildpose/build/wildpose_interfaces': CMAKE_PREFIX_PATH=${CMAKE_PREFIX_PATH}:/home/m2s2/WildPose_v1.2-main/wildpose/install/motor_controller_pkg:/home/m2s2/WildPose_v1.2-main/wildpose/install/dji_rs3_pkg:/home/m2s2/WildPose_v1.2-main/wildpose/install/gamepad_pkg:/opt/ros/foxy /usr/bin/cmake --install /home/m2s2/WildPose_v1.2-main/wildpose/build/wildpose_interfaces
[0.513s] Level 1:colcon.colcon_core.environment:create_environment_scripts_only(wildpose_interfaces)
[0.513s] DEBUG:colcon.colcon_core.event_handler.log_command:Invoked command in '/home/m2s2/WildPose_v1.2-main/wildpose/build/wildpose_interfaces' returned '0': CMAKE_PREFIX_PATH=${CMAKE_PREFIX_PATH}:/home/m2s2/WildPose_v1.2-main/wildpose/install/motor_controller_pkg:/home/m2s2/WildPose_v1.2-main/wildpose/install/dji_rs3_pkg:/home/m2s2/WildPose_v1.2-main/wildpose/install/gamepad_pkg:/opt/ros/foxy /usr/bin/cmake --install /home/m2s2/WildPose_v1.2-main/wildpose/build/wildpose_interfaces
[0.515s] Level 1:colcon.colcon_core.environment:checking '/home/m2s2/WildPose_v1.2-main/wildpose/install/wildpose_interfaces' for CMake module files
[0.515s] Level 1:colcon.colcon_core.environment:checking '/home/m2s2/WildPose_v1.2-main/wildpose/install/wildpose_interfaces' for CMake config files
[0.515s] Level 1:colcon.colcon_core.shell:create_environment_hook('wildpose_interfaces', 'cmake_prefix_path')
[0.515s] INFO:colcon.colcon_core.shell:Creating environment hook '/home/m2s2/WildPose_v1.2-main/wildpose/install/wildpose_interfaces/share/wildpose_interfaces/hook/cmake_prefix_path.ps1'
[0.516s] INFO:colcon.colcon_core.shell:Creating environment descriptor '/home/m2s2/WildPose_v1.2-main/wildpose/install/wildpose_interfaces/share/wildpose_interfaces/hook/cmake_prefix_path.dsv'
[0.516s] INFO:colcon.colcon_core.shell:Creating environment hook '/home/m2s2/WildPose_v1.2-main/wildpose/install/wildpose_interfaces/share/wildpose_interfaces/hook/cmake_prefix_path.sh'
[0.516s] Level 1:colcon.colcon_core.environment:checking '/home/m2s2/WildPose_v1.2-main/wildpose/install/wildpose_interfaces/lib'
[0.516s] Level 1:colcon.colcon_core.shell:create_environment_hook('wildpose_interfaces', 'ld_library_path_lib')
[0.517s] INFO:colcon.colcon_core.shell:Creating environment hook '/home/m2s2/WildPose_v1.2-main/wildpose/install/wildpose_interfaces/share/wildpose_interfaces/hook/ld_library_path_lib.ps1'
[0.517s] INFO:colcon.colcon_core.shell:Creating environment descriptor '/home/m2s2/WildPose_v1.2-main/wildpose/install/wildpose_interfaces/share/wildpose_interfaces/hook/ld_library_path_lib.dsv'
[0.517s] INFO:colcon.colcon_core.shell:Creating environment hook '/home/m2s2/WildPose_v1.2-main/wildpose/install/wildpose_interfaces/share/wildpose_interfaces/hook/ld_library_path_lib.sh'
[0.517s] Level 1:colcon.colcon_core.environment:checking '/home/m2s2/WildPose_v1.2-main/wildpose/install/wildpose_interfaces/bin'
[0.517s] Level 1:colcon.colcon_core.environment:checking '/home/m2s2/WildPose_v1.2-main/wildpose/install/wildpose_interfaces/lib/pkgconfig/wildpose_interfaces.pc'
[0.517s] Level 1:colcon.colcon_core.environment:checking '/home/m2s2/WildPose_v1.2-main/wildpose/install/wildpose_interfaces/lib/python3.8/site-packages'
[0.517s] Level 1:colcon.colcon_core.shell:create_environment_hook('wildpose_interfaces', 'pythonpath')
[0.518s] INFO:colcon.colcon_core.shell:Creating environment hook '/home/m2s2/WildPose_v1.2-main/wildpose/install/wildpose_interfaces/share/wildpose_interfaces/hook/pythonpath.ps1'
[0.518s] INFO:colcon.colcon_core.shell:Creating environment descriptor '/home/m2s2/WildPose_v1.2-main/wildpose/install/wildpose_interfaces/share/wildpose_interfaces/hook/pythonpath.dsv'
[0.518s] INFO:colcon.colcon_core.shell:Creating environment hook '/home/m2s2/WildPose_v1.2-main/wildpose/install/wildpose_interfaces/share/wildpose_interfaces/hook/pythonpath.sh'
[0.518s] Level 1:colcon.colcon_core.environment:checking '/home/m2s2/WildPose_v1.2-main/wildpose/install/wildpose_interfaces/bin'
[0.518s] INFO:colcon.colcon_core.shell:Creating package script '/home/m2s2/WildPose_v1.2-main/wildpose/install/wildpose_interfaces/share/wildpose_interfaces/package.ps1'
[0.519s] INFO:colcon.colcon_core.shell:Creating package descriptor '/home/m2s2/WildPose_v1.2-main/wildpose/install/wildpose_interfaces/share/wildpose_interfaces/package.dsv'
[0.519s] INFO:colcon.colcon_core.shell:Creating package script '/home/m2s2/WildPose_v1.2-main/wildpose/install/wildpose_interfaces/share/wildpose_interfaces/package.sh'
[0.520s] INFO:colcon.colcon_core.shell:Creating package script '/home/m2s2/WildPose_v1.2-main/wildpose/install/wildpose_interfaces/share/wildpose_interfaces/package.bash'
[0.520s] INFO:colcon.colcon_core.shell:Creating package script '/home/m2s2/WildPose_v1.2-main/wildpose/install/wildpose_interfaces/share/wildpose_interfaces/package.zsh'
[0.520s] Level 1:colcon.colcon_core.environment:create_file_with_runtime_dependencies(/home/m2s2/WildPose_v1.2-main/wildpose/install/wildpose_interfaces/share/colcon-core/packages/wildpose_interfaces)
[0.554s] Level 1:colcon.colcon_core.environment:create_environment_scripts_only(wildpose_interfaces)
[0.554s] Level 1:colcon.colcon_core.environment:checking '/home/m2s2/WildPose_v1.2-main/wildpose/install/wildpose_interfaces' for CMake module files
[0.555s] Level 1:colcon.colcon_core.environment:checking '/home/m2s2/WildPose_v1.2-main/wildpose/install/wildpose_interfaces' for CMake config files
[0.555s] Level 1:colcon.colcon_core.shell:create_environment_hook('wildpose_interfaces', 'cmake_prefix_path')
[0.556s] INFO:colcon.colcon_core.shell:Creating environment hook '/home/m2s2/WildPose_v1.2-main/wildpose/install/wildpose_interfaces/share/wildpose_interfaces/hook/cmake_prefix_path.ps1'
[0.556s] INFO:colcon.colcon_core.shell:Creating environment descriptor '/home/m2s2/WildPose_v1.2-main/wildpose/install/wildpose_interfaces/share/wildpose_interfaces/hook/cmake_prefix_path.dsv'
[0.556s] INFO:colcon.colcon_core.shell:Creating environment hook '/home/m2s2/WildPose_v1.2-main/wildpose/install/wildpose_interfaces/share/wildpose_interfaces/hook/cmake_prefix_path.sh'
[0.557s] Level 1:colcon.colcon_core.environment:checking '/home/m2s2/WildPose_v1.2-main/wildpose/install/wildpose_interfaces/lib'
[0.557s] Level 1:colcon.colcon_core.shell:create_environment_hook('wildpose_interfaces', 'ld_library_path_lib')
[0.557s] INFO:colcon.colcon_core.shell:Creating environment hook '/home/m2s2/WildPose_v1.2-main/wildpose/install/wildpose_interfaces/share/wildpose_interfaces/hook/ld_library_path_lib.ps1'
[0.557s] INFO:colcon.colcon_core.shell:Creating environment descriptor '/home/m2s2/WildPose_v1.2-main/wildpose/install/wildpose_interfaces/share/wildpose_interfaces/hook/ld_library_path_lib.dsv'
[0.557s] INFO:colcon.colcon_core.shell:Creating environment hook '/home/m2s2/WildPose_v1.2-main/wildpose/install/wildpose_interfaces/share/wildpose_interfaces/hook/ld_library_path_lib.sh'
[0.557s] Level 1:colcon.colcon_core.environment:checking '/home/m2s2/WildPose_v1.2-main/wildpose/install/wildpose_interfaces/bin'
[0.557s] Level 1:colcon.colcon_core.environment:checking '/home/m2s2/WildPose_v1.2-main/wildpose/install/wildpose_interfaces/lib/pkgconfig/wildpose_interfaces.pc'
[0.558s] Level 1:colcon.colcon_core.environment:checking '/home/m2s2/WildPose_v1.2-main/wildpose/install/wildpose_interfaces/lib/python3.8/site-packages'
[0.558s] Level 1:colcon.colcon_core.shell:create_environment_hook('wildpose_interfaces', 'pythonpath')
[0.558s] INFO:colcon.colcon_core.shell:Creating environment hook '/home/m2s2/WildPose_v1.2-main/wildpose/install/wildpose_interfaces/share/wildpose_interfaces/hook/pythonpath.ps1'
[0.558s] INFO:colcon.colcon_core.shell:Creating environment descriptor '/home/m2s2/WildPose_v1.2-main/wildpose/install/wildpose_interfaces/share/wildpose_interfaces/hook/pythonpath.dsv'
[0.558s] INFO:colcon.colcon_core.shell:Creating environment hook '/home/m2s2/WildPose_v1.2-main/wildpose/install/wildpose_interfaces/share/wildpose_interfaces/hook/pythonpath.sh'
[0.558s] Level 1:colcon.colcon_core.environment:checking '/home/m2s2/WildPose_v1.2-main/wildpose/install/wildpose_interfaces/bin'
[0.559s] INFO:colcon.colcon_core.shell:Creating package script '/home/m2s2/WildPose_v1.2-main/wildpose/install/wildpose_interfaces/share/wildpose_interfaces/package.ps1'
[0.559s] INFO:colcon.colcon_core.shell:Creating package descriptor '/home/m2s2/WildPose_v1.2-main/wildpose/install/wildpose_interfaces/share/wildpose_interfaces/package.dsv'
[0.559s] INFO:colcon.colcon_core.shell:Creating package script '/home/m2s2/WildPose_v1.2-main/wildpose/install/wildpose_interfaces/share/wildpose_interfaces/package.sh'
[0.559s] INFO:colcon.colcon_core.shell:Creating package script '/home/m2s2/WildPose_v1.2-main/wildpose/install/wildpose_interfaces/share/wildpose_interfaces/package.bash'
[0.560s] INFO:colcon.colcon_core.shell:Creating package script '/home/m2s2/WildPose_v1.2-main/wildpose/install/wildpose_interfaces/share/wildpose_interfaces/package.zsh'
[0.560s] Level 1:colcon.colcon_core.environment:create_file_with_runtime_dependencies(/home/m2s2/WildPose_v1.2-main/wildpose/install/wildpose_interfaces/share/colcon-core/packages/wildpose_interfaces)
[0.560s] INFO:colcon.colcon_ros.task.ament_python.build:Building ROS package in '/home/m2s2/WildPose_v1.2-main/wildpose/src/dji_rs3_pkg' with build type 'ament_python'
[0.560s] Level 1:colcon.colcon_core.shell:create_environment_hook('dji_rs3_pkg', 'ament_prefix_path')
[0.560s] INFO:colcon.colcon_core.shell:Creating environment hook '/home/m2s2/WildPose_v1.2-main/wildpose/install/dji_rs3_pkg/share/dji_rs3_pkg/hook/ament_prefix_path.ps1'
[0.561s] INFO:colcon.colcon_core.shell:Creating environment descriptor '/home/m2s2/WildPose_v1.2-main/wildpose/install/dji_rs3_pkg/share/dji_rs3_pkg/hook/ament_prefix_path.dsv'
[0.561s] INFO:colcon.colcon_core.shell:Creating environment hook '/home/m2s2/WildPose_v1.2-main/wildpose/install/dji_rs3_pkg/share/dji_rs3_pkg/hook/ament_prefix_path.sh'
[0.561s] INFO:colcon.colcon_core.shell:Skip shell extension 'powershell' for command environment: Not usable outside of PowerShell
[0.561s] DEBUG:colcon.colcon_core.shell:Skip shell extension 'dsv' for command environment
[0.564s] INFO:colcon.colcon_ros.task.ament_python.build:Building ROS package in '/home/m2s2/WildPose_v1.2-main/wildpose/src/motor_controller_pkg' with build type 'ament_python'
[0.565s] Level 1:colcon.colcon_core.shell:create_environment_hook('motor_controller_pkg', 'ament_prefix_path')
[0.565s] INFO:colcon.colcon_core.shell:Creating environment hook '/home/m2s2/WildPose_v1.2-main/wildpose/install/motor_controller_pkg/share/motor_controller_pkg/hook/ament_prefix_path.ps1'
[0.565s] INFO:colcon.colcon_core.shell:Creating environment descriptor '/home/m2s2/WildPose_v1.2-main/wildpose/install/motor_controller_pkg/share/motor_controller_pkg/hook/ament_prefix_path.dsv'
[0.565s] INFO:colcon.colcon_core.shell:Creating environment hook '/home/m2s2/WildPose_v1.2-main/wildpose/install/motor_controller_pkg/share/motor_controller_pkg/hook/ament_prefix_path.sh'
[0.566s] INFO:colcon.colcon_core.shell:Skip shell extension 'powershell' for command environment: Not usable outside of PowerShell
[0.566s] DEBUG:colcon.colcon_core.shell:Skip shell extension 'dsv' for command environment
[0.702s] INFO:colcon.colcon_core.task.python.build:Building Python package in '/home/m2s2/WildPose_v1.2-main/wildpose/src/dji_rs3_pkg'
[0.703s] INFO:colcon.colcon_core.shell:Skip shell extension 'powershell' for command environment: Not usable outside of PowerShell
[0.703s] DEBUG:colcon.colcon_core.shell:Skip shell extension 'dsv' for command environment
[0.837s] INFO:colcon.colcon_core.task.python.build:Building Python package in '/home/m2s2/WildPose_v1.2-main/wildpose/src/motor_controller_pkg'
[0.837s] INFO:colcon.colcon_core.shell:Skip shell extension 'powershell' for command environment: Not usable outside of PowerShell
[0.837s] DEBUG:colcon.colcon_core.shell:Skip shell extension 'dsv' for command environment
[0.844s] DEBUG:colcon.colcon_core.event_handler.log_command:Invoking command in '/home/m2s2/WildPose_v1.2-main/wildpose/src/gamepad_pkg': PYTHONPATH=/home/m2s2/WildPose_v1.2-main/wildpose/build/gamepad_pkg/prefix_override:/home/m2s2/WildPose_v1.2-main/wildpose/install/gamepad_pkg/lib/python3.8/site-packages:${PYTHONPATH} /usr/bin/python3 -W ignore:setup.py install is deprecated setup.py egg_info --egg-base ../../build/gamepad_pkg build --build-base /home/m2s2/WildPose_v1.2-main/wildpose/build/gamepad_pkg/build install --record /home/m2s2/WildPose_v1.2-main/wildpose/build/gamepad_pkg/install.log --install-scripts $base/lib/gamepad_pkg --single-version-externally-managed install_data
[1.019s] Level 1:colcon.colcon_core.environment:checking '/home/m2s2/WildPose_v1.2-main/wildpose/install/gamepad_pkg' for CMake module files
[1.020s] DEBUG:colcon.colcon_core.event_handler.log_command:Invoked command in '/home/m2s2/WildPose_v1.2-main/wildpose/src/gamepad_pkg' returned '0': PYTHONPATH=/home/m2s2/WildPose_v1.2-main/wildpose/build/gamepad_pkg/prefix_override:/home/m2s2/WildPose_v1.2-main/wildpose/install/gamepad_pkg/lib/python3.8/site-packages:${PYTHONPATH} /usr/bin/python3 -W ignore:setup.py install is deprecated setup.py egg_info --egg-base ../../build/gamepad_pkg build --build-base /home/m2s2/WildPose_v1.2-main/wildpose/build/gamepad_pkg/build install --record /home/m2s2/WildPose_v1.2-main/wildpose/build/gamepad_pkg/install.log --install-scripts $base/lib/gamepad_pkg --single-version-externally-managed install_data
[1.021s] Level 1:colcon.colcon_core.environment:checking '/home/m2s2/WildPose_v1.2-main/wildpose/install/gamepad_pkg' for CMake config files
[1.021s] Level 1:colcon.colcon_core.environment:checking '/home/m2s2/WildPose_v1.2-main/wildpose/install/gamepad_pkg/lib'
[1.021s] Level 1:colcon.colcon_core.environment:checking '/home/m2s2/WildPose_v1.2-main/wildpose/install/gamepad_pkg/bin'
[1.021s] Level 1:colcon.colcon_core.environment:checking '/home/m2s2/WildPose_v1.2-main/wildpose/install/gamepad_pkg/lib/pkgconfig/gamepad_pkg.pc'
[1.022s] Level 1:colcon.colcon_core.environment:checking '/home/m2s2/WildPose_v1.2-main/wildpose/install/gamepad_pkg/lib/python3.8/site-packages'
[1.022s] Level 1:colcon.colcon_core.shell:create_environment_hook('gamepad_pkg', 'pythonpath')
[1.022s] INFO:colcon.colcon_core.shell:Creating environment hook '/home/m2s2/WildPose_v1.2-main/wildpose/install/gamepad_pkg/share/gamepad_pkg/hook/pythonpath.ps1'
[1.022s] INFO:colcon.colcon_core.shell:Creating environment descriptor '/home/m2s2/WildPose_v1.2-main/wildpose/install/gamepad_pkg/share/gamepad_pkg/hook/pythonpath.dsv'
[1.023s] INFO:colcon.colcon_core.shell:Creating environment hook '/home/m2s2/WildPose_v1.2-main/wildpose/install/gamepad_pkg/share/gamepad_pkg/hook/pythonpath.sh'
[1.023s] Level 1:colcon.colcon_core.environment:checking '/home/m2s2/WildPose_v1.2-main/wildpose/install/gamepad_pkg/bin'
[1.023s] Level 1:colcon.colcon_core.environment:create_environment_scripts_only(gamepad_pkg)
[1.023s] INFO:colcon.colcon_core.shell:Creating package script '/home/m2s2/WildPose_v1.2-main/wildpose/install/gamepad_pkg/share/gamepad_pkg/package.ps1'
[1.023s] INFO:colcon.colcon_core.shell:Creating package descriptor '/home/m2s2/WildPose_v1.2-main/wildpose/install/gamepad_pkg/share/gamepad_pkg/package.dsv'
[1.024s] INFO:colcon.colcon_core.shell:Creating package script '/home/m2s2/WildPose_v1.2-main/wildpose/install/gamepad_pkg/share/gamepad_pkg/package.sh'
[1.024s] INFO:colcon.colcon_core.shell:Creating package script '/home/m2s2/WildPose_v1.2-main/wildpose/install/gamepad_pkg/share/gamepad_pkg/package.bash'
[1.024s] INFO:colcon.colcon_core.shell:Creating package script '/home/m2s2/WildPose_v1.2-main/wildpose/install/gamepad_pkg/share/gamepad_pkg/package.zsh'
[1.024s] Level 1:colcon.colcon_core.environment:create_file_with_runtime_dependencies(/home/m2s2/WildPose_v1.2-main/wildpose/install/gamepad_pkg/share/colcon-core/packages/gamepad_pkg)
[1.111s] DEBUG:colcon.colcon_core.event_handler.log_command:Invoking command in '/home/m2s2/WildPose_v1.2-main/wildpose/src/dji_rs3_pkg': CMAKE_PREFIX_PATH=/home/m2s2/WildPose_v1.2-main/wildpose/install/wildpose_interfaces:/home/m2s2/WildPose_v1.2-main/wildpose/install/wildpose_bringup PYTHONPATH=/home/m2s2/WildPose_v1.2-main/wildpose/build/dji_rs3_pkg/prefix_override:/home/m2s2/WildPose_v1.2-main/wildpose/install/dji_rs3_pkg/lib/python3.8/site-packages:/home/m2s2/WildPose_v1.2-main/wildpose/install/wildpose_interfaces/lib/python3.8/site-packages:/home/m2s2/WildPose_v1.2-main/wildpose/install/motor_controller_pkg/lib/python3.8/site-packages:/home/m2s2/WildPose_v1.2-main/wildpose/install/dji_rs3_pkg/lib/python3.8/site-packages:/home/m2s2/WildPose_v1.2-main/wildpose/install/gamepad_pkg/lib/python3.8/site-packages:/opt/ros/foxy/lib/python3.8/site-packages /usr/bin/python3 -W ignore:setup.py install is deprecated setup.py egg_info --egg-base ../../build/dji_rs3_pkg build --build-base /home/m2s2/WildPose_v1.2-main/wildpose/build/dji_rs3_pkg/build install --record /home/m2s2/WildPose_v1.2-main/wildpose/build/dji_rs3_pkg/install.log --install-scripts $base/lib/dji_rs3_pkg --single-version-externally-managed install_data
[1.115s] DEBUG:colcon.colcon_core.event_handler.log_command:Invoking command in '/home/m2s2/WildPose_v1.2-main/wildpose/src/motor_controller_pkg': CMAKE_PREFIX_PATH=/home/m2s2/WildPose_v1.2-main/wildpose/install/wildpose_interfaces:/home/m2s2/WildPose_v1.2-main/wildpose/install/wildpose_bringup PYTHONPATH=/home/m2s2/WildPose_v1.2-main/wildpose/build/motor_controller_pkg/prefix_override:/home/m2s2/WildPose_v1.2-main/wildpose/install/motor_controller_pkg/lib/python3.8/site-packages:/home/m2s2/WildPose_v1.2-main/wildpose/install/wildpose_interfaces/lib/python3.8/site-packages:/home/m2s2/WildPose_v1.2-main/wildpose/install/motor_controller_pkg/lib/python3.8/site-packages:/home/m2s2/WildPose_v1.2-main/wildpose/install/dji_rs3_pkg/lib/python3.8/site-packages:/home/m2s2/WildPose_v1.2-main/wildpose/install/gamepad_pkg/lib/python3.8/site-packages:/opt/ros/foxy/lib/python3.8/site-packages /usr/bin/python3 -W ignore:setup.py install is deprecated setup.py egg_info --egg-base ../../build/motor_controller_pkg build --build-base /home/m2s2/WildPose_v1.2-main/wildpose/build/motor_controller_pkg/build install --record /home/m2s2/WildPose_v1.2-main/wildpose/build/motor_controller_pkg/install.log --install-scripts $base/lib/motor_controller_pkg --single-version-externally-managed install_data
[1.286s] Level 1:colcon.colcon_core.environment:checking '/home/m2s2/WildPose_v1.2-main/wildpose/install/dji_rs3_pkg' for CMake module files
[1.287s] DEBUG:colcon.colcon_core.event_handler.log_command:Invoked command in '/home/m2s2/WildPose_v1.2-main/wildpose/src/dji_rs3_pkg' returned '0': CMAKE_PREFIX_PATH=/home/m2s2/WildPose_v1.2-main/wildpose/install/wildpose_interfaces:/home/m2s2/WildPose_v1.2-main/wildpose/install/wildpose_bringup PYTHONPATH=/home/m2s2/WildPose_v1.2-main/wildpose/build/dji_rs3_pkg/prefix_override:/home/m2s2/WildPose_v1.2-main/wildpose/install/dji_rs3_pkg/lib/python3.8/site-packages:/home/m2s2/WildPose_v1.2-main/wildpose/install/wildpose_interfaces/lib/python3.8/site-packages:/home/m2s2/WildPose_v1.2-main/wildpose/install/motor_controller_pkg/lib/python3.8/site-packages:/home/m2s2/WildPose_v1.2-main/wildpose/install/dji_rs3_pkg/lib/python3.8/site-packages:/home/m2s2/WildPose_v1.2-main/wildpose/install/gamepad_pkg/lib/python3.8/site-packages:/opt/ros/foxy/lib/python3.8/site-packages /usr/bin/python3 -W ignore:setup.py install is deprecated setup.py egg_info --egg-base ../../build/dji_rs3_pkg build --build-base /home/m2s2/WildPose_v1.2-main/wildpose/build/dji_rs3_pkg/build install --record /home/m2s2/WildPose_v1.2-main/wildpose/build/dji_rs3_pkg/install.log --install-scripts $base/lib/dji_rs3_pkg --single-version-externally-managed install_data
[1.287s] Level 1:colcon.colcon_core.environment:checking '/home/m2s2/WildPose_v1.2-main/wildpose/install/dji_rs3_pkg' for CMake config files
[1.288s] Level 1:colcon.colcon_core.environment:checking '/home/m2s2/WildPose_v1.2-main/wildpose/install/dji_rs3_pkg/lib'
[1.288s] Level 1:colcon.colcon_core.environment:checking '/home/m2s2/WildPose_v1.2-main/wildpose/install/dji_rs3_pkg/bin'
[1.288s] Level 1:colcon.colcon_core.environment:checking '/home/m2s2/WildPose_v1.2-main/wildpose/install/dji_rs3_pkg/lib/pkgconfig/dji_rs3_pkg.pc'
[1.289s] Level 1:colcon.colcon_core.environment:checking '/home/m2s2/WildPose_v1.2-main/wildpose/install/dji_rs3_pkg/lib/python3.8/site-packages'
[1.289s] Level 1:colcon.colcon_core.shell:create_environment_hook('dji_rs3_pkg', 'pythonpath')
[1.289s] INFO:colcon.colcon_core.shell:Creating environment hook '/home/m2s2/WildPose_v1.2-main/wildpose/install/dji_rs3_pkg/share/dji_rs3_pkg/hook/pythonpath.ps1'
[1.290s] INFO:colcon.colcon_core.shell:Creating environment descriptor '/home/m2s2/WildPose_v1.2-main/wildpose/install/dji_rs3_pkg/share/dji_rs3_pkg/hook/pythonpath.dsv'
[1.290s] INFO:colcon.colcon_core.shell:Creating environment hook '/home/m2s2/WildPose_v1.2-main/wildpose/install/dji_rs3_pkg/share/dji_rs3_pkg/hook/pythonpath.sh'
[1.290s] Level 1:colcon.colcon_core.environment:checking '/home/m2s2/WildPose_v1.2-main/wildpose/install/dji_rs3_pkg/bin'
[1.290s] Level 1:colcon.colcon_core.environment:create_environment_scripts_only(dji_rs3_pkg)
[1.291s] INFO:colcon.colcon_core.shell:Creating package script '/home/m2s2/WildPose_v1.2-main/wildpose/install/dji_rs3_pkg/share/dji_rs3_pkg/package.ps1'
[1.291s] INFO:colcon.colcon_core.shell:Creating package descriptor '/home/m2s2/WildPose_v1.2-main/wildpose/install/dji_rs3_pkg/share/dji_rs3_pkg/package.dsv'
[1.291s] INFO:colcon.colcon_core.shell:Creating package script '/home/m2s2/WildPose_v1.2-main/wildpose/install/dji_rs3_pkg/share/dji_rs3_pkg/package.sh'
[1.291s] INFO:colcon.colcon_core.shell:Creating package script '/home/m2s2/WildPose_v1.2-main/wildpose/install/dji_rs3_pkg/share/dji_rs3_pkg/package.bash'
[1.291s] INFO:colcon.colcon_core.shell:Creating package script '/home/m2s2/WildPose_v1.2-main/wildpose/install/dji_rs3_pkg/share/dji_rs3_pkg/package.zsh'
[1.292s] Level 1:colcon.colcon_core.environment:create_file_with_runtime_dependencies(/home/m2s2/WildPose_v1.2-main/wildpose/install/dji_rs3_pkg/share/colcon-core/packages/dji_rs3_pkg)
[1.293s] Level 1:colcon.colcon_core.environment:checking '/home/m2s2/WildPose_v1.2-main/wildpose/install/motor_controller_pkg' for CMake module files
[1.293s] DEBUG:colcon.colcon_core.event_handler.log_command:Invoked command in '/home/m2s2/WildPose_v1.2-main/wildpose/src/motor_controller_pkg' returned '0': CMAKE_PREFIX_PATH=/home/m2s2/WildPose_v1.2-main/wildpose/install/wildpose_interfaces:/home/m2s2/WildPose_v1.2-main/wildpose/install/wildpose_bringup PYTHONPATH=/home/m2s2/WildPose_v1.2-main/wildpose/build/motor_controller_pkg/prefix_override:/home/m2s2/WildPose_v1.2-main/wildpose/install/motor_controller_pkg/lib/python3.8/site-packages:/home/m2s2/WildPose_v1.2-main/wildpose/install/wildpose_interfaces/lib/python3.8/site-packages:/home/m2s2/WildPose_v1.2-main/wildpose/install/motor_controller_pkg/lib/python3.8/site-packages:/home/m2s2/WildPose_v1.2-main/wildpose/install/dji_rs3_pkg/lib/python3.8/site-packages:/home/m2s2/WildPose_v1.2-main/wildpose/install/gamepad_pkg/lib/python3.8/site-packages:/opt/ros/foxy/lib/python3.8/site-packages /usr/bin/python3 -W ignore:setup.py install is deprecated setup.py egg_info --egg-base ../../build/motor_controller_pkg build --build-base /home/m2s2/WildPose_v1.2-main/wildpose/build/motor_controller_pkg/build install --record /home/m2s2/WildPose_v1.2-main/wildpose/build/motor_controller_pkg/install.log --install-scripts $base/lib/motor_controller_pkg --single-version-externally-managed install_data
[1.293s] Level 1:colcon.colcon_core.environment:checking '/home/m2s2/WildPose_v1.2-main/wildpose/install/motor_controller_pkg' for CMake config files
[1.293s] Level 1:colcon.colcon_core.environment:checking '/home/m2s2/WildPose_v1.2-main/wildpose/install/motor_controller_pkg/lib'
[1.293s] Level 1:colcon.colcon_core.environment:checking '/home/m2s2/WildPose_v1.2-main/wildpose/install/motor_controller_pkg/bin'
[1.294s] Level 1:colcon.colcon_core.environment:checking '/home/m2s2/WildPose_v1.2-main/wildpose/install/motor_controller_pkg/lib/pkgconfig/motor_controller_pkg.pc'
[1.294s] Level 1:colcon.colcon_core.environment:checking '/home/m2s2/WildPose_v1.2-main/wildpose/install/motor_controller_pkg/lib/python3.8/site-packages'
[1.294s] Level 1:colcon.colcon_core.shell:create_environment_hook('motor_controller_pkg', 'pythonpath')
[1.294s] INFO:colcon.colcon_core.shell:Creating environment hook '/home/m2s2/WildPose_v1.2-main/wildpose/install/motor_controller_pkg/share/motor_controller_pkg/hook/pythonpath.ps1'
[1.294s] INFO:colcon.colcon_core.shell:Creating environment descriptor '/home/m2s2/WildPose_v1.2-main/wildpose/install/motor_controller_pkg/share/motor_controller_pkg/hook/pythonpath.dsv'
[1.294s] INFO:colcon.colcon_core.shell:Creating environment hook '/home/m2s2/WildPose_v1.2-main/wildpose/install/motor_controller_pkg/share/motor_controller_pkg/hook/pythonpath.sh'
[1.294s] Level 1:colcon.colcon_core.environment:checking '/home/m2s2/WildPose_v1.2-main/wildpose/install/motor_controller_pkg/bin'
[1.294s] Level 1:colcon.colcon_core.environment:create_environment_scripts_only(motor_controller_pkg)
[1.295s] INFO:colcon.colcon_core.shell:Creating package script '/home/m2s2/WildPose_v1.2-main/wildpose/install/motor_controller_pkg/share/motor_controller_pkg/package.ps1'
[1.295s] INFO:colcon.colcon_core.shell:Creating package descriptor '/home/m2s2/WildPose_v1.2-main/wildpose/install/motor_controller_pkg/share/motor_controller_pkg/package.dsv'
[1.295s] INFO:colcon.colcon_core.shell:Creating package script '/home/m2s2/WildPose_v1.2-main/wildpose/install/motor_controller_pkg/share/motor_controller_pkg/package.sh'
[1.295s] INFO:colcon.colcon_core.shell:Creating package script '/home/m2s2/WildPose_v1.2-main/wildpose/install/motor_controller_pkg/share/motor_controller_pkg/package.bash'
[1.295s] INFO:colcon.colcon_core.shell:Creating package script '/home/m2s2/WildPose_v1.2-main/wildpose/install/motor_controller_pkg/share/motor_controller_pkg/package.zsh'
[1.296s] Level 1:colcon.colcon_core.environment:create_file_with_runtime_dependencies(/home/m2s2/WildPose_v1.2-main/wildpose/install/motor_controller_pkg/share/colcon-core/packages/motor_controller_pkg)
[1.296s] INFO:colcon.colcon_ros.task.ament_cmake.build:Building ROS package in '/home/m2s2/WildPose_v1.2-main/wildpose/src/wildpose_bringup' with build type 'ament_cmake'
[1.296s] INFO:colcon.colcon_cmake.task.cmake.build:Building CMake package in '/home/m2s2/WildPose_v1.2-main/wildpose/src/wildpose_bringup'
[1.296s] INFO:colcon.colcon_core.shell:Skip shell extension 'powershell' for command environment: Not usable outside of PowerShell
[1.296s] DEBUG:colcon.colcon_core.shell:Skip shell extension 'dsv' for command environment
[1.304s] DEBUG:colcon.colcon_core.event_handler.log_command:Invoking command in '/home/m2s2/WildPose_v1.2-main/wildpose/build/wildpose_bringup': AMENT_PREFIX_PATH=/home/m2s2/WildPose_v1.2-main/wildpose/install/motor_controller_pkg:/home/m2s2/WildPose_v1.2-main/wildpose/install/dji_rs3_pkg:/home/m2s2/WildPose_v1.2-main/wildpose/install/wildpose_bringup:/home/m2s2/WildPose_v1.2-main/wildpose/install/wildpose_interfaces:/home/m2s2/WildPose_v1.2-main/wildpose/install/gamepad_pkg:/opt/ros/foxy CMAKE_PREFIX_PATH=/home/m2s2/WildPose_v1.2-main/wildpose/install/wildpose_interfaces:/home/m2s2/WildPose_v1.2-main/wildpose/install/wildpose_bringup:/home/m2s2/WildPose_v1.2-main/wildpose/install/motor_controller_pkg:/home/m2s2/WildPose_v1.2-main/wildpose/install/dji_rs3_pkg:/home/m2s2/WildPose_v1.2-main/wildpose/install/gamepad_pkg:/opt/ros/foxy /usr/bin/cmake --build /home/m2s2/WildPose_v1.2-main/wildpose/build/wildpose_bringup -- -j16 -l16
[1.342s] DEBUG:colcon.colcon_core.event_handler.log_command:Invoked command in '/home/m2s2/WildPose_v1.2-main/wildpose/build/wildpose_bringup' returned '0': AMENT_PREFIX_PATH=/home/m2s2/WildPose_v1.2-main/wildpose/install/motor_controller_pkg:/home/m2s2/WildPose_v1.2-main/wildpose/install/dji_rs3_pkg:/home/m2s2/WildPose_v1.2-main/wildpose/install/wildpose_bringup:/home/m2s2/WildPose_v1.2-main/wildpose/install/wildpose_interfaces:/home/m2s2/WildPose_v1.2-main/wildpose/install/gamepad_pkg:/opt/ros/foxy CMAKE_PREFIX_PATH=/home/m2s2/WildPose_v1.2-main/wildpose/install/wildpose_interfaces:/home/m2s2/WildPose_v1.2-main/wildpose/install/wildpose_bringup:/home/m2s2/WildPose_v1.2-main/wildpose/install/motor_controller_pkg:/home/m2s2/WildPose_v1.2-main/wildpose/install/dji_rs3_pkg:/home/m2s2/WildPose_v1.2-main/wildpose/install/gamepad_pkg:/opt/ros/foxy /usr/bin/cmake --build /home/m2s2/WildPose_v1.2-main/wildpose/build/wildpose_bringup -- -j16 -l16
[1.357s] DEBUG:colcon.colcon_core.event_handler.log_command:Invoking command in '/home/m2s2/WildPose_v1.2-main/wildpose/build/wildpose_bringup': AMENT_PREFIX_PATH=/home/m2s2/WildPose_v1.2-main/wildpose/install/motor_controller_pkg:/home/m2s2/WildPose_v1.2-main/wildpose/install/dji_rs3_pkg:/home/m2s2/WildPose_v1.2-main/wildpose/install/wildpose_bringup:/home/m2s2/WildPose_v1.2-main/wildpose/install/wildpose_interfaces:/home/m2s2/WildPose_v1.2-main/wildpose/install/gamepad_pkg:/opt/ros/foxy CMAKE_PREFIX_PATH=/home/m2s2/WildPose_v1.2-main/wildpose/install/wildpose_interfaces:/home/m2s2/WildPose_v1.2-main/wildpose/install/wildpose_bringup:/home/m2s2/WildPose_v1.2-main/wildpose/install/motor_controller_pkg:/home/m2s2/WildPose_v1.2-main/wildpose/install/dji_rs3_pkg:/home/m2s2/WildPose_v1.2-main/wildpose/install/gamepad_pkg:/opt/ros/foxy /usr/bin/cmake --install /home/m2s2/WildPose_v1.2-main/wildpose/build/wildpose_bringup
[1.364s] Level 1:colcon.colcon_core.environment:create_environment_scripts_only(wildpose_bringup)
[1.364s] Level 1:colcon.colcon_core.environment:checking '/home/m2s2/WildPose_v1.2-main/wildpose/install/wildpose_bringup' for CMake module files
[1.365s] DEBUG:colcon.colcon_core.event_handler.log_command:Invoked command in '/home/m2s2/WildPose_v1.2-main/wildpose/build/wildpose_bringup' returned '0': AMENT_PREFIX_PATH=/home/m2s2/WildPose_v1.2-main/wildpose/install/motor_controller_pkg:/home/m2s2/WildPose_v1.2-main/wildpose/install/dji_rs3_pkg:/home/m2s2/WildPose_v1.2-main/wildpose/install/wildpose_bringup:/home/m2s2/WildPose_v1.2-main/wildpose/install/wildpose_interfaces:/home/m2s2/WildPose_v1.2-main/wildpose/install/gamepad_pkg:/opt/ros/foxy CMAKE_PREFIX_PATH=/home/m2s2/WildPose_v1.2-main/wildpose/install/wildpose_interfaces:/home/m2s2/WildPose_v1.2-main/wildpose/install/wildpose_bringup:/home/m2s2/WildPose_v1.2-main/wildpose/install/motor_controller_pkg:/home/m2s2/WildPose_v1.2-main/wildpose/install/dji_rs3_pkg:/home/m2s2/WildPose_v1.2-main/wildpose/install/gamepad_pkg:/opt/ros/foxy /usr/bin/cmake --install /home/m2s2/WildPose_v1.2-main/wildpose/build/wildpose_bringup
[1.365s] Level 1:colcon.colcon_core.environment:checking '/home/m2s2/WildPose_v1.2-main/wildpose/install/wildpose_bringup' for CMake config files
[1.365s] Level 1:colcon.colcon_core.shell:create_environment_hook('wildpose_bringup', 'cmake_prefix_path')
[1.365s] INFO:colcon.colcon_core.shell:Creating environment hook '/home/m2s2/WildPose_v1.2-main/wildpose/install/wildpose_bringup/share/wildpose_bringup/hook/cmake_prefix_path.ps1'
[1.365s] INFO:colcon.colcon_core.shell:Creating environment descriptor '/home/m2s2/WildPose_v1.2-main/wildpose/install/wildpose_bringup/share/wildpose_bringup/hook/cmake_prefix_path.dsv'
[1.365s] INFO:colcon.colcon_core.shell:Creating environment hook '/home/m2s2/WildPose_v1.2-main/wildpose/install/wildpose_bringup/share/wildpose_bringup/hook/cmake_prefix_path.sh'
[1.366s] Level 1:colcon.colcon_core.environment:checking '/home/m2s2/WildPose_v1.2-main/wildpose/install/wildpose_bringup/bin'
[1.366s] Level 1:colcon.colcon_core.environment:checking '/home/m2s2/WildPose_v1.2-main/wildpose/install/wildpose_bringup/lib/pkgconfig/wildpose_bringup.pc'
[1.366s] Level 1:colcon.colcon_core.environment:checking '/home/m2s2/WildPose_v1.2-main/wildpose/install/wildpose_bringup/lib/python3.8/site-packages'
[1.366s] Level 1:colcon.colcon_core.environment:checking '/home/m2s2/WildPose_v1.2-main/wildpose/install/wildpose_bringup/bin'
[1.366s] INFO:colcon.colcon_core.shell:Creating package script '/home/m2s2/WildPose_v1.2-main/wildpose/install/wildpose_bringup/share/wildpose_bringup/package.ps1'
[1.367s] INFO:colcon.colcon_core.shell:Creating package descriptor '/home/m2s2/WildPose_v1.2-main/wildpose/install/wildpose_bringup/share/wildpose_bringup/package.dsv'
[1.367s] INFO:colcon.colcon_core.shell:Creating package script '/home/m2s2/WildPose_v1.2-main/wildpose/install/wildpose_bringup/share/wildpose_bringup/package.sh'
[1.367s] INFO:colcon.colcon_core.shell:Creating package script '/home/m2s2/WildPose_v1.2-main/wildpose/install/wildpose_bringup/share/wildpose_bringup/package.bash'
[1.367s] INFO:colcon.colcon_core.shell:Creating package script '/home/m2s2/WildPose_v1.2-main/wildpose/install/wildpose_bringup/share/wildpose_bringup/package.zsh'
[1.367s] Level 1:colcon.colcon_core.environment:create_file_with_runtime_dependencies(/home/m2s2/WildPose_v1.2-main/wildpose/install/wildpose_bringup/share/colcon-core/packages/wildpose_bringup)
[1.381s] Level 1:colcon.colcon_core.environment:create_environment_scripts_only(wildpose_bringup)
[1.381s] Level 1:colcon.colcon_core.environment:checking '/home/m2s2/WildPose_v1.2-main/wildpose/install/wildpose_bringup' for CMake module files
[1.381s] Level 1:colcon.colcon_core.environment:checking '/home/m2s2/WildPose_v1.2-main/wildpose/install/wildpose_bringup' for CMake config files
[1.381s] Level 1:colcon.colcon_core.shell:create_environment_hook('wildpose_bringup', 'cmake_prefix_path')
[1.382s] INFO:colcon.colcon_core.shell:Creating environment hook '/home/m2s2/WildPose_v1.2-main/wildpose/install/wildpose_bringup/share/wildpose_bringup/hook/cmake_prefix_path.ps1'
[1.382s] INFO:colcon.colcon_core.shell:Creating environment descriptor '/home/m2s2/WildPose_v1.2-main/wildpose/install/wildpose_bringup/share/wildpose_bringup/hook/cmake_prefix_path.dsv'
[1.382s] INFO:colcon.colcon_core.shell:Creating environment hook '/home/m2s2/WildPose_v1.2-main/wildpose/install/wildpose_bringup/share/wildpose_bringup/hook/cmake_prefix_path.sh'
[1.383s] Level 1:colcon.colcon_core.environment:checking '/home/m2s2/WildPose_v1.2-main/wildpose/install/wildpose_bringup/bin'
[1.383s] Level 1:colcon.colcon_core.environment:checking '/home/m2s2/WildPose_v1.2-main/wildpose/install/wildpose_bringup/lib/pkgconfig/wildpose_bringup.pc'
[1.383s] Level 1:colcon.colcon_core.environment:checking '/home/m2s2/WildPose_v1.2-main/wildpose/install/wildpose_bringup/lib/python3.8/site-packages'
[1.383s] Level 1:colcon.colcon_core.environment:checking '/home/m2s2/WildPose_v1.2-main/wildpose/install/wildpose_bringup/bin'
[1.384s] INFO:colcon.colcon_core.shell:Creating package script '/home/m2s2/WildPose_v1.2-main/wildpose/install/wildpose_bringup/share/wildpose_bringup/package.ps1'
[1.384s] INFO:colcon.colcon_core.shell:Creating package descriptor '/home/m2s2/WildPose_v1.2-main/wildpose/install/wildpose_bringup/share/wildpose_bringup/package.dsv'
[1.384s] INFO:colcon.colcon_core.shell:Creating package script '/home/m2s2/WildPose_v1.2-main/wildpose/install/wildpose_bringup/share/wildpose_bringup/package.sh'
[1.385s] INFO:colcon.colcon_core.shell:Creating package script '/home/m2s2/WildPose_v1.2-main/wildpose/install/wildpose_bringup/share/wildpose_bringup/package.bash'
[1.385s] INFO:colcon.colcon_core.shell:Creating package script '/home/m2s2/WildPose_v1.2-main/wildpose/install/wildpose_bringup/share/wildpose_bringup/package.zsh'
[1.385s] Level 1:colcon.colcon_core.environment:create_file_with_runtime_dependencies(/home/m2s2/WildPose_v1.2-main/wildpose/install/wildpose_bringup/share/colcon-core/packages/wildpose_bringup)
[1.386s] DEBUG:colcon.colcon_parallel_executor.executor.parallel:closing loop
[1.386s] DEBUG:colcon.colcon_parallel_executor.executor.parallel:loop closed
[1.386s] DEBUG:colcon.colcon_parallel_executor.executor.parallel:run_until_complete finished with '0'
[1.386s] DEBUG:colcon.colcon_core.event_reactor:joining thread
[1.393s] INFO:colcon.colcon_core.plugin_system:Skipping extension 'colcon_notification.desktop_notification.terminal_notifier': Not used on non-Darwin systems
[1.393s] INFO:colcon.colcon_core.plugin_system:Skipping extension 'colcon_notification.desktop_notification.win32': Not used on non-Windows systems
[1.393s] INFO:colcon.colcon_notification.desktop_notification:Sending desktop notification using 'notify2'
[1.413s] DEBUG:colcon.colcon_core.event_reactor:joined thread
[1.414s] INFO:colcon.colcon_core.shell:Creating prefix script '/home/m2s2/WildPose_v1.2-main/wildpose/install/local_setup.ps1'
[1.415s] INFO:colcon.colcon_core.shell:Creating prefix util module '/home/m2s2/WildPose_v1.2-main/wildpose/install/_local_setup_util_ps1.py'
[1.416s] INFO:colcon.colcon_core.shell:Creating prefix chain script '/home/m2s2/WildPose_v1.2-main/wildpose/install/setup.ps1'
[1.417s] INFO:colcon.colcon_core.shell:Creating prefix script '/home/m2s2/WildPose_v1.2-main/wildpose/install/local_setup.sh'
[1.418s] INFO:colcon.colcon_core.shell:Creating prefix util module '/home/m2s2/WildPose_v1.2-main/wildpose/install/_local_setup_util_sh.py'
[1.418s] INFO:colcon.colcon_core.shell:Creating prefix chain script '/home/m2s2/WildPose_v1.2-main/wildpose/install/setup.sh'
[1.419s] INFO:colcon.colcon_core.shell:Creating prefix script '/home/m2s2/WildPose_v1.2-main/wildpose/install/local_setup.bash'
[1.420s] INFO:colcon.colcon_core.shell:Creating prefix chain script '/home/m2s2/WildPose_v1.2-main/wildpose/install/setup.bash'
[1.422s] INFO:colcon.colcon_core.shell:Creating prefix script '/home/m2s2/WildPose_v1.2-main/wildpose/install/local_setup.zsh'
[1.423s] INFO:colcon.colcon_core.shell:Creating prefix chain script '/home/m2s2/WildPose_v1.2-main/wildpose/install/setup.zsh'
