[2.261s] Invoking command in '/home/naoya/wildpose_v1.3/wildpose/src/lidar_control_package': AMENT_PREFIX_PATH=/home/naoya/wildpose_v1.3/wildpose/install/wildpose_interfaces:${AMENT_PREFIX_PATH} CMAKE_PREFIX_PATH=/home/naoya/wildpose_v1.3/wildpose/install/wildpose_interfaces:${CMAKE_PREFIX_PATH} LD_LIBRARY_PATH=/home/naoya/wildpose_v1.3/wildpose/install/wildpose_interfaces/lib:${LD_LIBRARY_PATH} PYTHONPATH=/home/naoya/wildpose_v1.3/wildpose/build/lidar_control_package/prefix_override:/home/naoya/wildpose_v1.3/wildpose/install/lidar_control_package/lib/python3.8/site-packages:/home/naoya/wildpose_v1.3/wildpose/install/wildpose_interfaces/lib/python3.8/site-packages:${PYTHONPATH} /usr/bin/python3 setup.py egg_info --egg-base ../../build/lidar_control_package build --build-base /home/naoya/wildpose_v1.3/wildpose/build/lidar_control_package/build install --record /home/naoya/wildpose_v1.3/wildpose/build/lidar_control_package/install.log --install-scripts $base/lib/lidar_control_package --single-version-externally-managed
[2.542s] running egg_info
[2.543s] creating ../../build/lidar_control_package/lidar_control_package.egg-info
[2.543s] writing ../../build/lidar_control_package/lidar_control_package.egg-info/PKG-INFO
[2.543s] writing dependency_links to ../../build/lidar_control_package/lidar_control_package.egg-info/dependency_links.txt
[2.543s] writing entry points to ../../build/lidar_control_package/lidar_control_package.egg-info/entry_points.txt
[2.543s] writing requirements to ../../build/lidar_control_package/lidar_control_package.egg-info/requires.txt
[2.544s] writing top-level names to ../../build/lidar_control_package/lidar_control_package.egg-info/top_level.txt
[2.545s] writing manifest file '../../build/lidar_control_package/lidar_control_package.egg-info/SOURCES.txt'
[2.583s] reading manifest file '../../build/lidar_control_package/lidar_control_package.egg-info/SOURCES.txt'
[2.584s] writing manifest file '../../build/lidar_control_package/lidar_control_package.egg-info/SOURCES.txt'
[2.584s] running build
[2.584s] running build_py
[2.584s] creating /home/naoya/wildpose_v1.3/wildpose/build/lidar_control_package/build
[2.584s] creating /home/naoya/wildpose_v1.3/wildpose/build/lidar_control_package/build/lib
[2.584s] creating /home/naoya/wildpose_v1.3/wildpose/build/lidar_control_package/build/lib/lidar_control_package
[2.584s] copying lidar_control_package/lidar_control_node.py -> /home/naoya/wildpose_v1.3/wildpose/build/lidar_control_package/build/lib/lidar_control_package
[2.585s] copying lidar_control_package/__init__.py -> /home/naoya/wildpose_v1.3/wildpose/build/lidar_control_package/build/lib/lidar_control_package
[2.585s] running install
[2.586s] running install_lib
[2.587s] creating /home/naoya/wildpose_v1.3/wildpose/install/lidar_control_package/lib/python3.8/site-packages/lidar_control_package
[2.587s] copying /home/naoya/wildpose_v1.3/wildpose/build/lidar_control_package/build/lib/lidar_control_package/lidar_control_node.py -> /home/naoya/wildpose_v1.3/wildpose/install/lidar_control_package/lib/python3.8/site-packages/lidar_control_package
[2.588s] copying /home/naoya/wildpose_v1.3/wildpose/build/lidar_control_package/build/lib/lidar_control_package/__init__.py -> /home/naoya/wildpose_v1.3/wildpose/install/lidar_control_package/lib/python3.8/site-packages/lidar_control_package
[2.588s] byte-compiling /home/naoya/wildpose_v1.3/wildpose/install/lidar_control_package/lib/python3.8/site-packages/lidar_control_package/lidar_control_node.py to lidar_control_node.cpython-38.pyc
[2.592s] byte-compiling /home/naoya/wildpose_v1.3/wildpose/install/lidar_control_package/lib/python3.8/site-packages/lidar_control_package/__init__.py to __init__.cpython-38.pyc
[2.592s] running install_data
[2.592s] creating /home/naoya/wildpose_v1.3/wildpose/install/lidar_control_package/share/ament_index
[2.592s] creating /home/naoya/wildpose_v1.3/wildpose/install/lidar_control_package/share/ament_index/resource_index
[2.592s] creating /home/naoya/wildpose_v1.3/wildpose/install/lidar_control_package/share/ament_index/resource_index/packages
[2.592s] copying resource/lidar_control_package -> /home/naoya/wildpose_v1.3/wildpose/install/lidar_control_package/share/ament_index/resource_index/packages
[2.593s] copying package.xml -> /home/naoya/wildpose_v1.3/wildpose/install/lidar_control_package/share/lidar_control_package
[2.593s] running install_egg_info
[2.595s] Copying ../../build/lidar_control_package/lidar_control_package.egg-info to /home/naoya/wildpose_v1.3/wildpose/install/lidar_control_package/lib/python3.8/site-packages/lidar_control_package-0.0.0-py3.8.egg-info
[2.595s] running install_scripts
[2.617s] Installing lidar_control_node script to /home/naoya/wildpose_v1.3/wildpose/install/lidar_control_package/lib/lidar_control_package
[2.618s] writing list of installed files to '/home/naoya/wildpose_v1.3/wildpose/build/lidar_control_package/install.log'
[2.662s] Invoked command in '/home/naoya/wildpose_v1.3/wildpose/src/lidar_control_package' returned '0': AMENT_PREFIX_PATH=/home/naoya/wildpose_v1.3/wildpose/install/wildpose_interfaces:${AMENT_PREFIX_PATH} CMAKE_PREFIX_PATH=/home/naoya/wildpose_v1.3/wildpose/install/wildpose_interfaces:${CMAKE_PREFIX_PATH} LD_LIBRARY_PATH=/home/naoya/wildpose_v1.3/wildpose/install/wildpose_interfaces/lib:${LD_LIBRARY_PATH} PYTHONPATH=/home/naoya/wildpose_v1.3/wildpose/build/lidar_control_package/prefix_override:/home/naoya/wildpose_v1.3/wildpose/install/lidar_control_package/lib/python3.8/site-packages:/home/naoya/wildpose_v1.3/wildpose/install/wildpose_interfaces/lib/python3.8/site-packages:${PYTHONPATH} /usr/bin/python3 setup.py egg_info --egg-base ../../build/lidar_control_package build --build-base /home/naoya/wildpose_v1.3/wildpose/build/lidar_control_package/build install --record /home/naoya/wildpose_v1.3/wildpose/build/lidar_control_package/install.log --install-scripts $base/lib/lidar_control_package --single-version-externally-managed
