[0.958s] Invoking command in '/home/naoya/wildpose_v1.3/wildpose/src/gamepad_pkg': PYTHONPATH=/home/naoya/wildpose_v1.3/wildpose/build/gamepad_pkg/prefix_override:/home/naoya/wildpose_v1.3/wildpose/install/gamepad_pkg/lib/python3.8/site-packages:${PYTHONPATH} /usr/bin/python3 setup.py egg_info --egg-base ../../build/gamepad_pkg build --build-base /home/naoya/wildpose_v1.3/wildpose/build/gamepad_pkg/build install --record /home/naoya/wildpose_v1.3/wildpose/build/gamepad_pkg/install.log --install-scripts $base/lib/gamepad_pkg --single-version-externally-managed
[1.091s] running egg_info
[1.092s] creating ../../build/gamepad_pkg/gamepad_pkg.egg-info
[1.093s] writing ../../build/gamepad_pkg/gamepad_pkg.egg-info/PKG-INFO
[1.094s] writing dependency_links to ../../build/gamepad_pkg/gamepad_pkg.egg-info/dependency_links.txt
[1.094s] writing entry points to ../../build/gamepad_pkg/gamepad_pkg.egg-info/entry_points.txt
[1.095s] writing requirements to ../../build/gamepad_pkg/gamepad_pkg.egg-info/requires.txt
[1.095s] writing top-level names to ../../build/gamepad_pkg/gamepad_pkg.egg-info/top_level.txt
[1.096s] writing manifest file '../../build/gamepad_pkg/gamepad_pkg.egg-info/SOURCES.txt'
[1.112s] reading manifest file '../../build/gamepad_pkg/gamepad_pkg.egg-info/SOURCES.txt'
[1.113s] writing manifest file '../../build/gamepad_pkg/gamepad_pkg.egg-info/SOURCES.txt'
[1.113s] running build
[1.113s] running build_py
[1.113s] creating /home/naoya/wildpose_v1.3/wildpose/build/gamepad_pkg/build
[1.113s] creating /home/naoya/wildpose_v1.3/wildpose/build/gamepad_pkg/build/lib
[1.113s] creating /home/naoya/wildpose_v1.3/wildpose/build/gamepad_pkg/build/lib/gamepad_pkg
[1.113s] copying gamepad_pkg/__init__.py -> /home/naoya/wildpose_v1.3/wildpose/build/gamepad_pkg/build/lib/gamepad_pkg
[1.113s] running install
[1.115s] running install_lib
[1.115s] creating /home/naoya/wildpose_v1.3/wildpose/install/gamepad_pkg/lib/python3.8/site-packages/gamepad_pkg
[1.117s] copying /home/naoya/wildpose_v1.3/wildpose/build/gamepad_pkg/build/lib/gamepad_pkg/__init__.py -> /home/naoya/wildpose_v1.3/wildpose/install/gamepad_pkg/lib/python3.8/site-packages/gamepad_pkg
[1.117s] byte-compiling /home/naoya/wildpose_v1.3/wildpose/install/gamepad_pkg/lib/python3.8/site-packages/gamepad_pkg/__init__.py to __init__.cpython-38.pyc
[1.117s] running install_data
[1.118s] creating /home/naoya/wildpose_v1.3/wildpose/install/gamepad_pkg/share/ament_index
[1.118s] creating /home/naoya/wildpose_v1.3/wildpose/install/gamepad_pkg/share/ament_index/resource_index
[1.119s] creating /home/naoya/wildpose_v1.3/wildpose/install/gamepad_pkg/share/ament_index/resource_index/packages
[1.119s] copying resource/gamepad_pkg -> /home/naoya/wildpose_v1.3/wildpose/install/gamepad_pkg/share/ament_index/resource_index/packages
[1.119s] copying package.xml -> /home/naoya/wildpose_v1.3/wildpose/install/gamepad_pkg/share/gamepad_pkg
[1.120s] running install_egg_info
[1.120s] Copying ../../build/gamepad_pkg/gamepad_pkg.egg-info to /home/naoya/wildpose_v1.3/wildpose/install/gamepad_pkg/lib/python3.8/site-packages/gamepad_pkg-0.0.0-py3.8.egg-info
[1.121s] running install_scripts
[1.128s] writing list of installed files to '/home/naoya/wildpose_v1.3/wildpose/build/gamepad_pkg/install.log'
[1.173s] Invoked command in '/home/naoya/wildpose_v1.3/wildpose/src/gamepad_pkg' returned '0': PYTHONPATH=/home/naoya/wildpose_v1.3/wildpose/build/gamepad_pkg/prefix_override:/home/naoya/wildpose_v1.3/wildpose/install/gamepad_pkg/lib/python3.8/site-packages:${PYTHONPATH} /usr/bin/python3 setup.py egg_info --egg-base ../../build/gamepad_pkg build --build-base /home/naoya/wildpose_v1.3/wildpose/build/gamepad_pkg/build install --record /home/naoya/wildpose_v1.3/wildpose/build/gamepad_pkg/install.log --install-scripts $base/lib/gamepad_pkg --single-version-externally-managed
