[0.694s] Invoking command in '/home/naoya/Wildpose_v1.3/build/wildpose_interfaces': CMAKE_PREFIX_PATH=${CMAKE_PREFIX_PATH}:/home/naoya/WildPose_v1.2/wildpose/install/motor_controller_pkg:/home/naoya/WildPose_v1.2/wildpose/install/gamepad_pkg:/opt/ros/foxy /usr/bin/cmake /home/naoya/Wildpose_v1.3/wildpose/src/wildpose_interfaces -DCMAKE_INSTALL_PREFIX=/home/naoya/Wildpose_v1.3/install/wildpose_interfaces
[1.022s] -- The C compiler identification is GNU 9.4.0
[1.022s] -- The CXX compiler identification is GNU 9.4.0
[1.022s] -- Check for working C compiler: /usr/bin/cc
[1.022s] -- Check for working C compiler: /usr/bin/cc -- works
[1.022s] -- Detecting C compiler ABI info
[1.022s] -- Detecting C compiler ABI info - done
[1.023s] -- Detecting C compile features
[1.023s] -- Detecting C compile features - done
[1.023s] -- Check for working CXX compiler: /usr/bin/c++
[1.025s] -- Check for working CXX compiler: /usr/bin/c++ -- works
[1.027s] -- Detecting CXX compiler ABI info
[1.098s] -- Detecting CXX compiler ABI info - done
[1.107s] -- Detecting CXX compile features
[1.108s] -- Detecting CXX compile features - done
[1.109s] -- Found ament_cmake: 0.9.12 (/opt/ros/foxy/share/ament_cmake/cmake)
[1.130s] -- Found PythonInterp: /usr/bin/python3 (found suitable version "3.8.10", minimum required is "3") 
[1.130s] -- Using PYTHON_EXECUTABLE: /usr/bin/python3
[1.252s] -- Found rosidl_default_generators: 1.0.1 (/opt/ros/foxy/share/rosidl_default_generators/cmake)
[1.258s] -- Using all available rosidl_typesupport_c: rosidl_typesupport_fastrtps_c;rosidl_typesupport_introspection_c
[1.268s] -- Found rosidl_adapter: 1.3.1 (/opt/ros/foxy/share/rosidl_adapter/cmake)
[1.351s] -- Found OpenSSL: /usr/lib/x86_64-linux-gnu/libcrypto.so (found version "1.1.1f")  
[1.382s] -- Found FastRTPS: /opt/ros/foxy/include  
[1.447s] -- Using all available rosidl_typesupport_cpp: rosidl_typesupport_fastrtps_cpp;rosidl_typesupport_introspection_cpp
[1.468s] -- Found std_msgs: 2.0.5 (/opt/ros/foxy/share/std_msgs/cmake)
[1.510s] -- Found PythonInterp: /usr/bin/python3 (found version "3.8.10") 
[1.643s] -- Found ament_cmake_ros: 0.9.2 (/opt/ros/foxy/share/ament_cmake_ros/cmake)
[1.753s] -- Using all available rosidl_typesupport_c: rosidl_typesupport_fastrtps_c;rosidl_typesupport_introspection_c
[1.791s] -- Using all available rosidl_typesupport_cpp: rosidl_typesupport_fastrtps_cpp;rosidl_typesupport_introspection_cpp
[1.812s] -- Found PythonInterp: /usr/bin/python3 (found suitable version "3.8.10", minimum required is "3.5") 
[1.813s] -- Found python_cmake_module: 0.8.1 (/opt/ros/foxy/share/python_cmake_module/cmake)
[1.835s] -- Found PythonLibs: /usr/lib/x86_64-linux-gnu/libpython3.8.so (found suitable version "3.8.10", minimum required is "3.5") 
[1.835s] -- Using PYTHON_EXECUTABLE: /usr/bin/python3
[1.835s] -- Using PYTHON_INCLUDE_DIRS: /usr/include/python3.8
[1.835s] -- Using PYTHON_LIBRARIES: /usr/lib/x86_64-linux-gnu/libpython3.8.so
[1.854s] -- Found PythonExtra: .so  
[1.915s] -- Configuring done
[1.944s] -- Generating done
[1.946s] -- Build files have been written to: /home/naoya/Wildpose_v1.3/build/wildpose_interfaces
[1.953s] Invoked command in '/home/naoya/Wildpose_v1.3/build/wildpose_interfaces' returned '0': CMAKE_PREFIX_PATH=${CMAKE_PREFIX_PATH}:/home/naoya/WildPose_v1.2/wildpose/install/motor_controller_pkg:/home/naoya/WildPose_v1.2/wildpose/install/gamepad_pkg:/opt/ros/foxy /usr/bin/cmake /home/naoya/Wildpose_v1.3/wildpose/src/wildpose_interfaces -DCMAKE_INSTALL_PREFIX=/home/naoya/Wildpose_v1.3/install/wildpose_interfaces
[1.954s] Invoking command in '/home/naoya/Wildpose_v1.3/build/wildpose_interfaces': CMAKE_PREFIX_PATH=${CMAKE_PREFIX_PATH}:/home/naoya/WildPose_v1.2/wildpose/install/motor_controller_pkg:/home/naoya/WildPose_v1.2/wildpose/install/gamepad_pkg:/opt/ros/foxy /usr/bin/cmake --build /home/naoya/Wildpose_v1.3/build/wildpose_interfaces -- -j16 -l16
[1.980s] [35m[1mScanning dependencies of target wildpose_interfaces__cpp[0m
[1.980s] [  2%] [34m[1mGenerating C code for ROS interfaces[0m
[1.990s] [  4%] [34m[1mGenerating C++ code for ROS interfaces[0m
[2.184s] [35m[1mScanning dependencies of target wildpose_interfaces__rosidl_generator_c[0m
[2.195s] [  6%] [32mBuilding C object CMakeFiles/wildpose_interfaces__rosidl_generator_c.dir/rosidl_generator_c/wildpose_interfaces/msg/detail/dji_rs_status__functions.c.o[0m
[2.200s] [ 10%] [32mBuilding C object CMakeFiles/wildpose_interfaces__rosidl_generator_c.dir/rosidl_generator_c/wildpose_interfaces/msg/detail/motor_status__functions.c.o[0m
[2.200s] [ 10%] [32mBuilding C object CMakeFiles/wildpose_interfaces__rosidl_generator_c.dir/rosidl_generator_c/wildpose_interfaces/msg/detail/motor_positions__functions.c.o[0m
[2.254s] [ 12%] [32m[1mLinking C shared library libwildpose_interfaces__rosidl_generator_c.so[0m
[2.284s] [ 12%] Built target wildpose_interfaces__cpp
[2.294s] [ 14%] [34m[1mGenerating C++ type support for eProsima Fast-RTPS[0m
[2.295s] [ 14%] Built target wildpose_interfaces__rosidl_generator_c
[2.296s] [ 19%] [34m[1mGenerating C++ type support dispatch for ROS interfaces[0m
[2.296s] [ 19%] [34m[1mGenerating C++ introspection for ROS interfaces[0m
[2.305s] [ 21%] [34m[1mGenerating C type support dispatch for ROS interfaces[0m
[2.307s] [ 23%] [34m[1mGenerating C introspection for ROS interfaces[0m
[2.482s] [35m[1mScanning dependencies of target wildpose_interfaces__rosidl_typesupport_introspection_cpp[0m
[2.492s] [ 25%] [32mBuilding CXX object CMakeFiles/wildpose_interfaces__rosidl_typesupport_introspection_cpp.dir/rosidl_typesupport_introspection_cpp/wildpose_interfaces/msg/detail/motor_positions__type_support.cpp.o[0m
[2.493s] [ 29%] [32mBuilding CXX object CMakeFiles/wildpose_interfaces__rosidl_typesupport_introspection_cpp.dir/rosidl_typesupport_introspection_cpp/wildpose_interfaces/msg/detail/motor_status__type_support.cpp.o[0m
[2.493s] [ 29%] [32mBuilding CXX object CMakeFiles/wildpose_interfaces__rosidl_typesupport_introspection_cpp.dir/rosidl_typesupport_introspection_cpp/wildpose_interfaces/msg/detail/dji_rs_status__type_support.cpp.o[0m
[2.493s] [35m[1mScanning dependencies of target wildpose_interfaces__rosidl_typesupport_fastrtps_cpp[0m
[2.511s] [ 31%] [32mBuilding CXX object CMakeFiles/wildpose_interfaces__rosidl_typesupport_fastrtps_cpp.dir/rosidl_typesupport_fastrtps_cpp/wildpose_interfaces/msg/detail/dds_fastrtps/dji_rs_status__type_support.cpp.o[0m
[2.511s] [ 34%] [32mBuilding CXX object CMakeFiles/wildpose_interfaces__rosidl_typesupport_fastrtps_cpp.dir/rosidl_typesupport_fastrtps_cpp/wildpose_interfaces/msg/detail/dds_fastrtps/motor_status__type_support.cpp.o[0m
[2.530s] [ 36%] [32mBuilding CXX object CMakeFiles/wildpose_interfaces__rosidl_typesupport_fastrtps_cpp.dir/rosidl_typesupport_fastrtps_cpp/wildpose_interfaces/msg/detail/dds_fastrtps/motor_positions__type_support.cpp.o[0m
[2.616s] [35m[1mScanning dependencies of target wildpose_interfaces__rosidl_typesupport_cpp[0m
[2.662s] [35m[1mScanning dependencies of target wildpose_interfaces__rosidl_typesupport_c[0m
[2.674s] [ 40%] [32mBuilding CXX object CMakeFiles/wildpose_interfaces__rosidl_typesupport_cpp.dir/rosidl_typesupport_cpp/wildpose_interfaces/msg/dji_rs_status__type_support.cpp.o[0m
[2.676s] [ 40%] [32mBuilding CXX object CMakeFiles/wildpose_interfaces__rosidl_typesupport_cpp.dir/rosidl_typesupport_cpp/wildpose_interfaces/msg/motor_status__type_support.cpp.o[0m
[2.686s] [ 42%] [32mBuilding CXX object CMakeFiles/wildpose_interfaces__rosidl_typesupport_cpp.dir/rosidl_typesupport_cpp/wildpose_interfaces/msg/motor_positions__type_support.cpp.o[0m
[2.701s] [ 44%] [32mBuilding CXX object CMakeFiles/wildpose_interfaces__rosidl_typesupport_c.dir/rosidl_typesupport_c/wildpose_interfaces/msg/dji_rs_status__type_support.cpp.o[0m
[2.714s] [ 46%] [32mBuilding CXX object CMakeFiles/wildpose_interfaces__rosidl_typesupport_c.dir/rosidl_typesupport_c/wildpose_interfaces/msg/motor_status__type_support.cpp.o[0m
[2.763s] [ 48%] [32mBuilding CXX object CMakeFiles/wildpose_interfaces__rosidl_typesupport_c.dir/rosidl_typesupport_c/wildpose_interfaces/msg/motor_positions__type_support.cpp.o[0m
[2.801s] [35m[1mScanning dependencies of target wildpose_interfaces__rosidl_typesupport_introspection_c[0m
[2.834s] [ 51%] [32m[1mLinking CXX shared library libwildpose_interfaces__rosidl_typesupport_c.so[0m
[2.889s] [ 51%] Built target wildpose_interfaces__rosidl_typesupport_c
[2.898s] [ 53%] [32mBuilding C object CMakeFiles/wildpose_interfaces__rosidl_typesupport_introspection_c.dir/rosidl_typesupport_introspection_c/wildpose_interfaces/msg/detail/dji_rs_status__type_support.c.o[0m
[2.904s] [ 55%] [32mBuilding C object CMakeFiles/wildpose_interfaces__rosidl_typesupport_introspection_c.dir/rosidl_typesupport_introspection_c/wildpose_interfaces/msg/detail/motor_status__type_support.c.o[0m
[2.936s] [ 57%] [32mBuilding C object CMakeFiles/wildpose_interfaces__rosidl_typesupport_introspection_c.dir/rosidl_typesupport_introspection_c/wildpose_interfaces/msg/detail/motor_positions__type_support.c.o[0m
[2.964s] [ 59%] [32m[1mLinking CXX shared library libwildpose_interfaces__rosidl_typesupport_introspection_cpp.so[0m
[3.001s] [ 61%] [32m[1mLinking C shared library libwildpose_interfaces__rosidl_typesupport_introspection_c.so[0m
[3.016s] [ 63%] [32m[1mLinking CXX shared library libwildpose_interfaces__rosidl_typesupport_fastrtps_cpp.so[0m
[3.051s] [ 63%] Built target wildpose_interfaces__rosidl_typesupport_introspection_c
[3.078s] [ 63%] Built target wildpose_interfaces__rosidl_typesupport_introspection_cpp
[3.116s] [ 63%] Built target wildpose_interfaces__rosidl_typesupport_fastrtps_cpp
[3.124s] [ 65%] [34m[1mGenerating C type support for eProsima Fast-RTPS[0m
[3.206s] [ 68%] [32m[1mLinking CXX shared library libwildpose_interfaces__rosidl_typesupport_cpp.so[0m
[3.259s] [ 68%] Built target wildpose_interfaces__rosidl_typesupport_cpp
[3.312s] [35m[1mScanning dependencies of target wildpose_interfaces__rosidl_typesupport_fastrtps_c[0m
[3.324s] [ 70%] [32mBuilding CXX object CMakeFiles/wildpose_interfaces__rosidl_typesupport_fastrtps_c.dir/rosidl_typesupport_fastrtps_c/wildpose_interfaces/msg/detail/dji_rs_status__type_support_c.cpp.o[0m
[3.329s] [ 74%] [32mBuilding CXX object CMakeFiles/wildpose_interfaces__rosidl_typesupport_fastrtps_c.dir/rosidl_typesupport_fastrtps_c/wildpose_interfaces/msg/detail/motor_positions__type_support_c.cpp.o[0m
[3.329s] [ 74%] [32mBuilding CXX object CMakeFiles/wildpose_interfaces__rosidl_typesupport_fastrtps_c.dir/rosidl_typesupport_fastrtps_c/wildpose_interfaces/msg/detail/motor_status__type_support_c.cpp.o[0m
[3.640s] [ 76%] [32m[1mLinking CXX shared library libwildpose_interfaces__rosidl_typesupport_fastrtps_c.so[0m
[3.702s] [ 76%] Built target wildpose_interfaces__rosidl_typesupport_fastrtps_c
[3.709s] [35m[1mScanning dependencies of target wildpose_interfaces[0m
[3.717s] [ 76%] Built target wildpose_interfaces
[3.724s] [35m[1mScanning dependencies of target wildpose_interfaces__py[0m
[3.732s] [ 78%] [34m[1mGenerating Python code for ROS interfaces[0m
[4.105s] [ 78%] Built target wildpose_interfaces__py
[4.112s] [35m[1mScanning dependencies of target wildpose_interfaces__python[0m
[4.135s] [ 80%] [32mBuilding C object CMakeFiles/wildpose_interfaces__python.dir/rosidl_generator_py/wildpose_interfaces/msg/_motor_status_s.c.o[0m
[4.135s] [ 85%] [32mBuilding C object CMakeFiles/wildpose_interfaces__python.dir/rosidl_generator_py/wildpose_interfaces/msg/_motor_positions_s.c.o[0m
[4.135s] [ 85%] [32mBuilding C object CMakeFiles/wildpose_interfaces__python.dir/rosidl_generator_py/wildpose_interfaces/msg/_dji_rs_status_s.c.o[0m
[4.230s] [ 87%] [32m[1mLinking C shared library rosidl_generator_py/wildpose_interfaces/libwildpose_interfaces__python.so[0m
[4.261s] [ 87%] Built target wildpose_interfaces__python
[4.268s] [35m[1mScanning dependencies of target wildpose_interfaces__rosidl_typesupport_c__pyext[0m
[4.274s] [35m[1mScanning dependencies of target wildpose_interfaces__rosidl_typesupport_introspection_c__pyext[0m
[4.274s] [35m[1mScanning dependencies of target wildpose_interfaces__rosidl_typesupport_fastrtps_c__pyext[0m
[4.282s] [ 89%] [32mBuilding C object CMakeFiles/wildpose_interfaces__rosidl_typesupport_c__pyext.dir/rosidl_generator_py/wildpose_interfaces/_wildpose_interfaces_s.ep.rosidl_typesupport_c.c.o[0m
[4.296s] [ 93%] [32mBuilding C object CMakeFiles/wildpose_interfaces__rosidl_typesupport_introspection_c__pyext.dir/rosidl_generator_py/wildpose_interfaces/_wildpose_interfaces_s.ep.rosidl_typesupport_introspection_c.c.o[0m
[4.296s] [ 93%] [32mBuilding C object CMakeFiles/wildpose_interfaces__rosidl_typesupport_fastrtps_c__pyext.dir/rosidl_generator_py/wildpose_interfaces/_wildpose_interfaces_s.ep.rosidl_typesupport_fastrtps_c.c.o[0m
[4.341s] [ 95%] [32m[1mLinking C shared library rosidl_generator_py/wildpose_interfaces/wildpose_interfaces_s__rosidl_typesupport_c.cpython-38-x86_64-linux-gnu.so[0m
[4.372s] [ 97%] [32m[1mLinking CXX shared library rosidl_generator_py/wildpose_interfaces/wildpose_interfaces_s__rosidl_typesupport_fastrtps_c.cpython-38-x86_64-linux-gnu.so[0m
[4.381s] [ 97%] Built target wildpose_interfaces__rosidl_typesupport_c__pyext
[4.399s] [100%] [32m[1mLinking C shared library rosidl_generator_py/wildpose_interfaces/wildpose_interfaces_s__rosidl_typesupport_introspection_c.cpython-38-x86_64-linux-gnu.so[0m
[4.424s] [100%] Built target wildpose_interfaces__rosidl_typesupport_fastrtps_c__pyext
[4.432s] [100%] Built target wildpose_interfaces__rosidl_typesupport_introspection_c__pyext
[4.441s] Invoked command in '/home/naoya/Wildpose_v1.3/build/wildpose_interfaces' returned '0': CMAKE_PREFIX_PATH=${CMAKE_PREFIX_PATH}:/home/naoya/WildPose_v1.2/wildpose/install/motor_controller_pkg:/home/naoya/WildPose_v1.2/wildpose/install/gamepad_pkg:/opt/ros/foxy /usr/bin/cmake --build /home/naoya/Wildpose_v1.3/build/wildpose_interfaces -- -j16 -l16
[4.503s] Invoking command in '/home/naoya/Wildpose_v1.3/build/wildpose_interfaces': CMAKE_PREFIX_PATH=${CMAKE_PREFIX_PATH}:/home/naoya/WildPose_v1.2/wildpose/install/motor_controller_pkg:/home/naoya/WildPose_v1.2/wildpose/install/gamepad_pkg:/opt/ros/foxy /usr/bin/cmake --install /home/naoya/Wildpose_v1.3/build/wildpose_interfaces
[4.509s] -- Install configuration: ""
[4.509s] -- Installing: /home/naoya/Wildpose_v1.3/install/wildpose_interfaces/share/ament_index/resource_index/rosidl_interfaces/wildpose_interfaces
[4.509s] -- Installing: /home/naoya/Wildpose_v1.3/install/wildpose_interfaces/include/wildpose_interfaces
[4.509s] -- Installing: /home/naoya/Wildpose_v1.3/install/wildpose_interfaces/include/wildpose_interfaces/msg
[4.510s] -- Installing: /home/naoya/Wildpose_v1.3/install/wildpose_interfaces/include/wildpose_interfaces/msg/motor_positions.h
[4.510s] -- Installing: /home/naoya/Wildpose_v1.3/install/wildpose_interfaces/include/wildpose_interfaces/msg/detail
[4.510s] -- Installing: /home/naoya/Wildpose_v1.3/install/wildpose_interfaces/include/wildpose_interfaces/msg/detail/motor_positions__functions.c
[4.510s] -- Installing: /home/naoya/Wildpose_v1.3/install/wildpose_interfaces/include/wildpose_interfaces/msg/detail/motor_positions__functions.h
[4.510s] -- Installing: /home/naoya/Wildpose_v1.3/install/wildpose_interfaces/include/wildpose_interfaces/msg/detail/motor_positions__struct.h
[4.510s] -- Installing: /home/naoya/Wildpose_v1.3/install/wildpose_interfaces/include/wildpose_interfaces/msg/detail/motor_status__functions.h
[4.510s] -- Installing: /home/naoya/Wildpose_v1.3/install/wildpose_interfaces/include/wildpose_interfaces/msg/detail/dji_rs_status__type_support.h
[4.510s] -- Installing: /home/naoya/Wildpose_v1.3/install/wildpose_interfaces/include/wildpose_interfaces/msg/detail/motor_status__functions.c
[4.510s] -- Installing: /home/naoya/Wildpose_v1.3/install/wildpose_interfaces/include/wildpose_interfaces/msg/detail/motor_status__type_support.h
[4.510s] -- Installing: /home/naoya/Wildpose_v1.3/install/wildpose_interfaces/include/wildpose_interfaces/msg/detail/dji_rs_status__struct.h
[4.511s] -- Installing: /home/naoya/Wildpose_v1.3/install/wildpose_interfaces/include/wildpose_interfaces/msg/detail/dji_rs_status__functions.c
[4.511s] -- Installing: /home/naoya/Wildpose_v1.3/install/wildpose_interfaces/include/wildpose_interfaces/msg/detail/dji_rs_status__functions.h
[4.511s] -- Installing: /home/naoya/Wildpose_v1.3/install/wildpose_interfaces/include/wildpose_interfaces/msg/detail/motor_positions__type_support.h
[4.511s] -- Installing: /home/naoya/Wildpose_v1.3/install/wildpose_interfaces/include/wildpose_interfaces/msg/detail/motor_status__struct.h
[4.511s] -- Installing: /home/naoya/Wildpose_v1.3/install/wildpose_interfaces/include/wildpose_interfaces/msg/rosidl_generator_c__visibility_control.h
[4.511s] -- Installing: /home/naoya/Wildpose_v1.3/install/wildpose_interfaces/include/wildpose_interfaces/msg/dji_rs_status.h
[4.511s] -- Installing: /home/naoya/Wildpose_v1.3/install/wildpose_interfaces/include/wildpose_interfaces/msg/motor_status.h
[4.511s] -- Installing: /home/naoya/Wildpose_v1.3/install/wildpose_interfaces/share/wildpose_interfaces/environment/library_path.sh
[4.511s] -- Installing: /home/naoya/Wildpose_v1.3/install/wildpose_interfaces/share/wildpose_interfaces/environment/library_path.dsv
[4.512s] -- Installing: /home/naoya/Wildpose_v1.3/install/wildpose_interfaces/lib/libwildpose_interfaces__rosidl_generator_c.so
[4.512s] -- Set runtime path of "/home/naoya/Wildpose_v1.3/install/wildpose_interfaces/lib/libwildpose_interfaces__rosidl_generator_c.so" to ""
[4.512s] -- Up-to-date: /home/naoya/Wildpose_v1.3/install/wildpose_interfaces/include/wildpose_interfaces
[4.512s] -- Up-to-date: /home/naoya/Wildpose_v1.3/install/wildpose_interfaces/include/wildpose_interfaces/msg
[4.512s] -- Up-to-date: /home/naoya/Wildpose_v1.3/install/wildpose_interfaces/include/wildpose_interfaces/msg/detail
[4.512s] -- Installing: /home/naoya/Wildpose_v1.3/install/wildpose_interfaces/include/wildpose_interfaces/msg/detail/dji_rs_status__rosidl_typesupport_fastrtps_c.h
[4.512s] -- Installing: /home/naoya/Wildpose_v1.3/install/wildpose_interfaces/include/wildpose_interfaces/msg/detail/motor_status__rosidl_typesupport_fastrtps_c.h
[4.513s] -- Installing: /home/naoya/Wildpose_v1.3/install/wildpose_interfaces/include/wildpose_interfaces/msg/detail/motor_positions__rosidl_typesupport_fastrtps_c.h
[4.513s] -- Installing: /home/naoya/Wildpose_v1.3/install/wildpose_interfaces/include/wildpose_interfaces/msg/rosidl_typesupport_fastrtps_c__visibility_control.h
[4.513s] -- Installing: /home/naoya/Wildpose_v1.3/install/wildpose_interfaces/lib/libwildpose_interfaces__rosidl_typesupport_fastrtps_c.so
[4.513s] -- Set runtime path of "/home/naoya/Wildpose_v1.3/install/wildpose_interfaces/lib/libwildpose_interfaces__rosidl_typesupport_fastrtps_c.so" to ""
[4.513s] -- Up-to-date: /home/naoya/Wildpose_v1.3/install/wildpose_interfaces/include/wildpose_interfaces
[4.513s] -- Up-to-date: /home/naoya/Wildpose_v1.3/install/wildpose_interfaces/include/wildpose_interfaces/msg
[4.513s] -- Up-to-date: /home/naoya/Wildpose_v1.3/install/wildpose_interfaces/include/wildpose_interfaces/msg/detail
[4.513s] -- Installing: /home/naoya/Wildpose_v1.3/install/wildpose_interfaces/include/wildpose_interfaces/msg/detail/motor_status__rosidl_typesupport_fastrtps_cpp.hpp
[4.513s] -- Installing: /home/naoya/Wildpose_v1.3/install/wildpose_interfaces/include/wildpose_interfaces/msg/detail/dds_fastrtps
[4.513s] -- Installing: /home/naoya/Wildpose_v1.3/install/wildpose_interfaces/include/wildpose_interfaces/msg/detail/dji_rs_status__rosidl_typesupport_fastrtps_cpp.hpp
[4.514s] -- Installing: /home/naoya/Wildpose_v1.3/install/wildpose_interfaces/include/wildpose_interfaces/msg/detail/motor_positions__rosidl_typesupport_fastrtps_cpp.hpp
[4.514s] -- Installing: /home/naoya/Wildpose_v1.3/install/wildpose_interfaces/include/wildpose_interfaces/msg/rosidl_typesupport_fastrtps_cpp__visibility_control.h
[4.514s] -- Installing: /home/naoya/Wildpose_v1.3/install/wildpose_interfaces/lib/libwildpose_interfaces__rosidl_typesupport_fastrtps_cpp.so
[4.514s] -- Set runtime path of "/home/naoya/Wildpose_v1.3/install/wildpose_interfaces/lib/libwildpose_interfaces__rosidl_typesupport_fastrtps_cpp.so" to ""
[4.514s] -- Up-to-date: /home/naoya/Wildpose_v1.3/install/wildpose_interfaces/include/wildpose_interfaces
[4.514s] -- Up-to-date: /home/naoya/Wildpose_v1.3/install/wildpose_interfaces/include/wildpose_interfaces/msg
[4.514s] -- Up-to-date: /home/naoya/Wildpose_v1.3/install/wildpose_interfaces/include/wildpose_interfaces/msg/detail
[4.514s] -- Installing: /home/naoya/Wildpose_v1.3/install/wildpose_interfaces/include/wildpose_interfaces/msg/detail/motor_status__rosidl_typesupport_introspection_c.h
[4.514s] -- Installing: /home/naoya/Wildpose_v1.3/install/wildpose_interfaces/include/wildpose_interfaces/msg/detail/dji_rs_status__type_support.c
[4.514s] -- Installing: /home/naoya/Wildpose_v1.3/install/wildpose_interfaces/include/wildpose_interfaces/msg/detail/motor_positions__rosidl_typesupport_introspection_c.h
[4.514s] -- Installing: /home/naoya/Wildpose_v1.3/install/wildpose_interfaces/include/wildpose_interfaces/msg/detail/dji_rs_status__rosidl_typesupport_introspection_c.h
[4.514s] -- Installing: /home/naoya/Wildpose_v1.3/install/wildpose_interfaces/include/wildpose_interfaces/msg/detail/motor_positions__type_support.c
[4.515s] -- Installing: /home/naoya/Wildpose_v1.3/install/wildpose_interfaces/include/wildpose_interfaces/msg/detail/motor_status__type_support.c
[4.515s] -- Installing: /home/naoya/Wildpose_v1.3/install/wildpose_interfaces/include/wildpose_interfaces/msg/rosidl_typesupport_introspection_c__visibility_control.h
[4.515s] -- Installing: /home/naoya/Wildpose_v1.3/install/wildpose_interfaces/lib/libwildpose_interfaces__rosidl_typesupport_introspection_c.so
[4.515s] -- Set runtime path of "/home/naoya/Wildpose_v1.3/install/wildpose_interfaces/lib/libwildpose_interfaces__rosidl_typesupport_introspection_c.so" to ""
[4.515s] -- Installing: /home/naoya/Wildpose_v1.3/install/wildpose_interfaces/lib/libwildpose_interfaces__rosidl_typesupport_c.so
[4.515s] -- Set runtime path of "/home/naoya/Wildpose_v1.3/install/wildpose_interfaces/lib/libwildpose_interfaces__rosidl_typesupport_c.so" to ""
[4.515s] -- Up-to-date: /home/naoya/Wildpose_v1.3/install/wildpose_interfaces/include/wildpose_interfaces
[4.515s] -- Up-to-date: /home/naoya/Wildpose_v1.3/install/wildpose_interfaces/include/wildpose_interfaces/msg
[4.515s] -- Up-to-date: /home/naoya/Wildpose_v1.3/install/wildpose_interfaces/include/wildpose_interfaces/msg/detail
[4.515s] -- Installing: /home/naoya/Wildpose_v1.3/install/wildpose_interfaces/include/wildpose_interfaces/msg/detail/dji_rs_status__builder.hpp
[4.515s] -- Installing: /home/naoya/Wildpose_v1.3/install/wildpose_interfaces/include/wildpose_interfaces/msg/detail/motor_status__type_support.hpp
[4.515s] -- Installing: /home/naoya/Wildpose_v1.3/install/wildpose_interfaces/include/wildpose_interfaces/msg/detail/motor_positions__struct.hpp
[4.515s] -- Installing: /home/naoya/Wildpose_v1.3/install/wildpose_interfaces/include/wildpose_interfaces/msg/detail/dji_rs_status__struct.hpp
[4.516s] -- Installing: /home/naoya/Wildpose_v1.3/install/wildpose_interfaces/include/wildpose_interfaces/msg/detail/dji_rs_status__traits.hpp
[4.516s] -- Installing: /home/naoya/Wildpose_v1.3/install/wildpose_interfaces/include/wildpose_interfaces/msg/detail/motor_status__builder.hpp
[4.516s] -- Installing: /home/naoya/Wildpose_v1.3/install/wildpose_interfaces/include/wildpose_interfaces/msg/detail/motor_positions__type_support.hpp
[4.516s] -- Installing: /home/naoya/Wildpose_v1.3/install/wildpose_interfaces/include/wildpose_interfaces/msg/detail/motor_status__struct.hpp
[4.516s] -- Installing: /home/naoya/Wildpose_v1.3/install/wildpose_interfaces/include/wildpose_interfaces/msg/detail/motor_positions__traits.hpp
[4.516s] -- Installing: /home/naoya/Wildpose_v1.3/install/wildpose_interfaces/include/wildpose_interfaces/msg/detail/motor_status__traits.hpp
[4.516s] -- Installing: /home/naoya/Wildpose_v1.3/install/wildpose_interfaces/include/wildpose_interfaces/msg/detail/motor_positions__builder.hpp
[4.516s] -- Installing: /home/naoya/Wildpose_v1.3/install/wildpose_interfaces/include/wildpose_interfaces/msg/detail/dji_rs_status__type_support.hpp
[4.516s] -- Installing: /home/naoya/Wildpose_v1.3/install/wildpose_interfaces/include/wildpose_interfaces/msg/motor_status.hpp
[4.516s] -- Installing: /home/naoya/Wildpose_v1.3/install/wildpose_interfaces/include/wildpose_interfaces/msg/rosidl_generator_cpp__visibility_control.hpp
[4.516s] -- Installing: /home/naoya/Wildpose_v1.3/install/wildpose_interfaces/include/wildpose_interfaces/msg/dji_rs_status.hpp
[4.516s] -- Installing: /home/naoya/Wildpose_v1.3/install/wildpose_interfaces/include/wildpose_interfaces/msg/motor_positions.hpp
[4.516s] -- Up-to-date: /home/naoya/Wildpose_v1.3/install/wildpose_interfaces/include/wildpose_interfaces
[4.517s] -- Up-to-date: /home/naoya/Wildpose_v1.3/install/wildpose_interfaces/include/wildpose_interfaces/msg
[4.517s] -- Up-to-date: /home/naoya/Wildpose_v1.3/install/wildpose_interfaces/include/wildpose_interfaces/msg/detail
[4.517s] -- Installing: /home/naoya/Wildpose_v1.3/install/wildpose_interfaces/include/wildpose_interfaces/msg/detail/motor_positions__rosidl_typesupport_introspection_cpp.hpp
[4.517s] -- Installing: /home/naoya/Wildpose_v1.3/install/wildpose_interfaces/include/wildpose_interfaces/msg/detail/motor_positions__type_support.cpp
[4.517s] -- Installing: /home/naoya/Wildpose_v1.3/install/wildpose_interfaces/include/wildpose_interfaces/msg/detail/motor_status__type_support.cpp
[4.517s] -- Installing: /home/naoya/Wildpose_v1.3/install/wildpose_interfaces/include/wildpose_interfaces/msg/detail/dji_rs_status__rosidl_typesupport_introspection_cpp.hpp
[4.517s] -- Installing: /home/naoya/Wildpose_v1.3/install/wildpose_interfaces/include/wildpose_interfaces/msg/detail/motor_status__rosidl_typesupport_introspection_cpp.hpp
[4.517s] -- Installing: /home/naoya/Wildpose_v1.3/install/wildpose_interfaces/include/wildpose_interfaces/msg/detail/dji_rs_status__type_support.cpp
[4.517s] -- Installing: /home/naoya/Wildpose_v1.3/install/wildpose_interfaces/lib/libwildpose_interfaces__rosidl_typesupport_introspection_cpp.so
[4.517s] -- Set runtime path of "/home/naoya/Wildpose_v1.3/install/wildpose_interfaces/lib/libwildpose_interfaces__rosidl_typesupport_introspection_cpp.so" to ""
[4.517s] -- Installing: /home/naoya/Wildpose_v1.3/install/wildpose_interfaces/lib/libwildpose_interfaces__rosidl_typesupport_cpp.so
[4.518s] -- Set runtime path of "/home/naoya/Wildpose_v1.3/install/wildpose_interfaces/lib/libwildpose_interfaces__rosidl_typesupport_cpp.so" to ""
[4.518s] -- Installing: /home/naoya/Wildpose_v1.3/install/wildpose_interfaces/share/wildpose_interfaces/environment/pythonpath.sh
[4.518s] -- Installing: /home/naoya/Wildpose_v1.3/install/wildpose_interfaces/share/wildpose_interfaces/environment/pythonpath.dsv
[4.518s] -- Installing: /home/naoya/Wildpose_v1.3/install/wildpose_interfaces/lib/python3.8/site-packages/wildpose_interfaces/__init__.py
[4.536s] Compiling '/home/naoya/Wildpose_v1.3/install/wildpose_interfaces/lib/python3.8/site-packages/wildpose_interfaces/__init__.py'...
[4.539s] -- Installing: /home/naoya/Wildpose_v1.3/install/wildpose_interfaces/lib/python3.8/site-packages/wildpose_interfaces/msg
[4.540s] -- Installing: /home/naoya/Wildpose_v1.3/install/wildpose_interfaces/lib/python3.8/site-packages/wildpose_interfaces/msg/_motor_status.py
[4.540s] -- Installing: /home/naoya/Wildpose_v1.3/install/wildpose_interfaces/lib/python3.8/site-packages/wildpose_interfaces/msg/_motor_status_s.c
[4.540s] -- Installing: /home/naoya/Wildpose_v1.3/install/wildpose_interfaces/lib/python3.8/site-packages/wildpose_interfaces/msg/_dji_rs_status_s.c
[4.540s] -- Installing: /home/naoya/Wildpose_v1.3/install/wildpose_interfaces/lib/python3.8/site-packages/wildpose_interfaces/msg/_motor_positions.py
[4.540s] -- Installing: /home/naoya/Wildpose_v1.3/install/wildpose_interfaces/lib/python3.8/site-packages/wildpose_interfaces/msg/__init__.py
[4.540s] -- Installing: /home/naoya/Wildpose_v1.3/install/wildpose_interfaces/lib/python3.8/site-packages/wildpose_interfaces/msg/_motor_positions_s.c
[4.540s] -- Installing: /home/naoya/Wildpose_v1.3/install/wildpose_interfaces/lib/python3.8/site-packages/wildpose_interfaces/msg/_dji_rs_status.py
[4.540s] -- Installing: /home/naoya/Wildpose_v1.3/install/wildpose_interfaces/lib/python3.8/site-packages/wildpose_interfaces/wildpose_interfaces_s__rosidl_typesupport_fastrtps_c.cpython-38-x86_64-linux-gnu.so
[4.541s] -- Set runtime path of "/home/naoya/Wildpose_v1.3/install/wildpose_interfaces/lib/python3.8/site-packages/wildpose_interfaces/wildpose_interfaces_s__rosidl_typesupport_fastrtps_c.cpython-38-x86_64-linux-gnu.so" to ""
[4.542s] -- Installing: /home/naoya/Wildpose_v1.3/install/wildpose_interfaces/lib/python3.8/site-packages/wildpose_interfaces/wildpose_interfaces_s__rosidl_typesupport_introspection_c.cpython-38-x86_64-linux-gnu.so
[4.542s] -- Set runtime path of "/home/naoya/Wildpose_v1.3/install/wildpose_interfaces/lib/python3.8/site-packages/wildpose_interfaces/wildpose_interfaces_s__rosidl_typesupport_introspection_c.cpython-38-x86_64-linux-gnu.so" to ""
[4.542s] -- Installing: /home/naoya/Wildpose_v1.3/install/wildpose_interfaces/lib/python3.8/site-packages/wildpose_interfaces/wildpose_interfaces_s__rosidl_typesupport_c.cpython-38-x86_64-linux-gnu.so
[4.543s] -- Set runtime path of "/home/naoya/Wildpose_v1.3/install/wildpose_interfaces/lib/python3.8/site-packages/wildpose_interfaces/wildpose_interfaces_s__rosidl_typesupport_c.cpython-38-x86_64-linux-gnu.so" to ""
[4.543s] -- Installing: /home/naoya/Wildpose_v1.3/install/wildpose_interfaces/lib/libwildpose_interfaces__python.so
[4.544s] -- Set runtime path of "/home/naoya/Wildpose_v1.3/install/wildpose_interfaces/lib/libwildpose_interfaces__python.so" to ""
[4.544s] -- Installing: /home/naoya/Wildpose_v1.3/install/wildpose_interfaces/share/wildpose_interfaces/msg/DjiRsStatus.idl
[4.544s] -- Installing: /home/naoya/Wildpose_v1.3/install/wildpose_interfaces/share/wildpose_interfaces/msg/MotorStatus.idl
[4.544s] -- Installing: /home/naoya/Wildpose_v1.3/install/wildpose_interfaces/share/wildpose_interfaces/msg/MotorPositions.idl
[4.544s] -- Installing: /home/naoya/Wildpose_v1.3/install/wildpose_interfaces/share/wildpose_interfaces/msg/DjiRsStatus.msg
[4.544s] -- Installing: /home/naoya/Wildpose_v1.3/install/wildpose_interfaces/share/wildpose_interfaces/msg/MotorStatus.msg
[4.544s] -- Installing: /home/naoya/Wildpose_v1.3/install/wildpose_interfaces/share/wildpose_interfaces/msg/MotorPositions.msg
[4.544s] -- Installing: /home/naoya/Wildpose_v1.3/install/wildpose_interfaces/share/ament_index/resource_index/package_run_dependencies/wildpose_interfaces
[4.545s] -- Installing: /home/naoya/Wildpose_v1.3/install/wildpose_interfaces/share/ament_index/resource_index/parent_prefix_path/wildpose_interfaces
[4.545s] -- Installing: /home/naoya/Wildpose_v1.3/install/wildpose_interfaces/share/wildpose_interfaces/environment/ament_prefix_path.sh
[4.545s] -- Installing: /home/naoya/Wildpose_v1.3/install/wildpose_interfaces/share/wildpose_interfaces/environment/ament_prefix_path.dsv
[4.545s] -- Installing: /home/naoya/Wildpose_v1.3/install/wildpose_interfaces/share/wildpose_interfaces/environment/path.sh
[4.545s] -- Installing: /home/naoya/Wildpose_v1.3/install/wildpose_interfaces/share/wildpose_interfaces/environment/path.dsv
[4.545s] -- Installing: /home/naoya/Wildpose_v1.3/install/wildpose_interfaces/share/wildpose_interfaces/local_setup.bash
[4.545s] -- Installing: /home/naoya/Wildpose_v1.3/install/wildpose_interfaces/share/wildpose_interfaces/local_setup.sh
[4.545s] -- Installing: /home/naoya/Wildpose_v1.3/install/wildpose_interfaces/share/wildpose_interfaces/local_setup.zsh
[4.546s] -- Installing: /home/naoya/Wildpose_v1.3/install/wildpose_interfaces/share/wildpose_interfaces/local_setup.dsv
[4.546s] -- Installing: /home/naoya/Wildpose_v1.3/install/wildpose_interfaces/share/wildpose_interfaces/package.dsv
[4.546s] -- Installing: /home/naoya/Wildpose_v1.3/install/wildpose_interfaces/share/ament_index/resource_index/packages/wildpose_interfaces
[4.546s] -- Installing: /home/naoya/Wildpose_v1.3/install/wildpose_interfaces/share/wildpose_interfaces/cmake/wildpose_interfaces__rosidl_generator_cExport.cmake
[4.546s] -- Installing: /home/naoya/Wildpose_v1.3/install/wildpose_interfaces/share/wildpose_interfaces/cmake/wildpose_interfaces__rosidl_generator_cExport-noconfig.cmake
[4.547s] -- Installing: /home/naoya/Wildpose_v1.3/install/wildpose_interfaces/share/wildpose_interfaces/cmake/wildpose_interfaces__rosidl_typesupport_introspection_cExport.cmake
[4.547s] -- Installing: /home/naoya/Wildpose_v1.3/install/wildpose_interfaces/share/wildpose_interfaces/cmake/wildpose_interfaces__rosidl_typesupport_introspection_cExport-noconfig.cmake
[4.547s] -- Installing: /home/naoya/Wildpose_v1.3/install/wildpose_interfaces/share/wildpose_interfaces/cmake/wildpose_interfaces__rosidl_typesupport_cExport.cmake
[4.547s] -- Installing: /home/naoya/Wildpose_v1.3/install/wildpose_interfaces/share/wildpose_interfaces/cmake/wildpose_interfaces__rosidl_typesupport_cExport-noconfig.cmake
[4.547s] -- Installing: /home/naoya/Wildpose_v1.3/install/wildpose_interfaces/share/wildpose_interfaces/cmake/wildpose_interfaces__rosidl_generator_cppExport.cmake
[4.547s] -- Installing: /home/naoya/Wildpose_v1.3/install/wildpose_interfaces/share/wildpose_interfaces/cmake/wildpose_interfaces__rosidl_typesupport_introspection_cppExport.cmake
[4.548s] -- Installing: /home/naoya/Wildpose_v1.3/install/wildpose_interfaces/share/wildpose_interfaces/cmake/wildpose_interfaces__rosidl_typesupport_introspection_cppExport-noconfig.cmake
[4.548s] -- Installing: /home/naoya/Wildpose_v1.3/install/wildpose_interfaces/share/wildpose_interfaces/cmake/wildpose_interfaces__rosidl_typesupport_cppExport.cmake
[4.548s] -- Installing: /home/naoya/Wildpose_v1.3/install/wildpose_interfaces/share/wildpose_interfaces/cmake/wildpose_interfaces__rosidl_typesupport_cppExport-noconfig.cmake
[4.548s] -- Installing: /home/naoya/Wildpose_v1.3/install/wildpose_interfaces/share/wildpose_interfaces/cmake/rosidl_cmake-extras.cmake
[4.548s] -- Installing: /home/naoya/Wildpose_v1.3/install/wildpose_interfaces/share/wildpose_interfaces/cmake/ament_cmake_export_dependencies-extras.cmake
[4.549s] -- Installing: /home/naoya/Wildpose_v1.3/install/wildpose_interfaces/share/wildpose_interfaces/cmake/ament_cmake_export_libraries-extras.cmake
[4.549s] -- Installing: /home/naoya/Wildpose_v1.3/install/wildpose_interfaces/share/wildpose_interfaces/cmake/ament_cmake_export_targets-extras.cmake
[4.549s] -- Installing: /home/naoya/Wildpose_v1.3/install/wildpose_interfaces/share/wildpose_interfaces/cmake/ament_cmake_export_include_directories-extras.cmake
[4.549s] -- Installing: /home/naoya/Wildpose_v1.3/install/wildpose_interfaces/share/wildpose_interfaces/cmake/rosidl_cmake_export_typesupport_libraries-extras.cmake
[4.549s] -- Installing: /home/naoya/Wildpose_v1.3/install/wildpose_interfaces/share/wildpose_interfaces/cmake/rosidl_cmake_export_typesupport_targets-extras.cmake
[4.549s] -- Installing: /home/naoya/Wildpose_v1.3/install/wildpose_interfaces/share/wildpose_interfaces/cmake/wildpose_interfacesConfig.cmake
[4.549s] -- Installing: /home/naoya/Wildpose_v1.3/install/wildpose_interfaces/share/wildpose_interfaces/cmake/wildpose_interfacesConfig-version.cmake
[4.549s] -- Installing: /home/naoya/Wildpose_v1.3/install/wildpose_interfaces/share/wildpose_interfaces/package.xml
[4.552s] Invoked command in '/home/naoya/Wildpose_v1.3/build/wildpose_interfaces' returned '0': CMAKE_PREFIX_PATH=${CMAKE_PREFIX_PATH}:/home/naoya/WildPose_v1.2/wildpose/install/motor_controller_pkg:/home/naoya/WildPose_v1.2/wildpose/install/gamepad_pkg:/opt/ros/foxy /usr/bin/cmake --install /home/naoya/Wildpose_v1.3/build/wildpose_interfaces
