[0.039s] Invoking command in '/home/m2s2/WildPose_v1.2-main/wildpose/build/ximea_ros2_cam': CMAKE_PREFIX_PATH=${CMAKE_PREFIX_PATH}:/home/m2s2/WildPose_v1.2-main/wildpose/install/motor_controller_pkg:/home/m2s2/WildPose_v1.2-main/wildpose/install/dji_rs3_pkg:/home/m2s2/WildPose_v1.2-main/wildpose/install/gamepad_pkg:/opt/ros/foxy /usr/bin/cmake /home/m2s2/WildPose_v1.2-main/wildpose/src/ximea_ROS2_driver-main/ximea_ros2_cam -DCMAKE_INSTALL_PREFIX=/home/m2s2/WildPose_v1.2-main/wildpose/install/ximea_ros2_cam
[0.228s] -- The C compiler identification is GNU 9.4.0
[0.228s] -- The CXX compiler identification is GNU 9.4.0
[0.228s] -- Detecting C compiler ABI info
[0.228s] -- Detecting C compiler ABI info - done
[0.229s] -- Check for working C compiler: /usr/bin/cc - skipped
[0.229s] -- Detecting C compile features
[0.229s] -- Detecting C compile features - done
[0.229s] -- Detecting CXX compiler ABI info
[0.267s] -- Detecting CXX compiler ABI info - done
[0.280s] -- Check for working CXX compiler: /usr/bin/c++ - skipped
[0.280s] -- Detecting CXX compile features
[0.281s] -- Detecting CXX compile features - done
[0.282s] -- Found ament_cmake: 0.9.12 (/opt/ros/foxy/share/ament_cmake/cmake)
[0.301s] -- Found PythonInterp: /usr/bin/python3 (found suitable version "3.8.10", minimum required is "3") 
[0.301s] -- Using PYTHON_EXECUTABLE: /usr/bin/python3
[0.445s] -- Found rclcpp: 2.4.3 (/opt/ros/foxy/share/rclcpp/cmake)
[0.477s] -- Using all available rosidl_typesupport_c: rosidl_typesupport_fastrtps_c;rosidl_typesupport_introspection_c
[0.481s] -- Found rosidl_adapter: 1.3.1 (/opt/ros/foxy/share/rosidl_adapter/cmake)
[0.543s] -- Found OpenSSL: /usr/lib/x86_64-linux-gnu/libcrypto.so (found version "1.1.1f")  
[0.569s] -- Found FastRTPS: /opt/ros/foxy/include  
[0.618s] -- Using all available rosidl_typesupport_cpp: rosidl_typesupport_fastrtps_cpp;rosidl_typesupport_introspection_cpp
[0.650s] -- Found rmw_implementation_cmake: 1.0.4 (/opt/ros/foxy/share/rmw_implementation_cmake/cmake)
[0.651s] -- Using RMW implementation 'rmw_fastrtps_cpp' as default
[0.652s] -- Looking for pthread.h
[0.699s] -- Looking for pthread.h - found
[0.699s] -- Performing Test CMAKE_HAVE_LIBC_PTHREAD
[0.750s] -- Performing Test CMAKE_HAVE_LIBC_PTHREAD - Failed
[0.750s] -- Looking for pthread_create in pthreads
[0.796s] -- Looking for pthread_create in pthreads - not found
[0.797s] -- Looking for pthread_create in pthread
[0.848s] -- Looking for pthread_create in pthread - found
[0.849s] -- Found Threads: TRUE  
[0.937s] -- Found camera_calibration_parsers: 2.4.0 (/opt/ros/foxy/share/camera_calibration_parsers/cmake)
[1.022s] -- Setting yaml-cpp_DIR to: '/opt/ros/foxy/share/yaml_cpp_vendor/cmake/../../../opt/yaml_cpp_vendor/lib/cmake/yaml-cpp'
[1.026s] -- Found camera_info_manager: 2.4.0 (/opt/ros/foxy/share/camera_info_manager/cmake)
[1.056s] -- Found image_transport: 2.4.0 (/opt/ros/foxy/share/image_transport/cmake)
[1.085s] -- Found rosbag2_cpp: 0.3.11 (/opt/ros/foxy/share/rosbag2_cpp/cmake)
[1.091s] -- Found cv_bridge: 3.0.7 (/opt/ros/foxy/share/cv_bridge/cmake)
[1.110s] -- Found OpenCV: /usr (found version "4.2.0") 
[1.194s] -- Found ament_lint_auto: 0.9.8 (/opt/ros/foxy/share/ament_lint_auto/cmake)
[1.268s] -- Added test 'copyright' to check source files copyright and LICENSE
[1.270s] -- Added test 'cppcheck' to perform static code analysis on C / C++ code
[1.270s] -- Configured cppcheck include dirs: $<BUILD_INTERFACE:/home/m2s2/WildPose_v1.2-main/wildpose/src/ximea_ROS2_driver-main/ximea_ros2_cam/include>
[1.270s] -- Configured cppcheck exclude dirs and/or files: 
[1.272s] -- Added test 'cpplint' to check C / C++ code against the Google style
[1.272s] -- Configured cpplint exclude dirs and/or files: 
[1.273s] -- Added test 'lint_cmake' to check CMake code style
[1.274s] -- Added test 'uncrustify' to check C / C++ code style
[1.274s] -- Configured uncrustify additional arguments: 
[1.275s] -- Added test 'xmllint' to check XML markup files
[1.276s] -- Configuring done
[1.299s] -- Generating done
[1.301s] -- Build files have been written to: /home/m2s2/WildPose_v1.2-main/wildpose/build/ximea_ros2_cam
[1.323s] Invoked command in '/home/m2s2/WildPose_v1.2-main/wildpose/build/ximea_ros2_cam' returned '0': CMAKE_PREFIX_PATH=${CMAKE_PREFIX_PATH}:/home/m2s2/WildPose_v1.2-main/wildpose/install/motor_controller_pkg:/home/m2s2/WildPose_v1.2-main/wildpose/install/dji_rs3_pkg:/home/m2s2/WildPose_v1.2-main/wildpose/install/gamepad_pkg:/opt/ros/foxy /usr/bin/cmake /home/m2s2/WildPose_v1.2-main/wildpose/src/ximea_ROS2_driver-main/ximea_ros2_cam -DCMAKE_INSTALL_PREFIX=/home/m2s2/WildPose_v1.2-main/wildpose/install/ximea_ros2_cam
[1.327s] Invoking command in '/home/m2s2/WildPose_v1.2-main/wildpose/build/ximea_ros2_cam': CMAKE_PREFIX_PATH=${CMAKE_PREFIX_PATH}:/home/m2s2/WildPose_v1.2-main/wildpose/install/motor_controller_pkg:/home/m2s2/WildPose_v1.2-main/wildpose/install/dji_rs3_pkg:/home/m2s2/WildPose_v1.2-main/wildpose/install/gamepad_pkg:/opt/ros/foxy /usr/bin/cmake --build /home/m2s2/WildPose_v1.2-main/wildpose/build/ximea_ros2_cam -- -j16 -l16
[1.391s] [ 66%] [32mBuilding CXX object CMakeFiles/ximea_ros2_cam_node.dir/src/ximea_ros2_cam.cpp.o[0m
[1.391s] [ 66%] [32mBuilding CXX object CMakeFiles/ximea_ros2_cam_node.dir/src/ximea_ros2_cam_node.cpp.o[0m
[5.461s] [100%] [32m[1mLinking CXX executable ximea_ros2_cam_node[0m
[5.947s] [100%] Built target ximea_ros2_cam_node
[5.962s] Invoked command in '/home/m2s2/WildPose_v1.2-main/wildpose/build/ximea_ros2_cam' returned '0': CMAKE_PREFIX_PATH=${CMAKE_PREFIX_PATH}:/home/m2s2/WildPose_v1.2-main/wildpose/install/motor_controller_pkg:/home/m2s2/WildPose_v1.2-main/wildpose/install/dji_rs3_pkg:/home/m2s2/WildPose_v1.2-main/wildpose/install/gamepad_pkg:/opt/ros/foxy /usr/bin/cmake --build /home/m2s2/WildPose_v1.2-main/wildpose/build/ximea_ros2_cam -- -j16 -l16
[5.986s] Invoking command in '/home/m2s2/WildPose_v1.2-main/wildpose/build/ximea_ros2_cam': CMAKE_PREFIX_PATH=${CMAKE_PREFIX_PATH}:/home/m2s2/WildPose_v1.2-main/wildpose/install/motor_controller_pkg:/home/m2s2/WildPose_v1.2-main/wildpose/install/dji_rs3_pkg:/home/m2s2/WildPose_v1.2-main/wildpose/install/gamepad_pkg:/opt/ros/foxy /usr/bin/cmake --install /home/m2s2/WildPose_v1.2-main/wildpose/build/ximea_ros2_cam
[5.993s] -- Install configuration: ""
[5.993s] -- Installing: /home/m2s2/WildPose_v1.2-main/wildpose/install/ximea_ros2_cam/lib/ximea_ros2_cam/ximea_ros2_cam_node
[5.995s] -- Set runtime path of "/home/m2s2/WildPose_v1.2-main/wildpose/install/ximea_ros2_cam/lib/ximea_ros2_cam/ximea_ros2_cam_node" to ""
[5.995s] -- Installing: /home/m2s2/WildPose_v1.2-main/wildpose/install/ximea_ros2_cam/share/ximea_ros2_cam/config
[5.995s] -- Installing: /home/m2s2/WildPose_v1.2-main/wildpose/install/ximea_ros2_cam/share/ximea_ros2_cam/config/xiCam_config.yaml
[5.995s] -- Installing: /home/m2s2/WildPose_v1.2-main/wildpose/install/ximea_ros2_cam/share/ximea_ros2_cam/launch
[5.995s] -- Installing: /home/m2s2/WildPose_v1.2-main/wildpose/install/ximea_ros2_cam/share/ximea_ros2_cam/launch/xiCam.launch.xml
[5.995s] -- Installing: /home/m2s2/WildPose_v1.2-main/wildpose/install/ximea_ros2_cam/share/ament_index/resource_index/package_run_dependencies/ximea_ros2_cam
[5.995s] -- Installing: /home/m2s2/WildPose_v1.2-main/wildpose/install/ximea_ros2_cam/share/ament_index/resource_index/parent_prefix_path/ximea_ros2_cam
[5.995s] -- Installing: /home/m2s2/WildPose_v1.2-main/wildpose/install/ximea_ros2_cam/share/ximea_ros2_cam/environment/ament_prefix_path.sh
[5.995s] -- Installing: /home/m2s2/WildPose_v1.2-main/wildpose/install/ximea_ros2_cam/share/ximea_ros2_cam/environment/ament_prefix_path.dsv
[5.995s] -- Installing: /home/m2s2/WildPose_v1.2-main/wildpose/install/ximea_ros2_cam/share/ximea_ros2_cam/environment/path.sh
[5.996s] -- Installing: /home/m2s2/WildPose_v1.2-main/wildpose/install/ximea_ros2_cam/share/ximea_ros2_cam/environment/path.dsv
[5.996s] -- Installing: /home/m2s2/WildPose_v1.2-main/wildpose/install/ximea_ros2_cam/share/ximea_ros2_cam/local_setup.bash
[5.996s] -- Installing: /home/m2s2/WildPose_v1.2-main/wildpose/install/ximea_ros2_cam/share/ximea_ros2_cam/local_setup.sh
[5.996s] -- Installing: /home/m2s2/WildPose_v1.2-main/wildpose/install/ximea_ros2_cam/share/ximea_ros2_cam/local_setup.zsh
[5.996s] -- Installing: /home/m2s2/WildPose_v1.2-main/wildpose/install/ximea_ros2_cam/share/ximea_ros2_cam/local_setup.dsv
[5.996s] -- Installing: /home/m2s2/WildPose_v1.2-main/wildpose/install/ximea_ros2_cam/share/ximea_ros2_cam/package.dsv
[5.996s] -- Installing: /home/m2s2/WildPose_v1.2-main/wildpose/install/ximea_ros2_cam/share/ament_index/resource_index/packages/ximea_ros2_cam
[5.996s] -- Installing: /home/m2s2/WildPose_v1.2-main/wildpose/install/ximea_ros2_cam/share/ximea_ros2_cam/cmake/ximea_ros2_camConfig.cmake
[5.996s] -- Installing: /home/m2s2/WildPose_v1.2-main/wildpose/install/ximea_ros2_cam/share/ximea_ros2_cam/cmake/ximea_ros2_camConfig-version.cmake
[5.996s] -- Installing: /home/m2s2/WildPose_v1.2-main/wildpose/install/ximea_ros2_cam/share/ximea_ros2_cam/package.xml
[5.999s] Invoked command in '/home/m2s2/WildPose_v1.2-main/wildpose/build/ximea_ros2_cam' returned '0': CMAKE_PREFIX_PATH=${CMAKE_PREFIX_PATH}:/home/m2s2/WildPose_v1.2-main/wildpose/install/motor_controller_pkg:/home/m2s2/WildPose_v1.2-main/wildpose/install/dji_rs3_pkg:/home/m2s2/WildPose_v1.2-main/wildpose/install/gamepad_pkg:/opt/ros/foxy /usr/bin/cmake --install /home/m2s2/WildPose_v1.2-main/wildpose/build/ximea_ros2_cam
