[0.043s] Invoking command in '/home/m2s2/WildPose_v1.2-main/wildpose/src/build/ximea_ros2_cam': CMAKE_PREFIX_PATH=${CMAKE_PREFIX_PATH}:/home/m2s2/WildPose_v1.2-main/wildpose/install/motor_controller_pkg:/home/m2s2/WildPose_v1.2-main/wildpose/install/dji_rs3_pkg:/home/m2s2/WildPose_v1.2-main/wildpose/install/gamepad_pkg:/opt/ros/foxy /usr/bin/cmake /home/m2s2/WildPose_v1.2-main/wildpose/src/ximea_ROS2_driver-main/ximea_ros2_cam -DCMAKE_INSTALL_PREFIX=/home/m2s2/WildPose_v1.2-main/wildpose/src/install/ximea_ros2_cam
[0.205s] -- The C compiler identification is GNU 9.4.0
[0.206s] -- The CXX compiler identification is GNU 9.4.0
[0.206s] -- Detecting C compiler ABI info
[0.207s] -- Detecting C compiler ABI info - done
[0.207s] -- Check for working C compiler: /usr/bin/cc - skipped
[0.207s] -- Detecting C compile features
[0.207s] -- Detecting C compile features - done
[0.207s] -- Detecting CXX compiler ABI info
[0.250s] -- Detecting CXX compiler ABI info - done
[0.261s] -- Check for working CXX compiler: /usr/bin/c++ - skipped
[0.261s] -- Detecting CXX compile features
[0.261s] -- Detecting CXX compile features - done
[0.264s] -- Found ament_cmake: 0.9.12 (/opt/ros/foxy/share/ament_cmake/cmake)
[0.284s] -- Found PythonInterp: /usr/bin/python3 (found suitable version "3.8.10", minimum required is "3") 
[0.284s] -- Using PYTHON_EXECUTABLE: /usr/bin/python3
[0.458s] -- Found rclcpp: 2.4.3 (/opt/ros/foxy/share/rclcpp/cmake)
[0.490s] -- Using all available rosidl_typesupport_c: rosidl_typesupport_fastrtps_c;rosidl_typesupport_introspection_c
[0.495s] -- Found rosidl_adapter: 1.3.1 (/opt/ros/foxy/share/rosidl_adapter/cmake)
[0.552s] -- Found OpenSSL: /usr/lib/x86_64-linux-gnu/libcrypto.so (found version "1.1.1f")  
[0.580s] -- Found FastRTPS: /opt/ros/foxy/include  
[0.645s] -- Using all available rosidl_typesupport_cpp: rosidl_typesupport_fastrtps_cpp;rosidl_typesupport_introspection_cpp
[0.677s] -- Found rmw_implementation_cmake: 1.0.4 (/opt/ros/foxy/share/rmw_implementation_cmake/cmake)
[0.678s] -- Using RMW implementation 'rmw_fastrtps_cpp' as default
[0.679s] -- Looking for pthread.h
[0.734s] -- Looking for pthread.h - found
[0.734s] -- Performing Test CMAKE_HAVE_LIBC_PTHREAD
[0.786s] -- Performing Test CMAKE_HAVE_LIBC_PTHREAD - Failed
[0.786s] -- Looking for pthread_create in pthreads
[0.831s] -- Looking for pthread_create in pthreads - not found
[0.831s] -- Looking for pthread_create in pthread
[0.878s] -- Looking for pthread_create in pthread - found
[0.880s] -- Found Threads: TRUE  
[0.976s] [31mCMake Error at CMakeLists.txt:25 (find_package):
[0.976s]   By not providing "Findcamera_calibration_parsers.cmake" in
[0.976s]   CMAKE_MODULE_PATH this project has asked CMake to find a package
[0.976s]   configuration file provided by "camera_calibration_parsers", but CMake did
[0.976s]   not find one.
[0.977s] 
[0.977s]   Could not find a package configuration file provided by
[0.977s]   "camera_calibration_parsers" with any of the following names:
[0.977s] 
[0.977s]     camera_calibration_parsersConfig.cmake
[0.977s]     camera_calibration_parsers-config.cmake
[0.977s] 
[0.977s]   Add the installation prefix of "camera_calibration_parsers" to
[0.977s]   CMAKE_PREFIX_PATH or set "camera_calibration_parsers_DIR" to a directory
[0.977s]   containing one of the above files.  If "camera_calibration_parsers"
[0.977s]   provides a separate development package or SDK, be sure it has been
[0.977s]   installed.
[0.977s] 
[0.978s] [0m
[0.978s] -- Configuring incomplete, errors occurred!
[0.978s] See also "/home/m2s2/WildPose_v1.2-main/wildpose/src/build/ximea_ros2_cam/CMakeFiles/CMakeOutput.log".
[0.978s] See also "/home/m2s2/WildPose_v1.2-main/wildpose/src/build/ximea_ros2_cam/CMakeFiles/CMakeError.log".
[0.986s] Invoked command in '/home/m2s2/WildPose_v1.2-main/wildpose/src/build/ximea_ros2_cam' returned '1': CMAKE_PREFIX_PATH=${CMAKE_PREFIX_PATH}:/home/m2s2/WildPose_v1.2-main/wildpose/install/motor_controller_pkg:/home/m2s2/WildPose_v1.2-main/wildpose/install/dji_rs3_pkg:/home/m2s2/WildPose_v1.2-main/wildpose/install/gamepad_pkg:/opt/ros/foxy /usr/bin/cmake /home/m2s2/WildPose_v1.2-main/wildpose/src/ximea_ROS2_driver-main/ximea_ros2_cam -DCMAKE_INSTALL_PREFIX=/home/m2s2/WildPose_v1.2-main/wildpose/src/install/ximea_ros2_cam
