[0.468s] Invoking command in '/home/naoya/wildpose_v1.3/wildpose/build/livox_sdk_vendor': CMAKE_PREFIX_PATH=${CMAKE_PREFIX_PATH}:/home/naoya/WildPose_v1.2/wildpose/install/motor_controller_pkg:/home/naoya/WildPose_v1.2/wildpose/install/gamepad_pkg:/opt/ros/foxy /usr/bin/cmake /home/naoya/wildpose_v1.3/wildpose/src/livox_ros2_driver/livox_sdk_vendor -DCMAKE_INSTALL_PREFIX=/home/naoya/wildpose_v1.3/wildpose/install/livox_sdk_vendor
[0.505s] -- The C compiler identification is GNU 9.4.0
[0.543s] -- The CXX compiler identification is GNU 9.4.0
[0.549s] -- Check for working C compiler: /usr/bin/cc
[0.615s] -- Check for working C compiler: /usr/bin/cc -- works
[0.615s] -- Detecting C compiler ABI info
[0.664s] -- Detecting C compiler ABI info - done
[0.674s] -- Detecting C compile features
[0.674s] -- Detecting C compile features - done
[0.676s] -- Check for working CXX compiler: /usr/bin/c++
[0.732s] -- Check for working CXX compiler: /usr/bin/c++ -- works
[0.733s] -- Detecting CXX compiler ABI info
[0.794s] -- Detecting CXX compiler ABI info - done
[0.806s] -- Detecting CXX compile features
[0.807s] -- Detecting CXX compile features - done
[0.808s] -- Found ament_cmake: 0.9.12 (/opt/ros/foxy/share/ament_cmake/cmake)
[0.830s] -- Found PythonInterp: /usr/bin/python3 (found suitable version "3.8.10", minimum required is "3") 
[0.830s] -- Using PYTHON_EXECUTABLE: /usr/bin/python3
[1.032s] -- Configuring done
[1.034s] -- Generating done
[1.035s] -- Build files have been written to: /home/naoya/wildpose_v1.3/wildpose/build/livox_sdk_vendor
[1.042s] Invoked command in '/home/naoya/wildpose_v1.3/wildpose/build/livox_sdk_vendor' returned '0': CMAKE_PREFIX_PATH=${CMAKE_PREFIX_PATH}:/home/naoya/WildPose_v1.2/wildpose/install/motor_controller_pkg:/home/naoya/WildPose_v1.2/wildpose/install/gamepad_pkg:/opt/ros/foxy /usr/bin/cmake /home/naoya/wildpose_v1.3/wildpose/src/livox_ros2_driver/livox_sdk_vendor -DCMAKE_INSTALL_PREFIX=/home/naoya/wildpose_v1.3/wildpose/install/livox_sdk_vendor
[1.043s] Invoking command in '/home/naoya/wildpose_v1.3/wildpose/build/livox_sdk_vendor': CMAKE_PREFIX_PATH=${CMAKE_PREFIX_PATH}:/home/naoya/WildPose_v1.2/wildpose/install/motor_controller_pkg:/home/naoya/WildPose_v1.2/wildpose/install/gamepad_pkg:/opt/ros/foxy /usr/bin/cmake --build /home/naoya/wildpose_v1.3/wildpose/build/livox_sdk_vendor -- -j16 -l16
[1.073s] Invoked command in '/home/naoya/wildpose_v1.3/wildpose/build/livox_sdk_vendor' returned '0': CMAKE_PREFIX_PATH=${CMAKE_PREFIX_PATH}:/home/naoya/WildPose_v1.2/wildpose/install/motor_controller_pkg:/home/naoya/WildPose_v1.2/wildpose/install/gamepad_pkg:/opt/ros/foxy /usr/bin/cmake --build /home/naoya/wildpose_v1.3/wildpose/build/livox_sdk_vendor -- -j16 -l16
[1.097s] Invoking command in '/home/naoya/wildpose_v1.3/wildpose/build/livox_sdk_vendor': CMAKE_PREFIX_PATH=${CMAKE_PREFIX_PATH}:/home/naoya/WildPose_v1.2/wildpose/install/motor_controller_pkg:/home/naoya/WildPose_v1.2/wildpose/install/gamepad_pkg:/opt/ros/foxy /usr/bin/cmake --install /home/naoya/wildpose_v1.3/wildpose/build/livox_sdk_vendor
[1.103s] -- Install configuration: ""
[1.103s] -- Installing: /home/naoya/wildpose_v1.3/wildpose/install/livox_sdk_vendor/share/livox_sdk_vendor/cmake
[1.103s] -- Installing: /home/naoya/wildpose_v1.3/wildpose/install/livox_sdk_vendor/share/livox_sdk_vendor/cmake/Modules
[1.103s] -- Installing: /home/naoya/wildpose_v1.3/wildpose/install/livox_sdk_vendor/share/livox_sdk_vendor/cmake/Modules/Findlivox_sdk.cmake
[1.103s] -- Installing: /home/naoya/wildpose_v1.3/wildpose/install/livox_sdk_vendor/share/ament_index/resource_index/package_run_dependencies/livox_sdk_vendor
[1.103s] -- Installing: /home/naoya/wildpose_v1.3/wildpose/install/livox_sdk_vendor/share/ament_index/resource_index/parent_prefix_path/livox_sdk_vendor
[1.103s] -- Installing: /home/naoya/wildpose_v1.3/wildpose/install/livox_sdk_vendor/share/livox_sdk_vendor/environment/ament_prefix_path.sh
[1.103s] -- Installing: /home/naoya/wildpose_v1.3/wildpose/install/livox_sdk_vendor/share/livox_sdk_vendor/environment/ament_prefix_path.dsv
[1.103s] -- Installing: /home/naoya/wildpose_v1.3/wildpose/install/livox_sdk_vendor/share/livox_sdk_vendor/environment/path.sh
[1.104s] -- Installing: /home/naoya/wildpose_v1.3/wildpose/install/livox_sdk_vendor/share/livox_sdk_vendor/environment/path.dsv
[1.104s] -- Installing: /home/naoya/wildpose_v1.3/wildpose/install/livox_sdk_vendor/share/livox_sdk_vendor/local_setup.bash
[1.104s] -- Installing: /home/naoya/wildpose_v1.3/wildpose/install/livox_sdk_vendor/share/livox_sdk_vendor/local_setup.sh
[1.104s] -- Installing: /home/naoya/wildpose_v1.3/wildpose/install/livox_sdk_vendor/share/livox_sdk_vendor/local_setup.zsh
[1.104s] -- Installing: /home/naoya/wildpose_v1.3/wildpose/install/livox_sdk_vendor/share/livox_sdk_vendor/local_setup.dsv
[1.104s] -- Installing: /home/naoya/wildpose_v1.3/wildpose/install/livox_sdk_vendor/share/livox_sdk_vendor/package.dsv
[1.104s] -- Installing: /home/naoya/wildpose_v1.3/wildpose/install/livox_sdk_vendor/share/ament_index/resource_index/packages/livox_sdk_vendor
[1.104s] -- Installing: /home/naoya/wildpose_v1.3/wildpose/install/livox_sdk_vendor/share/livox_sdk_vendor/cmake/livox_sdk_vendor-extras.cmake
[1.104s] -- Installing: /home/naoya/wildpose_v1.3/wildpose/install/livox_sdk_vendor/share/livox_sdk_vendor/cmake/livox_sdk_vendorConfig.cmake
[1.104s] -- Installing: /home/naoya/wildpose_v1.3/wildpose/install/livox_sdk_vendor/share/livox_sdk_vendor/cmake/livox_sdk_vendorConfig-version.cmake
[1.105s] -- Installing: /home/naoya/wildpose_v1.3/wildpose/install/livox_sdk_vendor/share/livox_sdk_vendor/package.xml
[1.105s] Invoked command in '/home/naoya/wildpose_v1.3/wildpose/build/livox_sdk_vendor' returned '0': CMAKE_PREFIX_PATH=${CMAKE_PREFIX_PATH}:/home/naoya/WildPose_v1.2/wildpose/install/motor_controller_pkg:/home/naoya/WildPose_v1.2/wildpose/install/gamepad_pkg:/opt/ros/foxy /usr/bin/cmake --install /home/naoya/wildpose_v1.3/wildpose/build/livox_sdk_vendor
