[2.322s] Invoking command in '/home/naoya/wildpose_v1.3/wildpose/src/dji_rs3_pkg': AMENT_PREFIX_PATH=/home/naoya/wildpose_v1.3/wildpose/install/wildpose_interfaces:${AMENT_PREFIX_PATH} CMAKE_PREFIX_PATH=/home/naoya/wildpose_v1.3/wildpose/install/wildpose_interfaces:${CMAKE_PREFIX_PATH} LD_LIBRARY_PATH=/home/naoya/wildpose_v1.3/wildpose/install/wildpose_interfaces/lib:${LD_LIBRARY_PATH} PYTHONPATH=/home/naoya/wildpose_v1.3/wildpose/build/dji_rs3_pkg/prefix_override:/home/naoya/wildpose_v1.3/wildpose/install/dji_rs3_pkg/lib/python3.8/site-packages:/home/naoya/wildpose_v1.3/wildpose/install/wildpose_interfaces/lib/python3.8/site-packages:${PYTHONPATH} /usr/bin/python3 setup.py egg_info --egg-base ../../build/dji_rs3_pkg build --build-base /home/naoya/wildpose_v1.3/wildpose/build/dji_rs3_pkg/build install --record /home/naoya/wildpose_v1.3/wildpose/build/dji_rs3_pkg/install.log --install-scripts $base/lib/dji_rs3_pkg --single-version-externally-managed
[2.448s] running egg_info
[2.448s] writing ../../build/dji_rs3_pkg/dji_rs3_pkg.egg-info/PKG-INFO
[2.448s] writing dependency_links to ../../build/dji_rs3_pkg/dji_rs3_pkg.egg-info/dependency_links.txt
[2.448s] writing entry points to ../../build/dji_rs3_pkg/dji_rs3_pkg.egg-info/entry_points.txt
[2.448s] writing requirements to ../../build/dji_rs3_pkg/dji_rs3_pkg.egg-info/requires.txt
[2.448s] writing top-level names to ../../build/dji_rs3_pkg/dji_rs3_pkg.egg-info/top_level.txt
[2.470s] reading manifest file '../../build/dji_rs3_pkg/dji_rs3_pkg.egg-info/SOURCES.txt'
[2.471s] writing manifest file '../../build/dji_rs3_pkg/dji_rs3_pkg.egg-info/SOURCES.txt'
[2.471s] running build
[2.472s] running build_py
[2.472s] running install
[2.472s] running install_lib
[2.472s] running install_data
[2.472s] running install_egg_info
[2.473s] removing '/home/naoya/wildpose_v1.3/wildpose/install/dji_rs3_pkg/lib/python3.8/site-packages/dji_rs3_pkg-0.0.0-py3.8.egg-info' (and everything under it)
[2.473s] Copying ../../build/dji_rs3_pkg/dji_rs3_pkg.egg-info to /home/naoya/wildpose_v1.3/wildpose/install/dji_rs3_pkg/lib/python3.8/site-packages/dji_rs3_pkg-0.0.0-py3.8.egg-info
[2.474s] running install_scripts
[2.488s] Installing dji_rs3_node script to /home/naoya/wildpose_v1.3/wildpose/install/dji_rs3_pkg/lib/dji_rs3_pkg
[2.488s] writing list of installed files to '/home/naoya/wildpose_v1.3/wildpose/build/dji_rs3_pkg/install.log'
[2.622s] Invoked command in '/home/naoya/wildpose_v1.3/wildpose/src/dji_rs3_pkg' returned '0': AMENT_PREFIX_PATH=/home/naoya/wildpose_v1.3/wildpose/install/wildpose_interfaces:${AMENT_PREFIX_PATH} CMAKE_PREFIX_PATH=/home/naoya/wildpose_v1.3/wildpose/install/wildpose_interfaces:${CMAKE_PREFIX_PATH} LD_LIBRARY_PATH=/home/naoya/wildpose_v1.3/wildpose/install/wildpose_interfaces/lib:${LD_LIBRARY_PATH} PYTHONPATH=/home/naoya/wildpose_v1.3/wildpose/build/dji_rs3_pkg/prefix_override:/home/naoya/wildpose_v1.3/wildpose/install/dji_rs3_pkg/lib/python3.8/site-packages:/home/naoya/wildpose_v1.3/wildpose/install/wildpose_interfaces/lib/python3.8/site-packages:${PYTHONPATH} /usr/bin/python3 setup.py egg_info --egg-base ../../build/dji_rs3_pkg build --build-base /home/naoya/wildpose_v1.3/wildpose/build/dji_rs3_pkg/build install --record /home/naoya/wildpose_v1.3/wildpose/build/dji_rs3_pkg/install.log --install-scripts $base/lib/dji_rs3_pkg --single-version-externally-managed
