[1.625s] Invoking command in '/home/naoya/wildpose_v1.3/wildpose/src/gamepad_pkg': PYTHONPATH=/home/naoya/wildpose_v1.3/wildpose/build/gamepad_pkg/prefix_override:/home/naoya/wildpose_v1.3/wildpose/install/gamepad_pkg/lib/python3.8/site-packages:${PYTHONPATH} /usr/bin/python3 setup.py egg_info --egg-base ../../build/gamepad_pkg build --build-base /home/naoya/wildpose_v1.3/wildpose/build/gamepad_pkg/build install --record /home/naoya/wildpose_v1.3/wildpose/build/gamepad_pkg/install.log --install-scripts $base/lib/gamepad_pkg --single-version-externally-managed
[1.767s] running egg_info
[1.769s] writing ../../build/gamepad_pkg/gamepad_pkg.egg-info/PKG-INFO
[1.769s] writing dependency_links to ../../build/gamepad_pkg/gamepad_pkg.egg-info/dependency_links.txt
[1.769s] writing entry points to ../../build/gamepad_pkg/gamepad_pkg.egg-info/entry_points.txt
[1.769s] writing requirements to ../../build/gamepad_pkg/gamepad_pkg.egg-info/requires.txt
[1.769s] writing top-level names to ../../build/gamepad_pkg/gamepad_pkg.egg-info/top_level.txt
[1.795s] reading manifest file '../../build/gamepad_pkg/gamepad_pkg.egg-info/SOURCES.txt'
[1.795s] writing manifest file '../../build/gamepad_pkg/gamepad_pkg.egg-info/SOURCES.txt'
[1.796s] running build
[1.796s] running build_py
[1.796s] running install
[1.796s] running install_lib
[1.797s] running install_data
[1.797s] running install_egg_info
[1.799s] removing '/home/naoya/wildpose_v1.3/wildpose/install/gamepad_pkg/lib/python3.8/site-packages/gamepad_pkg-0.0.0-py3.8.egg-info' (and everything under it)
[1.799s] Copying ../../build/gamepad_pkg/gamepad_pkg.egg-info to /home/naoya/wildpose_v1.3/wildpose/install/gamepad_pkg/lib/python3.8/site-packages/gamepad_pkg-0.0.0-py3.8.egg-info
[1.799s] running install_scripts
[1.811s] writing list of installed files to '/home/naoya/wildpose_v1.3/wildpose/build/gamepad_pkg/install.log'
[2.876s] Invoked command in '/home/naoya/wildpose_v1.3/wildpose/src/gamepad_pkg' returned '0': PYTHONPATH=/home/naoya/wildpose_v1.3/wildpose/build/gamepad_pkg/prefix_override:/home/naoya/wildpose_v1.3/wildpose/install/gamepad_pkg/lib/python3.8/site-packages:${PYTHONPATH} /usr/bin/python3 setup.py egg_info --egg-base ../../build/gamepad_pkg build --build-base /home/naoya/wildpose_v1.3/wildpose/build/gamepad_pkg/build install --record /home/naoya/wildpose_v1.3/wildpose/build/gamepad_pkg/install.log --install-scripts $base/lib/gamepad_pkg --single-version-externally-managed
