[1.458s] Invoking command in '/home/naoya/Wildpose_v1.3/wildpose/src/motor_controller_pkg': AMENT_PREFIX_PATH=/home/naoya/Wildpose_v1.3/install/wildpose_interfaces:${AMENT_PREFIX_PATH} CMAKE_PREFIX_PATH=/home/naoya/Wildpose_v1.3/install/wildpose_interfaces:${CMAKE_PREFIX_PATH} LD_LIBRARY_PATH=/home/naoya/Wildpose_v1.3/install/wildpose_interfaces/lib:${LD_LIBRARY_PATH} PYTHONPATH=/home/naoya/Wildpose_v1.3/build/motor_controller_pkg/prefix_override:/home/naoya/Wildpose_v1.3/install/motor_controller_pkg/lib/python3.8/site-packages:/home/naoya/Wildpose_v1.3/install/wildpose_interfaces/lib/python3.8/site-packages:${PYTHONPATH} /usr/bin/python3 setup.py egg_info --egg-base ../../../build/motor_controller_pkg build --build-base /home/naoya/Wildpose_v1.3/build/motor_controller_pkg/build install --record /home/naoya/Wildpose_v1.3/build/motor_controller_pkg/install.log --install-scripts $base/lib/motor_controller_pkg --single-version-externally-managed
[1.594s] running egg_info
[1.595s] creating ../../../build/motor_controller_pkg/motor_controller_pkg.egg-info
[1.595s] writing ../../../build/motor_controller_pkg/motor_controller_pkg.egg-info/PKG-INFO
[1.595s] writing dependency_links to ../../../build/motor_controller_pkg/motor_controller_pkg.egg-info/dependency_links.txt
[1.596s] writing entry points to ../../../build/motor_controller_pkg/motor_controller_pkg.egg-info/entry_points.txt
[1.596s] writing requirements to ../../../build/motor_controller_pkg/motor_controller_pkg.egg-info/requires.txt
[1.596s] writing top-level names to ../../../build/motor_controller_pkg/motor_controller_pkg.egg-info/top_level.txt
[1.597s] writing manifest file '../../../build/motor_controller_pkg/motor_controller_pkg.egg-info/SOURCES.txt'
[1.640s] reading manifest file '../../../build/motor_controller_pkg/motor_controller_pkg.egg-info/SOURCES.txt'
[1.641s] writing manifest file '../../../build/motor_controller_pkg/motor_controller_pkg.egg-info/SOURCES.txt'
[1.641s] running build
[1.642s] running build_py
[1.642s] creating /home/naoya/Wildpose_v1.3/build/motor_controller_pkg/build
[1.642s] creating /home/naoya/Wildpose_v1.3/build/motor_controller_pkg/build/lib
[1.642s] creating /home/naoya/Wildpose_v1.3/build/motor_controller_pkg/build/lib/motor_controller_pkg
[1.642s] copying motor_controller_pkg/motor_control_node.py -> /home/naoya/Wildpose_v1.3/build/motor_controller_pkg/build/lib/motor_controller_pkg
[1.642s] copying motor_controller_pkg/example.py -> /home/naoya/Wildpose_v1.3/build/motor_controller_pkg/build/lib/motor_controller_pkg
[1.642s] copying motor_controller_pkg/__init__.py -> /home/naoya/Wildpose_v1.3/build/motor_controller_pkg/build/lib/motor_controller_pkg
[1.643s] running install
[1.643s] running install_lib
[1.644s] creating /home/naoya/Wildpose_v1.3/install/motor_controller_pkg/lib/python3.8/site-packages/motor_controller_pkg
[1.644s] copying /home/naoya/Wildpose_v1.3/build/motor_controller_pkg/build/lib/motor_controller_pkg/motor_control_node.py -> /home/naoya/Wildpose_v1.3/install/motor_controller_pkg/lib/python3.8/site-packages/motor_controller_pkg
[1.644s] copying /home/naoya/Wildpose_v1.3/build/motor_controller_pkg/build/lib/motor_controller_pkg/example.py -> /home/naoya/Wildpose_v1.3/install/motor_controller_pkg/lib/python3.8/site-packages/motor_controller_pkg
[1.644s] copying /home/naoya/Wildpose_v1.3/build/motor_controller_pkg/build/lib/motor_controller_pkg/__init__.py -> /home/naoya/Wildpose_v1.3/install/motor_controller_pkg/lib/python3.8/site-packages/motor_controller_pkg
[1.646s] byte-compiling /home/naoya/Wildpose_v1.3/install/motor_controller_pkg/lib/python3.8/site-packages/motor_controller_pkg/motor_control_node.py to motor_control_node.cpython-38.pyc
[1.648s] byte-compiling /home/naoya/Wildpose_v1.3/install/motor_controller_pkg/lib/python3.8/site-packages/motor_controller_pkg/example.py to example.cpython-38.pyc
[1.648s] byte-compiling /home/naoya/Wildpose_v1.3/install/motor_controller_pkg/lib/python3.8/site-packages/motor_controller_pkg/__init__.py to __init__.cpython-38.pyc
[1.648s] running install_data
[1.649s] creating /home/naoya/Wildpose_v1.3/install/motor_controller_pkg/share/ament_index
[1.649s] creating /home/naoya/Wildpose_v1.3/install/motor_controller_pkg/share/ament_index/resource_index
[1.650s] creating /home/naoya/Wildpose_v1.3/install/motor_controller_pkg/share/ament_index/resource_index/packages
[1.650s] copying resource/motor_controller_pkg -> /home/naoya/Wildpose_v1.3/install/motor_controller_pkg/share/ament_index/resource_index/packages
[1.650s] copying package.xml -> /home/naoya/Wildpose_v1.3/install/motor_controller_pkg/share/motor_controller_pkg
[1.650s] running install_egg_info
[1.651s] Copying ../../../build/motor_controller_pkg/motor_controller_pkg.egg-info to /home/naoya/Wildpose_v1.3/install/motor_controller_pkg/lib/python3.8/site-packages/motor_controller_pkg-0.0.0-py3.8.egg-info
[1.652s] running install_scripts
[1.672s] Installing motor_control_node script to /home/naoya/Wildpose_v1.3/install/motor_controller_pkg/lib/motor_controller_pkg
[1.672s] writing list of installed files to '/home/naoya/Wildpose_v1.3/build/motor_controller_pkg/install.log'
[1.715s] Invoked command in '/home/naoya/Wildpose_v1.3/wildpose/src/motor_controller_pkg' returned '0': AMENT_PREFIX_PATH=/home/naoya/Wildpose_v1.3/install/wildpose_interfaces:${AMENT_PREFIX_PATH} CMAKE_PREFIX_PATH=/home/naoya/Wildpose_v1.3/install/wildpose_interfaces:${CMAKE_PREFIX_PATH} LD_LIBRARY_PATH=/home/naoya/Wildpose_v1.3/install/wildpose_interfaces/lib:${LD_LIBRARY_PATH} PYTHONPATH=/home/naoya/Wildpose_v1.3/build/motor_controller_pkg/prefix_override:/home/naoya/Wildpose_v1.3/install/motor_controller_pkg/lib/python3.8/site-packages:/home/naoya/Wildpose_v1.3/install/wildpose_interfaces/lib/python3.8/site-packages:${PYTHONPATH} /usr/bin/python3 setup.py egg_info --egg-base ../../../build/motor_controller_pkg build --build-base /home/naoya/Wildpose_v1.3/build/motor_controller_pkg/build install --record /home/naoya/Wildpose_v1.3/build/motor_controller_pkg/install.log --install-scripts $base/lib/motor_controller_pkg --single-version-externally-managed
