[0.117s] DEBUG:colcon:Command line arguments: ['/usr/bin/colcon', 'build']
[0.117s] DEBUG:colcon:Parsed command line arguments: Namespace(allow_overriding=[], ament_cmake_args=None, base_paths=['.'], build_base='build', catkin_cmake_args=None, catkin_skip_building_tests=False, cmake_args=None, cmake_clean_cache=False, cmake_clean_first=False, cmake_force_configure=False, cmake_target=None, cmake_target_skip_unavailable=False, continue_on_error=False, event_handlers=None, executor='parallel', ignore_user_meta=False, install_base='install', log_base=None, log_level=None, main=<bound method BuildVerb.main of <colcon_core.verb.build.BuildVerb object at 0x7fbcfb0090d0>>, merge_install=False, metas=['./colcon.meta'], packages_above=None, packages_above_and_dependencies=None, packages_above_depth=None, packages_end=None, packages_ignore=None, packages_ignore_regex=None, packages_select=None, packages_select_build_failed=False, packages_select_by_dep=None, packages_select_regex=None, packages_select_test_failures=False, packages_skip=None, packages_skip_build_finished=False, packages_skip_by_dep=None, packages_skip_regex=None, packages_skip_test_passed=False, packages_skip_up_to=None, packages_start=None, packages_up_to=None, packages_up_to_regex=None, parallel_workers=16, paths=None, symlink_install=False, test_result_base=None, verb_extension=<colcon_core.verb.build.BuildVerb object at 0x7fbcfb0090d0>, verb_name='build', verb_parser=<colcon_defaults.argument_parser.defaults.DefaultArgumentsDecorator object at 0x7fbcfaf45ee0>)
[0.205s] Level 1:colcon.colcon_core.package_discovery:discover_packages(colcon_meta) check parameters
[0.205s] Level 1:colcon.colcon_core.package_discovery:discover_packages(recursive) check parameters
[0.205s] Level 1:colcon.colcon_core.package_discovery:discover_packages(ignore) check parameters
[0.205s] Level 1:colcon.colcon_core.package_discovery:discover_packages(path) check parameters
[0.205s] Level 1:colcon.colcon_core.package_discovery:discover_packages(colcon_meta) discover
[0.205s] Level 1:colcon.colcon_core.package_discovery:discover_packages(recursive) discover
[0.205s] INFO:colcon.colcon_core.package_discovery:Crawling recursively for packages in '/home/m2s2/WildPose_v1.2-main/wildpose'
[0.205s] Level 1:colcon.colcon_core.package_identification:_identify(.) by extensions ['ignore', 'ignore_ament_install']
[0.205s] Level 1:colcon.colcon_core.package_identification:_identify(.) by extension 'ignore'
[0.205s] Level 1:colcon.colcon_core.package_identification:_identify(.) by extension 'ignore_ament_install'
[0.206s] Level 1:colcon.colcon_core.package_identification:_identify(.) by extensions ['colcon_pkg']
[0.206s] Level 1:colcon.colcon_core.package_identification:_identify(.) by extension 'colcon_pkg'
[0.206s] Level 1:colcon.colcon_core.package_identification:_identify(.) by extensions ['colcon_meta']
[0.206s] Level 1:colcon.colcon_core.package_identification:_identify(.) by extension 'colcon_meta'
[0.206s] Level 1:colcon.colcon_core.package_identification:_identify(.) by extensions ['ros']
[0.206s] Level 1:colcon.colcon_core.package_identification:_identify(.) by extension 'ros'
[0.213s] Level 1:colcon.colcon_core.package_identification:_identify(.) by extensions ['cmake', 'python']
[0.213s] Level 1:colcon.colcon_core.package_identification:_identify(.) by extension 'cmake'
[0.213s] Level 1:colcon.colcon_core.package_identification:_identify(.) by extension 'python'
[0.213s] Level 1:colcon.colcon_core.package_identification:_identify(.) by extensions ['python_setup_py']
[0.213s] Level 1:colcon.colcon_core.package_identification:_identify(.) by extension 'python_setup_py'
[0.213s] Level 1:colcon.colcon_core.package_identification:_identify(build) by extensions ['ignore', 'ignore_ament_install']
[0.213s] Level 1:colcon.colcon_core.package_identification:_identify(build) by extension 'ignore'
[0.213s] Level 1:colcon.colcon_core.package_identification:_identify(build) ignored
[0.213s] Level 1:colcon.colcon_core.package_identification:_identify(install) by extensions ['ignore', 'ignore_ament_install']
[0.213s] Level 1:colcon.colcon_core.package_identification:_identify(install) by extension 'ignore'
[0.213s] Level 1:colcon.colcon_core.package_identification:_identify(install) ignored
[0.213s] Level 1:colcon.colcon_core.package_identification:_identify(lens_motor_controller) by extensions ['ignore', 'ignore_ament_install']
[0.213s] Level 1:colcon.colcon_core.package_identification:_identify(lens_motor_controller) by extension 'ignore'
[0.214s] Level 1:colcon.colcon_core.package_identification:_identify(lens_motor_controller) by extension 'ignore_ament_install'
[0.214s] Level 1:colcon.colcon_core.package_identification:_identify(lens_motor_controller) by extensions ['colcon_pkg']
[0.214s] Level 1:colcon.colcon_core.package_identification:_identify(lens_motor_controller) by extension 'colcon_pkg'
[0.214s] Level 1:colcon.colcon_core.package_identification:_identify(lens_motor_controller) by extensions ['colcon_meta']
[0.214s] Level 1:colcon.colcon_core.package_identification:_identify(lens_motor_controller) by extension 'colcon_meta'
[0.214s] Level 1:colcon.colcon_core.package_identification:_identify(lens_motor_controller) by extensions ['ros']
[0.214s] Level 1:colcon.colcon_core.package_identification:_identify(lens_motor_controller) by extension 'ros'
[0.214s] Level 1:colcon.colcon_core.package_identification:_identify(lens_motor_controller) by extensions ['cmake', 'python']
[0.214s] Level 1:colcon.colcon_core.package_identification:_identify(lens_motor_controller) by extension 'cmake'
[0.214s] Level 1:colcon.colcon_core.package_identification:_identify(lens_motor_controller) by extension 'python'
[0.214s] Level 1:colcon.colcon_core.package_identification:_identify(lens_motor_controller) by extensions ['python_setup_py']
[0.214s] Level 1:colcon.colcon_core.package_identification:_identify(lens_motor_controller) by extension 'python_setup_py'
[0.214s] Level 1:colcon.colcon_core.package_identification:_identify(log) by extensions ['ignore', 'ignore_ament_install']
[0.214s] Level 1:colcon.colcon_core.package_identification:_identify(log) by extension 'ignore'
[0.214s] Level 1:colcon.colcon_core.package_identification:_identify(log) ignored
[0.214s] Level 1:colcon.colcon_core.package_identification:_identify(src) by extensions ['ignore', 'ignore_ament_install']
[0.214s] Level 1:colcon.colcon_core.package_identification:_identify(src) by extension 'ignore'
[0.214s] Level 1:colcon.colcon_core.package_identification:_identify(src) by extension 'ignore_ament_install'
[0.214s] Level 1:colcon.colcon_core.package_identification:_identify(src) by extensions ['colcon_pkg']
[0.214s] Level 1:colcon.colcon_core.package_identification:_identify(src) by extension 'colcon_pkg'
[0.214s] Level 1:colcon.colcon_core.package_identification:_identify(src) by extensions ['colcon_meta']
[0.214s] Level 1:colcon.colcon_core.package_identification:_identify(src) by extension 'colcon_meta'
[0.214s] Level 1:colcon.colcon_core.package_identification:_identify(src) by extensions ['ros']
[0.214s] Level 1:colcon.colcon_core.package_identification:_identify(src) by extension 'ros'
[0.214s] Level 1:colcon.colcon_core.package_identification:_identify(src) by extensions ['cmake', 'python']
[0.214s] Level 1:colcon.colcon_core.package_identification:_identify(src) by extension 'cmake'
[0.214s] Level 1:colcon.colcon_core.package_identification:_identify(src) by extension 'python'
[0.214s] Level 1:colcon.colcon_core.package_identification:_identify(src) by extensions ['python_setup_py']
[0.214s] Level 1:colcon.colcon_core.package_identification:_identify(src) by extension 'python_setup_py'
[0.214s] Level 1:colcon.colcon_core.package_identification:_identify(src/dji_rs3_pkg) by extensions ['ignore', 'ignore_ament_install']
[0.214s] Level 1:colcon.colcon_core.package_identification:_identify(src/dji_rs3_pkg) by extension 'ignore'
[0.214s] Level 1:colcon.colcon_core.package_identification:_identify(src/dji_rs3_pkg) by extension 'ignore_ament_install'
[0.214s] Level 1:colcon.colcon_core.package_identification:_identify(src/dji_rs3_pkg) by extensions ['colcon_pkg']
[0.214s] Level 1:colcon.colcon_core.package_identification:_identify(src/dji_rs3_pkg) by extension 'colcon_pkg'
[0.214s] Level 1:colcon.colcon_core.package_identification:_identify(src/dji_rs3_pkg) by extensions ['colcon_meta']
[0.214s] Level 1:colcon.colcon_core.package_identification:_identify(src/dji_rs3_pkg) by extension 'colcon_meta'
[0.214s] Level 1:colcon.colcon_core.package_identification:_identify(src/dji_rs3_pkg) by extensions ['ros']
[0.214s] Level 1:colcon.colcon_core.package_identification:_identify(src/dji_rs3_pkg) by extension 'ros'
[0.216s] DEBUG:colcon.colcon_core.package_identification:Package 'src/dji_rs3_pkg' with type 'ros.ament_python' and name 'dji_rs3_pkg'
[0.216s] Level 1:colcon.colcon_core.package_identification:_identify(src/gamepad_pkg) by extensions ['ignore', 'ignore_ament_install']
[0.216s] Level 1:colcon.colcon_core.package_identification:_identify(src/gamepad_pkg) by extension 'ignore'
[0.216s] Level 1:colcon.colcon_core.package_identification:_identify(src/gamepad_pkg) by extension 'ignore_ament_install'
[0.216s] Level 1:colcon.colcon_core.package_identification:_identify(src/gamepad_pkg) by extensions ['colcon_pkg']
[0.216s] Level 1:colcon.colcon_core.package_identification:_identify(src/gamepad_pkg) by extension 'colcon_pkg'
[0.216s] Level 1:colcon.colcon_core.package_identification:_identify(src/gamepad_pkg) by extensions ['colcon_meta']
[0.216s] Level 1:colcon.colcon_core.package_identification:_identify(src/gamepad_pkg) by extension 'colcon_meta'
[0.217s] Level 1:colcon.colcon_core.package_identification:_identify(src/gamepad_pkg) by extensions ['ros']
[0.217s] Level 1:colcon.colcon_core.package_identification:_identify(src/gamepad_pkg) by extension 'ros'
[0.217s] DEBUG:colcon.colcon_core.package_identification:Package 'src/gamepad_pkg' with type 'ros.ament_python' and name 'gamepad_pkg'
[0.217s] Level 1:colcon.colcon_core.package_identification:_identify(src/lidar_control_package) by extensions ['ignore', 'ignore_ament_install']
[0.217s] Level 1:colcon.colcon_core.package_identification:_identify(src/lidar_control_package) by extension 'ignore'
[0.217s] Level 1:colcon.colcon_core.package_identification:_identify(src/lidar_control_package) by extension 'ignore_ament_install'
[0.217s] Level 1:colcon.colcon_core.package_identification:_identify(src/lidar_control_package) by extensions ['colcon_pkg']
[0.217s] Level 1:colcon.colcon_core.package_identification:_identify(src/lidar_control_package) by extension 'colcon_pkg'
[0.217s] Level 1:colcon.colcon_core.package_identification:_identify(src/lidar_control_package) by extensions ['colcon_meta']
[0.217s] Level 1:colcon.colcon_core.package_identification:_identify(src/lidar_control_package) by extension 'colcon_meta'
[0.217s] Level 1:colcon.colcon_core.package_identification:_identify(src/lidar_control_package) by extensions ['ros']
[0.217s] Level 1:colcon.colcon_core.package_identification:_identify(src/lidar_control_package) by extension 'ros'
[0.218s] DEBUG:colcon.colcon_core.package_identification:Package 'src/lidar_control_package' with type 'ros.ament_python' and name 'lidar_control_package'
[0.218s] Level 1:colcon.colcon_core.package_identification:_identify(src/motor_controller_pkg) by extensions ['ignore', 'ignore_ament_install']
[0.218s] Level 1:colcon.colcon_core.package_identification:_identify(src/motor_controller_pkg) by extension 'ignore'
[0.218s] Level 1:colcon.colcon_core.package_identification:_identify(src/motor_controller_pkg) by extension 'ignore_ament_install'
[0.218s] Level 1:colcon.colcon_core.package_identification:_identify(src/motor_controller_pkg) by extensions ['colcon_pkg']
[0.218s] Level 1:colcon.colcon_core.package_identification:_identify(src/motor_controller_pkg) by extension 'colcon_pkg'
[0.218s] Level 1:colcon.colcon_core.package_identification:_identify(src/motor_controller_pkg) by extensions ['colcon_meta']
[0.218s] Level 1:colcon.colcon_core.package_identification:_identify(src/motor_controller_pkg) by extension 'colcon_meta'
[0.218s] Level 1:colcon.colcon_core.package_identification:_identify(src/motor_controller_pkg) by extensions ['ros']
[0.218s] Level 1:colcon.colcon_core.package_identification:_identify(src/motor_controller_pkg) by extension 'ros'
[0.218s] DEBUG:colcon.colcon_core.package_identification:Package 'src/motor_controller_pkg' with type 'ros.ament_python' and name 'motor_controller_pkg'
[0.218s] Level 1:colcon.colcon_core.package_identification:_identify(src/wildpose_bringup) by extensions ['ignore', 'ignore_ament_install']
[0.218s] Level 1:colcon.colcon_core.package_identification:_identify(src/wildpose_bringup) by extension 'ignore'
[0.218s] Level 1:colcon.colcon_core.package_identification:_identify(src/wildpose_bringup) by extension 'ignore_ament_install'
[0.218s] Level 1:colcon.colcon_core.package_identification:_identify(src/wildpose_bringup) by extensions ['colcon_pkg']
[0.219s] Level 1:colcon.colcon_core.package_identification:_identify(src/wildpose_bringup) by extension 'colcon_pkg'
[0.219s] Level 1:colcon.colcon_core.package_identification:_identify(src/wildpose_bringup) by extensions ['colcon_meta']
[0.219s] Level 1:colcon.colcon_core.package_identification:_identify(src/wildpose_bringup) by extension 'colcon_meta'
[0.219s] Level 1:colcon.colcon_core.package_identification:_identify(src/wildpose_bringup) by extensions ['ros']
[0.219s] Level 1:colcon.colcon_core.package_identification:_identify(src/wildpose_bringup) by extension 'ros'
[0.219s] DEBUG:colcon.colcon_core.package_identification:Package 'src/wildpose_bringup' with type 'ros.ament_cmake' and name 'wildpose_bringup'
[0.219s] Level 1:colcon.colcon_core.package_identification:_identify(src/wildpose_interfaces) by extensions ['ignore', 'ignore_ament_install']
[0.219s] Level 1:colcon.colcon_core.package_identification:_identify(src/wildpose_interfaces) by extension 'ignore'
[0.219s] Level 1:colcon.colcon_core.package_identification:_identify(src/wildpose_interfaces) by extension 'ignore_ament_install'
[0.219s] Level 1:colcon.colcon_core.package_identification:_identify(src/wildpose_interfaces) by extensions ['colcon_pkg']
[0.219s] Level 1:colcon.colcon_core.package_identification:_identify(src/wildpose_interfaces) by extension 'colcon_pkg'
[0.219s] Level 1:colcon.colcon_core.package_identification:_identify(src/wildpose_interfaces) by extensions ['colcon_meta']
[0.219s] Level 1:colcon.colcon_core.package_identification:_identify(src/wildpose_interfaces) by extension 'colcon_meta'
[0.219s] Level 1:colcon.colcon_core.package_identification:_identify(src/wildpose_interfaces) by extensions ['ros']
[0.219s] Level 1:colcon.colcon_core.package_identification:_identify(src/wildpose_interfaces) by extension 'ros'
[0.219s] DEBUG:colcon.colcon_core.package_identification:Package 'src/wildpose_interfaces' with type 'ros.ament_cmake' and name 'wildpose_interfaces'
[0.219s] Level 1:colcon.colcon_core.package_discovery:discover_packages(recursive) using defaults
[0.219s] Level 1:colcon.colcon_core.package_discovery:discover_packages(ignore) discover
[0.220s] Level 1:colcon.colcon_core.package_discovery:discover_packages(ignore) using defaults
[0.220s] Level 1:colcon.colcon_core.package_discovery:discover_packages(path) discover
[0.220s] Level 1:colcon.colcon_core.package_discovery:discover_packages(path) using defaults
[0.230s] Level 1:colcon.colcon_core.package_discovery:discover_packages(prefix_path) check parameters
[0.230s] Level 1:colcon.colcon_core.package_discovery:discover_packages(prefix_path) discover
[0.231s] DEBUG:colcon.colcon_installed_package_information.package_discovery:Found 6 installed packages in /home/m2s2/WildPose_v1.2-main/wildpose/install
[0.232s] DEBUG:colcon.colcon_installed_package_information.package_discovery:Found 258 installed packages in /opt/ros/foxy
[0.233s] Level 1:colcon.colcon_core.package_discovery:discover_packages(prefix_path) using defaults
[0.270s] Level 5:colcon.colcon_core.verb:set package 'gamepad_pkg' build argument 'cmake_args' from command line to 'None'
[0.270s] Level 5:colcon.colcon_core.verb:set package 'gamepad_pkg' build argument 'cmake_target' from command line to 'None'
[0.270s] Level 5:colcon.colcon_core.verb:set package 'gamepad_pkg' build argument 'cmake_target_skip_unavailable' from command line to 'False'
[0.270s] Level 5:colcon.colcon_core.verb:set package 'gamepad_pkg' build argument 'cmake_clean_cache' from command line to 'False'
[0.270s] Level 5:colcon.colcon_core.verb:set package 'gamepad_pkg' build argument 'cmake_clean_first' from command line to 'False'
[0.270s] Level 5:colcon.colcon_core.verb:set package 'gamepad_pkg' build argument 'cmake_force_configure' from command line to 'False'
[0.270s] Level 5:colcon.colcon_core.verb:set package 'gamepad_pkg' build argument 'ament_cmake_args' from command line to 'None'
[0.270s] Level 5:colcon.colcon_core.verb:set package 'gamepad_pkg' build argument 'catkin_cmake_args' from command line to 'None'
[0.270s] Level 5:colcon.colcon_core.verb:set package 'gamepad_pkg' build argument 'catkin_skip_building_tests' from command line to 'False'
[0.270s] DEBUG:colcon.colcon_core.verb:Building package 'gamepad_pkg' with the following arguments: {'ament_cmake_args': None, 'build_base': '/home/m2s2/WildPose_v1.2-main/wildpose/build/gamepad_pkg', 'catkin_cmake_args': None, 'catkin_skip_building_tests': False, 'cmake_args': None, 'cmake_clean_cache': False, 'cmake_clean_first': False, 'cmake_force_configure': False, 'cmake_target': None, 'cmake_target_skip_unavailable': False, 'install_base': '/home/m2s2/WildPose_v1.2-main/wildpose/install/gamepad_pkg', 'merge_install': False, 'path': '/home/m2s2/WildPose_v1.2-main/wildpose/src/gamepad_pkg', 'symlink_install': False, 'test_result_base': None}
[0.270s] Level 5:colcon.colcon_core.verb:set package 'lidar_control_package' build argument 'cmake_args' from command line to 'None'
[0.270s] Level 5:colcon.colcon_core.verb:set package 'lidar_control_package' build argument 'cmake_target' from command line to 'None'
[0.270s] Level 5:colcon.colcon_core.verb:set package 'lidar_control_package' build argument 'cmake_target_skip_unavailable' from command line to 'False'
[0.270s] Level 5:colcon.colcon_core.verb:set package 'lidar_control_package' build argument 'cmake_clean_cache' from command line to 'False'
[0.270s] Level 5:colcon.colcon_core.verb:set package 'lidar_control_package' build argument 'cmake_clean_first' from command line to 'False'
[0.270s] Level 5:colcon.colcon_core.verb:set package 'lidar_control_package' build argument 'cmake_force_configure' from command line to 'False'
[0.270s] Level 5:colcon.colcon_core.verb:set package 'lidar_control_package' build argument 'ament_cmake_args' from command line to 'None'
[0.270s] Level 5:colcon.colcon_core.verb:set package 'lidar_control_package' build argument 'catkin_cmake_args' from command line to 'None'
[0.270s] Level 5:colcon.colcon_core.verb:set package 'lidar_control_package' build argument 'catkin_skip_building_tests' from command line to 'False'
[0.270s] DEBUG:colcon.colcon_core.verb:Building package 'lidar_control_package' with the following arguments: {'ament_cmake_args': None, 'build_base': '/home/m2s2/WildPose_v1.2-main/wildpose/build/lidar_control_package', 'catkin_cmake_args': None, 'catkin_skip_building_tests': False, 'cmake_args': None, 'cmake_clean_cache': False, 'cmake_clean_first': False, 'cmake_force_configure': False, 'cmake_target': None, 'cmake_target_skip_unavailable': False, 'install_base': '/home/m2s2/WildPose_v1.2-main/wildpose/install/lidar_control_package', 'merge_install': False, 'path': '/home/m2s2/WildPose_v1.2-main/wildpose/src/lidar_control_package', 'symlink_install': False, 'test_result_base': None}
[0.271s] Level 5:colcon.colcon_core.verb:set package 'wildpose_interfaces' build argument 'cmake_args' from command line to 'None'
[0.271s] Level 5:colcon.colcon_core.verb:set package 'wildpose_interfaces' build argument 'cmake_target' from command line to 'None'
[0.271s] Level 5:colcon.colcon_core.verb:set package 'wildpose_interfaces' build argument 'cmake_target_skip_unavailable' from command line to 'False'
[0.271s] Level 5:colcon.colcon_core.verb:set package 'wildpose_interfaces' build argument 'cmake_clean_cache' from command line to 'False'
[0.271s] Level 5:colcon.colcon_core.verb:set package 'wildpose_interfaces' build argument 'cmake_clean_first' from command line to 'False'
[0.271s] Level 5:colcon.colcon_core.verb:set package 'wildpose_interfaces' build argument 'cmake_force_configure' from command line to 'False'
[0.271s] Level 5:colcon.colcon_core.verb:set package 'wildpose_interfaces' build argument 'ament_cmake_args' from command line to 'None'
[0.271s] Level 5:colcon.colcon_core.verb:set package 'wildpose_interfaces' build argument 'catkin_cmake_args' from command line to 'None'
[0.271s] Level 5:colcon.colcon_core.verb:set package 'wildpose_interfaces' build argument 'catkin_skip_building_tests' from command line to 'False'
[0.271s] DEBUG:colcon.colcon_core.verb:Building package 'wildpose_interfaces' with the following arguments: {'ament_cmake_args': None, 'build_base': '/home/m2s2/WildPose_v1.2-main/wildpose/build/wildpose_interfaces', 'catkin_cmake_args': None, 'catkin_skip_building_tests': False, 'cmake_args': None, 'cmake_clean_cache': False, 'cmake_clean_first': False, 'cmake_force_configure': False, 'cmake_target': None, 'cmake_target_skip_unavailable': False, 'install_base': '/home/m2s2/WildPose_v1.2-main/wildpose/install/wildpose_interfaces', 'merge_install': False, 'path': '/home/m2s2/WildPose_v1.2-main/wildpose/src/wildpose_interfaces', 'symlink_install': False, 'test_result_base': None}
[0.271s] Level 5:colcon.colcon_core.verb:set package 'dji_rs3_pkg' build argument 'cmake_args' from command line to 'None'
[0.271s] Level 5:colcon.colcon_core.verb:set package 'dji_rs3_pkg' build argument 'cmake_target' from command line to 'None'
[0.271s] Level 5:colcon.colcon_core.verb:set package 'dji_rs3_pkg' build argument 'cmake_target_skip_unavailable' from command line to 'False'
[0.271s] Level 5:colcon.colcon_core.verb:set package 'dji_rs3_pkg' build argument 'cmake_clean_cache' from command line to 'False'
[0.271s] Level 5:colcon.colcon_core.verb:set package 'dji_rs3_pkg' build argument 'cmake_clean_first' from command line to 'False'
[0.271s] Level 5:colcon.colcon_core.verb:set package 'dji_rs3_pkg' build argument 'cmake_force_configure' from command line to 'False'
[0.271s] Level 5:colcon.colcon_core.verb:set package 'dji_rs3_pkg' build argument 'ament_cmake_args' from command line to 'None'
[0.271s] Level 5:colcon.colcon_core.verb:set package 'dji_rs3_pkg' build argument 'catkin_cmake_args' from command line to 'None'
[0.271s] Level 5:colcon.colcon_core.verb:set package 'dji_rs3_pkg' build argument 'catkin_skip_building_tests' from command line to 'False'
[0.271s] DEBUG:colcon.colcon_core.verb:Building package 'dji_rs3_pkg' with the following arguments: {'ament_cmake_args': None, 'build_base': '/home/m2s2/WildPose_v1.2-main/wildpose/build/dji_rs3_pkg', 'catkin_cmake_args': None, 'catkin_skip_building_tests': False, 'cmake_args': None, 'cmake_clean_cache': False, 'cmake_clean_first': False, 'cmake_force_configure': False, 'cmake_target': None, 'cmake_target_skip_unavailable': False, 'install_base': '/home/m2s2/WildPose_v1.2-main/wildpose/install/dji_rs3_pkg', 'merge_install': False, 'path': '/home/m2s2/WildPose_v1.2-main/wildpose/src/dji_rs3_pkg', 'symlink_install': False, 'test_result_base': None}
[0.271s] Level 5:colcon.colcon_core.verb:set package 'motor_controller_pkg' build argument 'cmake_args' from command line to 'None'
[0.271s] Level 5:colcon.colcon_core.verb:set package 'motor_controller_pkg' build argument 'cmake_target' from command line to 'None'
[0.271s] Level 5:colcon.colcon_core.verb:set package 'motor_controller_pkg' build argument 'cmake_target_skip_unavailable' from command line to 'False'
[0.271s] Level 5:colcon.colcon_core.verb:set package 'motor_controller_pkg' build argument 'cmake_clean_cache' from command line to 'False'
[0.271s] Level 5:colcon.colcon_core.verb:set package 'motor_controller_pkg' build argument 'cmake_clean_first' from command line to 'False'
[0.271s] Level 5:colcon.colcon_core.verb:set package 'motor_controller_pkg' build argument 'cmake_force_configure' from command line to 'False'
[0.271s] Level 5:colcon.colcon_core.verb:set package 'motor_controller_pkg' build argument 'ament_cmake_args' from command line to 'None'
[0.271s] Level 5:colcon.colcon_core.verb:set package 'motor_controller_pkg' build argument 'catkin_cmake_args' from command line to 'None'
[0.271s] Level 5:colcon.colcon_core.verb:set package 'motor_controller_pkg' build argument 'catkin_skip_building_tests' from command line to 'False'
[0.271s] DEBUG:colcon.colcon_core.verb:Building package 'motor_controller_pkg' with the following arguments: {'ament_cmake_args': None, 'build_base': '/home/m2s2/WildPose_v1.2-main/wildpose/build/motor_controller_pkg', 'catkin_cmake_args': None, 'catkin_skip_building_tests': False, 'cmake_args': None, 'cmake_clean_cache': False, 'cmake_clean_first': False, 'cmake_force_configure': False, 'cmake_target': None, 'cmake_target_skip_unavailable': False, 'install_base': '/home/m2s2/WildPose_v1.2-main/wildpose/install/motor_controller_pkg', 'merge_install': False, 'path': '/home/m2s2/WildPose_v1.2-main/wildpose/src/motor_controller_pkg', 'symlink_install': False, 'test_result_base': None}
[0.271s] Level 5:colcon.colcon_core.verb:set package 'wildpose_bringup' build argument 'cmake_args' from command line to 'None'
[0.272s] Level 5:colcon.colcon_core.verb:set package 'wildpose_bringup' build argument 'cmake_target' from command line to 'None'
[0.272s] Level 5:colcon.colcon_core.verb:set package 'wildpose_bringup' build argument 'cmake_target_skip_unavailable' from command line to 'False'
[0.272s] Level 5:colcon.colcon_core.verb:set package 'wildpose_bringup' build argument 'cmake_clean_cache' from command line to 'False'
[0.272s] Level 5:colcon.colcon_core.verb:set package 'wildpose_bringup' build argument 'cmake_clean_first' from command line to 'False'
[0.272s] Level 5:colcon.colcon_core.verb:set package 'wildpose_bringup' build argument 'cmake_force_configure' from command line to 'False'
[0.272s] Level 5:colcon.colcon_core.verb:set package 'wildpose_bringup' build argument 'ament_cmake_args' from command line to 'None'
[0.272s] Level 5:colcon.colcon_core.verb:set package 'wildpose_bringup' build argument 'catkin_cmake_args' from command line to 'None'
[0.272s] Level 5:colcon.colcon_core.verb:set package 'wildpose_bringup' build argument 'catkin_skip_building_tests' from command line to 'False'
[0.272s] DEBUG:colcon.colcon_core.verb:Building package 'wildpose_bringup' with the following arguments: {'ament_cmake_args': None, 'build_base': '/home/m2s2/WildPose_v1.2-main/wildpose/build/wildpose_bringup', 'catkin_cmake_args': None, 'catkin_skip_building_tests': False, 'cmake_args': None, 'cmake_clean_cache': False, 'cmake_clean_first': False, 'cmake_force_configure': False, 'cmake_target': None, 'cmake_target_skip_unavailable': False, 'install_base': '/home/m2s2/WildPose_v1.2-main/wildpose/install/wildpose_bringup', 'merge_install': False, 'path': '/home/m2s2/WildPose_v1.2-main/wildpose/src/wildpose_bringup', 'symlink_install': False, 'test_result_base': None}
[0.272s] INFO:colcon.colcon_core.executor:Executing jobs using 'parallel' executor
[0.272s] DEBUG:colcon.colcon_parallel_executor.executor.parallel:run_until_complete
[0.272s] INFO:colcon.colcon_ros.task.ament_cmake.build:Building ROS package in '/home/m2s2/WildPose_v1.2-main/wildpose/src/wildpose_interfaces' with build type 'ament_cmake'
[0.273s] INFO:colcon.colcon_cmake.task.cmake.build:Building CMake package in '/home/m2s2/WildPose_v1.2-main/wildpose/src/wildpose_interfaces'
[0.274s] INFO:colcon.colcon_core.plugin_system:Skipping extension 'colcon_core.shell.bat': Not used on non-Windows systems
[0.274s] INFO:colcon.colcon_core.shell:Skip shell extension 'powershell' for command environment: Not usable outside of PowerShell
[0.274s] DEBUG:colcon.colcon_core.shell:Skip shell extension 'dsv' for command environment
[0.277s] INFO:colcon.colcon_ros.task.ament_python.build:Building ROS package in '/home/m2s2/WildPose_v1.2-main/wildpose/src/gamepad_pkg' with build type 'ament_python'
[0.277s] Level 1:colcon.colcon_core.shell:create_environment_hook('gamepad_pkg', 'ament_prefix_path')
[0.277s] INFO:colcon.colcon_core.shell:Creating environment hook '/home/m2s2/WildPose_v1.2-main/wildpose/install/gamepad_pkg/share/gamepad_pkg/hook/ament_prefix_path.ps1'
[0.278s] INFO:colcon.colcon_core.shell:Creating environment descriptor '/home/m2s2/WildPose_v1.2-main/wildpose/install/gamepad_pkg/share/gamepad_pkg/hook/ament_prefix_path.dsv'
[0.278s] INFO:colcon.colcon_core.shell:Creating environment hook '/home/m2s2/WildPose_v1.2-main/wildpose/install/gamepad_pkg/share/gamepad_pkg/hook/ament_prefix_path.sh'
[0.279s] INFO:colcon.colcon_core.shell:Skip shell extension 'powershell' for command environment: Not usable outside of PowerShell
[0.279s] DEBUG:colcon.colcon_core.shell:Skip shell extension 'dsv' for command environment
[0.281s] INFO:colcon.colcon_ros.task.ament_python.build:Building ROS package in '/home/m2s2/WildPose_v1.2-main/wildpose/src/lidar_control_package' with build type 'ament_python'
[0.281s] Level 1:colcon.colcon_core.shell:create_environment_hook('lidar_control_package', 'ament_prefix_path')
[0.282s] INFO:colcon.colcon_core.shell:Creating environment hook '/home/m2s2/WildPose_v1.2-main/wildpose/install/lidar_control_package/share/lidar_control_package/hook/ament_prefix_path.ps1'
[0.282s] INFO:colcon.colcon_core.shell:Creating environment descriptor '/home/m2s2/WildPose_v1.2-main/wildpose/install/lidar_control_package/share/lidar_control_package/hook/ament_prefix_path.dsv'
[0.282s] INFO:colcon.colcon_core.shell:Creating environment hook '/home/m2s2/WildPose_v1.2-main/wildpose/install/lidar_control_package/share/lidar_control_package/hook/ament_prefix_path.sh'
[0.283s] INFO:colcon.colcon_core.shell:Skip shell extension 'powershell' for command environment: Not usable outside of PowerShell
[0.283s] DEBUG:colcon.colcon_core.shell:Skip shell extension 'dsv' for command environment
[0.337s] DEBUG:colcon.colcon_core.event_handler.log_command:Invoking command in '/home/m2s2/WildPose_v1.2-main/wildpose/build/wildpose_interfaces': CMAKE_PREFIX_PATH=${CMAKE_PREFIX_PATH}:/home/m2s2/WildPose_v1.2-main/wildpose/install/motor_controller_pkg:/home/m2s2/WildPose_v1.2-main/wildpose/install/dji_rs3_pkg:/home/m2s2/WildPose_v1.2-main/wildpose/install/gamepad_pkg:/opt/ros/foxy /usr/bin/cmake --build /home/m2s2/WildPose_v1.2-main/wildpose/build/wildpose_interfaces -- -j16 -l16
[0.476s] INFO:colcon.colcon_core.task.python.build:Building Python package in '/home/m2s2/WildPose_v1.2-main/wildpose/src/gamepad_pkg'
[0.477s] INFO:colcon.colcon_core.shell:Skip shell extension 'powershell' for command environment: Not usable outside of PowerShell
[0.477s] DEBUG:colcon.colcon_core.shell:Skip shell extension 'dsv' for command environment
[0.615s] WARNING:colcon.colcon_ros.task.ament_python.build:Package 'lidar_control_package' doesn't explicitly install a marker in the package index (colcon-ros currently does it implicitly but that fallback will be removed in the future)
[0.615s] WARNING:colcon.colcon_ros.task.ament_python.build:Package 'lidar_control_package' doesn't explicitly install the 'package.xml' file (colcon-ros currently does it implicitly but that fallback will be removed in the future)
[0.615s] INFO:colcon.colcon_core.task.python.build:Building Python package in '/home/m2s2/WildPose_v1.2-main/wildpose/src/lidar_control_package'
[0.616s] INFO:colcon.colcon_core.shell:Skip shell extension 'powershell' for command environment: Not usable outside of PowerShell
[0.616s] DEBUG:colcon.colcon_core.shell:Skip shell extension 'dsv' for command environment
[0.624s] DEBUG:colcon.colcon_core.event_handler.log_command:Invoked command in '/home/m2s2/WildPose_v1.2-main/wildpose/build/wildpose_interfaces' returned '0': CMAKE_PREFIX_PATH=${CMAKE_PREFIX_PATH}:/home/m2s2/WildPose_v1.2-main/wildpose/install/motor_controller_pkg:/home/m2s2/WildPose_v1.2-main/wildpose/install/dji_rs3_pkg:/home/m2s2/WildPose_v1.2-main/wildpose/install/gamepad_pkg:/opt/ros/foxy /usr/bin/cmake --build /home/m2s2/WildPose_v1.2-main/wildpose/build/wildpose_interfaces -- -j16 -l16
[0.668s] DEBUG:colcon.colcon_core.event_handler.log_command:Invoking command in '/home/m2s2/WildPose_v1.2-main/wildpose/build/wildpose_interfaces': CMAKE_PREFIX_PATH=${CMAKE_PREFIX_PATH}:/home/m2s2/WildPose_v1.2-main/wildpose/install/motor_controller_pkg:/home/m2s2/WildPose_v1.2-main/wildpose/install/dji_rs3_pkg:/home/m2s2/WildPose_v1.2-main/wildpose/install/gamepad_pkg:/opt/ros/foxy /usr/bin/cmake --install /home/m2s2/WildPose_v1.2-main/wildpose/build/wildpose_interfaces
[0.703s] Level 1:colcon.colcon_core.environment:create_environment_scripts_only(wildpose_interfaces)
[0.704s] DEBUG:colcon.colcon_core.event_handler.log_command:Invoked command in '/home/m2s2/WildPose_v1.2-main/wildpose/build/wildpose_interfaces' returned '0': CMAKE_PREFIX_PATH=${CMAKE_PREFIX_PATH}:/home/m2s2/WildPose_v1.2-main/wildpose/install/motor_controller_pkg:/home/m2s2/WildPose_v1.2-main/wildpose/install/dji_rs3_pkg:/home/m2s2/WildPose_v1.2-main/wildpose/install/gamepad_pkg:/opt/ros/foxy /usr/bin/cmake --install /home/m2s2/WildPose_v1.2-main/wildpose/build/wildpose_interfaces
[0.706s] Level 1:colcon.colcon_core.environment:checking '/home/m2s2/WildPose_v1.2-main/wildpose/install/wildpose_interfaces' for CMake module files
[0.706s] Level 1:colcon.colcon_core.environment:checking '/home/m2s2/WildPose_v1.2-main/wildpose/install/wildpose_interfaces' for CMake config files
[0.707s] Level 1:colcon.colcon_core.shell:create_environment_hook('wildpose_interfaces', 'cmake_prefix_path')
[0.707s] INFO:colcon.colcon_core.shell:Creating environment hook '/home/m2s2/WildPose_v1.2-main/wildpose/install/wildpose_interfaces/share/wildpose_interfaces/hook/cmake_prefix_path.ps1'
[0.707s] INFO:colcon.colcon_core.shell:Creating environment descriptor '/home/m2s2/WildPose_v1.2-main/wildpose/install/wildpose_interfaces/share/wildpose_interfaces/hook/cmake_prefix_path.dsv'
[0.707s] INFO:colcon.colcon_core.shell:Creating environment hook '/home/m2s2/WildPose_v1.2-main/wildpose/install/wildpose_interfaces/share/wildpose_interfaces/hook/cmake_prefix_path.sh'
[0.708s] Level 1:colcon.colcon_core.environment:checking '/home/m2s2/WildPose_v1.2-main/wildpose/install/wildpose_interfaces/lib'
[0.708s] Level 1:colcon.colcon_core.shell:create_environment_hook('wildpose_interfaces', 'ld_library_path_lib')
[0.708s] INFO:colcon.colcon_core.shell:Creating environment hook '/home/m2s2/WildPose_v1.2-main/wildpose/install/wildpose_interfaces/share/wildpose_interfaces/hook/ld_library_path_lib.ps1'
[0.708s] INFO:colcon.colcon_core.shell:Creating environment descriptor '/home/m2s2/WildPose_v1.2-main/wildpose/install/wildpose_interfaces/share/wildpose_interfaces/hook/ld_library_path_lib.dsv'
[0.708s] INFO:colcon.colcon_core.shell:Creating environment hook '/home/m2s2/WildPose_v1.2-main/wildpose/install/wildpose_interfaces/share/wildpose_interfaces/hook/ld_library_path_lib.sh'
[0.709s] Level 1:colcon.colcon_core.environment:checking '/home/m2s2/WildPose_v1.2-main/wildpose/install/wildpose_interfaces/bin'
[0.709s] Level 1:colcon.colcon_core.environment:checking '/home/m2s2/WildPose_v1.2-main/wildpose/install/wildpose_interfaces/lib/pkgconfig/wildpose_interfaces.pc'
[0.709s] Level 1:colcon.colcon_core.environment:checking '/home/m2s2/WildPose_v1.2-main/wildpose/install/wildpose_interfaces/lib/python3.8/site-packages'
[0.709s] Level 1:colcon.colcon_core.shell:create_environment_hook('wildpose_interfaces', 'pythonpath')
[0.709s] INFO:colcon.colcon_core.shell:Creating environment hook '/home/m2s2/WildPose_v1.2-main/wildpose/install/wildpose_interfaces/share/wildpose_interfaces/hook/pythonpath.ps1'
[0.709s] INFO:colcon.colcon_core.shell:Creating environment descriptor '/home/m2s2/WildPose_v1.2-main/wildpose/install/wildpose_interfaces/share/wildpose_interfaces/hook/pythonpath.dsv'
[0.709s] INFO:colcon.colcon_core.shell:Creating environment hook '/home/m2s2/WildPose_v1.2-main/wildpose/install/wildpose_interfaces/share/wildpose_interfaces/hook/pythonpath.sh'
[0.710s] Level 1:colcon.colcon_core.environment:checking '/home/m2s2/WildPose_v1.2-main/wildpose/install/wildpose_interfaces/bin'
[0.710s] INFO:colcon.colcon_core.shell:Creating package script '/home/m2s2/WildPose_v1.2-main/wildpose/install/wildpose_interfaces/share/wildpose_interfaces/package.ps1'
[0.711s] INFO:colcon.colcon_core.shell:Creating package descriptor '/home/m2s2/WildPose_v1.2-main/wildpose/install/wildpose_interfaces/share/wildpose_interfaces/package.dsv'
[0.711s] INFO:colcon.colcon_core.shell:Creating package script '/home/m2s2/WildPose_v1.2-main/wildpose/install/wildpose_interfaces/share/wildpose_interfaces/package.sh'
[0.711s] INFO:colcon.colcon_core.shell:Creating package script '/home/m2s2/WildPose_v1.2-main/wildpose/install/wildpose_interfaces/share/wildpose_interfaces/package.bash'
[0.712s] INFO:colcon.colcon_core.shell:Creating package script '/home/m2s2/WildPose_v1.2-main/wildpose/install/wildpose_interfaces/share/wildpose_interfaces/package.zsh'
[0.712s] Level 1:colcon.colcon_core.environment:create_file_with_runtime_dependencies(/home/m2s2/WildPose_v1.2-main/wildpose/install/wildpose_interfaces/share/colcon-core/packages/wildpose_interfaces)
[0.748s] Level 1:colcon.colcon_core.environment:create_environment_scripts_only(wildpose_interfaces)
[0.748s] Level 1:colcon.colcon_core.environment:checking '/home/m2s2/WildPose_v1.2-main/wildpose/install/wildpose_interfaces' for CMake module files
[0.749s] Level 1:colcon.colcon_core.environment:checking '/home/m2s2/WildPose_v1.2-main/wildpose/install/wildpose_interfaces' for CMake config files
[0.749s] Level 1:colcon.colcon_core.shell:create_environment_hook('wildpose_interfaces', 'cmake_prefix_path')
[0.749s] INFO:colcon.colcon_core.shell:Creating environment hook '/home/m2s2/WildPose_v1.2-main/wildpose/install/wildpose_interfaces/share/wildpose_interfaces/hook/cmake_prefix_path.ps1'
[0.750s] INFO:colcon.colcon_core.shell:Creating environment descriptor '/home/m2s2/WildPose_v1.2-main/wildpose/install/wildpose_interfaces/share/wildpose_interfaces/hook/cmake_prefix_path.dsv'
[0.750s] INFO:colcon.colcon_core.shell:Creating environment hook '/home/m2s2/WildPose_v1.2-main/wildpose/install/wildpose_interfaces/share/wildpose_interfaces/hook/cmake_prefix_path.sh'
[0.751s] Level 1:colcon.colcon_core.environment:checking '/home/m2s2/WildPose_v1.2-main/wildpose/install/wildpose_interfaces/lib'
[0.751s] Level 1:colcon.colcon_core.shell:create_environment_hook('wildpose_interfaces', 'ld_library_path_lib')
[0.751s] INFO:colcon.colcon_core.shell:Creating environment hook '/home/m2s2/WildPose_v1.2-main/wildpose/install/wildpose_interfaces/share/wildpose_interfaces/hook/ld_library_path_lib.ps1'
[0.752s] INFO:colcon.colcon_core.shell:Creating environment descriptor '/home/m2s2/WildPose_v1.2-main/wildpose/install/wildpose_interfaces/share/wildpose_interfaces/hook/ld_library_path_lib.dsv'
[0.752s] INFO:colcon.colcon_core.shell:Creating environment hook '/home/m2s2/WildPose_v1.2-main/wildpose/install/wildpose_interfaces/share/wildpose_interfaces/hook/ld_library_path_lib.sh'
[0.752s] Level 1:colcon.colcon_core.environment:checking '/home/m2s2/WildPose_v1.2-main/wildpose/install/wildpose_interfaces/bin'
[0.753s] Level 1:colcon.colcon_core.environment:checking '/home/m2s2/WildPose_v1.2-main/wildpose/install/wildpose_interfaces/lib/pkgconfig/wildpose_interfaces.pc'
[0.753s] Level 1:colcon.colcon_core.environment:checking '/home/m2s2/WildPose_v1.2-main/wildpose/install/wildpose_interfaces/lib/python3.8/site-packages'
[0.753s] Level 1:colcon.colcon_core.shell:create_environment_hook('wildpose_interfaces', 'pythonpath')
[0.753s] INFO:colcon.colcon_core.shell:Creating environment hook '/home/m2s2/WildPose_v1.2-main/wildpose/install/wildpose_interfaces/share/wildpose_interfaces/hook/pythonpath.ps1'
[0.754s] INFO:colcon.colcon_core.shell:Creating environment descriptor '/home/m2s2/WildPose_v1.2-main/wildpose/install/wildpose_interfaces/share/wildpose_interfaces/hook/pythonpath.dsv'
[0.754s] INFO:colcon.colcon_core.shell:Creating environment hook '/home/m2s2/WildPose_v1.2-main/wildpose/install/wildpose_interfaces/share/wildpose_interfaces/hook/pythonpath.sh'
[0.754s] Level 1:colcon.colcon_core.environment:checking '/home/m2s2/WildPose_v1.2-main/wildpose/install/wildpose_interfaces/bin'
[0.754s] INFO:colcon.colcon_core.shell:Creating package script '/home/m2s2/WildPose_v1.2-main/wildpose/install/wildpose_interfaces/share/wildpose_interfaces/package.ps1'
[0.755s] INFO:colcon.colcon_core.shell:Creating package descriptor '/home/m2s2/WildPose_v1.2-main/wildpose/install/wildpose_interfaces/share/wildpose_interfaces/package.dsv'
[0.755s] INFO:colcon.colcon_core.shell:Creating package script '/home/m2s2/WildPose_v1.2-main/wildpose/install/wildpose_interfaces/share/wildpose_interfaces/package.sh'
[0.755s] INFO:colcon.colcon_core.shell:Creating package script '/home/m2s2/WildPose_v1.2-main/wildpose/install/wildpose_interfaces/share/wildpose_interfaces/package.bash'
[0.755s] INFO:colcon.colcon_core.shell:Creating package script '/home/m2s2/WildPose_v1.2-main/wildpose/install/wildpose_interfaces/share/wildpose_interfaces/package.zsh'
[0.756s] Level 1:colcon.colcon_core.environment:create_file_with_runtime_dependencies(/home/m2s2/WildPose_v1.2-main/wildpose/install/wildpose_interfaces/share/colcon-core/packages/wildpose_interfaces)
[0.756s] INFO:colcon.colcon_ros.task.ament_python.build:Building ROS package in '/home/m2s2/WildPose_v1.2-main/wildpose/src/dji_rs3_pkg' with build type 'ament_python'
[0.756s] Level 1:colcon.colcon_core.shell:create_environment_hook('dji_rs3_pkg', 'ament_prefix_path')
[0.756s] INFO:colcon.colcon_core.shell:Creating environment hook '/home/m2s2/WildPose_v1.2-main/wildpose/install/dji_rs3_pkg/share/dji_rs3_pkg/hook/ament_prefix_path.ps1'
[0.757s] INFO:colcon.colcon_core.shell:Creating environment descriptor '/home/m2s2/WildPose_v1.2-main/wildpose/install/dji_rs3_pkg/share/dji_rs3_pkg/hook/ament_prefix_path.dsv'
[0.757s] INFO:colcon.colcon_core.shell:Creating environment hook '/home/m2s2/WildPose_v1.2-main/wildpose/install/dji_rs3_pkg/share/dji_rs3_pkg/hook/ament_prefix_path.sh'
[0.757s] INFO:colcon.colcon_core.shell:Skip shell extension 'powershell' for command environment: Not usable outside of PowerShell
[0.757s] DEBUG:colcon.colcon_core.shell:Skip shell extension 'dsv' for command environment
[0.761s] INFO:colcon.colcon_ros.task.ament_python.build:Building ROS package in '/home/m2s2/WildPose_v1.2-main/wildpose/src/motor_controller_pkg' with build type 'ament_python'
[0.761s] Level 1:colcon.colcon_core.shell:create_environment_hook('motor_controller_pkg', 'ament_prefix_path')
[0.761s] INFO:colcon.colcon_core.shell:Creating environment hook '/home/m2s2/WildPose_v1.2-main/wildpose/install/motor_controller_pkg/share/motor_controller_pkg/hook/ament_prefix_path.ps1'
[0.762s] INFO:colcon.colcon_core.shell:Creating environment descriptor '/home/m2s2/WildPose_v1.2-main/wildpose/install/motor_controller_pkg/share/motor_controller_pkg/hook/ament_prefix_path.dsv'
[0.762s] INFO:colcon.colcon_core.shell:Creating environment hook '/home/m2s2/WildPose_v1.2-main/wildpose/install/motor_controller_pkg/share/motor_controller_pkg/hook/ament_prefix_path.sh'
[0.762s] INFO:colcon.colcon_core.shell:Skip shell extension 'powershell' for command environment: Not usable outside of PowerShell
[0.762s] DEBUG:colcon.colcon_core.shell:Skip shell extension 'dsv' for command environment
[0.908s] INFO:colcon.colcon_core.task.python.build:Building Python package in '/home/m2s2/WildPose_v1.2-main/wildpose/src/dji_rs3_pkg'
[0.909s] INFO:colcon.colcon_core.shell:Skip shell extension 'powershell' for command environment: Not usable outside of PowerShell
[0.909s] DEBUG:colcon.colcon_core.shell:Skip shell extension 'dsv' for command environment
[1.042s] INFO:colcon.colcon_core.task.python.build:Building Python package in '/home/m2s2/WildPose_v1.2-main/wildpose/src/motor_controller_pkg'
[1.042s] INFO:colcon.colcon_core.shell:Skip shell extension 'powershell' for command environment: Not usable outside of PowerShell
[1.042s] DEBUG:colcon.colcon_core.shell:Skip shell extension 'dsv' for command environment
[1.050s] DEBUG:colcon.colcon_core.event_handler.log_command:Invoking command in '/home/m2s2/WildPose_v1.2-main/wildpose/src/gamepad_pkg': PYTHONPATH=/home/m2s2/WildPose_v1.2-main/wildpose/build/gamepad_pkg/prefix_override:/home/m2s2/WildPose_v1.2-main/wildpose/install/gamepad_pkg/lib/python3.8/site-packages:${PYTHONPATH} /usr/bin/python3 -W ignore:setup.py install is deprecated setup.py egg_info --egg-base ../../build/gamepad_pkg build --build-base /home/m2s2/WildPose_v1.2-main/wildpose/build/gamepad_pkg/build install --record /home/m2s2/WildPose_v1.2-main/wildpose/build/gamepad_pkg/install.log --install-scripts $base/lib/gamepad_pkg --single-version-externally-managed install_data
[1.052s] DEBUG:colcon.colcon_core.event_handler.log_command:Invoking command in '/home/m2s2/WildPose_v1.2-main/wildpose/src/lidar_control_package': PYTHONPATH=/home/m2s2/WildPose_v1.2-main/wildpose/build/lidar_control_package/prefix_override:/home/m2s2/WildPose_v1.2-main/wildpose/install/lidar_control_package/lib/python3.8/site-packages:${PYTHONPATH} /usr/bin/python3 -W ignore:setup.py install is deprecated setup.py egg_info --egg-base ../../build/lidar_control_package build --build-base /home/m2s2/WildPose_v1.2-main/wildpose/build/lidar_control_package/build install --record /home/m2s2/WildPose_v1.2-main/wildpose/build/lidar_control_package/install.log --install-scripts $base/lib/lidar_control_package --single-version-externally-managed
[1.228s] Level 1:colcon.colcon_core.environment:checking '/home/m2s2/WildPose_v1.2-main/wildpose/install/gamepad_pkg' for CMake module files
[1.228s] DEBUG:colcon.colcon_core.event_handler.log_command:Invoked command in '/home/m2s2/WildPose_v1.2-main/wildpose/src/gamepad_pkg' returned '0': PYTHONPATH=/home/m2s2/WildPose_v1.2-main/wildpose/build/gamepad_pkg/prefix_override:/home/m2s2/WildPose_v1.2-main/wildpose/install/gamepad_pkg/lib/python3.8/site-packages:${PYTHONPATH} /usr/bin/python3 -W ignore:setup.py install is deprecated setup.py egg_info --egg-base ../../build/gamepad_pkg build --build-base /home/m2s2/WildPose_v1.2-main/wildpose/build/gamepad_pkg/build install --record /home/m2s2/WildPose_v1.2-main/wildpose/build/gamepad_pkg/install.log --install-scripts $base/lib/gamepad_pkg --single-version-externally-managed install_data
[1.229s] Level 1:colcon.colcon_core.environment:checking '/home/m2s2/WildPose_v1.2-main/wildpose/install/gamepad_pkg' for CMake config files
[1.230s] Level 1:colcon.colcon_core.environment:checking '/home/m2s2/WildPose_v1.2-main/wildpose/install/gamepad_pkg/lib'
[1.230s] Level 1:colcon.colcon_core.environment:checking '/home/m2s2/WildPose_v1.2-main/wildpose/install/gamepad_pkg/bin'
[1.230s] Level 1:colcon.colcon_core.environment:checking '/home/m2s2/WildPose_v1.2-main/wildpose/install/gamepad_pkg/lib/pkgconfig/gamepad_pkg.pc'
[1.230s] Level 1:colcon.colcon_core.environment:checking '/home/m2s2/WildPose_v1.2-main/wildpose/install/gamepad_pkg/lib/python3.8/site-packages'
[1.230s] Level 1:colcon.colcon_core.shell:create_environment_hook('gamepad_pkg', 'pythonpath')
[1.230s] INFO:colcon.colcon_core.shell:Creating environment hook '/home/m2s2/WildPose_v1.2-main/wildpose/install/gamepad_pkg/share/gamepad_pkg/hook/pythonpath.ps1'
[1.231s] INFO:colcon.colcon_core.shell:Creating environment descriptor '/home/m2s2/WildPose_v1.2-main/wildpose/install/gamepad_pkg/share/gamepad_pkg/hook/pythonpath.dsv'
[1.231s] INFO:colcon.colcon_core.shell:Creating environment hook '/home/m2s2/WildPose_v1.2-main/wildpose/install/gamepad_pkg/share/gamepad_pkg/hook/pythonpath.sh'
[1.231s] Level 1:colcon.colcon_core.environment:checking '/home/m2s2/WildPose_v1.2-main/wildpose/install/gamepad_pkg/bin'
[1.231s] Level 1:colcon.colcon_core.environment:create_environment_scripts_only(gamepad_pkg)
[1.231s] INFO:colcon.colcon_core.shell:Creating package script '/home/m2s2/WildPose_v1.2-main/wildpose/install/gamepad_pkg/share/gamepad_pkg/package.ps1'
[1.232s] INFO:colcon.colcon_core.shell:Creating package descriptor '/home/m2s2/WildPose_v1.2-main/wildpose/install/gamepad_pkg/share/gamepad_pkg/package.dsv'
[1.232s] INFO:colcon.colcon_core.shell:Creating package script '/home/m2s2/WildPose_v1.2-main/wildpose/install/gamepad_pkg/share/gamepad_pkg/package.sh'
[1.232s] INFO:colcon.colcon_core.shell:Creating package script '/home/m2s2/WildPose_v1.2-main/wildpose/install/gamepad_pkg/share/gamepad_pkg/package.bash'
[1.232s] INFO:colcon.colcon_core.shell:Creating package script '/home/m2s2/WildPose_v1.2-main/wildpose/install/gamepad_pkg/share/gamepad_pkg/package.zsh'
[1.233s] Level 1:colcon.colcon_core.environment:create_file_with_runtime_dependencies(/home/m2s2/WildPose_v1.2-main/wildpose/install/gamepad_pkg/share/colcon-core/packages/gamepad_pkg)
[1.233s] Level 1:colcon.colcon_core.environment:checking '/home/m2s2/WildPose_v1.2-main/wildpose/install/lidar_control_package' for CMake module files
[1.234s] DEBUG:colcon.colcon_core.event_handler.log_command:Invoked command in '/home/m2s2/WildPose_v1.2-main/wildpose/src/lidar_control_package' returned '0': PYTHONPATH=/home/m2s2/WildPose_v1.2-main/wildpose/build/lidar_control_package/prefix_override:/home/m2s2/WildPose_v1.2-main/wildpose/install/lidar_control_package/lib/python3.8/site-packages:${PYTHONPATH} /usr/bin/python3 -W ignore:setup.py install is deprecated setup.py egg_info --egg-base ../../build/lidar_control_package build --build-base /home/m2s2/WildPose_v1.2-main/wildpose/build/lidar_control_package/build install --record /home/m2s2/WildPose_v1.2-main/wildpose/build/lidar_control_package/install.log --install-scripts $base/lib/lidar_control_package --single-version-externally-managed
[1.234s] Level 1:colcon.colcon_core.environment:checking '/home/m2s2/WildPose_v1.2-main/wildpose/install/lidar_control_package' for CMake config files
[1.234s] Level 1:colcon.colcon_core.shell:create_environment_hook('lidar_control_package', 'cmake_prefix_path')
[1.234s] INFO:colcon.colcon_core.shell:Creating environment hook '/home/m2s2/WildPose_v1.2-main/wildpose/install/lidar_control_package/share/lidar_control_package/hook/cmake_prefix_path.ps1'
[1.235s] INFO:colcon.colcon_core.shell:Creating environment descriptor '/home/m2s2/WildPose_v1.2-main/wildpose/install/lidar_control_package/share/lidar_control_package/hook/cmake_prefix_path.dsv'
[1.235s] INFO:colcon.colcon_core.shell:Creating environment hook '/home/m2s2/WildPose_v1.2-main/wildpose/install/lidar_control_package/share/lidar_control_package/hook/cmake_prefix_path.sh'
[1.235s] Level 1:colcon.colcon_core.environment:checking '/home/m2s2/WildPose_v1.2-main/wildpose/install/lidar_control_package/lib'
[1.235s] Level 1:colcon.colcon_core.environment:checking '/home/m2s2/WildPose_v1.2-main/wildpose/install/lidar_control_package/bin'
[1.235s] Level 1:colcon.colcon_core.environment:checking '/home/m2s2/WildPose_v1.2-main/wildpose/install/lidar_control_package/lib/pkgconfig/lidar_control_package.pc'
[1.235s] Level 1:colcon.colcon_core.environment:checking '/home/m2s2/WildPose_v1.2-main/wildpose/install/lidar_control_package/lib/python3.8/site-packages'
[1.235s] Level 1:colcon.colcon_core.shell:create_environment_hook('lidar_control_package', 'pythonpath')
[1.235s] INFO:colcon.colcon_core.shell:Creating environment hook '/home/m2s2/WildPose_v1.2-main/wildpose/install/lidar_control_package/share/lidar_control_package/hook/pythonpath.ps1'
[1.236s] INFO:colcon.colcon_core.shell:Creating environment descriptor '/home/m2s2/WildPose_v1.2-main/wildpose/install/lidar_control_package/share/lidar_control_package/hook/pythonpath.dsv'
[1.236s] INFO:colcon.colcon_core.shell:Creating environment hook '/home/m2s2/WildPose_v1.2-main/wildpose/install/lidar_control_package/share/lidar_control_package/hook/pythonpath.sh'
[1.236s] Level 1:colcon.colcon_core.environment:checking '/home/m2s2/WildPose_v1.2-main/wildpose/install/lidar_control_package/bin'
[1.236s] Level 1:colcon.colcon_core.environment:create_environment_scripts_only(lidar_control_package)
[1.236s] INFO:colcon.colcon_core.shell:Creating package script '/home/m2s2/WildPose_v1.2-main/wildpose/install/lidar_control_package/share/lidar_control_package/package.ps1'
[1.237s] INFO:colcon.colcon_core.shell:Creating package descriptor '/home/m2s2/WildPose_v1.2-main/wildpose/install/lidar_control_package/share/lidar_control_package/package.dsv'
[1.237s] INFO:colcon.colcon_core.shell:Creating package script '/home/m2s2/WildPose_v1.2-main/wildpose/install/lidar_control_package/share/lidar_control_package/package.sh'
[1.237s] INFO:colcon.colcon_core.shell:Creating package script '/home/m2s2/WildPose_v1.2-main/wildpose/install/lidar_control_package/share/lidar_control_package/package.bash'
[1.237s] INFO:colcon.colcon_core.shell:Creating package script '/home/m2s2/WildPose_v1.2-main/wildpose/install/lidar_control_package/share/lidar_control_package/package.zsh'
[1.237s] Level 1:colcon.colcon_core.environment:create_file_with_runtime_dependencies(/home/m2s2/WildPose_v1.2-main/wildpose/install/lidar_control_package/share/colcon-core/packages/lidar_control_package)
[1.332s] DEBUG:colcon.colcon_core.event_handler.log_command:Invoking command in '/home/m2s2/WildPose_v1.2-main/wildpose/src/dji_rs3_pkg': CMAKE_PREFIX_PATH=/home/m2s2/WildPose_v1.2-main/wildpose/install/wildpose_interfaces:/home/m2s2/WildPose_v1.2-main/wildpose/install/lidar_control_package:/home/m2s2/WildPose_v1.2-main/wildpose/install/wildpose_bringup PYTHONPATH=/home/m2s2/WildPose_v1.2-main/wildpose/build/dji_rs3_pkg/prefix_override:/home/m2s2/WildPose_v1.2-main/wildpose/install/dji_rs3_pkg/lib/python3.8/site-packages:/home/m2s2/WildPose_v1.2-main/wildpose/install/wildpose_interfaces/lib/python3.8/site-packages:/home/m2s2/WildPose_v1.2-main/wildpose/install/motor_controller_pkg/lib/python3.8/site-packages:/home/m2s2/WildPose_v1.2-main/wildpose/install/dji_rs3_pkg/lib/python3.8/site-packages:/home/m2s2/WildPose_v1.2-main/wildpose/install/gamepad_pkg/lib/python3.8/site-packages:/opt/ros/foxy/lib/python3.8/site-packages /usr/bin/python3 -W ignore:setup.py install is deprecated setup.py egg_info --egg-base ../../build/dji_rs3_pkg build --build-base /home/m2s2/WildPose_v1.2-main/wildpose/build/dji_rs3_pkg/build install --record /home/m2s2/WildPose_v1.2-main/wildpose/build/dji_rs3_pkg/install.log --install-scripts $base/lib/dji_rs3_pkg --single-version-externally-managed install_data
[1.333s] DEBUG:colcon.colcon_core.event_handler.log_command:Invoking command in '/home/m2s2/WildPose_v1.2-main/wildpose/src/motor_controller_pkg': CMAKE_PREFIX_PATH=/home/m2s2/WildPose_v1.2-main/wildpose/install/wildpose_interfaces:/home/m2s2/WildPose_v1.2-main/wildpose/install/lidar_control_package:/home/m2s2/WildPose_v1.2-main/wildpose/install/wildpose_bringup PYTHONPATH=/home/m2s2/WildPose_v1.2-main/wildpose/build/motor_controller_pkg/prefix_override:/home/m2s2/WildPose_v1.2-main/wildpose/install/motor_controller_pkg/lib/python3.8/site-packages:/home/m2s2/WildPose_v1.2-main/wildpose/install/wildpose_interfaces/lib/python3.8/site-packages:/home/m2s2/WildPose_v1.2-main/wildpose/install/motor_controller_pkg/lib/python3.8/site-packages:/home/m2s2/WildPose_v1.2-main/wildpose/install/dji_rs3_pkg/lib/python3.8/site-packages:/home/m2s2/WildPose_v1.2-main/wildpose/install/gamepad_pkg/lib/python3.8/site-packages:/opt/ros/foxy/lib/python3.8/site-packages /usr/bin/python3 -W ignore:setup.py install is deprecated setup.py egg_info --egg-base ../../build/motor_controller_pkg build --build-base /home/m2s2/WildPose_v1.2-main/wildpose/build/motor_controller_pkg/build install --record /home/m2s2/WildPose_v1.2-main/wildpose/build/motor_controller_pkg/install.log --install-scripts $base/lib/motor_controller_pkg --single-version-externally-managed install_data
[1.507s] Level 1:colcon.colcon_core.environment:checking '/home/m2s2/WildPose_v1.2-main/wildpose/install/dji_rs3_pkg' for CMake module files
[1.508s] DEBUG:colcon.colcon_core.event_handler.log_command:Invoked command in '/home/m2s2/WildPose_v1.2-main/wildpose/src/dji_rs3_pkg' returned '0': CMAKE_PREFIX_PATH=/home/m2s2/WildPose_v1.2-main/wildpose/install/wildpose_interfaces:/home/m2s2/WildPose_v1.2-main/wildpose/install/lidar_control_package:/home/m2s2/WildPose_v1.2-main/wildpose/install/wildpose_bringup PYTHONPATH=/home/m2s2/WildPose_v1.2-main/wildpose/build/dji_rs3_pkg/prefix_override:/home/m2s2/WildPose_v1.2-main/wildpose/install/dji_rs3_pkg/lib/python3.8/site-packages:/home/m2s2/WildPose_v1.2-main/wildpose/install/wildpose_interfaces/lib/python3.8/site-packages:/home/m2s2/WildPose_v1.2-main/wildpose/install/motor_controller_pkg/lib/python3.8/site-packages:/home/m2s2/WildPose_v1.2-main/wildpose/install/dji_rs3_pkg/lib/python3.8/site-packages:/home/m2s2/WildPose_v1.2-main/wildpose/install/gamepad_pkg/lib/python3.8/site-packages:/opt/ros/foxy/lib/python3.8/site-packages /usr/bin/python3 -W ignore:setup.py install is deprecated setup.py egg_info --egg-base ../../build/dji_rs3_pkg build --build-base /home/m2s2/WildPose_v1.2-main/wildpose/build/dji_rs3_pkg/build install --record /home/m2s2/WildPose_v1.2-main/wildpose/build/dji_rs3_pkg/install.log --install-scripts $base/lib/dji_rs3_pkg --single-version-externally-managed install_data
[1.508s] Level 1:colcon.colcon_core.environment:checking '/home/m2s2/WildPose_v1.2-main/wildpose/install/dji_rs3_pkg' for CMake config files
[1.509s] Level 1:colcon.colcon_core.environment:checking '/home/m2s2/WildPose_v1.2-main/wildpose/install/dji_rs3_pkg/lib'
[1.509s] Level 1:colcon.colcon_core.environment:checking '/home/m2s2/WildPose_v1.2-main/wildpose/install/dji_rs3_pkg/bin'
[1.509s] Level 1:colcon.colcon_core.environment:checking '/home/m2s2/WildPose_v1.2-main/wildpose/install/dji_rs3_pkg/lib/pkgconfig/dji_rs3_pkg.pc'
[1.509s] Level 1:colcon.colcon_core.environment:checking '/home/m2s2/WildPose_v1.2-main/wildpose/install/dji_rs3_pkg/lib/python3.8/site-packages'
[1.510s] Level 1:colcon.colcon_core.shell:create_environment_hook('dji_rs3_pkg', 'pythonpath')
[1.510s] INFO:colcon.colcon_core.shell:Creating environment hook '/home/m2s2/WildPose_v1.2-main/wildpose/install/dji_rs3_pkg/share/dji_rs3_pkg/hook/pythonpath.ps1'
[1.510s] INFO:colcon.colcon_core.shell:Creating environment descriptor '/home/m2s2/WildPose_v1.2-main/wildpose/install/dji_rs3_pkg/share/dji_rs3_pkg/hook/pythonpath.dsv'
[1.510s] INFO:colcon.colcon_core.shell:Creating environment hook '/home/m2s2/WildPose_v1.2-main/wildpose/install/dji_rs3_pkg/share/dji_rs3_pkg/hook/pythonpath.sh'
[1.511s] Level 1:colcon.colcon_core.environment:checking '/home/m2s2/WildPose_v1.2-main/wildpose/install/dji_rs3_pkg/bin'
[1.511s] Level 1:colcon.colcon_core.environment:create_environment_scripts_only(dji_rs3_pkg)
[1.511s] INFO:colcon.colcon_core.shell:Creating package script '/home/m2s2/WildPose_v1.2-main/wildpose/install/dji_rs3_pkg/share/dji_rs3_pkg/package.ps1'
[1.511s] INFO:colcon.colcon_core.shell:Creating package descriptor '/home/m2s2/WildPose_v1.2-main/wildpose/install/dji_rs3_pkg/share/dji_rs3_pkg/package.dsv'
[1.511s] INFO:colcon.colcon_core.shell:Creating package script '/home/m2s2/WildPose_v1.2-main/wildpose/install/dji_rs3_pkg/share/dji_rs3_pkg/package.sh'
[1.511s] INFO:colcon.colcon_core.shell:Creating package script '/home/m2s2/WildPose_v1.2-main/wildpose/install/dji_rs3_pkg/share/dji_rs3_pkg/package.bash'
[1.512s] INFO:colcon.colcon_core.shell:Creating package script '/home/m2s2/WildPose_v1.2-main/wildpose/install/dji_rs3_pkg/share/dji_rs3_pkg/package.zsh'
[1.512s] Level 1:colcon.colcon_core.environment:create_file_with_runtime_dependencies(/home/m2s2/WildPose_v1.2-main/wildpose/install/dji_rs3_pkg/share/colcon-core/packages/dji_rs3_pkg)
[1.512s] Level 1:colcon.colcon_core.environment:checking '/home/m2s2/WildPose_v1.2-main/wildpose/install/motor_controller_pkg' for CMake module files
[1.513s] Level 1:colcon.colcon_core.environment:checking '/home/m2s2/WildPose_v1.2-main/wildpose/install/motor_controller_pkg' for CMake config files
[1.513s] DEBUG:colcon.colcon_core.event_handler.log_command:Invoked command in '/home/m2s2/WildPose_v1.2-main/wildpose/src/motor_controller_pkg' returned '0': CMAKE_PREFIX_PATH=/home/m2s2/WildPose_v1.2-main/wildpose/install/wildpose_interfaces:/home/m2s2/WildPose_v1.2-main/wildpose/install/lidar_control_package:/home/m2s2/WildPose_v1.2-main/wildpose/install/wildpose_bringup PYTHONPATH=/home/m2s2/WildPose_v1.2-main/wildpose/build/motor_controller_pkg/prefix_override:/home/m2s2/WildPose_v1.2-main/wildpose/install/motor_controller_pkg/lib/python3.8/site-packages:/home/m2s2/WildPose_v1.2-main/wildpose/install/wildpose_interfaces/lib/python3.8/site-packages:/home/m2s2/WildPose_v1.2-main/wildpose/install/motor_controller_pkg/lib/python3.8/site-packages:/home/m2s2/WildPose_v1.2-main/wildpose/install/dji_rs3_pkg/lib/python3.8/site-packages:/home/m2s2/WildPose_v1.2-main/wildpose/install/gamepad_pkg/lib/python3.8/site-packages:/opt/ros/foxy/lib/python3.8/site-packages /usr/bin/python3 -W ignore:setup.py install is deprecated setup.py egg_info --egg-base ../../build/motor_controller_pkg build --build-base /home/m2s2/WildPose_v1.2-main/wildpose/build/motor_controller_pkg/build install --record /home/m2s2/WildPose_v1.2-main/wildpose/build/motor_controller_pkg/install.log --install-scripts $base/lib/motor_controller_pkg --single-version-externally-managed install_data
[1.513s] Level 1:colcon.colcon_core.environment:checking '/home/m2s2/WildPose_v1.2-main/wildpose/install/motor_controller_pkg/lib'
[1.513s] Level 1:colcon.colcon_core.environment:checking '/home/m2s2/WildPose_v1.2-main/wildpose/install/motor_controller_pkg/bin'
[1.513s] Level 1:colcon.colcon_core.environment:checking '/home/m2s2/WildPose_v1.2-main/wildpose/install/motor_controller_pkg/lib/pkgconfig/motor_controller_pkg.pc'
[1.513s] Level 1:colcon.colcon_core.environment:checking '/home/m2s2/WildPose_v1.2-main/wildpose/install/motor_controller_pkg/lib/python3.8/site-packages'
[1.513s] Level 1:colcon.colcon_core.shell:create_environment_hook('motor_controller_pkg', 'pythonpath')
[1.513s] INFO:colcon.colcon_core.shell:Creating environment hook '/home/m2s2/WildPose_v1.2-main/wildpose/install/motor_controller_pkg/share/motor_controller_pkg/hook/pythonpath.ps1'
[1.514s] INFO:colcon.colcon_core.shell:Creating environment descriptor '/home/m2s2/WildPose_v1.2-main/wildpose/install/motor_controller_pkg/share/motor_controller_pkg/hook/pythonpath.dsv'
[1.514s] INFO:colcon.colcon_core.shell:Creating environment hook '/home/m2s2/WildPose_v1.2-main/wildpose/install/motor_controller_pkg/share/motor_controller_pkg/hook/pythonpath.sh'
[1.514s] Level 1:colcon.colcon_core.environment:checking '/home/m2s2/WildPose_v1.2-main/wildpose/install/motor_controller_pkg/bin'
[1.514s] Level 1:colcon.colcon_core.environment:create_environment_scripts_only(motor_controller_pkg)
[1.515s] INFO:colcon.colcon_core.shell:Creating package script '/home/m2s2/WildPose_v1.2-main/wildpose/install/motor_controller_pkg/share/motor_controller_pkg/package.ps1'
[1.515s] INFO:colcon.colcon_core.shell:Creating package descriptor '/home/m2s2/WildPose_v1.2-main/wildpose/install/motor_controller_pkg/share/motor_controller_pkg/package.dsv'
[1.515s] INFO:colcon.colcon_core.shell:Creating package script '/home/m2s2/WildPose_v1.2-main/wildpose/install/motor_controller_pkg/share/motor_controller_pkg/package.sh'
[1.515s] INFO:colcon.colcon_core.shell:Creating package script '/home/m2s2/WildPose_v1.2-main/wildpose/install/motor_controller_pkg/share/motor_controller_pkg/package.bash'
[1.515s] INFO:colcon.colcon_core.shell:Creating package script '/home/m2s2/WildPose_v1.2-main/wildpose/install/motor_controller_pkg/share/motor_controller_pkg/package.zsh'
[1.515s] Level 1:colcon.colcon_core.environment:create_file_with_runtime_dependencies(/home/m2s2/WildPose_v1.2-main/wildpose/install/motor_controller_pkg/share/colcon-core/packages/motor_controller_pkg)
[1.516s] INFO:colcon.colcon_ros.task.ament_cmake.build:Building ROS package in '/home/m2s2/WildPose_v1.2-main/wildpose/src/wildpose_bringup' with build type 'ament_cmake'
[1.516s] INFO:colcon.colcon_cmake.task.cmake.build:Building CMake package in '/home/m2s2/WildPose_v1.2-main/wildpose/src/wildpose_bringup'
[1.516s] INFO:colcon.colcon_core.shell:Skip shell extension 'powershell' for command environment: Not usable outside of PowerShell
[1.516s] DEBUG:colcon.colcon_core.shell:Skip shell extension 'dsv' for command environment
[1.524s] DEBUG:colcon.colcon_core.event_handler.log_command:Invoking command in '/home/m2s2/WildPose_v1.2-main/wildpose/build/wildpose_bringup': AMENT_PREFIX_PATH=/home/m2s2/WildPose_v1.2-main/wildpose/install/motor_controller_pkg:/home/m2s2/WildPose_v1.2-main/wildpose/install/dji_rs3_pkg:/home/m2s2/WildPose_v1.2-main/wildpose/install/lidar_control_package:/home/m2s2/WildPose_v1.2-main/wildpose/install/wildpose_bringup:/home/m2s2/WildPose_v1.2-main/wildpose/install/wildpose_interfaces:/home/m2s2/WildPose_v1.2-main/wildpose/install/gamepad_pkg:/opt/ros/foxy CMAKE_PREFIX_PATH=/home/m2s2/WildPose_v1.2-main/wildpose/install/wildpose_interfaces:/home/m2s2/WildPose_v1.2-main/wildpose/install/lidar_control_package:/home/m2s2/WildPose_v1.2-main/wildpose/install/wildpose_bringup:/home/m2s2/WildPose_v1.2-main/wildpose/install/motor_controller_pkg:/home/m2s2/WildPose_v1.2-main/wildpose/install/dji_rs3_pkg:/home/m2s2/WildPose_v1.2-main/wildpose/install/gamepad_pkg:/opt/ros/foxy /usr/bin/cmake --build /home/m2s2/WildPose_v1.2-main/wildpose/build/wildpose_bringup -- -j16 -l16
[1.554s] DEBUG:colcon.colcon_core.event_handler.log_command:Invoked command in '/home/m2s2/WildPose_v1.2-main/wildpose/build/wildpose_bringup' returned '0': AMENT_PREFIX_PATH=/home/m2s2/WildPose_v1.2-main/wildpose/install/motor_controller_pkg:/home/m2s2/WildPose_v1.2-main/wildpose/install/dji_rs3_pkg:/home/m2s2/WildPose_v1.2-main/wildpose/install/lidar_control_package:/home/m2s2/WildPose_v1.2-main/wildpose/install/wildpose_bringup:/home/m2s2/WildPose_v1.2-main/wildpose/install/wildpose_interfaces:/home/m2s2/WildPose_v1.2-main/wildpose/install/gamepad_pkg:/opt/ros/foxy CMAKE_PREFIX_PATH=/home/m2s2/WildPose_v1.2-main/wildpose/install/wildpose_interfaces:/home/m2s2/WildPose_v1.2-main/wildpose/install/lidar_control_package:/home/m2s2/WildPose_v1.2-main/wildpose/install/wildpose_bringup:/home/m2s2/WildPose_v1.2-main/wildpose/install/motor_controller_pkg:/home/m2s2/WildPose_v1.2-main/wildpose/install/dji_rs3_pkg:/home/m2s2/WildPose_v1.2-main/wildpose/install/gamepad_pkg:/opt/ros/foxy /usr/bin/cmake --build /home/m2s2/WildPose_v1.2-main/wildpose/build/wildpose_bringup -- -j16 -l16
[1.568s] DEBUG:colcon.colcon_core.event_handler.log_command:Invoking command in '/home/m2s2/WildPose_v1.2-main/wildpose/build/wildpose_bringup': AMENT_PREFIX_PATH=/home/m2s2/WildPose_v1.2-main/wildpose/install/motor_controller_pkg:/home/m2s2/WildPose_v1.2-main/wildpose/install/dji_rs3_pkg:/home/m2s2/WildPose_v1.2-main/wildpose/install/lidar_control_package:/home/m2s2/WildPose_v1.2-main/wildpose/install/wildpose_bringup:/home/m2s2/WildPose_v1.2-main/wildpose/install/wildpose_interfaces:/home/m2s2/WildPose_v1.2-main/wildpose/install/gamepad_pkg:/opt/ros/foxy CMAKE_PREFIX_PATH=/home/m2s2/WildPose_v1.2-main/wildpose/install/wildpose_interfaces:/home/m2s2/WildPose_v1.2-main/wildpose/install/lidar_control_package:/home/m2s2/WildPose_v1.2-main/wildpose/install/wildpose_bringup:/home/m2s2/WildPose_v1.2-main/wildpose/install/motor_controller_pkg:/home/m2s2/WildPose_v1.2-main/wildpose/install/dji_rs3_pkg:/home/m2s2/WildPose_v1.2-main/wildpose/install/gamepad_pkg:/opt/ros/foxy /usr/bin/cmake --install /home/m2s2/WildPose_v1.2-main/wildpose/build/wildpose_bringup
[1.573s] Level 1:colcon.colcon_core.environment:create_environment_scripts_only(wildpose_bringup)
[1.574s] Level 1:colcon.colcon_core.environment:checking '/home/m2s2/WildPose_v1.2-main/wildpose/install/wildpose_bringup' for CMake module files
[1.574s] DEBUG:colcon.colcon_core.event_handler.log_command:Invoked command in '/home/m2s2/WildPose_v1.2-main/wildpose/build/wildpose_bringup' returned '0': AMENT_PREFIX_PATH=/home/m2s2/WildPose_v1.2-main/wildpose/install/motor_controller_pkg:/home/m2s2/WildPose_v1.2-main/wildpose/install/dji_rs3_pkg:/home/m2s2/WildPose_v1.2-main/wildpose/install/lidar_control_package:/home/m2s2/WildPose_v1.2-main/wildpose/install/wildpose_bringup:/home/m2s2/WildPose_v1.2-main/wildpose/install/wildpose_interfaces:/home/m2s2/WildPose_v1.2-main/wildpose/install/gamepad_pkg:/opt/ros/foxy CMAKE_PREFIX_PATH=/home/m2s2/WildPose_v1.2-main/wildpose/install/wildpose_interfaces:/home/m2s2/WildPose_v1.2-main/wildpose/install/lidar_control_package:/home/m2s2/WildPose_v1.2-main/wildpose/install/wildpose_bringup:/home/m2s2/WildPose_v1.2-main/wildpose/install/motor_controller_pkg:/home/m2s2/WildPose_v1.2-main/wildpose/install/dji_rs3_pkg:/home/m2s2/WildPose_v1.2-main/wildpose/install/gamepad_pkg:/opt/ros/foxy /usr/bin/cmake --install /home/m2s2/WildPose_v1.2-main/wildpose/build/wildpose_bringup
[1.574s] Level 1:colcon.colcon_core.environment:checking '/home/m2s2/WildPose_v1.2-main/wildpose/install/wildpose_bringup' for CMake config files
[1.575s] Level 1:colcon.colcon_core.shell:create_environment_hook('wildpose_bringup', 'cmake_prefix_path')
[1.575s] INFO:colcon.colcon_core.shell:Creating environment hook '/home/m2s2/WildPose_v1.2-main/wildpose/install/wildpose_bringup/share/wildpose_bringup/hook/cmake_prefix_path.ps1'
[1.575s] INFO:colcon.colcon_core.shell:Creating environment descriptor '/home/m2s2/WildPose_v1.2-main/wildpose/install/wildpose_bringup/share/wildpose_bringup/hook/cmake_prefix_path.dsv'
[1.575s] INFO:colcon.colcon_core.shell:Creating environment hook '/home/m2s2/WildPose_v1.2-main/wildpose/install/wildpose_bringup/share/wildpose_bringup/hook/cmake_prefix_path.sh'
[1.576s] Level 1:colcon.colcon_core.environment:checking '/home/m2s2/WildPose_v1.2-main/wildpose/install/wildpose_bringup/bin'
[1.576s] Level 1:colcon.colcon_core.environment:checking '/home/m2s2/WildPose_v1.2-main/wildpose/install/wildpose_bringup/lib/pkgconfig/wildpose_bringup.pc'
[1.576s] Level 1:colcon.colcon_core.environment:checking '/home/m2s2/WildPose_v1.2-main/wildpose/install/wildpose_bringup/lib/python3.8/site-packages'
[1.576s] Level 1:colcon.colcon_core.environment:checking '/home/m2s2/WildPose_v1.2-main/wildpose/install/wildpose_bringup/bin'
[1.576s] INFO:colcon.colcon_core.shell:Creating package script '/home/m2s2/WildPose_v1.2-main/wildpose/install/wildpose_bringup/share/wildpose_bringup/package.ps1'
[1.576s] INFO:colcon.colcon_core.shell:Creating package descriptor '/home/m2s2/WildPose_v1.2-main/wildpose/install/wildpose_bringup/share/wildpose_bringup/package.dsv'
[1.577s] INFO:colcon.colcon_core.shell:Creating package script '/home/m2s2/WildPose_v1.2-main/wildpose/install/wildpose_bringup/share/wildpose_bringup/package.sh'
[1.577s] INFO:colcon.colcon_core.shell:Creating package script '/home/m2s2/WildPose_v1.2-main/wildpose/install/wildpose_bringup/share/wildpose_bringup/package.bash'
[1.577s] INFO:colcon.colcon_core.shell:Creating package script '/home/m2s2/WildPose_v1.2-main/wildpose/install/wildpose_bringup/share/wildpose_bringup/package.zsh'
[1.577s] Level 1:colcon.colcon_core.environment:create_file_with_runtime_dependencies(/home/m2s2/WildPose_v1.2-main/wildpose/install/wildpose_bringup/share/colcon-core/packages/wildpose_bringup)
[1.589s] Level 1:colcon.colcon_core.environment:create_environment_scripts_only(wildpose_bringup)
[1.590s] Level 1:colcon.colcon_core.environment:checking '/home/m2s2/WildPose_v1.2-main/wildpose/install/wildpose_bringup' for CMake module files
[1.590s] Level 1:colcon.colcon_core.environment:checking '/home/m2s2/WildPose_v1.2-main/wildpose/install/wildpose_bringup' for CMake config files
[1.590s] Level 1:colcon.colcon_core.shell:create_environment_hook('wildpose_bringup', 'cmake_prefix_path')
[1.590s] INFO:colcon.colcon_core.shell:Creating environment hook '/home/m2s2/WildPose_v1.2-main/wildpose/install/wildpose_bringup/share/wildpose_bringup/hook/cmake_prefix_path.ps1'
[1.591s] INFO:colcon.colcon_core.shell:Creating environment descriptor '/home/m2s2/WildPose_v1.2-main/wildpose/install/wildpose_bringup/share/wildpose_bringup/hook/cmake_prefix_path.dsv'
[1.591s] INFO:colcon.colcon_core.shell:Creating environment hook '/home/m2s2/WildPose_v1.2-main/wildpose/install/wildpose_bringup/share/wildpose_bringup/hook/cmake_prefix_path.sh'
[1.591s] Level 1:colcon.colcon_core.environment:checking '/home/m2s2/WildPose_v1.2-main/wildpose/install/wildpose_bringup/bin'
[1.592s] Level 1:colcon.colcon_core.environment:checking '/home/m2s2/WildPose_v1.2-main/wildpose/install/wildpose_bringup/lib/pkgconfig/wildpose_bringup.pc'
[1.592s] Level 1:colcon.colcon_core.environment:checking '/home/m2s2/WildPose_v1.2-main/wildpose/install/wildpose_bringup/lib/python3.8/site-packages'
[1.592s] Level 1:colcon.colcon_core.environment:checking '/home/m2s2/WildPose_v1.2-main/wildpose/install/wildpose_bringup/bin'
[1.592s] INFO:colcon.colcon_core.shell:Creating package script '/home/m2s2/WildPose_v1.2-main/wildpose/install/wildpose_bringup/share/wildpose_bringup/package.ps1'
[1.593s] INFO:colcon.colcon_core.shell:Creating package descriptor '/home/m2s2/WildPose_v1.2-main/wildpose/install/wildpose_bringup/share/wildpose_bringup/package.dsv'
[1.593s] INFO:colcon.colcon_core.shell:Creating package script '/home/m2s2/WildPose_v1.2-main/wildpose/install/wildpose_bringup/share/wildpose_bringup/package.sh'
[1.593s] INFO:colcon.colcon_core.shell:Creating package script '/home/m2s2/WildPose_v1.2-main/wildpose/install/wildpose_bringup/share/wildpose_bringup/package.bash'
[1.593s] INFO:colcon.colcon_core.shell:Creating package script '/home/m2s2/WildPose_v1.2-main/wildpose/install/wildpose_bringup/share/wildpose_bringup/package.zsh'
[1.594s] Level 1:colcon.colcon_core.environment:create_file_with_runtime_dependencies(/home/m2s2/WildPose_v1.2-main/wildpose/install/wildpose_bringup/share/colcon-core/packages/wildpose_bringup)
[1.594s] DEBUG:colcon.colcon_parallel_executor.executor.parallel:closing loop
[1.595s] DEBUG:colcon.colcon_parallel_executor.executor.parallel:loop closed
[1.595s] DEBUG:colcon.colcon_parallel_executor.executor.parallel:run_until_complete finished with '0'
[1.595s] DEBUG:colcon.colcon_core.event_reactor:joining thread
[1.602s] INFO:colcon.colcon_core.plugin_system:Skipping extension 'colcon_notification.desktop_notification.terminal_notifier': Not used on non-Darwin systems
[1.602s] INFO:colcon.colcon_core.plugin_system:Skipping extension 'colcon_notification.desktop_notification.win32': Not used on non-Windows systems
[1.602s] INFO:colcon.colcon_notification.desktop_notification:Sending desktop notification using 'notify2'
[1.626s] DEBUG:colcon.colcon_core.event_reactor:joined thread
[1.627s] INFO:colcon.colcon_core.shell:Creating prefix script '/home/m2s2/WildPose_v1.2-main/wildpose/install/local_setup.ps1'
[1.627s] INFO:colcon.colcon_core.shell:Creating prefix util module '/home/m2s2/WildPose_v1.2-main/wildpose/install/_local_setup_util_ps1.py'
[1.628s] INFO:colcon.colcon_core.shell:Creating prefix chain script '/home/m2s2/WildPose_v1.2-main/wildpose/install/setup.ps1'
[1.629s] INFO:colcon.colcon_core.shell:Creating prefix script '/home/m2s2/WildPose_v1.2-main/wildpose/install/local_setup.sh'
[1.630s] INFO:colcon.colcon_core.shell:Creating prefix util module '/home/m2s2/WildPose_v1.2-main/wildpose/install/_local_setup_util_sh.py'
[1.631s] INFO:colcon.colcon_core.shell:Creating prefix chain script '/home/m2s2/WildPose_v1.2-main/wildpose/install/setup.sh'
[1.632s] INFO:colcon.colcon_core.shell:Creating prefix script '/home/m2s2/WildPose_v1.2-main/wildpose/install/local_setup.bash'
[1.632s] INFO:colcon.colcon_core.shell:Creating prefix chain script '/home/m2s2/WildPose_v1.2-main/wildpose/install/setup.bash'
[1.633s] INFO:colcon.colcon_core.shell:Creating prefix script '/home/m2s2/WildPose_v1.2-main/wildpose/install/local_setup.zsh'
[1.633s] INFO:colcon.colcon_core.shell:Creating prefix chain script '/home/m2s2/WildPose_v1.2-main/wildpose/install/setup.zsh'
