[1.184s] Invoking command in '/home/naoya/wildpose_v1.3/wildpose/build/livox_ros2_driver': AMENT_PREFIX_PATH=/home/naoya/wildpose_v1.3/wildpose/install/livox_sdk_vendor:/home/naoya/wildpose_v1.3/wildpose/install/livox_interfaces:${AMENT_PREFIX_PATH} CMAKE_PREFIX_PATH=/home/naoya/wildpose_v1.3/wildpose/install/livox_sdk_vendor:/home/naoya/wildpose_v1.3/wildpose/install/livox_interfaces:/home/naoya/WildPose_v1.2/wildpose/install/wildpose_bringup:/home/naoya/WildPose_v1.2/wildpose/install/wildpose_interfaces:/home/naoya/ros2_ws/livox_ros2_driver/install/livox_ros2_driver:/home/naoya/ros2_ws/livox_ros2_driver/install/livox_sdk_vendor:/home/naoya/ros2_ws/livox_ros2_driver/install/livox_interfaces:/home/naoya/ros2_ws/ximea_ros2_cam/install/ximea_ros2_cam:/home/naoya/ros2_ws/rmw_ecal/install/rmw_ecal_dynamic_cpp:/home/naoya/ros2_ws/rmw_ecal/install/rmw_ecal_shared_cpp:/home/naoya/WildPose_v1.2/wildpose/install/motor_controller_pkg:/home/naoya/WildPose_v1.2/wildpose/install/gamepad_pkg:/opt/ros/foxy LD_LIBRARY_PATH=/home/naoya/wildpose_v1.3/wildpose/install/livox_interfaces/lib:${LD_LIBRARY_PATH} PYTHONPATH=/home/naoya/wildpose_v1.3/wildpose/install/livox_interfaces/lib/python3.8/site-packages:${PYTHONPATH} /usr/bin/cmake --build /home/naoya/wildpose_v1.3/wildpose/build/livox_ros2_driver -- -j16 -l16
[1.352s] [ 12%] Built target livox_ros2_driver_node
[1.352s] [100%] Built target livox_ros2_driver
[2.290s] Invoked command in '/home/naoya/wildpose_v1.3/wildpose/build/livox_ros2_driver' returned '0': AMENT_PREFIX_PATH=/home/naoya/wildpose_v1.3/wildpose/install/livox_sdk_vendor:/home/naoya/wildpose_v1.3/wildpose/install/livox_interfaces:${AMENT_PREFIX_PATH} CMAKE_PREFIX_PATH=/home/naoya/wildpose_v1.3/wildpose/install/livox_sdk_vendor:/home/naoya/wildpose_v1.3/wildpose/install/livox_interfaces:/home/naoya/WildPose_v1.2/wildpose/install/wildpose_bringup:/home/naoya/WildPose_v1.2/wildpose/install/wildpose_interfaces:/home/naoya/ros2_ws/livox_ros2_driver/install/livox_ros2_driver:/home/naoya/ros2_ws/livox_ros2_driver/install/livox_sdk_vendor:/home/naoya/ros2_ws/livox_ros2_driver/install/livox_interfaces:/home/naoya/ros2_ws/ximea_ros2_cam/install/ximea_ros2_cam:/home/naoya/ros2_ws/rmw_ecal/install/rmw_ecal_dynamic_cpp:/home/naoya/ros2_ws/rmw_ecal/install/rmw_ecal_shared_cpp:/home/naoya/WildPose_v1.2/wildpose/install/motor_controller_pkg:/home/naoya/WildPose_v1.2/wildpose/install/gamepad_pkg:/opt/ros/foxy LD_LIBRARY_PATH=/home/naoya/wildpose_v1.3/wildpose/install/livox_interfaces/lib:${LD_LIBRARY_PATH} PYTHONPATH=/home/naoya/wildpose_v1.3/wildpose/install/livox_interfaces/lib/python3.8/site-packages:${PYTHONPATH} /usr/bin/cmake --build /home/naoya/wildpose_v1.3/wildpose/build/livox_ros2_driver -- -j16 -l16
[3.317s] Invoking command in '/home/naoya/wildpose_v1.3/wildpose/build/livox_ros2_driver': AMENT_PREFIX_PATH=/home/naoya/wildpose_v1.3/wildpose/install/livox_sdk_vendor:/home/naoya/wildpose_v1.3/wildpose/install/livox_interfaces:${AMENT_PREFIX_PATH} CMAKE_PREFIX_PATH=/home/naoya/wildpose_v1.3/wildpose/install/livox_sdk_vendor:/home/naoya/wildpose_v1.3/wildpose/install/livox_interfaces:/home/naoya/WildPose_v1.2/wildpose/install/wildpose_bringup:/home/naoya/WildPose_v1.2/wildpose/install/wildpose_interfaces:/home/naoya/ros2_ws/livox_ros2_driver/install/livox_ros2_driver:/home/naoya/ros2_ws/livox_ros2_driver/install/livox_sdk_vendor:/home/naoya/ros2_ws/livox_ros2_driver/install/livox_interfaces:/home/naoya/ros2_ws/ximea_ros2_cam/install/ximea_ros2_cam:/home/naoya/ros2_ws/rmw_ecal/install/rmw_ecal_dynamic_cpp:/home/naoya/ros2_ws/rmw_ecal/install/rmw_ecal_shared_cpp:/home/naoya/WildPose_v1.2/wildpose/install/motor_controller_pkg:/home/naoya/WildPose_v1.2/wildpose/install/gamepad_pkg:/opt/ros/foxy LD_LIBRARY_PATH=/home/naoya/wildpose_v1.3/wildpose/install/livox_interfaces/lib:${LD_LIBRARY_PATH} PYTHONPATH=/home/naoya/wildpose_v1.3/wildpose/install/livox_interfaces/lib/python3.8/site-packages:${PYTHONPATH} /usr/bin/cmake --install /home/naoya/wildpose_v1.3/wildpose/build/livox_ros2_driver
[3.334s] -- Install configuration: ""
[3.334s] -- Execute custom install script
[3.335s] -- Up-to-date symlink: /home/naoya/wildpose_v1.3/wildpose/install/livox_ros2_driver/lib/livox_ros2_driver/livox_ros2_driver_node
[3.335s] -- Up-to-date symlink: /home/naoya/wildpose_v1.3/wildpose/install/livox_ros2_driver/share/livox_ros2_driver/environment/library_path.sh
[3.335s] -- Up-to-date symlink: /home/naoya/wildpose_v1.3/wildpose/install/livox_ros2_driver/share/livox_ros2_driver/environment/library_path.dsv
[3.335s] -- Up-to-date symlink: /home/naoya/wildpose_v1.3/wildpose/install/livox_ros2_driver/lib/liblivox_ros2_driver.so
[3.335s] -- Up-to-date symlink: /home/naoya/wildpose_v1.3/wildpose/install/livox_ros2_driver/share/livox_ros2_driver/config/livox_hub.rviz
[3.335s] -- Up-to-date symlink: /home/naoya/wildpose_v1.3/wildpose/install/livox_ros2_driver/share/livox_ros2_driver/config/livox_hub_config.json
[3.335s] -- Up-to-date symlink: /home/naoya/wildpose_v1.3/wildpose/install/livox_ros2_driver/share/livox_ros2_driver/config/livox_lidar.rviz
[3.336s] -- Up-to-date symlink: /home/naoya/wildpose_v1.3/wildpose/install/livox_ros2_driver/share/livox_ros2_driver/config/livox_lidar_config.json
[3.336s] -- Up-to-date symlink: /home/naoya/wildpose_v1.3/wildpose/install/livox_ros2_driver/share/livox_ros2_driver/launch/livox_hub_launch.py
[3.336s] -- Up-to-date symlink: /home/naoya/wildpose_v1.3/wildpose/install/livox_ros2_driver/share/livox_ros2_driver/launch/livox_hub_msg_launch .py
[3.336s] -- Up-to-date symlink: /home/naoya/wildpose_v1.3/wildpose/install/livox_ros2_driver/share/livox_ros2_driver/launch/livox_hub_rviz_launch.py
[3.336s] -- Up-to-date symlink: /home/naoya/wildpose_v1.3/wildpose/install/livox_ros2_driver/share/livox_ros2_driver/launch/livox_lidar_launch.py
[3.336s] -- Up-to-date symlink: /home/naoya/wildpose_v1.3/wildpose/install/livox_ros2_driver/share/livox_ros2_driver/launch/livox_lidar_msg_launch.py
[3.336s] -- Up-to-date symlink: /home/naoya/wildpose_v1.3/wildpose/install/livox_ros2_driver/share/livox_ros2_driver/launch/livox_lidar_rviz_launch.py
[3.337s] -- Up-to-date symlink: /home/naoya/wildpose_v1.3/wildpose/install/livox_ros2_driver/share/livox_ros2_driver/launch/livox_template_launch.py
[3.337s] -- Up-to-date symlink: /home/naoya/wildpose_v1.3/wildpose/install/livox_ros2_driver/share/ament_index/resource_index/package_run_dependencies/livox_ros2_driver
[3.337s] -- Up-to-date symlink: /home/naoya/wildpose_v1.3/wildpose/install/livox_ros2_driver/share/ament_index/resource_index/parent_prefix_path/livox_ros2_driver
[3.340s] -- Up-to-date symlink: /home/naoya/wildpose_v1.3/wildpose/install/livox_ros2_driver/share/livox_ros2_driver/environment/ament_prefix_path.sh
[3.340s] -- Up-to-date symlink: /home/naoya/wildpose_v1.3/wildpose/install/livox_ros2_driver/share/livox_ros2_driver/environment/ament_prefix_path.dsv
[3.340s] -- Up-to-date symlink: /home/naoya/wildpose_v1.3/wildpose/install/livox_ros2_driver/share/livox_ros2_driver/environment/path.sh
[3.341s] -- Up-to-date symlink: /home/naoya/wildpose_v1.3/wildpose/install/livox_ros2_driver/share/livox_ros2_driver/environment/path.dsv
[3.341s] -- Up-to-date symlink: /home/naoya/wildpose_v1.3/wildpose/install/livox_ros2_driver/share/livox_ros2_driver/local_setup.bash
[3.341s] -- Up-to-date symlink: /home/naoya/wildpose_v1.3/wildpose/install/livox_ros2_driver/share/livox_ros2_driver/local_setup.sh
[3.344s] -- Up-to-date symlink: /home/naoya/wildpose_v1.3/wildpose/install/livox_ros2_driver/share/livox_ros2_driver/local_setup.zsh
[3.345s] -- Up-to-date symlink: /home/naoya/wildpose_v1.3/wildpose/install/livox_ros2_driver/share/livox_ros2_driver/local_setup.dsv
[3.345s] -- Symlinking: /home/naoya/wildpose_v1.3/wildpose/install/livox_ros2_driver/share/livox_ros2_driver/package.dsv
[3.353s] -- Up-to-date symlink: /home/naoya/wildpose_v1.3/wildpose/install/livox_ros2_driver/share/ament_index/resource_index/packages/livox_ros2_driver
[3.354s] -- Up-to-date symlink: /home/naoya/wildpose_v1.3/wildpose/install/livox_ros2_driver/share/ament_index/resource_index/rclcpp_components/livox_ros2_driver
[3.354s] -- Up-to-date symlink: /home/naoya/wildpose_v1.3/wildpose/install/livox_ros2_driver/share/livox_ros2_driver/cmake/ament_cmake_export_dependencies-extras.cmake
[3.354s] -- Up-to-date symlink: /home/naoya/wildpose_v1.3/wildpose/install/livox_ros2_driver/share/livox_ros2_driver/cmake/ament_cmake_export_libraries-extras.cmake
[3.354s] -- Up-to-date symlink: /home/naoya/wildpose_v1.3/wildpose/install/livox_ros2_driver/share/livox_ros2_driver/cmake/livox_ros2_driverConfig.cmake
[3.354s] -- Up-to-date symlink: /home/naoya/wildpose_v1.3/wildpose/install/livox_ros2_driver/share/livox_ros2_driver/cmake/livox_ros2_driverConfig-version.cmake
[3.354s] -- Up-to-date symlink: /home/naoya/wildpose_v1.3/wildpose/install/livox_ros2_driver/share/livox_ros2_driver/package.xml
[3.357s] Invoked command in '/home/naoya/wildpose_v1.3/wildpose/build/livox_ros2_driver' returned '0': AMENT_PREFIX_PATH=/home/naoya/wildpose_v1.3/wildpose/install/livox_sdk_vendor:/home/naoya/wildpose_v1.3/wildpose/install/livox_interfaces:${AMENT_PREFIX_PATH} CMAKE_PREFIX_PATH=/home/naoya/wildpose_v1.3/wildpose/install/livox_sdk_vendor:/home/naoya/wildpose_v1.3/wildpose/install/livox_interfaces:/home/naoya/WildPose_v1.2/wildpose/install/wildpose_bringup:/home/naoya/WildPose_v1.2/wildpose/install/wildpose_interfaces:/home/naoya/ros2_ws/livox_ros2_driver/install/livox_ros2_driver:/home/naoya/ros2_ws/livox_ros2_driver/install/livox_sdk_vendor:/home/naoya/ros2_ws/livox_ros2_driver/install/livox_interfaces:/home/naoya/ros2_ws/ximea_ros2_cam/install/ximea_ros2_cam:/home/naoya/ros2_ws/rmw_ecal/install/rmw_ecal_dynamic_cpp:/home/naoya/ros2_ws/rmw_ecal/install/rmw_ecal_shared_cpp:/home/naoya/WildPose_v1.2/wildpose/install/motor_controller_pkg:/home/naoya/WildPose_v1.2/wildpose/install/gamepad_pkg:/opt/ros/foxy LD_LIBRARY_PATH=/home/naoya/wildpose_v1.3/wildpose/install/livox_interfaces/lib:${LD_LIBRARY_PATH} PYTHONPATH=/home/naoya/wildpose_v1.3/wildpose/install/livox_interfaces/lib/python3.8/site-packages:${PYTHONPATH} /usr/bin/cmake --install /home/naoya/wildpose_v1.3/wildpose/build/livox_ros2_driver
