[0.593s] Invoking command in '/home/naoya/wildpose_v1.3/wildpose/build/cv_bridge': CMAKE_PREFIX_PATH=${CMAKE_PREFIX_PATH}:/opt/ros/foxy /usr/bin/cmake /home/naoya/wildpose_v1.3/wildpose/src/vision_opencv/cv_bridge -DCMAKE_INSTALL_PREFIX=/home/naoya/wildpose_v1.3/wildpose/install/cv_bridge
[0.818s] -- The C compiler identification is GNU 9.4.0
[0.857s] -- The CXX compiler identification is GNU 9.4.0
[0.863s] -- Check for working C compiler: /usr/bin/cc
[0.939s] -- Check for working C compiler: /usr/bin/cc -- works
[0.940s] -- Detecting C compiler ABI info
[1.003s] -- Detecting C compiler ABI info - done
[1.017s] -- Detecting C compile features
[1.017s] -- Detecting C compile features - done
[1.020s] -- Check for working CXX compiler: /usr/bin/c++
[1.089s] -- Check for working CXX compiler: /usr/bin/c++ -- works
[1.090s] -- Detecting CXX compiler ABI info
[1.153s] -- Detecting CXX compiler ABI info - done
[1.168s] -- Detecting CXX compile features
[1.168s] -- Detecting CXX compile features - done
[1.171s] -- Found ament_cmake_ros: 0.9.2 (/opt/ros/foxy/share/ament_cmake_ros/cmake)
[1.204s] -- Found PythonInterp: /usr/bin/python3 (found suitable version "3.8.10", minimum required is "3") 
[1.205s] -- Using PYTHON_EXECUTABLE: /usr/bin/python3
[1.362s] -- Found PythonLibs: /usr/lib/x86_64-linux-gnu/libpython3.8.so (found version "3.8.10") 
[1.370s] -- Boost_VERSION_STRING: 1.71.0
[1.377s] -- Found Boost: /usr/lib/x86_64-linux-gnu/cmake/Boost-1.71.0/BoostConfig.cmake (found version "1.71.0") found components: python38 
[1.380s] -- Found rcpputils: 1.3.2 (/opt/ros/foxy/share/rcpputils/cmake)
[1.392s] -- Found sensor_msgs: 2.0.5 (/opt/ros/foxy/share/sensor_msgs/cmake)
[1.411s] -- Using all available rosidl_typesupport_c: rosidl_typesupport_fastrtps_c;rosidl_typesupport_introspection_c
[1.417s] -- Found rosidl_adapter: 1.3.1 (/opt/ros/foxy/share/rosidl_adapter/cmake)
[1.467s] -- Found OpenSSL: /usr/lib/x86_64-linux-gnu/libcrypto.so (found version "1.1.1f")  
[1.486s] -- Found FastRTPS: /opt/ros/foxy/include  
[1.533s] -- Using all available rosidl_typesupport_cpp: rosidl_typesupport_fastrtps_cpp;rosidl_typesupport_introspection_cpp
[1.670s] -- Performing Test COMPILER_HAS_HIDDEN_VISIBILITY
[1.726s] -- Performing Test COMPILER_HAS_HIDDEN_VISIBILITY - Success
[1.727s] -- Performing Test COMPILER_HAS_HIDDEN_INLINE_VISIBILITY
[1.779s] -- Performing Test COMPILER_HAS_HIDDEN_INLINE_VISIBILITY - Success
[1.780s] -- Performing Test COMPILER_HAS_DEPRECATED_ATTR
[1.835s] -- Performing Test COMPILER_HAS_DEPRECATED_ATTR - Success
[1.850s] -- Found PythonInterp: /usr/bin/python3 (found version "3.8.10") 
[1.856s] -- Found PythonLibs: /usr/lib/x86_64-linux-gnu/libpython3.8.so (found suitable version "3.8.10", minimum required is "3.8") 
[2.021s] -- Found ament_lint_auto: 0.9.8 (/opt/ros/foxy/share/ament_lint_auto/cmake)
[2.072s] -- Found gtest sources under '/opt/ros/foxy/src/gtest_vendor': C++ tests using 'Google Test' will be built
[2.074s] -- Looking for pthread.h
[2.126s] -- Looking for pthread.h - found
[2.126s] -- Performing Test CMAKE_HAVE_LIBC_PTHREAD
[2.208s] -- Performing Test CMAKE_HAVE_LIBC_PTHREAD - Failed
[2.208s] -- Check if compiler accepts -pthread
[2.289s] -- Check if compiler accepts -pthread - yes
[2.290s] -- Found Threads: TRUE  
[4.038s] -- Configuring done
[4.059s] -- Generating done
[4.062s] -- Build files have been written to: /home/naoya/wildpose_v1.3/wildpose/build/cv_bridge
[4.073s] Invoked command in '/home/naoya/wildpose_v1.3/wildpose/build/cv_bridge' returned '0': CMAKE_PREFIX_PATH=${CMAKE_PREFIX_PATH}:/opt/ros/foxy /usr/bin/cmake /home/naoya/wildpose_v1.3/wildpose/src/vision_opencv/cv_bridge -DCMAKE_INSTALL_PREFIX=/home/naoya/wildpose_v1.3/wildpose/install/cv_bridge
[4.074s] Invoking command in '/home/naoya/wildpose_v1.3/wildpose/build/cv_bridge': CMAKE_PREFIX_PATH=${CMAKE_PREFIX_PATH}:/opt/ros/foxy /usr/bin/cmake --build /home/naoya/wildpose_v1.3/wildpose/build/cv_bridge -- -j16 -l16
[4.123s] [35m[1mScanning dependencies of target gtest[0m
[4.123s] [35m[1mScanning dependencies of target gtest_main[0m
[4.124s] [35m[1mScanning dependencies of target cv_bridge[0m
[4.141s] [  6%] [32mBuilding CXX object gtest/CMakeFiles/gtest_main.dir/src/gtest_main.cc.o[0m
[4.142s] [ 12%] [32mBuilding CXX object gtest/CMakeFiles/gtest.dir/src/gtest-all.cc.o[0m
[4.168s] [ 25%] [32mBuilding CXX object src/CMakeFiles/cv_bridge.dir/cv_bridge.cpp.o[0m
[4.168s] [ 25%] [32mBuilding CXX object src/CMakeFiles/cv_bridge.dir/rgb_colors.cpp.o[0m
[4.631s] [ 31%] [32m[1mLinking CXX static library libgtest_main.a[0m
[4.656s] [ 31%] Built target gtest_main
[7.109s] [ 37%] [32m[1mLinking CXX static library libgtest.a[0m
[7.143s] [ 37%] Built target gtest
[7.386s] [ 43%] [32m[1mLinking CXX shared library libcv_bridge.so[0m
[7.490s] [ 43%] Built target cv_bridge
[7.497s] [35m[1mScanning dependencies of target cv_bridge_boost[0m
[7.501s] [35m[1mScanning dependencies of target cv_bridge-utest[0m
[7.524s] [ 50%] [32mBuilding CXX object src/CMakeFiles/cv_bridge_boost.dir/module_opencv3.cpp.o[0m
[7.526s] [ 56%] [32mBuilding CXX object src/CMakeFiles/cv_bridge_boost.dir/module.cpp.o[0m
[7.550s] [ 62%] [32mBuilding CXX object test/CMakeFiles/cv_bridge-utest.dir/utest2.cpp.o[0m
[7.551s] [ 81%] [32mBuilding CXX object test/CMakeFiles/cv_bridge-utest.dir/test_compression.cpp.o[0m
[7.552s] [ 81%] [32mBuilding CXX object test/CMakeFiles/cv_bridge-utest.dir/test_endian.cpp.o[0m
[7.552s] [ 81%] [32mBuilding CXX object test/CMakeFiles/cv_bridge-utest.dir/utest.cpp.o[0m
[7.552s] [ 87%] [32mBuilding CXX object test/CMakeFiles/cv_bridge-utest.dir/test_rgb_colors.cpp.o[0m
[9.385s] [ 93%] [32m[1mLinking CXX executable cv_bridge-utest[0m
[9.884s] [100%] [32m[1mLinking CXX shared library boost/cv_bridge_boost.so[0m
[9.990s] [100%] Built target cv_bridge_boost
[9.990s] [100%] Built target cv_bridge-utest
[10.000s] Invoked command in '/home/naoya/wildpose_v1.3/wildpose/build/cv_bridge' returned '0': CMAKE_PREFIX_PATH=${CMAKE_PREFIX_PATH}:/opt/ros/foxy /usr/bin/cmake --build /home/naoya/wildpose_v1.3/wildpose/build/cv_bridge -- -j16 -l16
[10.018s] Invoking command in '/home/naoya/wildpose_v1.3/wildpose/build/cv_bridge': CMAKE_PREFIX_PATH=${CMAKE_PREFIX_PATH}:/opt/ros/foxy /usr/bin/cmake --install /home/naoya/wildpose_v1.3/wildpose/build/cv_bridge
[10.024s] -- Install configuration: ""
[10.024s] -- Installing: /home/naoya/wildpose_v1.3/wildpose/install/cv_bridge/share/cv_bridge/environment/pythonpath.sh
[10.024s] -- Installing: /home/naoya/wildpose_v1.3/wildpose/install/cv_bridge/share/cv_bridge/environment/pythonpath.dsv
[10.024s] -- Installing: /home/naoya/wildpose_v1.3/wildpose/install/cv_bridge/lib/python3.8/site-packages/cv_bridge
[10.024s] -- Installing: /home/naoya/wildpose_v1.3/wildpose/install/cv_bridge/lib/python3.8/site-packages/cv_bridge/__init__.py
[10.024s] -- Installing: /home/naoya/wildpose_v1.3/wildpose/install/cv_bridge/lib/python3.8/site-packages/cv_bridge/core.py
[10.046s] Listing '/home/naoya/wildpose_v1.3/wildpose/install/cv_bridge/lib/python3.8/site-packages/cv_bridge'...
[10.046s] Compiling '/home/naoya/wildpose_v1.3/wildpose/install/cv_bridge/lib/python3.8/site-packages/cv_bridge/__init__.py'...
[10.046s] Compiling '/home/naoya/wildpose_v1.3/wildpose/install/cv_bridge/lib/python3.8/site-packages/cv_bridge/core.py'...
[10.049s] -- Installing: /home/naoya/wildpose_v1.3/wildpose/install/cv_bridge/share/cv_bridge/environment/library_path.sh
[10.049s] -- Installing: /home/naoya/wildpose_v1.3/wildpose/install/cv_bridge/share/cv_bridge/environment/library_path.dsv
[10.049s] -- Installing: /home/naoya/wildpose_v1.3/wildpose/install/cv_bridge/include/cv_bridge
[10.050s] -- Installing: /home/naoya/wildpose_v1.3/wildpose/install/cv_bridge/include/cv_bridge/rgb_colors.h
[10.050s] -- Installing: /home/naoya/wildpose_v1.3/wildpose/install/cv_bridge/include/cv_bridge/cv_bridge.h
[10.050s] -- Installing: /home/naoya/wildpose_v1.3/wildpose/install/cv_bridge/lib/libcv_bridge.so
[10.052s] -- Set runtime path of "/home/naoya/wildpose_v1.3/wildpose/install/cv_bridge/lib/libcv_bridge.so" to ""
[10.052s] -- Installing: /home/naoya/wildpose_v1.3/wildpose/install/cv_bridge/share/ament_index/resource_index/package_run_dependencies/cv_bridge
[10.052s] -- Installing: /home/naoya/wildpose_v1.3/wildpose/install/cv_bridge/share/ament_index/resource_index/parent_prefix_path/cv_bridge
[10.052s] -- Installing: /home/naoya/wildpose_v1.3/wildpose/install/cv_bridge/share/cv_bridge/environment/ament_prefix_path.sh
[10.052s] -- Installing: /home/naoya/wildpose_v1.3/wildpose/install/cv_bridge/share/cv_bridge/environment/ament_prefix_path.dsv
[10.052s] -- Installing: /home/naoya/wildpose_v1.3/wildpose/install/cv_bridge/share/cv_bridge/environment/path.sh
[10.052s] -- Installing: /home/naoya/wildpose_v1.3/wildpose/install/cv_bridge/share/cv_bridge/environment/path.dsv
[10.052s] -- Installing: /home/naoya/wildpose_v1.3/wildpose/install/cv_bridge/share/cv_bridge/local_setup.bash
[10.053s] -- Installing: /home/naoya/wildpose_v1.3/wildpose/install/cv_bridge/share/cv_bridge/local_setup.sh
[10.053s] -- Installing: /home/naoya/wildpose_v1.3/wildpose/install/cv_bridge/share/cv_bridge/local_setup.zsh
[10.053s] -- Installing: /home/naoya/wildpose_v1.3/wildpose/install/cv_bridge/share/cv_bridge/local_setup.dsv
[10.053s] -- Installing: /home/naoya/wildpose_v1.3/wildpose/install/cv_bridge/share/cv_bridge/package.dsv
[10.053s] -- Installing: /home/naoya/wildpose_v1.3/wildpose/install/cv_bridge/share/ament_index/resource_index/packages/cv_bridge
[10.053s] -- Installing: /home/naoya/wildpose_v1.3/wildpose/install/cv_bridge/share/cv_bridge/cmake/cv_bridge-extras.cmake
[10.053s] -- Installing: /home/naoya/wildpose_v1.3/wildpose/install/cv_bridge/share/cv_bridge/cmake/ament_cmake_export_dependencies-extras.cmake
[10.053s] -- Installing: /home/naoya/wildpose_v1.3/wildpose/install/cv_bridge/share/cv_bridge/cmake/ament_cmake_export_include_directories-extras.cmake
[10.053s] -- Installing: /home/naoya/wildpose_v1.3/wildpose/install/cv_bridge/share/cv_bridge/cmake/ament_cmake_export_libraries-extras.cmake
[10.054s] -- Installing: /home/naoya/wildpose_v1.3/wildpose/install/cv_bridge/share/cv_bridge/cmake/cv_bridgeConfig.cmake
[10.054s] -- Installing: /home/naoya/wildpose_v1.3/wildpose/install/cv_bridge/share/cv_bridge/cmake/cv_bridgeConfig-version.cmake
[10.054s] -- Installing: /home/naoya/wildpose_v1.3/wildpose/install/cv_bridge/share/cv_bridge/package.xml
[10.054s] -- Up-to-date: /home/naoya/wildpose_v1.3/wildpose/install/cv_bridge/lib/libcv_bridge.so
[10.054s] -- Installing: /home/naoya/wildpose_v1.3/wildpose/install/cv_bridge/include/cv_bridge/cv_bridge_export.h
[10.055s] -- Installing: /home/naoya/wildpose_v1.3/wildpose/install/cv_bridge/lib/python3.8/site-packages/cv_bridge/boost/cv_bridge_boost.so
[10.055s] -- Set runtime path of "/home/naoya/wildpose_v1.3/wildpose/install/cv_bridge/lib/python3.8/site-packages/cv_bridge/boost/cv_bridge_boost.so" to ""
[10.059s] Invoked command in '/home/naoya/wildpose_v1.3/wildpose/build/cv_bridge' returned '0': CMAKE_PREFIX_PATH=${CMAKE_PREFIX_PATH}:/opt/ros/foxy /usr/bin/cmake --install /home/naoya/wildpose_v1.3/wildpose/build/cv_bridge
