[1.012s] Invoking command in '/home/naoya/wildpose_v1.3/wildpose/build/cv_bridge': CMAKE_PREFIX_PATH=${CMAKE_PREFIX_PATH}:/home/naoya/WildPose_v1.2/wildpose/install/motor_controller_pkg:/home/naoya/WildPose_v1.2/wildpose/install/gamepad_pkg:/opt/ros/foxy /usr/bin/cmake /home/naoya/wildpose_v1.3/wildpose/src/vision_opencv/cv_bridge -DCMAKE_INSTALL_PREFIX=/home/naoya/wildpose_v1.3/wildpose/install/cv_bridge
[1.308s] -- The C compiler identification is GNU 9.4.0
[1.308s] -- The CXX compiler identification is GNU 9.4.0
[1.308s] -- Check for working C compiler: /usr/bin/cc
[1.322s] -- Check for working C compiler: /usr/bin/cc -- works
[1.323s] -- Detecting C compiler ABI info
[1.385s] -- Detecting C compiler ABI info - done
[1.397s] -- Detecting C compile features
[1.398s] -- Detecting C compile features - done
[1.399s] -- Check for working CXX compiler: /usr/bin/c++
[1.457s] -- Check for working CXX compiler: /usr/bin/c++ -- works
[1.458s] -- Detecting CXX compiler ABI info
[1.516s] -- Detecting CXX compiler ABI info - done
[1.530s] -- Detecting CXX compile features
[1.531s] -- Detecting CXX compile features - done
[1.533s] -- Found ament_cmake_ros: 0.9.2 (/opt/ros/foxy/share/ament_cmake_ros/cmake)
[1.565s] -- Found PythonInterp: /usr/bin/python3 (found suitable version "3.8.10", minimum required is "3") 
[1.565s] -- Using PYTHON_EXECUTABLE: /usr/bin/python3
[1.718s] -- Found PythonLibs: /usr/lib/x86_64-linux-gnu/libpython3.8.so (found version "3.8.10") 
[1.731s] -- Boost_VERSION_STRING: 1.71.0
[1.739s] -- Found Boost: /usr/lib/x86_64-linux-gnu/cmake/Boost-1.71.0/BoostConfig.cmake (found version "1.71.0") found components: python38 
[1.742s] -- Found rcpputils: 1.3.2 (/opt/ros/foxy/share/rcpputils/cmake)
[1.756s] -- Found sensor_msgs: 2.0.5 (/opt/ros/foxy/share/sensor_msgs/cmake)
[1.780s] -- Using all available rosidl_typesupport_c: rosidl_typesupport_fastrtps_c;rosidl_typesupport_introspection_c
[1.790s] -- Found rosidl_adapter: 1.3.1 (/opt/ros/foxy/share/rosidl_adapter/cmake)
[1.869s] -- Found OpenSSL: /usr/lib/x86_64-linux-gnu/libcrypto.so (found version "1.1.1f")  
[1.904s] -- Found FastRTPS: /opt/ros/foxy/include  
[1.987s] -- Using all available rosidl_typesupport_cpp: rosidl_typesupport_fastrtps_cpp;rosidl_typesupport_introspection_cpp
[2.133s] -- Performing Test COMPILER_HAS_HIDDEN_VISIBILITY
[2.186s] -- Performing Test COMPILER_HAS_HIDDEN_VISIBILITY - Success
[2.187s] -- Performing Test COMPILER_HAS_HIDDEN_INLINE_VISIBILITY
[2.246s] -- Performing Test COMPILER_HAS_HIDDEN_INLINE_VISIBILITY - Success
[2.246s] -- Performing Test COMPILER_HAS_DEPRECATED_ATTR
[2.299s] -- Performing Test COMPILER_HAS_DEPRECATED_ATTR - Success
[2.321s] -- Found PythonInterp: /usr/bin/python3 (found version "3.8.10") 
[2.322s] -- Found PythonLibs: /usr/lib/x86_64-linux-gnu/libpython3.8.so (found suitable version "3.8.10", minimum required is "3.8") 
[2.453s] -- Found ament_lint_auto: 0.9.8 (/opt/ros/foxy/share/ament_lint_auto/cmake)
[2.510s] -- Found gtest sources under '/opt/ros/foxy/src/gtest_vendor': C++ tests using 'Google Test' will be built
[2.512s] -- Looking for pthread.h
[2.562s] -- Looking for pthread.h - found
[2.563s] -- Performing Test CMAKE_HAVE_LIBC_PTHREAD
[2.618s] -- Performing Test CMAKE_HAVE_LIBC_PTHREAD - Failed
[2.618s] -- Check if compiler accepts -pthread
[2.673s] -- Check if compiler accepts -pthread - yes
[2.674s] -- Found Threads: TRUE  
[4.476s] -- Configuring done
[4.496s] -- Generating done
[4.498s] -- Build files have been written to: /home/naoya/wildpose_v1.3/wildpose/build/cv_bridge
[4.507s] Invoked command in '/home/naoya/wildpose_v1.3/wildpose/build/cv_bridge' returned '0': CMAKE_PREFIX_PATH=${CMAKE_PREFIX_PATH}:/home/naoya/WildPose_v1.2/wildpose/install/motor_controller_pkg:/home/naoya/WildPose_v1.2/wildpose/install/gamepad_pkg:/opt/ros/foxy /usr/bin/cmake /home/naoya/wildpose_v1.3/wildpose/src/vision_opencv/cv_bridge -DCMAKE_INSTALL_PREFIX=/home/naoya/wildpose_v1.3/wildpose/install/cv_bridge
[4.511s] Invoking command in '/home/naoya/wildpose_v1.3/wildpose/build/cv_bridge': CMAKE_PREFIX_PATH=${CMAKE_PREFIX_PATH}:/home/naoya/WildPose_v1.2/wildpose/install/motor_controller_pkg:/home/naoya/WildPose_v1.2/wildpose/install/gamepad_pkg:/opt/ros/foxy /usr/bin/cmake --build /home/naoya/wildpose_v1.3/wildpose/build/cv_bridge -- -j16 -l16
[4.561s] [35m[1mScanning dependencies of target gtest_main[0m
[4.561s] [35m[1mScanning dependencies of target gtest[0m
[4.561s] [35m[1mScanning dependencies of target cv_bridge[0m
[4.578s] [  6%] [32mBuilding CXX object gtest/CMakeFiles/gtest_main.dir/src/gtest_main.cc.o[0m
[4.579s] [ 12%] [32mBuilding CXX object gtest/CMakeFiles/gtest.dir/src/gtest-all.cc.o[0m
[4.603s] [ 18%] [32mBuilding CXX object src/CMakeFiles/cv_bridge.dir/cv_bridge.cpp.o[0m
[4.604s] [ 25%] [32mBuilding CXX object src/CMakeFiles/cv_bridge.dir/rgb_colors.cpp.o[0m
[5.185s] [ 31%] [32m[1mLinking CXX static library libgtest_main.a[0m
[5.210s] [ 31%] Built target gtest_main
[6.952s] [ 37%] [32m[1mLinking CXX static library libgtest.a[0m
[6.989s] [ 37%] Built target gtest
[7.723s] [ 43%] [32m[1mLinking CXX shared library libcv_bridge.so[0m
[7.825s] [ 43%] Built target cv_bridge
[7.832s] [35m[1mScanning dependencies of target cv_bridge_boost[0m
[7.833s] [35m[1mScanning dependencies of target cv_bridge-utest[0m
[7.860s] [ 50%] [32mBuilding CXX object test/CMakeFiles/cv_bridge-utest.dir/test_endian.cpp.o[0m
[7.861s] [ 56%] [32mBuilding CXX object test/CMakeFiles/cv_bridge-utest.dir/utest2.cpp.o[0m
[7.863s] [ 62%] [32mBuilding CXX object src/CMakeFiles/cv_bridge_boost.dir/module.cpp.o[0m
[7.863s] [ 68%] [32mBuilding CXX object test/CMakeFiles/cv_bridge-utest.dir/utest.cpp.o[0m
[7.864s] [ 75%] [32mBuilding CXX object src/CMakeFiles/cv_bridge_boost.dir/module_opencv3.cpp.o[0m
[7.864s] [ 81%] [32mBuilding CXX object test/CMakeFiles/cv_bridge-utest.dir/test_compression.cpp.o[0m
[7.865s] [ 87%] [32mBuilding CXX object test/CMakeFiles/cv_bridge-utest.dir/test_rgb_colors.cpp.o[0m
[9.368s] [ 93%] [32m[1mLinking CXX executable cv_bridge-utest[0m
[9.761s] [ 93%] Built target cv_bridge-utest
[10.675s] [100%] [32m[1mLinking CXX shared library boost/cv_bridge_boost.so[0m
[10.774s] [100%] Built target cv_bridge_boost
[10.784s] Invoked command in '/home/naoya/wildpose_v1.3/wildpose/build/cv_bridge' returned '0': CMAKE_PREFIX_PATH=${CMAKE_PREFIX_PATH}:/home/naoya/WildPose_v1.2/wildpose/install/motor_controller_pkg:/home/naoya/WildPose_v1.2/wildpose/install/gamepad_pkg:/opt/ros/foxy /usr/bin/cmake --build /home/naoya/wildpose_v1.3/wildpose/build/cv_bridge -- -j16 -l16
[10.811s] Invoking command in '/home/naoya/wildpose_v1.3/wildpose/build/cv_bridge': CMAKE_PREFIX_PATH=${CMAKE_PREFIX_PATH}:/home/naoya/WildPose_v1.2/wildpose/install/motor_controller_pkg:/home/naoya/WildPose_v1.2/wildpose/install/gamepad_pkg:/opt/ros/foxy /usr/bin/cmake --install /home/naoya/wildpose_v1.3/wildpose/build/cv_bridge
[10.817s] -- Install configuration: ""
[10.817s] -- Installing: /home/naoya/wildpose_v1.3/wildpose/install/cv_bridge/share/cv_bridge/environment/pythonpath.sh
[10.817s] -- Installing: /home/naoya/wildpose_v1.3/wildpose/install/cv_bridge/share/cv_bridge/environment/pythonpath.dsv
[10.817s] -- Installing: /home/naoya/wildpose_v1.3/wildpose/install/cv_bridge/lib/python3.8/site-packages/cv_bridge
[10.817s] -- Installing: /home/naoya/wildpose_v1.3/wildpose/install/cv_bridge/lib/python3.8/site-packages/cv_bridge/__init__.py
[10.817s] -- Installing: /home/naoya/wildpose_v1.3/wildpose/install/cv_bridge/lib/python3.8/site-packages/cv_bridge/core.py
[10.843s] Listing '/home/naoya/wildpose_v1.3/wildpose/install/cv_bridge/lib/python3.8/site-packages/cv_bridge'...
[10.843s] Compiling '/home/naoya/wildpose_v1.3/wildpose/install/cv_bridge/lib/python3.8/site-packages/cv_bridge/__init__.py'...
[10.843s] Compiling '/home/naoya/wildpose_v1.3/wildpose/install/cv_bridge/lib/python3.8/site-packages/cv_bridge/core.py'...
[10.846s] -- Installing: /home/naoya/wildpose_v1.3/wildpose/install/cv_bridge/share/cv_bridge/environment/library_path.sh
[10.846s] -- Installing: /home/naoya/wildpose_v1.3/wildpose/install/cv_bridge/share/cv_bridge/environment/library_path.dsv
[10.846s] -- Installing: /home/naoya/wildpose_v1.3/wildpose/install/cv_bridge/include/cv_bridge
[10.847s] -- Installing: /home/naoya/wildpose_v1.3/wildpose/install/cv_bridge/include/cv_bridge/rgb_colors.h
[10.847s] -- Installing: /home/naoya/wildpose_v1.3/wildpose/install/cv_bridge/include/cv_bridge/cv_bridge.h
[10.847s] -- Installing: /home/naoya/wildpose_v1.3/wildpose/install/cv_bridge/lib/libcv_bridge.so
[10.849s] -- Set runtime path of "/home/naoya/wildpose_v1.3/wildpose/install/cv_bridge/lib/libcv_bridge.so" to ""
[10.849s] -- Installing: /home/naoya/wildpose_v1.3/wildpose/install/cv_bridge/share/ament_index/resource_index/package_run_dependencies/cv_bridge
[10.849s] -- Installing: /home/naoya/wildpose_v1.3/wildpose/install/cv_bridge/share/ament_index/resource_index/parent_prefix_path/cv_bridge
[10.849s] -- Installing: /home/naoya/wildpose_v1.3/wildpose/install/cv_bridge/share/cv_bridge/environment/ament_prefix_path.sh
[10.849s] -- Installing: /home/naoya/wildpose_v1.3/wildpose/install/cv_bridge/share/cv_bridge/environment/ament_prefix_path.dsv
[10.849s] -- Installing: /home/naoya/wildpose_v1.3/wildpose/install/cv_bridge/share/cv_bridge/environment/path.sh
[10.850s] -- Installing: /home/naoya/wildpose_v1.3/wildpose/install/cv_bridge/share/cv_bridge/environment/path.dsv
[10.850s] -- Installing: /home/naoya/wildpose_v1.3/wildpose/install/cv_bridge/share/cv_bridge/local_setup.bash
[10.850s] -- Installing: /home/naoya/wildpose_v1.3/wildpose/install/cv_bridge/share/cv_bridge/local_setup.sh
[10.850s] -- Installing: /home/naoya/wildpose_v1.3/wildpose/install/cv_bridge/share/cv_bridge/local_setup.zsh
[10.850s] -- Installing: /home/naoya/wildpose_v1.3/wildpose/install/cv_bridge/share/cv_bridge/local_setup.dsv
[10.850s] -- Installing: /home/naoya/wildpose_v1.3/wildpose/install/cv_bridge/share/cv_bridge/package.dsv
[10.850s] -- Installing: /home/naoya/wildpose_v1.3/wildpose/install/cv_bridge/share/ament_index/resource_index/packages/cv_bridge
[10.850s] -- Installing: /home/naoya/wildpose_v1.3/wildpose/install/cv_bridge/share/cv_bridge/cmake/cv_bridge-extras.cmake
[10.851s] -- Installing: /home/naoya/wildpose_v1.3/wildpose/install/cv_bridge/share/cv_bridge/cmake/ament_cmake_export_dependencies-extras.cmake
[10.851s] -- Installing: /home/naoya/wildpose_v1.3/wildpose/install/cv_bridge/share/cv_bridge/cmake/ament_cmake_export_include_directories-extras.cmake
[10.851s] -- Installing: /home/naoya/wildpose_v1.3/wildpose/install/cv_bridge/share/cv_bridge/cmake/ament_cmake_export_libraries-extras.cmake
[10.851s] -- Installing: /home/naoya/wildpose_v1.3/wildpose/install/cv_bridge/share/cv_bridge/cmake/cv_bridgeConfig.cmake
[10.851s] -- Installing: /home/naoya/wildpose_v1.3/wildpose/install/cv_bridge/share/cv_bridge/cmake/cv_bridgeConfig-version.cmake
[10.851s] -- Installing: /home/naoya/wildpose_v1.3/wildpose/install/cv_bridge/share/cv_bridge/package.xml
[10.852s] -- Up-to-date: /home/naoya/wildpose_v1.3/wildpose/install/cv_bridge/lib/libcv_bridge.so
[10.852s] -- Installing: /home/naoya/wildpose_v1.3/wildpose/install/cv_bridge/include/cv_bridge/cv_bridge_export.h
[10.852s] -- Installing: /home/naoya/wildpose_v1.3/wildpose/install/cv_bridge/lib/python3.8/site-packages/cv_bridge/boost/cv_bridge_boost.so
[10.853s] -- Set runtime path of "/home/naoya/wildpose_v1.3/wildpose/install/cv_bridge/lib/python3.8/site-packages/cv_bridge/boost/cv_bridge_boost.so" to ""
[10.856s] Invoked command in '/home/naoya/wildpose_v1.3/wildpose/build/cv_bridge' returned '0': CMAKE_PREFIX_PATH=${CMAKE_PREFIX_PATH}:/home/naoya/WildPose_v1.2/wildpose/install/motor_controller_pkg:/home/naoya/WildPose_v1.2/wildpose/install/gamepad_pkg:/opt/ros/foxy /usr/bin/cmake --install /home/naoya/wildpose_v1.3/wildpose/build/cv_bridge
