[0.874s] Invoking command in '/home/m2s2/WildPose_v1.2-main/wildpose/src/lidar_control_package': AMENT_PREFIX_PATH=/home/m2s2/WildPose_v1.2-main/wildpose/src/install/wildpose_interfaces:${AMENT_PREFIX_PATH} CMAKE_PREFIX_PATH=/home/m2s2/WildPose_v1.2-main/wildpose/src/install/wildpose_interfaces:${CMAKE_PREFIX_PATH} LD_LIBRARY_PATH=/home/m2s2/WildPose_v1.2-main/wildpose/src/install/wildpose_interfaces/lib:${LD_LIBRARY_PATH} PYTHONPATH=/home/m2s2/WildPose_v1.2-main/wildpose/src/build/lidar_control_package/prefix_override:/home/m2s2/WildPose_v1.2-main/wildpose/src/install/lidar_control_package/lib/python3.8/site-packages:/home/m2s2/WildPose_v1.2-main/wildpose/src/install/wildpose_interfaces/lib/python3.8/site-packages:${PYTHONPATH} /usr/bin/python3 -W ignore:setup.py install is deprecated setup.py egg_info --egg-base ../build/lidar_control_package build --build-base /home/m2s2/WildPose_v1.2-main/wildpose/src/build/lidar_control_package/build install --record /home/m2s2/WildPose_v1.2-main/wildpose/src/build/lidar_control_package/install.log --install-scripts $base/lib/lidar_control_package --single-version-externally-managed install_data
[1.016s] running egg_info
[1.016s] creating ../build/lidar_control_package/lidar_control_package.egg-info
[1.017s] writing ../build/lidar_control_package/lidar_control_package.egg-info/PKG-INFO
[1.017s] writing dependency_links to ../build/lidar_control_package/lidar_control_package.egg-info/dependency_links.txt
[1.017s] writing entry points to ../build/lidar_control_package/lidar_control_package.egg-info/entry_points.txt
[1.017s] writing requirements to ../build/lidar_control_package/lidar_control_package.egg-info/requires.txt
[1.017s] writing top-level names to ../build/lidar_control_package/lidar_control_package.egg-info/top_level.txt
[1.017s] writing manifest file '../build/lidar_control_package/lidar_control_package.egg-info/SOURCES.txt'
[1.039s] reading manifest file '../build/lidar_control_package/lidar_control_package.egg-info/SOURCES.txt'
[1.040s] writing manifest file '../build/lidar_control_package/lidar_control_package.egg-info/SOURCES.txt'
[1.040s] running build
[1.040s] running build_py
[1.040s] creating /home/m2s2/WildPose_v1.2-main/wildpose/src/build/lidar_control_package/build
[1.040s] creating /home/m2s2/WildPose_v1.2-main/wildpose/src/build/lidar_control_package/build/lib
[1.040s] creating /home/m2s2/WildPose_v1.2-main/wildpose/src/build/lidar_control_package/build/lib/lidar_control_package
[1.040s] copying lidar_control_package/__init__.py -> /home/m2s2/WildPose_v1.2-main/wildpose/src/build/lidar_control_package/build/lib/lidar_control_package
[1.040s] copying lidar_control_package/lidar_control_node.py -> /home/m2s2/WildPose_v1.2-main/wildpose/src/build/lidar_control_package/build/lib/lidar_control_package
[1.040s] running install
[1.041s] running install_lib
[1.041s] creating /home/m2s2/WildPose_v1.2-main/wildpose/src/install/lidar_control_package/lib/python3.8/site-packages/lidar_control_package
[1.041s] copying /home/m2s2/WildPose_v1.2-main/wildpose/src/build/lidar_control_package/build/lib/lidar_control_package/__init__.py -> /home/m2s2/WildPose_v1.2-main/wildpose/src/install/lidar_control_package/lib/python3.8/site-packages/lidar_control_package
[1.041s] copying /home/m2s2/WildPose_v1.2-main/wildpose/src/build/lidar_control_package/build/lib/lidar_control_package/lidar_control_node.py -> /home/m2s2/WildPose_v1.2-main/wildpose/src/install/lidar_control_package/lib/python3.8/site-packages/lidar_control_package
[1.042s] byte-compiling /home/m2s2/WildPose_v1.2-main/wildpose/src/install/lidar_control_package/lib/python3.8/site-packages/lidar_control_package/__init__.py to __init__.cpython-38.pyc
[1.042s] byte-compiling /home/m2s2/WildPose_v1.2-main/wildpose/src/install/lidar_control_package/lib/python3.8/site-packages/lidar_control_package/lidar_control_node.py to lidar_control_node.cpython-38.pyc
[1.043s] running install_data
[1.043s] creating /home/m2s2/WildPose_v1.2-main/wildpose/src/install/lidar_control_package/share/ament_index
[1.043s] creating /home/m2s2/WildPose_v1.2-main/wildpose/src/install/lidar_control_package/share/ament_index/resource_index
[1.043s] creating /home/m2s2/WildPose_v1.2-main/wildpose/src/install/lidar_control_package/share/ament_index/resource_index/packages
[1.043s] copying resource/lidar_control_package -> /home/m2s2/WildPose_v1.2-main/wildpose/src/install/lidar_control_package/share/ament_index/resource_index/packages
[1.043s] copying package.xml -> /home/m2s2/WildPose_v1.2-main/wildpose/src/install/lidar_control_package/share/lidar_control_package
[1.044s] running install_egg_info
[1.044s] Copying ../build/lidar_control_package/lidar_control_package.egg-info to /home/m2s2/WildPose_v1.2-main/wildpose/src/install/lidar_control_package/lib/python3.8/site-packages/lidar_control_package-0.0.0-py3.8.egg-info
[1.045s] running install_scripts
[1.057s] Installing lidar_control_node script to /home/m2s2/WildPose_v1.2-main/wildpose/src/install/lidar_control_package/lib/lidar_control_package
[1.057s] writing list of installed files to '/home/m2s2/WildPose_v1.2-main/wildpose/src/build/lidar_control_package/install.log'
[1.075s] Invoked command in '/home/m2s2/WildPose_v1.2-main/wildpose/src/lidar_control_package' returned '0': AMENT_PREFIX_PATH=/home/m2s2/WildPose_v1.2-main/wildpose/src/install/wildpose_interfaces:${AMENT_PREFIX_PATH} CMAKE_PREFIX_PATH=/home/m2s2/WildPose_v1.2-main/wildpose/src/install/wildpose_interfaces:${CMAKE_PREFIX_PATH} LD_LIBRARY_PATH=/home/m2s2/WildPose_v1.2-main/wildpose/src/install/wildpose_interfaces/lib:${LD_LIBRARY_PATH} PYTHONPATH=/home/m2s2/WildPose_v1.2-main/wildpose/src/build/lidar_control_package/prefix_override:/home/m2s2/WildPose_v1.2-main/wildpose/src/install/lidar_control_package/lib/python3.8/site-packages:/home/m2s2/WildPose_v1.2-main/wildpose/src/install/wildpose_interfaces/lib/python3.8/site-packages:${PYTHONPATH} /usr/bin/python3 -W ignore:setup.py install is deprecated setup.py egg_info --egg-base ../build/lidar_control_package build --build-base /home/m2s2/WildPose_v1.2-main/wildpose/src/build/lidar_control_package/build install --record /home/m2s2/WildPose_v1.2-main/wildpose/src/build/lidar_control_package/install.log --install-scripts $base/lib/lidar_control_package --single-version-externally-managed install_data
