[0.496s] Invoking command in '/home/naoya/wildpose_v1.3/wildpose/build/iris_controller': CMAKE_PREFIX_PATH=${CMAKE_PREFIX_PATH}:/home/naoya/WildPose_v1.2/wildpose/install/motor_controller_pkg:/home/naoya/WildPose_v1.2/wildpose/install/gamepad_pkg:/opt/ros/foxy /usr/bin/cmake /home/naoya/wildpose_v1.3/wildpose/src/iris_controller -DCMAKE_INSTALL_PREFIX=/home/naoya/wildpose_v1.3/wildpose/install/iris_controller
[0.526s] -- The C compiler identification is GNU 9.4.0
[0.579s] -- The CXX compiler identification is GNU 9.4.0
[0.585s] -- Check for working C compiler: /usr/bin/cc
[0.655s] -- Check for working C compiler: /usr/bin/cc -- works
[0.656s] -- Detecting C compiler ABI info
[0.711s] -- Detecting C compiler ABI info - done
[0.719s] -- Detecting C compile features
[0.719s] -- Detecting C compile features - done
[0.721s] -- Check for working CXX compiler: /usr/bin/c++
[0.776s] -- Check for working CXX compiler: /usr/bin/c++ -- works
[0.777s] -- Detecting CXX compiler ABI info
[0.836s] -- Detecting CXX compiler ABI info - done
[0.851s] -- Detecting CXX compile features
[0.852s] -- Detecting CXX compile features - done
[0.853s] -- Found ament_cmake: 0.9.12 (/opt/ros/foxy/share/ament_cmake/cmake)
[0.875s] -- Found PythonInterp: /usr/bin/python3 (found suitable version "3.8.10", minimum required is "3") 
[0.875s] -- Using PYTHON_EXECUTABLE: /usr/bin/python3
[1.016s] -- Found ament_lint_auto: 0.9.8 (/opt/ros/foxy/share/ament_lint_auto/cmake)
[1.079s] -- Added test 'copyright' to check source files copyright and LICENSE
[1.081s] -- Added test 'cppcheck' to perform static code analysis on C / C++ code
[1.081s] -- Configured cppcheck include dirs: 
[1.081s] -- Configured cppcheck exclude dirs and/or files: 
[1.082s] -- Added test 'cpplint' to check C / C++ code against the Google style
[1.082s] -- Configured cpplint exclude dirs and/or files: 
[1.082s] -- Added test 'flake8' to check Python code syntax and style conventions
[1.083s] -- Added test 'lint_cmake' to check CMake code style
[1.084s] -- Added test 'pep257' to check Python code against some of the style conventions in PEP 257
[1.085s] -- Added test 'uncrustify' to check C / C++ code style
[1.085s] -- Configured uncrustify additional arguments: 
[1.086s] -- Added test 'xmllint' to check XML markup files
[1.088s] -- Configuring done
[1.090s] -- Generating done
[1.091s] -- Build files have been written to: /home/naoya/wildpose_v1.3/wildpose/build/iris_controller
[1.095s] Invoked command in '/home/naoya/wildpose_v1.3/wildpose/build/iris_controller' returned '0': CMAKE_PREFIX_PATH=${CMAKE_PREFIX_PATH}:/home/naoya/WildPose_v1.2/wildpose/install/motor_controller_pkg:/home/naoya/WildPose_v1.2/wildpose/install/gamepad_pkg:/opt/ros/foxy /usr/bin/cmake /home/naoya/wildpose_v1.3/wildpose/src/iris_controller -DCMAKE_INSTALL_PREFIX=/home/naoya/wildpose_v1.3/wildpose/install/iris_controller
[1.098s] Invoking command in '/home/naoya/wildpose_v1.3/wildpose/build/iris_controller': CMAKE_PREFIX_PATH=${CMAKE_PREFIX_PATH}:/home/naoya/WildPose_v1.2/wildpose/install/motor_controller_pkg:/home/naoya/WildPose_v1.2/wildpose/install/gamepad_pkg:/opt/ros/foxy /usr/bin/cmake --build /home/naoya/wildpose_v1.3/wildpose/build/iris_controller -- -j16 -l16
[1.135s] Invoked command in '/home/naoya/wildpose_v1.3/wildpose/build/iris_controller' returned '0': CMAKE_PREFIX_PATH=${CMAKE_PREFIX_PATH}:/home/naoya/WildPose_v1.2/wildpose/install/motor_controller_pkg:/home/naoya/WildPose_v1.2/wildpose/install/gamepad_pkg:/opt/ros/foxy /usr/bin/cmake --build /home/naoya/wildpose_v1.3/wildpose/build/iris_controller -- -j16 -l16
[1.157s] Invoking command in '/home/naoya/wildpose_v1.3/wildpose/build/iris_controller': CMAKE_PREFIX_PATH=${CMAKE_PREFIX_PATH}:/home/naoya/WildPose_v1.2/wildpose/install/motor_controller_pkg:/home/naoya/WildPose_v1.2/wildpose/install/gamepad_pkg:/opt/ros/foxy /usr/bin/cmake --install /home/naoya/wildpose_v1.3/wildpose/build/iris_controller
[1.161s] -- Install configuration: ""
[1.162s] -- Installing: /home/naoya/wildpose_v1.3/wildpose/install/iris_controller/share/ament_index/resource_index/package_run_dependencies/iris_controller
[1.162s] -- Installing: /home/naoya/wildpose_v1.3/wildpose/install/iris_controller/share/ament_index/resource_index/parent_prefix_path/iris_controller
[1.162s] -- Installing: /home/naoya/wildpose_v1.3/wildpose/install/iris_controller/share/iris_controller/environment/ament_prefix_path.sh
[1.162s] -- Installing: /home/naoya/wildpose_v1.3/wildpose/install/iris_controller/share/iris_controller/environment/ament_prefix_path.dsv
[1.162s] -- Installing: /home/naoya/wildpose_v1.3/wildpose/install/iris_controller/share/iris_controller/environment/path.sh
[1.162s] -- Installing: /home/naoya/wildpose_v1.3/wildpose/install/iris_controller/share/iris_controller/environment/path.dsv
[1.162s] -- Installing: /home/naoya/wildpose_v1.3/wildpose/install/iris_controller/share/iris_controller/local_setup.bash
[1.162s] -- Installing: /home/naoya/wildpose_v1.3/wildpose/install/iris_controller/share/iris_controller/local_setup.sh
[1.163s] -- Installing: /home/naoya/wildpose_v1.3/wildpose/install/iris_controller/share/iris_controller/local_setup.zsh
[1.163s] -- Installing: /home/naoya/wildpose_v1.3/wildpose/install/iris_controller/share/iris_controller/local_setup.dsv
[1.163s] -- Installing: /home/naoya/wildpose_v1.3/wildpose/install/iris_controller/share/iris_controller/package.dsv
[1.163s] -- Installing: /home/naoya/wildpose_v1.3/wildpose/install/iris_controller/share/ament_index/resource_index/packages/iris_controller
[1.163s] -- Installing: /home/naoya/wildpose_v1.3/wildpose/install/iris_controller/share/iris_controller/cmake/iris_controllerConfig.cmake
[1.163s] -- Installing: /home/naoya/wildpose_v1.3/wildpose/install/iris_controller/share/iris_controller/cmake/iris_controllerConfig-version.cmake
[1.163s] -- Installing: /home/naoya/wildpose_v1.3/wildpose/install/iris_controller/share/iris_controller/package.xml
[1.164s] Invoked command in '/home/naoya/wildpose_v1.3/wildpose/build/iris_controller' returned '0': CMAKE_PREFIX_PATH=${CMAKE_PREFIX_PATH}:/home/naoya/WildPose_v1.2/wildpose/install/motor_controller_pkg:/home/naoya/WildPose_v1.2/wildpose/install/gamepad_pkg:/opt/ros/foxy /usr/bin/cmake --install /home/naoya/wildpose_v1.3/wildpose/build/iris_controller
