[1.086s] Invoking command in '/home/naoya/wildpose_v1.3/wildpose/build/livox_ros2_driver': CMAKE_PREFIX_PATH=/home/naoya/wildpose_v1.3/wildpose/install/livox_sdk_vendor:/home/naoya/wildpose_v1.3/wildpose/install/livox_interfaces:/home/naoya/wildpose_v1.3/wildpose/install/wildpose_bringup:/home/naoya/wildpose_v1.3/wildpose/install/ximea_ros2_cam:/home/naoya/wildpose_v1.3/wildpose/install/wildpose_interfaces:/home/naoya/wildpose_v1.3/wildpose/install/vision_opencv:/home/naoya/wildpose_v1.3/wildpose/install/livox_ros2_driver:/home/naoya/wildpose_v1.3/wildpose/install/iris_controller:/home/naoya/wildpose_v1.3/wildpose/install/image_geometry:/home/naoya/wildpose_v1.3/wildpose/install/cv_bridge:/home/naoya/WildPose_v1.2/wildpose/install/wildpose_bringup:/home/naoya/WildPose_v1.2/wildpose/install/wildpose_interfaces:/home/naoya/ros2_ws/livox_ros2_driver/install/livox_ros2_driver:/home/naoya/ros2_ws/livox_ros2_driver/install/livox_sdk_vendor:/home/naoya/ros2_ws/livox_ros2_driver/install/livox_interfaces:/home/naoya/ros2_ws/ximea_ros2_cam/install/ximea_ros2_cam:/home/naoya/ros2_ws/rmw_ecal/install/rmw_ecal_dynamic_cpp:/home/naoya/ros2_ws/rmw_ecal/install/rmw_ecal_shared_cpp:/home/naoya/wildpose_v1.3/wildpose/install/motor_controller_pkg:/home/naoya/wildpose_v1.3/wildpose/install/lidar_control_package:/home/naoya/wildpose_v1.3/wildpose/install/dji_rs3_pkg:/home/naoya/wildpose_v1.3/wildpose/install/opencv_tests:/home/naoya/wildpose_v1.3/wildpose/install/gamepad_pkg:/home/naoya/WildPose_v1.2/wildpose/install/motor_controller_pkg:/home/naoya/WildPose_v1.2/wildpose/install/gamepad_pkg:/opt/ros/foxy LD_LIBRARY_PATH=/home/naoya/wildpose_v1.3/wildpose/install/livox_interfaces/lib:/home/naoya/wildpose_v1.3/wildpose/install/wildpose_interfaces/lib:/home/naoya/wildpose_v1.3/wildpose/install/livox_ros2_driver/lib:/home/naoya/wildpose_v1.3/wildpose/install/image_geometry/lib:/home/naoya/wildpose_v1.3/wildpose/install/cv_bridge/lib:/home/naoya/WildPose_v1.2/wildpose/install/wildpose_interfaces/lib:/home/naoya/ros2_ws/livox_ros2_driver/install/livox_ros2_driver/lib:/home/naoya/ros2_ws/livox_ros2_driver/install/livox_interfaces/lib:/home/naoya/ros2_ws/rmw_ecal/install/rmw_ecal_dynamic_cpp/lib:/home/naoya/ros2_ws/rmw_ecal/install/rmw_ecal_shared_cpp/lib:/opt/ros/foxy/opt/yaml_cpp_vendor/lib:/opt/ros/foxy/opt/rviz_ogre_vendor/lib:/opt/ros/foxy/lib/x86_64-linux-gnu:/opt/ros/foxy/lib PYTHONPATH=/home/naoya/wildpose_v1.3/wildpose/install/livox_interfaces/lib/python3.8/site-packages:/home/naoya/wildpose_v1.3/wildpose/build/motor_controller_pkg:/home/naoya/wildpose_v1.3/wildpose/install/motor_controller_pkg/lib/python3.8/site-packages:/home/naoya/wildpose_v1.3/wildpose/build/lidar_control_package:/home/naoya/wildpose_v1.3/wildpose/install/lidar_control_package/lib/python3.8/site-packages:/home/naoya/wildpose_v1.3/wildpose/build/dji_rs3_pkg:/home/naoya/wildpose_v1.3/wildpose/install/dji_rs3_pkg/lib/python3.8/site-packages:/home/naoya/wildpose_v1.3/wildpose/install/wildpose_interfaces/lib/python3.8/site-packages:/home/naoya/wildpose_v1.3/wildpose/build/opencv_tests:/home/naoya/wildpose_v1.3/wildpose/install/opencv_tests/lib/python3.8/site-packages:/home/naoya/wildpose_v1.3/wildpose/install/image_geometry/lib/python3.8/site-packages:/home/naoya/wildpose_v1.3/wildpose/build/gamepad_pkg:/home/naoya/wildpose_v1.3/wildpose/install/gamepad_pkg/lib/python3.8/site-packages:/home/naoya/wildpose_v1.3/wildpose/install/cv_bridge/lib/python3.8/site-packages:/home/naoya/WildPose_v1.2/wildpose/build/motor_controller_pkg:/home/naoya/WildPose_v1.2/wildpose/install/motor_controller_pkg/lib/python3.8/site-packages:/home/naoya/WildPose_v1.2/wildpose/install/wildpose_interfaces/lib/python3.8/site-packages:/home/naoya/WildPose_v1.2/wildpose/build/gamepad_pkg:/home/naoya/WildPose_v1.2/wildpose/install/gamepad_pkg/lib/python3.8/site-packages:/home/naoya/ros2_ws/livox_ros2_driver/install/livox_interfaces/lib/python3.8/site-packages:/opt/ros/foxy/lib/python3.8/site-packages /usr/bin/cmake /home/naoya/wildpose_v1.3/wildpose/src/livox_ros2_driver/livox_ros2_driver -DCMAKE_INSTALL_PREFIX=/home/naoya/wildpose_v1.3/wildpose/install/livox_ros2_driver
[1.098s] -- livox_ros2_driver version: 0.0.1
[1.098s] -- Found ament_cmake_auto: 0.9.12 (/opt/ros/foxy/share/ament_cmake_auto/cmake)
[1.122s] -- Using PYTHON_EXECUTABLE: /usr/bin/python3
[1.244s] -- Override CMake install command with custom implementation using symlinks instead of copying resources
[1.346s] -- Using all available rosidl_typesupport_c: rosidl_typesupport_fastrtps_c;rosidl_typesupport_introspection_c
[1.348s] -- Found rosidl_adapter: 1.3.1 (/opt/ros/foxy/share/rosidl_adapter/cmake)
[1.435s] -- Using all available rosidl_typesupport_cpp: rosidl_typesupport_fastrtps_cpp;rosidl_typesupport_introspection_cpp
[1.471s] -- Found rmw_implementation_cmake: 1.0.4 (/opt/ros/foxy/share/rmw_implementation_cmake/cmake)
[1.472s] -- Using RMW implementation 'rmw_ecal_dynamic_cpp' as default
[1.883s] -- FLANN found (include: /usr/include, lib: /usr/lib/x86_64-linux-gnu/libflann_cpp.so)
[1.928s] -- The imported target "vtkParseOGLExt" references the file
[1.928s]    "/usr/bin/vtkParseOGLExt-7.1"
[1.929s] but this file does not exist.  Possible reasons include:
[1.930s] * The file was deleted, renamed, or moved to another location.
[1.930s] * An install or uninstall procedure did not complete successfully.
[1.931s] * The installation package was faulty and contained
[1.931s]    "/usr/lib/cmake/vtk-7.1/VTKTargets.cmake"
[1.931s] but not all the files it references.
[1.932s] 
[1.932s] -- The imported target "vtkRenderingPythonTkWidgets" references the file
[1.932s]    "/usr/lib/x86_64-linux-gnu/libvtkRenderingPythonTkWidgets.so"
[1.933s] but this file does not exist.  Possible reasons include:
[1.933s] * The file was deleted, renamed, or moved to another location.
[1.933s] * An install or uninstall procedure did not complete successfully.
[1.933s] * The installation package was faulty and contained
[1.933s]    "/usr/lib/cmake/vtk-7.1/VTKTargets.cmake"
[1.933s] but not all the files it references.
[1.933s] 
[1.933s] -- The imported target "vtk" references the file
[1.933s]    "/usr/bin/vtk"
[1.933s] but this file does not exist.  Possible reasons include:
[1.934s] * The file was deleted, renamed, or moved to another location.
[1.934s] * An install or uninstall procedure did not complete successfully.
[1.934s] * The installation package was faulty and contained
[1.934s]    "/usr/lib/cmake/vtk-7.1/VTKTargets.cmake"
[1.934s] but not all the files it references.
[1.934s] 
[1.935s] -- The imported target "pvtk" references the file
[1.935s]    "/usr/bin/pvtk"
[1.935s] but this file does not exist.  Possible reasons include:
[1.935s] * The file was deleted, renamed, or moved to another location.
[1.935s] * An install or uninstall procedure did not complete successfully.
[1.935s] * The installation package was faulty and contained
[1.935s]    "/usr/lib/cmake/vtk-7.1/VTKTargets.cmake"
[1.935s] but not all the files it references.
[1.935s] 
[1.959s] -- OpenNI found (version: 1.5.4.0, include: /usr/include/ni, lib: /usr/lib/libOpenNI.so;libusb::libusb)
[1.964s] -- OpenNI2 found (version: 2.2.0.33, include: /usr/include/openni2, lib: /usr/lib/libOpenNI2.so;libusb::libusb)
[1.966s] -- Could NOT find Pcap (missing: PCAP_LIBRARIES PCAP_INCLUDE_DIRS) 
[1.967s] ** WARNING ** io features related to pcap will be disabled
[2.012s] -- OpenNI found (version: 1.5.4.0, include: /usr/include/ni, lib: /usr/lib/libOpenNI.so;libusb::libusb)
[2.017s] -- OpenNI2 found (version: 2.2.0.33, include: /usr/include/openni2, lib: /usr/lib/libOpenNI2.so;libusb::libusb)
[2.042s] -- QHULL found (include: /usr/include, lib: /usr/lib/x86_64-linux-gnu/libqhull_r.so)
[2.061s] -- looking for PCL_COMMON
[2.061s] -- looking for PCL_KDTREE
[2.062s] -- looking for PCL_OCTREE
[2.062s] -- looking for PCL_SEARCH
[2.063s] -- looking for PCL_SAMPLE_CONSENSUS
[2.063s] -- looking for PCL_FILTERS
[2.063s] -- looking for PCL_2D
[2.064s] -- looking for PCL_GEOMETRY
[2.064s] -- looking for PCL_IO
[2.064s] -- looking for PCL_FEATURES
[2.065s] -- looking for PCL_ML
[2.065s] -- looking for PCL_SEGMENTATION
[2.065s] -- looking for PCL_VISUALIZATION
[2.066s] -- looking for PCL_SURFACE
[2.066s] -- looking for PCL_REGISTRATION
[2.067s] -- looking for PCL_KEYPOINTS
[2.067s] -- looking for PCL_TRACKING
[2.068s] -- looking for PCL_RECOGNITION
[2.068s] -- looking for PCL_STEREO
[2.068s] -- looking for PCL_OUTOFCORE
[2.069s] -- looking for PCL_PEOPLE
[2.075s] -- Checking for module 'apr-1'
[2.081s] --   No package 'apr-1' found
[2.138s] -- Found ament_lint_auto: 0.9.8 (/opt/ros/foxy/share/ament_lint_auto/cmake)
[2.154s] -- Added test 'copyright' to check source files copyright and LICENSE
[2.158s] -- Added test 'cppcheck' to perform static code analysis on C / C++ code
[2.159s] -- Configured cppcheck include dirs: /home/naoya/wildpose_v1.3/wildpose/src/livox_ros2_driver/livox_ros2_driver/common;/home/naoya/wildpose_v1.3/wildpose/src/livox_ros2_driver/livox_ros2_driver/common/rapidjson;/home/naoya/wildpose_v1.3/wildpose/src/livox_ros2_driver/livox_ros2_driver/comon/rapdidxml;/home/naoya/wildpose_v1.3/wildpose/src/livox_ros2_driver/livox_ros2_driver/common/comm;/home/naoya/wildpose_v1.3/wildpose/src/livox_ros2_driver/livox_ros2_driver/timesync;/home/naoya/wildpose_v1.3/wildpose/src/livox_ros2_driver/livox_ros2_driver/timesync/user_uart;/home/naoya/wildpose_v1.3/wildpose/src/livox_ros2_driver/livox_ros2_driver/livox_ros2_driver
[2.159s] -- Configured cppcheck exclude dirs and/or files: 
[2.162s] -- Added test 'cpplint' to check C / C++ code against the Google style
[2.162s] -- Configured cpplint exclude dirs and/or files: 
[2.163s] -- Added test 'flake8' to check Python code syntax and style conventions
[2.164s] -- Added test 'lint_cmake' to check CMake code style
[2.165s] -- Added test 'pep257' to check Python code against some of the style conventions in PEP 257
[2.168s] -- Added test 'uncrustify' to check C / C++ code style
[2.168s] -- Configured uncrustify additional arguments: 
[2.169s] -- Added test 'xmllint' to check XML markup files
[2.174s] -- Configuring done
[2.248s] -- Generating done
[2.249s] -- Build files have been written to: /home/naoya/wildpose_v1.3/wildpose/build/livox_ros2_driver
[2.400s] Invoked command in '/home/naoya/wildpose_v1.3/wildpose/build/livox_ros2_driver' returned '0': CMAKE_PREFIX_PATH=/home/naoya/wildpose_v1.3/wildpose/install/livox_sdk_vendor:/home/naoya/wildpose_v1.3/wildpose/install/livox_interfaces:/home/naoya/wildpose_v1.3/wildpose/install/wildpose_bringup:/home/naoya/wildpose_v1.3/wildpose/install/ximea_ros2_cam:/home/naoya/wildpose_v1.3/wildpose/install/wildpose_interfaces:/home/naoya/wildpose_v1.3/wildpose/install/vision_opencv:/home/naoya/wildpose_v1.3/wildpose/install/livox_ros2_driver:/home/naoya/wildpose_v1.3/wildpose/install/iris_controller:/home/naoya/wildpose_v1.3/wildpose/install/image_geometry:/home/naoya/wildpose_v1.3/wildpose/install/cv_bridge:/home/naoya/WildPose_v1.2/wildpose/install/wildpose_bringup:/home/naoya/WildPose_v1.2/wildpose/install/wildpose_interfaces:/home/naoya/ros2_ws/livox_ros2_driver/install/livox_ros2_driver:/home/naoya/ros2_ws/livox_ros2_driver/install/livox_sdk_vendor:/home/naoya/ros2_ws/livox_ros2_driver/install/livox_interfaces:/home/naoya/ros2_ws/ximea_ros2_cam/install/ximea_ros2_cam:/home/naoya/ros2_ws/rmw_ecal/install/rmw_ecal_dynamic_cpp:/home/naoya/ros2_ws/rmw_ecal/install/rmw_ecal_shared_cpp:/home/naoya/wildpose_v1.3/wildpose/install/motor_controller_pkg:/home/naoya/wildpose_v1.3/wildpose/install/lidar_control_package:/home/naoya/wildpose_v1.3/wildpose/install/dji_rs3_pkg:/home/naoya/wildpose_v1.3/wildpose/install/opencv_tests:/home/naoya/wildpose_v1.3/wildpose/install/gamepad_pkg:/home/naoya/WildPose_v1.2/wildpose/install/motor_controller_pkg:/home/naoya/WildPose_v1.2/wildpose/install/gamepad_pkg:/opt/ros/foxy LD_LIBRARY_PATH=/home/naoya/wildpose_v1.3/wildpose/install/livox_interfaces/lib:/home/naoya/wildpose_v1.3/wildpose/install/wildpose_interfaces/lib:/home/naoya/wildpose_v1.3/wildpose/install/livox_ros2_driver/lib:/home/naoya/wildpose_v1.3/wildpose/install/image_geometry/lib:/home/naoya/wildpose_v1.3/wildpose/install/cv_bridge/lib:/home/naoya/WildPose_v1.2/wildpose/install/wildpose_interfaces/lib:/home/naoya/ros2_ws/livox_ros2_driver/install/livox_ros2_driver/lib:/home/naoya/ros2_ws/livox_ros2_driver/install/livox_interfaces/lib:/home/naoya/ros2_ws/rmw_ecal/install/rmw_ecal_dynamic_cpp/lib:/home/naoya/ros2_ws/rmw_ecal/install/rmw_ecal_shared_cpp/lib:/opt/ros/foxy/opt/yaml_cpp_vendor/lib:/opt/ros/foxy/opt/rviz_ogre_vendor/lib:/opt/ros/foxy/lib/x86_64-linux-gnu:/opt/ros/foxy/lib PYTHONPATH=/home/naoya/wildpose_v1.3/wildpose/install/livox_interfaces/lib/python3.8/site-packages:/home/naoya/wildpose_v1.3/wildpose/build/motor_controller_pkg:/home/naoya/wildpose_v1.3/wildpose/install/motor_controller_pkg/lib/python3.8/site-packages:/home/naoya/wildpose_v1.3/wildpose/build/lidar_control_package:/home/naoya/wildpose_v1.3/wildpose/install/lidar_control_package/lib/python3.8/site-packages:/home/naoya/wildpose_v1.3/wildpose/build/dji_rs3_pkg:/home/naoya/wildpose_v1.3/wildpose/install/dji_rs3_pkg/lib/python3.8/site-packages:/home/naoya/wildpose_v1.3/wildpose/install/wildpose_interfaces/lib/python3.8/site-packages:/home/naoya/wildpose_v1.3/wildpose/build/opencv_tests:/home/naoya/wildpose_v1.3/wildpose/install/opencv_tests/lib/python3.8/site-packages:/home/naoya/wildpose_v1.3/wildpose/install/image_geometry/lib/python3.8/site-packages:/home/naoya/wildpose_v1.3/wildpose/build/gamepad_pkg:/home/naoya/wildpose_v1.3/wildpose/install/gamepad_pkg/lib/python3.8/site-packages:/home/naoya/wildpose_v1.3/wildpose/install/cv_bridge/lib/python3.8/site-packages:/home/naoya/WildPose_v1.2/wildpose/build/motor_controller_pkg:/home/naoya/WildPose_v1.2/wildpose/install/motor_controller_pkg/lib/python3.8/site-packages:/home/naoya/WildPose_v1.2/wildpose/install/wildpose_interfaces/lib/python3.8/site-packages:/home/naoya/WildPose_v1.2/wildpose/build/gamepad_pkg:/home/naoya/WildPose_v1.2/wildpose/install/gamepad_pkg/lib/python3.8/site-packages:/home/naoya/ros2_ws/livox_ros2_driver/install/livox_interfaces/lib/python3.8/site-packages:/opt/ros/foxy/lib/python3.8/site-packages /usr/bin/cmake /home/naoya/wildpose_v1.3/wildpose/src/livox_ros2_driver/livox_ros2_driver -DCMAKE_INSTALL_PREFIX=/home/naoya/wildpose_v1.3/wildpose/install/livox_ros2_driver
[2.403s] Invoking command in '/home/naoya/wildpose_v1.3/wildpose/build/livox_ros2_driver': CMAKE_PREFIX_PATH=/home/naoya/wildpose_v1.3/wildpose/install/livox_sdk_vendor:/home/naoya/wildpose_v1.3/wildpose/install/livox_interfaces:/home/naoya/wildpose_v1.3/wildpose/install/wildpose_bringup:/home/naoya/wildpose_v1.3/wildpose/install/ximea_ros2_cam:/home/naoya/wildpose_v1.3/wildpose/install/wildpose_interfaces:/home/naoya/wildpose_v1.3/wildpose/install/vision_opencv:/home/naoya/wildpose_v1.3/wildpose/install/livox_ros2_driver:/home/naoya/wildpose_v1.3/wildpose/install/iris_controller:/home/naoya/wildpose_v1.3/wildpose/install/image_geometry:/home/naoya/wildpose_v1.3/wildpose/install/cv_bridge:/home/naoya/WildPose_v1.2/wildpose/install/wildpose_bringup:/home/naoya/WildPose_v1.2/wildpose/install/wildpose_interfaces:/home/naoya/ros2_ws/livox_ros2_driver/install/livox_ros2_driver:/home/naoya/ros2_ws/livox_ros2_driver/install/livox_sdk_vendor:/home/naoya/ros2_ws/livox_ros2_driver/install/livox_interfaces:/home/naoya/ros2_ws/ximea_ros2_cam/install/ximea_ros2_cam:/home/naoya/ros2_ws/rmw_ecal/install/rmw_ecal_dynamic_cpp:/home/naoya/ros2_ws/rmw_ecal/install/rmw_ecal_shared_cpp:/home/naoya/wildpose_v1.3/wildpose/install/motor_controller_pkg:/home/naoya/wildpose_v1.3/wildpose/install/lidar_control_package:/home/naoya/wildpose_v1.3/wildpose/install/dji_rs3_pkg:/home/naoya/wildpose_v1.3/wildpose/install/opencv_tests:/home/naoya/wildpose_v1.3/wildpose/install/gamepad_pkg:/home/naoya/WildPose_v1.2/wildpose/install/motor_controller_pkg:/home/naoya/WildPose_v1.2/wildpose/install/gamepad_pkg:/opt/ros/foxy LD_LIBRARY_PATH=/home/naoya/wildpose_v1.3/wildpose/install/livox_interfaces/lib:/home/naoya/wildpose_v1.3/wildpose/install/wildpose_interfaces/lib:/home/naoya/wildpose_v1.3/wildpose/install/livox_ros2_driver/lib:/home/naoya/wildpose_v1.3/wildpose/install/image_geometry/lib:/home/naoya/wildpose_v1.3/wildpose/install/cv_bridge/lib:/home/naoya/WildPose_v1.2/wildpose/install/wildpose_interfaces/lib:/home/naoya/ros2_ws/livox_ros2_driver/install/livox_ros2_driver/lib:/home/naoya/ros2_ws/livox_ros2_driver/install/livox_interfaces/lib:/home/naoya/ros2_ws/rmw_ecal/install/rmw_ecal_dynamic_cpp/lib:/home/naoya/ros2_ws/rmw_ecal/install/rmw_ecal_shared_cpp/lib:/opt/ros/foxy/opt/yaml_cpp_vendor/lib:/opt/ros/foxy/opt/rviz_ogre_vendor/lib:/opt/ros/foxy/lib/x86_64-linux-gnu:/opt/ros/foxy/lib PYTHONPATH=/home/naoya/wildpose_v1.3/wildpose/install/livox_interfaces/lib/python3.8/site-packages:/home/naoya/wildpose_v1.3/wildpose/build/motor_controller_pkg:/home/naoya/wildpose_v1.3/wildpose/install/motor_controller_pkg/lib/python3.8/site-packages:/home/naoya/wildpose_v1.3/wildpose/build/lidar_control_package:/home/naoya/wildpose_v1.3/wildpose/install/lidar_control_package/lib/python3.8/site-packages:/home/naoya/wildpose_v1.3/wildpose/build/dji_rs3_pkg:/home/naoya/wildpose_v1.3/wildpose/install/dji_rs3_pkg/lib/python3.8/site-packages:/home/naoya/wildpose_v1.3/wildpose/install/wildpose_interfaces/lib/python3.8/site-packages:/home/naoya/wildpose_v1.3/wildpose/build/opencv_tests:/home/naoya/wildpose_v1.3/wildpose/install/opencv_tests/lib/python3.8/site-packages:/home/naoya/wildpose_v1.3/wildpose/install/image_geometry/lib/python3.8/site-packages:/home/naoya/wildpose_v1.3/wildpose/build/gamepad_pkg:/home/naoya/wildpose_v1.3/wildpose/install/gamepad_pkg/lib/python3.8/site-packages:/home/naoya/wildpose_v1.3/wildpose/install/cv_bridge/lib/python3.8/site-packages:/home/naoya/WildPose_v1.2/wildpose/build/motor_controller_pkg:/home/naoya/WildPose_v1.2/wildpose/install/motor_controller_pkg/lib/python3.8/site-packages:/home/naoya/WildPose_v1.2/wildpose/install/wildpose_interfaces/lib/python3.8/site-packages:/home/naoya/WildPose_v1.2/wildpose/build/gamepad_pkg:/home/naoya/WildPose_v1.2/wildpose/install/gamepad_pkg/lib/python3.8/site-packages:/home/naoya/ros2_ws/livox_ros2_driver/install/livox_interfaces/lib/python3.8/site-packages:/opt/ros/foxy/lib/python3.8/site-packages /usr/bin/cmake --build /home/naoya/wildpose_v1.3/wildpose/build/livox_ros2_driver -- -j16 -l16
[2.486s] [ 12%] Built target livox_ros2_driver_node
[2.506s] [100%] Built target livox_ros2_driver
[2.522s] Invoked command in '/home/naoya/wildpose_v1.3/wildpose/build/livox_ros2_driver' returned '0': CMAKE_PREFIX_PATH=/home/naoya/wildpose_v1.3/wildpose/install/livox_sdk_vendor:/home/naoya/wildpose_v1.3/wildpose/install/livox_interfaces:/home/naoya/wildpose_v1.3/wildpose/install/wildpose_bringup:/home/naoya/wildpose_v1.3/wildpose/install/ximea_ros2_cam:/home/naoya/wildpose_v1.3/wildpose/install/wildpose_interfaces:/home/naoya/wildpose_v1.3/wildpose/install/vision_opencv:/home/naoya/wildpose_v1.3/wildpose/install/livox_ros2_driver:/home/naoya/wildpose_v1.3/wildpose/install/iris_controller:/home/naoya/wildpose_v1.3/wildpose/install/image_geometry:/home/naoya/wildpose_v1.3/wildpose/install/cv_bridge:/home/naoya/WildPose_v1.2/wildpose/install/wildpose_bringup:/home/naoya/WildPose_v1.2/wildpose/install/wildpose_interfaces:/home/naoya/ros2_ws/livox_ros2_driver/install/livox_ros2_driver:/home/naoya/ros2_ws/livox_ros2_driver/install/livox_sdk_vendor:/home/naoya/ros2_ws/livox_ros2_driver/install/livox_interfaces:/home/naoya/ros2_ws/ximea_ros2_cam/install/ximea_ros2_cam:/home/naoya/ros2_ws/rmw_ecal/install/rmw_ecal_dynamic_cpp:/home/naoya/ros2_ws/rmw_ecal/install/rmw_ecal_shared_cpp:/home/naoya/wildpose_v1.3/wildpose/install/motor_controller_pkg:/home/naoya/wildpose_v1.3/wildpose/install/lidar_control_package:/home/naoya/wildpose_v1.3/wildpose/install/dji_rs3_pkg:/home/naoya/wildpose_v1.3/wildpose/install/opencv_tests:/home/naoya/wildpose_v1.3/wildpose/install/gamepad_pkg:/home/naoya/WildPose_v1.2/wildpose/install/motor_controller_pkg:/home/naoya/WildPose_v1.2/wildpose/install/gamepad_pkg:/opt/ros/foxy LD_LIBRARY_PATH=/home/naoya/wildpose_v1.3/wildpose/install/livox_interfaces/lib:/home/naoya/wildpose_v1.3/wildpose/install/wildpose_interfaces/lib:/home/naoya/wildpose_v1.3/wildpose/install/livox_ros2_driver/lib:/home/naoya/wildpose_v1.3/wildpose/install/image_geometry/lib:/home/naoya/wildpose_v1.3/wildpose/install/cv_bridge/lib:/home/naoya/WildPose_v1.2/wildpose/install/wildpose_interfaces/lib:/home/naoya/ros2_ws/livox_ros2_driver/install/livox_ros2_driver/lib:/home/naoya/ros2_ws/livox_ros2_driver/install/livox_interfaces/lib:/home/naoya/ros2_ws/rmw_ecal/install/rmw_ecal_dynamic_cpp/lib:/home/naoya/ros2_ws/rmw_ecal/install/rmw_ecal_shared_cpp/lib:/opt/ros/foxy/opt/yaml_cpp_vendor/lib:/opt/ros/foxy/opt/rviz_ogre_vendor/lib:/opt/ros/foxy/lib/x86_64-linux-gnu:/opt/ros/foxy/lib PYTHONPATH=/home/naoya/wildpose_v1.3/wildpose/install/livox_interfaces/lib/python3.8/site-packages:/home/naoya/wildpose_v1.3/wildpose/build/motor_controller_pkg:/home/naoya/wildpose_v1.3/wildpose/install/motor_controller_pkg/lib/python3.8/site-packages:/home/naoya/wildpose_v1.3/wildpose/build/lidar_control_package:/home/naoya/wildpose_v1.3/wildpose/install/lidar_control_package/lib/python3.8/site-packages:/home/naoya/wildpose_v1.3/wildpose/build/dji_rs3_pkg:/home/naoya/wildpose_v1.3/wildpose/install/dji_rs3_pkg/lib/python3.8/site-packages:/home/naoya/wildpose_v1.3/wildpose/install/wildpose_interfaces/lib/python3.8/site-packages:/home/naoya/wildpose_v1.3/wildpose/build/opencv_tests:/home/naoya/wildpose_v1.3/wildpose/install/opencv_tests/lib/python3.8/site-packages:/home/naoya/wildpose_v1.3/wildpose/install/image_geometry/lib/python3.8/site-packages:/home/naoya/wildpose_v1.3/wildpose/build/gamepad_pkg:/home/naoya/wildpose_v1.3/wildpose/install/gamepad_pkg/lib/python3.8/site-packages:/home/naoya/wildpose_v1.3/wildpose/install/cv_bridge/lib/python3.8/site-packages:/home/naoya/WildPose_v1.2/wildpose/build/motor_controller_pkg:/home/naoya/WildPose_v1.2/wildpose/install/motor_controller_pkg/lib/python3.8/site-packages:/home/naoya/WildPose_v1.2/wildpose/install/wildpose_interfaces/lib/python3.8/site-packages:/home/naoya/WildPose_v1.2/wildpose/build/gamepad_pkg:/home/naoya/WildPose_v1.2/wildpose/install/gamepad_pkg/lib/python3.8/site-packages:/home/naoya/ros2_ws/livox_ros2_driver/install/livox_interfaces/lib/python3.8/site-packages:/opt/ros/foxy/lib/python3.8/site-packages /usr/bin/cmake --build /home/naoya/wildpose_v1.3/wildpose/build/livox_ros2_driver -- -j16 -l16
[2.577s] Invoking command in '/home/naoya/wildpose_v1.3/wildpose/build/livox_ros2_driver': CMAKE_PREFIX_PATH=/home/naoya/wildpose_v1.3/wildpose/install/livox_sdk_vendor:/home/naoya/wildpose_v1.3/wildpose/install/livox_interfaces:/home/naoya/wildpose_v1.3/wildpose/install/wildpose_bringup:/home/naoya/wildpose_v1.3/wildpose/install/ximea_ros2_cam:/home/naoya/wildpose_v1.3/wildpose/install/wildpose_interfaces:/home/naoya/wildpose_v1.3/wildpose/install/vision_opencv:/home/naoya/wildpose_v1.3/wildpose/install/livox_ros2_driver:/home/naoya/wildpose_v1.3/wildpose/install/iris_controller:/home/naoya/wildpose_v1.3/wildpose/install/image_geometry:/home/naoya/wildpose_v1.3/wildpose/install/cv_bridge:/home/naoya/WildPose_v1.2/wildpose/install/wildpose_bringup:/home/naoya/WildPose_v1.2/wildpose/install/wildpose_interfaces:/home/naoya/ros2_ws/livox_ros2_driver/install/livox_ros2_driver:/home/naoya/ros2_ws/livox_ros2_driver/install/livox_sdk_vendor:/home/naoya/ros2_ws/livox_ros2_driver/install/livox_interfaces:/home/naoya/ros2_ws/ximea_ros2_cam/install/ximea_ros2_cam:/home/naoya/ros2_ws/rmw_ecal/install/rmw_ecal_dynamic_cpp:/home/naoya/ros2_ws/rmw_ecal/install/rmw_ecal_shared_cpp:/home/naoya/wildpose_v1.3/wildpose/install/motor_controller_pkg:/home/naoya/wildpose_v1.3/wildpose/install/lidar_control_package:/home/naoya/wildpose_v1.3/wildpose/install/dji_rs3_pkg:/home/naoya/wildpose_v1.3/wildpose/install/opencv_tests:/home/naoya/wildpose_v1.3/wildpose/install/gamepad_pkg:/home/naoya/WildPose_v1.2/wildpose/install/motor_controller_pkg:/home/naoya/WildPose_v1.2/wildpose/install/gamepad_pkg:/opt/ros/foxy LD_LIBRARY_PATH=/home/naoya/wildpose_v1.3/wildpose/install/livox_interfaces/lib:/home/naoya/wildpose_v1.3/wildpose/install/wildpose_interfaces/lib:/home/naoya/wildpose_v1.3/wildpose/install/livox_ros2_driver/lib:/home/naoya/wildpose_v1.3/wildpose/install/image_geometry/lib:/home/naoya/wildpose_v1.3/wildpose/install/cv_bridge/lib:/home/naoya/WildPose_v1.2/wildpose/install/wildpose_interfaces/lib:/home/naoya/ros2_ws/livox_ros2_driver/install/livox_ros2_driver/lib:/home/naoya/ros2_ws/livox_ros2_driver/install/livox_interfaces/lib:/home/naoya/ros2_ws/rmw_ecal/install/rmw_ecal_dynamic_cpp/lib:/home/naoya/ros2_ws/rmw_ecal/install/rmw_ecal_shared_cpp/lib:/opt/ros/foxy/opt/yaml_cpp_vendor/lib:/opt/ros/foxy/opt/rviz_ogre_vendor/lib:/opt/ros/foxy/lib/x86_64-linux-gnu:/opt/ros/foxy/lib PYTHONPATH=/home/naoya/wildpose_v1.3/wildpose/install/livox_interfaces/lib/python3.8/site-packages:/home/naoya/wildpose_v1.3/wildpose/build/motor_controller_pkg:/home/naoya/wildpose_v1.3/wildpose/install/motor_controller_pkg/lib/python3.8/site-packages:/home/naoya/wildpose_v1.3/wildpose/build/lidar_control_package:/home/naoya/wildpose_v1.3/wildpose/install/lidar_control_package/lib/python3.8/site-packages:/home/naoya/wildpose_v1.3/wildpose/build/dji_rs3_pkg:/home/naoya/wildpose_v1.3/wildpose/install/dji_rs3_pkg/lib/python3.8/site-packages:/home/naoya/wildpose_v1.3/wildpose/install/wildpose_interfaces/lib/python3.8/site-packages:/home/naoya/wildpose_v1.3/wildpose/build/opencv_tests:/home/naoya/wildpose_v1.3/wildpose/install/opencv_tests/lib/python3.8/site-packages:/home/naoya/wildpose_v1.3/wildpose/install/image_geometry/lib/python3.8/site-packages:/home/naoya/wildpose_v1.3/wildpose/build/gamepad_pkg:/home/naoya/wildpose_v1.3/wildpose/install/gamepad_pkg/lib/python3.8/site-packages:/home/naoya/wildpose_v1.3/wildpose/install/cv_bridge/lib/python3.8/site-packages:/home/naoya/WildPose_v1.2/wildpose/build/motor_controller_pkg:/home/naoya/WildPose_v1.2/wildpose/install/motor_controller_pkg/lib/python3.8/site-packages:/home/naoya/WildPose_v1.2/wildpose/install/wildpose_interfaces/lib/python3.8/site-packages:/home/naoya/WildPose_v1.2/wildpose/build/gamepad_pkg:/home/naoya/WildPose_v1.2/wildpose/install/gamepad_pkg/lib/python3.8/site-packages:/home/naoya/ros2_ws/livox_ros2_driver/install/livox_interfaces/lib/python3.8/site-packages:/opt/ros/foxy/lib/python3.8/site-packages /usr/bin/cmake --install /home/naoya/wildpose_v1.3/wildpose/build/livox_ros2_driver
[2.588s] -- Install configuration: ""
[2.589s] -- Execute custom install script
[2.589s] -- Up-to-date symlink: /home/naoya/wildpose_v1.3/wildpose/install/livox_ros2_driver/lib/livox_ros2_driver/livox_ros2_driver_node
[2.589s] -- Up-to-date symlink: /home/naoya/wildpose_v1.3/wildpose/install/livox_ros2_driver/share/livox_ros2_driver/environment/library_path.sh
[2.589s] -- Up-to-date symlink: /home/naoya/wildpose_v1.3/wildpose/install/livox_ros2_driver/share/livox_ros2_driver/environment/library_path.dsv
[2.590s] -- Up-to-date symlink: /home/naoya/wildpose_v1.3/wildpose/install/livox_ros2_driver/lib/liblivox_ros2_driver.so
[2.590s] -- Up-to-date symlink: /home/naoya/wildpose_v1.3/wildpose/install/livox_ros2_driver/share/livox_ros2_driver/config/livox_hub.rviz
[2.590s] -- Up-to-date symlink: /home/naoya/wildpose_v1.3/wildpose/install/livox_ros2_driver/share/livox_ros2_driver/config/livox_hub_config.json
[2.590s] -- Up-to-date symlink: /home/naoya/wildpose_v1.3/wildpose/install/livox_ros2_driver/share/livox_ros2_driver/config/livox_lidar.rviz
[2.590s] -- Up-to-date symlink: /home/naoya/wildpose_v1.3/wildpose/install/livox_ros2_driver/share/livox_ros2_driver/config/livox_lidar_config.json
[2.590s] -- Up-to-date symlink: /home/naoya/wildpose_v1.3/wildpose/install/livox_ros2_driver/share/livox_ros2_driver/launch/livox_hub_launch.py
[2.590s] -- Up-to-date symlink: /home/naoya/wildpose_v1.3/wildpose/install/livox_ros2_driver/share/livox_ros2_driver/launch/livox_hub_msg_launch .py
[2.590s] -- Up-to-date symlink: /home/naoya/wildpose_v1.3/wildpose/install/livox_ros2_driver/share/livox_ros2_driver/launch/livox_hub_rviz_launch.py
[2.590s] -- Up-to-date symlink: /home/naoya/wildpose_v1.3/wildpose/install/livox_ros2_driver/share/livox_ros2_driver/launch/livox_lidar_launch.py
[2.590s] -- Up-to-date symlink: /home/naoya/wildpose_v1.3/wildpose/install/livox_ros2_driver/share/livox_ros2_driver/launch/livox_lidar_msg_launch.py
[2.590s] -- Up-to-date symlink: /home/naoya/wildpose_v1.3/wildpose/install/livox_ros2_driver/share/livox_ros2_driver/launch/livox_lidar_rviz_launch.py
[2.590s] -- Up-to-date symlink: /home/naoya/wildpose_v1.3/wildpose/install/livox_ros2_driver/share/livox_ros2_driver/launch/livox_template_launch.py
[2.590s] -- Up-to-date symlink: /home/naoya/wildpose_v1.3/wildpose/install/livox_ros2_driver/share/ament_index/resource_index/package_run_dependencies/livox_ros2_driver
[2.590s] -- Up-to-date symlink: /home/naoya/wildpose_v1.3/wildpose/install/livox_ros2_driver/share/ament_index/resource_index/parent_prefix_path/livox_ros2_driver
[2.591s] -- Up-to-date symlink: /home/naoya/wildpose_v1.3/wildpose/install/livox_ros2_driver/share/livox_ros2_driver/environment/ament_prefix_path.sh
[2.591s] -- Up-to-date symlink: /home/naoya/wildpose_v1.3/wildpose/install/livox_ros2_driver/share/livox_ros2_driver/environment/ament_prefix_path.dsv
[2.591s] -- Up-to-date symlink: /home/naoya/wildpose_v1.3/wildpose/install/livox_ros2_driver/share/livox_ros2_driver/environment/path.sh
[2.592s] -- Up-to-date symlink: /home/naoya/wildpose_v1.3/wildpose/install/livox_ros2_driver/share/livox_ros2_driver/environment/path.dsv
[2.593s] -- Up-to-date symlink: /home/naoya/wildpose_v1.3/wildpose/install/livox_ros2_driver/share/livox_ros2_driver/local_setup.bash
[2.593s] -- Up-to-date symlink: /home/naoya/wildpose_v1.3/wildpose/install/livox_ros2_driver/share/livox_ros2_driver/local_setup.sh
[2.593s] -- Up-to-date symlink: /home/naoya/wildpose_v1.3/wildpose/install/livox_ros2_driver/share/livox_ros2_driver/local_setup.zsh
[2.593s] -- Up-to-date symlink: /home/naoya/wildpose_v1.3/wildpose/install/livox_ros2_driver/share/livox_ros2_driver/local_setup.dsv
[2.593s] -- Symlinking: /home/naoya/wildpose_v1.3/wildpose/install/livox_ros2_driver/share/livox_ros2_driver/package.dsv
[2.601s] -- Up-to-date symlink: /home/naoya/wildpose_v1.3/wildpose/install/livox_ros2_driver/share/ament_index/resource_index/packages/livox_ros2_driver
[2.602s] -- Up-to-date symlink: /home/naoya/wildpose_v1.3/wildpose/install/livox_ros2_driver/share/ament_index/resource_index/rclcpp_components/livox_ros2_driver
[2.602s] -- Up-to-date symlink: /home/naoya/wildpose_v1.3/wildpose/install/livox_ros2_driver/share/livox_ros2_driver/cmake/ament_cmake_export_dependencies-extras.cmake
[2.602s] -- Up-to-date symlink: /home/naoya/wildpose_v1.3/wildpose/install/livox_ros2_driver/share/livox_ros2_driver/cmake/ament_cmake_export_libraries-extras.cmake
[2.602s] -- Up-to-date symlink: /home/naoya/wildpose_v1.3/wildpose/install/livox_ros2_driver/share/livox_ros2_driver/cmake/livox_ros2_driverConfig.cmake
[2.603s] -- Up-to-date symlink: /home/naoya/wildpose_v1.3/wildpose/install/livox_ros2_driver/share/livox_ros2_driver/cmake/livox_ros2_driverConfig-version.cmake
[2.603s] -- Up-to-date symlink: /home/naoya/wildpose_v1.3/wildpose/install/livox_ros2_driver/share/livox_ros2_driver/package.xml
[2.673s] Invoked command in '/home/naoya/wildpose_v1.3/wildpose/build/livox_ros2_driver' returned '0': CMAKE_PREFIX_PATH=/home/naoya/wildpose_v1.3/wildpose/install/livox_sdk_vendor:/home/naoya/wildpose_v1.3/wildpose/install/livox_interfaces:/home/naoya/wildpose_v1.3/wildpose/install/wildpose_bringup:/home/naoya/wildpose_v1.3/wildpose/install/ximea_ros2_cam:/home/naoya/wildpose_v1.3/wildpose/install/wildpose_interfaces:/home/naoya/wildpose_v1.3/wildpose/install/vision_opencv:/home/naoya/wildpose_v1.3/wildpose/install/livox_ros2_driver:/home/naoya/wildpose_v1.3/wildpose/install/iris_controller:/home/naoya/wildpose_v1.3/wildpose/install/image_geometry:/home/naoya/wildpose_v1.3/wildpose/install/cv_bridge:/home/naoya/WildPose_v1.2/wildpose/install/wildpose_bringup:/home/naoya/WildPose_v1.2/wildpose/install/wildpose_interfaces:/home/naoya/ros2_ws/livox_ros2_driver/install/livox_ros2_driver:/home/naoya/ros2_ws/livox_ros2_driver/install/livox_sdk_vendor:/home/naoya/ros2_ws/livox_ros2_driver/install/livox_interfaces:/home/naoya/ros2_ws/ximea_ros2_cam/install/ximea_ros2_cam:/home/naoya/ros2_ws/rmw_ecal/install/rmw_ecal_dynamic_cpp:/home/naoya/ros2_ws/rmw_ecal/install/rmw_ecal_shared_cpp:/home/naoya/wildpose_v1.3/wildpose/install/motor_controller_pkg:/home/naoya/wildpose_v1.3/wildpose/install/lidar_control_package:/home/naoya/wildpose_v1.3/wildpose/install/dji_rs3_pkg:/home/naoya/wildpose_v1.3/wildpose/install/opencv_tests:/home/naoya/wildpose_v1.3/wildpose/install/gamepad_pkg:/home/naoya/WildPose_v1.2/wildpose/install/motor_controller_pkg:/home/naoya/WildPose_v1.2/wildpose/install/gamepad_pkg:/opt/ros/foxy LD_LIBRARY_PATH=/home/naoya/wildpose_v1.3/wildpose/install/livox_interfaces/lib:/home/naoya/wildpose_v1.3/wildpose/install/wildpose_interfaces/lib:/home/naoya/wildpose_v1.3/wildpose/install/livox_ros2_driver/lib:/home/naoya/wildpose_v1.3/wildpose/install/image_geometry/lib:/home/naoya/wildpose_v1.3/wildpose/install/cv_bridge/lib:/home/naoya/WildPose_v1.2/wildpose/install/wildpose_interfaces/lib:/home/naoya/ros2_ws/livox_ros2_driver/install/livox_ros2_driver/lib:/home/naoya/ros2_ws/livox_ros2_driver/install/livox_interfaces/lib:/home/naoya/ros2_ws/rmw_ecal/install/rmw_ecal_dynamic_cpp/lib:/home/naoya/ros2_ws/rmw_ecal/install/rmw_ecal_shared_cpp/lib:/opt/ros/foxy/opt/yaml_cpp_vendor/lib:/opt/ros/foxy/opt/rviz_ogre_vendor/lib:/opt/ros/foxy/lib/x86_64-linux-gnu:/opt/ros/foxy/lib PYTHONPATH=/home/naoya/wildpose_v1.3/wildpose/install/livox_interfaces/lib/python3.8/site-packages:/home/naoya/wildpose_v1.3/wildpose/build/motor_controller_pkg:/home/naoya/wildpose_v1.3/wildpose/install/motor_controller_pkg/lib/python3.8/site-packages:/home/naoya/wildpose_v1.3/wildpose/build/lidar_control_package:/home/naoya/wildpose_v1.3/wildpose/install/lidar_control_package/lib/python3.8/site-packages:/home/naoya/wildpose_v1.3/wildpose/build/dji_rs3_pkg:/home/naoya/wildpose_v1.3/wildpose/install/dji_rs3_pkg/lib/python3.8/site-packages:/home/naoya/wildpose_v1.3/wildpose/install/wildpose_interfaces/lib/python3.8/site-packages:/home/naoya/wildpose_v1.3/wildpose/build/opencv_tests:/home/naoya/wildpose_v1.3/wildpose/install/opencv_tests/lib/python3.8/site-packages:/home/naoya/wildpose_v1.3/wildpose/install/image_geometry/lib/python3.8/site-packages:/home/naoya/wildpose_v1.3/wildpose/build/gamepad_pkg:/home/naoya/wildpose_v1.3/wildpose/install/gamepad_pkg/lib/python3.8/site-packages:/home/naoya/wildpose_v1.3/wildpose/install/cv_bridge/lib/python3.8/site-packages:/home/naoya/WildPose_v1.2/wildpose/build/motor_controller_pkg:/home/naoya/WildPose_v1.2/wildpose/install/motor_controller_pkg/lib/python3.8/site-packages:/home/naoya/WildPose_v1.2/wildpose/install/wildpose_interfaces/lib/python3.8/site-packages:/home/naoya/WildPose_v1.2/wildpose/build/gamepad_pkg:/home/naoya/WildPose_v1.2/wildpose/install/gamepad_pkg/lib/python3.8/site-packages:/home/naoya/ros2_ws/livox_ros2_driver/install/livox_interfaces/lib/python3.8/site-packages:/opt/ros/foxy/lib/python3.8/site-packages /usr/bin/cmake --install /home/naoya/wildpose_v1.3/wildpose/build/livox_ros2_driver
