[0.876s] Invoking command in '/home/naoya/wildpose_v1.3/wildpose/build/wildpose_interfaces': CMAKE_PREFIX_PATH=${CMAKE_PREFIX_PATH}:/home/naoya/WildPose_v1.2/wildpose/install/motor_controller_pkg:/home/naoya/WildPose_v1.2/wildpose/install/gamepad_pkg:/opt/ros/foxy /usr/bin/cmake /home/naoya/wildpose_v1.3/wildpose/src/wildpose_interfaces -DCMAKE_INSTALL_PREFIX=/home/naoya/wildpose_v1.3/wildpose/install/wildpose_interfaces
[1.206s] -- The C compiler identification is GNU 9.4.0
[1.207s] -- The CXX compiler identification is GNU 9.4.0
[1.208s] -- Check for working C compiler: /usr/bin/cc
[1.208s] -- Check for working C compiler: /usr/bin/cc -- works
[1.208s] -- Detecting C compiler ABI info
[1.208s] -- Detecting C compiler ABI info - done
[1.209s] -- Detecting C compile features
[1.210s] -- Detecting C compile features - done
[1.210s] -- Check for working CXX compiler: /usr/bin/c++
[1.211s] -- Check for working CXX compiler: /usr/bin/c++ -- works
[1.211s] -- Detecting CXX compiler ABI info
[1.212s] -- Detecting CXX compiler ABI info - done
[1.218s] -- Detecting CXX compile features
[1.218s] -- Detecting CXX compile features - done
[1.218s] -- Found ament_cmake: 0.9.12 (/opt/ros/foxy/share/ament_cmake/cmake)
[1.240s] -- Found PythonInterp: /usr/bin/python3 (found suitable version "3.8.10", minimum required is "3") 
[1.241s] -- Using PYTHON_EXECUTABLE: /usr/bin/python3
[1.383s] -- Found rosidl_default_generators: 1.0.1 (/opt/ros/foxy/share/rosidl_default_generators/cmake)
[1.388s] -- Using all available rosidl_typesupport_c: rosidl_typesupport_fastrtps_c;rosidl_typesupport_introspection_c
[1.398s] -- Found rosidl_adapter: 1.3.1 (/opt/ros/foxy/share/rosidl_adapter/cmake)
[1.496s] -- Found OpenSSL: /usr/lib/x86_64-linux-gnu/libcrypto.so (found version "1.1.1f")  
[1.523s] -- Found FastRTPS: /opt/ros/foxy/include  
[1.600s] -- Using all available rosidl_typesupport_cpp: rosidl_typesupport_fastrtps_cpp;rosidl_typesupport_introspection_cpp
[1.635s] -- Found std_msgs: 2.0.5 (/opt/ros/foxy/share/std_msgs/cmake)
[1.710s] -- Found PythonInterp: /usr/bin/python3 (found version "3.8.10") 
[1.853s] -- Found ament_cmake_ros: 0.9.2 (/opt/ros/foxy/share/ament_cmake_ros/cmake)
[2.062s] -- Using all available rosidl_typesupport_c: rosidl_typesupport_fastrtps_c;rosidl_typesupport_introspection_c
[2.110s] -- Using all available rosidl_typesupport_cpp: rosidl_typesupport_fastrtps_cpp;rosidl_typesupport_introspection_cpp
[2.132s] -- Found PythonInterp: /usr/bin/python3 (found suitable version "3.8.10", minimum required is "3.5") 
[2.134s] -- Found python_cmake_module: 0.8.1 (/opt/ros/foxy/share/python_cmake_module/cmake)
[2.163s] -- Found PythonLibs: /usr/lib/x86_64-linux-gnu/libpython3.8.so (found suitable version "3.8.10", minimum required is "3.5") 
[2.163s] -- Using PYTHON_EXECUTABLE: /usr/bin/python3
[2.163s] -- Using PYTHON_INCLUDE_DIRS: /usr/include/python3.8
[2.163s] -- Using PYTHON_LIBRARIES: /usr/lib/x86_64-linux-gnu/libpython3.8.so
[2.197s] -- Found PythonExtra: .so  
[2.294s] -- Configuring done
[2.353s] -- Generating done
[2.356s] -- Build files have been written to: /home/naoya/wildpose_v1.3/wildpose/build/wildpose_interfaces
[2.369s] Invoked command in '/home/naoya/wildpose_v1.3/wildpose/build/wildpose_interfaces' returned '0': CMAKE_PREFIX_PATH=${CMAKE_PREFIX_PATH}:/home/naoya/WildPose_v1.2/wildpose/install/motor_controller_pkg:/home/naoya/WildPose_v1.2/wildpose/install/gamepad_pkg:/opt/ros/foxy /usr/bin/cmake /home/naoya/wildpose_v1.3/wildpose/src/wildpose_interfaces -DCMAKE_INSTALL_PREFIX=/home/naoya/wildpose_v1.3/wildpose/install/wildpose_interfaces
[2.372s] Invoking command in '/home/naoya/wildpose_v1.3/wildpose/build/wildpose_interfaces': CMAKE_PREFIX_PATH=${CMAKE_PREFIX_PATH}:/home/naoya/WildPose_v1.2/wildpose/install/motor_controller_pkg:/home/naoya/WildPose_v1.2/wildpose/install/gamepad_pkg:/opt/ros/foxy /usr/bin/cmake --build /home/naoya/wildpose_v1.3/wildpose/build/wildpose_interfaces -- -j16 -l16
[2.404s] [35m[1mScanning dependencies of target wildpose_interfaces__cpp[0m
[2.409s] [  1%] [34m[1mGenerating C code for ROS interfaces[0m
[2.411s] [  3%] [34m[1mGenerating C++ code for ROS interfaces[0m
[2.681s] [  3%] Built target wildpose_interfaces__cpp
[2.696s] [  7%] [34m[1mGenerating C++ type support for eProsima Fast-RTPS[0m
[2.696s] [  7%] [34m[1mGenerating C++ introspection for ROS interfaces[0m
[2.696s] [  7%] [34m[1mGenerating C++ type support dispatch for ROS interfaces[0m
[2.831s] [35m[1mScanning dependencies of target wildpose_interfaces__rosidl_generator_c[0m
[2.843s] [  9%] [32mBuilding C object CMakeFiles/wildpose_interfaces__rosidl_generator_c.dir/rosidl_generator_c/wildpose_interfaces/msg/detail/frame_brightness__functions.c.o[0m
[2.844s] [ 12%] [32mBuilding C object CMakeFiles/wildpose_interfaces__rosidl_generator_c.dir/rosidl_generator_c/wildpose_interfaces/msg/detail/lens_aperture__functions.c.o[0m
[2.844s] [ 12%] [32mBuilding C object CMakeFiles/wildpose_interfaces__rosidl_generator_c.dir/rosidl_generator_c/wildpose_interfaces/msg/detail/motor_status__functions.c.o[0m
[2.844s] [ 14%] [32mBuilding C object CMakeFiles/wildpose_interfaces__rosidl_generator_c.dir/rosidl_generator_c/wildpose_interfaces/msg/detail/motor_positions__functions.c.o[0m
[2.846s] [ 15%] [32mBuilding C object CMakeFiles/wildpose_interfaces__rosidl_generator_c.dir/rosidl_generator_c/wildpose_interfaces/msg/detail/dji_rs_status__functions.c.o[0m
[2.900s] [ 17%] [32m[1mLinking C shared library libwildpose_interfaces__rosidl_generator_c.so[0m
[2.930s] [ 17%] Built target wildpose_interfaces__rosidl_generator_c
[2.940s] [ 19%] [34m[1mGenerating C introspection for ROS interfaces[0m
[2.944s] [ 20%] [34m[1mGenerating C type support dispatch for ROS interfaces[0m
[2.958s] [35m[1mScanning dependencies of target wildpose_interfaces__rosidl_typesupport_cpp[0m
[2.976s] [ 22%] [32mBuilding CXX object CMakeFiles/wildpose_interfaces__rosidl_typesupport_cpp.dir/rosidl_typesupport_cpp/wildpose_interfaces/msg/dji_rs_status__type_support.cpp.o[0m
[2.977s] [ 23%] [32mBuilding CXX object CMakeFiles/wildpose_interfaces__rosidl_typesupport_cpp.dir/rosidl_typesupport_cpp/wildpose_interfaces/msg/frame_brightness__type_support.cpp.o[0m
[2.978s] [ 25%] [32mBuilding CXX object CMakeFiles/wildpose_interfaces__rosidl_typesupport_cpp.dir/rosidl_typesupport_cpp/wildpose_interfaces/msg/motor_positions__type_support.cpp.o[0m
[2.980s] [ 26%] [32mBuilding CXX object CMakeFiles/wildpose_interfaces__rosidl_typesupport_cpp.dir/rosidl_typesupport_cpp/wildpose_interfaces/msg/motor_status__type_support.cpp.o[0m
[2.981s] [ 28%] [32mBuilding CXX object CMakeFiles/wildpose_interfaces__rosidl_typesupport_cpp.dir/rosidl_typesupport_cpp/wildpose_interfaces/msg/lens_aperture__type_support.cpp.o[0m
[3.249s] [35m[1mScanning dependencies of target wildpose_interfaces__rosidl_typesupport_introspection_cpp[0m
[3.280s] [ 30%] [32mBuilding CXX object CMakeFiles/wildpose_interfaces__rosidl_typesupport_introspection_cpp.dir/rosidl_typesupport_introspection_cpp/wildpose_interfaces/msg/detail/lens_aperture__type_support.cpp.o[0m
[3.291s] [35m[1mScanning dependencies of target wildpose_interfaces__rosidl_typesupport_fastrtps_cpp[0m
[3.292s] [ 31%] [32mBuilding CXX object CMakeFiles/wildpose_interfaces__rosidl_typesupport_introspection_cpp.dir/rosidl_typesupport_introspection_cpp/wildpose_interfaces/msg/detail/dji_rs_status__type_support.cpp.o[0m
[3.299s] [35m[1mScanning dependencies of target wildpose_interfaces__rosidl_typesupport_c[0m
[3.301s] [ 33%] [32mBuilding CXX object CMakeFiles/wildpose_interfaces__rosidl_typesupport_introspection_cpp.dir/rosidl_typesupport_introspection_cpp/wildpose_interfaces/msg/detail/motor_positions__type_support.cpp.o[0m
[3.303s] [ 34%] [32mBuilding CXX object CMakeFiles/wildpose_interfaces__rosidl_typesupport_introspection_cpp.dir/rosidl_typesupport_introspection_cpp/wildpose_interfaces/msg/detail/motor_status__type_support.cpp.o[0m
[3.304s] [ 36%] [32mBuilding CXX object CMakeFiles/wildpose_interfaces__rosidl_typesupport_introspection_cpp.dir/rosidl_typesupport_introspection_cpp/wildpose_interfaces/msg/detail/frame_brightness__type_support.cpp.o[0m
[3.341s] [ 38%] [32mBuilding CXX object CMakeFiles/wildpose_interfaces__rosidl_typesupport_c.dir/rosidl_typesupport_c/wildpose_interfaces/msg/lens_aperture__type_support.cpp.o[0m
[3.341s] [ 39%] [32mBuilding CXX object CMakeFiles/wildpose_interfaces__rosidl_typesupport_fastrtps_cpp.dir/rosidl_typesupport_fastrtps_cpp/wildpose_interfaces/msg/detail/dds_fastrtps/dji_rs_status__type_support.cpp.o[0m
[3.348s] [ 42%] [32mBuilding CXX object CMakeFiles/wildpose_interfaces__rosidl_typesupport_c.dir/rosidl_typesupport_c/wildpose_interfaces/msg/dji_rs_status__type_support.cpp.o[0m
[3.350s] [ 44%] [32mBuilding CXX object CMakeFiles/wildpose_interfaces__rosidl_typesupport_c.dir/rosidl_typesupport_c/wildpose_interfaces/msg/motor_status__type_support.cpp.o[0m
[3.352s] [ 44%] [32mBuilding CXX object CMakeFiles/wildpose_interfaces__rosidl_typesupport_fastrtps_cpp.dir/rosidl_typesupport_fastrtps_cpp/wildpose_interfaces/msg/detail/dds_fastrtps/lens_aperture__type_support.cpp.o[0m
[3.360s] [ 46%] [32mBuilding CXX object CMakeFiles/wildpose_interfaces__rosidl_typesupport_fastrtps_cpp.dir/rosidl_typesupport_fastrtps_cpp/wildpose_interfaces/msg/detail/dds_fastrtps/motor_status__type_support.cpp.o[0m
[3.371s] [ 47%] [32mBuilding CXX object CMakeFiles/wildpose_interfaces__rosidl_typesupport_c.dir/rosidl_typesupport_c/wildpose_interfaces/msg/motor_positions__type_support.cpp.o[0m
[3.424s] [ 49%] [32mBuilding CXX object CMakeFiles/wildpose_interfaces__rosidl_typesupport_fastrtps_cpp.dir/rosidl_typesupport_fastrtps_cpp/wildpose_interfaces/msg/detail/dds_fastrtps/motor_positions__type_support.cpp.o[0m
[3.427s] [35m[1mScanning dependencies of target wildpose_interfaces__rosidl_typesupport_introspection_c[0m
[3.437s] [ 50%] [32mBuilding CXX object CMakeFiles/wildpose_interfaces__rosidl_typesupport_fastrtps_cpp.dir/rosidl_typesupport_fastrtps_cpp/wildpose_interfaces/msg/detail/dds_fastrtps/frame_brightness__type_support.cpp.o[0m
[3.461s] [ 52%] [32mBuilding CXX object CMakeFiles/wildpose_interfaces__rosidl_typesupport_c.dir/rosidl_typesupport_c/wildpose_interfaces/msg/frame_brightness__type_support.cpp.o[0m
[3.466s] [ 53%] [32mBuilding C object CMakeFiles/wildpose_interfaces__rosidl_typesupport_introspection_c.dir/rosidl_typesupport_introspection_c/wildpose_interfaces/msg/detail/lens_aperture__type_support.c.o[0m
[3.471s] [ 55%] [32m[1mLinking CXX shared library libwildpose_interfaces__rosidl_typesupport_cpp.so[0m
[3.487s] [ 57%] [32mBuilding C object CMakeFiles/wildpose_interfaces__rosidl_typesupport_introspection_c.dir/rosidl_typesupport_introspection_c/wildpose_interfaces/msg/detail/motor_status__type_support.c.o[0m
[3.498s] [ 58%] [32mBuilding C object CMakeFiles/wildpose_interfaces__rosidl_typesupport_introspection_c.dir/rosidl_typesupport_introspection_c/wildpose_interfaces/msg/detail/motor_positions__type_support.c.o[0m
[3.501s] [ 60%] [32mBuilding C object CMakeFiles/wildpose_interfaces__rosidl_typesupport_introspection_c.dir/rosidl_typesupport_introspection_c/wildpose_interfaces/msg/detail/dji_rs_status__type_support.c.o[0m
[3.558s] [ 61%] [32m[1mLinking CXX shared library libwildpose_interfaces__rosidl_typesupport_c.so[0m
[3.570s] [ 63%] [32mBuilding C object CMakeFiles/wildpose_interfaces__rosidl_typesupport_introspection_c.dir/rosidl_typesupport_introspection_c/wildpose_interfaces/msg/detail/frame_brightness__type_support.c.o[0m
[3.642s] [ 63%] Built target wildpose_interfaces__rosidl_typesupport_cpp
[3.666s] [ 63%] Built target wildpose_interfaces__rosidl_typesupport_c
[3.711s] [ 65%] [32m[1mLinking C shared library libwildpose_interfaces__rosidl_typesupport_introspection_c.so[0m
[3.756s] [ 65%] Built target wildpose_interfaces__rosidl_typesupport_introspection_c
[3.885s] [ 66%] [32m[1mLinking CXX shared library libwildpose_interfaces__rosidl_typesupport_introspection_cpp.so[0m
[3.946s] [ 66%] Built target wildpose_interfaces__rosidl_typesupport_introspection_cpp
[3.993s] [ 68%] [32m[1mLinking CXX shared library libwildpose_interfaces__rosidl_typesupport_fastrtps_cpp.so[0m
[4.061s] [ 68%] Built target wildpose_interfaces__rosidl_typesupport_fastrtps_cpp
[4.076s] [ 69%] [34m[1mGenerating C type support for eProsima Fast-RTPS[0m
[4.345s] [35m[1mScanning dependencies of target wildpose_interfaces__rosidl_typesupport_fastrtps_c[0m
[4.359s] [ 71%] [32mBuilding CXX object CMakeFiles/wildpose_interfaces__rosidl_typesupport_fastrtps_c.dir/rosidl_typesupport_fastrtps_c/wildpose_interfaces/msg/detail/dji_rs_status__type_support_c.cpp.o[0m
[4.360s] [ 74%] [32mBuilding CXX object CMakeFiles/wildpose_interfaces__rosidl_typesupport_fastrtps_c.dir/rosidl_typesupport_fastrtps_c/wildpose_interfaces/msg/detail/lens_aperture__type_support_c.cpp.o[0m
[4.360s] [ 74%] [32mBuilding CXX object CMakeFiles/wildpose_interfaces__rosidl_typesupport_fastrtps_c.dir/rosidl_typesupport_fastrtps_c/wildpose_interfaces/msg/detail/motor_status__type_support_c.cpp.o[0m
[4.361s] [ 77%] [32mBuilding CXX object CMakeFiles/wildpose_interfaces__rosidl_typesupport_fastrtps_c.dir/rosidl_typesupport_fastrtps_c/wildpose_interfaces/msg/detail/frame_brightness__type_support_c.cpp.o[0m
[4.361s] [ 77%] [32mBuilding CXX object CMakeFiles/wildpose_interfaces__rosidl_typesupport_fastrtps_c.dir/rosidl_typesupport_fastrtps_c/wildpose_interfaces/msg/detail/motor_positions__type_support_c.cpp.o[0m
[4.804s] [ 79%] [32m[1mLinking CXX shared library libwildpose_interfaces__rosidl_typesupport_fastrtps_c.so[0m
[4.874s] [ 79%] Built target wildpose_interfaces__rosidl_typesupport_fastrtps_c
[4.886s] [35m[1mScanning dependencies of target wildpose_interfaces[0m
[4.899s] [ 79%] Built target wildpose_interfaces
[4.912s] [35m[1mScanning dependencies of target wildpose_interfaces__py[0m
[4.926s] [ 80%] [34m[1mGenerating Python code for ROS interfaces[0m
[5.536s] [ 80%] Built target wildpose_interfaces__py
[5.544s] [35m[1mScanning dependencies of target wildpose_interfaces__python[0m
[5.561s] [ 82%] [32mBuilding C object CMakeFiles/wildpose_interfaces__python.dir/rosidl_generator_py/wildpose_interfaces/msg/_lens_aperture_s.c.o[0m
[5.566s] [ 87%] [32mBuilding C object CMakeFiles/wildpose_interfaces__python.dir/rosidl_generator_py/wildpose_interfaces/msg/_motor_positions_s.c.o[0m
[5.566s] [ 87%] [32mBuilding C object CMakeFiles/wildpose_interfaces__python.dir/rosidl_generator_py/wildpose_interfaces/msg/_motor_status_s.c.o[0m
[5.566s] [ 87%] [32mBuilding C object CMakeFiles/wildpose_interfaces__python.dir/rosidl_generator_py/wildpose_interfaces/msg/_frame_brightness_s.c.o[0m
[5.568s] [ 88%] [32mBuilding C object CMakeFiles/wildpose_interfaces__python.dir/rosidl_generator_py/wildpose_interfaces/msg/_dji_rs_status_s.c.o[0m
[5.686s] [ 90%] [32m[1mLinking C shared library rosidl_generator_py/wildpose_interfaces/libwildpose_interfaces__python.so[0m
[5.743s] [ 90%] Built target wildpose_interfaces__python
[5.757s] [35m[1mScanning dependencies of target wildpose_interfaces__rosidl_typesupport_fastrtps_c__pyext[0m
[5.757s] [35m[1mScanning dependencies of target wildpose_interfaces__rosidl_typesupport_c__pyext[0m
[5.757s] [35m[1mScanning dependencies of target wildpose_interfaces__rosidl_typesupport_introspection_c__pyext[0m
[5.775s] [ 92%] [32mBuilding C object CMakeFiles/wildpose_interfaces__rosidl_typesupport_introspection_c__pyext.dir/rosidl_generator_py/wildpose_interfaces/_wildpose_interfaces_s.ep.rosidl_typesupport_introspection_c.c.o[0m
[5.776s] [ 93%] [32mBuilding C object CMakeFiles/wildpose_interfaces__rosidl_typesupport_fastrtps_c__pyext.dir/rosidl_generator_py/wildpose_interfaces/_wildpose_interfaces_s.ep.rosidl_typesupport_fastrtps_c.c.o[0m
[5.778s] [ 95%] [32mBuilding C object CMakeFiles/wildpose_interfaces__rosidl_typesupport_c__pyext.dir/rosidl_generator_py/wildpose_interfaces/_wildpose_interfaces_s.ep.rosidl_typesupport_c.c.o[0m
[5.837s] [ 96%] [32m[1mLinking C shared library rosidl_generator_py/wildpose_interfaces/wildpose_interfaces_s__rosidl_typesupport_introspection_c.cpython-38-x86_64-linux-gnu.so[0m
[5.876s] [ 96%] Built target wildpose_interfaces__rosidl_typesupport_introspection_c__pyext
[5.891s] [ 98%] [32m[1mLinking CXX shared library rosidl_generator_py/wildpose_interfaces/wildpose_interfaces_s__rosidl_typesupport_fastrtps_c.cpython-38-x86_64-linux-gnu.so[0m
[5.891s] [100%] [32m[1mLinking C shared library rosidl_generator_py/wildpose_interfaces/wildpose_interfaces_s__rosidl_typesupport_c.cpython-38-x86_64-linux-gnu.so[0m
[5.937s] [100%] Built target wildpose_interfaces__rosidl_typesupport_c__pyext
[5.940s] [100%] Built target wildpose_interfaces__rosidl_typesupport_fastrtps_c__pyext
[6.165s] Invoked command in '/home/naoya/wildpose_v1.3/wildpose/build/wildpose_interfaces' returned '0': CMAKE_PREFIX_PATH=${CMAKE_PREFIX_PATH}:/home/naoya/WildPose_v1.2/wildpose/install/motor_controller_pkg:/home/naoya/WildPose_v1.2/wildpose/install/gamepad_pkg:/opt/ros/foxy /usr/bin/cmake --build /home/naoya/wildpose_v1.3/wildpose/build/wildpose_interfaces -- -j16 -l16
[6.508s] Invoking command in '/home/naoya/wildpose_v1.3/wildpose/build/wildpose_interfaces': CMAKE_PREFIX_PATH=${CMAKE_PREFIX_PATH}:/home/naoya/WildPose_v1.2/wildpose/install/motor_controller_pkg:/home/naoya/WildPose_v1.2/wildpose/install/gamepad_pkg:/opt/ros/foxy /usr/bin/cmake --install /home/naoya/wildpose_v1.3/wildpose/build/wildpose_interfaces
[6.515s] -- Install configuration: ""
[6.516s] -- Installing: /home/naoya/wildpose_v1.3/wildpose/install/wildpose_interfaces/share/ament_index/resource_index/rosidl_interfaces/wildpose_interfaces
[6.516s] -- Installing: /home/naoya/wildpose_v1.3/wildpose/install/wildpose_interfaces/include/wildpose_interfaces
[6.516s] -- Installing: /home/naoya/wildpose_v1.3/wildpose/install/wildpose_interfaces/include/wildpose_interfaces/msg
[6.516s] -- Installing: /home/naoya/wildpose_v1.3/wildpose/install/wildpose_interfaces/include/wildpose_interfaces/msg/motor_positions.h
[6.516s] -- Installing: /home/naoya/wildpose_v1.3/wildpose/install/wildpose_interfaces/include/wildpose_interfaces/msg/detail
[6.516s] -- Installing: /home/naoya/wildpose_v1.3/wildpose/install/wildpose_interfaces/include/wildpose_interfaces/msg/detail/motor_positions__functions.c
[6.516s] -- Installing: /home/naoya/wildpose_v1.3/wildpose/install/wildpose_interfaces/include/wildpose_interfaces/msg/detail/frame_brightness__struct.h
[6.516s] -- Installing: /home/naoya/wildpose_v1.3/wildpose/install/wildpose_interfaces/include/wildpose_interfaces/msg/detail/motor_positions__functions.h
[6.516s] -- Installing: /home/naoya/wildpose_v1.3/wildpose/install/wildpose_interfaces/include/wildpose_interfaces/msg/detail/lens_aperture__type_support.h
[6.517s] -- Installing: /home/naoya/wildpose_v1.3/wildpose/install/wildpose_interfaces/include/wildpose_interfaces/msg/detail/lens_aperture__functions.h
[6.517s] -- Installing: /home/naoya/wildpose_v1.3/wildpose/install/wildpose_interfaces/include/wildpose_interfaces/msg/detail/motor_positions__struct.h
[6.517s] -- Installing: /home/naoya/wildpose_v1.3/wildpose/install/wildpose_interfaces/include/wildpose_interfaces/msg/detail/motor_status__functions.h
[6.517s] -- Installing: /home/naoya/wildpose_v1.3/wildpose/install/wildpose_interfaces/include/wildpose_interfaces/msg/detail/dji_rs_status__type_support.h
[6.517s] -- Installing: /home/naoya/wildpose_v1.3/wildpose/install/wildpose_interfaces/include/wildpose_interfaces/msg/detail/lens_aperture__struct.h
[6.517s] -- Installing: /home/naoya/wildpose_v1.3/wildpose/install/wildpose_interfaces/include/wildpose_interfaces/msg/detail/motor_status__functions.c
[6.517s] -- Installing: /home/naoya/wildpose_v1.3/wildpose/install/wildpose_interfaces/include/wildpose_interfaces/msg/detail/lens_aperture__functions.c
[6.517s] -- Installing: /home/naoya/wildpose_v1.3/wildpose/install/wildpose_interfaces/include/wildpose_interfaces/msg/detail/motor_status__type_support.h
[6.517s] -- Installing: /home/naoya/wildpose_v1.3/wildpose/install/wildpose_interfaces/include/wildpose_interfaces/msg/detail/frame_brightness__functions.h
[6.517s] -- Installing: /home/naoya/wildpose_v1.3/wildpose/install/wildpose_interfaces/include/wildpose_interfaces/msg/detail/dji_rs_status__struct.h
[6.518s] -- Installing: /home/naoya/wildpose_v1.3/wildpose/install/wildpose_interfaces/include/wildpose_interfaces/msg/detail/dji_rs_status__functions.c
[6.518s] -- Installing: /home/naoya/wildpose_v1.3/wildpose/install/wildpose_interfaces/include/wildpose_interfaces/msg/detail/frame_brightness__type_support.h
[6.518s] -- Installing: /home/naoya/wildpose_v1.3/wildpose/install/wildpose_interfaces/include/wildpose_interfaces/msg/detail/dji_rs_status__functions.h
[6.518s] -- Installing: /home/naoya/wildpose_v1.3/wildpose/install/wildpose_interfaces/include/wildpose_interfaces/msg/detail/motor_positions__type_support.h
[6.518s] -- Installing: /home/naoya/wildpose_v1.3/wildpose/install/wildpose_interfaces/include/wildpose_interfaces/msg/detail/frame_brightness__functions.c
[6.518s] -- Installing: /home/naoya/wildpose_v1.3/wildpose/install/wildpose_interfaces/include/wildpose_interfaces/msg/detail/motor_status__struct.h
[6.518s] -- Installing: /home/naoya/wildpose_v1.3/wildpose/install/wildpose_interfaces/include/wildpose_interfaces/msg/frame_brightness.h
[6.518s] -- Installing: /home/naoya/wildpose_v1.3/wildpose/install/wildpose_interfaces/include/wildpose_interfaces/msg/rosidl_generator_c__visibility_control.h
[6.518s] -- Installing: /home/naoya/wildpose_v1.3/wildpose/install/wildpose_interfaces/include/wildpose_interfaces/msg/dji_rs_status.h
[6.518s] -- Installing: /home/naoya/wildpose_v1.3/wildpose/install/wildpose_interfaces/include/wildpose_interfaces/msg/motor_status.h
[6.518s] -- Installing: /home/naoya/wildpose_v1.3/wildpose/install/wildpose_interfaces/include/wildpose_interfaces/msg/lens_aperture.h
[6.519s] -- Installing: /home/naoya/wildpose_v1.3/wildpose/install/wildpose_interfaces/share/wildpose_interfaces/environment/library_path.sh
[6.519s] -- Installing: /home/naoya/wildpose_v1.3/wildpose/install/wildpose_interfaces/share/wildpose_interfaces/environment/library_path.dsv
[6.519s] -- Installing: /home/naoya/wildpose_v1.3/wildpose/install/wildpose_interfaces/lib/libwildpose_interfaces__rosidl_generator_c.so
[6.519s] -- Set runtime path of "/home/naoya/wildpose_v1.3/wildpose/install/wildpose_interfaces/lib/libwildpose_interfaces__rosidl_generator_c.so" to ""
[6.519s] -- Up-to-date: /home/naoya/wildpose_v1.3/wildpose/install/wildpose_interfaces/include/wildpose_interfaces
[6.519s] -- Up-to-date: /home/naoya/wildpose_v1.3/wildpose/install/wildpose_interfaces/include/wildpose_interfaces/msg
[6.519s] -- Up-to-date: /home/naoya/wildpose_v1.3/wildpose/install/wildpose_interfaces/include/wildpose_interfaces/msg/detail
[6.519s] -- Installing: /home/naoya/wildpose_v1.3/wildpose/install/wildpose_interfaces/include/wildpose_interfaces/msg/detail/dji_rs_status__rosidl_typesupport_fastrtps_c.h
[6.519s] -- Installing: /home/naoya/wildpose_v1.3/wildpose/install/wildpose_interfaces/include/wildpose_interfaces/msg/detail/frame_brightness__rosidl_typesupport_fastrtps_c.h
[6.520s] -- Installing: /home/naoya/wildpose_v1.3/wildpose/install/wildpose_interfaces/include/wildpose_interfaces/msg/detail/motor_status__rosidl_typesupport_fastrtps_c.h
[6.520s] -- Installing: /home/naoya/wildpose_v1.3/wildpose/install/wildpose_interfaces/include/wildpose_interfaces/msg/detail/motor_positions__rosidl_typesupport_fastrtps_c.h
[6.520s] -- Installing: /home/naoya/wildpose_v1.3/wildpose/install/wildpose_interfaces/include/wildpose_interfaces/msg/detail/lens_aperture__rosidl_typesupport_fastrtps_c.h
[6.520s] -- Installing: /home/naoya/wildpose_v1.3/wildpose/install/wildpose_interfaces/include/wildpose_interfaces/msg/rosidl_typesupport_fastrtps_c__visibility_control.h
[6.520s] -- Installing: /home/naoya/wildpose_v1.3/wildpose/install/wildpose_interfaces/lib/libwildpose_interfaces__rosidl_typesupport_fastrtps_c.so
[6.520s] -- Set runtime path of "/home/naoya/wildpose_v1.3/wildpose/install/wildpose_interfaces/lib/libwildpose_interfaces__rosidl_typesupport_fastrtps_c.so" to ""
[6.520s] -- Up-to-date: /home/naoya/wildpose_v1.3/wildpose/install/wildpose_interfaces/include/wildpose_interfaces
[6.520s] -- Up-to-date: /home/naoya/wildpose_v1.3/wildpose/install/wildpose_interfaces/include/wildpose_interfaces/msg
[6.520s] -- Up-to-date: /home/naoya/wildpose_v1.3/wildpose/install/wildpose_interfaces/include/wildpose_interfaces/msg/detail
[6.521s] -- Installing: /home/naoya/wildpose_v1.3/wildpose/install/wildpose_interfaces/include/wildpose_interfaces/msg/detail/lens_aperture__rosidl_typesupport_fastrtps_cpp.hpp
[6.521s] -- Installing: /home/naoya/wildpose_v1.3/wildpose/install/wildpose_interfaces/include/wildpose_interfaces/msg/detail/motor_status__rosidl_typesupport_fastrtps_cpp.hpp
[6.521s] -- Installing: /home/naoya/wildpose_v1.3/wildpose/install/wildpose_interfaces/include/wildpose_interfaces/msg/detail/frame_brightness__rosidl_typesupport_fastrtps_cpp.hpp
[6.521s] -- Installing: /home/naoya/wildpose_v1.3/wildpose/install/wildpose_interfaces/include/wildpose_interfaces/msg/detail/dds_fastrtps
[6.521s] -- Installing: /home/naoya/wildpose_v1.3/wildpose/install/wildpose_interfaces/include/wildpose_interfaces/msg/detail/dji_rs_status__rosidl_typesupport_fastrtps_cpp.hpp
[6.521s] -- Installing: /home/naoya/wildpose_v1.3/wildpose/install/wildpose_interfaces/include/wildpose_interfaces/msg/detail/motor_positions__rosidl_typesupport_fastrtps_cpp.hpp
[6.521s] -- Installing: /home/naoya/wildpose_v1.3/wildpose/install/wildpose_interfaces/include/wildpose_interfaces/msg/rosidl_typesupport_fastrtps_cpp__visibility_control.h
[6.521s] -- Installing: /home/naoya/wildpose_v1.3/wildpose/install/wildpose_interfaces/lib/libwildpose_interfaces__rosidl_typesupport_fastrtps_cpp.so
[6.521s] -- Set runtime path of "/home/naoya/wildpose_v1.3/wildpose/install/wildpose_interfaces/lib/libwildpose_interfaces__rosidl_typesupport_fastrtps_cpp.so" to ""
[6.522s] -- Up-to-date: /home/naoya/wildpose_v1.3/wildpose/install/wildpose_interfaces/include/wildpose_interfaces
[6.522s] -- Up-to-date: /home/naoya/wildpose_v1.3/wildpose/install/wildpose_interfaces/include/wildpose_interfaces/msg
[6.522s] -- Up-to-date: /home/naoya/wildpose_v1.3/wildpose/install/wildpose_interfaces/include/wildpose_interfaces/msg/detail
[6.522s] -- Installing: /home/naoya/wildpose_v1.3/wildpose/install/wildpose_interfaces/include/wildpose_interfaces/msg/detail/lens_aperture__type_support.c
[6.522s] -- Installing: /home/naoya/wildpose_v1.3/wildpose/install/wildpose_interfaces/include/wildpose_interfaces/msg/detail/frame_brightness__type_support.c
[6.522s] -- Installing: /home/naoya/wildpose_v1.3/wildpose/install/wildpose_interfaces/include/wildpose_interfaces/msg/detail/motor_status__rosidl_typesupport_introspection_c.h
[6.522s] -- Installing: /home/naoya/wildpose_v1.3/wildpose/install/wildpose_interfaces/include/wildpose_interfaces/msg/detail/dji_rs_status__type_support.c
[6.522s] -- Installing: /home/naoya/wildpose_v1.3/wildpose/install/wildpose_interfaces/include/wildpose_interfaces/msg/detail/frame_brightness__rosidl_typesupport_introspection_c.h
[6.522s] -- Installing: /home/naoya/wildpose_v1.3/wildpose/install/wildpose_interfaces/include/wildpose_interfaces/msg/detail/motor_positions__rosidl_typesupport_introspection_c.h
[6.522s] -- Installing: /home/naoya/wildpose_v1.3/wildpose/install/wildpose_interfaces/include/wildpose_interfaces/msg/detail/dji_rs_status__rosidl_typesupport_introspection_c.h
[6.523s] -- Installing: /home/naoya/wildpose_v1.3/wildpose/install/wildpose_interfaces/include/wildpose_interfaces/msg/detail/lens_aperture__rosidl_typesupport_introspection_c.h
[6.523s] -- Installing: /home/naoya/wildpose_v1.3/wildpose/install/wildpose_interfaces/include/wildpose_interfaces/msg/detail/motor_positions__type_support.c
[6.523s] -- Installing: /home/naoya/wildpose_v1.3/wildpose/install/wildpose_interfaces/include/wildpose_interfaces/msg/detail/motor_status__type_support.c
[6.523s] -- Installing: /home/naoya/wildpose_v1.3/wildpose/install/wildpose_interfaces/include/wildpose_interfaces/msg/rosidl_typesupport_introspection_c__visibility_control.h
[6.523s] -- Installing: /home/naoya/wildpose_v1.3/wildpose/install/wildpose_interfaces/lib/libwildpose_interfaces__rosidl_typesupport_introspection_c.so
[6.523s] -- Set runtime path of "/home/naoya/wildpose_v1.3/wildpose/install/wildpose_interfaces/lib/libwildpose_interfaces__rosidl_typesupport_introspection_c.so" to ""
[6.523s] -- Installing: /home/naoya/wildpose_v1.3/wildpose/install/wildpose_interfaces/lib/libwildpose_interfaces__rosidl_typesupport_c.so
[6.524s] -- Set runtime path of "/home/naoya/wildpose_v1.3/wildpose/install/wildpose_interfaces/lib/libwildpose_interfaces__rosidl_typesupport_c.so" to ""
[6.524s] -- Up-to-date: /home/naoya/wildpose_v1.3/wildpose/install/wildpose_interfaces/include/wildpose_interfaces
[6.524s] -- Up-to-date: /home/naoya/wildpose_v1.3/wildpose/install/wildpose_interfaces/include/wildpose_interfaces/msg
[6.524s] -- Installing: /home/naoya/wildpose_v1.3/wildpose/install/wildpose_interfaces/include/wildpose_interfaces/msg/lens_aperture.hpp
[6.524s] -- Installing: /home/naoya/wildpose_v1.3/wildpose/install/wildpose_interfaces/include/wildpose_interfaces/msg/frame_brightness.hpp
[6.524s] -- Up-to-date: /home/naoya/wildpose_v1.3/wildpose/install/wildpose_interfaces/include/wildpose_interfaces/msg/detail
[6.524s] -- Installing: /home/naoya/wildpose_v1.3/wildpose/install/wildpose_interfaces/include/wildpose_interfaces/msg/detail/lens_aperture__struct.hpp
[6.524s] -- Installing: /home/naoya/wildpose_v1.3/wildpose/install/wildpose_interfaces/include/wildpose_interfaces/msg/detail/dji_rs_status__builder.hpp
[6.524s] -- Installing: /home/naoya/wildpose_v1.3/wildpose/install/wildpose_interfaces/include/wildpose_interfaces/msg/detail/motor_status__type_support.hpp
[6.524s] -- Installing: /home/naoya/wildpose_v1.3/wildpose/install/wildpose_interfaces/include/wildpose_interfaces/msg/detail/frame_brightness__traits.hpp
[6.525s] -- Installing: /home/naoya/wildpose_v1.3/wildpose/install/wildpose_interfaces/include/wildpose_interfaces/msg/detail/motor_positions__struct.hpp
[6.525s] -- Installing: /home/naoya/wildpose_v1.3/wildpose/install/wildpose_interfaces/include/wildpose_interfaces/msg/detail/frame_brightness__builder.hpp
[6.525s] -- Installing: /home/naoya/wildpose_v1.3/wildpose/install/wildpose_interfaces/include/wildpose_interfaces/msg/detail/dji_rs_status__struct.hpp
[6.525s] -- Installing: /home/naoya/wildpose_v1.3/wildpose/install/wildpose_interfaces/include/wildpose_interfaces/msg/detail/lens_aperture__builder.hpp
[6.525s] -- Installing: /home/naoya/wildpose_v1.3/wildpose/install/wildpose_interfaces/include/wildpose_interfaces/msg/detail/dji_rs_status__traits.hpp
[6.525s] -- Installing: /home/naoya/wildpose_v1.3/wildpose/install/wildpose_interfaces/include/wildpose_interfaces/msg/detail/frame_brightness__type_support.hpp
[6.525s] -- Installing: /home/naoya/wildpose_v1.3/wildpose/install/wildpose_interfaces/include/wildpose_interfaces/msg/detail/motor_status__builder.hpp
[6.525s] -- Installing: /home/naoya/wildpose_v1.3/wildpose/install/wildpose_interfaces/include/wildpose_interfaces/msg/detail/frame_brightness__struct.hpp
[6.525s] -- Installing: /home/naoya/wildpose_v1.3/wildpose/install/wildpose_interfaces/include/wildpose_interfaces/msg/detail/motor_positions__type_support.hpp
[6.525s] -- Installing: /home/naoya/wildpose_v1.3/wildpose/install/wildpose_interfaces/include/wildpose_interfaces/msg/detail/motor_status__struct.hpp
[6.526s] -- Installing: /home/naoya/wildpose_v1.3/wildpose/install/wildpose_interfaces/include/wildpose_interfaces/msg/detail/motor_positions__traits.hpp
[6.526s] -- Installing: /home/naoya/wildpose_v1.3/wildpose/install/wildpose_interfaces/include/wildpose_interfaces/msg/detail/motor_status__traits.hpp
[6.526s] -- Installing: /home/naoya/wildpose_v1.3/wildpose/install/wildpose_interfaces/include/wildpose_interfaces/msg/detail/motor_positions__builder.hpp
[6.526s] -- Installing: /home/naoya/wildpose_v1.3/wildpose/install/wildpose_interfaces/include/wildpose_interfaces/msg/detail/lens_aperture__traits.hpp
[6.526s] -- Installing: /home/naoya/wildpose_v1.3/wildpose/install/wildpose_interfaces/include/wildpose_interfaces/msg/detail/dji_rs_status__type_support.hpp
[6.526s] -- Installing: /home/naoya/wildpose_v1.3/wildpose/install/wildpose_interfaces/include/wildpose_interfaces/msg/detail/lens_aperture__type_support.hpp
[6.526s] -- Installing: /home/naoya/wildpose_v1.3/wildpose/install/wildpose_interfaces/include/wildpose_interfaces/msg/motor_status.hpp
[6.526s] -- Installing: /home/naoya/wildpose_v1.3/wildpose/install/wildpose_interfaces/include/wildpose_interfaces/msg/rosidl_generator_cpp__visibility_control.hpp
[6.526s] -- Installing: /home/naoya/wildpose_v1.3/wildpose/install/wildpose_interfaces/include/wildpose_interfaces/msg/dji_rs_status.hpp
[6.526s] -- Installing: /home/naoya/wildpose_v1.3/wildpose/install/wildpose_interfaces/include/wildpose_interfaces/msg/motor_positions.hpp
[6.526s] -- Up-to-date: /home/naoya/wildpose_v1.3/wildpose/install/wildpose_interfaces/include/wildpose_interfaces
[6.526s] -- Up-to-date: /home/naoya/wildpose_v1.3/wildpose/install/wildpose_interfaces/include/wildpose_interfaces/msg
[6.527s] -- Up-to-date: /home/naoya/wildpose_v1.3/wildpose/install/wildpose_interfaces/include/wildpose_interfaces/msg/detail
[6.527s] -- Installing: /home/naoya/wildpose_v1.3/wildpose/install/wildpose_interfaces/include/wildpose_interfaces/msg/detail/motor_positions__rosidl_typesupport_introspection_cpp.hpp
[6.527s] -- Installing: /home/naoya/wildpose_v1.3/wildpose/install/wildpose_interfaces/include/wildpose_interfaces/msg/detail/lens_aperture__rosidl_typesupport_introspection_cpp.hpp
[6.527s] -- Installing: /home/naoya/wildpose_v1.3/wildpose/install/wildpose_interfaces/include/wildpose_interfaces/msg/detail/motor_positions__type_support.cpp
[6.527s] -- Installing: /home/naoya/wildpose_v1.3/wildpose/install/wildpose_interfaces/include/wildpose_interfaces/msg/detail/motor_status__type_support.cpp
[6.527s] -- Installing: /home/naoya/wildpose_v1.3/wildpose/install/wildpose_interfaces/include/wildpose_interfaces/msg/detail/dji_rs_status__rosidl_typesupport_introspection_cpp.hpp
[6.527s] -- Installing: /home/naoya/wildpose_v1.3/wildpose/install/wildpose_interfaces/include/wildpose_interfaces/msg/detail/frame_brightness__type_support.cpp
[6.527s] -- Installing: /home/naoya/wildpose_v1.3/wildpose/install/wildpose_interfaces/include/wildpose_interfaces/msg/detail/frame_brightness__rosidl_typesupport_introspection_cpp.hpp
[6.527s] -- Installing: /home/naoya/wildpose_v1.3/wildpose/install/wildpose_interfaces/include/wildpose_interfaces/msg/detail/motor_status__rosidl_typesupport_introspection_cpp.hpp
[6.527s] -- Installing: /home/naoya/wildpose_v1.3/wildpose/install/wildpose_interfaces/include/wildpose_interfaces/msg/detail/lens_aperture__type_support.cpp
[6.527s] -- Installing: /home/naoya/wildpose_v1.3/wildpose/install/wildpose_interfaces/include/wildpose_interfaces/msg/detail/dji_rs_status__type_support.cpp
[6.528s] -- Installing: /home/naoya/wildpose_v1.3/wildpose/install/wildpose_interfaces/lib/libwildpose_interfaces__rosidl_typesupport_introspection_cpp.so
[6.528s] -- Set runtime path of "/home/naoya/wildpose_v1.3/wildpose/install/wildpose_interfaces/lib/libwildpose_interfaces__rosidl_typesupport_introspection_cpp.so" to ""
[6.528s] -- Installing: /home/naoya/wildpose_v1.3/wildpose/install/wildpose_interfaces/lib/libwildpose_interfaces__rosidl_typesupport_cpp.so
[6.528s] -- Set runtime path of "/home/naoya/wildpose_v1.3/wildpose/install/wildpose_interfaces/lib/libwildpose_interfaces__rosidl_typesupport_cpp.so" to ""
[6.528s] -- Installing: /home/naoya/wildpose_v1.3/wildpose/install/wildpose_interfaces/share/wildpose_interfaces/environment/pythonpath.sh
[6.528s] -- Installing: /home/naoya/wildpose_v1.3/wildpose/install/wildpose_interfaces/share/wildpose_interfaces/environment/pythonpath.dsv
[6.529s] -- Installing: /home/naoya/wildpose_v1.3/wildpose/install/wildpose_interfaces/lib/python3.8/site-packages/wildpose_interfaces/__init__.py
[6.553s] Compiling '/home/naoya/wildpose_v1.3/wildpose/install/wildpose_interfaces/lib/python3.8/site-packages/wildpose_interfaces/__init__.py'...
[6.556s] -- Installing: /home/naoya/wildpose_v1.3/wildpose/install/wildpose_interfaces/lib/python3.8/site-packages/wildpose_interfaces/msg
[6.556s] -- Installing: /home/naoya/wildpose_v1.3/wildpose/install/wildpose_interfaces/lib/python3.8/site-packages/wildpose_interfaces/msg/_motor_status.py
[6.557s] -- Installing: /home/naoya/wildpose_v1.3/wildpose/install/wildpose_interfaces/lib/python3.8/site-packages/wildpose_interfaces/msg/_lens_aperture.py
[6.557s] -- Installing: /home/naoya/wildpose_v1.3/wildpose/install/wildpose_interfaces/lib/python3.8/site-packages/wildpose_interfaces/msg/_frame_brightness.py
[6.557s] -- Installing: /home/naoya/wildpose_v1.3/wildpose/install/wildpose_interfaces/lib/python3.8/site-packages/wildpose_interfaces/msg/_motor_status_s.c
[6.557s] -- Installing: /home/naoya/wildpose_v1.3/wildpose/install/wildpose_interfaces/lib/python3.8/site-packages/wildpose_interfaces/msg/_frame_brightness_s.c
[6.557s] -- Installing: /home/naoya/wildpose_v1.3/wildpose/install/wildpose_interfaces/lib/python3.8/site-packages/wildpose_interfaces/msg/_dji_rs_status_s.c
[6.558s] -- Installing: /home/naoya/wildpose_v1.3/wildpose/install/wildpose_interfaces/lib/python3.8/site-packages/wildpose_interfaces/msg/_motor_positions.py
[6.558s] -- Installing: /home/naoya/wildpose_v1.3/wildpose/install/wildpose_interfaces/lib/python3.8/site-packages/wildpose_interfaces/msg/_lens_aperture_s.c
[6.558s] -- Installing: /home/naoya/wildpose_v1.3/wildpose/install/wildpose_interfaces/lib/python3.8/site-packages/wildpose_interfaces/msg/__init__.py
[6.558s] -- Installing: /home/naoya/wildpose_v1.3/wildpose/install/wildpose_interfaces/lib/python3.8/site-packages/wildpose_interfaces/msg/_motor_positions_s.c
[6.558s] -- Installing: /home/naoya/wildpose_v1.3/wildpose/install/wildpose_interfaces/lib/python3.8/site-packages/wildpose_interfaces/msg/_dji_rs_status.py
[6.558s] -- Installing: /home/naoya/wildpose_v1.3/wildpose/install/wildpose_interfaces/lib/python3.8/site-packages/wildpose_interfaces/wildpose_interfaces_s__rosidl_typesupport_fastrtps_c.cpython-38-x86_64-linux-gnu.so
[6.558s] -- Set runtime path of "/home/naoya/wildpose_v1.3/wildpose/install/wildpose_interfaces/lib/python3.8/site-packages/wildpose_interfaces/wildpose_interfaces_s__rosidl_typesupport_fastrtps_c.cpython-38-x86_64-linux-gnu.so" to ""
[6.558s] -- Installing: /home/naoya/wildpose_v1.3/wildpose/install/wildpose_interfaces/lib/python3.8/site-packages/wildpose_interfaces/wildpose_interfaces_s__rosidl_typesupport_introspection_c.cpython-38-x86_64-linux-gnu.so
[6.559s] -- Set runtime path of "/home/naoya/wildpose_v1.3/wildpose/install/wildpose_interfaces/lib/python3.8/site-packages/wildpose_interfaces/wildpose_interfaces_s__rosidl_typesupport_introspection_c.cpython-38-x86_64-linux-gnu.so" to ""
[6.559s] -- Installing: /home/naoya/wildpose_v1.3/wildpose/install/wildpose_interfaces/lib/python3.8/site-packages/wildpose_interfaces/wildpose_interfaces_s__rosidl_typesupport_c.cpython-38-x86_64-linux-gnu.so
[6.559s] -- Set runtime path of "/home/naoya/wildpose_v1.3/wildpose/install/wildpose_interfaces/lib/python3.8/site-packages/wildpose_interfaces/wildpose_interfaces_s__rosidl_typesupport_c.cpython-38-x86_64-linux-gnu.so" to ""
[6.559s] -- Installing: /home/naoya/wildpose_v1.3/wildpose/install/wildpose_interfaces/lib/libwildpose_interfaces__python.so
[6.559s] -- Set runtime path of "/home/naoya/wildpose_v1.3/wildpose/install/wildpose_interfaces/lib/libwildpose_interfaces__python.so" to ""
[6.560s] -- Installing: /home/naoya/wildpose_v1.3/wildpose/install/wildpose_interfaces/share/wildpose_interfaces/msg/LensAperture.idl
[6.560s] -- Installing: /home/naoya/wildpose_v1.3/wildpose/install/wildpose_interfaces/share/wildpose_interfaces/msg/DjiRsStatus.idl
[6.560s] -- Installing: /home/naoya/wildpose_v1.3/wildpose/install/wildpose_interfaces/share/wildpose_interfaces/msg/MotorStatus.idl
[6.560s] -- Installing: /home/naoya/wildpose_v1.3/wildpose/install/wildpose_interfaces/share/wildpose_interfaces/msg/MotorPositions.idl
[6.560s] -- Installing: /home/naoya/wildpose_v1.3/wildpose/install/wildpose_interfaces/share/wildpose_interfaces/msg/FrameBrightness.idl
[6.560s] -- Installing: /home/naoya/wildpose_v1.3/wildpose/install/wildpose_interfaces/share/wildpose_interfaces/msg/LensAperture.msg
[6.560s] -- Installing: /home/naoya/wildpose_v1.3/wildpose/install/wildpose_interfaces/share/wildpose_interfaces/msg/DjiRsStatus.msg
[6.560s] -- Installing: /home/naoya/wildpose_v1.3/wildpose/install/wildpose_interfaces/share/wildpose_interfaces/msg/MotorStatus.msg
[6.560s] -- Installing: /home/naoya/wildpose_v1.3/wildpose/install/wildpose_interfaces/share/wildpose_interfaces/msg/MotorPositions.msg
[6.561s] -- Installing: /home/naoya/wildpose_v1.3/wildpose/install/wildpose_interfaces/share/wildpose_interfaces/msg/FrameBrightness.msg
[6.561s] -- Installing: /home/naoya/wildpose_v1.3/wildpose/install/wildpose_interfaces/share/ament_index/resource_index/package_run_dependencies/wildpose_interfaces
[6.561s] -- Installing: /home/naoya/wildpose_v1.3/wildpose/install/wildpose_interfaces/share/ament_index/resource_index/parent_prefix_path/wildpose_interfaces
[6.561s] -- Installing: /home/naoya/wildpose_v1.3/wildpose/install/wildpose_interfaces/share/wildpose_interfaces/environment/ament_prefix_path.sh
[6.561s] -- Installing: /home/naoya/wildpose_v1.3/wildpose/install/wildpose_interfaces/share/wildpose_interfaces/environment/ament_prefix_path.dsv
[6.561s] -- Installing: /home/naoya/wildpose_v1.3/wildpose/install/wildpose_interfaces/share/wildpose_interfaces/environment/path.sh
[6.561s] -- Installing: /home/naoya/wildpose_v1.3/wildpose/install/wildpose_interfaces/share/wildpose_interfaces/environment/path.dsv
[6.561s] -- Installing: /home/naoya/wildpose_v1.3/wildpose/install/wildpose_interfaces/share/wildpose_interfaces/local_setup.bash
[6.561s] -- Installing: /home/naoya/wildpose_v1.3/wildpose/install/wildpose_interfaces/share/wildpose_interfaces/local_setup.sh
[6.561s] -- Installing: /home/naoya/wildpose_v1.3/wildpose/install/wildpose_interfaces/share/wildpose_interfaces/local_setup.zsh
[6.562s] -- Installing: /home/naoya/wildpose_v1.3/wildpose/install/wildpose_interfaces/share/wildpose_interfaces/local_setup.dsv
[6.562s] -- Installing: /home/naoya/wildpose_v1.3/wildpose/install/wildpose_interfaces/share/wildpose_interfaces/package.dsv
[6.562s] -- Installing: /home/naoya/wildpose_v1.3/wildpose/install/wildpose_interfaces/share/ament_index/resource_index/packages/wildpose_interfaces
[6.562s] -- Installing: /home/naoya/wildpose_v1.3/wildpose/install/wildpose_interfaces/share/wildpose_interfaces/cmake/wildpose_interfaces__rosidl_generator_cExport.cmake
[6.562s] -- Installing: /home/naoya/wildpose_v1.3/wildpose/install/wildpose_interfaces/share/wildpose_interfaces/cmake/wildpose_interfaces__rosidl_generator_cExport-noconfig.cmake
[6.562s] -- Installing: /home/naoya/wildpose_v1.3/wildpose/install/wildpose_interfaces/share/wildpose_interfaces/cmake/wildpose_interfaces__rosidl_typesupport_introspection_cExport.cmake
[6.562s] -- Installing: /home/naoya/wildpose_v1.3/wildpose/install/wildpose_interfaces/share/wildpose_interfaces/cmake/wildpose_interfaces__rosidl_typesupport_introspection_cExport-noconfig.cmake
[6.562s] -- Installing: /home/naoya/wildpose_v1.3/wildpose/install/wildpose_interfaces/share/wildpose_interfaces/cmake/wildpose_interfaces__rosidl_typesupport_cExport.cmake
[6.562s] -- Installing: /home/naoya/wildpose_v1.3/wildpose/install/wildpose_interfaces/share/wildpose_interfaces/cmake/wildpose_interfaces__rosidl_typesupport_cExport-noconfig.cmake
[6.562s] -- Installing: /home/naoya/wildpose_v1.3/wildpose/install/wildpose_interfaces/share/wildpose_interfaces/cmake/wildpose_interfaces__rosidl_generator_cppExport.cmake
[6.562s] -- Installing: /home/naoya/wildpose_v1.3/wildpose/install/wildpose_interfaces/share/wildpose_interfaces/cmake/wildpose_interfaces__rosidl_typesupport_introspection_cppExport.cmake
[6.563s] -- Installing: /home/naoya/wildpose_v1.3/wildpose/install/wildpose_interfaces/share/wildpose_interfaces/cmake/wildpose_interfaces__rosidl_typesupport_introspection_cppExport-noconfig.cmake
[6.563s] -- Installing: /home/naoya/wildpose_v1.3/wildpose/install/wildpose_interfaces/share/wildpose_interfaces/cmake/wildpose_interfaces__rosidl_typesupport_cppExport.cmake
[6.563s] -- Installing: /home/naoya/wildpose_v1.3/wildpose/install/wildpose_interfaces/share/wildpose_interfaces/cmake/wildpose_interfaces__rosidl_typesupport_cppExport-noconfig.cmake
[6.563s] -- Installing: /home/naoya/wildpose_v1.3/wildpose/install/wildpose_interfaces/share/wildpose_interfaces/cmake/rosidl_cmake-extras.cmake
[6.563s] -- Installing: /home/naoya/wildpose_v1.3/wildpose/install/wildpose_interfaces/share/wildpose_interfaces/cmake/ament_cmake_export_dependencies-extras.cmake
[6.563s] -- Installing: /home/naoya/wildpose_v1.3/wildpose/install/wildpose_interfaces/share/wildpose_interfaces/cmake/ament_cmake_export_libraries-extras.cmake
[6.563s] -- Installing: /home/naoya/wildpose_v1.3/wildpose/install/wildpose_interfaces/share/wildpose_interfaces/cmake/ament_cmake_export_targets-extras.cmake
[6.563s] -- Installing: /home/naoya/wildpose_v1.3/wildpose/install/wildpose_interfaces/share/wildpose_interfaces/cmake/ament_cmake_export_include_directories-extras.cmake
[6.563s] -- Installing: /home/naoya/wildpose_v1.3/wildpose/install/wildpose_interfaces/share/wildpose_interfaces/cmake/rosidl_cmake_export_typesupport_libraries-extras.cmake
[6.563s] -- Installing: /home/naoya/wildpose_v1.3/wildpose/install/wildpose_interfaces/share/wildpose_interfaces/cmake/rosidl_cmake_export_typesupport_targets-extras.cmake
[6.563s] -- Installing: /home/naoya/wildpose_v1.3/wildpose/install/wildpose_interfaces/share/wildpose_interfaces/cmake/wildpose_interfacesConfig.cmake
[6.563s] -- Installing: /home/naoya/wildpose_v1.3/wildpose/install/wildpose_interfaces/share/wildpose_interfaces/cmake/wildpose_interfacesConfig-version.cmake
[6.564s] -- Installing: /home/naoya/wildpose_v1.3/wildpose/install/wildpose_interfaces/share/wildpose_interfaces/package.xml
[6.565s] Invoked command in '/home/naoya/wildpose_v1.3/wildpose/build/wildpose_interfaces' returned '0': CMAKE_PREFIX_PATH=${CMAKE_PREFIX_PATH}:/home/naoya/WildPose_v1.2/wildpose/install/motor_controller_pkg:/home/naoya/WildPose_v1.2/wildpose/install/gamepad_pkg:/opt/ros/foxy /usr/bin/cmake --install /home/naoya/wildpose_v1.3/wildpose/build/wildpose_interfaces
