[1.135s] Invoking command in '/home/naoya/wildpose_v1.3/wildpose/build/wildpose_interfaces': CMAKE_PREFIX_PATH=${CMAKE_PREFIX_PATH}:/home/naoya/wildpose_v1.3/wildpose/install/motor_controller_pkg:/home/naoya/wildpose_v1.3/wildpose/install/lidar_control_package:/home/naoya/wildpose_v1.3/wildpose/install/dji_rs3_pkg:/home/naoya/wildpose_v1.3/wildpose/install/gamepad_pkg:/home/naoya/Wildpose_v1.33/wildpose/install/motor_controller_pkg:/home/naoya/Wildpose_v1.33/wildpose/install/dji_rs3_pkg:/home/naoya/Wildpose_v1.33/wildpose/install/gamepad_pkg:/home/naoya/WildPose_v1.2/wildpose/install/motor_controller_pkg:/home/naoya/WildPose_v1.2/wildpose/install/gamepad_pkg:/opt/ros/foxy /usr/bin/cmake /home/naoya/wildpose_v1.3/wildpose/src/wildpose_interfaces -DCMAKE_INSTALL_PREFIX=/home/naoya/wildpose_v1.3/wildpose/install/wildpose_interfaces
[1.534s] -- The C compiler identification is GNU 9.4.0
[1.534s] -- The CXX compiler identification is GNU 9.4.0
[1.534s] -- Check for working C compiler: /usr/bin/cc
[1.534s] -- Check for working C compiler: /usr/bin/cc -- works
[1.534s] -- Detecting C compiler ABI info
[1.535s] -- Detecting C compiler ABI info - done
[1.535s] -- Detecting C compile features
[1.535s] -- Detecting C compile features - done
[1.535s] -- Check for working CXX compiler: /usr/bin/c++
[1.535s] -- Check for working CXX compiler: /usr/bin/c++ -- works
[1.535s] -- Detecting CXX compiler ABI info
[1.535s] -- Detecting CXX compiler ABI info - done
[1.535s] -- Detecting CXX compile features
[1.535s] -- Detecting CXX compile features - done
[1.535s] -- Found ament_cmake: 0.9.12 (/opt/ros/foxy/share/ament_cmake/cmake)
[1.547s] -- Found PythonInterp: /usr/bin/python3 (found suitable version "3.8.10", minimum required is "3") 
[1.547s] -- Using PYTHON_EXECUTABLE: /usr/bin/python3
[1.678s] -- Found rosidl_default_generators: 1.0.1 (/opt/ros/foxy/share/rosidl_default_generators/cmake)
[1.684s] -- Using all available rosidl_typesupport_c: rosidl_typesupport_fastrtps_c;rosidl_typesupport_introspection_c
[1.690s] -- Found rosidl_adapter: 1.3.1 (/opt/ros/foxy/share/rosidl_adapter/cmake)
[1.779s] -- Found OpenSSL: /usr/lib/x86_64-linux-gnu/libcrypto.so (found version "1.1.1f")  
[1.801s] -- Found FastRTPS: /opt/ros/foxy/include  
[1.864s] -- Using all available rosidl_typesupport_cpp: rosidl_typesupport_fastrtps_cpp;rosidl_typesupport_introspection_cpp
[1.884s] -- Found std_msgs: 2.0.5 (/opt/ros/foxy/share/std_msgs/cmake)
[1.931s] -- Found PythonInterp: /usr/bin/python3 (found version "3.8.10") 
[2.088s] -- Found ament_cmake_ros: 0.9.2 (/opt/ros/foxy/share/ament_cmake_ros/cmake)
[2.230s] -- Using all available rosidl_typesupport_c: rosidl_typesupport_fastrtps_c;rosidl_typesupport_introspection_c
[2.276s] -- Using all available rosidl_typesupport_cpp: rosidl_typesupport_fastrtps_cpp;rosidl_typesupport_introspection_cpp
[2.303s] -- Found PythonInterp: /usr/bin/python3 (found suitable version "3.8.10", minimum required is "3.5") 
[2.308s] -- Found python_cmake_module: 0.8.1 (/opt/ros/foxy/share/python_cmake_module/cmake)
[2.332s] -- Found PythonLibs: /usr/lib/x86_64-linux-gnu/libpython3.8.so (found suitable version "3.8.10", minimum required is "3.5") 
[2.332s] -- Using PYTHON_EXECUTABLE: /usr/bin/python3
[2.332s] -- Using PYTHON_INCLUDE_DIRS: /usr/include/python3.8
[2.332s] -- Using PYTHON_LIBRARIES: /usr/lib/x86_64-linux-gnu/libpython3.8.so
[2.354s] -- Found PythonExtra: .so  
[2.415s] -- Configuring done
[2.446s] -- Generating done
[2.448s] -- Build files have been written to: /home/naoya/wildpose_v1.3/wildpose/build/wildpose_interfaces
[2.483s] Invoked command in '/home/naoya/wildpose_v1.3/wildpose/build/wildpose_interfaces' returned '0': CMAKE_PREFIX_PATH=${CMAKE_PREFIX_PATH}:/home/naoya/wildpose_v1.3/wildpose/install/motor_controller_pkg:/home/naoya/wildpose_v1.3/wildpose/install/lidar_control_package:/home/naoya/wildpose_v1.3/wildpose/install/dji_rs3_pkg:/home/naoya/wildpose_v1.3/wildpose/install/gamepad_pkg:/home/naoya/Wildpose_v1.33/wildpose/install/motor_controller_pkg:/home/naoya/Wildpose_v1.33/wildpose/install/dji_rs3_pkg:/home/naoya/Wildpose_v1.33/wildpose/install/gamepad_pkg:/home/naoya/WildPose_v1.2/wildpose/install/motor_controller_pkg:/home/naoya/WildPose_v1.2/wildpose/install/gamepad_pkg:/opt/ros/foxy /usr/bin/cmake /home/naoya/wildpose_v1.3/wildpose/src/wildpose_interfaces -DCMAKE_INSTALL_PREFIX=/home/naoya/wildpose_v1.3/wildpose/install/wildpose_interfaces
[2.484s] Invoking command in '/home/naoya/wildpose_v1.3/wildpose/build/wildpose_interfaces': CMAKE_PREFIX_PATH=${CMAKE_PREFIX_PATH}:/home/naoya/wildpose_v1.3/wildpose/install/motor_controller_pkg:/home/naoya/wildpose_v1.3/wildpose/install/lidar_control_package:/home/naoya/wildpose_v1.3/wildpose/install/dji_rs3_pkg:/home/naoya/wildpose_v1.3/wildpose/install/gamepad_pkg:/home/naoya/Wildpose_v1.33/wildpose/install/motor_controller_pkg:/home/naoya/Wildpose_v1.33/wildpose/install/dji_rs3_pkg:/home/naoya/Wildpose_v1.33/wildpose/install/gamepad_pkg:/home/naoya/WildPose_v1.2/wildpose/install/motor_controller_pkg:/home/naoya/WildPose_v1.2/wildpose/install/gamepad_pkg:/opt/ros/foxy /usr/bin/cmake --build /home/naoya/wildpose_v1.3/wildpose/build/wildpose_interfaces -- -j16 -l16
[2.520s] [35m[1mScanning dependencies of target wildpose_interfaces__cpp[0m
[2.520s] [  1%] [34m[1mGenerating C code for ROS interfaces[0m
[2.529s] [  3%] [34m[1mGenerating C++ code for ROS interfaces[0m
[2.798s] [  3%] Built target wildpose_interfaces__cpp
[2.810s] [  4%] [34m[1mGenerating C++ type support for eProsima Fast-RTPS[0m
[2.812s] [  6%] [34m[1mGenerating C++ type support dispatch for ROS interfaces[0m
[2.812s] [  7%] [34m[1mGenerating C++ introspection for ROS interfaces[0m
[2.814s] [35m[1mScanning dependencies of target wildpose_interfaces__rosidl_generator_c[0m
[2.825s] [  9%] [32mBuilding C object CMakeFiles/wildpose_interfaces__rosidl_generator_c.dir/rosidl_generator_c/wildpose_interfaces/msg/detail/motor_positions__functions.c.o[0m
[2.827s] [ 11%] [32mBuilding C object CMakeFiles/wildpose_interfaces__rosidl_generator_c.dir/rosidl_generator_c/wildpose_interfaces/msg/detail/dji_rs_status__functions.c.o[0m
[2.827s] [ 12%] [32mBuilding C object CMakeFiles/wildpose_interfaces__rosidl_generator_c.dir/rosidl_generator_c/wildpose_interfaces/msg/detail/lens_aperture__functions.c.o[0m
[2.828s] [ 14%] [32mBuilding C object CMakeFiles/wildpose_interfaces__rosidl_generator_c.dir/rosidl_generator_c/wildpose_interfaces/msg/detail/motor_status__functions.c.o[0m
[2.828s] [ 15%] [32mBuilding C object CMakeFiles/wildpose_interfaces__rosidl_generator_c.dir/rosidl_generator_c/wildpose_interfaces/msg/detail/frame_brightness__functions.c.o[0m
[2.886s] [ 17%] [32m[1mLinking C shared library libwildpose_interfaces__rosidl_generator_c.so[0m
[2.931s] [ 17%] Built target wildpose_interfaces__rosidl_generator_c
[2.947s] [ 20%] [34m[1mGenerating C introspection for ROS interfaces[0m
[2.947s] [ 20%] [34m[1mGenerating C type support dispatch for ROS interfaces[0m
[3.080s] [35m[1mScanning dependencies of target wildpose_interfaces__rosidl_typesupport_fastrtps_cpp[0m
[3.100s] [ 25%] [32mBuilding CXX object CMakeFiles/wildpose_interfaces__rosidl_typesupport_fastrtps_cpp.dir/rosidl_typesupport_fastrtps_cpp/wildpose_interfaces/msg/detail/dds_fastrtps/lens_aperture__type_support.cpp.o[0m
[3.100s] [ 25%] [32mBuilding CXX object CMakeFiles/wildpose_interfaces__rosidl_typesupport_fastrtps_cpp.dir/rosidl_typesupport_fastrtps_cpp/wildpose_interfaces/msg/detail/dds_fastrtps/motor_positions__type_support.cpp.o[0m
[3.100s] [ 25%] [32mBuilding CXX object CMakeFiles/wildpose_interfaces__rosidl_typesupport_fastrtps_cpp.dir/rosidl_typesupport_fastrtps_cpp/wildpose_interfaces/msg/detail/dds_fastrtps/frame_brightness__type_support.cpp.o[0m
[3.100s] [ 26%] [32mBuilding CXX object CMakeFiles/wildpose_interfaces__rosidl_typesupport_fastrtps_cpp.dir/rosidl_typesupport_fastrtps_cpp/wildpose_interfaces/msg/detail/dds_fastrtps/motor_status__type_support.cpp.o[0m
[3.100s] [ 28%] [32mBuilding CXX object CMakeFiles/wildpose_interfaces__rosidl_typesupport_fastrtps_cpp.dir/rosidl_typesupport_fastrtps_cpp/wildpose_interfaces/msg/detail/dds_fastrtps/dji_rs_status__type_support.cpp.o[0m
[3.256s] [35m[1mScanning dependencies of target wildpose_interfaces__rosidl_typesupport_c[0m
[3.257s] [35m[1mScanning dependencies of target wildpose_interfaces__rosidl_typesupport_cpp[0m
[3.276s] [ 30%] [32mBuilding CXX object CMakeFiles/wildpose_interfaces__rosidl_typesupport_cpp.dir/rosidl_typesupport_cpp/wildpose_interfaces/msg/lens_aperture__type_support.cpp.o[0m
[3.283s] [ 31%] [32mBuilding CXX object CMakeFiles/wildpose_interfaces__rosidl_typesupport_c.dir/rosidl_typesupport_c/wildpose_interfaces/msg/lens_aperture__type_support.cpp.o[0m
[3.290s] [ 33%] [32mBuilding CXX object CMakeFiles/wildpose_interfaces__rosidl_typesupport_cpp.dir/rosidl_typesupport_cpp/wildpose_interfaces/msg/dji_rs_status__type_support.cpp.o[0m
[3.304s] [ 34%] [32mBuilding CXX object CMakeFiles/wildpose_interfaces__rosidl_typesupport_c.dir/rosidl_typesupport_c/wildpose_interfaces/msg/motor_status__type_support.cpp.o[0m
[3.307s] [ 36%] [32mBuilding CXX object CMakeFiles/wildpose_interfaces__rosidl_typesupport_c.dir/rosidl_typesupport_c/wildpose_interfaces/msg/dji_rs_status__type_support.cpp.o[0m
[3.317s] [ 38%] [32mBuilding CXX object CMakeFiles/wildpose_interfaces__rosidl_typesupport_cpp.dir/rosidl_typesupport_cpp/wildpose_interfaces/msg/motor_status__type_support.cpp.o[0m
[3.351s] [ 39%] [32mBuilding CXX object CMakeFiles/wildpose_interfaces__rosidl_typesupport_c.dir/rosidl_typesupport_c/wildpose_interfaces/msg/motor_positions__type_support.cpp.o[0m
[3.374s] [ 41%] [32mBuilding CXX object CMakeFiles/wildpose_interfaces__rosidl_typesupport_c.dir/rosidl_typesupport_c/wildpose_interfaces/msg/frame_brightness__type_support.cpp.o[0m
[3.375s] [35m[1mScanning dependencies of target wildpose_interfaces__rosidl_typesupport_introspection_cpp[0m
[3.384s] [ 42%] [32mBuilding CXX object CMakeFiles/wildpose_interfaces__rosidl_typesupport_cpp.dir/rosidl_typesupport_cpp/wildpose_interfaces/msg/motor_positions__type_support.cpp.o[0m
[3.406s] [ 44%] [32mBuilding CXX object CMakeFiles/wildpose_interfaces__rosidl_typesupport_cpp.dir/rosidl_typesupport_cpp/wildpose_interfaces/msg/frame_brightness__type_support.cpp.o[0m
[3.421s] [ 46%] [32mBuilding CXX object CMakeFiles/wildpose_interfaces__rosidl_typesupport_introspection_cpp.dir/rosidl_typesupport_introspection_cpp/wildpose_interfaces/msg/detail/lens_aperture__type_support.cpp.o[0m
[3.452s] [ 47%] [32mBuilding CXX object CMakeFiles/wildpose_interfaces__rosidl_typesupport_introspection_cpp.dir/rosidl_typesupport_introspection_cpp/wildpose_interfaces/msg/detail/dji_rs_status__type_support.cpp.o[0m
[3.456s] [35m[1mScanning dependencies of target wildpose_interfaces__rosidl_typesupport_introspection_c[0m
[3.470s] [ 49%] [32mBuilding CXX object CMakeFiles/wildpose_interfaces__rosidl_typesupport_introspection_cpp.dir/rosidl_typesupport_introspection_cpp/wildpose_interfaces/msg/detail/motor_status__type_support.cpp.o[0m
[3.512s] [ 50%] [32m[1mLinking CXX shared library libwildpose_interfaces__rosidl_typesupport_c.so[0m
[3.531s] [ 53%] [32mBuilding CXX object CMakeFiles/wildpose_interfaces__rosidl_typesupport_introspection_cpp.dir/rosidl_typesupport_introspection_cpp/wildpose_interfaces/msg/detail/motor_positions__type_support.cpp.o[0m
[3.531s] [ 53%] [32mBuilding C object CMakeFiles/wildpose_interfaces__rosidl_typesupport_introspection_c.dir/rosidl_typesupport_introspection_c/wildpose_interfaces/msg/detail/lens_aperture__type_support.c.o[0m
[3.604s] [ 55%] [32mBuilding CXX object CMakeFiles/wildpose_interfaces__rosidl_typesupport_introspection_cpp.dir/rosidl_typesupport_introspection_cpp/wildpose_interfaces/msg/detail/frame_brightness__type_support.cpp.o[0m
[3.624s] [ 57%] [32mBuilding C object CMakeFiles/wildpose_interfaces__rosidl_typesupport_introspection_c.dir/rosidl_typesupport_introspection_c/wildpose_interfaces/msg/detail/dji_rs_status__type_support.c.o[0m
[3.660s] [ 58%] [32mBuilding C object CMakeFiles/wildpose_interfaces__rosidl_typesupport_introspection_c.dir/rosidl_typesupport_introspection_c/wildpose_interfaces/msg/detail/motor_status__type_support.c.o[0m
[3.668s] [ 58%] Built target wildpose_interfaces__rosidl_typesupport_c
[3.675s] [ 60%] [32mBuilding C object CMakeFiles/wildpose_interfaces__rosidl_typesupport_introspection_c.dir/rosidl_typesupport_introspection_c/wildpose_interfaces/msg/detail/motor_positions__type_support.c.o[0m
[3.697s] [ 61%] [32mBuilding C object CMakeFiles/wildpose_interfaces__rosidl_typesupport_introspection_c.dir/rosidl_typesupport_introspection_c/wildpose_interfaces/msg/detail/frame_brightness__type_support.c.o[0m
[3.805s] [ 63%] [32m[1mLinking C shared library libwildpose_interfaces__rosidl_typesupport_introspection_c.so[0m
[3.867s] [ 63%] Built target wildpose_interfaces__rosidl_typesupport_introspection_c
[3.922s] [ 65%] [32m[1mLinking CXX shared library libwildpose_interfaces__rosidl_typesupport_fastrtps_cpp.so[0m
[3.983s] [ 66%] [32m[1mLinking CXX shared library libwildpose_interfaces__rosidl_typesupport_cpp.so[0m
[4.051s] [ 66%] Built target wildpose_interfaces__rosidl_typesupport_cpp
[4.059s] [ 68%] [32m[1mLinking CXX shared library libwildpose_interfaces__rosidl_typesupport_introspection_cpp.so[0m
[4.075s] [ 68%] Built target wildpose_interfaces__rosidl_typesupport_fastrtps_cpp
[4.084s] [ 69%] [34m[1mGenerating C type support for eProsima Fast-RTPS[0m
[4.151s] [ 69%] Built target wildpose_interfaces__rosidl_typesupport_introspection_cpp
[4.326s] [35m[1mScanning dependencies of target wildpose_interfaces__rosidl_typesupport_fastrtps_c[0m
[4.339s] [ 71%] [32mBuilding CXX object CMakeFiles/wildpose_interfaces__rosidl_typesupport_fastrtps_c.dir/rosidl_typesupport_fastrtps_c/wildpose_interfaces/msg/detail/lens_aperture__type_support_c.cpp.o[0m
[4.346s] [ 77%] [32mBuilding CXX object CMakeFiles/wildpose_interfaces__rosidl_typesupport_fastrtps_c.dir/rosidl_typesupport_fastrtps_c/wildpose_interfaces/msg/detail/frame_brightness__type_support_c.cpp.o[0m
[4.346s] [ 77%] [32mBuilding CXX object CMakeFiles/wildpose_interfaces__rosidl_typesupport_fastrtps_c.dir/rosidl_typesupport_fastrtps_c/wildpose_interfaces/msg/detail/dji_rs_status__type_support_c.cpp.o[0m
[4.346s] [ 77%] [32mBuilding CXX object CMakeFiles/wildpose_interfaces__rosidl_typesupport_fastrtps_c.dir/rosidl_typesupport_fastrtps_c/wildpose_interfaces/msg/detail/motor_positions__type_support_c.cpp.o[0m
[4.346s] [ 77%] [32mBuilding CXX object CMakeFiles/wildpose_interfaces__rosidl_typesupport_fastrtps_c.dir/rosidl_typesupport_fastrtps_c/wildpose_interfaces/msg/detail/motor_status__type_support_c.cpp.o[0m
[4.775s] [ 79%] [32m[1mLinking CXX shared library libwildpose_interfaces__rosidl_typesupport_fastrtps_c.so[0m
[4.840s] [ 79%] Built target wildpose_interfaces__rosidl_typesupport_fastrtps_c
[4.849s] [35m[1mScanning dependencies of target wildpose_interfaces[0m
[4.858s] [ 79%] Built target wildpose_interfaces
[4.867s] [35m[1mScanning dependencies of target wildpose_interfaces__py[0m
[4.876s] [ 80%] [34m[1mGenerating Python code for ROS interfaces[0m
[5.331s] [ 80%] Built target wildpose_interfaces__py
[5.339s] [35m[1mScanning dependencies of target wildpose_interfaces__python[0m
[5.361s] [ 82%] [32mBuilding C object CMakeFiles/wildpose_interfaces__python.dir/rosidl_generator_py/wildpose_interfaces/msg/_motor_status_s.c.o[0m
[5.361s] [ 88%] [32mBuilding C object CMakeFiles/wildpose_interfaces__python.dir/rosidl_generator_py/wildpose_interfaces/msg/_motor_positions_s.c.o[0m
[5.362s] [ 88%] [32mBuilding C object CMakeFiles/wildpose_interfaces__python.dir/rosidl_generator_py/wildpose_interfaces/msg/_dji_rs_status_s.c.o[0m
[5.362s] [ 88%] [32mBuilding C object CMakeFiles/wildpose_interfaces__python.dir/rosidl_generator_py/wildpose_interfaces/msg/_lens_aperture_s.c.o[0m
[5.362s] [ 88%] [32mBuilding C object CMakeFiles/wildpose_interfaces__python.dir/rosidl_generator_py/wildpose_interfaces/msg/_frame_brightness_s.c.o[0m
[5.468s] [ 90%] [32m[1mLinking C shared library rosidl_generator_py/wildpose_interfaces/libwildpose_interfaces__python.so[0m
[5.500s] [ 90%] Built target wildpose_interfaces__python
[5.509s] [35m[1mScanning dependencies of target wildpose_interfaces__rosidl_typesupport_c__pyext[0m
[5.514s] [35m[1mScanning dependencies of target wildpose_interfaces__rosidl_typesupport_introspection_c__pyext[0m
[5.514s] [35m[1mScanning dependencies of target wildpose_interfaces__rosidl_typesupport_fastrtps_c__pyext[0m
[5.523s] [ 92%] [32mBuilding C object CMakeFiles/wildpose_interfaces__rosidl_typesupport_c__pyext.dir/rosidl_generator_py/wildpose_interfaces/_wildpose_interfaces_s.ep.rosidl_typesupport_c.c.o[0m
[5.526s] [ 93%] [32mBuilding C object CMakeFiles/wildpose_interfaces__rosidl_typesupport_introspection_c__pyext.dir/rosidl_generator_py/wildpose_interfaces/_wildpose_interfaces_s.ep.rosidl_typesupport_introspection_c.c.o[0m
[5.537s] [ 95%] [32mBuilding C object CMakeFiles/wildpose_interfaces__rosidl_typesupport_fastrtps_c__pyext.dir/rosidl_generator_py/wildpose_interfaces/_wildpose_interfaces_s.ep.rosidl_typesupport_fastrtps_c.c.o[0m
[5.584s] [ 96%] [32m[1mLinking C shared library rosidl_generator_py/wildpose_interfaces/wildpose_interfaces_s__rosidl_typesupport_c.cpython-38-x86_64-linux-gnu.so[0m
[5.588s] [ 98%] [32m[1mLinking C shared library rosidl_generator_py/wildpose_interfaces/wildpose_interfaces_s__rosidl_typesupport_introspection_c.cpython-38-x86_64-linux-gnu.so[0m
[5.612s] [ 98%] Built target wildpose_interfaces__rosidl_typesupport_c__pyext
[5.619s] [ 98%] Built target wildpose_interfaces__rosidl_typesupport_introspection_c__pyext
[5.653s] [100%] [32m[1mLinking CXX shared library rosidl_generator_py/wildpose_interfaces/wildpose_interfaces_s__rosidl_typesupport_fastrtps_c.cpython-38-x86_64-linux-gnu.so[0m
[5.737s] [100%] Built target wildpose_interfaces__rosidl_typesupport_fastrtps_c__pyext
[5.752s] Invoked command in '/home/naoya/wildpose_v1.3/wildpose/build/wildpose_interfaces' returned '0': CMAKE_PREFIX_PATH=${CMAKE_PREFIX_PATH}:/home/naoya/wildpose_v1.3/wildpose/install/motor_controller_pkg:/home/naoya/wildpose_v1.3/wildpose/install/lidar_control_package:/home/naoya/wildpose_v1.3/wildpose/install/dji_rs3_pkg:/home/naoya/wildpose_v1.3/wildpose/install/gamepad_pkg:/home/naoya/Wildpose_v1.33/wildpose/install/motor_controller_pkg:/home/naoya/Wildpose_v1.33/wildpose/install/dji_rs3_pkg:/home/naoya/Wildpose_v1.33/wildpose/install/gamepad_pkg:/home/naoya/WildPose_v1.2/wildpose/install/motor_controller_pkg:/home/naoya/WildPose_v1.2/wildpose/install/gamepad_pkg:/opt/ros/foxy /usr/bin/cmake --build /home/naoya/wildpose_v1.3/wildpose/build/wildpose_interfaces -- -j16 -l16
[5.826s] Invoking command in '/home/naoya/wildpose_v1.3/wildpose/build/wildpose_interfaces': CMAKE_PREFIX_PATH=${CMAKE_PREFIX_PATH}:/home/naoya/wildpose_v1.3/wildpose/install/motor_controller_pkg:/home/naoya/wildpose_v1.3/wildpose/install/lidar_control_package:/home/naoya/wildpose_v1.3/wildpose/install/dji_rs3_pkg:/home/naoya/wildpose_v1.3/wildpose/install/gamepad_pkg:/home/naoya/Wildpose_v1.33/wildpose/install/motor_controller_pkg:/home/naoya/Wildpose_v1.33/wildpose/install/dji_rs3_pkg:/home/naoya/Wildpose_v1.33/wildpose/install/gamepad_pkg:/home/naoya/WildPose_v1.2/wildpose/install/motor_controller_pkg:/home/naoya/WildPose_v1.2/wildpose/install/gamepad_pkg:/opt/ros/foxy /usr/bin/cmake --install /home/naoya/wildpose_v1.3/wildpose/build/wildpose_interfaces
[5.832s] -- Install configuration: ""
[5.832s] -- Installing: /home/naoya/wildpose_v1.3/wildpose/install/wildpose_interfaces/share/ament_index/resource_index/rosidl_interfaces/wildpose_interfaces
[5.832s] -- Installing: /home/naoya/wildpose_v1.3/wildpose/install/wildpose_interfaces/include/wildpose_interfaces
[5.833s] -- Installing: /home/naoya/wildpose_v1.3/wildpose/install/wildpose_interfaces/include/wildpose_interfaces/msg
[5.833s] -- Installing: /home/naoya/wildpose_v1.3/wildpose/install/wildpose_interfaces/include/wildpose_interfaces/msg/motor_positions.h
[5.833s] -- Installing: /home/naoya/wildpose_v1.3/wildpose/install/wildpose_interfaces/include/wildpose_interfaces/msg/detail
[5.833s] -- Installing: /home/naoya/wildpose_v1.3/wildpose/install/wildpose_interfaces/include/wildpose_interfaces/msg/detail/motor_positions__functions.c
[5.833s] -- Installing: /home/naoya/wildpose_v1.3/wildpose/install/wildpose_interfaces/include/wildpose_interfaces/msg/detail/frame_brightness__struct.h
[5.833s] -- Installing: /home/naoya/wildpose_v1.3/wildpose/install/wildpose_interfaces/include/wildpose_interfaces/msg/detail/motor_positions__functions.h
[5.833s] -- Installing: /home/naoya/wildpose_v1.3/wildpose/install/wildpose_interfaces/include/wildpose_interfaces/msg/detail/lens_aperture__type_support.h
[5.833s] -- Installing: /home/naoya/wildpose_v1.3/wildpose/install/wildpose_interfaces/include/wildpose_interfaces/msg/detail/lens_aperture__functions.h
[5.834s] -- Installing: /home/naoya/wildpose_v1.3/wildpose/install/wildpose_interfaces/include/wildpose_interfaces/msg/detail/motor_positions__struct.h
[5.834s] -- Installing: /home/naoya/wildpose_v1.3/wildpose/install/wildpose_interfaces/include/wildpose_interfaces/msg/detail/motor_status__functions.h
[5.834s] -- Installing: /home/naoya/wildpose_v1.3/wildpose/install/wildpose_interfaces/include/wildpose_interfaces/msg/detail/dji_rs_status__type_support.h
[5.834s] -- Installing: /home/naoya/wildpose_v1.3/wildpose/install/wildpose_interfaces/include/wildpose_interfaces/msg/detail/lens_aperture__struct.h
[5.834s] -- Installing: /home/naoya/wildpose_v1.3/wildpose/install/wildpose_interfaces/include/wildpose_interfaces/msg/detail/motor_status__functions.c
[5.834s] -- Installing: /home/naoya/wildpose_v1.3/wildpose/install/wildpose_interfaces/include/wildpose_interfaces/msg/detail/lens_aperture__functions.c
[5.834s] -- Installing: /home/naoya/wildpose_v1.3/wildpose/install/wildpose_interfaces/include/wildpose_interfaces/msg/detail/motor_status__type_support.h
[5.834s] -- Installing: /home/naoya/wildpose_v1.3/wildpose/install/wildpose_interfaces/include/wildpose_interfaces/msg/detail/frame_brightness__functions.h
[5.834s] -- Installing: /home/naoya/wildpose_v1.3/wildpose/install/wildpose_interfaces/include/wildpose_interfaces/msg/detail/dji_rs_status__struct.h
[5.835s] -- Installing: /home/naoya/wildpose_v1.3/wildpose/install/wildpose_interfaces/include/wildpose_interfaces/msg/detail/dji_rs_status__functions.c
[5.835s] -- Installing: /home/naoya/wildpose_v1.3/wildpose/install/wildpose_interfaces/include/wildpose_interfaces/msg/detail/frame_brightness__type_support.h
[5.835s] -- Installing: /home/naoya/wildpose_v1.3/wildpose/install/wildpose_interfaces/include/wildpose_interfaces/msg/detail/dji_rs_status__functions.h
[5.835s] -- Installing: /home/naoya/wildpose_v1.3/wildpose/install/wildpose_interfaces/include/wildpose_interfaces/msg/detail/motor_positions__type_support.h
[5.835s] -- Installing: /home/naoya/wildpose_v1.3/wildpose/install/wildpose_interfaces/include/wildpose_interfaces/msg/detail/frame_brightness__functions.c
[5.835s] -- Installing: /home/naoya/wildpose_v1.3/wildpose/install/wildpose_interfaces/include/wildpose_interfaces/msg/detail/motor_status__struct.h
[5.835s] -- Installing: /home/naoya/wildpose_v1.3/wildpose/install/wildpose_interfaces/include/wildpose_interfaces/msg/frame_brightness.h
[5.835s] -- Installing: /home/naoya/wildpose_v1.3/wildpose/install/wildpose_interfaces/include/wildpose_interfaces/msg/rosidl_generator_c__visibility_control.h
[5.835s] -- Installing: /home/naoya/wildpose_v1.3/wildpose/install/wildpose_interfaces/include/wildpose_interfaces/msg/dji_rs_status.h
[5.835s] -- Installing: /home/naoya/wildpose_v1.3/wildpose/install/wildpose_interfaces/include/wildpose_interfaces/msg/motor_status.h
[5.836s] -- Installing: /home/naoya/wildpose_v1.3/wildpose/install/wildpose_interfaces/include/wildpose_interfaces/msg/lens_aperture.h
[5.836s] -- Installing: /home/naoya/wildpose_v1.3/wildpose/install/wildpose_interfaces/share/wildpose_interfaces/environment/library_path.sh
[5.836s] -- Installing: /home/naoya/wildpose_v1.3/wildpose/install/wildpose_interfaces/share/wildpose_interfaces/environment/library_path.dsv
[5.836s] -- Installing: /home/naoya/wildpose_v1.3/wildpose/install/wildpose_interfaces/lib/libwildpose_interfaces__rosidl_generator_c.so
[5.836s] -- Set runtime path of "/home/naoya/wildpose_v1.3/wildpose/install/wildpose_interfaces/lib/libwildpose_interfaces__rosidl_generator_c.so" to ""
[5.836s] -- Up-to-date: /home/naoya/wildpose_v1.3/wildpose/install/wildpose_interfaces/include/wildpose_interfaces
[5.836s] -- Up-to-date: /home/naoya/wildpose_v1.3/wildpose/install/wildpose_interfaces/include/wildpose_interfaces/msg
[5.836s] -- Up-to-date: /home/naoya/wildpose_v1.3/wildpose/install/wildpose_interfaces/include/wildpose_interfaces/msg/detail
[5.836s] -- Installing: /home/naoya/wildpose_v1.3/wildpose/install/wildpose_interfaces/include/wildpose_interfaces/msg/detail/dji_rs_status__rosidl_typesupport_fastrtps_c.h
[5.837s] -- Installing: /home/naoya/wildpose_v1.3/wildpose/install/wildpose_interfaces/include/wildpose_interfaces/msg/detail/frame_brightness__rosidl_typesupport_fastrtps_c.h
[5.837s] -- Installing: /home/naoya/wildpose_v1.3/wildpose/install/wildpose_interfaces/include/wildpose_interfaces/msg/detail/motor_status__rosidl_typesupport_fastrtps_c.h
[5.837s] -- Installing: /home/naoya/wildpose_v1.3/wildpose/install/wildpose_interfaces/include/wildpose_interfaces/msg/detail/motor_positions__rosidl_typesupport_fastrtps_c.h
[5.837s] -- Installing: /home/naoya/wildpose_v1.3/wildpose/install/wildpose_interfaces/include/wildpose_interfaces/msg/detail/lens_aperture__rosidl_typesupport_fastrtps_c.h
[5.837s] -- Installing: /home/naoya/wildpose_v1.3/wildpose/install/wildpose_interfaces/include/wildpose_interfaces/msg/rosidl_typesupport_fastrtps_c__visibility_control.h
[5.837s] -- Installing: /home/naoya/wildpose_v1.3/wildpose/install/wildpose_interfaces/lib/libwildpose_interfaces__rosidl_typesupport_fastrtps_c.so
[5.837s] -- Set runtime path of "/home/naoya/wildpose_v1.3/wildpose/install/wildpose_interfaces/lib/libwildpose_interfaces__rosidl_typesupport_fastrtps_c.so" to ""
[5.837s] -- Up-to-date: /home/naoya/wildpose_v1.3/wildpose/install/wildpose_interfaces/include/wildpose_interfaces
[5.838s] -- Up-to-date: /home/naoya/wildpose_v1.3/wildpose/install/wildpose_interfaces/include/wildpose_interfaces/msg
[5.838s] -- Up-to-date: /home/naoya/wildpose_v1.3/wildpose/install/wildpose_interfaces/include/wildpose_interfaces/msg/detail
[5.838s] -- Installing: /home/naoya/wildpose_v1.3/wildpose/install/wildpose_interfaces/include/wildpose_interfaces/msg/detail/lens_aperture__rosidl_typesupport_fastrtps_cpp.hpp
[5.838s] -- Installing: /home/naoya/wildpose_v1.3/wildpose/install/wildpose_interfaces/include/wildpose_interfaces/msg/detail/motor_status__rosidl_typesupport_fastrtps_cpp.hpp
[5.838s] -- Installing: /home/naoya/wildpose_v1.3/wildpose/install/wildpose_interfaces/include/wildpose_interfaces/msg/detail/frame_brightness__rosidl_typesupport_fastrtps_cpp.hpp
[5.838s] -- Installing: /home/naoya/wildpose_v1.3/wildpose/install/wildpose_interfaces/include/wildpose_interfaces/msg/detail/dds_fastrtps
[5.838s] -- Installing: /home/naoya/wildpose_v1.3/wildpose/install/wildpose_interfaces/include/wildpose_interfaces/msg/detail/dji_rs_status__rosidl_typesupport_fastrtps_cpp.hpp
[5.838s] -- Installing: /home/naoya/wildpose_v1.3/wildpose/install/wildpose_interfaces/include/wildpose_interfaces/msg/detail/motor_positions__rosidl_typesupport_fastrtps_cpp.hpp
[5.838s] -- Installing: /home/naoya/wildpose_v1.3/wildpose/install/wildpose_interfaces/include/wildpose_interfaces/msg/rosidl_typesupport_fastrtps_cpp__visibility_control.h
[5.838s] -- Installing: /home/naoya/wildpose_v1.3/wildpose/install/wildpose_interfaces/lib/libwildpose_interfaces__rosidl_typesupport_fastrtps_cpp.so
[5.838s] -- Set runtime path of "/home/naoya/wildpose_v1.3/wildpose/install/wildpose_interfaces/lib/libwildpose_interfaces__rosidl_typesupport_fastrtps_cpp.so" to ""
[5.839s] -- Up-to-date: /home/naoya/wildpose_v1.3/wildpose/install/wildpose_interfaces/include/wildpose_interfaces
[5.839s] -- Up-to-date: /home/naoya/wildpose_v1.3/wildpose/install/wildpose_interfaces/include/wildpose_interfaces/msg
[5.839s] -- Up-to-date: /home/naoya/wildpose_v1.3/wildpose/install/wildpose_interfaces/include/wildpose_interfaces/msg/detail
[5.839s] -- Installing: /home/naoya/wildpose_v1.3/wildpose/install/wildpose_interfaces/include/wildpose_interfaces/msg/detail/lens_aperture__type_support.c
[5.839s] -- Installing: /home/naoya/wildpose_v1.3/wildpose/install/wildpose_interfaces/include/wildpose_interfaces/msg/detail/frame_brightness__type_support.c
[5.839s] -- Installing: /home/naoya/wildpose_v1.3/wildpose/install/wildpose_interfaces/include/wildpose_interfaces/msg/detail/motor_status__rosidl_typesupport_introspection_c.h
[5.839s] -- Installing: /home/naoya/wildpose_v1.3/wildpose/install/wildpose_interfaces/include/wildpose_interfaces/msg/detail/dji_rs_status__type_support.c
[5.839s] -- Installing: /home/naoya/wildpose_v1.3/wildpose/install/wildpose_interfaces/include/wildpose_interfaces/msg/detail/frame_brightness__rosidl_typesupport_introspection_c.h
[5.839s] -- Installing: /home/naoya/wildpose_v1.3/wildpose/install/wildpose_interfaces/include/wildpose_interfaces/msg/detail/motor_positions__rosidl_typesupport_introspection_c.h
[5.839s] -- Installing: /home/naoya/wildpose_v1.3/wildpose/install/wildpose_interfaces/include/wildpose_interfaces/msg/detail/dji_rs_status__rosidl_typesupport_introspection_c.h
[5.840s] -- Installing: /home/naoya/wildpose_v1.3/wildpose/install/wildpose_interfaces/include/wildpose_interfaces/msg/detail/lens_aperture__rosidl_typesupport_introspection_c.h
[5.840s] -- Installing: /home/naoya/wildpose_v1.3/wildpose/install/wildpose_interfaces/include/wildpose_interfaces/msg/detail/motor_positions__type_support.c
[5.840s] -- Installing: /home/naoya/wildpose_v1.3/wildpose/install/wildpose_interfaces/include/wildpose_interfaces/msg/detail/motor_status__type_support.c
[5.840s] -- Installing: /home/naoya/wildpose_v1.3/wildpose/install/wildpose_interfaces/include/wildpose_interfaces/msg/rosidl_typesupport_introspection_c__visibility_control.h
[5.840s] -- Installing: /home/naoya/wildpose_v1.3/wildpose/install/wildpose_interfaces/lib/libwildpose_interfaces__rosidl_typesupport_introspection_c.so
[5.840s] -- Set runtime path of "/home/naoya/wildpose_v1.3/wildpose/install/wildpose_interfaces/lib/libwildpose_interfaces__rosidl_typesupport_introspection_c.so" to ""
[5.840s] -- Installing: /home/naoya/wildpose_v1.3/wildpose/install/wildpose_interfaces/lib/libwildpose_interfaces__rosidl_typesupport_c.so
[5.840s] -- Set runtime path of "/home/naoya/wildpose_v1.3/wildpose/install/wildpose_interfaces/lib/libwildpose_interfaces__rosidl_typesupport_c.so" to ""
[5.840s] -- Up-to-date: /home/naoya/wildpose_v1.3/wildpose/install/wildpose_interfaces/include/wildpose_interfaces
[5.840s] -- Up-to-date: /home/naoya/wildpose_v1.3/wildpose/install/wildpose_interfaces/include/wildpose_interfaces/msg
[5.840s] -- Installing: /home/naoya/wildpose_v1.3/wildpose/install/wildpose_interfaces/include/wildpose_interfaces/msg/lens_aperture.hpp
[5.841s] -- Installing: /home/naoya/wildpose_v1.3/wildpose/install/wildpose_interfaces/include/wildpose_interfaces/msg/frame_brightness.hpp
[5.841s] -- Up-to-date: /home/naoya/wildpose_v1.3/wildpose/install/wildpose_interfaces/include/wildpose_interfaces/msg/detail
[5.841s] -- Installing: /home/naoya/wildpose_v1.3/wildpose/install/wildpose_interfaces/include/wildpose_interfaces/msg/detail/lens_aperture__struct.hpp
[5.841s] -- Installing: /home/naoya/wildpose_v1.3/wildpose/install/wildpose_interfaces/include/wildpose_interfaces/msg/detail/dji_rs_status__builder.hpp
[5.841s] -- Installing: /home/naoya/wildpose_v1.3/wildpose/install/wildpose_interfaces/include/wildpose_interfaces/msg/detail/motor_status__type_support.hpp
[5.841s] -- Installing: /home/naoya/wildpose_v1.3/wildpose/install/wildpose_interfaces/include/wildpose_interfaces/msg/detail/frame_brightness__traits.hpp
[5.841s] -- Installing: /home/naoya/wildpose_v1.3/wildpose/install/wildpose_interfaces/include/wildpose_interfaces/msg/detail/motor_positions__struct.hpp
[5.841s] -- Installing: /home/naoya/wildpose_v1.3/wildpose/install/wildpose_interfaces/include/wildpose_interfaces/msg/detail/frame_brightness__builder.hpp
[5.841s] -- Installing: /home/naoya/wildpose_v1.3/wildpose/install/wildpose_interfaces/include/wildpose_interfaces/msg/detail/dji_rs_status__struct.hpp
[5.841s] -- Installing: /home/naoya/wildpose_v1.3/wildpose/install/wildpose_interfaces/include/wildpose_interfaces/msg/detail/lens_aperture__builder.hpp
[5.841s] -- Installing: /home/naoya/wildpose_v1.3/wildpose/install/wildpose_interfaces/include/wildpose_interfaces/msg/detail/dji_rs_status__traits.hpp
[5.841s] -- Installing: /home/naoya/wildpose_v1.3/wildpose/install/wildpose_interfaces/include/wildpose_interfaces/msg/detail/frame_brightness__type_support.hpp
[5.842s] -- Installing: /home/naoya/wildpose_v1.3/wildpose/install/wildpose_interfaces/include/wildpose_interfaces/msg/detail/motor_status__builder.hpp
[5.842s] -- Installing: /home/naoya/wildpose_v1.3/wildpose/install/wildpose_interfaces/include/wildpose_interfaces/msg/detail/frame_brightness__struct.hpp
[5.842s] -- Installing: /home/naoya/wildpose_v1.3/wildpose/install/wildpose_interfaces/include/wildpose_interfaces/msg/detail/motor_positions__type_support.hpp
[5.842s] -- Installing: /home/naoya/wildpose_v1.3/wildpose/install/wildpose_interfaces/include/wildpose_interfaces/msg/detail/motor_status__struct.hpp
[5.842s] -- Installing: /home/naoya/wildpose_v1.3/wildpose/install/wildpose_interfaces/include/wildpose_interfaces/msg/detail/motor_positions__traits.hpp
[5.842s] -- Installing: /home/naoya/wildpose_v1.3/wildpose/install/wildpose_interfaces/include/wildpose_interfaces/msg/detail/motor_status__traits.hpp
[5.842s] -- Installing: /home/naoya/wildpose_v1.3/wildpose/install/wildpose_interfaces/include/wildpose_interfaces/msg/detail/motor_positions__builder.hpp
[5.842s] -- Installing: /home/naoya/wildpose_v1.3/wildpose/install/wildpose_interfaces/include/wildpose_interfaces/msg/detail/lens_aperture__traits.hpp
[5.842s] -- Installing: /home/naoya/wildpose_v1.3/wildpose/install/wildpose_interfaces/include/wildpose_interfaces/msg/detail/dji_rs_status__type_support.hpp
[5.842s] -- Installing: /home/naoya/wildpose_v1.3/wildpose/install/wildpose_interfaces/include/wildpose_interfaces/msg/detail/lens_aperture__type_support.hpp
[5.842s] -- Installing: /home/naoya/wildpose_v1.3/wildpose/install/wildpose_interfaces/include/wildpose_interfaces/msg/motor_status.hpp
[5.842s] -- Installing: /home/naoya/wildpose_v1.3/wildpose/install/wildpose_interfaces/include/wildpose_interfaces/msg/rosidl_generator_cpp__visibility_control.hpp
[5.842s] -- Installing: /home/naoya/wildpose_v1.3/wildpose/install/wildpose_interfaces/include/wildpose_interfaces/msg/dji_rs_status.hpp
[5.842s] -- Installing: /home/naoya/wildpose_v1.3/wildpose/install/wildpose_interfaces/include/wildpose_interfaces/msg/motor_positions.hpp
[5.842s] -- Up-to-date: /home/naoya/wildpose_v1.3/wildpose/install/wildpose_interfaces/include/wildpose_interfaces
[5.842s] -- Up-to-date: /home/naoya/wildpose_v1.3/wildpose/install/wildpose_interfaces/include/wildpose_interfaces/msg
[5.842s] -- Up-to-date: /home/naoya/wildpose_v1.3/wildpose/install/wildpose_interfaces/include/wildpose_interfaces/msg/detail
[5.843s] -- Installing: /home/naoya/wildpose_v1.3/wildpose/install/wildpose_interfaces/include/wildpose_interfaces/msg/detail/motor_positions__rosidl_typesupport_introspection_cpp.hpp
[5.843s] -- Installing: /home/naoya/wildpose_v1.3/wildpose/install/wildpose_interfaces/include/wildpose_interfaces/msg/detail/lens_aperture__rosidl_typesupport_introspection_cpp.hpp
[5.843s] -- Installing: /home/naoya/wildpose_v1.3/wildpose/install/wildpose_interfaces/include/wildpose_interfaces/msg/detail/motor_positions__type_support.cpp
[5.843s] -- Installing: /home/naoya/wildpose_v1.3/wildpose/install/wildpose_interfaces/include/wildpose_interfaces/msg/detail/motor_status__type_support.cpp
[5.843s] -- Installing: /home/naoya/wildpose_v1.3/wildpose/install/wildpose_interfaces/include/wildpose_interfaces/msg/detail/dji_rs_status__rosidl_typesupport_introspection_cpp.hpp
[5.843s] -- Installing: /home/naoya/wildpose_v1.3/wildpose/install/wildpose_interfaces/include/wildpose_interfaces/msg/detail/frame_brightness__type_support.cpp
[5.843s] -- Installing: /home/naoya/wildpose_v1.3/wildpose/install/wildpose_interfaces/include/wildpose_interfaces/msg/detail/frame_brightness__rosidl_typesupport_introspection_cpp.hpp
[5.843s] -- Installing: /home/naoya/wildpose_v1.3/wildpose/install/wildpose_interfaces/include/wildpose_interfaces/msg/detail/motor_status__rosidl_typesupport_introspection_cpp.hpp
[5.843s] -- Installing: /home/naoya/wildpose_v1.3/wildpose/install/wildpose_interfaces/include/wildpose_interfaces/msg/detail/lens_aperture__type_support.cpp
[5.843s] -- Installing: /home/naoya/wildpose_v1.3/wildpose/install/wildpose_interfaces/include/wildpose_interfaces/msg/detail/dji_rs_status__type_support.cpp
[5.843s] -- Installing: /home/naoya/wildpose_v1.3/wildpose/install/wildpose_interfaces/lib/libwildpose_interfaces__rosidl_typesupport_introspection_cpp.so
[5.843s] -- Set runtime path of "/home/naoya/wildpose_v1.3/wildpose/install/wildpose_interfaces/lib/libwildpose_interfaces__rosidl_typesupport_introspection_cpp.so" to ""
[5.844s] -- Installing: /home/naoya/wildpose_v1.3/wildpose/install/wildpose_interfaces/lib/libwildpose_interfaces__rosidl_typesupport_cpp.so
[5.844s] -- Set runtime path of "/home/naoya/wildpose_v1.3/wildpose/install/wildpose_interfaces/lib/libwildpose_interfaces__rosidl_typesupport_cpp.so" to ""
[5.844s] -- Installing: /home/naoya/wildpose_v1.3/wildpose/install/wildpose_interfaces/share/wildpose_interfaces/environment/pythonpath.sh
[5.844s] -- Installing: /home/naoya/wildpose_v1.3/wildpose/install/wildpose_interfaces/share/wildpose_interfaces/environment/pythonpath.dsv
[5.844s] -- Installing: /home/naoya/wildpose_v1.3/wildpose/install/wildpose_interfaces/lib/python3.8/site-packages/wildpose_interfaces/__init__.py
[5.865s] Compiling '/home/naoya/wildpose_v1.3/wildpose/install/wildpose_interfaces/lib/python3.8/site-packages/wildpose_interfaces/__init__.py'...
[5.869s] -- Installing: /home/naoya/wildpose_v1.3/wildpose/install/wildpose_interfaces/lib/python3.8/site-packages/wildpose_interfaces/msg
[5.869s] -- Installing: /home/naoya/wildpose_v1.3/wildpose/install/wildpose_interfaces/lib/python3.8/site-packages/wildpose_interfaces/msg/_motor_status.py
[5.869s] -- Installing: /home/naoya/wildpose_v1.3/wildpose/install/wildpose_interfaces/lib/python3.8/site-packages/wildpose_interfaces/msg/_lens_aperture.py
[5.869s] -- Installing: /home/naoya/wildpose_v1.3/wildpose/install/wildpose_interfaces/lib/python3.8/site-packages/wildpose_interfaces/msg/_frame_brightness.py
[5.869s] -- Installing: /home/naoya/wildpose_v1.3/wildpose/install/wildpose_interfaces/lib/python3.8/site-packages/wildpose_interfaces/msg/_motor_status_s.c
[5.869s] -- Installing: /home/naoya/wildpose_v1.3/wildpose/install/wildpose_interfaces/lib/python3.8/site-packages/wildpose_interfaces/msg/_frame_brightness_s.c
[5.869s] -- Installing: /home/naoya/wildpose_v1.3/wildpose/install/wildpose_interfaces/lib/python3.8/site-packages/wildpose_interfaces/msg/_dji_rs_status_s.c
[5.869s] -- Installing: /home/naoya/wildpose_v1.3/wildpose/install/wildpose_interfaces/lib/python3.8/site-packages/wildpose_interfaces/msg/_motor_positions.py
[5.869s] -- Installing: /home/naoya/wildpose_v1.3/wildpose/install/wildpose_interfaces/lib/python3.8/site-packages/wildpose_interfaces/msg/_lens_aperture_s.c
[5.870s] -- Installing: /home/naoya/wildpose_v1.3/wildpose/install/wildpose_interfaces/lib/python3.8/site-packages/wildpose_interfaces/msg/__init__.py
[5.870s] -- Installing: /home/naoya/wildpose_v1.3/wildpose/install/wildpose_interfaces/lib/python3.8/site-packages/wildpose_interfaces/msg/_motor_positions_s.c
[5.870s] -- Installing: /home/naoya/wildpose_v1.3/wildpose/install/wildpose_interfaces/lib/python3.8/site-packages/wildpose_interfaces/msg/_dji_rs_status.py
[5.870s] -- Installing: /home/naoya/wildpose_v1.3/wildpose/install/wildpose_interfaces/lib/python3.8/site-packages/wildpose_interfaces/wildpose_interfaces_s__rosidl_typesupport_fastrtps_c.cpython-38-x86_64-linux-gnu.so
[5.870s] -- Set runtime path of "/home/naoya/wildpose_v1.3/wildpose/install/wildpose_interfaces/lib/python3.8/site-packages/wildpose_interfaces/wildpose_interfaces_s__rosidl_typesupport_fastrtps_c.cpython-38-x86_64-linux-gnu.so" to ""
[5.870s] -- Installing: /home/naoya/wildpose_v1.3/wildpose/install/wildpose_interfaces/lib/python3.8/site-packages/wildpose_interfaces/wildpose_interfaces_s__rosidl_typesupport_introspection_c.cpython-38-x86_64-linux-gnu.so
[5.870s] -- Set runtime path of "/home/naoya/wildpose_v1.3/wildpose/install/wildpose_interfaces/lib/python3.8/site-packages/wildpose_interfaces/wildpose_interfaces_s__rosidl_typesupport_introspection_c.cpython-38-x86_64-linux-gnu.so" to ""
[5.871s] -- Installing: /home/naoya/wildpose_v1.3/wildpose/install/wildpose_interfaces/lib/python3.8/site-packages/wildpose_interfaces/wildpose_interfaces_s__rosidl_typesupport_c.cpython-38-x86_64-linux-gnu.so
[5.871s] -- Set runtime path of "/home/naoya/wildpose_v1.3/wildpose/install/wildpose_interfaces/lib/python3.8/site-packages/wildpose_interfaces/wildpose_interfaces_s__rosidl_typesupport_c.cpython-38-x86_64-linux-gnu.so" to ""
[5.871s] -- Installing: /home/naoya/wildpose_v1.3/wildpose/install/wildpose_interfaces/lib/libwildpose_interfaces__python.so
[5.871s] -- Set runtime path of "/home/naoya/wildpose_v1.3/wildpose/install/wildpose_interfaces/lib/libwildpose_interfaces__python.so" to ""
[5.871s] -- Installing: /home/naoya/wildpose_v1.3/wildpose/install/wildpose_interfaces/share/wildpose_interfaces/msg/LensAperture.idl
[5.871s] -- Installing: /home/naoya/wildpose_v1.3/wildpose/install/wildpose_interfaces/share/wildpose_interfaces/msg/DjiRsStatus.idl
[5.871s] -- Installing: /home/naoya/wildpose_v1.3/wildpose/install/wildpose_interfaces/share/wildpose_interfaces/msg/MotorStatus.idl
[5.871s] -- Installing: /home/naoya/wildpose_v1.3/wildpose/install/wildpose_interfaces/share/wildpose_interfaces/msg/MotorPositions.idl
[5.871s] -- Installing: /home/naoya/wildpose_v1.3/wildpose/install/wildpose_interfaces/share/wildpose_interfaces/msg/FrameBrightness.idl
[5.871s] -- Installing: /home/naoya/wildpose_v1.3/wildpose/install/wildpose_interfaces/share/wildpose_interfaces/msg/LensAperture.msg
[5.871s] -- Installing: /home/naoya/wildpose_v1.3/wildpose/install/wildpose_interfaces/share/wildpose_interfaces/msg/DjiRsStatus.msg
[5.872s] -- Installing: /home/naoya/wildpose_v1.3/wildpose/install/wildpose_interfaces/share/wildpose_interfaces/msg/MotorStatus.msg
[5.872s] -- Installing: /home/naoya/wildpose_v1.3/wildpose/install/wildpose_interfaces/share/wildpose_interfaces/msg/MotorPositions.msg
[5.872s] -- Installing: /home/naoya/wildpose_v1.3/wildpose/install/wildpose_interfaces/share/wildpose_interfaces/msg/FrameBrightness.msg
[5.872s] -- Installing: /home/naoya/wildpose_v1.3/wildpose/install/wildpose_interfaces/share/ament_index/resource_index/package_run_dependencies/wildpose_interfaces
[5.872s] -- Installing: /home/naoya/wildpose_v1.3/wildpose/install/wildpose_interfaces/share/ament_index/resource_index/parent_prefix_path/wildpose_interfaces
[5.872s] -- Installing: /home/naoya/wildpose_v1.3/wildpose/install/wildpose_interfaces/share/wildpose_interfaces/environment/ament_prefix_path.sh
[5.872s] -- Installing: /home/naoya/wildpose_v1.3/wildpose/install/wildpose_interfaces/share/wildpose_interfaces/environment/ament_prefix_path.dsv
[5.872s] -- Installing: /home/naoya/wildpose_v1.3/wildpose/install/wildpose_interfaces/share/wildpose_interfaces/environment/path.sh
[5.872s] -- Installing: /home/naoya/wildpose_v1.3/wildpose/install/wildpose_interfaces/share/wildpose_interfaces/environment/path.dsv
[5.872s] -- Installing: /home/naoya/wildpose_v1.3/wildpose/install/wildpose_interfaces/share/wildpose_interfaces/local_setup.bash
[5.872s] -- Installing: /home/naoya/wildpose_v1.3/wildpose/install/wildpose_interfaces/share/wildpose_interfaces/local_setup.sh
[5.872s] -- Installing: /home/naoya/wildpose_v1.3/wildpose/install/wildpose_interfaces/share/wildpose_interfaces/local_setup.zsh
[5.872s] -- Installing: /home/naoya/wildpose_v1.3/wildpose/install/wildpose_interfaces/share/wildpose_interfaces/local_setup.dsv
[5.872s] -- Installing: /home/naoya/wildpose_v1.3/wildpose/install/wildpose_interfaces/share/wildpose_interfaces/package.dsv
[5.872s] -- Installing: /home/naoya/wildpose_v1.3/wildpose/install/wildpose_interfaces/share/ament_index/resource_index/packages/wildpose_interfaces
[5.872s] -- Installing: /home/naoya/wildpose_v1.3/wildpose/install/wildpose_interfaces/share/wildpose_interfaces/cmake/wildpose_interfaces__rosidl_generator_cExport.cmake
[5.873s] -- Installing: /home/naoya/wildpose_v1.3/wildpose/install/wildpose_interfaces/share/wildpose_interfaces/cmake/wildpose_interfaces__rosidl_generator_cExport-noconfig.cmake
[5.873s] -- Installing: /home/naoya/wildpose_v1.3/wildpose/install/wildpose_interfaces/share/wildpose_interfaces/cmake/wildpose_interfaces__rosidl_typesupport_introspection_cExport.cmake
[5.873s] -- Installing: /home/naoya/wildpose_v1.3/wildpose/install/wildpose_interfaces/share/wildpose_interfaces/cmake/wildpose_interfaces__rosidl_typesupport_introspection_cExport-noconfig.cmake
[5.873s] -- Installing: /home/naoya/wildpose_v1.3/wildpose/install/wildpose_interfaces/share/wildpose_interfaces/cmake/wildpose_interfaces__rosidl_typesupport_cExport.cmake
[5.873s] -- Installing: /home/naoya/wildpose_v1.3/wildpose/install/wildpose_interfaces/share/wildpose_interfaces/cmake/wildpose_interfaces__rosidl_typesupport_cExport-noconfig.cmake
[5.873s] -- Installing: /home/naoya/wildpose_v1.3/wildpose/install/wildpose_interfaces/share/wildpose_interfaces/cmake/wildpose_interfaces__rosidl_generator_cppExport.cmake
[5.873s] -- Installing: /home/naoya/wildpose_v1.3/wildpose/install/wildpose_interfaces/share/wildpose_interfaces/cmake/wildpose_interfaces__rosidl_typesupport_introspection_cppExport.cmake
[5.873s] -- Installing: /home/naoya/wildpose_v1.3/wildpose/install/wildpose_interfaces/share/wildpose_interfaces/cmake/wildpose_interfaces__rosidl_typesupport_introspection_cppExport-noconfig.cmake
[5.873s] -- Installing: /home/naoya/wildpose_v1.3/wildpose/install/wildpose_interfaces/share/wildpose_interfaces/cmake/wildpose_interfaces__rosidl_typesupport_cppExport.cmake
[5.873s] -- Installing: /home/naoya/wildpose_v1.3/wildpose/install/wildpose_interfaces/share/wildpose_interfaces/cmake/wildpose_interfaces__rosidl_typesupport_cppExport-noconfig.cmake
[5.873s] -- Installing: /home/naoya/wildpose_v1.3/wildpose/install/wildpose_interfaces/share/wildpose_interfaces/cmake/rosidl_cmake-extras.cmake
[5.873s] -- Installing: /home/naoya/wildpose_v1.3/wildpose/install/wildpose_interfaces/share/wildpose_interfaces/cmake/ament_cmake_export_dependencies-extras.cmake
[5.874s] -- Installing: /home/naoya/wildpose_v1.3/wildpose/install/wildpose_interfaces/share/wildpose_interfaces/cmake/ament_cmake_export_libraries-extras.cmake
[5.874s] -- Installing: /home/naoya/wildpose_v1.3/wildpose/install/wildpose_interfaces/share/wildpose_interfaces/cmake/ament_cmake_export_targets-extras.cmake
[5.874s] -- Installing: /home/naoya/wildpose_v1.3/wildpose/install/wildpose_interfaces/share/wildpose_interfaces/cmake/ament_cmake_export_include_directories-extras.cmake
[5.874s] -- Installing: /home/naoya/wildpose_v1.3/wildpose/install/wildpose_interfaces/share/wildpose_interfaces/cmake/rosidl_cmake_export_typesupport_libraries-extras.cmake
[5.874s] -- Installing: /home/naoya/wildpose_v1.3/wildpose/install/wildpose_interfaces/share/wildpose_interfaces/cmake/rosidl_cmake_export_typesupport_targets-extras.cmake
[5.874s] -- Installing: /home/naoya/wildpose_v1.3/wildpose/install/wildpose_interfaces/share/wildpose_interfaces/cmake/wildpose_interfacesConfig.cmake
[5.874s] -- Installing: /home/naoya/wildpose_v1.3/wildpose/install/wildpose_interfaces/share/wildpose_interfaces/cmake/wildpose_interfacesConfig-version.cmake
[5.874s] -- Installing: /home/naoya/wildpose_v1.3/wildpose/install/wildpose_interfaces/share/wildpose_interfaces/package.xml
[5.876s] Invoked command in '/home/naoya/wildpose_v1.3/wildpose/build/wildpose_interfaces' returned '0': CMAKE_PREFIX_PATH=${CMAKE_PREFIX_PATH}:/home/naoya/wildpose_v1.3/wildpose/install/motor_controller_pkg:/home/naoya/wildpose_v1.3/wildpose/install/lidar_control_package:/home/naoya/wildpose_v1.3/wildpose/install/dji_rs3_pkg:/home/naoya/wildpose_v1.3/wildpose/install/gamepad_pkg:/home/naoya/Wildpose_v1.33/wildpose/install/motor_controller_pkg:/home/naoya/Wildpose_v1.33/wildpose/install/dji_rs3_pkg:/home/naoya/Wildpose_v1.33/wildpose/install/gamepad_pkg:/home/naoya/WildPose_v1.2/wildpose/install/motor_controller_pkg:/home/naoya/WildPose_v1.2/wildpose/install/gamepad_pkg:/opt/ros/foxy /usr/bin/cmake --install /home/naoya/wildpose_v1.3/wildpose/build/wildpose_interfaces
