[0.365s] Invoking command in '/home/naoya/wildpose_v1.3/wildpose/build/livox_sdk_vendor': CMAKE_PREFIX_PATH=${CMAKE_PREFIX_PATH}:/opt/ros/foxy /usr/bin/cmake /home/naoya/wildpose_v1.3/wildpose/src/livox_lidar_ROS2_driver/livox_sdk_vendor -DCMAKE_INSTALL_PREFIX=/home/naoya/wildpose_v1.3/wildpose/install/livox_sdk_vendor
[0.578s] -- The C compiler identification is GNU 9.4.0
[0.620s] -- The CXX compiler identification is GNU 9.4.0
[0.627s] -- Check for working C compiler: /usr/bin/cc
[0.694s] -- Check for working C compiler: /usr/bin/cc -- works
[0.695s] -- Detecting C compiler ABI info
[0.754s] -- Detecting C compiler ABI info - done
[0.767s] -- Detecting C compile features
[0.768s] -- Detecting C compile features - done
[0.770s] -- Check for working CXX compiler: /usr/bin/c++
[0.836s] -- Check for working CXX compiler: /usr/bin/c++ -- works
[0.837s] -- Detecting CXX compiler ABI info
[0.898s] -- Detecting CXX compiler ABI info - done
[0.912s] -- Detecting CXX compile features
[0.912s] -- Detecting CXX compile features - done
[0.915s] -- Found ament_cmake: 0.9.12 (/opt/ros/foxy/share/ament_cmake/cmake)
[0.932s] -- Found PythonInterp: /usr/bin/python3 (found suitable version "3.8.10", minimum required is "3") 
[0.933s] -- Using PYTHON_EXECUTABLE: /usr/bin/python3
[1.141s] -- Configuring done
[1.143s] -- Generating done
[1.143s] -- Build files have been written to: /home/naoya/wildpose_v1.3/wildpose/build/livox_sdk_vendor
[1.150s] Invoked command in '/home/naoya/wildpose_v1.3/wildpose/build/livox_sdk_vendor' returned '0': CMAKE_PREFIX_PATH=${CMAKE_PREFIX_PATH}:/opt/ros/foxy /usr/bin/cmake /home/naoya/wildpose_v1.3/wildpose/src/livox_lidar_ROS2_driver/livox_sdk_vendor -DCMAKE_INSTALL_PREFIX=/home/naoya/wildpose_v1.3/wildpose/install/livox_sdk_vendor
[1.152s] Invoking command in '/home/naoya/wildpose_v1.3/wildpose/build/livox_sdk_vendor': CMAKE_PREFIX_PATH=${CMAKE_PREFIX_PATH}:/opt/ros/foxy /usr/bin/cmake --build /home/naoya/wildpose_v1.3/wildpose/build/livox_sdk_vendor -- -j16 -l16
[1.283s] Invoked command in '/home/naoya/wildpose_v1.3/wildpose/build/livox_sdk_vendor' returned '0': CMAKE_PREFIX_PATH=${CMAKE_PREFIX_PATH}:/opt/ros/foxy /usr/bin/cmake --build /home/naoya/wildpose_v1.3/wildpose/build/livox_sdk_vendor -- -j16 -l16
[1.529s] Invoking command in '/home/naoya/wildpose_v1.3/wildpose/build/livox_sdk_vendor': CMAKE_PREFIX_PATH=${CMAKE_PREFIX_PATH}:/opt/ros/foxy /usr/bin/cmake --install /home/naoya/wildpose_v1.3/wildpose/build/livox_sdk_vendor
[1.536s] -- Install configuration: ""
[1.536s] -- Installing: /home/naoya/wildpose_v1.3/wildpose/install/livox_sdk_vendor/share/livox_sdk_vendor/cmake
[1.537s] -- Installing: /home/naoya/wildpose_v1.3/wildpose/install/livox_sdk_vendor/share/livox_sdk_vendor/cmake/Modules
[1.537s] -- Installing: /home/naoya/wildpose_v1.3/wildpose/install/livox_sdk_vendor/share/livox_sdk_vendor/cmake/Modules/Findlivox_sdk.cmake
[1.537s] -- Installing: /home/naoya/wildpose_v1.3/wildpose/install/livox_sdk_vendor/share/ament_index/resource_index/package_run_dependencies/livox_sdk_vendor
[1.537s] -- Installing: /home/naoya/wildpose_v1.3/wildpose/install/livox_sdk_vendor/share/ament_index/resource_index/parent_prefix_path/livox_sdk_vendor
[1.537s] -- Installing: /home/naoya/wildpose_v1.3/wildpose/install/livox_sdk_vendor/share/livox_sdk_vendor/environment/ament_prefix_path.sh
[1.537s] -- Installing: /home/naoya/wildpose_v1.3/wildpose/install/livox_sdk_vendor/share/livox_sdk_vendor/environment/ament_prefix_path.dsv
[1.537s] -- Installing: /home/naoya/wildpose_v1.3/wildpose/install/livox_sdk_vendor/share/livox_sdk_vendor/environment/path.sh
[1.538s] -- Installing: /home/naoya/wildpose_v1.3/wildpose/install/livox_sdk_vendor/share/livox_sdk_vendor/environment/path.dsv
[1.538s] -- Installing: /home/naoya/wildpose_v1.3/wildpose/install/livox_sdk_vendor/share/livox_sdk_vendor/local_setup.bash
[1.538s] -- Installing: /home/naoya/wildpose_v1.3/wildpose/install/livox_sdk_vendor/share/livox_sdk_vendor/local_setup.sh
[1.538s] -- Installing: /home/naoya/wildpose_v1.3/wildpose/install/livox_sdk_vendor/share/livox_sdk_vendor/local_setup.zsh
[1.538s] -- Installing: /home/naoya/wildpose_v1.3/wildpose/install/livox_sdk_vendor/share/livox_sdk_vendor/local_setup.dsv
[1.538s] -- Installing: /home/naoya/wildpose_v1.3/wildpose/install/livox_sdk_vendor/share/livox_sdk_vendor/package.dsv
[1.538s] -- Installing: /home/naoya/wildpose_v1.3/wildpose/install/livox_sdk_vendor/share/ament_index/resource_index/packages/livox_sdk_vendor
[1.539s] -- Installing: /home/naoya/wildpose_v1.3/wildpose/install/livox_sdk_vendor/share/livox_sdk_vendor/cmake/livox_sdk_vendor-extras.cmake
[1.539s] -- Installing: /home/naoya/wildpose_v1.3/wildpose/install/livox_sdk_vendor/share/livox_sdk_vendor/cmake/livox_sdk_vendorConfig.cmake
[1.539s] -- Installing: /home/naoya/wildpose_v1.3/wildpose/install/livox_sdk_vendor/share/livox_sdk_vendor/cmake/livox_sdk_vendorConfig-version.cmake
[1.539s] -- Installing: /home/naoya/wildpose_v1.3/wildpose/install/livox_sdk_vendor/share/livox_sdk_vendor/package.xml
[1.541s] Invoked command in '/home/naoya/wildpose_v1.3/wildpose/build/livox_sdk_vendor' returned '0': CMAKE_PREFIX_PATH=${CMAKE_PREFIX_PATH}:/opt/ros/foxy /usr/bin/cmake --install /home/naoya/wildpose_v1.3/wildpose/build/livox_sdk_vendor
