[0.779s] Invoking command in '/home/naoya/wildpose_v1.3/wildpose/build/livox_sdk_vendor': CMAKE_PREFIX_PATH=${CMAKE_PREFIX_PATH}:/home/naoya/wildpose_v1.3/wildpose/install/motor_controller_pkg:/home/naoya/wildpose_v1.3/wildpose/install/lidar_control_package:/home/naoya/wildpose_v1.3/wildpose/install/dji_rs3_pkg:/home/naoya/wildpose_v1.3/wildpose/install/gamepad_pkg:/home/naoya/Wildpose_v1.33/wildpose/install/motor_controller_pkg:/home/naoya/Wildpose_v1.33/wildpose/install/dji_rs3_pkg:/home/naoya/Wildpose_v1.33/wildpose/install/gamepad_pkg:/home/naoya/WildPose_v1.2/wildpose/install/motor_controller_pkg:/home/naoya/WildPose_v1.2/wildpose/install/gamepad_pkg:/opt/ros/foxy /usr/bin/cmake /home/naoya/wildpose_v1.3/wildpose/src/livox_ros2_driver/livox_sdk_vendor -DCMAKE_INSTALL_PREFIX=/home/naoya/wildpose_v1.3/wildpose/install/livox_sdk_vendor
[1.177s] -- The C compiler identification is GNU 9.4.0
[1.177s] -- The CXX compiler identification is GNU 9.4.0
[1.177s] -- Check for working C compiler: /usr/bin/cc
[1.178s] -- Check for working C compiler: /usr/bin/cc -- works
[1.178s] -- Detecting C compiler ABI info
[1.178s] -- Detecting C compiler ABI info - done
[1.178s] -- Detecting C compile features
[1.178s] -- Detecting C compile features - done
[1.178s] -- Check for working CXX compiler: /usr/bin/c++
[1.178s] -- Check for working CXX compiler: /usr/bin/c++ -- works
[1.178s] -- Detecting CXX compiler ABI info
[1.178s] -- Detecting CXX compiler ABI info - done
[1.178s] -- Detecting CXX compile features
[1.178s] -- Detecting CXX compile features - done
[1.178s] -- Found ament_cmake: 0.9.12 (/opt/ros/foxy/share/ament_cmake/cmake)
[1.178s] -- Found PythonInterp: /usr/bin/python3 (found suitable version "3.8.10", minimum required is "3") 
[1.179s] -- Using PYTHON_EXECUTABLE: /usr/bin/python3
[1.355s] -- Configuring done
[1.357s] -- Generating done
[1.358s] -- Build files have been written to: /home/naoya/wildpose_v1.3/wildpose/build/livox_sdk_vendor
[1.363s] Invoked command in '/home/naoya/wildpose_v1.3/wildpose/build/livox_sdk_vendor' returned '0': CMAKE_PREFIX_PATH=${CMAKE_PREFIX_PATH}:/home/naoya/wildpose_v1.3/wildpose/install/motor_controller_pkg:/home/naoya/wildpose_v1.3/wildpose/install/lidar_control_package:/home/naoya/wildpose_v1.3/wildpose/install/dji_rs3_pkg:/home/naoya/wildpose_v1.3/wildpose/install/gamepad_pkg:/home/naoya/Wildpose_v1.33/wildpose/install/motor_controller_pkg:/home/naoya/Wildpose_v1.33/wildpose/install/dji_rs3_pkg:/home/naoya/Wildpose_v1.33/wildpose/install/gamepad_pkg:/home/naoya/WildPose_v1.2/wildpose/install/motor_controller_pkg:/home/naoya/WildPose_v1.2/wildpose/install/gamepad_pkg:/opt/ros/foxy /usr/bin/cmake /home/naoya/wildpose_v1.3/wildpose/src/livox_ros2_driver/livox_sdk_vendor -DCMAKE_INSTALL_PREFIX=/home/naoya/wildpose_v1.3/wildpose/install/livox_sdk_vendor
[1.367s] Invoking command in '/home/naoya/wildpose_v1.3/wildpose/build/livox_sdk_vendor': CMAKE_PREFIX_PATH=${CMAKE_PREFIX_PATH}:/home/naoya/wildpose_v1.3/wildpose/install/motor_controller_pkg:/home/naoya/wildpose_v1.3/wildpose/install/lidar_control_package:/home/naoya/wildpose_v1.3/wildpose/install/dji_rs3_pkg:/home/naoya/wildpose_v1.3/wildpose/install/gamepad_pkg:/home/naoya/Wildpose_v1.33/wildpose/install/motor_controller_pkg:/home/naoya/Wildpose_v1.33/wildpose/install/dji_rs3_pkg:/home/naoya/Wildpose_v1.33/wildpose/install/gamepad_pkg:/home/naoya/WildPose_v1.2/wildpose/install/motor_controller_pkg:/home/naoya/WildPose_v1.2/wildpose/install/gamepad_pkg:/opt/ros/foxy /usr/bin/cmake --build /home/naoya/wildpose_v1.3/wildpose/build/livox_sdk_vendor -- -j16 -l16
[1.395s] Invoked command in '/home/naoya/wildpose_v1.3/wildpose/build/livox_sdk_vendor' returned '0': CMAKE_PREFIX_PATH=${CMAKE_PREFIX_PATH}:/home/naoya/wildpose_v1.3/wildpose/install/motor_controller_pkg:/home/naoya/wildpose_v1.3/wildpose/install/lidar_control_package:/home/naoya/wildpose_v1.3/wildpose/install/dji_rs3_pkg:/home/naoya/wildpose_v1.3/wildpose/install/gamepad_pkg:/home/naoya/Wildpose_v1.33/wildpose/install/motor_controller_pkg:/home/naoya/Wildpose_v1.33/wildpose/install/dji_rs3_pkg:/home/naoya/Wildpose_v1.33/wildpose/install/gamepad_pkg:/home/naoya/WildPose_v1.2/wildpose/install/motor_controller_pkg:/home/naoya/WildPose_v1.2/wildpose/install/gamepad_pkg:/opt/ros/foxy /usr/bin/cmake --build /home/naoya/wildpose_v1.3/wildpose/build/livox_sdk_vendor -- -j16 -l16
[1.423s] Invoking command in '/home/naoya/wildpose_v1.3/wildpose/build/livox_sdk_vendor': CMAKE_PREFIX_PATH=${CMAKE_PREFIX_PATH}:/home/naoya/wildpose_v1.3/wildpose/install/motor_controller_pkg:/home/naoya/wildpose_v1.3/wildpose/install/lidar_control_package:/home/naoya/wildpose_v1.3/wildpose/install/dji_rs3_pkg:/home/naoya/wildpose_v1.3/wildpose/install/gamepad_pkg:/home/naoya/Wildpose_v1.33/wildpose/install/motor_controller_pkg:/home/naoya/Wildpose_v1.33/wildpose/install/dji_rs3_pkg:/home/naoya/Wildpose_v1.33/wildpose/install/gamepad_pkg:/home/naoya/WildPose_v1.2/wildpose/install/motor_controller_pkg:/home/naoya/WildPose_v1.2/wildpose/install/gamepad_pkg:/opt/ros/foxy /usr/bin/cmake --install /home/naoya/wildpose_v1.3/wildpose/build/livox_sdk_vendor
[1.433s] -- Install configuration: ""
[1.433s] -- Installing: /home/naoya/wildpose_v1.3/wildpose/install/livox_sdk_vendor/share/livox_sdk_vendor/cmake
[1.433s] -- Installing: /home/naoya/wildpose_v1.3/wildpose/install/livox_sdk_vendor/share/livox_sdk_vendor/cmake/Modules
[1.433s] -- Installing: /home/naoya/wildpose_v1.3/wildpose/install/livox_sdk_vendor/share/livox_sdk_vendor/cmake/Modules/Findlivox_sdk.cmake
[1.433s] -- Installing: /home/naoya/wildpose_v1.3/wildpose/install/livox_sdk_vendor/share/ament_index/resource_index/package_run_dependencies/livox_sdk_vendor
[1.433s] -- Installing: /home/naoya/wildpose_v1.3/wildpose/install/livox_sdk_vendor/share/ament_index/resource_index/parent_prefix_path/livox_sdk_vendor
[1.433s] -- Installing: /home/naoya/wildpose_v1.3/wildpose/install/livox_sdk_vendor/share/livox_sdk_vendor/environment/ament_prefix_path.sh
[1.434s] -- Installing: /home/naoya/wildpose_v1.3/wildpose/install/livox_sdk_vendor/share/livox_sdk_vendor/environment/ament_prefix_path.dsv
[1.434s] -- Installing: /home/naoya/wildpose_v1.3/wildpose/install/livox_sdk_vendor/share/livox_sdk_vendor/environment/path.sh
[1.434s] -- Installing: /home/naoya/wildpose_v1.3/wildpose/install/livox_sdk_vendor/share/livox_sdk_vendor/environment/path.dsv
[1.434s] -- Installing: /home/naoya/wildpose_v1.3/wildpose/install/livox_sdk_vendor/share/livox_sdk_vendor/local_setup.bash
[1.434s] -- Installing: /home/naoya/wildpose_v1.3/wildpose/install/livox_sdk_vendor/share/livox_sdk_vendor/local_setup.sh
[1.434s] -- Installing: /home/naoya/wildpose_v1.3/wildpose/install/livox_sdk_vendor/share/livox_sdk_vendor/local_setup.zsh
[1.434s] -- Installing: /home/naoya/wildpose_v1.3/wildpose/install/livox_sdk_vendor/share/livox_sdk_vendor/local_setup.dsv
[1.435s] -- Installing: /home/naoya/wildpose_v1.3/wildpose/install/livox_sdk_vendor/share/livox_sdk_vendor/package.dsv
[1.435s] -- Installing: /home/naoya/wildpose_v1.3/wildpose/install/livox_sdk_vendor/share/ament_index/resource_index/packages/livox_sdk_vendor
[1.435s] -- Installing: /home/naoya/wildpose_v1.3/wildpose/install/livox_sdk_vendor/share/livox_sdk_vendor/cmake/livox_sdk_vendor-extras.cmake
[1.435s] -- Installing: /home/naoya/wildpose_v1.3/wildpose/install/livox_sdk_vendor/share/livox_sdk_vendor/cmake/livox_sdk_vendorConfig.cmake
[1.435s] -- Installing: /home/naoya/wildpose_v1.3/wildpose/install/livox_sdk_vendor/share/livox_sdk_vendor/cmake/livox_sdk_vendorConfig-version.cmake
[1.435s] -- Installing: /home/naoya/wildpose_v1.3/wildpose/install/livox_sdk_vendor/share/livox_sdk_vendor/package.xml
[1.438s] Invoked command in '/home/naoya/wildpose_v1.3/wildpose/build/livox_sdk_vendor' returned '0': CMAKE_PREFIX_PATH=${CMAKE_PREFIX_PATH}:/home/naoya/wildpose_v1.3/wildpose/install/motor_controller_pkg:/home/naoya/wildpose_v1.3/wildpose/install/lidar_control_package:/home/naoya/wildpose_v1.3/wildpose/install/dji_rs3_pkg:/home/naoya/wildpose_v1.3/wildpose/install/gamepad_pkg:/home/naoya/Wildpose_v1.33/wildpose/install/motor_controller_pkg:/home/naoya/Wildpose_v1.33/wildpose/install/dji_rs3_pkg:/home/naoya/Wildpose_v1.33/wildpose/install/gamepad_pkg:/home/naoya/WildPose_v1.2/wildpose/install/motor_controller_pkg:/home/naoya/WildPose_v1.2/wildpose/install/gamepad_pkg:/opt/ros/foxy /usr/bin/cmake --install /home/naoya/wildpose_v1.3/wildpose/build/livox_sdk_vendor
