[0.835s] Invoking command in '/home/naoya/wildpose_v1.3/wildpose/build/livox_ros2_driver': AMENT_PREFIX_PATH=/home/naoya/wildpose_v1.3/wildpose/install/livox_sdk_vendor:/home/naoya/wildpose_v1.3/wildpose/install/livox_interfaces:${AMENT_PREFIX_PATH} CMAKE_PREFIX_PATH=/home/naoya/wildpose_v1.3/wildpose/install/livox_sdk_vendor:/home/naoya/wildpose_v1.3/wildpose/install/livox_interfaces:/home/naoya/WildPose_v1.2/wildpose/install/wildpose_bringup:/home/naoya/WildPose_v1.2/wildpose/install/wildpose_interfaces:/home/naoya/ros2_ws/livox_ros2_driver/install/livox_ros2_driver:/home/naoya/ros2_ws/livox_ros2_driver/install/livox_sdk_vendor:/home/naoya/ros2_ws/livox_ros2_driver/install/livox_interfaces:/home/naoya/ros2_ws/ximea_ros2_cam/install/ximea_ros2_cam:/home/naoya/ros2_ws/rmw_ecal/install/rmw_ecal_dynamic_cpp:/home/naoya/ros2_ws/rmw_ecal/install/rmw_ecal_shared_cpp:/home/naoya/WildPose_v1.2/wildpose/install/motor_controller_pkg:/home/naoya/WildPose_v1.2/wildpose/install/gamepad_pkg:/opt/ros/foxy LD_LIBRARY_PATH=/home/naoya/wildpose_v1.3/wildpose/install/livox_interfaces/lib:${LD_LIBRARY_PATH} PYTHONPATH=/home/naoya/wildpose_v1.3/wildpose/install/livox_interfaces/lib/python3.8/site-packages:${PYTHONPATH} /usr/bin/cmake /home/naoya/wildpose_v1.3/wildpose/src/livox_ros2_driver/livox_ros2_driver -DCMAKE_INSTALL_PREFIX=/home/naoya/wildpose_v1.3/wildpose/install/livox_ros2_driver
[0.874s] -- The C compiler identification is GNU 9.4.0
[0.911s] -- The CXX compiler identification is GNU 9.4.0
[0.915s] -- Check for working C compiler: /usr/bin/cc
[0.964s] -- Check for working C compiler: /usr/bin/cc -- works
[0.965s] -- Detecting C compiler ABI info
[1.015s] -- Detecting C compiler ABI info - done
[1.029s] -- Detecting C compile features
[1.029s] -- Detecting C compile features - done
[1.032s] -- Check for working CXX compiler: /usr/bin/c++
[1.124s] -- Check for working CXX compiler: /usr/bin/c++ -- works
[1.125s] -- Detecting CXX compiler ABI info
[1.213s] -- Detecting CXX compiler ABI info - done
[1.227s] -- Detecting CXX compile features
[1.227s] -- Detecting CXX compile features - done
[1.228s] -- livox_ros2_driver version: 0.0.1
[1.231s] -- Found ament_cmake_auto: 0.9.12 (/opt/ros/foxy/share/ament_cmake_auto/cmake)
[1.273s] -- Found PythonInterp: /usr/bin/python3 (found suitable version "3.8.10", minimum required is "3") 
[1.274s] -- Using PYTHON_EXECUTABLE: /usr/bin/python3
[1.666s] -- Using all available rosidl_typesupport_c: rosidl_typesupport_fastrtps_c;rosidl_typesupport_introspection_c
[1.675s] -- Found rosidl_adapter: 1.3.1 (/opt/ros/foxy/share/rosidl_adapter/cmake)
[1.776s] -- Found OpenSSL: /usr/lib/x86_64-linux-gnu/libcrypto.so (found version "1.1.1f")  
[1.819s] -- Found FastRTPS: /opt/ros/foxy/include  
[1.916s] -- Using all available rosidl_typesupport_cpp: rosidl_typesupport_fastrtps_cpp;rosidl_typesupport_introspection_cpp
[1.957s] -- Found rmw_implementation_cmake: 1.0.4 (/opt/ros/foxy/share/rmw_implementation_cmake/cmake)
[1.958s] -- Using RMW implementation 'rmw_ecal_dynamic_cpp' as default
[1.958s] -- Looking for pthread.h
[2.010s] -- Looking for pthread.h - found
[2.010s] -- Performing Test CMAKE_HAVE_LIBC_PTHREAD
[2.065s] -- Performing Test CMAKE_HAVE_LIBC_PTHREAD - Failed
[2.065s] -- Looking for pthread_create in pthreads
[2.110s] -- Looking for pthread_create in pthreads - not found
[2.110s] -- Looking for pthread_create in pthread
[2.188s] -- Looking for pthread_create in pthread - found
[2.189s] -- Found Threads: TRUE  
[2.729s] -- Found Boost: /usr/lib/x86_64-linux-gnu/cmake/Boost-1.71.0/BoostConfig.cmake (found suitable version "1.71.0", minimum required is "1.65.0") found components: system filesystem iostreams serialization 
[2.742s] -- Checking for module 'flann'
[2.755s] --   Found flann, version 1.9.1
[2.797s] -- Found FLANN: /usr/lib/x86_64-linux-gnu/libflann_cpp.so  
[2.798s] -- FLANN found (include: /usr/include, lib: /usr/lib/x86_64-linux-gnu/libflann_cpp.so)
[3.007s] -- Found OpenMP_CXX: -fopenmp (found version "4.5") 
[3.007s] -- Found OpenMP: TRUE (found version "4.5") found components: CXX 
[3.048s] -- The imported target "vtkParseOGLExt" references the file
[3.048s]    "/usr/bin/vtkParseOGLExt-7.1"
[3.048s] but this file does not exist.  Possible reasons include:
[3.048s] * The file was deleted, renamed, or moved to another location.
[3.048s] * An install or uninstall procedure did not complete successfully.
[3.049s] * The installation package was faulty and contained
[3.049s]    "/usr/lib/cmake/vtk-7.1/VTKTargets.cmake"
[3.049s] but not all the files it references.
[3.049s] 
[3.049s] -- The imported target "vtkRenderingPythonTkWidgets" references the file
[3.049s]    "/usr/lib/x86_64-linux-gnu/libvtkRenderingPythonTkWidgets.so"
[3.049s] but this file does not exist.  Possible reasons include:
[3.050s] * The file was deleted, renamed, or moved to another location.
[3.050s] * An install or uninstall procedure did not complete successfully.
[3.050s] * The installation package was faulty and contained
[3.050s]    "/usr/lib/cmake/vtk-7.1/VTKTargets.cmake"
[3.050s] but not all the files it references.
[3.050s] 
[3.050s] -- The imported target "vtk" references the file
[3.050s]    "/usr/bin/vtk"
[3.050s] but this file does not exist.  Possible reasons include:
[3.050s] * The file was deleted, renamed, or moved to another location.
[3.050s] * An install or uninstall procedure did not complete successfully.
[3.050s] * The installation package was faulty and contained
[3.050s]    "/usr/lib/cmake/vtk-7.1/VTKTargets.cmake"
[3.051s] but not all the files it references.
[3.051s] 
[3.051s] -- The imported target "pvtk" references the file
[3.051s]    "/usr/bin/pvtk"
[3.051s] but this file does not exist.  Possible reasons include:
[3.051s] * The file was deleted, renamed, or moved to another location.
[3.051s] * An install or uninstall procedure did not complete successfully.
[3.051s] * The installation package was faulty and contained
[3.051s]    "/usr/lib/cmake/vtk-7.1/VTKTargets.cmake"
[3.051s] but not all the files it references.
[3.051s] 
[3.114s] -- Checking for module 'libusb-1.0'
[3.124s] --   Found libusb-1.0, version 1.0.23
[3.149s] -- Found libusb: /usr/lib/x86_64-linux-gnu/libusb-1.0.so  
[3.150s] -- Found OpenNI: /usr/lib/libOpenNI.so;libusb::libusb (found version "1.5.4.0") 
[3.150s] -- OpenNI found (version: 1.5.4.0, include: /usr/include/ni, lib: /usr/lib/libOpenNI.so;libusb::libusb)
[3.196s] -- Found OpenNI2: /usr/lib/libOpenNI2.so;libusb::libusb (found version "2.2.0.33") 
[3.196s] -- OpenNI2 found (version: 2.2.0.33, include: /usr/include/openni2, lib: /usr/lib/libOpenNI2.so;libusb::libusb)
[3.198s] -- Could NOT find Pcap (missing: PCAP_LIBRARIES PCAP_INCLUDE_DIRS) 
[3.199s] ** WARNING ** io features related to pcap will be disabled
[3.207s] -- Found ZLIB: /usr/lib/x86_64-linux-gnu/libz.so (found version "1.2.11") 
[3.220s] -- Found PNG: /usr/lib/x86_64-linux-gnu/libpng.so (found version "1.6.37") 
[3.247s] -- OpenNI found (version: 1.5.4.0, include: /usr/include/ni, lib: /usr/lib/libOpenNI.so;libusb::libusb)
[3.251s] -- OpenNI2 found (version: 2.2.0.33, include: /usr/include/openni2, lib: /usr/lib/libOpenNI2.so;libusb::libusb)
[3.276s] -- Found Qhull: /usr/lib/x86_64-linux-gnu/libqhull_r.so  
[3.276s] -- QHULL found (include: /usr/include, lib: /usr/lib/x86_64-linux-gnu/libqhull_r.so)
[3.295s] -- looking for PCL_COMMON
[3.295s] -- Found PCL_COMMON: /usr/local/lib/libpcl_common.so  
[3.295s] -- looking for PCL_KDTREE
[3.296s] -- Found PCL_KDTREE: /usr/local/lib/libpcl_kdtree.so  
[3.296s] -- looking for PCL_OCTREE
[3.296s] -- Found PCL_OCTREE: /usr/local/lib/libpcl_octree.so  
[3.296s] -- looking for PCL_SEARCH
[3.296s] -- Found PCL_SEARCH: /usr/local/lib/libpcl_search.so  
[3.297s] -- looking for PCL_SAMPLE_CONSENSUS
[3.297s] -- Found PCL_SAMPLE_CONSENSUS: /usr/local/lib/libpcl_sample_consensus.so  
[3.297s] -- looking for PCL_FILTERS
[3.297s] -- Found PCL_FILTERS: /usr/local/lib/libpcl_filters.so  
[3.298s] -- looking for PCL_2D
[3.298s] -- Found PCL_2D: /usr/local/include/pcl-1.13  
[3.298s] -- looking for PCL_GEOMETRY
[3.298s] -- Found PCL_GEOMETRY: /usr/local/include/pcl-1.13  
[3.298s] -- looking for PCL_IO
[3.298s] -- Found PCL_IO: /usr/local/lib/libpcl_io.so  
[3.299s] -- looking for PCL_FEATURES
[3.299s] -- Found PCL_FEATURES: /usr/local/lib/libpcl_features.so  
[3.299s] -- looking for PCL_ML
[3.299s] -- Found PCL_ML: /usr/local/lib/libpcl_ml.so  
[3.300s] -- looking for PCL_SEGMENTATION
[3.300s] -- Found PCL_SEGMENTATION: /usr/local/lib/libpcl_segmentation.so  
[3.300s] -- looking for PCL_VISUALIZATION
[3.300s] -- Found PCL_VISUALIZATION: /usr/local/lib/libpcl_visualization.so  
[3.301s] -- looking for PCL_SURFACE
[3.301s] -- Found PCL_SURFACE: /usr/local/lib/libpcl_surface.so  
[3.301s] -- looking for PCL_REGISTRATION
[3.302s] -- Found PCL_REGISTRATION: /usr/local/lib/libpcl_registration.so  
[3.302s] -- looking for PCL_KEYPOINTS
[3.302s] -- Found PCL_KEYPOINTS: /usr/local/lib/libpcl_keypoints.so  
[3.302s] -- looking for PCL_TRACKING
[3.303s] -- Found PCL_TRACKING: /usr/local/lib/libpcl_tracking.so  
[3.303s] -- looking for PCL_RECOGNITION
[3.303s] -- Found PCL_RECOGNITION: /usr/local/lib/libpcl_recognition.so  
[3.303s] -- looking for PCL_STEREO
[3.304s] -- Found PCL_STEREO: /usr/local/lib/libpcl_stereo.so  
[3.304s] -- looking for PCL_OUTOFCORE
[3.304s] -- Found PCL_OUTOFCORE: /usr/local/lib/libpcl_outofcore.so  
[3.304s] -- looking for PCL_PEOPLE
[3.305s] -- Found PCL_PEOPLE: /usr/local/lib/libpcl_people.so  
[3.306s] -- Found PCL: pcl_common;pcl_kdtree;pcl_octree;pcl_search;pcl_sample_consensus;pcl_filters;pcl_io;pcl_features;pcl_ml;pcl_segmentation;pcl_visualization;pcl_surface;pcl_registration;pcl_keypoints;pcl_tracking;pcl_recognition;pcl_stereo;pcl_outofcore;pcl_people;Boost::system;Boost::filesystem;Boost::iostreams;Boost::serialization;/usr/lib/libOpenNI.so;libusb::libusb;/usr/lib/libOpenNI2.so;libusb::libusb;vtkChartsCore;vtkCommonColor;vtkCommonCore;vtksys;vtkCommonDataModel;vtkCommonMath;vtkCommonMisc;vtkCommonSystem;vtkCommonTransforms;vtkCommonExecutionModel;vtkFiltersGeneral;vtkCommonComputationalGeometry;vtkFiltersCore;vtkInfovisCore;vtkFiltersExtraction;vtkFiltersStatistics;vtkImagingFourier;vtkImagingCore;vtkalglib;vtkRenderingContext2D;vtkRenderingCore;vtkFiltersGeometry;vtkFiltersSources;vtkRenderingFreeType;/usr/lib/x86_64-linux-gnu/libfreetype.so;/usr/lib/x86_64-linux-gnu/libz.so;vtkFiltersModeling;vtkImagingSources;vtkInteractionImage;vtkImagingColor;vtkInteractionStyle;vtkInteractionWidgets;vtkFiltersHybrid;vtkImagingGeneral;vtkImagingHybrid;vtkIOImage;vtkDICOMParser;vtkmetaio;/usr/lib/x86_64-linux-gnu/libjpeg.so;/usr/lib/x86_64-linux-gnu/libpng.so;/usr/lib/x86_64-linux-gnu/libtiff.so;vtkRenderingAnnotation;vtkRenderingVolume;vtkIOXML;vtkIOCore;vtkIOXMLParser;/usr/lib/x86_64-linux-gnu/libexpat.so;vtkIOGeometry;vtkIOLegacy;vtkIOPLY;vtkRenderingLOD;vtkViewsCore;vtkViewsContext2D;vtkRenderingOpenGL2;vtkRenderingContextOpenGL2;vtkGUISupportQt;FLANN::FLANN;QHULL::QHULL  
[3.307s] -- Found livox_sdk: /usr/local/include  
[3.311s] -- Found PkgConfig: /usr/bin/pkg-config (found version "0.29.1") 
[3.311s] -- Checking for module 'apr-1'
[3.314s] --   No package 'apr-1' found
[3.346s] -- Found ament_lint_auto: 0.9.8 (/opt/ros/foxy/share/ament_lint_auto/cmake)
[3.361s] -- Added test 'copyright' to check source files copyright and LICENSE
[3.363s] -- Added test 'cppcheck' to perform static code analysis on C / C++ code
[3.364s] -- Configured cppcheck include dirs: /home/naoya/wildpose_v1.3/wildpose/src/livox_ros2_driver/livox_ros2_driver/common;/home/naoya/wildpose_v1.3/wildpose/src/livox_ros2_driver/livox_ros2_driver/common/rapidjson;/home/naoya/wildpose_v1.3/wildpose/src/livox_ros2_driver/livox_ros2_driver/comon/rapdidxml;/home/naoya/wildpose_v1.3/wildpose/src/livox_ros2_driver/livox_ros2_driver/common/comm;/home/naoya/wildpose_v1.3/wildpose/src/livox_ros2_driver/livox_ros2_driver/timesync;/home/naoya/wildpose_v1.3/wildpose/src/livox_ros2_driver/livox_ros2_driver/timesync/user_uart;/home/naoya/wildpose_v1.3/wildpose/src/livox_ros2_driver/livox_ros2_driver/livox_ros2_driver
[3.364s] -- Configured cppcheck exclude dirs and/or files: 
[3.366s] -- Added test 'cpplint' to check C / C++ code against the Google style
[3.366s] -- Configured cpplint exclude dirs and/or files: 
[3.366s] -- Added test 'flake8' to check Python code syntax and style conventions
[3.367s] -- Added test 'lint_cmake' to check CMake code style
[3.367s] -- Added test 'pep257' to check Python code against some of the style conventions in PEP 257
[3.369s] -- Added test 'uncrustify' to check C / C++ code style
[3.369s] -- Configured uncrustify additional arguments: 
[3.369s] -- Added test 'xmllint' to check XML markup files
[3.373s] -- Configuring done
[3.419s] -- Generating done
[3.420s] -- Build files have been written to: /home/naoya/wildpose_v1.3/wildpose/build/livox_ros2_driver
[3.432s] Invoked command in '/home/naoya/wildpose_v1.3/wildpose/build/livox_ros2_driver' returned '0': AMENT_PREFIX_PATH=/home/naoya/wildpose_v1.3/wildpose/install/livox_sdk_vendor:/home/naoya/wildpose_v1.3/wildpose/install/livox_interfaces:${AMENT_PREFIX_PATH} CMAKE_PREFIX_PATH=/home/naoya/wildpose_v1.3/wildpose/install/livox_sdk_vendor:/home/naoya/wildpose_v1.3/wildpose/install/livox_interfaces:/home/naoya/WildPose_v1.2/wildpose/install/wildpose_bringup:/home/naoya/WildPose_v1.2/wildpose/install/wildpose_interfaces:/home/naoya/ros2_ws/livox_ros2_driver/install/livox_ros2_driver:/home/naoya/ros2_ws/livox_ros2_driver/install/livox_sdk_vendor:/home/naoya/ros2_ws/livox_ros2_driver/install/livox_interfaces:/home/naoya/ros2_ws/ximea_ros2_cam/install/ximea_ros2_cam:/home/naoya/ros2_ws/rmw_ecal/install/rmw_ecal_dynamic_cpp:/home/naoya/ros2_ws/rmw_ecal/install/rmw_ecal_shared_cpp:/home/naoya/WildPose_v1.2/wildpose/install/motor_controller_pkg:/home/naoya/WildPose_v1.2/wildpose/install/gamepad_pkg:/opt/ros/foxy LD_LIBRARY_PATH=/home/naoya/wildpose_v1.3/wildpose/install/livox_interfaces/lib:${LD_LIBRARY_PATH} PYTHONPATH=/home/naoya/wildpose_v1.3/wildpose/install/livox_interfaces/lib/python3.8/site-packages:${PYTHONPATH} /usr/bin/cmake /home/naoya/wildpose_v1.3/wildpose/src/livox_ros2_driver/livox_ros2_driver -DCMAKE_INSTALL_PREFIX=/home/naoya/wildpose_v1.3/wildpose/install/livox_ros2_driver
[3.435s] Invoking command in '/home/naoya/wildpose_v1.3/wildpose/build/livox_ros2_driver': AMENT_PREFIX_PATH=/home/naoya/wildpose_v1.3/wildpose/install/livox_sdk_vendor:/home/naoya/wildpose_v1.3/wildpose/install/livox_interfaces:${AMENT_PREFIX_PATH} CMAKE_PREFIX_PATH=/home/naoya/wildpose_v1.3/wildpose/install/livox_sdk_vendor:/home/naoya/wildpose_v1.3/wildpose/install/livox_interfaces:/home/naoya/WildPose_v1.2/wildpose/install/wildpose_bringup:/home/naoya/WildPose_v1.2/wildpose/install/wildpose_interfaces:/home/naoya/ros2_ws/livox_ros2_driver/install/livox_ros2_driver:/home/naoya/ros2_ws/livox_ros2_driver/install/livox_sdk_vendor:/home/naoya/ros2_ws/livox_ros2_driver/install/livox_interfaces:/home/naoya/ros2_ws/ximea_ros2_cam/install/ximea_ros2_cam:/home/naoya/ros2_ws/rmw_ecal/install/rmw_ecal_dynamic_cpp:/home/naoya/ros2_ws/rmw_ecal/install/rmw_ecal_shared_cpp:/home/naoya/WildPose_v1.2/wildpose/install/motor_controller_pkg:/home/naoya/WildPose_v1.2/wildpose/install/gamepad_pkg:/opt/ros/foxy LD_LIBRARY_PATH=/home/naoya/wildpose_v1.3/wildpose/install/livox_interfaces/lib:${LD_LIBRARY_PATH} PYTHONPATH=/home/naoya/wildpose_v1.3/wildpose/install/livox_interfaces/lib/python3.8/site-packages:${PYTHONPATH} /usr/bin/cmake --build /home/naoya/wildpose_v1.3/wildpose/build/livox_ros2_driver -- -j16 -l16
[3.465s] [35m[1mScanning dependencies of target livox_ros2_driver_node[0m
[3.465s] [35m[1mScanning dependencies of target livox_ros2_driver[0m
[3.533s] [  6%] [32mBuilding CXX object CMakeFiles/livox_ros2_driver_node.dir/rclcpp_components/node_main_livox_ros2_driver_node.cpp.o[0m
[3.572s] [ 25%] [32mBuilding CXX object CMakeFiles/livox_ros2_driver.dir/livox_ros2_driver/lds.cpp.o[0m
[3.572s] [ 25%] [32mBuilding CXX object CMakeFiles/livox_ros2_driver.dir/livox_ros2_driver/ldq.cpp.o[0m
[3.572s] [ 25%] [32mBuilding CXX object CMakeFiles/livox_ros2_driver.dir/livox_ros2_driver/lvx_file.cpp.o[0m
[3.575s] [ 31%] [32mBuilding CXX object CMakeFiles/livox_ros2_driver.dir/livox_ros2_driver/lds_lvx.cpp.o[0m
[3.575s] [ 37%] [32mBuilding CXX object CMakeFiles/livox_ros2_driver.dir/livox_ros2_driver/lds_lidar.cpp.o[0m
[3.576s] [ 43%] [32mBuilding CXX object CMakeFiles/livox_ros2_driver.dir/livox_ros2_driver/lds_hub.cpp.o[0m
[3.587s] [ 50%] [32mBuilding CXX object CMakeFiles/livox_ros2_driver.dir/timesync/timesync.cpp.o[0m
[3.588s] [ 62%] [32mBuilding CXX object CMakeFiles/livox_ros2_driver.dir/livox_ros2_driver/livox_ros2_driver.cpp.o[0m
[3.588s] [ 68%] [32mBuilding CXX object CMakeFiles/livox_ros2_driver.dir/timesync/user_uart/user_uart.cpp.o[0m
[3.588s] [ 75%] [32mBuilding CXX object CMakeFiles/livox_ros2_driver.dir/common/comm/sdk_protocol.cpp.o[0m
[3.588s] [ 56%] [32mBuilding CXX object CMakeFiles/livox_ros2_driver.dir/livox_ros2_driver/lddc.cpp.o[0m
[3.588s] [ 81%] [32mBuilding CXX object CMakeFiles/livox_ros2_driver.dir/common/comm/gps_protocol.cpp.o[0m
[3.601s] [ 87%] [32mBuilding CXX object CMakeFiles/livox_ros2_driver.dir/common/comm/comm_protocol.cpp.o[0m
[5.147s] [ 93%] [32m[1mLinking CXX executable livox_ros2_driver_node[0m
[5.251s] [ 93%] Built target livox_ros2_driver_node
[8.348s] [100%] [32m[1mLinking CXX shared library liblivox_ros2_driver.so[0m
[9.103s] [100%] Built target livox_ros2_driver
[9.112s] Invoked command in '/home/naoya/wildpose_v1.3/wildpose/build/livox_ros2_driver' returned '0': AMENT_PREFIX_PATH=/home/naoya/wildpose_v1.3/wildpose/install/livox_sdk_vendor:/home/naoya/wildpose_v1.3/wildpose/install/livox_interfaces:${AMENT_PREFIX_PATH} CMAKE_PREFIX_PATH=/home/naoya/wildpose_v1.3/wildpose/install/livox_sdk_vendor:/home/naoya/wildpose_v1.3/wildpose/install/livox_interfaces:/home/naoya/WildPose_v1.2/wildpose/install/wildpose_bringup:/home/naoya/WildPose_v1.2/wildpose/install/wildpose_interfaces:/home/naoya/ros2_ws/livox_ros2_driver/install/livox_ros2_driver:/home/naoya/ros2_ws/livox_ros2_driver/install/livox_sdk_vendor:/home/naoya/ros2_ws/livox_ros2_driver/install/livox_interfaces:/home/naoya/ros2_ws/ximea_ros2_cam/install/ximea_ros2_cam:/home/naoya/ros2_ws/rmw_ecal/install/rmw_ecal_dynamic_cpp:/home/naoya/ros2_ws/rmw_ecal/install/rmw_ecal_shared_cpp:/home/naoya/WildPose_v1.2/wildpose/install/motor_controller_pkg:/home/naoya/WildPose_v1.2/wildpose/install/gamepad_pkg:/opt/ros/foxy LD_LIBRARY_PATH=/home/naoya/wildpose_v1.3/wildpose/install/livox_interfaces/lib:${LD_LIBRARY_PATH} PYTHONPATH=/home/naoya/wildpose_v1.3/wildpose/install/livox_interfaces/lib/python3.8/site-packages:${PYTHONPATH} /usr/bin/cmake --build /home/naoya/wildpose_v1.3/wildpose/build/livox_ros2_driver -- -j16 -l16
[9.142s] Invoking command in '/home/naoya/wildpose_v1.3/wildpose/build/livox_ros2_driver': AMENT_PREFIX_PATH=/home/naoya/wildpose_v1.3/wildpose/install/livox_sdk_vendor:/home/naoya/wildpose_v1.3/wildpose/install/livox_interfaces:${AMENT_PREFIX_PATH} CMAKE_PREFIX_PATH=/home/naoya/wildpose_v1.3/wildpose/install/livox_sdk_vendor:/home/naoya/wildpose_v1.3/wildpose/install/livox_interfaces:/home/naoya/WildPose_v1.2/wildpose/install/wildpose_bringup:/home/naoya/WildPose_v1.2/wildpose/install/wildpose_interfaces:/home/naoya/ros2_ws/livox_ros2_driver/install/livox_ros2_driver:/home/naoya/ros2_ws/livox_ros2_driver/install/livox_sdk_vendor:/home/naoya/ros2_ws/livox_ros2_driver/install/livox_interfaces:/home/naoya/ros2_ws/ximea_ros2_cam/install/ximea_ros2_cam:/home/naoya/ros2_ws/rmw_ecal/install/rmw_ecal_dynamic_cpp:/home/naoya/ros2_ws/rmw_ecal/install/rmw_ecal_shared_cpp:/home/naoya/WildPose_v1.2/wildpose/install/motor_controller_pkg:/home/naoya/WildPose_v1.2/wildpose/install/gamepad_pkg:/opt/ros/foxy LD_LIBRARY_PATH=/home/naoya/wildpose_v1.3/wildpose/install/livox_interfaces/lib:${LD_LIBRARY_PATH} PYTHONPATH=/home/naoya/wildpose_v1.3/wildpose/install/livox_interfaces/lib/python3.8/site-packages:${PYTHONPATH} /usr/bin/cmake --install /home/naoya/wildpose_v1.3/wildpose/build/livox_ros2_driver
[9.150s] -- Install configuration: ""
[9.150s] -- Installing: /home/naoya/wildpose_v1.3/wildpose/install/livox_ros2_driver/lib/livox_ros2_driver/livox_ros2_driver_node
[9.150s] -- Set runtime path of "/home/naoya/wildpose_v1.3/wildpose/install/livox_ros2_driver/lib/livox_ros2_driver/livox_ros2_driver_node" to ""
[9.150s] -- Installing: /home/naoya/wildpose_v1.3/wildpose/install/livox_ros2_driver/share/livox_ros2_driver/environment/library_path.sh
[9.150s] -- Installing: /home/naoya/wildpose_v1.3/wildpose/install/livox_ros2_driver/share/livox_ros2_driver/environment/library_path.dsv
[9.150s] -- Installing: /home/naoya/wildpose_v1.3/wildpose/install/livox_ros2_driver/lib/liblivox_ros2_driver.so
[9.154s] -- Set runtime path of "/home/naoya/wildpose_v1.3/wildpose/install/livox_ros2_driver/lib/liblivox_ros2_driver.so" to ""
[9.154s] -- Installing: /home/naoya/wildpose_v1.3/wildpose/install/livox_ros2_driver/share/livox_ros2_driver/config
[9.154s] -- Installing: /home/naoya/wildpose_v1.3/wildpose/install/livox_ros2_driver/share/livox_ros2_driver/config/livox_hub_config.json
[9.154s] -- Installing: /home/naoya/wildpose_v1.3/wildpose/install/livox_ros2_driver/share/livox_ros2_driver/config/livox_lidar_config.json
[9.154s] -- Installing: /home/naoya/wildpose_v1.3/wildpose/install/livox_ros2_driver/share/livox_ros2_driver/config/livox_hub.rviz
[9.155s] -- Installing: /home/naoya/wildpose_v1.3/wildpose/install/livox_ros2_driver/share/livox_ros2_driver/config/livox_lidar.rviz
[9.155s] -- Installing: /home/naoya/wildpose_v1.3/wildpose/install/livox_ros2_driver/share/livox_ros2_driver/launch
[9.155s] -- Installing: /home/naoya/wildpose_v1.3/wildpose/install/livox_ros2_driver/share/livox_ros2_driver/launch/livox_hub_launch.py
[9.155s] -- Installing: /home/naoya/wildpose_v1.3/wildpose/install/livox_ros2_driver/share/livox_ros2_driver/launch/livox_lidar_launch.py
[9.155s] -- Installing: /home/naoya/wildpose_v1.3/wildpose/install/livox_ros2_driver/share/livox_ros2_driver/launch/livox_hub_rviz_launch.py
[9.155s] -- Installing: /home/naoya/wildpose_v1.3/wildpose/install/livox_ros2_driver/share/livox_ros2_driver/launch/livox_template_launch.py
[9.155s] -- Installing: /home/naoya/wildpose_v1.3/wildpose/install/livox_ros2_driver/share/livox_ros2_driver/launch/livox_lidar_msg_launch.py
[9.155s] -- Installing: /home/naoya/wildpose_v1.3/wildpose/install/livox_ros2_driver/share/livox_ros2_driver/launch/livox_lidar_rviz_launch.py
[9.155s] -- Installing: /home/naoya/wildpose_v1.3/wildpose/install/livox_ros2_driver/share/livox_ros2_driver/launch/livox_hub_msg_launch .py
[9.155s] -- Installing: /home/naoya/wildpose_v1.3/wildpose/install/livox_ros2_driver/share/ament_index/resource_index/package_run_dependencies/livox_ros2_driver
[9.155s] -- Installing: /home/naoya/wildpose_v1.3/wildpose/install/livox_ros2_driver/share/ament_index/resource_index/parent_prefix_path/livox_ros2_driver
[9.155s] -- Installing: /home/naoya/wildpose_v1.3/wildpose/install/livox_ros2_driver/share/livox_ros2_driver/environment/ament_prefix_path.sh
[9.155s] -- Installing: /home/naoya/wildpose_v1.3/wildpose/install/livox_ros2_driver/share/livox_ros2_driver/environment/ament_prefix_path.dsv
[9.155s] -- Installing: /home/naoya/wildpose_v1.3/wildpose/install/livox_ros2_driver/share/livox_ros2_driver/environment/path.sh
[9.155s] -- Installing: /home/naoya/wildpose_v1.3/wildpose/install/livox_ros2_driver/share/livox_ros2_driver/environment/path.dsv
[9.156s] -- Installing: /home/naoya/wildpose_v1.3/wildpose/install/livox_ros2_driver/share/livox_ros2_driver/local_setup.bash
[9.156s] -- Installing: /home/naoya/wildpose_v1.3/wildpose/install/livox_ros2_driver/share/livox_ros2_driver/local_setup.sh
[9.156s] -- Installing: /home/naoya/wildpose_v1.3/wildpose/install/livox_ros2_driver/share/livox_ros2_driver/local_setup.zsh
[9.156s] -- Installing: /home/naoya/wildpose_v1.3/wildpose/install/livox_ros2_driver/share/livox_ros2_driver/local_setup.dsv
[9.156s] -- Installing: /home/naoya/wildpose_v1.3/wildpose/install/livox_ros2_driver/share/livox_ros2_driver/package.dsv
[9.156s] -- Installing: /home/naoya/wildpose_v1.3/wildpose/install/livox_ros2_driver/share/ament_index/resource_index/packages/livox_ros2_driver
[9.156s] -- Installing: /home/naoya/wildpose_v1.3/wildpose/install/livox_ros2_driver/share/ament_index/resource_index/rclcpp_components/livox_ros2_driver
[9.156s] -- Installing: /home/naoya/wildpose_v1.3/wildpose/install/livox_ros2_driver/share/livox_ros2_driver/cmake/ament_cmake_export_dependencies-extras.cmake
[9.156s] -- Installing: /home/naoya/wildpose_v1.3/wildpose/install/livox_ros2_driver/share/livox_ros2_driver/cmake/ament_cmake_export_libraries-extras.cmake
[9.156s] -- Installing: /home/naoya/wildpose_v1.3/wildpose/install/livox_ros2_driver/share/livox_ros2_driver/cmake/livox_ros2_driverConfig.cmake
[9.156s] -- Installing: /home/naoya/wildpose_v1.3/wildpose/install/livox_ros2_driver/share/livox_ros2_driver/cmake/livox_ros2_driverConfig-version.cmake
[9.156s] -- Installing: /home/naoya/wildpose_v1.3/wildpose/install/livox_ros2_driver/share/livox_ros2_driver/package.xml
[9.158s] Invoked command in '/home/naoya/wildpose_v1.3/wildpose/build/livox_ros2_driver' returned '0': AMENT_PREFIX_PATH=/home/naoya/wildpose_v1.3/wildpose/install/livox_sdk_vendor:/home/naoya/wildpose_v1.3/wildpose/install/livox_interfaces:${AMENT_PREFIX_PATH} CMAKE_PREFIX_PATH=/home/naoya/wildpose_v1.3/wildpose/install/livox_sdk_vendor:/home/naoya/wildpose_v1.3/wildpose/install/livox_interfaces:/home/naoya/WildPose_v1.2/wildpose/install/wildpose_bringup:/home/naoya/WildPose_v1.2/wildpose/install/wildpose_interfaces:/home/naoya/ros2_ws/livox_ros2_driver/install/livox_ros2_driver:/home/naoya/ros2_ws/livox_ros2_driver/install/livox_sdk_vendor:/home/naoya/ros2_ws/livox_ros2_driver/install/livox_interfaces:/home/naoya/ros2_ws/ximea_ros2_cam/install/ximea_ros2_cam:/home/naoya/ros2_ws/rmw_ecal/install/rmw_ecal_dynamic_cpp:/home/naoya/ros2_ws/rmw_ecal/install/rmw_ecal_shared_cpp:/home/naoya/WildPose_v1.2/wildpose/install/motor_controller_pkg:/home/naoya/WildPose_v1.2/wildpose/install/gamepad_pkg:/opt/ros/foxy LD_LIBRARY_PATH=/home/naoya/wildpose_v1.3/wildpose/install/livox_interfaces/lib:${LD_LIBRARY_PATH} PYTHONPATH=/home/naoya/wildpose_v1.3/wildpose/install/livox_interfaces/lib/python3.8/site-packages:${PYTHONPATH} /usr/bin/cmake --install /home/naoya/wildpose_v1.3/wildpose/build/livox_ros2_driver
