[0.802s] Invoking command in '/home/m2s2/WildPose_v1.2-main/wildpose/src/lidar_control_package': CMAKE_PREFIX_PATH=/home/m2s2/WildPose_v1.2-main/wildpose/install/wildpose_interfaces:/home/m2s2/WildPose_v1.2-main/wildpose/src/ximea_ROS2_driver-main/install/ximea_ros2_cam:/home/m2s2/WildPose_v1.2-main/wildpose/install/wildpose_bringup:/home/m2s2/WildPose_v1.2-main/wildpose/install/lidar_control_package PYTHONPATH=/home/m2s2/WildPose_v1.2-main/wildpose/build/lidar_control_package/prefix_override:/home/m2s2/WildPose_v1.2-main/wildpose/install/lidar_control_package/lib/python3.8/site-packages:/home/m2s2/WildPose_v1.2-main/wildpose/install/wildpose_interfaces/lib/python3.8/site-packages:/home/m2s2/WildPose_v1.2-main/wildpose/install/motor_controller_pkg/lib/python3.8/site-packages:/home/m2s2/WildPose_v1.2-main/wildpose/install/lidar_control_package/lib/python3.8/site-packages:/home/m2s2/WildPose_v1.2-main/wildpose/install/dji_rs3_pkg/lib/python3.8/site-packages:/home/m2s2/WildPose_v1.2-main/wildpose/install/gamepad_pkg/lib/python3.8/site-packages:/opt/ros/foxy/lib/python3.8/site-packages /usr/bin/python3 -W ignore:setup.py install is deprecated setup.py egg_info --egg-base ../../build/lidar_control_package build --build-base /home/m2s2/WildPose_v1.2-main/wildpose/build/lidar_control_package/build install --record /home/m2s2/WildPose_v1.2-main/wildpose/build/lidar_control_package/install.log --install-scripts $base/lib/lidar_control_package --single-version-externally-managed install_data
[0.946s] running egg_info
[0.946s] writing ../../build/lidar_control_package/lidar_control_package.egg-info/PKG-INFO
[0.946s] writing dependency_links to ../../build/lidar_control_package/lidar_control_package.egg-info/dependency_links.txt
[0.946s] writing entry points to ../../build/lidar_control_package/lidar_control_package.egg-info/entry_points.txt
[0.946s] writing requirements to ../../build/lidar_control_package/lidar_control_package.egg-info/requires.txt
[0.947s] writing top-level names to ../../build/lidar_control_package/lidar_control_package.egg-info/top_level.txt
[0.968s] reading manifest file '../../build/lidar_control_package/lidar_control_package.egg-info/SOURCES.txt'
[0.968s] writing manifest file '../../build/lidar_control_package/lidar_control_package.egg-info/SOURCES.txt'
[0.969s] running build
[0.969s] running build_py
[0.969s] running install
[0.969s] running install_lib
[0.970s] running install_data
[0.970s] running install_egg_info
[0.971s] removing '/home/m2s2/WildPose_v1.2-main/wildpose/install/lidar_control_package/lib/python3.8/site-packages/lidar_control_package-0.0.0-py3.8.egg-info' (and everything under it)
[0.971s] Copying ../../build/lidar_control_package/lidar_control_package.egg-info to /home/m2s2/WildPose_v1.2-main/wildpose/install/lidar_control_package/lib/python3.8/site-packages/lidar_control_package-0.0.0-py3.8.egg-info
[0.972s] running install_scripts
[0.984s] Installing lidar_control_node script to /home/m2s2/WildPose_v1.2-main/wildpose/install/lidar_control_package/lib/lidar_control_package
[0.984s] writing list of installed files to '/home/m2s2/WildPose_v1.2-main/wildpose/build/lidar_control_package/install.log'
