[0.807s] Invoking command in '/home/naoya/wildpose_v1.3/wildpose/src/build/iris_controller': CMAKE_PREFIX_PATH=${CMAKE_PREFIX_PATH}:/home/naoya/WildPose_v1.2/wildpose/install/motor_controller_pkg:/home/naoya/WildPose_v1.2/wildpose/install/gamepad_pkg:/opt/ros/foxy /usr/bin/cmake /home/naoya/wildpose_v1.3/wildpose/src/iris_controller -DCMAKE_INSTALL_PREFIX=/home/naoya/wildpose_v1.3/wildpose/src/install/iris_controller
[0.874s] -- The C compiler identification is GNU 9.4.0
[0.939s] -- The CXX compiler identification is GNU 9.4.0
[0.947s] -- Check for working C compiler: /usr/bin/cc
[1.032s] -- Check for working C compiler: /usr/bin/cc -- works
[1.032s] -- Detecting C compiler ABI info
[1.102s] -- Detecting C compiler ABI info - done
[1.112s] -- Detecting C compile features
[1.112s] -- Detecting C compile features - done
[1.115s] -- Check for working CXX compiler: /usr/bin/c++
[1.192s] -- Check for working CXX compiler: /usr/bin/c++ -- works
[1.194s] -- Detecting CXX compiler ABI info
[1.276s] -- Detecting CXX compiler ABI info - done
[1.286s] -- Detecting CXX compile features
[1.287s] -- Detecting CXX compile features - done
[1.288s] -- Found ament_cmake: 0.9.12 (/opt/ros/foxy/share/ament_cmake/cmake)
[1.315s] -- Found PythonInterp: /usr/bin/python3 (found suitable version "3.8.10", minimum required is "3") 
[1.315s] -- Using PYTHON_EXECUTABLE: /usr/bin/python3
[1.493s] -- Found ament_lint_auto: 0.9.8 (/opt/ros/foxy/share/ament_lint_auto/cmake)
[1.577s] -- Added test 'copyright' to check source files copyright and LICENSE
[1.579s] -- Added test 'cppcheck' to perform static code analysis on C / C++ code
[1.579s] -- Configured cppcheck include dirs: 
[1.579s] -- Configured cppcheck exclude dirs and/or files: 
[1.580s] -- Added test 'cpplint' to check C / C++ code against the Google style
[1.580s] -- Configured cpplint exclude dirs and/or files: 
[1.581s] -- Added test 'flake8' to check Python code syntax and style conventions
[1.582s] -- Added test 'lint_cmake' to check CMake code style
[1.583s] -- Added test 'pep257' to check Python code against some of the style conventions in PEP 257
[1.585s] -- Added test 'uncrustify' to check C / C++ code style
[1.585s] -- Configured uncrustify additional arguments: 
[1.585s] -- Added test 'xmllint' to check XML markup files
[1.589s] -- Configuring done
[1.591s] -- Generating done
[1.592s] -- Build files have been written to: /home/naoya/wildpose_v1.3/wildpose/src/build/iris_controller
[1.597s] Invoked command in '/home/naoya/wildpose_v1.3/wildpose/src/build/iris_controller' returned '0': CMAKE_PREFIX_PATH=${CMAKE_PREFIX_PATH}:/home/naoya/WildPose_v1.2/wildpose/install/motor_controller_pkg:/home/naoya/WildPose_v1.2/wildpose/install/gamepad_pkg:/opt/ros/foxy /usr/bin/cmake /home/naoya/wildpose_v1.3/wildpose/src/iris_controller -DCMAKE_INSTALL_PREFIX=/home/naoya/wildpose_v1.3/wildpose/src/install/iris_controller
[1.602s] Invoking command in '/home/naoya/wildpose_v1.3/wildpose/src/build/iris_controller': CMAKE_PREFIX_PATH=${CMAKE_PREFIX_PATH}:/home/naoya/WildPose_v1.2/wildpose/install/motor_controller_pkg:/home/naoya/WildPose_v1.2/wildpose/install/gamepad_pkg:/opt/ros/foxy /usr/bin/cmake --build /home/naoya/wildpose_v1.3/wildpose/src/build/iris_controller -- -j16 -l16
[1.659s] Invoked command in '/home/naoya/wildpose_v1.3/wildpose/src/build/iris_controller' returned '0': CMAKE_PREFIX_PATH=${CMAKE_PREFIX_PATH}:/home/naoya/WildPose_v1.2/wildpose/install/motor_controller_pkg:/home/naoya/WildPose_v1.2/wildpose/install/gamepad_pkg:/opt/ros/foxy /usr/bin/cmake --build /home/naoya/wildpose_v1.3/wildpose/src/build/iris_controller -- -j16 -l16
[1.690s] Invoking command in '/home/naoya/wildpose_v1.3/wildpose/src/build/iris_controller': CMAKE_PREFIX_PATH=${CMAKE_PREFIX_PATH}:/home/naoya/WildPose_v1.2/wildpose/install/motor_controller_pkg:/home/naoya/WildPose_v1.2/wildpose/install/gamepad_pkg:/opt/ros/foxy /usr/bin/cmake --install /home/naoya/wildpose_v1.3/wildpose/src/build/iris_controller
[1.696s] -- Install configuration: ""
[1.696s] -- Installing: /home/naoya/wildpose_v1.3/wildpose/src/install/iris_controller/share/ament_index/resource_index/package_run_dependencies/iris_controller
[1.697s] -- Installing: /home/naoya/wildpose_v1.3/wildpose/src/install/iris_controller/share/ament_index/resource_index/parent_prefix_path/iris_controller
[1.697s] -- Installing: /home/naoya/wildpose_v1.3/wildpose/src/install/iris_controller/share/iris_controller/environment/ament_prefix_path.sh
[1.697s] -- Installing: /home/naoya/wildpose_v1.3/wildpose/src/install/iris_controller/share/iris_controller/environment/ament_prefix_path.dsv
[1.697s] -- Installing: /home/naoya/wildpose_v1.3/wildpose/src/install/iris_controller/share/iris_controller/environment/path.sh
[1.697s] -- Installing: /home/naoya/wildpose_v1.3/wildpose/src/install/iris_controller/share/iris_controller/environment/path.dsv
[1.697s] -- Installing: /home/naoya/wildpose_v1.3/wildpose/src/install/iris_controller/share/iris_controller/local_setup.bash
[1.697s] -- Installing: /home/naoya/wildpose_v1.3/wildpose/src/install/iris_controller/share/iris_controller/local_setup.sh
[1.697s] -- Installing: /home/naoya/wildpose_v1.3/wildpose/src/install/iris_controller/share/iris_controller/local_setup.zsh
[1.698s] -- Installing: /home/naoya/wildpose_v1.3/wildpose/src/install/iris_controller/share/iris_controller/local_setup.dsv
[1.698s] -- Installing: /home/naoya/wildpose_v1.3/wildpose/src/install/iris_controller/share/iris_controller/package.dsv
[1.698s] -- Installing: /home/naoya/wildpose_v1.3/wildpose/src/install/iris_controller/share/ament_index/resource_index/packages/iris_controller
[1.698s] -- Installing: /home/naoya/wildpose_v1.3/wildpose/src/install/iris_controller/share/iris_controller/cmake/iris_controllerConfig.cmake
[1.698s] -- Installing: /home/naoya/wildpose_v1.3/wildpose/src/install/iris_controller/share/iris_controller/cmake/iris_controllerConfig-version.cmake
[1.698s] -- Installing: /home/naoya/wildpose_v1.3/wildpose/src/install/iris_controller/share/iris_controller/package.xml
[1.699s] Invoked command in '/home/naoya/wildpose_v1.3/wildpose/src/build/iris_controller' returned '0': CMAKE_PREFIX_PATH=${CMAKE_PREFIX_PATH}:/home/naoya/WildPose_v1.2/wildpose/install/motor_controller_pkg:/home/naoya/WildPose_v1.2/wildpose/install/gamepad_pkg:/opt/ros/foxy /usr/bin/cmake --install /home/naoya/wildpose_v1.3/wildpose/src/build/iris_controller
