[1.493s] Invoking command in '/home/naoya/wildpose_v1.3/wildpose/src/dji_rs3_pkg': AMENT_PREFIX_PATH=/home/naoya/wildpose_v1.3/wildpose/install/wildpose_interfaces:${AMENT_PREFIX_PATH} CMAKE_PREFIX_PATH=/home/naoya/wildpose_v1.3/wildpose/install/wildpose_interfaces:${CMAKE_PREFIX_PATH} LD_LIBRARY_PATH=/home/naoya/wildpose_v1.3/wildpose/install/wildpose_interfaces/lib:${LD_LIBRARY_PATH} PYTHONPATH=/home/naoya/wildpose_v1.3/wildpose/build/dji_rs3_pkg/prefix_override:/home/naoya/wildpose_v1.3/wildpose/install/dji_rs3_pkg/lib/python3.8/site-packages:/home/naoya/wildpose_v1.3/wildpose/install/wildpose_interfaces/lib/python3.8/site-packages:${PYTHONPATH} /usr/bin/python3 setup.py egg_info --egg-base ../../build/dji_rs3_pkg build --build-base /home/naoya/wildpose_v1.3/wildpose/build/dji_rs3_pkg/build install --record /home/naoya/wildpose_v1.3/wildpose/build/dji_rs3_pkg/install.log --install-scripts $base/lib/dji_rs3_pkg --single-version-externally-managed
[1.738s] running egg_info
[1.739s] creating ../../build/dji_rs3_pkg/dji_rs3_pkg.egg-info
[1.739s] writing ../../build/dji_rs3_pkg/dji_rs3_pkg.egg-info/PKG-INFO
[1.740s] writing dependency_links to ../../build/dji_rs3_pkg/dji_rs3_pkg.egg-info/dependency_links.txt
[1.740s] writing entry points to ../../build/dji_rs3_pkg/dji_rs3_pkg.egg-info/entry_points.txt
[1.740s] writing requirements to ../../build/dji_rs3_pkg/dji_rs3_pkg.egg-info/requires.txt
[1.740s] writing top-level names to ../../build/dji_rs3_pkg/dji_rs3_pkg.egg-info/top_level.txt
[1.741s] writing manifest file '../../build/dji_rs3_pkg/dji_rs3_pkg.egg-info/SOURCES.txt'
[1.784s] reading manifest file '../../build/dji_rs3_pkg/dji_rs3_pkg.egg-info/SOURCES.txt'
[1.785s] writing manifest file '../../build/dji_rs3_pkg/dji_rs3_pkg.egg-info/SOURCES.txt'
[1.785s] running build
[1.785s] running build_py
[1.785s] creating /home/naoya/wildpose_v1.3/wildpose/build/dji_rs3_pkg/build
[1.786s] creating /home/naoya/wildpose_v1.3/wildpose/build/dji_rs3_pkg/build/lib
[1.786s] creating /home/naoya/wildpose_v1.3/wildpose/build/dji_rs3_pkg/build/lib/dji_rs3_pkg
[1.786s] copying dji_rs3_pkg/dji_rs3_node.py -> /home/naoya/wildpose_v1.3/wildpose/build/dji_rs3_pkg/build/lib/dji_rs3_pkg
[1.786s] copying dji_rs3_pkg/__init__.py -> /home/naoya/wildpose_v1.3/wildpose/build/dji_rs3_pkg/build/lib/dji_rs3_pkg
[1.786s] creating /home/naoya/wildpose_v1.3/wildpose/build/dji_rs3_pkg/build/lib/dji_rs3_pkg/protocol
[1.786s] copying dji_rs3_pkg/protocol/__init__.py -> /home/naoya/wildpose_v1.3/wildpose/build/dji_rs3_pkg/build/lib/dji_rs3_pkg/protocol
[1.786s] creating /home/naoya/wildpose_v1.3/wildpose/build/dji_rs3_pkg/build/lib/dji_rs3_pkg/protocol/connection
[1.786s] copying dji_rs3_pkg/protocol/connection/__init__.py -> /home/naoya/wildpose_v1.3/wildpose/build/dji_rs3_pkg/build/lib/dji_rs3_pkg/protocol/connection
[1.786s] copying dji_rs3_pkg/protocol/connection/CANConnection.py -> /home/naoya/wildpose_v1.3/wildpose/build/dji_rs3_pkg/build/lib/dji_rs3_pkg/protocol/connection
[1.787s] creating /home/naoya/wildpose_v1.3/wildpose/build/dji_rs3_pkg/build/lib/dji_rs3_pkg/protocol/sdk
[1.787s] copying dji_rs3_pkg/protocol/sdk/CmdCombine.py -> /home/naoya/wildpose_v1.3/wildpose/build/dji_rs3_pkg/build/lib/dji_rs3_pkg/protocol/sdk
[1.787s] copying dji_rs3_pkg/protocol/sdk/SDKHandle.py -> /home/naoya/wildpose_v1.3/wildpose/build/dji_rs3_pkg/build/lib/dji_rs3_pkg/protocol/sdk
[1.787s] copying dji_rs3_pkg/protocol/sdk/SDKCRC.py -> /home/naoya/wildpose_v1.3/wildpose/build/dji_rs3_pkg/build/lib/dji_rs3_pkg/protocol/sdk
[1.788s] copying dji_rs3_pkg/protocol/sdk/CmdHandler.py -> /home/naoya/wildpose_v1.3/wildpose/build/dji_rs3_pkg/build/lib/dji_rs3_pkg/protocol/sdk
[1.788s] copying dji_rs3_pkg/protocol/sdk/__init__.py -> /home/naoya/wildpose_v1.3/wildpose/build/dji_rs3_pkg/build/lib/dji_rs3_pkg/protocol/sdk
[1.788s] running install
[1.789s] running install_lib
[1.790s] creating /home/naoya/wildpose_v1.3/wildpose/install/dji_rs3_pkg/lib/python3.8/site-packages/dji_rs3_pkg
[1.790s] copying /home/naoya/wildpose_v1.3/wildpose/build/dji_rs3_pkg/build/lib/dji_rs3_pkg/dji_rs3_node.py -> /home/naoya/wildpose_v1.3/wildpose/install/dji_rs3_pkg/lib/python3.8/site-packages/dji_rs3_pkg
[1.791s] creating /home/naoya/wildpose_v1.3/wildpose/install/dji_rs3_pkg/lib/python3.8/site-packages/dji_rs3_pkg/protocol
[1.791s] creating /home/naoya/wildpose_v1.3/wildpose/install/dji_rs3_pkg/lib/python3.8/site-packages/dji_rs3_pkg/protocol/connection
[1.791s] copying /home/naoya/wildpose_v1.3/wildpose/build/dji_rs3_pkg/build/lib/dji_rs3_pkg/protocol/connection/__init__.py -> /home/naoya/wildpose_v1.3/wildpose/install/dji_rs3_pkg/lib/python3.8/site-packages/dji_rs3_pkg/protocol/connection
[1.791s] copying /home/naoya/wildpose_v1.3/wildpose/build/dji_rs3_pkg/build/lib/dji_rs3_pkg/protocol/connection/CANConnection.py -> /home/naoya/wildpose_v1.3/wildpose/install/dji_rs3_pkg/lib/python3.8/site-packages/dji_rs3_pkg/protocol/connection
[1.791s] copying /home/naoya/wildpose_v1.3/wildpose/build/dji_rs3_pkg/build/lib/dji_rs3_pkg/protocol/__init__.py -> /home/naoya/wildpose_v1.3/wildpose/install/dji_rs3_pkg/lib/python3.8/site-packages/dji_rs3_pkg/protocol
[1.791s] creating /home/naoya/wildpose_v1.3/wildpose/install/dji_rs3_pkg/lib/python3.8/site-packages/dji_rs3_pkg/protocol/sdk
[1.792s] copying /home/naoya/wildpose_v1.3/wildpose/build/dji_rs3_pkg/build/lib/dji_rs3_pkg/protocol/sdk/CmdCombine.py -> /home/naoya/wildpose_v1.3/wildpose/install/dji_rs3_pkg/lib/python3.8/site-packages/dji_rs3_pkg/protocol/sdk
[1.792s] copying /home/naoya/wildpose_v1.3/wildpose/build/dji_rs3_pkg/build/lib/dji_rs3_pkg/protocol/sdk/SDKHandle.py -> /home/naoya/wildpose_v1.3/wildpose/install/dji_rs3_pkg/lib/python3.8/site-packages/dji_rs3_pkg/protocol/sdk
[1.792s] copying /home/naoya/wildpose_v1.3/wildpose/build/dji_rs3_pkg/build/lib/dji_rs3_pkg/protocol/sdk/SDKCRC.py -> /home/naoya/wildpose_v1.3/wildpose/install/dji_rs3_pkg/lib/python3.8/site-packages/dji_rs3_pkg/protocol/sdk
[1.792s] copying /home/naoya/wildpose_v1.3/wildpose/build/dji_rs3_pkg/build/lib/dji_rs3_pkg/protocol/sdk/CmdHandler.py -> /home/naoya/wildpose_v1.3/wildpose/install/dji_rs3_pkg/lib/python3.8/site-packages/dji_rs3_pkg/protocol/sdk
[1.792s] copying /home/naoya/wildpose_v1.3/wildpose/build/dji_rs3_pkg/build/lib/dji_rs3_pkg/protocol/sdk/__init__.py -> /home/naoya/wildpose_v1.3/wildpose/install/dji_rs3_pkg/lib/python3.8/site-packages/dji_rs3_pkg/protocol/sdk
[1.792s] copying /home/naoya/wildpose_v1.3/wildpose/build/dji_rs3_pkg/build/lib/dji_rs3_pkg/__init__.py -> /home/naoya/wildpose_v1.3/wildpose/install/dji_rs3_pkg/lib/python3.8/site-packages/dji_rs3_pkg
[1.792s] byte-compiling /home/naoya/wildpose_v1.3/wildpose/install/dji_rs3_pkg/lib/python3.8/site-packages/dji_rs3_pkg/dji_rs3_node.py to dji_rs3_node.cpython-38.pyc
[1.797s] byte-compiling /home/naoya/wildpose_v1.3/wildpose/install/dji_rs3_pkg/lib/python3.8/site-packages/dji_rs3_pkg/protocol/connection/__init__.py to __init__.cpython-38.pyc
[1.797s] byte-compiling /home/naoya/wildpose_v1.3/wildpose/install/dji_rs3_pkg/lib/python3.8/site-packages/dji_rs3_pkg/protocol/connection/CANConnection.py to CANConnection.cpython-38.pyc
[1.800s] byte-compiling /home/naoya/wildpose_v1.3/wildpose/install/dji_rs3_pkg/lib/python3.8/site-packages/dji_rs3_pkg/protocol/__init__.py to __init__.cpython-38.pyc
[1.800s] byte-compiling /home/naoya/wildpose_v1.3/wildpose/install/dji_rs3_pkg/lib/python3.8/site-packages/dji_rs3_pkg/protocol/sdk/CmdCombine.py to CmdCombine.cpython-38.pyc
[1.801s] byte-compiling /home/naoya/wildpose_v1.3/wildpose/install/dji_rs3_pkg/lib/python3.8/site-packages/dji_rs3_pkg/protocol/sdk/SDKHandle.py to SDKHandle.cpython-38.pyc
[1.802s] byte-compiling /home/naoya/wildpose_v1.3/wildpose/install/dji_rs3_pkg/lib/python3.8/site-packages/dji_rs3_pkg/protocol/sdk/SDKCRC.py to SDKCRC.cpython-38.pyc
[1.803s] byte-compiling /home/naoya/wildpose_v1.3/wildpose/install/dji_rs3_pkg/lib/python3.8/site-packages/dji_rs3_pkg/protocol/sdk/CmdHandler.py to CmdHandler.cpython-38.pyc
[1.804s] byte-compiling /home/naoya/wildpose_v1.3/wildpose/install/dji_rs3_pkg/lib/python3.8/site-packages/dji_rs3_pkg/protocol/sdk/__init__.py to __init__.cpython-38.pyc
[1.804s] byte-compiling /home/naoya/wildpose_v1.3/wildpose/install/dji_rs3_pkg/lib/python3.8/site-packages/dji_rs3_pkg/__init__.py to __init__.cpython-38.pyc
[1.804s] running install_data
[1.805s] creating /home/naoya/wildpose_v1.3/wildpose/install/dji_rs3_pkg/share/ament_index
[1.805s] creating /home/naoya/wildpose_v1.3/wildpose/install/dji_rs3_pkg/share/ament_index/resource_index
[1.805s] creating /home/naoya/wildpose_v1.3/wildpose/install/dji_rs3_pkg/share/ament_index/resource_index/packages
[1.805s] copying resource/dji_rs3_pkg -> /home/naoya/wildpose_v1.3/wildpose/install/dji_rs3_pkg/share/ament_index/resource_index/packages
[1.805s] copying package.xml -> /home/naoya/wildpose_v1.3/wildpose/install/dji_rs3_pkg/share/dji_rs3_pkg
[1.805s] running install_egg_info
[1.807s] Copying ../../build/dji_rs3_pkg/dji_rs3_pkg.egg-info to /home/naoya/wildpose_v1.3/wildpose/install/dji_rs3_pkg/lib/python3.8/site-packages/dji_rs3_pkg-0.0.0-py3.8.egg-info
[1.808s] running install_scripts
[1.828s] Installing dji_rs3_node script to /home/naoya/wildpose_v1.3/wildpose/install/dji_rs3_pkg/lib/dji_rs3_pkg
[1.829s] writing list of installed files to '/home/naoya/wildpose_v1.3/wildpose/build/dji_rs3_pkg/install.log'
[1.871s] Invoked command in '/home/naoya/wildpose_v1.3/wildpose/src/dji_rs3_pkg' returned '0': AMENT_PREFIX_PATH=/home/naoya/wildpose_v1.3/wildpose/install/wildpose_interfaces:${AMENT_PREFIX_PATH} CMAKE_PREFIX_PATH=/home/naoya/wildpose_v1.3/wildpose/install/wildpose_interfaces:${CMAKE_PREFIX_PATH} LD_LIBRARY_PATH=/home/naoya/wildpose_v1.3/wildpose/install/wildpose_interfaces/lib:${LD_LIBRARY_PATH} PYTHONPATH=/home/naoya/wildpose_v1.3/wildpose/build/dji_rs3_pkg/prefix_override:/home/naoya/wildpose_v1.3/wildpose/install/dji_rs3_pkg/lib/python3.8/site-packages:/home/naoya/wildpose_v1.3/wildpose/install/wildpose_interfaces/lib/python3.8/site-packages:${PYTHONPATH} /usr/bin/python3 setup.py egg_info --egg-base ../../build/dji_rs3_pkg build --build-base /home/naoya/wildpose_v1.3/wildpose/build/dji_rs3_pkg/build install --record /home/naoya/wildpose_v1.3/wildpose/build/dji_rs3_pkg/install.log --install-scripts $base/lib/dji_rs3_pkg --single-version-externally-managed
