[0.736s] Invoking command in '/home/naoya/wildpose_v1.3/wildpose/build/livox_interfaces': CMAKE_PREFIX_PATH=${CMAKE_PREFIX_PATH}:/home/naoya/wildpose_v1.3/wildpose/install/motor_controller_pkg:/home/naoya/wildpose_v1.3/wildpose/install/lidar_control_package:/home/naoya/wildpose_v1.3/wildpose/install/dji_rs3_pkg:/home/naoya/wildpose_v1.3/wildpose/install/opencv_tests:/home/naoya/wildpose_v1.3/wildpose/install/gamepad_pkg:/home/naoya/WildPose_v1.2/wildpose/install/motor_controller_pkg:/home/naoya/WildPose_v1.2/wildpose/install/gamepad_pkg:/opt/ros/foxy /usr/bin/cmake /home/naoya/wildpose_v1.3/wildpose/src/livox_lidar_ROS2_driver/livox_interfaces -DCMAKE_INSTALL_PREFIX=/home/naoya/wildpose_v1.3/wildpose/install/livox_interfaces
[1.104s] -- The C compiler identification is GNU 9.4.0
[1.104s] -- The CXX compiler identification is GNU 9.4.0
[1.104s] -- Check for working C compiler: /usr/bin/cc
[1.105s] -- Check for working C compiler: /usr/bin/cc -- works
[1.105s] -- Detecting C compiler ABI info
[1.105s] -- Detecting C compiler ABI info - done
[1.105s] -- Detecting C compile features
[1.105s] -- Detecting C compile features - done
[1.105s] -- Check for working CXX compiler: /usr/bin/c++
[1.105s] -- Check for working CXX compiler: /usr/bin/c++ -- works
[1.105s] -- Detecting CXX compiler ABI info
[1.109s] -- Detecting CXX compiler ABI info - done
[1.113s] -- Detecting CXX compile features
[1.114s] -- Detecting CXX compile features - done
[1.116s] -- Found ament_cmake: 0.9.12 (/opt/ros/foxy/share/ament_cmake/cmake)
[1.135s] -- Found PythonInterp: /usr/bin/python3 (found suitable version "3.8.10", minimum required is "3") 
[1.135s] -- Using PYTHON_EXECUTABLE: /usr/bin/python3
[1.291s] -- Found std_msgs: 2.0.5 (/opt/ros/foxy/share/std_msgs/cmake)
[1.313s] -- Using all available rosidl_typesupport_c: rosidl_typesupport_fastrtps_c;rosidl_typesupport_introspection_c
[1.318s] -- Found rosidl_adapter: 1.3.1 (/opt/ros/foxy/share/rosidl_adapter/cmake)
[1.386s] -- Found OpenSSL: /usr/lib/x86_64-linux-gnu/libcrypto.so (found version "1.1.1f")  
[1.407s] -- Found FastRTPS: /opt/ros/foxy/include  
[1.461s] -- Using all available rosidl_typesupport_cpp: rosidl_typesupport_fastrtps_cpp;rosidl_typesupport_introspection_cpp
[1.493s] -- Found rosidl_default_generators: 1.0.1 (/opt/ros/foxy/share/rosidl_default_generators/cmake)
[1.517s] -- Found PythonInterp: /usr/bin/python3 (found version "3.8.10") 
[1.673s] -- Found ament_cmake_ros: 0.9.2 (/opt/ros/foxy/share/ament_cmake_ros/cmake)
[1.811s] -- Using all available rosidl_typesupport_c: rosidl_typesupport_fastrtps_c;rosidl_typesupport_introspection_c
[1.853s] -- Using all available rosidl_typesupport_cpp: rosidl_typesupport_fastrtps_cpp;rosidl_typesupport_introspection_cpp
[1.872s] -- Found PythonInterp: /usr/bin/python3 (found suitable version "3.8.10", minimum required is "3.5") 
[1.873s] -- Found python_cmake_module: 0.8.1 (/opt/ros/foxy/share/python_cmake_module/cmake)
[1.897s] -- Found PythonLibs: /usr/lib/x86_64-linux-gnu/libpython3.8.so (found suitable version "3.8.10", minimum required is "3.5") 
[1.897s] -- Using PYTHON_EXECUTABLE: /usr/bin/python3
[1.898s] -- Using PYTHON_INCLUDE_DIRS: /usr/include/python3.8
[1.898s] -- Using PYTHON_LIBRARIES: /usr/lib/x86_64-linux-gnu/libpython3.8.so
[1.913s] -- Found PythonExtra: .so  
[1.984s] -- Found ament_lint_auto: 0.9.8 (/opt/ros/foxy/share/ament_lint_auto/cmake)
[1.999s] -- Added test 'copyright' to check source files copyright and LICENSE
[2.000s] -- Added test 'lint_cmake' to check CMake code style
[2.000s] -- Added test 'xmllint' to check XML markup files
[2.003s] -- Configuring done
[2.030s] -- Generating done
[2.031s] -- Build files have been written to: /home/naoya/wildpose_v1.3/wildpose/build/livox_interfaces
[2.039s] Invoked command in '/home/naoya/wildpose_v1.3/wildpose/build/livox_interfaces' returned '0': CMAKE_PREFIX_PATH=${CMAKE_PREFIX_PATH}:/home/naoya/wildpose_v1.3/wildpose/install/motor_controller_pkg:/home/naoya/wildpose_v1.3/wildpose/install/lidar_control_package:/home/naoya/wildpose_v1.3/wildpose/install/dji_rs3_pkg:/home/naoya/wildpose_v1.3/wildpose/install/opencv_tests:/home/naoya/wildpose_v1.3/wildpose/install/gamepad_pkg:/home/naoya/WildPose_v1.2/wildpose/install/motor_controller_pkg:/home/naoya/WildPose_v1.2/wildpose/install/gamepad_pkg:/opt/ros/foxy /usr/bin/cmake /home/naoya/wildpose_v1.3/wildpose/src/livox_lidar_ROS2_driver/livox_interfaces -DCMAKE_INSTALL_PREFIX=/home/naoya/wildpose_v1.3/wildpose/install/livox_interfaces
[2.042s] Invoking command in '/home/naoya/wildpose_v1.3/wildpose/build/livox_interfaces': CMAKE_PREFIX_PATH=${CMAKE_PREFIX_PATH}:/home/naoya/wildpose_v1.3/wildpose/install/motor_controller_pkg:/home/naoya/wildpose_v1.3/wildpose/install/lidar_control_package:/home/naoya/wildpose_v1.3/wildpose/install/dji_rs3_pkg:/home/naoya/wildpose_v1.3/wildpose/install/opencv_tests:/home/naoya/wildpose_v1.3/wildpose/install/gamepad_pkg:/home/naoya/WildPose_v1.2/wildpose/install/motor_controller_pkg:/home/naoya/WildPose_v1.2/wildpose/install/gamepad_pkg:/opt/ros/foxy /usr/bin/cmake --build /home/naoya/wildpose_v1.3/wildpose/build/livox_interfaces -- -j16 -l16
[2.070s] [35m[1mScanning dependencies of target livox_interfaces__cpp[0m
[2.070s] [  2%] [34m[1mGenerating C code for ROS interfaces[0m
[2.077s] [  5%] [34m[1mGenerating C++ code for ROS interfaces[0m
[2.345s] [  5%] Built target livox_interfaces__cpp
[2.346s] [35m[1mScanning dependencies of target livox_interfaces__rosidl_generator_c[0m
[2.353s] [  7%] [34m[1mGenerating C++ introspection for ROS interfaces[0m
[2.359s] [ 12%] [34m[1mGenerating C++ type support for eProsima Fast-RTPS[0m
[2.359s] [ 12%] [34m[1mGenerating C++ type support dispatch for ROS interfaces[0m
[2.359s] [ 15%] [32mBuilding C object CMakeFiles/livox_interfaces__rosidl_generator_c.dir/rosidl_generator_c/livox_interfaces/msg/detail/custom_point__functions.c.o[0m
[2.361s] [ 17%] [32mBuilding C object CMakeFiles/livox_interfaces__rosidl_generator_c.dir/rosidl_generator_c/livox_interfaces/msg/detail/custom_msg__functions.c.o[0m
[2.423s] [ 20%] [32m[1mLinking C shared library liblivox_interfaces__rosidl_generator_c.so[0m
[2.472s] [ 20%] Built target livox_interfaces__rosidl_generator_c
[2.488s] [ 23%] [34m[1mGenerating C introspection for ROS interfaces[0m
[2.489s] [ 25%] [34m[1mGenerating C type support dispatch for ROS interfaces[0m
[2.691s] [35m[1mScanning dependencies of target livox_interfaces__rosidl_typesupport_introspection_cpp[0m
[2.708s] [ 28%] [32mBuilding CXX object CMakeFiles/livox_interfaces__rosidl_typesupport_introspection_cpp.dir/rosidl_typesupport_introspection_cpp/livox_interfaces/msg/detail/custom_msg__type_support.cpp.o[0m
[2.723s] [ 30%] [32mBuilding CXX object CMakeFiles/livox_interfaces__rosidl_typesupport_introspection_cpp.dir/rosidl_typesupport_introspection_cpp/livox_interfaces/msg/detail/custom_point__type_support.cpp.o[0m
[2.786s] [35m[1mScanning dependencies of target livox_interfaces__rosidl_typesupport_fastrtps_cpp[0m
[2.815s] [ 33%] [32mBuilding CXX object CMakeFiles/livox_interfaces__rosidl_typesupport_fastrtps_cpp.dir/rosidl_typesupport_fastrtps_cpp/livox_interfaces/msg/detail/dds_fastrtps/custom_msg__type_support.cpp.o[0m
[2.826s] [ 35%] [32mBuilding CXX object CMakeFiles/livox_interfaces__rosidl_typesupport_fastrtps_cpp.dir/rosidl_typesupport_fastrtps_cpp/livox_interfaces/msg/detail/dds_fastrtps/custom_point__type_support.cpp.o[0m
[2.840s] [35m[1mScanning dependencies of target livox_interfaces__rosidl_typesupport_cpp[0m
[2.868s] [ 38%] [32mBuilding CXX object CMakeFiles/livox_interfaces__rosidl_typesupport_cpp.dir/rosidl_typesupport_cpp/livox_interfaces/msg/custom_point__type_support.cpp.o[0m
[2.879s] [ 41%] [32mBuilding CXX object CMakeFiles/livox_interfaces__rosidl_typesupport_cpp.dir/rosidl_typesupport_cpp/livox_interfaces/msg/custom_msg__type_support.cpp.o[0m
[3.022s] [35m[1mScanning dependencies of target livox_interfaces__rosidl_typesupport_introspection_c[0m
[3.044s] [35m[1mScanning dependencies of target livox_interfaces__rosidl_typesupport_c[0m
[3.048s] [ 46%] [32mBuilding C object CMakeFiles/livox_interfaces__rosidl_typesupport_introspection_c.dir/rosidl_typesupport_introspection_c/livox_interfaces/msg/detail/custom_point__type_support.c.o[0m
[3.048s] [ 46%] [32mBuilding C object CMakeFiles/livox_interfaces__rosidl_typesupport_introspection_c.dir/rosidl_typesupport_introspection_c/livox_interfaces/msg/detail/custom_msg__type_support.c.o[0m
[3.092s] [ 48%] [32m[1mLinking CXX shared library liblivox_interfaces__rosidl_typesupport_introspection_cpp.so[0m
[3.097s] [ 51%] [32mBuilding CXX object CMakeFiles/livox_interfaces__rosidl_typesupport_c.dir/rosidl_typesupport_c/livox_interfaces/msg/custom_point__type_support.cpp.o[0m
[3.108s] [ 53%] [32mBuilding CXX object CMakeFiles/livox_interfaces__rosidl_typesupport_c.dir/rosidl_typesupport_c/livox_interfaces/msg/custom_msg__type_support.cpp.o[0m
[3.188s] [ 56%] [32m[1mLinking C shared library liblivox_interfaces__rosidl_typesupport_introspection_c.so[0m
[3.220s] [ 58%] [32m[1mLinking CXX shared library liblivox_interfaces__rosidl_typesupport_c.so[0m
[3.296s] [ 58%] Built target livox_interfaces__rosidl_typesupport_introspection_c
[3.373s] [ 58%] Built target livox_interfaces__rosidl_typesupport_c
[3.378s] [ 58%] Built target livox_interfaces__rosidl_typesupport_introspection_cpp
[3.498s] [ 61%] [32m[1mLinking CXX shared library liblivox_interfaces__rosidl_typesupport_fastrtps_cpp.so[0m
[3.506s] [ 64%] [32m[1mLinking CXX shared library liblivox_interfaces__rosidl_typesupport_cpp.so[0m
[3.564s] [ 64%] Built target livox_interfaces__rosidl_typesupport_cpp
[3.635s] [ 64%] Built target livox_interfaces__rosidl_typesupport_fastrtps_cpp
[3.649s] [ 66%] [34m[1mGenerating C type support for eProsima Fast-RTPS[0m
[4.038s] [35m[1mScanning dependencies of target livox_interfaces__rosidl_typesupport_fastrtps_c[0m
[4.049s] [ 69%] [32mBuilding CXX object CMakeFiles/livox_interfaces__rosidl_typesupport_fastrtps_c.dir/rosidl_typesupport_fastrtps_c/livox_interfaces/msg/detail/custom_point__type_support_c.cpp.o[0m
[4.052s] [ 71%] [32mBuilding CXX object CMakeFiles/livox_interfaces__rosidl_typesupport_fastrtps_c.dir/rosidl_typesupport_fastrtps_c/livox_interfaces/msg/detail/custom_msg__type_support_c.cpp.o[0m
[4.373s] [ 74%] [32m[1mLinking CXX shared library liblivox_interfaces__rosidl_typesupport_fastrtps_c.so[0m
[4.497s] [ 74%] Built target livox_interfaces__rosidl_typesupport_fastrtps_c
[4.505s] [35m[1mScanning dependencies of target livox_interfaces[0m
[4.514s] [ 74%] Built target livox_interfaces
[4.522s] [35m[1mScanning dependencies of target livox_interfaces__py[0m
[4.530s] [ 76%] [34m[1mGenerating Python code for ROS interfaces[0m
[5.052s] [ 76%] Built target livox_interfaces__py
[5.060s] [35m[1mScanning dependencies of target livox_interfaces__python[0m
[5.074s] [ 79%] [32mBuilding C object CMakeFiles/livox_interfaces__python.dir/rosidl_generator_py/livox_interfaces/msg/_custom_point_s.c.o[0m
[5.079s] [ 82%] [32mBuilding C object CMakeFiles/livox_interfaces__python.dir/rosidl_generator_py/livox_interfaces/msg/_custom_msg_s.c.o[0m
[5.168s] [ 84%] [32m[1mLinking C shared library rosidl_generator_py/livox_interfaces/liblivox_interfaces__python.so[0m
[5.202s] [ 84%] Built target livox_interfaces__python
[5.210s] [35m[1mScanning dependencies of target livox_interfaces__rosidl_typesupport_c__pyext[0m
[5.215s] [35m[1mScanning dependencies of target livox_interfaces__rosidl_typesupport_introspection_c__pyext[0m
[5.216s] [35m[1mScanning dependencies of target livox_interfaces__rosidl_typesupport_fastrtps_c__pyext[0m
[5.225s] [ 87%] [32mBuilding C object CMakeFiles/livox_interfaces__rosidl_typesupport_c__pyext.dir/rosidl_generator_py/livox_interfaces/_livox_interfaces_s.ep.rosidl_typesupport_c.c.o[0m
[5.239s] [ 92%] [32mBuilding C object CMakeFiles/livox_interfaces__rosidl_typesupport_fastrtps_c__pyext.dir/rosidl_generator_py/livox_interfaces/_livox_interfaces_s.ep.rosidl_typesupport_fastrtps_c.c.o[0m
[5.239s] [ 92%] [32mBuilding C object CMakeFiles/livox_interfaces__rosidl_typesupport_introspection_c__pyext.dir/rosidl_generator_py/livox_interfaces/_livox_interfaces_s.ep.rosidl_typesupport_introspection_c.c.o[0m
[5.289s] [ 94%] [32m[1mLinking C shared library rosidl_generator_py/livox_interfaces/livox_interfaces_s__rosidl_typesupport_c.cpython-38-x86_64-linux-gnu.so[0m
[5.322s] [ 94%] Built target livox_interfaces__rosidl_typesupport_c__pyext
[5.346s] [ 97%] [32m[1mLinking C shared library rosidl_generator_py/livox_interfaces/livox_interfaces_s__rosidl_typesupport_introspection_c.cpython-38-x86_64-linux-gnu.so[0m
[5.348s] [100%] [32m[1mLinking CXX shared library rosidl_generator_py/livox_interfaces/livox_interfaces_s__rosidl_typesupport_fastrtps_c.cpython-38-x86_64-linux-gnu.so[0m
[5.381s] [100%] Built target livox_interfaces__rosidl_typesupport_introspection_c__pyext
[5.416s] [100%] Built target livox_interfaces__rosidl_typesupport_fastrtps_c__pyext
[5.428s] Invoked command in '/home/naoya/wildpose_v1.3/wildpose/build/livox_interfaces' returned '0': CMAKE_PREFIX_PATH=${CMAKE_PREFIX_PATH}:/home/naoya/wildpose_v1.3/wildpose/install/motor_controller_pkg:/home/naoya/wildpose_v1.3/wildpose/install/lidar_control_package:/home/naoya/wildpose_v1.3/wildpose/install/dji_rs3_pkg:/home/naoya/wildpose_v1.3/wildpose/install/opencv_tests:/home/naoya/wildpose_v1.3/wildpose/install/gamepad_pkg:/home/naoya/WildPose_v1.2/wildpose/install/motor_controller_pkg:/home/naoya/WildPose_v1.2/wildpose/install/gamepad_pkg:/opt/ros/foxy /usr/bin/cmake --build /home/naoya/wildpose_v1.3/wildpose/build/livox_interfaces -- -j16 -l16
[5.479s] Invoking command in '/home/naoya/wildpose_v1.3/wildpose/build/livox_interfaces': CMAKE_PREFIX_PATH=${CMAKE_PREFIX_PATH}:/home/naoya/wildpose_v1.3/wildpose/install/motor_controller_pkg:/home/naoya/wildpose_v1.3/wildpose/install/lidar_control_package:/home/naoya/wildpose_v1.3/wildpose/install/dji_rs3_pkg:/home/naoya/wildpose_v1.3/wildpose/install/opencv_tests:/home/naoya/wildpose_v1.3/wildpose/install/gamepad_pkg:/home/naoya/WildPose_v1.2/wildpose/install/motor_controller_pkg:/home/naoya/WildPose_v1.2/wildpose/install/gamepad_pkg:/opt/ros/foxy /usr/bin/cmake --install /home/naoya/wildpose_v1.3/wildpose/build/livox_interfaces
[5.491s] -- Install configuration: ""
[5.491s] -- Installing: /home/naoya/wildpose_v1.3/wildpose/install/livox_interfaces/share/ament_index/resource_index/rosidl_interfaces/livox_interfaces
[5.491s] -- Installing: /home/naoya/wildpose_v1.3/wildpose/install/livox_interfaces/include/livox_interfaces
[5.491s] -- Installing: /home/naoya/wildpose_v1.3/wildpose/install/livox_interfaces/include/livox_interfaces/msg
[5.491s] -- Installing: /home/naoya/wildpose_v1.3/wildpose/install/livox_interfaces/include/livox_interfaces/msg/detail
[5.491s] -- Installing: /home/naoya/wildpose_v1.3/wildpose/install/livox_interfaces/include/livox_interfaces/msg/detail/custom_msg__functions.c
[5.491s] -- Installing: /home/naoya/wildpose_v1.3/wildpose/install/livox_interfaces/include/livox_interfaces/msg/detail/custom_msg__functions.h
[5.492s] -- Installing: /home/naoya/wildpose_v1.3/wildpose/install/livox_interfaces/include/livox_interfaces/msg/detail/custom_point__functions.c
[5.492s] -- Installing: /home/naoya/wildpose_v1.3/wildpose/install/livox_interfaces/include/livox_interfaces/msg/detail/custom_msg__type_support.h
[5.492s] -- Installing: /home/naoya/wildpose_v1.3/wildpose/install/livox_interfaces/include/livox_interfaces/msg/detail/custom_point__functions.h
[5.492s] -- Installing: /home/naoya/wildpose_v1.3/wildpose/install/livox_interfaces/include/livox_interfaces/msg/detail/custom_point__type_support.h
[5.492s] -- Installing: /home/naoya/wildpose_v1.3/wildpose/install/livox_interfaces/include/livox_interfaces/msg/detail/custom_msg__struct.h
[5.492s] -- Installing: /home/naoya/wildpose_v1.3/wildpose/install/livox_interfaces/include/livox_interfaces/msg/detail/custom_point__struct.h
[5.492s] -- Installing: /home/naoya/wildpose_v1.3/wildpose/install/livox_interfaces/include/livox_interfaces/msg/rosidl_generator_c__visibility_control.h
[5.492s] -- Installing: /home/naoya/wildpose_v1.3/wildpose/install/livox_interfaces/include/livox_interfaces/msg/custom_point.h
[5.492s] -- Installing: /home/naoya/wildpose_v1.3/wildpose/install/livox_interfaces/include/livox_interfaces/msg/custom_msg.h
[5.492s] -- Installing: /home/naoya/wildpose_v1.3/wildpose/install/livox_interfaces/share/livox_interfaces/environment/library_path.sh
[5.493s] -- Installing: /home/naoya/wildpose_v1.3/wildpose/install/livox_interfaces/share/livox_interfaces/environment/library_path.dsv
[5.493s] -- Installing: /home/naoya/wildpose_v1.3/wildpose/install/livox_interfaces/lib/liblivox_interfaces__rosidl_generator_c.so
[5.493s] -- Set runtime path of "/home/naoya/wildpose_v1.3/wildpose/install/livox_interfaces/lib/liblivox_interfaces__rosidl_generator_c.so" to ""
[5.493s] -- Up-to-date: /home/naoya/wildpose_v1.3/wildpose/install/livox_interfaces/include/livox_interfaces
[5.493s] -- Up-to-date: /home/naoya/wildpose_v1.3/wildpose/install/livox_interfaces/include/livox_interfaces/msg
[5.493s] -- Up-to-date: /home/naoya/wildpose_v1.3/wildpose/install/livox_interfaces/include/livox_interfaces/msg/detail
[5.493s] -- Installing: /home/naoya/wildpose_v1.3/wildpose/install/livox_interfaces/include/livox_interfaces/msg/detail/custom_point__rosidl_typesupport_fastrtps_c.h
[5.493s] -- Installing: /home/naoya/wildpose_v1.3/wildpose/install/livox_interfaces/include/livox_interfaces/msg/detail/custom_msg__rosidl_typesupport_fastrtps_c.h
[5.493s] -- Installing: /home/naoya/wildpose_v1.3/wildpose/install/livox_interfaces/include/livox_interfaces/msg/rosidl_typesupport_fastrtps_c__visibility_control.h
[5.493s] -- Installing: /home/naoya/wildpose_v1.3/wildpose/install/livox_interfaces/lib/liblivox_interfaces__rosidl_typesupport_fastrtps_c.so
[5.494s] -- Set runtime path of "/home/naoya/wildpose_v1.3/wildpose/install/livox_interfaces/lib/liblivox_interfaces__rosidl_typesupport_fastrtps_c.so" to ""
[5.494s] -- Up-to-date: /home/naoya/wildpose_v1.3/wildpose/install/livox_interfaces/include/livox_interfaces
[5.494s] -- Up-to-date: /home/naoya/wildpose_v1.3/wildpose/install/livox_interfaces/include/livox_interfaces/msg
[5.494s] -- Up-to-date: /home/naoya/wildpose_v1.3/wildpose/install/livox_interfaces/include/livox_interfaces/msg/detail
[5.494s] -- Installing: /home/naoya/wildpose_v1.3/wildpose/install/livox_interfaces/include/livox_interfaces/msg/detail/dds_fastrtps
[5.494s] -- Installing: /home/naoya/wildpose_v1.3/wildpose/install/livox_interfaces/include/livox_interfaces/msg/detail/custom_msg__rosidl_typesupport_fastrtps_cpp.hpp
[5.494s] -- Installing: /home/naoya/wildpose_v1.3/wildpose/install/livox_interfaces/include/livox_interfaces/msg/detail/custom_point__rosidl_typesupport_fastrtps_cpp.hpp
[5.494s] -- Installing: /home/naoya/wildpose_v1.3/wildpose/install/livox_interfaces/include/livox_interfaces/msg/rosidl_typesupport_fastrtps_cpp__visibility_control.h
[5.494s] -- Installing: /home/naoya/wildpose_v1.3/wildpose/install/livox_interfaces/lib/liblivox_interfaces__rosidl_typesupport_fastrtps_cpp.so
[5.495s] -- Set runtime path of "/home/naoya/wildpose_v1.3/wildpose/install/livox_interfaces/lib/liblivox_interfaces__rosidl_typesupport_fastrtps_cpp.so" to ""
[5.495s] -- Up-to-date: /home/naoya/wildpose_v1.3/wildpose/install/livox_interfaces/include/livox_interfaces
[5.495s] -- Up-to-date: /home/naoya/wildpose_v1.3/wildpose/install/livox_interfaces/include/livox_interfaces/msg
[5.495s] -- Up-to-date: /home/naoya/wildpose_v1.3/wildpose/install/livox_interfaces/include/livox_interfaces/msg/detail
[5.495s] -- Installing: /home/naoya/wildpose_v1.3/wildpose/install/livox_interfaces/include/livox_interfaces/msg/detail/custom_msg__type_support.c
[5.495s] -- Installing: /home/naoya/wildpose_v1.3/wildpose/install/livox_interfaces/include/livox_interfaces/msg/detail/custom_msg__rosidl_typesupport_introspection_c.h
[5.495s] -- Installing: /home/naoya/wildpose_v1.3/wildpose/install/livox_interfaces/include/livox_interfaces/msg/detail/custom_point__type_support.c
[5.495s] -- Installing: /home/naoya/wildpose_v1.3/wildpose/install/livox_interfaces/include/livox_interfaces/msg/detail/custom_point__rosidl_typesupport_introspection_c.h
[5.495s] -- Installing: /home/naoya/wildpose_v1.3/wildpose/install/livox_interfaces/include/livox_interfaces/msg/rosidl_typesupport_introspection_c__visibility_control.h
[5.495s] -- Installing: /home/naoya/wildpose_v1.3/wildpose/install/livox_interfaces/lib/liblivox_interfaces__rosidl_typesupport_introspection_c.so
[5.496s] -- Set runtime path of "/home/naoya/wildpose_v1.3/wildpose/install/livox_interfaces/lib/liblivox_interfaces__rosidl_typesupport_introspection_c.so" to ""
[5.496s] -- Installing: /home/naoya/wildpose_v1.3/wildpose/install/livox_interfaces/lib/liblivox_interfaces__rosidl_typesupport_c.so
[5.496s] -- Set runtime path of "/home/naoya/wildpose_v1.3/wildpose/install/livox_interfaces/lib/liblivox_interfaces__rosidl_typesupport_c.so" to ""
[5.496s] -- Up-to-date: /home/naoya/wildpose_v1.3/wildpose/install/livox_interfaces/include/livox_interfaces
[5.496s] -- Up-to-date: /home/naoya/wildpose_v1.3/wildpose/install/livox_interfaces/include/livox_interfaces/msg
[5.496s] -- Installing: /home/naoya/wildpose_v1.3/wildpose/install/livox_interfaces/include/livox_interfaces/msg/custom_msg.hpp
[5.496s] -- Up-to-date: /home/naoya/wildpose_v1.3/wildpose/install/livox_interfaces/include/livox_interfaces/msg/detail
[5.496s] -- Installing: /home/naoya/wildpose_v1.3/wildpose/install/livox_interfaces/include/livox_interfaces/msg/detail/custom_point__type_support.hpp
[5.497s] -- Installing: /home/naoya/wildpose_v1.3/wildpose/install/livox_interfaces/include/livox_interfaces/msg/detail/custom_point__traits.hpp
[5.497s] -- Installing: /home/naoya/wildpose_v1.3/wildpose/install/livox_interfaces/include/livox_interfaces/msg/detail/custom_msg__struct.hpp
[5.497s] -- Installing: /home/naoya/wildpose_v1.3/wildpose/install/livox_interfaces/include/livox_interfaces/msg/detail/custom_msg__traits.hpp
[5.497s] -- Installing: /home/naoya/wildpose_v1.3/wildpose/install/livox_interfaces/include/livox_interfaces/msg/detail/custom_point__struct.hpp
[5.497s] -- Installing: /home/naoya/wildpose_v1.3/wildpose/install/livox_interfaces/include/livox_interfaces/msg/detail/custom_point__builder.hpp
[5.497s] -- Installing: /home/naoya/wildpose_v1.3/wildpose/install/livox_interfaces/include/livox_interfaces/msg/detail/custom_msg__type_support.hpp
[5.497s] -- Installing: /home/naoya/wildpose_v1.3/wildpose/install/livox_interfaces/include/livox_interfaces/msg/detail/custom_msg__builder.hpp
[5.497s] -- Installing: /home/naoya/wildpose_v1.3/wildpose/install/livox_interfaces/include/livox_interfaces/msg/rosidl_generator_cpp__visibility_control.hpp
[5.497s] -- Installing: /home/naoya/wildpose_v1.3/wildpose/install/livox_interfaces/include/livox_interfaces/msg/custom_point.hpp
[5.497s] -- Up-to-date: /home/naoya/wildpose_v1.3/wildpose/install/livox_interfaces/include/livox_interfaces
[5.498s] -- Up-to-date: /home/naoya/wildpose_v1.3/wildpose/install/livox_interfaces/include/livox_interfaces/msg
[5.498s] -- Up-to-date: /home/naoya/wildpose_v1.3/wildpose/install/livox_interfaces/include/livox_interfaces/msg/detail
[5.498s] -- Installing: /home/naoya/wildpose_v1.3/wildpose/install/livox_interfaces/include/livox_interfaces/msg/detail/custom_point__type_support.cpp
[5.498s] -- Installing: /home/naoya/wildpose_v1.3/wildpose/install/livox_interfaces/include/livox_interfaces/msg/detail/custom_point__rosidl_typesupport_introspection_cpp.hpp
[5.498s] -- Installing: /home/naoya/wildpose_v1.3/wildpose/install/livox_interfaces/include/livox_interfaces/msg/detail/custom_msg__type_support.cpp
[5.498s] -- Installing: /home/naoya/wildpose_v1.3/wildpose/install/livox_interfaces/include/livox_interfaces/msg/detail/custom_msg__rosidl_typesupport_introspection_cpp.hpp
[5.498s] -- Installing: /home/naoya/wildpose_v1.3/wildpose/install/livox_interfaces/lib/liblivox_interfaces__rosidl_typesupport_introspection_cpp.so
[5.498s] -- Set runtime path of "/home/naoya/wildpose_v1.3/wildpose/install/livox_interfaces/lib/liblivox_interfaces__rosidl_typesupport_introspection_cpp.so" to ""
[5.498s] -- Installing: /home/naoya/wildpose_v1.3/wildpose/install/livox_interfaces/lib/liblivox_interfaces__rosidl_typesupport_cpp.so
[5.498s] -- Set runtime path of "/home/naoya/wildpose_v1.3/wildpose/install/livox_interfaces/lib/liblivox_interfaces__rosidl_typesupport_cpp.so" to ""
[5.498s] -- Installing: /home/naoya/wildpose_v1.3/wildpose/install/livox_interfaces/share/livox_interfaces/environment/pythonpath.sh
[5.499s] -- Installing: /home/naoya/wildpose_v1.3/wildpose/install/livox_interfaces/share/livox_interfaces/environment/pythonpath.dsv
[5.499s] -- Installing: /home/naoya/wildpose_v1.3/wildpose/install/livox_interfaces/lib/python3.8/site-packages/livox_interfaces/__init__.py
[5.539s] Compiling '/home/naoya/wildpose_v1.3/wildpose/install/livox_interfaces/lib/python3.8/site-packages/livox_interfaces/__init__.py'...
[5.545s] -- Installing: /home/naoya/wildpose_v1.3/wildpose/install/livox_interfaces/lib/python3.8/site-packages/livox_interfaces/msg
[5.546s] -- Installing: /home/naoya/wildpose_v1.3/wildpose/install/livox_interfaces/lib/python3.8/site-packages/livox_interfaces/msg/_custom_msg_s.c
[5.546s] -- Installing: /home/naoya/wildpose_v1.3/wildpose/install/livox_interfaces/lib/python3.8/site-packages/livox_interfaces/msg/_custom_msg.py
[5.546s] -- Installing: /home/naoya/wildpose_v1.3/wildpose/install/livox_interfaces/lib/python3.8/site-packages/livox_interfaces/msg/_custom_point_s.c
[5.546s] -- Installing: /home/naoya/wildpose_v1.3/wildpose/install/livox_interfaces/lib/python3.8/site-packages/livox_interfaces/msg/__init__.py
[5.546s] -- Installing: /home/naoya/wildpose_v1.3/wildpose/install/livox_interfaces/lib/python3.8/site-packages/livox_interfaces/msg/_custom_point.py
[5.546s] -- Installing: /home/naoya/wildpose_v1.3/wildpose/install/livox_interfaces/lib/python3.8/site-packages/livox_interfaces/livox_interfaces_s__rosidl_typesupport_fastrtps_c.cpython-38-x86_64-linux-gnu.so
[5.547s] -- Set runtime path of "/home/naoya/wildpose_v1.3/wildpose/install/livox_interfaces/lib/python3.8/site-packages/livox_interfaces/livox_interfaces_s__rosidl_typesupport_fastrtps_c.cpython-38-x86_64-linux-gnu.so" to ""
[5.547s] -- Installing: /home/naoya/wildpose_v1.3/wildpose/install/livox_interfaces/lib/python3.8/site-packages/livox_interfaces/livox_interfaces_s__rosidl_typesupport_introspection_c.cpython-38-x86_64-linux-gnu.so
[5.547s] -- Set runtime path of "/home/naoya/wildpose_v1.3/wildpose/install/livox_interfaces/lib/python3.8/site-packages/livox_interfaces/livox_interfaces_s__rosidl_typesupport_introspection_c.cpython-38-x86_64-linux-gnu.so" to ""
[5.548s] -- Installing: /home/naoya/wildpose_v1.3/wildpose/install/livox_interfaces/lib/python3.8/site-packages/livox_interfaces/livox_interfaces_s__rosidl_typesupport_c.cpython-38-x86_64-linux-gnu.so
[5.548s] -- Set runtime path of "/home/naoya/wildpose_v1.3/wildpose/install/livox_interfaces/lib/python3.8/site-packages/livox_interfaces/livox_interfaces_s__rosidl_typesupport_c.cpython-38-x86_64-linux-gnu.so" to ""
[5.548s] -- Installing: /home/naoya/wildpose_v1.3/wildpose/install/livox_interfaces/lib/liblivox_interfaces__python.so
[5.549s] -- Set runtime path of "/home/naoya/wildpose_v1.3/wildpose/install/livox_interfaces/lib/liblivox_interfaces__python.so" to ""
[5.549s] -- Installing: /home/naoya/wildpose_v1.3/wildpose/install/livox_interfaces/share/livox_interfaces/msg/CustomPoint.idl
[5.549s] -- Installing: /home/naoya/wildpose_v1.3/wildpose/install/livox_interfaces/share/livox_interfaces/msg/CustomMsg.idl
[5.549s] -- Installing: /home/naoya/wildpose_v1.3/wildpose/install/livox_interfaces/share/livox_interfaces/msg/CustomPoint.msg
[5.549s] -- Installing: /home/naoya/wildpose_v1.3/wildpose/install/livox_interfaces/share/livox_interfaces/msg/CustomMsg.msg
[5.549s] -- Installing: /home/naoya/wildpose_v1.3/wildpose/install/livox_interfaces/share/ament_index/resource_index/package_run_dependencies/livox_interfaces
[5.549s] -- Installing: /home/naoya/wildpose_v1.3/wildpose/install/livox_interfaces/share/ament_index/resource_index/parent_prefix_path/livox_interfaces
[5.549s] -- Installing: /home/naoya/wildpose_v1.3/wildpose/install/livox_interfaces/share/livox_interfaces/environment/ament_prefix_path.sh
[5.550s] -- Installing: /home/naoya/wildpose_v1.3/wildpose/install/livox_interfaces/share/livox_interfaces/environment/ament_prefix_path.dsv
[5.550s] -- Installing: /home/naoya/wildpose_v1.3/wildpose/install/livox_interfaces/share/livox_interfaces/environment/path.sh
[5.550s] -- Installing: /home/naoya/wildpose_v1.3/wildpose/install/livox_interfaces/share/livox_interfaces/environment/path.dsv
[5.550s] -- Installing: /home/naoya/wildpose_v1.3/wildpose/install/livox_interfaces/share/livox_interfaces/local_setup.bash
[5.550s] -- Installing: /home/naoya/wildpose_v1.3/wildpose/install/livox_interfaces/share/livox_interfaces/local_setup.sh
[5.550s] -- Installing: /home/naoya/wildpose_v1.3/wildpose/install/livox_interfaces/share/livox_interfaces/local_setup.zsh
[5.550s] -- Installing: /home/naoya/wildpose_v1.3/wildpose/install/livox_interfaces/share/livox_interfaces/local_setup.dsv
[5.551s] -- Installing: /home/naoya/wildpose_v1.3/wildpose/install/livox_interfaces/share/livox_interfaces/package.dsv
[5.551s] -- Installing: /home/naoya/wildpose_v1.3/wildpose/install/livox_interfaces/share/ament_index/resource_index/packages/livox_interfaces
[5.551s] -- Installing: /home/naoya/wildpose_v1.3/wildpose/install/livox_interfaces/share/livox_interfaces/cmake/livox_interfaces__rosidl_generator_cExport.cmake
[5.551s] -- Installing: /home/naoya/wildpose_v1.3/wildpose/install/livox_interfaces/share/livox_interfaces/cmake/livox_interfaces__rosidl_generator_cExport-noconfig.cmake
[5.551s] -- Installing: /home/naoya/wildpose_v1.3/wildpose/install/livox_interfaces/share/livox_interfaces/cmake/livox_interfaces__rosidl_typesupport_introspection_cExport.cmake
[5.551s] -- Installing: /home/naoya/wildpose_v1.3/wildpose/install/livox_interfaces/share/livox_interfaces/cmake/livox_interfaces__rosidl_typesupport_introspection_cExport-noconfig.cmake
[5.552s] -- Installing: /home/naoya/wildpose_v1.3/wildpose/install/livox_interfaces/share/livox_interfaces/cmake/livox_interfaces__rosidl_typesupport_cExport.cmake
[5.552s] -- Installing: /home/naoya/wildpose_v1.3/wildpose/install/livox_interfaces/share/livox_interfaces/cmake/livox_interfaces__rosidl_typesupport_cExport-noconfig.cmake
[5.552s] -- Installing: /home/naoya/wildpose_v1.3/wildpose/install/livox_interfaces/share/livox_interfaces/cmake/livox_interfaces__rosidl_generator_cppExport.cmake
[5.552s] -- Installing: /home/naoya/wildpose_v1.3/wildpose/install/livox_interfaces/share/livox_interfaces/cmake/livox_interfaces__rosidl_typesupport_introspection_cppExport.cmake
[5.552s] -- Installing: /home/naoya/wildpose_v1.3/wildpose/install/livox_interfaces/share/livox_interfaces/cmake/livox_interfaces__rosidl_typesupport_introspection_cppExport-noconfig.cmake
[5.552s] -- Installing: /home/naoya/wildpose_v1.3/wildpose/install/livox_interfaces/share/livox_interfaces/cmake/livox_interfaces__rosidl_typesupport_cppExport.cmake
[5.553s] -- Installing: /home/naoya/wildpose_v1.3/wildpose/install/livox_interfaces/share/livox_interfaces/cmake/livox_interfaces__rosidl_typesupport_cppExport-noconfig.cmake
[5.553s] -- Installing: /home/naoya/wildpose_v1.3/wildpose/install/livox_interfaces/share/livox_interfaces/cmake/rosidl_cmake-extras.cmake
[5.553s] -- Installing: /home/naoya/wildpose_v1.3/wildpose/install/livox_interfaces/share/livox_interfaces/cmake/ament_cmake_export_dependencies-extras.cmake
[5.553s] -- Installing: /home/naoya/wildpose_v1.3/wildpose/install/livox_interfaces/share/livox_interfaces/cmake/ament_cmake_export_libraries-extras.cmake
[5.553s] -- Installing: /home/naoya/wildpose_v1.3/wildpose/install/livox_interfaces/share/livox_interfaces/cmake/ament_cmake_export_targets-extras.cmake
[5.553s] -- Installing: /home/naoya/wildpose_v1.3/wildpose/install/livox_interfaces/share/livox_interfaces/cmake/ament_cmake_export_include_directories-extras.cmake
[5.553s] -- Installing: /home/naoya/wildpose_v1.3/wildpose/install/livox_interfaces/share/livox_interfaces/cmake/rosidl_cmake_export_typesupport_libraries-extras.cmake
[5.553s] -- Installing: /home/naoya/wildpose_v1.3/wildpose/install/livox_interfaces/share/livox_interfaces/cmake/rosidl_cmake_export_typesupport_targets-extras.cmake
[5.554s] -- Installing: /home/naoya/wildpose_v1.3/wildpose/install/livox_interfaces/share/livox_interfaces/cmake/livox_interfacesConfig.cmake
[5.554s] -- Installing: /home/naoya/wildpose_v1.3/wildpose/install/livox_interfaces/share/livox_interfaces/cmake/livox_interfacesConfig-version.cmake
[5.554s] -- Installing: /home/naoya/wildpose_v1.3/wildpose/install/livox_interfaces/share/livox_interfaces/package.xml
[5.557s] Invoked command in '/home/naoya/wildpose_v1.3/wildpose/build/livox_interfaces' returned '0': CMAKE_PREFIX_PATH=${CMAKE_PREFIX_PATH}:/home/naoya/wildpose_v1.3/wildpose/install/motor_controller_pkg:/home/naoya/wildpose_v1.3/wildpose/install/lidar_control_package:/home/naoya/wildpose_v1.3/wildpose/install/dji_rs3_pkg:/home/naoya/wildpose_v1.3/wildpose/install/opencv_tests:/home/naoya/wildpose_v1.3/wildpose/install/gamepad_pkg:/home/naoya/WildPose_v1.2/wildpose/install/motor_controller_pkg:/home/naoya/WildPose_v1.2/wildpose/install/gamepad_pkg:/opt/ros/foxy /usr/bin/cmake --install /home/naoya/wildpose_v1.3/wildpose/build/livox_interfaces
