[1.661s] Invoking command in '/home/naoya/wildpose_v1.3/wildpose/src/dji_rs3_pkg': CMAKE_PREFIX_PATH=/home/naoya/wildpose_v1.3/wildpose/install/wildpose_interfaces:/home/naoya/wildpose_v1.3/wildpose/install/wildpose_bringup:/home/naoya/wildpose_v1.3/wildpose/install/ximea_ros2_cam:/home/naoya/wildpose_v1.3/wildpose/install/vision_opencv:/home/naoya/wildpose_v1.3/wildpose/install/livox_ros2_driver:/home/naoya/wildpose_v1.3/wildpose/install/livox_sdk_vendor:/home/naoya/wildpose_v1.3/wildpose/install/livox_interfaces:/home/naoya/wildpose_v1.3/wildpose/install/iris_controller:/home/naoya/wildpose_v1.3/wildpose/install/image_geometry:/home/naoya/wildpose_v1.3/wildpose/install/cv_bridge:/home/naoya/WildPose_v1.2/wildpose/install/wildpose_bringup:/home/naoya/WildPose_v1.2/wildpose/install/wildpose_interfaces:/home/naoya/ros2_ws/livox_ros2_driver/install/livox_ros2_driver:/home/naoya/ros2_ws/livox_ros2_driver/install/livox_sdk_vendor:/home/naoya/ros2_ws/livox_ros2_driver/install/livox_interfaces:/home/naoya/ros2_ws/ximea_ros2_cam/install/ximea_ros2_cam:/home/naoya/ros2_ws/rmw_ecal/install/rmw_ecal_dynamic_cpp:/home/naoya/ros2_ws/rmw_ecal/install/rmw_ecal_shared_cpp PYTHONPATH=/home/naoya/wildpose_v1.3/wildpose/build/dji_rs3_pkg/prefix_override:/home/naoya/wildpose_v1.3/wildpose/install/dji_rs3_pkg/lib/python3.8/site-packages:/home/naoya/wildpose_v1.3/wildpose/install/wildpose_interfaces/lib/python3.8/site-packages:/home/naoya/wildpose_v1.3/wildpose/install/motor_controller_pkg/lib/python3.8/site-packages:/home/naoya/wildpose_v1.3/wildpose/install/lidar_control_package/lib/python3.8/site-packages:/home/naoya/wildpose_v1.3/wildpose/install/dji_rs3_pkg/lib/python3.8/site-packages:/home/naoya/wildpose_v1.3/wildpose/install/opencv_tests/lib/python3.8/site-packages:/home/naoya/wildpose_v1.3/wildpose/install/livox_interfaces/lib/python3.8/site-packages:/home/naoya/wildpose_v1.3/wildpose/install/image_geometry/lib/python3.8/site-packages:/home/naoya/wildpose_v1.3/wildpose/install/gamepad_pkg/lib/python3.8/site-packages:/home/naoya/wildpose_v1.3/wildpose/install/cv_bridge/lib/python3.8/site-packages:/home/naoya/WildPose_v1.2/wildpose/build/motor_controller_pkg:/home/naoya/WildPose_v1.2/wildpose/install/motor_controller_pkg/lib/python3.8/site-packages:/home/naoya/WildPose_v1.2/wildpose/install/wildpose_interfaces/lib/python3.8/site-packages:/home/naoya/WildPose_v1.2/wildpose/build/gamepad_pkg:/home/naoya/WildPose_v1.2/wildpose/install/gamepad_pkg/lib/python3.8/site-packages:/home/naoya/ros2_ws/livox_ros2_driver/install/livox_interfaces/lib/python3.8/site-packages:/opt/ros/foxy/lib/python3.8/site-packages /usr/bin/python3 setup.py egg_info --egg-base ../../build/dji_rs3_pkg build --build-base /home/naoya/wildpose_v1.3/wildpose/build/dji_rs3_pkg/build install --record /home/naoya/wildpose_v1.3/wildpose/build/dji_rs3_pkg/install.log --install-scripts $base/lib/dji_rs3_pkg --single-version-externally-managed
[1.805s] running egg_info
[1.805s] creating ../../build/dji_rs3_pkg/dji_rs3_pkg.egg-info
[1.805s] writing ../../build/dji_rs3_pkg/dji_rs3_pkg.egg-info/PKG-INFO
[1.805s] writing dependency_links to ../../build/dji_rs3_pkg/dji_rs3_pkg.egg-info/dependency_links.txt
[1.805s] writing entry points to ../../build/dji_rs3_pkg/dji_rs3_pkg.egg-info/entry_points.txt
[1.805s] writing requirements to ../../build/dji_rs3_pkg/dji_rs3_pkg.egg-info/requires.txt
[1.805s] writing top-level names to ../../build/dji_rs3_pkg/dji_rs3_pkg.egg-info/top_level.txt
[1.807s] writing manifest file '../../build/dji_rs3_pkg/dji_rs3_pkg.egg-info/SOURCES.txt'
[1.852s] reading manifest file '../../build/dji_rs3_pkg/dji_rs3_pkg.egg-info/SOURCES.txt'
[1.853s] writing manifest file '../../build/dji_rs3_pkg/dji_rs3_pkg.egg-info/SOURCES.txt'
[1.853s] running build
[1.853s] running build_py
[1.854s] creating /home/naoya/wildpose_v1.3/wildpose/build/dji_rs3_pkg/build
[1.854s] creating /home/naoya/wildpose_v1.3/wildpose/build/dji_rs3_pkg/build/lib
[1.854s] creating /home/naoya/wildpose_v1.3/wildpose/build/dji_rs3_pkg/build/lib/dji_rs3_pkg
[1.854s] copying dji_rs3_pkg/dji_rs3_node.py -> /home/naoya/wildpose_v1.3/wildpose/build/dji_rs3_pkg/build/lib/dji_rs3_pkg
[1.854s] copying dji_rs3_pkg/__init__.py -> /home/naoya/wildpose_v1.3/wildpose/build/dji_rs3_pkg/build/lib/dji_rs3_pkg
[1.854s] creating /home/naoya/wildpose_v1.3/wildpose/build/dji_rs3_pkg/build/lib/dji_rs3_pkg/protocol
[1.854s] copying dji_rs3_pkg/protocol/__init__.py -> /home/naoya/wildpose_v1.3/wildpose/build/dji_rs3_pkg/build/lib/dji_rs3_pkg/protocol
[1.855s] creating /home/naoya/wildpose_v1.3/wildpose/build/dji_rs3_pkg/build/lib/dji_rs3_pkg/protocol/connection
[1.855s] copying dji_rs3_pkg/protocol/connection/__init__.py -> /home/naoya/wildpose_v1.3/wildpose/build/dji_rs3_pkg/build/lib/dji_rs3_pkg/protocol/connection
[1.855s] copying dji_rs3_pkg/protocol/connection/CANConnection.py -> /home/naoya/wildpose_v1.3/wildpose/build/dji_rs3_pkg/build/lib/dji_rs3_pkg/protocol/connection
[1.856s] creating /home/naoya/wildpose_v1.3/wildpose/build/dji_rs3_pkg/build/lib/dji_rs3_pkg/protocol/sdk
[1.856s] copying dji_rs3_pkg/protocol/sdk/CmdCombine.py -> /home/naoya/wildpose_v1.3/wildpose/build/dji_rs3_pkg/build/lib/dji_rs3_pkg/protocol/sdk
[1.856s] copying dji_rs3_pkg/protocol/sdk/SDKHandle.py -> /home/naoya/wildpose_v1.3/wildpose/build/dji_rs3_pkg/build/lib/dji_rs3_pkg/protocol/sdk
[1.856s] copying dji_rs3_pkg/protocol/sdk/SDKCRC.py -> /home/naoya/wildpose_v1.3/wildpose/build/dji_rs3_pkg/build/lib/dji_rs3_pkg/protocol/sdk
[1.856s] copying dji_rs3_pkg/protocol/sdk/CmdHandler.py -> /home/naoya/wildpose_v1.3/wildpose/build/dji_rs3_pkg/build/lib/dji_rs3_pkg/protocol/sdk
[1.857s] copying dji_rs3_pkg/protocol/sdk/__init__.py -> /home/naoya/wildpose_v1.3/wildpose/build/dji_rs3_pkg/build/lib/dji_rs3_pkg/protocol/sdk
[1.858s] running install
[1.860s] running install_lib
[1.860s] creating /home/naoya/wildpose_v1.3/wildpose/install/dji_rs3_pkg/lib/python3.8/site-packages/dji_rs3_pkg
[1.860s] copying /home/naoya/wildpose_v1.3/wildpose/build/dji_rs3_pkg/build/lib/dji_rs3_pkg/dji_rs3_node.py -> /home/naoya/wildpose_v1.3/wildpose/install/dji_rs3_pkg/lib/python3.8/site-packages/dji_rs3_pkg
[1.861s] creating /home/naoya/wildpose_v1.3/wildpose/install/dji_rs3_pkg/lib/python3.8/site-packages/dji_rs3_pkg/protocol
[1.861s] creating /home/naoya/wildpose_v1.3/wildpose/install/dji_rs3_pkg/lib/python3.8/site-packages/dji_rs3_pkg/protocol/connection
[1.861s] copying /home/naoya/wildpose_v1.3/wildpose/build/dji_rs3_pkg/build/lib/dji_rs3_pkg/protocol/connection/__init__.py -> /home/naoya/wildpose_v1.3/wildpose/install/dji_rs3_pkg/lib/python3.8/site-packages/dji_rs3_pkg/protocol/connection
[1.861s] copying /home/naoya/wildpose_v1.3/wildpose/build/dji_rs3_pkg/build/lib/dji_rs3_pkg/protocol/connection/CANConnection.py -> /home/naoya/wildpose_v1.3/wildpose/install/dji_rs3_pkg/lib/python3.8/site-packages/dji_rs3_pkg/protocol/connection
[1.863s] copying /home/naoya/wildpose_v1.3/wildpose/build/dji_rs3_pkg/build/lib/dji_rs3_pkg/protocol/__init__.py -> /home/naoya/wildpose_v1.3/wildpose/install/dji_rs3_pkg/lib/python3.8/site-packages/dji_rs3_pkg/protocol
[1.863s] creating /home/naoya/wildpose_v1.3/wildpose/install/dji_rs3_pkg/lib/python3.8/site-packages/dji_rs3_pkg/protocol/sdk
[1.863s] copying /home/naoya/wildpose_v1.3/wildpose/build/dji_rs3_pkg/build/lib/dji_rs3_pkg/protocol/sdk/CmdCombine.py -> /home/naoya/wildpose_v1.3/wildpose/install/dji_rs3_pkg/lib/python3.8/site-packages/dji_rs3_pkg/protocol/sdk
[1.863s] copying /home/naoya/wildpose_v1.3/wildpose/build/dji_rs3_pkg/build/lib/dji_rs3_pkg/protocol/sdk/SDKHandle.py -> /home/naoya/wildpose_v1.3/wildpose/install/dji_rs3_pkg/lib/python3.8/site-packages/dji_rs3_pkg/protocol/sdk
[1.864s] copying /home/naoya/wildpose_v1.3/wildpose/build/dji_rs3_pkg/build/lib/dji_rs3_pkg/protocol/sdk/SDKCRC.py -> /home/naoya/wildpose_v1.3/wildpose/install/dji_rs3_pkg/lib/python3.8/site-packages/dji_rs3_pkg/protocol/sdk
[1.864s] copying /home/naoya/wildpose_v1.3/wildpose/build/dji_rs3_pkg/build/lib/dji_rs3_pkg/protocol/sdk/CmdHandler.py -> /home/naoya/wildpose_v1.3/wildpose/install/dji_rs3_pkg/lib/python3.8/site-packages/dji_rs3_pkg/protocol/sdk
[1.864s] copying /home/naoya/wildpose_v1.3/wildpose/build/dji_rs3_pkg/build/lib/dji_rs3_pkg/protocol/sdk/__init__.py -> /home/naoya/wildpose_v1.3/wildpose/install/dji_rs3_pkg/lib/python3.8/site-packages/dji_rs3_pkg/protocol/sdk
[1.864s] copying /home/naoya/wildpose_v1.3/wildpose/build/dji_rs3_pkg/build/lib/dji_rs3_pkg/__init__.py -> /home/naoya/wildpose_v1.3/wildpose/install/dji_rs3_pkg/lib/python3.8/site-packages/dji_rs3_pkg
[1.864s] byte-compiling /home/naoya/wildpose_v1.3/wildpose/install/dji_rs3_pkg/lib/python3.8/site-packages/dji_rs3_pkg/dji_rs3_node.py to dji_rs3_node.cpython-38.pyc
[1.885s] byte-compiling /home/naoya/wildpose_v1.3/wildpose/install/dji_rs3_pkg/lib/python3.8/site-packages/dji_rs3_pkg/protocol/connection/__init__.py to __init__.cpython-38.pyc
[1.885s] byte-compiling /home/naoya/wildpose_v1.3/wildpose/install/dji_rs3_pkg/lib/python3.8/site-packages/dji_rs3_pkg/protocol/connection/CANConnection.py to CANConnection.cpython-38.pyc
[1.889s] byte-compiling /home/naoya/wildpose_v1.3/wildpose/install/dji_rs3_pkg/lib/python3.8/site-packages/dji_rs3_pkg/protocol/__init__.py to __init__.cpython-38.pyc
[1.890s] byte-compiling /home/naoya/wildpose_v1.3/wildpose/install/dji_rs3_pkg/lib/python3.8/site-packages/dji_rs3_pkg/protocol/sdk/CmdCombine.py to CmdCombine.cpython-38.pyc
[1.890s] byte-compiling /home/naoya/wildpose_v1.3/wildpose/install/dji_rs3_pkg/lib/python3.8/site-packages/dji_rs3_pkg/protocol/sdk/SDKHandle.py to SDKHandle.cpython-38.pyc
[1.900s] byte-compiling /home/naoya/wildpose_v1.3/wildpose/install/dji_rs3_pkg/lib/python3.8/site-packages/dji_rs3_pkg/protocol/sdk/SDKCRC.py to SDKCRC.cpython-38.pyc
[1.900s] byte-compiling /home/naoya/wildpose_v1.3/wildpose/install/dji_rs3_pkg/lib/python3.8/site-packages/dji_rs3_pkg/protocol/sdk/CmdHandler.py to CmdHandler.cpython-38.pyc
[1.900s] byte-compiling /home/naoya/wildpose_v1.3/wildpose/install/dji_rs3_pkg/lib/python3.8/site-packages/dji_rs3_pkg/protocol/sdk/__init__.py to __init__.cpython-38.pyc
[1.900s] byte-compiling /home/naoya/wildpose_v1.3/wildpose/install/dji_rs3_pkg/lib/python3.8/site-packages/dji_rs3_pkg/__init__.py to __init__.cpython-38.pyc
[1.900s] running install_data
[1.900s] creating /home/naoya/wildpose_v1.3/wildpose/install/dji_rs3_pkg/share/ament_index
[1.901s] creating /home/naoya/wildpose_v1.3/wildpose/install/dji_rs3_pkg/share/ament_index/resource_index
[1.901s] creating /home/naoya/wildpose_v1.3/wildpose/install/dji_rs3_pkg/share/ament_index/resource_index/packages
[1.901s] copying resource/dji_rs3_pkg -> /home/naoya/wildpose_v1.3/wildpose/install/dji_rs3_pkg/share/ament_index/resource_index/packages
[1.901s] copying package.xml -> /home/naoya/wildpose_v1.3/wildpose/install/dji_rs3_pkg/share/dji_rs3_pkg
[1.901s] running install_egg_info
[1.901s] Copying ../../build/dji_rs3_pkg/dji_rs3_pkg.egg-info to /home/naoya/wildpose_v1.3/wildpose/install/dji_rs3_pkg/lib/python3.8/site-packages/dji_rs3_pkg-0.0.0-py3.8.egg-info
[1.901s] running install_scripts
[1.965s] Installing dji_rs3_node script to /home/naoya/wildpose_v1.3/wildpose/install/dji_rs3_pkg/lib/dji_rs3_pkg
[1.977s] writing list of installed files to '/home/naoya/wildpose_v1.3/wildpose/build/dji_rs3_pkg/install.log'
[2.536s] Invoked command in '/home/naoya/wildpose_v1.3/wildpose/src/dji_rs3_pkg' returned '0': CMAKE_PREFIX_PATH=/home/naoya/wildpose_v1.3/wildpose/install/wildpose_interfaces:/home/naoya/wildpose_v1.3/wildpose/install/wildpose_bringup:/home/naoya/wildpose_v1.3/wildpose/install/ximea_ros2_cam:/home/naoya/wildpose_v1.3/wildpose/install/vision_opencv:/home/naoya/wildpose_v1.3/wildpose/install/livox_ros2_driver:/home/naoya/wildpose_v1.3/wildpose/install/livox_sdk_vendor:/home/naoya/wildpose_v1.3/wildpose/install/livox_interfaces:/home/naoya/wildpose_v1.3/wildpose/install/iris_controller:/home/naoya/wildpose_v1.3/wildpose/install/image_geometry:/home/naoya/wildpose_v1.3/wildpose/install/cv_bridge:/home/naoya/WildPose_v1.2/wildpose/install/wildpose_bringup:/home/naoya/WildPose_v1.2/wildpose/install/wildpose_interfaces:/home/naoya/ros2_ws/livox_ros2_driver/install/livox_ros2_driver:/home/naoya/ros2_ws/livox_ros2_driver/install/livox_sdk_vendor:/home/naoya/ros2_ws/livox_ros2_driver/install/livox_interfaces:/home/naoya/ros2_ws/ximea_ros2_cam/install/ximea_ros2_cam:/home/naoya/ros2_ws/rmw_ecal/install/rmw_ecal_dynamic_cpp:/home/naoya/ros2_ws/rmw_ecal/install/rmw_ecal_shared_cpp PYTHONPATH=/home/naoya/wildpose_v1.3/wildpose/build/dji_rs3_pkg/prefix_override:/home/naoya/wildpose_v1.3/wildpose/install/dji_rs3_pkg/lib/python3.8/site-packages:/home/naoya/wildpose_v1.3/wildpose/install/wildpose_interfaces/lib/python3.8/site-packages:/home/naoya/wildpose_v1.3/wildpose/install/motor_controller_pkg/lib/python3.8/site-packages:/home/naoya/wildpose_v1.3/wildpose/install/lidar_control_package/lib/python3.8/site-packages:/home/naoya/wildpose_v1.3/wildpose/install/dji_rs3_pkg/lib/python3.8/site-packages:/home/naoya/wildpose_v1.3/wildpose/install/opencv_tests/lib/python3.8/site-packages:/home/naoya/wildpose_v1.3/wildpose/install/livox_interfaces/lib/python3.8/site-packages:/home/naoya/wildpose_v1.3/wildpose/install/image_geometry/lib/python3.8/site-packages:/home/naoya/wildpose_v1.3/wildpose/install/gamepad_pkg/lib/python3.8/site-packages:/home/naoya/wildpose_v1.3/wildpose/install/cv_bridge/lib/python3.8/site-packages:/home/naoya/WildPose_v1.2/wildpose/build/motor_controller_pkg:/home/naoya/WildPose_v1.2/wildpose/install/motor_controller_pkg/lib/python3.8/site-packages:/home/naoya/WildPose_v1.2/wildpose/install/wildpose_interfaces/lib/python3.8/site-packages:/home/naoya/WildPose_v1.2/wildpose/build/gamepad_pkg:/home/naoya/WildPose_v1.2/wildpose/install/gamepad_pkg/lib/python3.8/site-packages:/home/naoya/ros2_ws/livox_ros2_driver/install/livox_interfaces/lib/python3.8/site-packages:/opt/ros/foxy/lib/python3.8/site-packages /usr/bin/python3 setup.py egg_info --egg-base ../../build/dji_rs3_pkg build --build-base /home/naoya/wildpose_v1.3/wildpose/build/dji_rs3_pkg/build install --record /home/naoya/wildpose_v1.3/wildpose/build/dji_rs3_pkg/install.log --install-scripts $base/lib/dji_rs3_pkg --single-version-externally-managed
