[0.119s] DEBUG:colcon:Command line arguments: ['/usr/bin/colcon', 'build']
[0.119s] DEBUG:colcon:Parsed command line arguments: Namespace(allow_overriding=[], ament_cmake_args=None, base_paths=['.'], build_base='build', catkin_cmake_args=None, catkin_skip_building_tests=False, cmake_args=None, cmake_clean_cache=False, cmake_clean_first=False, cmake_force_configure=False, cmake_target=None, cmake_target_skip_unavailable=False, continue_on_error=False, event_handlers=None, executor='parallel', ignore_user_meta=False, install_base='install', log_base=None, log_level=None, main=<bound method BuildVerb.main of <colcon_core.verb.build.BuildVerb object at 0x7f614f9290a0>>, merge_install=False, metas=['./colcon.meta'], packages_above=None, packages_above_and_dependencies=None, packages_above_depth=None, packages_end=None, packages_ignore=None, packages_ignore_regex=None, packages_select=None, packages_select_build_failed=False, packages_select_by_dep=None, packages_select_regex=None, packages_select_test_failures=False, packages_skip=None, packages_skip_build_finished=False, packages_skip_by_dep=None, packages_skip_regex=None, packages_skip_test_passed=False, packages_skip_up_to=None, packages_start=None, packages_up_to=None, packages_up_to_regex=None, parallel_workers=16, paths=None, symlink_install=False, test_result_base=None, verb_extension=<colcon_core.verb.build.BuildVerb object at 0x7f614f9290a0>, verb_name='build', verb_parser=<colcon_defaults.argument_parser.defaults.DefaultArgumentsDecorator object at 0x7f614f874040>)
[0.208s] Level 1:colcon.colcon_core.package_discovery:discover_packages(colcon_meta) check parameters
[0.208s] Level 1:colcon.colcon_core.package_discovery:discover_packages(recursive) check parameters
[0.208s] Level 1:colcon.colcon_core.package_discovery:discover_packages(ignore) check parameters
[0.208s] Level 1:colcon.colcon_core.package_discovery:discover_packages(path) check parameters
[0.208s] Level 1:colcon.colcon_core.package_discovery:discover_packages(colcon_meta) discover
[0.208s] Level 1:colcon.colcon_core.package_discovery:discover_packages(recursive) discover
[0.208s] INFO:colcon.colcon_core.package_discovery:Crawling recursively for packages in '/home/m2s2/WildPose_v1.2-main/wildpose/src'
[0.208s] Level 1:colcon.colcon_core.package_identification:_identify(.) by extensions ['ignore', 'ignore_ament_install']
[0.208s] Level 1:colcon.colcon_core.package_identification:_identify(.) by extension 'ignore'
[0.208s] Level 1:colcon.colcon_core.package_identification:_identify(.) by extension 'ignore_ament_install'
[0.208s] Level 1:colcon.colcon_core.package_identification:_identify(.) by extensions ['colcon_pkg']
[0.208s] Level 1:colcon.colcon_core.package_identification:_identify(.) by extension 'colcon_pkg'
[0.208s] Level 1:colcon.colcon_core.package_identification:_identify(.) by extensions ['colcon_meta']
[0.208s] Level 1:colcon.colcon_core.package_identification:_identify(.) by extension 'colcon_meta'
[0.208s] Level 1:colcon.colcon_core.package_identification:_identify(.) by extensions ['ros']
[0.208s] Level 1:colcon.colcon_core.package_identification:_identify(.) by extension 'ros'
[0.216s] Level 1:colcon.colcon_core.package_identification:_identify(.) by extensions ['cmake', 'python']
[0.216s] Level 1:colcon.colcon_core.package_identification:_identify(.) by extension 'cmake'
[0.216s] Level 1:colcon.colcon_core.package_identification:_identify(.) by extension 'python'
[0.216s] Level 1:colcon.colcon_core.package_identification:_identify(.) by extensions ['python_setup_py']
[0.216s] Level 1:colcon.colcon_core.package_identification:_identify(.) by extension 'python_setup_py'
[0.216s] Level 1:colcon.colcon_core.package_identification:_identify(build) by extensions ['ignore', 'ignore_ament_install']
[0.216s] Level 1:colcon.colcon_core.package_identification:_identify(build) by extension 'ignore'
[0.216s] Level 1:colcon.colcon_core.package_identification:_identify(build) ignored
[0.216s] Level 1:colcon.colcon_core.package_identification:_identify(dji_rs3_pkg) by extensions ['ignore', 'ignore_ament_install']
[0.216s] Level 1:colcon.colcon_core.package_identification:_identify(dji_rs3_pkg) by extension 'ignore'
[0.216s] Level 1:colcon.colcon_core.package_identification:_identify(dji_rs3_pkg) by extension 'ignore_ament_install'
[0.216s] Level 1:colcon.colcon_core.package_identification:_identify(dji_rs3_pkg) by extensions ['colcon_pkg']
[0.216s] Level 1:colcon.colcon_core.package_identification:_identify(dji_rs3_pkg) by extension 'colcon_pkg'
[0.216s] Level 1:colcon.colcon_core.package_identification:_identify(dji_rs3_pkg) by extensions ['colcon_meta']
[0.216s] Level 1:colcon.colcon_core.package_identification:_identify(dji_rs3_pkg) by extension 'colcon_meta'
[0.216s] Level 1:colcon.colcon_core.package_identification:_identify(dji_rs3_pkg) by extensions ['ros']
[0.216s] Level 1:colcon.colcon_core.package_identification:_identify(dji_rs3_pkg) by extension 'ros'
[0.218s] DEBUG:colcon.colcon_core.package_identification:Package 'dji_rs3_pkg' with type 'ros.ament_python' and name 'dji_rs3_pkg'
[0.218s] Level 1:colcon.colcon_core.package_identification:_identify(gamepad_pkg) by extensions ['ignore', 'ignore_ament_install']
[0.218s] Level 1:colcon.colcon_core.package_identification:_identify(gamepad_pkg) by extension 'ignore'
[0.218s] Level 1:colcon.colcon_core.package_identification:_identify(gamepad_pkg) by extension 'ignore_ament_install'
[0.218s] Level 1:colcon.colcon_core.package_identification:_identify(gamepad_pkg) by extensions ['colcon_pkg']
[0.218s] Level 1:colcon.colcon_core.package_identification:_identify(gamepad_pkg) by extension 'colcon_pkg'
[0.218s] Level 1:colcon.colcon_core.package_identification:_identify(gamepad_pkg) by extensions ['colcon_meta']
[0.218s] Level 1:colcon.colcon_core.package_identification:_identify(gamepad_pkg) by extension 'colcon_meta'
[0.218s] Level 1:colcon.colcon_core.package_identification:_identify(gamepad_pkg) by extensions ['ros']
[0.218s] Level 1:colcon.colcon_core.package_identification:_identify(gamepad_pkg) by extension 'ros'
[0.219s] DEBUG:colcon.colcon_core.package_identification:Package 'gamepad_pkg' with type 'ros.ament_python' and name 'gamepad_pkg'
[0.219s] Level 1:colcon.colcon_core.package_identification:_identify(install) by extensions ['ignore', 'ignore_ament_install']
[0.219s] Level 1:colcon.colcon_core.package_identification:_identify(install) by extension 'ignore'
[0.219s] Level 1:colcon.colcon_core.package_identification:_identify(install) ignored
[0.219s] Level 1:colcon.colcon_core.package_identification:_identify(lidar_control_package) by extensions ['ignore', 'ignore_ament_install']
[0.219s] Level 1:colcon.colcon_core.package_identification:_identify(lidar_control_package) by extension 'ignore'
[0.219s] Level 1:colcon.colcon_core.package_identification:_identify(lidar_control_package) by extension 'ignore_ament_install'
[0.219s] Level 1:colcon.colcon_core.package_identification:_identify(lidar_control_package) by extensions ['colcon_pkg']
[0.219s] Level 1:colcon.colcon_core.package_identification:_identify(lidar_control_package) by extension 'colcon_pkg'
[0.219s] Level 1:colcon.colcon_core.package_identification:_identify(lidar_control_package) by extensions ['colcon_meta']
[0.219s] Level 1:colcon.colcon_core.package_identification:_identify(lidar_control_package) by extension 'colcon_meta'
[0.219s] Level 1:colcon.colcon_core.package_identification:_identify(lidar_control_package) by extensions ['ros']
[0.219s] Level 1:colcon.colcon_core.package_identification:_identify(lidar_control_package) by extension 'ros'
[0.219s] DEBUG:colcon.colcon_core.package_identification:Package 'lidar_control_package' with type 'ros.ament_python' and name 'lidar_control_package'
[0.219s] Level 1:colcon.colcon_core.package_identification:_identify(livox_lidar_ROS2_driver) by extensions ['ignore', 'ignore_ament_install']
[0.220s] Level 1:colcon.colcon_core.package_identification:_identify(livox_lidar_ROS2_driver) by extension 'ignore'
[0.220s] Level 1:colcon.colcon_core.package_identification:_identify(livox_lidar_ROS2_driver) by extension 'ignore_ament_install'
[0.220s] Level 1:colcon.colcon_core.package_identification:_identify(livox_lidar_ROS2_driver) by extensions ['colcon_pkg']
[0.220s] Level 1:colcon.colcon_core.package_identification:_identify(livox_lidar_ROS2_driver) by extension 'colcon_pkg'
[0.220s] Level 1:colcon.colcon_core.package_identification:_identify(livox_lidar_ROS2_driver) by extensions ['colcon_meta']
[0.220s] Level 1:colcon.colcon_core.package_identification:_identify(livox_lidar_ROS2_driver) by extension 'colcon_meta'
[0.220s] Level 1:colcon.colcon_core.package_identification:_identify(livox_lidar_ROS2_driver) by extensions ['ros']
[0.220s] Level 1:colcon.colcon_core.package_identification:_identify(livox_lidar_ROS2_driver) by extension 'ros'
[0.220s] Level 1:colcon.colcon_core.package_identification:_identify(livox_lidar_ROS2_driver) by extensions ['cmake', 'python']
[0.220s] Level 1:colcon.colcon_core.package_identification:_identify(livox_lidar_ROS2_driver) by extension 'cmake'
[0.220s] Level 1:colcon.colcon_core.package_identification:_identify(livox_lidar_ROS2_driver) by extension 'python'
[0.220s] Level 1:colcon.colcon_core.package_identification:_identify(livox_lidar_ROS2_driver) by extensions ['python_setup_py']
[0.220s] Level 1:colcon.colcon_core.package_identification:_identify(livox_lidar_ROS2_driver) by extension 'python_setup_py'
[0.220s] Level 1:colcon.colcon_core.package_identification:_identify(livox_lidar_ROS2_driver/images) by extensions ['ignore', 'ignore_ament_install']
[0.220s] Level 1:colcon.colcon_core.package_identification:_identify(livox_lidar_ROS2_driver/images) by extension 'ignore'
[0.220s] Level 1:colcon.colcon_core.package_identification:_identify(livox_lidar_ROS2_driver/images) by extension 'ignore_ament_install'
[0.220s] Level 1:colcon.colcon_core.package_identification:_identify(livox_lidar_ROS2_driver/images) by extensions ['colcon_pkg']
[0.220s] Level 1:colcon.colcon_core.package_identification:_identify(livox_lidar_ROS2_driver/images) by extension 'colcon_pkg'
[0.220s] Level 1:colcon.colcon_core.package_identification:_identify(livox_lidar_ROS2_driver/images) by extensions ['colcon_meta']
[0.220s] Level 1:colcon.colcon_core.package_identification:_identify(livox_lidar_ROS2_driver/images) by extension 'colcon_meta'
[0.220s] Level 1:colcon.colcon_core.package_identification:_identify(livox_lidar_ROS2_driver/images) by extensions ['ros']
[0.220s] Level 1:colcon.colcon_core.package_identification:_identify(livox_lidar_ROS2_driver/images) by extension 'ros'
[0.220s] Level 1:colcon.colcon_core.package_identification:_identify(livox_lidar_ROS2_driver/images) by extensions ['cmake', 'python']
[0.220s] Level 1:colcon.colcon_core.package_identification:_identify(livox_lidar_ROS2_driver/images) by extension 'cmake'
[0.220s] Level 1:colcon.colcon_core.package_identification:_identify(livox_lidar_ROS2_driver/images) by extension 'python'
[0.220s] Level 1:colcon.colcon_core.package_identification:_identify(livox_lidar_ROS2_driver/images) by extensions ['python_setup_py']
[0.220s] Level 1:colcon.colcon_core.package_identification:_identify(livox_lidar_ROS2_driver/images) by extension 'python_setup_py'
[0.220s] Level 1:colcon.colcon_core.package_identification:_identify(livox_lidar_ROS2_driver/livox_interfaces) by extensions ['ignore', 'ignore_ament_install']
[0.220s] Level 1:colcon.colcon_core.package_identification:_identify(livox_lidar_ROS2_driver/livox_interfaces) by extension 'ignore'
[0.220s] Level 1:colcon.colcon_core.package_identification:_identify(livox_lidar_ROS2_driver/livox_interfaces) by extension 'ignore_ament_install'
[0.220s] Level 1:colcon.colcon_core.package_identification:_identify(livox_lidar_ROS2_driver/livox_interfaces) by extensions ['colcon_pkg']
[0.220s] Level 1:colcon.colcon_core.package_identification:_identify(livox_lidar_ROS2_driver/livox_interfaces) by extension 'colcon_pkg'
[0.220s] Level 1:colcon.colcon_core.package_identification:_identify(livox_lidar_ROS2_driver/livox_interfaces) by extensions ['colcon_meta']
[0.220s] Level 1:colcon.colcon_core.package_identification:_identify(livox_lidar_ROS2_driver/livox_interfaces) by extension 'colcon_meta'
[0.220s] Level 1:colcon.colcon_core.package_identification:_identify(livox_lidar_ROS2_driver/livox_interfaces) by extensions ['ros']
[0.220s] Level 1:colcon.colcon_core.package_identification:_identify(livox_lidar_ROS2_driver/livox_interfaces) by extension 'ros'
[0.221s] DEBUG:colcon.colcon_core.package_identification:Package 'livox_lidar_ROS2_driver/livox_interfaces' with type 'ros.ament_cmake' and name 'livox_interfaces'
[0.221s] Level 1:colcon.colcon_core.package_identification:_identify(livox_lidar_ROS2_driver/livox_ros2_driver) by extensions ['ignore', 'ignore_ament_install']
[0.221s] Level 1:colcon.colcon_core.package_identification:_identify(livox_lidar_ROS2_driver/livox_ros2_driver) by extension 'ignore'
[0.221s] Level 1:colcon.colcon_core.package_identification:_identify(livox_lidar_ROS2_driver/livox_ros2_driver) by extension 'ignore_ament_install'
[0.221s] Level 1:colcon.colcon_core.package_identification:_identify(livox_lidar_ROS2_driver/livox_ros2_driver) by extensions ['colcon_pkg']
[0.221s] Level 1:colcon.colcon_core.package_identification:_identify(livox_lidar_ROS2_driver/livox_ros2_driver) by extension 'colcon_pkg'
[0.221s] Level 1:colcon.colcon_core.package_identification:_identify(livox_lidar_ROS2_driver/livox_ros2_driver) by extensions ['colcon_meta']
[0.221s] Level 1:colcon.colcon_core.package_identification:_identify(livox_lidar_ROS2_driver/livox_ros2_driver) by extension 'colcon_meta'
[0.221s] Level 1:colcon.colcon_core.package_identification:_identify(livox_lidar_ROS2_driver/livox_ros2_driver) by extensions ['ros']
[0.221s] Level 1:colcon.colcon_core.package_identification:_identify(livox_lidar_ROS2_driver/livox_ros2_driver) by extension 'ros'
[0.222s] DEBUG:colcon.colcon_core.package_identification:Package 'livox_lidar_ROS2_driver/livox_ros2_driver' with type 'ros.ament_cmake' and name 'livox_ros2_driver'
[0.222s] Level 1:colcon.colcon_core.package_identification:_identify(livox_lidar_ROS2_driver/livox_sdk_vendor) by extensions ['ignore', 'ignore_ament_install']
[0.222s] Level 1:colcon.colcon_core.package_identification:_identify(livox_lidar_ROS2_driver/livox_sdk_vendor) by extension 'ignore'
[0.222s] Level 1:colcon.colcon_core.package_identification:_identify(livox_lidar_ROS2_driver/livox_sdk_vendor) by extension 'ignore_ament_install'
[0.222s] Level 1:colcon.colcon_core.package_identification:_identify(livox_lidar_ROS2_driver/livox_sdk_vendor) by extensions ['colcon_pkg']
[0.222s] Level 1:colcon.colcon_core.package_identification:_identify(livox_lidar_ROS2_driver/livox_sdk_vendor) by extension 'colcon_pkg'
[0.222s] Level 1:colcon.colcon_core.package_identification:_identify(livox_lidar_ROS2_driver/livox_sdk_vendor) by extensions ['colcon_meta']
[0.222s] Level 1:colcon.colcon_core.package_identification:_identify(livox_lidar_ROS2_driver/livox_sdk_vendor) by extension 'colcon_meta'
[0.222s] Level 1:colcon.colcon_core.package_identification:_identify(livox_lidar_ROS2_driver/livox_sdk_vendor) by extensions ['ros']
[0.222s] Level 1:colcon.colcon_core.package_identification:_identify(livox_lidar_ROS2_driver/livox_sdk_vendor) by extension 'ros'
[0.222s] DEBUG:colcon.colcon_core.package_identification:Package 'livox_lidar_ROS2_driver/livox_sdk_vendor' with type 'ros.ament_cmake' and name 'livox_sdk_vendor'
[0.222s] Level 1:colcon.colcon_core.package_identification:_identify(log) by extensions ['ignore', 'ignore_ament_install']
[0.222s] Level 1:colcon.colcon_core.package_identification:_identify(log) by extension 'ignore'
[0.223s] Level 1:colcon.colcon_core.package_identification:_identify(log) ignored
[0.223s] Level 1:colcon.colcon_core.package_identification:_identify(motor_controller_pkg) by extensions ['ignore', 'ignore_ament_install']
[0.223s] Level 1:colcon.colcon_core.package_identification:_identify(motor_controller_pkg) by extension 'ignore'
[0.223s] Level 1:colcon.colcon_core.package_identification:_identify(motor_controller_pkg) by extension 'ignore_ament_install'
[0.223s] Level 1:colcon.colcon_core.package_identification:_identify(motor_controller_pkg) by extensions ['colcon_pkg']
[0.223s] Level 1:colcon.colcon_core.package_identification:_identify(motor_controller_pkg) by extension 'colcon_pkg'
[0.223s] Level 1:colcon.colcon_core.package_identification:_identify(motor_controller_pkg) by extensions ['colcon_meta']
[0.223s] Level 1:colcon.colcon_core.package_identification:_identify(motor_controller_pkg) by extension 'colcon_meta'
[0.223s] Level 1:colcon.colcon_core.package_identification:_identify(motor_controller_pkg) by extensions ['ros']
[0.223s] Level 1:colcon.colcon_core.package_identification:_identify(motor_controller_pkg) by extension 'ros'
[0.223s] DEBUG:colcon.colcon_core.package_identification:Package 'motor_controller_pkg' with type 'ros.ament_python' and name 'motor_controller_pkg'
[0.223s] Level 1:colcon.colcon_core.package_identification:_identify(wildpose_bringup) by extensions ['ignore', 'ignore_ament_install']
[0.223s] Level 1:colcon.colcon_core.package_identification:_identify(wildpose_bringup) by extension 'ignore'
[0.223s] Level 1:colcon.colcon_core.package_identification:_identify(wildpose_bringup) by extension 'ignore_ament_install'
[0.223s] Level 1:colcon.colcon_core.package_identification:_identify(wildpose_bringup) by extensions ['colcon_pkg']
[0.223s] Level 1:colcon.colcon_core.package_identification:_identify(wildpose_bringup) by extension 'colcon_pkg'
[0.223s] Level 1:colcon.colcon_core.package_identification:_identify(wildpose_bringup) by extensions ['colcon_meta']
[0.223s] Level 1:colcon.colcon_core.package_identification:_identify(wildpose_bringup) by extension 'colcon_meta'
[0.223s] Level 1:colcon.colcon_core.package_identification:_identify(wildpose_bringup) by extensions ['ros']
[0.223s] Level 1:colcon.colcon_core.package_identification:_identify(wildpose_bringup) by extension 'ros'
[0.224s] DEBUG:colcon.colcon_core.package_identification:Package 'wildpose_bringup' with type 'ros.ament_cmake' and name 'wildpose_bringup'
[0.224s] Level 1:colcon.colcon_core.package_identification:_identify(wildpose_interfaces) by extensions ['ignore', 'ignore_ament_install']
[0.224s] Level 1:colcon.colcon_core.package_identification:_identify(wildpose_interfaces) by extension 'ignore'
[0.224s] Level 1:colcon.colcon_core.package_identification:_identify(wildpose_interfaces) by extension 'ignore_ament_install'
[0.224s] Level 1:colcon.colcon_core.package_identification:_identify(wildpose_interfaces) by extensions ['colcon_pkg']
[0.224s] Level 1:colcon.colcon_core.package_identification:_identify(wildpose_interfaces) by extension 'colcon_pkg'
[0.224s] Level 1:colcon.colcon_core.package_identification:_identify(wildpose_interfaces) by extensions ['colcon_meta']
[0.224s] Level 1:colcon.colcon_core.package_identification:_identify(wildpose_interfaces) by extension 'colcon_meta'
[0.224s] Level 1:colcon.colcon_core.package_identification:_identify(wildpose_interfaces) by extensions ['ros']
[0.224s] Level 1:colcon.colcon_core.package_identification:_identify(wildpose_interfaces) by extension 'ros'
[0.224s] DEBUG:colcon.colcon_core.package_identification:Package 'wildpose_interfaces' with type 'ros.ament_cmake' and name 'wildpose_interfaces'
[0.224s] Level 1:colcon.colcon_core.package_identification:_identify(ximea_ROS2_driver-main) by extensions ['ignore', 'ignore_ament_install']
[0.224s] Level 1:colcon.colcon_core.package_identification:_identify(ximea_ROS2_driver-main) by extension 'ignore'
[0.224s] Level 1:colcon.colcon_core.package_identification:_identify(ximea_ROS2_driver-main) by extension 'ignore_ament_install'
[0.224s] Level 1:colcon.colcon_core.package_identification:_identify(ximea_ROS2_driver-main) by extensions ['colcon_pkg']
[0.224s] Level 1:colcon.colcon_core.package_identification:_identify(ximea_ROS2_driver-main) by extension 'colcon_pkg'
[0.224s] Level 1:colcon.colcon_core.package_identification:_identify(ximea_ROS2_driver-main) by extensions ['colcon_meta']
[0.224s] Level 1:colcon.colcon_core.package_identification:_identify(ximea_ROS2_driver-main) by extension 'colcon_meta'
[0.224s] Level 1:colcon.colcon_core.package_identification:_identify(ximea_ROS2_driver-main) by extensions ['ros']
[0.225s] Level 1:colcon.colcon_core.package_identification:_identify(ximea_ROS2_driver-main) by extension 'ros'
[0.225s] Level 1:colcon.colcon_core.package_identification:_identify(ximea_ROS2_driver-main) by extensions ['cmake', 'python']
[0.225s] Level 1:colcon.colcon_core.package_identification:_identify(ximea_ROS2_driver-main) by extension 'cmake'
[0.225s] Level 1:colcon.colcon_core.package_identification:_identify(ximea_ROS2_driver-main) by extension 'python'
[0.225s] Level 1:colcon.colcon_core.package_identification:_identify(ximea_ROS2_driver-main) by extensions ['python_setup_py']
[0.225s] Level 1:colcon.colcon_core.package_identification:_identify(ximea_ROS2_driver-main) by extension 'python_setup_py'
[0.225s] Level 1:colcon.colcon_core.package_identification:_identify(ximea_ROS2_driver-main/docs) by extensions ['ignore', 'ignore_ament_install']
[0.225s] Level 1:colcon.colcon_core.package_identification:_identify(ximea_ROS2_driver-main/docs) by extension 'ignore'
[0.225s] Level 1:colcon.colcon_core.package_identification:_identify(ximea_ROS2_driver-main/docs) by extension 'ignore_ament_install'
[0.225s] Level 1:colcon.colcon_core.package_identification:_identify(ximea_ROS2_driver-main/docs) by extensions ['colcon_pkg']
[0.225s] Level 1:colcon.colcon_core.package_identification:_identify(ximea_ROS2_driver-main/docs) by extension 'colcon_pkg'
[0.225s] Level 1:colcon.colcon_core.package_identification:_identify(ximea_ROS2_driver-main/docs) by extensions ['colcon_meta']
[0.225s] Level 1:colcon.colcon_core.package_identification:_identify(ximea_ROS2_driver-main/docs) by extension 'colcon_meta'
[0.225s] Level 1:colcon.colcon_core.package_identification:_identify(ximea_ROS2_driver-main/docs) by extensions ['ros']
[0.225s] Level 1:colcon.colcon_core.package_identification:_identify(ximea_ROS2_driver-main/docs) by extension 'ros'
[0.225s] Level 1:colcon.colcon_core.package_identification:_identify(ximea_ROS2_driver-main/docs) by extensions ['cmake', 'python']
[0.225s] Level 1:colcon.colcon_core.package_identification:_identify(ximea_ROS2_driver-main/docs) by extension 'cmake'
[0.225s] Level 1:colcon.colcon_core.package_identification:_identify(ximea_ROS2_driver-main/docs) by extension 'python'
[0.225s] Level 1:colcon.colcon_core.package_identification:_identify(ximea_ROS2_driver-main/docs) by extensions ['python_setup_py']
[0.225s] Level 1:colcon.colcon_core.package_identification:_identify(ximea_ROS2_driver-main/docs) by extension 'python_setup_py'
[0.225s] Level 1:colcon.colcon_core.package_identification:_identify(ximea_ROS2_driver-main/docs/resources) by extensions ['ignore', 'ignore_ament_install']
[0.225s] Level 1:colcon.colcon_core.package_identification:_identify(ximea_ROS2_driver-main/docs/resources) by extension 'ignore'
[0.225s] Level 1:colcon.colcon_core.package_identification:_identify(ximea_ROS2_driver-main/docs/resources) by extension 'ignore_ament_install'
[0.225s] Level 1:colcon.colcon_core.package_identification:_identify(ximea_ROS2_driver-main/docs/resources) by extensions ['colcon_pkg']
[0.225s] Level 1:colcon.colcon_core.package_identification:_identify(ximea_ROS2_driver-main/docs/resources) by extension 'colcon_pkg'
[0.225s] Level 1:colcon.colcon_core.package_identification:_identify(ximea_ROS2_driver-main/docs/resources) by extensions ['colcon_meta']
[0.225s] Level 1:colcon.colcon_core.package_identification:_identify(ximea_ROS2_driver-main/docs/resources) by extension 'colcon_meta'
[0.225s] Level 1:colcon.colcon_core.package_identification:_identify(ximea_ROS2_driver-main/docs/resources) by extensions ['ros']
[0.225s] Level 1:colcon.colcon_core.package_identification:_identify(ximea_ROS2_driver-main/docs/resources) by extension 'ros'
[0.225s] Level 1:colcon.colcon_core.package_identification:_identify(ximea_ROS2_driver-main/docs/resources) by extensions ['cmake', 'python']
[0.225s] Level 1:colcon.colcon_core.package_identification:_identify(ximea_ROS2_driver-main/docs/resources) by extension 'cmake'
[0.225s] Level 1:colcon.colcon_core.package_identification:_identify(ximea_ROS2_driver-main/docs/resources) by extension 'python'
[0.225s] Level 1:colcon.colcon_core.package_identification:_identify(ximea_ROS2_driver-main/docs/resources) by extensions ['python_setup_py']
[0.225s] Level 1:colcon.colcon_core.package_identification:_identify(ximea_ROS2_driver-main/docs/resources) by extension 'python_setup_py'
[0.225s] Level 1:colcon.colcon_core.package_identification:_identify(ximea_ROS2_driver-main/ximea_ros2_cam) by extensions ['ignore', 'ignore_ament_install']
[0.225s] Level 1:colcon.colcon_core.package_identification:_identify(ximea_ROS2_driver-main/ximea_ros2_cam) by extension 'ignore'
[0.225s] Level 1:colcon.colcon_core.package_identification:_identify(ximea_ROS2_driver-main/ximea_ros2_cam) by extension 'ignore_ament_install'
[0.225s] Level 1:colcon.colcon_core.package_identification:_identify(ximea_ROS2_driver-main/ximea_ros2_cam) by extensions ['colcon_pkg']
[0.225s] Level 1:colcon.colcon_core.package_identification:_identify(ximea_ROS2_driver-main/ximea_ros2_cam) by extension 'colcon_pkg'
[0.226s] Level 1:colcon.colcon_core.package_identification:_identify(ximea_ROS2_driver-main/ximea_ros2_cam) by extensions ['colcon_meta']
[0.226s] Level 1:colcon.colcon_core.package_identification:_identify(ximea_ROS2_driver-main/ximea_ros2_cam) by extension 'colcon_meta'
[0.226s] Level 1:colcon.colcon_core.package_identification:_identify(ximea_ROS2_driver-main/ximea_ros2_cam) by extensions ['ros']
[0.226s] Level 1:colcon.colcon_core.package_identification:_identify(ximea_ROS2_driver-main/ximea_ros2_cam) by extension 'ros'
[0.226s] DEBUG:colcon.colcon_core.package_identification:Package 'ximea_ROS2_driver-main/ximea_ros2_cam' with type 'ros.ament_cmake' and name 'ximea_ros2_cam'
[0.226s] Level 1:colcon.colcon_core.package_discovery:discover_packages(recursive) using defaults
[0.226s] Level 1:colcon.colcon_core.package_discovery:discover_packages(ignore) discover
[0.226s] Level 1:colcon.colcon_core.package_discovery:discover_packages(ignore) using defaults
[0.226s] Level 1:colcon.colcon_core.package_discovery:discover_packages(path) discover
[0.226s] Level 1:colcon.colcon_core.package_discovery:discover_packages(path) using defaults
[0.238s] Level 1:colcon.colcon_core.package_discovery:discover_packages(prefix_path) check parameters
[0.239s] Level 1:colcon.colcon_core.package_discovery:discover_packages(prefix_path) discover
[0.240s] DEBUG:colcon.colcon_installed_package_information.package_discovery:Found 6 installed packages in /home/m2s2/WildPose_v1.2-main/wildpose/install
[0.240s] DEBUG:colcon.colcon_installed_package_information.package_discovery:Found 258 installed packages in /opt/ros/foxy
[0.242s] Level 1:colcon.colcon_core.package_discovery:discover_packages(prefix_path) using defaults
[0.279s] Level 5:colcon.colcon_core.verb:set package 'gamepad_pkg' build argument 'cmake_args' from command line to 'None'
[0.279s] Level 5:colcon.colcon_core.verb:set package 'gamepad_pkg' build argument 'cmake_target' from command line to 'None'
[0.279s] Level 5:colcon.colcon_core.verb:set package 'gamepad_pkg' build argument 'cmake_target_skip_unavailable' from command line to 'False'
[0.279s] Level 5:colcon.colcon_core.verb:set package 'gamepad_pkg' build argument 'cmake_clean_cache' from command line to 'False'
[0.279s] Level 5:colcon.colcon_core.verb:set package 'gamepad_pkg' build argument 'cmake_clean_first' from command line to 'False'
[0.279s] Level 5:colcon.colcon_core.verb:set package 'gamepad_pkg' build argument 'cmake_force_configure' from command line to 'False'
[0.279s] Level 5:colcon.colcon_core.verb:set package 'gamepad_pkg' build argument 'ament_cmake_args' from command line to 'None'
[0.279s] Level 5:colcon.colcon_core.verb:set package 'gamepad_pkg' build argument 'catkin_cmake_args' from command line to 'None'
[0.279s] Level 5:colcon.colcon_core.verb:set package 'gamepad_pkg' build argument 'catkin_skip_building_tests' from command line to 'False'
[0.279s] DEBUG:colcon.colcon_core.verb:Building package 'gamepad_pkg' with the following arguments: {'ament_cmake_args': None, 'build_base': '/home/m2s2/WildPose_v1.2-main/wildpose/src/build/gamepad_pkg', 'catkin_cmake_args': None, 'catkin_skip_building_tests': False, 'cmake_args': None, 'cmake_clean_cache': False, 'cmake_clean_first': False, 'cmake_force_configure': False, 'cmake_target': None, 'cmake_target_skip_unavailable': False, 'install_base': '/home/m2s2/WildPose_v1.2-main/wildpose/src/install/gamepad_pkg', 'merge_install': False, 'path': '/home/m2s2/WildPose_v1.2-main/wildpose/src/gamepad_pkg', 'symlink_install': False, 'test_result_base': None}
[0.279s] Level 5:colcon.colcon_core.verb:set package 'livox_interfaces' build argument 'cmake_args' from command line to 'None'
[0.279s] Level 5:colcon.colcon_core.verb:set package 'livox_interfaces' build argument 'cmake_target' from command line to 'None'
[0.279s] Level 5:colcon.colcon_core.verb:set package 'livox_interfaces' build argument 'cmake_target_skip_unavailable' from command line to 'False'
[0.279s] Level 5:colcon.colcon_core.verb:set package 'livox_interfaces' build argument 'cmake_clean_cache' from command line to 'False'
[0.279s] Level 5:colcon.colcon_core.verb:set package 'livox_interfaces' build argument 'cmake_clean_first' from command line to 'False'
[0.279s] Level 5:colcon.colcon_core.verb:set package 'livox_interfaces' build argument 'cmake_force_configure' from command line to 'False'
[0.279s] Level 5:colcon.colcon_core.verb:set package 'livox_interfaces' build argument 'ament_cmake_args' from command line to 'None'
[0.279s] Level 5:colcon.colcon_core.verb:set package 'livox_interfaces' build argument 'catkin_cmake_args' from command line to 'None'
[0.279s] Level 5:colcon.colcon_core.verb:set package 'livox_interfaces' build argument 'catkin_skip_building_tests' from command line to 'False'
[0.279s] DEBUG:colcon.colcon_core.verb:Building package 'livox_interfaces' with the following arguments: {'ament_cmake_args': None, 'build_base': '/home/m2s2/WildPose_v1.2-main/wildpose/src/build/livox_interfaces', 'catkin_cmake_args': None, 'catkin_skip_building_tests': False, 'cmake_args': None, 'cmake_clean_cache': False, 'cmake_clean_first': False, 'cmake_force_configure': False, 'cmake_target': None, 'cmake_target_skip_unavailable': False, 'install_base': '/home/m2s2/WildPose_v1.2-main/wildpose/src/install/livox_interfaces', 'merge_install': False, 'path': '/home/m2s2/WildPose_v1.2-main/wildpose/src/livox_lidar_ROS2_driver/livox_interfaces', 'symlink_install': False, 'test_result_base': None}
[0.280s] Level 5:colcon.colcon_core.verb:set package 'livox_sdk_vendor' build argument 'cmake_args' from command line to 'None'
[0.280s] Level 5:colcon.colcon_core.verb:set package 'livox_sdk_vendor' build argument 'cmake_target' from command line to 'None'
[0.280s] Level 5:colcon.colcon_core.verb:set package 'livox_sdk_vendor' build argument 'cmake_target_skip_unavailable' from command line to 'False'
[0.280s] Level 5:colcon.colcon_core.verb:set package 'livox_sdk_vendor' build argument 'cmake_clean_cache' from command line to 'False'
[0.280s] Level 5:colcon.colcon_core.verb:set package 'livox_sdk_vendor' build argument 'cmake_clean_first' from command line to 'False'
[0.280s] Level 5:colcon.colcon_core.verb:set package 'livox_sdk_vendor' build argument 'cmake_force_configure' from command line to 'False'
[0.280s] Level 5:colcon.colcon_core.verb:set package 'livox_sdk_vendor' build argument 'ament_cmake_args' from command line to 'None'
[0.280s] Level 5:colcon.colcon_core.verb:set package 'livox_sdk_vendor' build argument 'catkin_cmake_args' from command line to 'None'
[0.280s] Level 5:colcon.colcon_core.verb:set package 'livox_sdk_vendor' build argument 'catkin_skip_building_tests' from command line to 'False'
[0.280s] DEBUG:colcon.colcon_core.verb:Building package 'livox_sdk_vendor' with the following arguments: {'ament_cmake_args': None, 'build_base': '/home/m2s2/WildPose_v1.2-main/wildpose/src/build/livox_sdk_vendor', 'catkin_cmake_args': None, 'catkin_skip_building_tests': False, 'cmake_args': None, 'cmake_clean_cache': False, 'cmake_clean_first': False, 'cmake_force_configure': False, 'cmake_target': None, 'cmake_target_skip_unavailable': False, 'install_base': '/home/m2s2/WildPose_v1.2-main/wildpose/src/install/livox_sdk_vendor', 'merge_install': False, 'path': '/home/m2s2/WildPose_v1.2-main/wildpose/src/livox_lidar_ROS2_driver/livox_sdk_vendor', 'symlink_install': False, 'test_result_base': None}
[0.280s] Level 5:colcon.colcon_core.verb:set package 'wildpose_interfaces' build argument 'cmake_args' from command line to 'None'
[0.280s] Level 5:colcon.colcon_core.verb:set package 'wildpose_interfaces' build argument 'cmake_target' from command line to 'None'
[0.280s] Level 5:colcon.colcon_core.verb:set package 'wildpose_interfaces' build argument 'cmake_target_skip_unavailable' from command line to 'False'
[0.280s] Level 5:colcon.colcon_core.verb:set package 'wildpose_interfaces' build argument 'cmake_clean_cache' from command line to 'False'
[0.280s] Level 5:colcon.colcon_core.verb:set package 'wildpose_interfaces' build argument 'cmake_clean_first' from command line to 'False'
[0.280s] Level 5:colcon.colcon_core.verb:set package 'wildpose_interfaces' build argument 'cmake_force_configure' from command line to 'False'
[0.280s] Level 5:colcon.colcon_core.verb:set package 'wildpose_interfaces' build argument 'ament_cmake_args' from command line to 'None'
[0.280s] Level 5:colcon.colcon_core.verb:set package 'wildpose_interfaces' build argument 'catkin_cmake_args' from command line to 'None'
[0.280s] Level 5:colcon.colcon_core.verb:set package 'wildpose_interfaces' build argument 'catkin_skip_building_tests' from command line to 'False'
[0.280s] DEBUG:colcon.colcon_core.verb:Building package 'wildpose_interfaces' with the following arguments: {'ament_cmake_args': None, 'build_base': '/home/m2s2/WildPose_v1.2-main/wildpose/src/build/wildpose_interfaces', 'catkin_cmake_args': None, 'catkin_skip_building_tests': False, 'cmake_args': None, 'cmake_clean_cache': False, 'cmake_clean_first': False, 'cmake_force_configure': False, 'cmake_target': None, 'cmake_target_skip_unavailable': False, 'install_base': '/home/m2s2/WildPose_v1.2-main/wildpose/src/install/wildpose_interfaces', 'merge_install': False, 'path': '/home/m2s2/WildPose_v1.2-main/wildpose/src/wildpose_interfaces', 'symlink_install': False, 'test_result_base': None}
[0.280s] Level 5:colcon.colcon_core.verb:set package 'ximea_ros2_cam' build argument 'cmake_args' from command line to 'None'
[0.280s] Level 5:colcon.colcon_core.verb:set package 'ximea_ros2_cam' build argument 'cmake_target' from command line to 'None'
[0.280s] Level 5:colcon.colcon_core.verb:set package 'ximea_ros2_cam' build argument 'cmake_target_skip_unavailable' from command line to 'False'
[0.280s] Level 5:colcon.colcon_core.verb:set package 'ximea_ros2_cam' build argument 'cmake_clean_cache' from command line to 'False'
[0.280s] Level 5:colcon.colcon_core.verb:set package 'ximea_ros2_cam' build argument 'cmake_clean_first' from command line to 'False'
[0.280s] Level 5:colcon.colcon_core.verb:set package 'ximea_ros2_cam' build argument 'cmake_force_configure' from command line to 'False'
[0.280s] Level 5:colcon.colcon_core.verb:set package 'ximea_ros2_cam' build argument 'ament_cmake_args' from command line to 'None'
[0.280s] Level 5:colcon.colcon_core.verb:set package 'ximea_ros2_cam' build argument 'catkin_cmake_args' from command line to 'None'
[0.280s] Level 5:colcon.colcon_core.verb:set package 'ximea_ros2_cam' build argument 'catkin_skip_building_tests' from command line to 'False'
[0.280s] DEBUG:colcon.colcon_core.verb:Building package 'ximea_ros2_cam' with the following arguments: {'ament_cmake_args': None, 'build_base': '/home/m2s2/WildPose_v1.2-main/wildpose/src/build/ximea_ros2_cam', 'catkin_cmake_args': None, 'catkin_skip_building_tests': False, 'cmake_args': None, 'cmake_clean_cache': False, 'cmake_clean_first': False, 'cmake_force_configure': False, 'cmake_target': None, 'cmake_target_skip_unavailable': False, 'install_base': '/home/m2s2/WildPose_v1.2-main/wildpose/src/install/ximea_ros2_cam', 'merge_install': False, 'path': '/home/m2s2/WildPose_v1.2-main/wildpose/src/ximea_ROS2_driver-main/ximea_ros2_cam', 'symlink_install': False, 'test_result_base': None}
[0.281s] Level 5:colcon.colcon_core.verb:set package 'dji_rs3_pkg' build argument 'cmake_args' from command line to 'None'
[0.281s] Level 5:colcon.colcon_core.verb:set package 'dji_rs3_pkg' build argument 'cmake_target' from command line to 'None'
[0.281s] Level 5:colcon.colcon_core.verb:set package 'dji_rs3_pkg' build argument 'cmake_target_skip_unavailable' from command line to 'False'
[0.281s] Level 5:colcon.colcon_core.verb:set package 'dji_rs3_pkg' build argument 'cmake_clean_cache' from command line to 'False'
[0.281s] Level 5:colcon.colcon_core.verb:set package 'dji_rs3_pkg' build argument 'cmake_clean_first' from command line to 'False'
[0.281s] Level 5:colcon.colcon_core.verb:set package 'dji_rs3_pkg' build argument 'cmake_force_configure' from command line to 'False'
[0.281s] Level 5:colcon.colcon_core.verb:set package 'dji_rs3_pkg' build argument 'ament_cmake_args' from command line to 'None'
[0.281s] Level 5:colcon.colcon_core.verb:set package 'dji_rs3_pkg' build argument 'catkin_cmake_args' from command line to 'None'
[0.281s] Level 5:colcon.colcon_core.verb:set package 'dji_rs3_pkg' build argument 'catkin_skip_building_tests' from command line to 'False'
[0.281s] DEBUG:colcon.colcon_core.verb:Building package 'dji_rs3_pkg' with the following arguments: {'ament_cmake_args': None, 'build_base': '/home/m2s2/WildPose_v1.2-main/wildpose/src/build/dji_rs3_pkg', 'catkin_cmake_args': None, 'catkin_skip_building_tests': False, 'cmake_args': None, 'cmake_clean_cache': False, 'cmake_clean_first': False, 'cmake_force_configure': False, 'cmake_target': None, 'cmake_target_skip_unavailable': False, 'install_base': '/home/m2s2/WildPose_v1.2-main/wildpose/src/install/dji_rs3_pkg', 'merge_install': False, 'path': '/home/m2s2/WildPose_v1.2-main/wildpose/src/dji_rs3_pkg', 'symlink_install': False, 'test_result_base': None}
[0.281s] Level 5:colcon.colcon_core.verb:set package 'lidar_control_package' build argument 'cmake_args' from command line to 'None'
[0.281s] Level 5:colcon.colcon_core.verb:set package 'lidar_control_package' build argument 'cmake_target' from command line to 'None'
[0.281s] Level 5:colcon.colcon_core.verb:set package 'lidar_control_package' build argument 'cmake_target_skip_unavailable' from command line to 'False'
[0.281s] Level 5:colcon.colcon_core.verb:set package 'lidar_control_package' build argument 'cmake_clean_cache' from command line to 'False'
[0.281s] Level 5:colcon.colcon_core.verb:set package 'lidar_control_package' build argument 'cmake_clean_first' from command line to 'False'
[0.281s] Level 5:colcon.colcon_core.verb:set package 'lidar_control_package' build argument 'cmake_force_configure' from command line to 'False'
[0.281s] Level 5:colcon.colcon_core.verb:set package 'lidar_control_package' build argument 'ament_cmake_args' from command line to 'None'
[0.281s] Level 5:colcon.colcon_core.verb:set package 'lidar_control_package' build argument 'catkin_cmake_args' from command line to 'None'
[0.281s] Level 5:colcon.colcon_core.verb:set package 'lidar_control_package' build argument 'catkin_skip_building_tests' from command line to 'False'
[0.281s] DEBUG:colcon.colcon_core.verb:Building package 'lidar_control_package' with the following arguments: {'ament_cmake_args': None, 'build_base': '/home/m2s2/WildPose_v1.2-main/wildpose/src/build/lidar_control_package', 'catkin_cmake_args': None, 'catkin_skip_building_tests': False, 'cmake_args': None, 'cmake_clean_cache': False, 'cmake_clean_first': False, 'cmake_force_configure': False, 'cmake_target': None, 'cmake_target_skip_unavailable': False, 'install_base': '/home/m2s2/WildPose_v1.2-main/wildpose/src/install/lidar_control_package', 'merge_install': False, 'path': '/home/m2s2/WildPose_v1.2-main/wildpose/src/lidar_control_package', 'symlink_install': False, 'test_result_base': None}
[0.281s] Level 5:colcon.colcon_core.verb:set package 'livox_ros2_driver' build argument 'cmake_args' from command line to 'None'
[0.281s] Level 5:colcon.colcon_core.verb:set package 'livox_ros2_driver' build argument 'cmake_target' from command line to 'None'
[0.281s] Level 5:colcon.colcon_core.verb:set package 'livox_ros2_driver' build argument 'cmake_target_skip_unavailable' from command line to 'False'
[0.281s] Level 5:colcon.colcon_core.verb:set package 'livox_ros2_driver' build argument 'cmake_clean_cache' from command line to 'False'
[0.281s] Level 5:colcon.colcon_core.verb:set package 'livox_ros2_driver' build argument 'cmake_clean_first' from command line to 'False'
[0.281s] Level 5:colcon.colcon_core.verb:set package 'livox_ros2_driver' build argument 'cmake_force_configure' from command line to 'False'
[0.281s] Level 5:colcon.colcon_core.verb:set package 'livox_ros2_driver' build argument 'ament_cmake_args' from command line to 'None'
[0.281s] Level 5:colcon.colcon_core.verb:set package 'livox_ros2_driver' build argument 'catkin_cmake_args' from command line to 'None'
[0.281s] Level 5:colcon.colcon_core.verb:set package 'livox_ros2_driver' build argument 'catkin_skip_building_tests' from command line to 'False'
[0.281s] DEBUG:colcon.colcon_core.verb:Building package 'livox_ros2_driver' with the following arguments: {'ament_cmake_args': None, 'build_base': '/home/m2s2/WildPose_v1.2-main/wildpose/src/build/livox_ros2_driver', 'catkin_cmake_args': None, 'catkin_skip_building_tests': False, 'cmake_args': None, 'cmake_clean_cache': False, 'cmake_clean_first': False, 'cmake_force_configure': False, 'cmake_target': None, 'cmake_target_skip_unavailable': False, 'install_base': '/home/m2s2/WildPose_v1.2-main/wildpose/src/install/livox_ros2_driver', 'merge_install': False, 'path': '/home/m2s2/WildPose_v1.2-main/wildpose/src/livox_lidar_ROS2_driver/livox_ros2_driver', 'symlink_install': False, 'test_result_base': None}
[0.281s] Level 5:colcon.colcon_core.verb:set package 'motor_controller_pkg' build argument 'cmake_args' from command line to 'None'
[0.281s] Level 5:colcon.colcon_core.verb:set package 'motor_controller_pkg' build argument 'cmake_target' from command line to 'None'
[0.281s] Level 5:colcon.colcon_core.verb:set package 'motor_controller_pkg' build argument 'cmake_target_skip_unavailable' from command line to 'False'
[0.282s] Level 5:colcon.colcon_core.verb:set package 'motor_controller_pkg' build argument 'cmake_clean_cache' from command line to 'False'
[0.282s] Level 5:colcon.colcon_core.verb:set package 'motor_controller_pkg' build argument 'cmake_clean_first' from command line to 'False'
[0.282s] Level 5:colcon.colcon_core.verb:set package 'motor_controller_pkg' build argument 'cmake_force_configure' from command line to 'False'
[0.282s] Level 5:colcon.colcon_core.verb:set package 'motor_controller_pkg' build argument 'ament_cmake_args' from command line to 'None'
[0.282s] Level 5:colcon.colcon_core.verb:set package 'motor_controller_pkg' build argument 'catkin_cmake_args' from command line to 'None'
[0.282s] Level 5:colcon.colcon_core.verb:set package 'motor_controller_pkg' build argument 'catkin_skip_building_tests' from command line to 'False'
[0.282s] DEBUG:colcon.colcon_core.verb:Building package 'motor_controller_pkg' with the following arguments: {'ament_cmake_args': None, 'build_base': '/home/m2s2/WildPose_v1.2-main/wildpose/src/build/motor_controller_pkg', 'catkin_cmake_args': None, 'catkin_skip_building_tests': False, 'cmake_args': None, 'cmake_clean_cache': False, 'cmake_clean_first': False, 'cmake_force_configure': False, 'cmake_target': None, 'cmake_target_skip_unavailable': False, 'install_base': '/home/m2s2/WildPose_v1.2-main/wildpose/src/install/motor_controller_pkg', 'merge_install': False, 'path': '/home/m2s2/WildPose_v1.2-main/wildpose/src/motor_controller_pkg', 'symlink_install': False, 'test_result_base': None}
[0.282s] Level 5:colcon.colcon_core.verb:set package 'wildpose_bringup' build argument 'cmake_args' from command line to 'None'
[0.282s] Level 5:colcon.colcon_core.verb:set package 'wildpose_bringup' build argument 'cmake_target' from command line to 'None'
[0.282s] Level 5:colcon.colcon_core.verb:set package 'wildpose_bringup' build argument 'cmake_target_skip_unavailable' from command line to 'False'
[0.282s] Level 5:colcon.colcon_core.verb:set package 'wildpose_bringup' build argument 'cmake_clean_cache' from command line to 'False'
[0.282s] Level 5:colcon.colcon_core.verb:set package 'wildpose_bringup' build argument 'cmake_clean_first' from command line to 'False'
[0.282s] Level 5:colcon.colcon_core.verb:set package 'wildpose_bringup' build argument 'cmake_force_configure' from command line to 'False'
[0.282s] Level 5:colcon.colcon_core.verb:set package 'wildpose_bringup' build argument 'ament_cmake_args' from command line to 'None'
[0.282s] Level 5:colcon.colcon_core.verb:set package 'wildpose_bringup' build argument 'catkin_cmake_args' from command line to 'None'
[0.282s] Level 5:colcon.colcon_core.verb:set package 'wildpose_bringup' build argument 'catkin_skip_building_tests' from command line to 'False'
[0.282s] DEBUG:colcon.colcon_core.verb:Building package 'wildpose_bringup' with the following arguments: {'ament_cmake_args': None, 'build_base': '/home/m2s2/WildPose_v1.2-main/wildpose/src/build/wildpose_bringup', 'catkin_cmake_args': None, 'catkin_skip_building_tests': False, 'cmake_args': None, 'cmake_clean_cache': False, 'cmake_clean_first': False, 'cmake_force_configure': False, 'cmake_target': None, 'cmake_target_skip_unavailable': False, 'install_base': '/home/m2s2/WildPose_v1.2-main/wildpose/src/install/wildpose_bringup', 'merge_install': False, 'path': '/home/m2s2/WildPose_v1.2-main/wildpose/src/wildpose_bringup', 'symlink_install': False, 'test_result_base': None}
[0.282s] INFO:colcon.colcon_core.executor:Executing jobs using 'parallel' executor
[0.283s] DEBUG:colcon.colcon_parallel_executor.executor.parallel:run_until_complete
[0.283s] INFO:colcon.colcon_ros.task.ament_cmake.build:Building ROS package in '/home/m2s2/WildPose_v1.2-main/wildpose/src/wildpose_interfaces' with build type 'ament_cmake'
[0.283s] INFO:colcon.colcon_cmake.task.cmake.build:Building CMake package in '/home/m2s2/WildPose_v1.2-main/wildpose/src/wildpose_interfaces'
[0.284s] INFO:colcon.colcon_core.plugin_system:Skipping extension 'colcon_core.shell.bat': Not used on non-Windows systems
[0.284s] INFO:colcon.colcon_core.shell:Skip shell extension 'powershell' for command environment: Not usable outside of PowerShell
[0.284s] DEBUG:colcon.colcon_core.shell:Skip shell extension 'dsv' for command environment
[0.288s] INFO:colcon.colcon_ros.task.ament_cmake.build:Building ROS package in '/home/m2s2/WildPose_v1.2-main/wildpose/src/livox_lidar_ROS2_driver/livox_interfaces' with build type 'ament_cmake'
[0.288s] INFO:colcon.colcon_cmake.task.cmake.build:Building CMake package in '/home/m2s2/WildPose_v1.2-main/wildpose/src/livox_lidar_ROS2_driver/livox_interfaces'
[0.289s] INFO:colcon.colcon_core.shell:Skip shell extension 'powershell' for command environment: Not usable outside of PowerShell
[0.289s] DEBUG:colcon.colcon_core.shell:Skip shell extension 'dsv' for command environment
[0.292s] INFO:colcon.colcon_ros.task.ament_cmake.build:Building ROS package in '/home/m2s2/WildPose_v1.2-main/wildpose/src/livox_lidar_ROS2_driver/livox_sdk_vendor' with build type 'ament_cmake'
[0.292s] INFO:colcon.colcon_cmake.task.cmake.build:Building CMake package in '/home/m2s2/WildPose_v1.2-main/wildpose/src/livox_lidar_ROS2_driver/livox_sdk_vendor'
[0.293s] INFO:colcon.colcon_core.shell:Skip shell extension 'powershell' for command environment: Not usable outside of PowerShell
[0.293s] DEBUG:colcon.colcon_core.shell:Skip shell extension 'dsv' for command environment
[0.295s] INFO:colcon.colcon_ros.task.ament_cmake.build:Building ROS package in '/home/m2s2/WildPose_v1.2-main/wildpose/src/ximea_ROS2_driver-main/ximea_ros2_cam' with build type 'ament_cmake'
[0.296s] INFO:colcon.colcon_cmake.task.cmake.build:Building CMake package in '/home/m2s2/WildPose_v1.2-main/wildpose/src/ximea_ROS2_driver-main/ximea_ros2_cam'
[0.296s] INFO:colcon.colcon_core.shell:Skip shell extension 'powershell' for command environment: Not usable outside of PowerShell
[0.296s] DEBUG:colcon.colcon_core.shell:Skip shell extension 'dsv' for command environment
[0.299s] INFO:colcon.colcon_ros.task.ament_python.build:Building ROS package in '/home/m2s2/WildPose_v1.2-main/wildpose/src/gamepad_pkg' with build type 'ament_python'
[0.300s] Level 1:colcon.colcon_core.shell:create_environment_hook('gamepad_pkg', 'ament_prefix_path')
[0.300s] INFO:colcon.colcon_core.shell:Creating environment hook '/home/m2s2/WildPose_v1.2-main/wildpose/src/install/gamepad_pkg/share/gamepad_pkg/hook/ament_prefix_path.ps1'
[0.301s] INFO:colcon.colcon_core.shell:Creating environment descriptor '/home/m2s2/WildPose_v1.2-main/wildpose/src/install/gamepad_pkg/share/gamepad_pkg/hook/ament_prefix_path.dsv'
[0.301s] INFO:colcon.colcon_core.shell:Creating environment hook '/home/m2s2/WildPose_v1.2-main/wildpose/src/install/gamepad_pkg/share/gamepad_pkg/hook/ament_prefix_path.sh'
[0.301s] INFO:colcon.colcon_core.shell:Skip shell extension 'powershell' for command environment: Not usable outside of PowerShell
[0.301s] DEBUG:colcon.colcon_core.shell:Skip shell extension 'dsv' for command environment
[0.321s] DEBUG:colcon.colcon_core.event_handler.log_command:Invoking command in '/home/m2s2/WildPose_v1.2-main/wildpose/src/build/wildpose_interfaces': CMAKE_PREFIX_PATH=${CMAKE_PREFIX_PATH}:/home/m2s2/WildPose_v1.2-main/wildpose/install/motor_controller_pkg:/home/m2s2/WildPose_v1.2-main/wildpose/install/dji_rs3_pkg:/home/m2s2/WildPose_v1.2-main/wildpose/install/gamepad_pkg:/opt/ros/foxy /usr/bin/cmake /home/m2s2/WildPose_v1.2-main/wildpose/src/wildpose_interfaces -DCMAKE_INSTALL_PREFIX=/home/m2s2/WildPose_v1.2-main/wildpose/src/install/wildpose_interfaces
[0.325s] DEBUG:colcon.colcon_core.event_handler.log_command:Invoking command in '/home/m2s2/WildPose_v1.2-main/wildpose/src/build/livox_interfaces': CMAKE_PREFIX_PATH=${CMAKE_PREFIX_PATH}:/home/m2s2/WildPose_v1.2-main/wildpose/install/motor_controller_pkg:/home/m2s2/WildPose_v1.2-main/wildpose/install/dji_rs3_pkg:/home/m2s2/WildPose_v1.2-main/wildpose/install/gamepad_pkg:/opt/ros/foxy /usr/bin/cmake /home/m2s2/WildPose_v1.2-main/wildpose/src/livox_lidar_ROS2_driver/livox_interfaces -DCMAKE_INSTALL_PREFIX=/home/m2s2/WildPose_v1.2-main/wildpose/src/install/livox_interfaces
[0.335s] DEBUG:colcon.colcon_core.event_handler.log_command:Invoking command in '/home/m2s2/WildPose_v1.2-main/wildpose/src/build/livox_sdk_vendor': CMAKE_PREFIX_PATH=${CMAKE_PREFIX_PATH}:/home/m2s2/WildPose_v1.2-main/wildpose/install/motor_controller_pkg:/home/m2s2/WildPose_v1.2-main/wildpose/install/dji_rs3_pkg:/home/m2s2/WildPose_v1.2-main/wildpose/install/gamepad_pkg:/opt/ros/foxy /usr/bin/cmake /home/m2s2/WildPose_v1.2-main/wildpose/src/livox_lidar_ROS2_driver/livox_sdk_vendor -DCMAKE_INSTALL_PREFIX=/home/m2s2/WildPose_v1.2-main/wildpose/src/install/livox_sdk_vendor
[0.340s] DEBUG:colcon.colcon_core.event_handler.log_command:Invoking command in '/home/m2s2/WildPose_v1.2-main/wildpose/src/build/ximea_ros2_cam': CMAKE_PREFIX_PATH=${CMAKE_PREFIX_PATH}:/home/m2s2/WildPose_v1.2-main/wildpose/install/motor_controller_pkg:/home/m2s2/WildPose_v1.2-main/wildpose/install/dji_rs3_pkg:/home/m2s2/WildPose_v1.2-main/wildpose/install/gamepad_pkg:/opt/ros/foxy /usr/bin/cmake /home/m2s2/WildPose_v1.2-main/wildpose/src/ximea_ROS2_driver-main/ximea_ros2_cam -DCMAKE_INSTALL_PREFIX=/home/m2s2/WildPose_v1.2-main/wildpose/src/install/ximea_ros2_cam
[0.489s] INFO:colcon.colcon_core.task.python.build:Building Python package in '/home/m2s2/WildPose_v1.2-main/wildpose/src/gamepad_pkg'
[0.489s] INFO:colcon.colcon_core.shell:Skip shell extension 'powershell' for command environment: Not usable outside of PowerShell
[0.489s] DEBUG:colcon.colcon_core.shell:Skip shell extension 'dsv' for command environment
[0.773s] DEBUG:colcon.colcon_core.event_handler.log_command:Invoking command in '/home/m2s2/WildPose_v1.2-main/wildpose/src/gamepad_pkg': PYTHONPATH=/home/m2s2/WildPose_v1.2-main/wildpose/src/build/gamepad_pkg/prefix_override:/home/m2s2/WildPose_v1.2-main/wildpose/src/install/gamepad_pkg/lib/python3.8/site-packages:${PYTHONPATH} /usr/bin/python3 -W ignore:setup.py install is deprecated setup.py egg_info --egg-base ../build/gamepad_pkg build --build-base /home/m2s2/WildPose_v1.2-main/wildpose/src/build/gamepad_pkg/build install --record /home/m2s2/WildPose_v1.2-main/wildpose/src/build/gamepad_pkg/install.log --install-scripts $base/lib/gamepad_pkg --single-version-externally-managed install_data
[0.793s] DEBUG:colcon.colcon_core.event_handler.log_command:Invoked command in '/home/m2s2/WildPose_v1.2-main/wildpose/src/build/livox_sdk_vendor' returned '0': CMAKE_PREFIX_PATH=${CMAKE_PREFIX_PATH}:/home/m2s2/WildPose_v1.2-main/wildpose/install/motor_controller_pkg:/home/m2s2/WildPose_v1.2-main/wildpose/install/dji_rs3_pkg:/home/m2s2/WildPose_v1.2-main/wildpose/install/gamepad_pkg:/opt/ros/foxy /usr/bin/cmake /home/m2s2/WildPose_v1.2-main/wildpose/src/livox_lidar_ROS2_driver/livox_sdk_vendor -DCMAKE_INSTALL_PREFIX=/home/m2s2/WildPose_v1.2-main/wildpose/src/install/livox_sdk_vendor
[0.796s] DEBUG:colcon.colcon_core.event_handler.log_command:Invoking command in '/home/m2s2/WildPose_v1.2-main/wildpose/src/build/livox_sdk_vendor': CMAKE_PREFIX_PATH=${CMAKE_PREFIX_PATH}:/home/m2s2/WildPose_v1.2-main/wildpose/install/motor_controller_pkg:/home/m2s2/WildPose_v1.2-main/wildpose/install/dji_rs3_pkg:/home/m2s2/WildPose_v1.2-main/wildpose/install/gamepad_pkg:/opt/ros/foxy /usr/bin/cmake --build /home/m2s2/WildPose_v1.2-main/wildpose/src/build/livox_sdk_vendor -- -j16 -l16
[0.823s] DEBUG:colcon.colcon_core.event_handler.log_command:Invoked command in '/home/m2s2/WildPose_v1.2-main/wildpose/src/build/livox_sdk_vendor' returned '0': CMAKE_PREFIX_PATH=${CMAKE_PREFIX_PATH}:/home/m2s2/WildPose_v1.2-main/wildpose/install/motor_controller_pkg:/home/m2s2/WildPose_v1.2-main/wildpose/install/dji_rs3_pkg:/home/m2s2/WildPose_v1.2-main/wildpose/install/gamepad_pkg:/opt/ros/foxy /usr/bin/cmake --build /home/m2s2/WildPose_v1.2-main/wildpose/src/build/livox_sdk_vendor -- -j16 -l16
[0.847s] DEBUG:colcon.colcon_core.event_handler.log_command:Invoking command in '/home/m2s2/WildPose_v1.2-main/wildpose/src/build/livox_sdk_vendor': CMAKE_PREFIX_PATH=${CMAKE_PREFIX_PATH}:/home/m2s2/WildPose_v1.2-main/wildpose/install/motor_controller_pkg:/home/m2s2/WildPose_v1.2-main/wildpose/install/dji_rs3_pkg:/home/m2s2/WildPose_v1.2-main/wildpose/install/gamepad_pkg:/opt/ros/foxy /usr/bin/cmake --install /home/m2s2/WildPose_v1.2-main/wildpose/src/build/livox_sdk_vendor
[0.855s] Level 1:colcon.colcon_core.environment:create_environment_scripts_only(livox_sdk_vendor)
[0.855s] DEBUG:colcon.colcon_core.event_handler.log_command:Invoked command in '/home/m2s2/WildPose_v1.2-main/wildpose/src/build/livox_sdk_vendor' returned '0': CMAKE_PREFIX_PATH=${CMAKE_PREFIX_PATH}:/home/m2s2/WildPose_v1.2-main/wildpose/install/motor_controller_pkg:/home/m2s2/WildPose_v1.2-main/wildpose/install/dji_rs3_pkg:/home/m2s2/WildPose_v1.2-main/wildpose/install/gamepad_pkg:/opt/ros/foxy /usr/bin/cmake --install /home/m2s2/WildPose_v1.2-main/wildpose/src/build/livox_sdk_vendor
[0.858s] Level 1:colcon.colcon_core.environment:checking '/home/m2s2/WildPose_v1.2-main/wildpose/src/install/livox_sdk_vendor' for CMake module files
[0.859s] Level 1:colcon.colcon_core.environment:checking '/home/m2s2/WildPose_v1.2-main/wildpose/src/install/livox_sdk_vendor' for CMake config files
[0.859s] Level 1:colcon.colcon_core.shell:create_environment_hook('livox_sdk_vendor', 'cmake_prefix_path')
[0.859s] INFO:colcon.colcon_core.shell:Creating environment hook '/home/m2s2/WildPose_v1.2-main/wildpose/src/install/livox_sdk_vendor/share/livox_sdk_vendor/hook/cmake_prefix_path.ps1'
[0.860s] INFO:colcon.colcon_core.shell:Creating environment descriptor '/home/m2s2/WildPose_v1.2-main/wildpose/src/install/livox_sdk_vendor/share/livox_sdk_vendor/hook/cmake_prefix_path.dsv'
[0.860s] INFO:colcon.colcon_core.shell:Creating environment hook '/home/m2s2/WildPose_v1.2-main/wildpose/src/install/livox_sdk_vendor/share/livox_sdk_vendor/hook/cmake_prefix_path.sh'
[0.861s] Level 1:colcon.colcon_core.environment:checking '/home/m2s2/WildPose_v1.2-main/wildpose/src/install/livox_sdk_vendor/bin'
[0.861s] Level 1:colcon.colcon_core.environment:checking '/home/m2s2/WildPose_v1.2-main/wildpose/src/install/livox_sdk_vendor/lib/pkgconfig/livox_sdk_vendor.pc'
[0.861s] Level 1:colcon.colcon_core.environment:checking '/home/m2s2/WildPose_v1.2-main/wildpose/src/install/livox_sdk_vendor/lib/python3.8/site-packages'
[0.862s] Level 1:colcon.colcon_core.environment:checking '/home/m2s2/WildPose_v1.2-main/wildpose/src/install/livox_sdk_vendor/bin'
[0.862s] INFO:colcon.colcon_core.shell:Creating package script '/home/m2s2/WildPose_v1.2-main/wildpose/src/install/livox_sdk_vendor/share/livox_sdk_vendor/package.ps1'
[0.863s] INFO:colcon.colcon_core.shell:Creating package descriptor '/home/m2s2/WildPose_v1.2-main/wildpose/src/install/livox_sdk_vendor/share/livox_sdk_vendor/package.dsv'
[0.863s] INFO:colcon.colcon_core.shell:Creating package script '/home/m2s2/WildPose_v1.2-main/wildpose/src/install/livox_sdk_vendor/share/livox_sdk_vendor/package.sh'
[0.863s] INFO:colcon.colcon_core.shell:Creating package script '/home/m2s2/WildPose_v1.2-main/wildpose/src/install/livox_sdk_vendor/share/livox_sdk_vendor/package.bash'
[0.864s] INFO:colcon.colcon_core.shell:Creating package script '/home/m2s2/WildPose_v1.2-main/wildpose/src/install/livox_sdk_vendor/share/livox_sdk_vendor/package.zsh'
[0.864s] Level 1:colcon.colcon_core.environment:create_file_with_runtime_dependencies(/home/m2s2/WildPose_v1.2-main/wildpose/src/install/livox_sdk_vendor/share/colcon-core/packages/livox_sdk_vendor)
[0.878s] Level 1:colcon.colcon_core.environment:create_environment_scripts_only(livox_sdk_vendor)
[0.878s] Level 1:colcon.colcon_core.environment:checking '/home/m2s2/WildPose_v1.2-main/wildpose/src/install/livox_sdk_vendor' for CMake module files
[0.879s] Level 1:colcon.colcon_core.environment:checking '/home/m2s2/WildPose_v1.2-main/wildpose/src/install/livox_sdk_vendor' for CMake config files
[0.879s] Level 1:colcon.colcon_core.shell:create_environment_hook('livox_sdk_vendor', 'cmake_prefix_path')
[0.879s] INFO:colcon.colcon_core.shell:Creating environment hook '/home/m2s2/WildPose_v1.2-main/wildpose/src/install/livox_sdk_vendor/share/livox_sdk_vendor/hook/cmake_prefix_path.ps1'
[0.879s] INFO:colcon.colcon_core.shell:Creating environment descriptor '/home/m2s2/WildPose_v1.2-main/wildpose/src/install/livox_sdk_vendor/share/livox_sdk_vendor/hook/cmake_prefix_path.dsv'
[0.880s] INFO:colcon.colcon_core.shell:Creating environment hook '/home/m2s2/WildPose_v1.2-main/wildpose/src/install/livox_sdk_vendor/share/livox_sdk_vendor/hook/cmake_prefix_path.sh'
[0.880s] Level 1:colcon.colcon_core.environment:checking '/home/m2s2/WildPose_v1.2-main/wildpose/src/install/livox_sdk_vendor/bin'
[0.880s] Level 1:colcon.colcon_core.environment:checking '/home/m2s2/WildPose_v1.2-main/wildpose/src/install/livox_sdk_vendor/lib/pkgconfig/livox_sdk_vendor.pc'
[0.880s] Level 1:colcon.colcon_core.environment:checking '/home/m2s2/WildPose_v1.2-main/wildpose/src/install/livox_sdk_vendor/lib/python3.8/site-packages'
[0.880s] Level 1:colcon.colcon_core.environment:checking '/home/m2s2/WildPose_v1.2-main/wildpose/src/install/livox_sdk_vendor/bin'
[0.880s] INFO:colcon.colcon_core.shell:Creating package script '/home/m2s2/WildPose_v1.2-main/wildpose/src/install/livox_sdk_vendor/share/livox_sdk_vendor/package.ps1'
[0.881s] INFO:colcon.colcon_core.shell:Creating package descriptor '/home/m2s2/WildPose_v1.2-main/wildpose/src/install/livox_sdk_vendor/share/livox_sdk_vendor/package.dsv'
[0.881s] INFO:colcon.colcon_core.shell:Creating package script '/home/m2s2/WildPose_v1.2-main/wildpose/src/install/livox_sdk_vendor/share/livox_sdk_vendor/package.sh'
[0.881s] INFO:colcon.colcon_core.shell:Creating package script '/home/m2s2/WildPose_v1.2-main/wildpose/src/install/livox_sdk_vendor/share/livox_sdk_vendor/package.bash'
[0.881s] INFO:colcon.colcon_core.shell:Creating package script '/home/m2s2/WildPose_v1.2-main/wildpose/src/install/livox_sdk_vendor/share/livox_sdk_vendor/package.zsh'
[0.881s] Level 1:colcon.colcon_core.environment:create_file_with_runtime_dependencies(/home/m2s2/WildPose_v1.2-main/wildpose/src/install/livox_sdk_vendor/share/colcon-core/packages/livox_sdk_vendor)
[0.965s] Level 1:colcon.colcon_core.environment:checking '/home/m2s2/WildPose_v1.2-main/wildpose/src/install/gamepad_pkg' for CMake module files
[0.965s] DEBUG:colcon.colcon_core.event_handler.log_command:Invoked command in '/home/m2s2/WildPose_v1.2-main/wildpose/src/gamepad_pkg' returned '0': PYTHONPATH=/home/m2s2/WildPose_v1.2-main/wildpose/src/build/gamepad_pkg/prefix_override:/home/m2s2/WildPose_v1.2-main/wildpose/src/install/gamepad_pkg/lib/python3.8/site-packages:${PYTHONPATH} /usr/bin/python3 -W ignore:setup.py install is deprecated setup.py egg_info --egg-base ../build/gamepad_pkg build --build-base /home/m2s2/WildPose_v1.2-main/wildpose/src/build/gamepad_pkg/build install --record /home/m2s2/WildPose_v1.2-main/wildpose/src/build/gamepad_pkg/install.log --install-scripts $base/lib/gamepad_pkg --single-version-externally-managed install_data
[0.966s] Level 1:colcon.colcon_core.environment:checking '/home/m2s2/WildPose_v1.2-main/wildpose/src/install/gamepad_pkg' for CMake config files
[0.966s] Level 1:colcon.colcon_core.environment:checking '/home/m2s2/WildPose_v1.2-main/wildpose/src/install/gamepad_pkg/lib'
[0.966s] Level 1:colcon.colcon_core.environment:checking '/home/m2s2/WildPose_v1.2-main/wildpose/src/install/gamepad_pkg/bin'
[0.966s] Level 1:colcon.colcon_core.environment:checking '/home/m2s2/WildPose_v1.2-main/wildpose/src/install/gamepad_pkg/lib/pkgconfig/gamepad_pkg.pc'
[0.966s] Level 1:colcon.colcon_core.environment:checking '/home/m2s2/WildPose_v1.2-main/wildpose/src/install/gamepad_pkg/lib/python3.8/site-packages'
[0.966s] Level 1:colcon.colcon_core.shell:create_environment_hook('gamepad_pkg', 'pythonpath')
[0.967s] INFO:colcon.colcon_core.shell:Creating environment hook '/home/m2s2/WildPose_v1.2-main/wildpose/src/install/gamepad_pkg/share/gamepad_pkg/hook/pythonpath.ps1'
[0.967s] INFO:colcon.colcon_core.shell:Creating environment descriptor '/home/m2s2/WildPose_v1.2-main/wildpose/src/install/gamepad_pkg/share/gamepad_pkg/hook/pythonpath.dsv'
[0.967s] INFO:colcon.colcon_core.shell:Creating environment hook '/home/m2s2/WildPose_v1.2-main/wildpose/src/install/gamepad_pkg/share/gamepad_pkg/hook/pythonpath.sh'
[0.967s] Level 1:colcon.colcon_core.environment:checking '/home/m2s2/WildPose_v1.2-main/wildpose/src/install/gamepad_pkg/bin'
[0.967s] Level 1:colcon.colcon_core.environment:create_environment_scripts_only(gamepad_pkg)
[0.968s] INFO:colcon.colcon_core.shell:Creating package script '/home/m2s2/WildPose_v1.2-main/wildpose/src/install/gamepad_pkg/share/gamepad_pkg/package.ps1'
[0.968s] INFO:colcon.colcon_core.shell:Creating package descriptor '/home/m2s2/WildPose_v1.2-main/wildpose/src/install/gamepad_pkg/share/gamepad_pkg/package.dsv'
[0.968s] INFO:colcon.colcon_core.shell:Creating package script '/home/m2s2/WildPose_v1.2-main/wildpose/src/install/gamepad_pkg/share/gamepad_pkg/package.sh'
[0.968s] INFO:colcon.colcon_core.shell:Creating package script '/home/m2s2/WildPose_v1.2-main/wildpose/src/install/gamepad_pkg/share/gamepad_pkg/package.bash'
[0.968s] INFO:colcon.colcon_core.shell:Creating package script '/home/m2s2/WildPose_v1.2-main/wildpose/src/install/gamepad_pkg/share/gamepad_pkg/package.zsh'
[0.969s] Level 1:colcon.colcon_core.environment:create_file_with_runtime_dependencies(/home/m2s2/WildPose_v1.2-main/wildpose/src/install/gamepad_pkg/share/colcon-core/packages/gamepad_pkg)
[1.282s] DEBUG:colcon.colcon_core.event_handler.log_command:Invoked command in '/home/m2s2/WildPose_v1.2-main/wildpose/src/build/ximea_ros2_cam' returned '1': CMAKE_PREFIX_PATH=${CMAKE_PREFIX_PATH}:/home/m2s2/WildPose_v1.2-main/wildpose/install/motor_controller_pkg:/home/m2s2/WildPose_v1.2-main/wildpose/install/dji_rs3_pkg:/home/m2s2/WildPose_v1.2-main/wildpose/install/gamepad_pkg:/opt/ros/foxy /usr/bin/cmake /home/m2s2/WildPose_v1.2-main/wildpose/src/ximea_ROS2_driver-main/ximea_ros2_cam -DCMAKE_INSTALL_PREFIX=/home/m2s2/WildPose_v1.2-main/wildpose/src/install/ximea_ros2_cam
[1.290s] Level 1:colcon.colcon_core.environment:create_environment_scripts_only(ximea_ros2_cam)
[1.290s] Level 1:colcon.colcon_core.environment:checking '/home/m2s2/WildPose_v1.2-main/wildpose/src/install/ximea_ros2_cam' for CMake module files
[1.290s] Level 1:colcon.colcon_core.environment:checking '/home/m2s2/WildPose_v1.2-main/wildpose/src/install/ximea_ros2_cam' for CMake config files
[1.291s] Level 1:colcon.colcon_core.environment:checking '/home/m2s2/WildPose_v1.2-main/wildpose/src/install/ximea_ros2_cam/bin'
[1.291s] Level 1:colcon.colcon_core.environment:checking '/home/m2s2/WildPose_v1.2-main/wildpose/src/install/ximea_ros2_cam/lib/pkgconfig/ximea_ros2_cam.pc'
[1.291s] Level 1:colcon.colcon_core.environment:checking '/home/m2s2/WildPose_v1.2-main/wildpose/src/install/ximea_ros2_cam/lib/python3.8/site-packages'
[1.291s] Level 1:colcon.colcon_core.environment:checking '/home/m2s2/WildPose_v1.2-main/wildpose/src/install/ximea_ros2_cam/bin'
[1.291s] INFO:colcon.colcon_core.shell:Creating package script '/home/m2s2/WildPose_v1.2-main/wildpose/src/install/ximea_ros2_cam/share/ximea_ros2_cam/package.ps1'
[1.292s] INFO:colcon.colcon_core.shell:Creating package descriptor '/home/m2s2/WildPose_v1.2-main/wildpose/src/install/ximea_ros2_cam/share/ximea_ros2_cam/package.dsv'
[1.292s] INFO:colcon.colcon_core.shell:Creating package script '/home/m2s2/WildPose_v1.2-main/wildpose/src/install/ximea_ros2_cam/share/ximea_ros2_cam/package.sh'
[1.292s] INFO:colcon.colcon_core.shell:Creating package script '/home/m2s2/WildPose_v1.2-main/wildpose/src/install/ximea_ros2_cam/share/ximea_ros2_cam/package.bash'
[1.293s] INFO:colcon.colcon_core.shell:Creating package script '/home/m2s2/WildPose_v1.2-main/wildpose/src/install/ximea_ros2_cam/share/ximea_ros2_cam/package.zsh'
[1.293s] Level 1:colcon.colcon_core.environment:create_file_with_runtime_dependencies(/home/m2s2/WildPose_v1.2-main/wildpose/src/install/ximea_ros2_cam/share/colcon-core/packages/ximea_ros2_cam)
[1.414s] DEBUG:colcon.colcon_parallel_executor.executor.parallel:closing loop
[1.414s] DEBUG:colcon.colcon_parallel_executor.executor.parallel:loop closed
[1.414s] DEBUG:colcon.colcon_parallel_executor.executor.parallel:run_until_complete finished with '1'
[1.414s] DEBUG:colcon.colcon_core.event_reactor:joining thread
[1.423s] INFO:colcon.colcon_core.plugin_system:Skipping extension 'colcon_notification.desktop_notification.terminal_notifier': Not used on non-Darwin systems
[1.423s] INFO:colcon.colcon_core.plugin_system:Skipping extension 'colcon_notification.desktop_notification.win32': Not used on non-Windows systems
[1.423s] INFO:colcon.colcon_notification.desktop_notification:Sending desktop notification using 'notify2'
[1.452s] DEBUG:colcon.colcon_core.event_reactor:joined thread
[1.453s] INFO:colcon.colcon_core.shell:Creating prefix script '/home/m2s2/WildPose_v1.2-main/wildpose/src/install/local_setup.ps1'
[1.454s] INFO:colcon.colcon_core.shell:Creating prefix util module '/home/m2s2/WildPose_v1.2-main/wildpose/src/install/_local_setup_util_ps1.py'
[1.455s] INFO:colcon.colcon_core.shell:Creating prefix chain script '/home/m2s2/WildPose_v1.2-main/wildpose/src/install/setup.ps1'
[1.457s] INFO:colcon.colcon_core.shell:Creating prefix script '/home/m2s2/WildPose_v1.2-main/wildpose/src/install/local_setup.sh'
[1.457s] INFO:colcon.colcon_core.shell:Creating prefix util module '/home/m2s2/WildPose_v1.2-main/wildpose/src/install/_local_setup_util_sh.py'
[1.458s] INFO:colcon.colcon_core.shell:Creating prefix chain script '/home/m2s2/WildPose_v1.2-main/wildpose/src/install/setup.sh'
[1.459s] INFO:colcon.colcon_core.shell:Creating prefix script '/home/m2s2/WildPose_v1.2-main/wildpose/src/install/local_setup.bash'
[1.460s] INFO:colcon.colcon_core.shell:Creating prefix chain script '/home/m2s2/WildPose_v1.2-main/wildpose/src/install/setup.bash'
[1.461s] INFO:colcon.colcon_core.shell:Creating prefix script '/home/m2s2/WildPose_v1.2-main/wildpose/src/install/local_setup.zsh'
[1.461s] INFO:colcon.colcon_core.shell:Creating prefix chain script '/home/m2s2/WildPose_v1.2-main/wildpose/src/install/setup.zsh'
