running egg_info
creating ../../build/dji_rs3_pkg/dji_rs3_pkg.egg-info
writing ../../build/dji_rs3_pkg/dji_rs3_pkg.egg-info/PKG-INFO
writing dependency_links to ../../build/dji_rs3_pkg/dji_rs3_pkg.egg-info/dependency_links.txt
writing entry points to ../../build/dji_rs3_pkg/dji_rs3_pkg.egg-info/entry_points.txt
writing requirements to ../../build/dji_rs3_pkg/dji_rs3_pkg.egg-info/requires.txt
writing top-level names to ../../build/dji_rs3_pkg/dji_rs3_pkg.egg-info/top_level.txt
writing manifest file '../../build/dji_rs3_pkg/dji_rs3_pkg.egg-info/SOURCES.txt'
reading manifest file '../../build/dji_rs3_pkg/dji_rs3_pkg.egg-info/SOURCES.txt'
writing manifest file '../../build/dji_rs3_pkg/dji_rs3_pkg.egg-info/SOURCES.txt'
running build
running build_py
creating /home/m2s2/WildPose_v1.2-main/wildpose/build/dji_rs3_pkg/build
creating /home/m2s2/WildPose_v1.2-main/wildpose/build/dji_rs3_pkg/build/lib
creating /home/m2s2/WildPose_v1.2-main/wildpose/build/dji_rs3_pkg/build/lib/dji_rs3_pkg
copying dji_rs3_pkg/__init__.py -> /home/m2s2/WildPose_v1.2-main/wildpose/build/dji_rs3_pkg/build/lib/dji_rs3_pkg
copying dji_rs3_pkg/dji_rs3_node.py -> /home/m2s2/WildPose_v1.2-main/wildpose/build/dji_rs3_pkg/build/lib/dji_rs3_pkg
creating /home/m2s2/WildPose_v1.2-main/wildpose/build/dji_rs3_pkg/build/lib/dji_rs3_pkg/protocol
copying dji_rs3_pkg/protocol/__init__.py -> /home/m2s2/WildPose_v1.2-main/wildpose/build/dji_rs3_pkg/build/lib/dji_rs3_pkg/protocol
creating /home/m2s2/WildPose_v1.2-main/wildpose/build/dji_rs3_pkg/build/lib/dji_rs3_pkg/protocol/connection
copying dji_rs3_pkg/protocol/connection/__init__.py -> /home/m2s2/WildPose_v1.2-main/wildpose/build/dji_rs3_pkg/build/lib/dji_rs3_pkg/protocol/connection
copying dji_rs3_pkg/protocol/connection/CANConnection.py -> /home/m2s2/WildPose_v1.2-main/wildpose/build/dji_rs3_pkg/build/lib/dji_rs3_pkg/protocol/connection
creating /home/m2s2/WildPose_v1.2-main/wildpose/build/dji_rs3_pkg/build/lib/dji_rs3_pkg/protocol/sdk
copying dji_rs3_pkg/protocol/sdk/__init__.py -> /home/m2s2/WildPose_v1.2-main/wildpose/build/dji_rs3_pkg/build/lib/dji_rs3_pkg/protocol/sdk
copying dji_rs3_pkg/protocol/sdk/SDKCRC.py -> /home/m2s2/WildPose_v1.2-main/wildpose/build/dji_rs3_pkg/build/lib/dji_rs3_pkg/protocol/sdk
copying dji_rs3_pkg/protocol/sdk/SDKHandle.py -> /home/m2s2/WildPose_v1.2-main/wildpose/build/dji_rs3_pkg/build/lib/dji_rs3_pkg/protocol/sdk
copying dji_rs3_pkg/protocol/sdk/CmdCombine.py -> /home/m2s2/WildPose_v1.2-main/wildpose/build/dji_rs3_pkg/build/lib/dji_rs3_pkg/protocol/sdk
copying dji_rs3_pkg/protocol/sdk/CmdHandler.py -> /home/m2s2/WildPose_v1.2-main/wildpose/build/dji_rs3_pkg/build/lib/dji_rs3_pkg/protocol/sdk
running install
running install_lib
creating /home/m2s2/WildPose_v1.2-main/wildpose/install/dji_rs3_pkg/lib/python3.8/site-packages/dji_rs3_pkg
copying /home/m2s2/WildPose_v1.2-main/wildpose/build/dji_rs3_pkg/build/lib/dji_rs3_pkg/__init__.py -> /home/m2s2/WildPose_v1.2-main/wildpose/install/dji_rs3_pkg/lib/python3.8/site-packages/dji_rs3_pkg
creating /home/m2s2/WildPose_v1.2-main/wildpose/install/dji_rs3_pkg/lib/python3.8/site-packages/dji_rs3_pkg/protocol
copying /home/m2s2/WildPose_v1.2-main/wildpose/build/dji_rs3_pkg/build/lib/dji_rs3_pkg/protocol/__init__.py -> /home/m2s2/WildPose_v1.2-main/wildpose/install/dji_rs3_pkg/lib/python3.8/site-packages/dji_rs3_pkg/protocol
creating /home/m2s2/WildPose_v1.2-main/wildpose/install/dji_rs3_pkg/lib/python3.8/site-packages/dji_rs3_pkg/protocol/connection
copying /home/m2s2/WildPose_v1.2-main/wildpose/build/dji_rs3_pkg/build/lib/dji_rs3_pkg/protocol/connection/__init__.py -> /home/m2s2/WildPose_v1.2-main/wildpose/install/dji_rs3_pkg/lib/python3.8/site-packages/dji_rs3_pkg/protocol/connection
copying /home/m2s2/WildPose_v1.2-main/wildpose/build/dji_rs3_pkg/build/lib/dji_rs3_pkg/protocol/connection/CANConnection.py -> /home/m2s2/WildPose_v1.2-main/wildpose/install/dji_rs3_pkg/lib/python3.8/site-packages/dji_rs3_pkg/protocol/connection
creating /home/m2s2/WildPose_v1.2-main/wildpose/install/dji_rs3_pkg/lib/python3.8/site-packages/dji_rs3_pkg/protocol/sdk
copying /home/m2s2/WildPose_v1.2-main/wildpose/build/dji_rs3_pkg/build/lib/dji_rs3_pkg/protocol/sdk/__init__.py -> /home/m2s2/WildPose_v1.2-main/wildpose/install/dji_rs3_pkg/lib/python3.8/site-packages/dji_rs3_pkg/protocol/sdk
copying /home/m2s2/WildPose_v1.2-main/wildpose/build/dji_rs3_pkg/build/lib/dji_rs3_pkg/protocol/sdk/SDKCRC.py -> /home/m2s2/WildPose_v1.2-main/wildpose/install/dji_rs3_pkg/lib/python3.8/site-packages/dji_rs3_pkg/protocol/sdk
copying /home/m2s2/WildPose_v1.2-main/wildpose/build/dji_rs3_pkg/build/lib/dji_rs3_pkg/protocol/sdk/SDKHandle.py -> /home/m2s2/WildPose_v1.2-main/wildpose/install/dji_rs3_pkg/lib/python3.8/site-packages/dji_rs3_pkg/protocol/sdk
copying /home/m2s2/WildPose_v1.2-main/wildpose/build/dji_rs3_pkg/build/lib/dji_rs3_pkg/protocol/sdk/CmdCombine.py -> /home/m2s2/WildPose_v1.2-main/wildpose/install/dji_rs3_pkg/lib/python3.8/site-packages/dji_rs3_pkg/protocol/sdk
copying /home/m2s2/WildPose_v1.2-main/wildpose/build/dji_rs3_pkg/build/lib/dji_rs3_pkg/protocol/sdk/CmdHandler.py -> /home/m2s2/WildPose_v1.2-main/wildpose/install/dji_rs3_pkg/lib/python3.8/site-packages/dji_rs3_pkg/protocol/sdk
copying /home/m2s2/WildPose_v1.2-main/wildpose/build/dji_rs3_pkg/build/lib/dji_rs3_pkg/dji_rs3_node.py -> /home/m2s2/WildPose_v1.2-main/wildpose/install/dji_rs3_pkg/lib/python3.8/site-packages/dji_rs3_pkg
byte-compiling /home/m2s2/WildPose_v1.2-main/wildpose/install/dji_rs3_pkg/lib/python3.8/site-packages/dji_rs3_pkg/__init__.py to __init__.cpython-38.pyc
byte-compiling /home/m2s2/WildPose_v1.2-main/wildpose/install/dji_rs3_pkg/lib/python3.8/site-packages/dji_rs3_pkg/protocol/__init__.py to __init__.cpython-38.pyc
byte-compiling /home/m2s2/WildPose_v1.2-main/wildpose/install/dji_rs3_pkg/lib/python3.8/site-packages/dji_rs3_pkg/protocol/connection/__init__.py to __init__.cpython-38.pyc
byte-compiling /home/m2s2/WildPose_v1.2-main/wildpose/install/dji_rs3_pkg/lib/python3.8/site-packages/dji_rs3_pkg/protocol/connection/CANConnection.py to CANConnection.cpython-38.pyc
byte-compiling /home/m2s2/WildPose_v1.2-main/wildpose/install/dji_rs3_pkg/lib/python3.8/site-packages/dji_rs3_pkg/protocol/sdk/__init__.py to __init__.cpython-38.pyc
byte-compiling /home/m2s2/WildPose_v1.2-main/wildpose/install/dji_rs3_pkg/lib/python3.8/site-packages/dji_rs3_pkg/protocol/sdk/SDKCRC.py to SDKCRC.cpython-38.pyc
byte-compiling /home/m2s2/WildPose_v1.2-main/wildpose/install/dji_rs3_pkg/lib/python3.8/site-packages/dji_rs3_pkg/protocol/sdk/SDKHandle.py to SDKHandle.cpython-38.pyc
byte-compiling /home/m2s2/WildPose_v1.2-main/wildpose/install/dji_rs3_pkg/lib/python3.8/site-packages/dji_rs3_pkg/protocol/sdk/CmdCombine.py to CmdCombine.cpython-38.pyc
byte-compiling /home/m2s2/WildPose_v1.2-main/wildpose/install/dji_rs3_pkg/lib/python3.8/site-packages/dji_rs3_pkg/protocol/sdk/CmdHandler.py to CmdHandler.cpython-38.pyc
byte-compiling /home/m2s2/WildPose_v1.2-main/wildpose/install/dji_rs3_pkg/lib/python3.8/site-packages/dji_rs3_pkg/dji_rs3_node.py to dji_rs3_node.cpython-38.pyc
running install_data
creating /home/m2s2/WildPose_v1.2-main/wildpose/install/dji_rs3_pkg/share/ament_index
creating /home/m2s2/WildPose_v1.2-main/wildpose/install/dji_rs3_pkg/share/ament_index/resource_index
creating /home/m2s2/WildPose_v1.2-main/wildpose/install/dji_rs3_pkg/share/ament_index/resource_index/packages
copying resource/dji_rs3_pkg -> /home/m2s2/WildPose_v1.2-main/wildpose/install/dji_rs3_pkg/share/ament_index/resource_index/packages
copying package.xml -> /home/m2s2/WildPose_v1.2-main/wildpose/install/dji_rs3_pkg/share/dji_rs3_pkg
running install_egg_info
Copying ../../build/dji_rs3_pkg/dji_rs3_pkg.egg-info to /home/m2s2/WildPose_v1.2-main/wildpose/install/dji_rs3_pkg/lib/python3.8/site-packages/dji_rs3_pkg-0.0.0-py3.8.egg-info
running install_scripts
Installing dji_rs3_node script to /home/m2s2/WildPose_v1.2-main/wildpose/install/dji_rs3_pkg/lib/dji_rs3_pkg
writing list of installed files to '/home/m2s2/WildPose_v1.2-main/wildpose/build/dji_rs3_pkg/install.log'
