[0.959s] Invoking command in '/home/m2s2/WildPose_v1.2-main/wildpose/src/dji_rs3_pkg': AMENT_PREFIX_PATH=/home/m2s2/WildPose_v1.2-main/wildpose/src/install/wildpose_interfaces:${AMENT_PREFIX_PATH} CMAKE_PREFIX_PATH=/home/m2s2/WildPose_v1.2-main/wildpose/src/install/wildpose_interfaces:${CMAKE_PREFIX_PATH} LD_LIBRARY_PATH=/home/m2s2/WildPose_v1.2-main/wildpose/src/install/wildpose_interfaces/lib:${LD_LIBRARY_PATH} PYTHONPATH=/home/m2s2/WildPose_v1.2-main/wildpose/src/build/dji_rs3_pkg/prefix_override:/home/m2s2/WildPose_v1.2-main/wildpose/src/install/dji_rs3_pkg/lib/python3.8/site-packages:/home/m2s2/WildPose_v1.2-main/wildpose/src/install/wildpose_interfaces/lib/python3.8/site-packages:${PYTHONPATH} /usr/bin/python3 -W ignore:setup.py install is deprecated setup.py egg_info --egg-base ../build/dji_rs3_pkg build --build-base /home/m2s2/WildPose_v1.2-main/wildpose/src/build/dji_rs3_pkg/build install --record /home/m2s2/WildPose_v1.2-main/wildpose/src/build/dji_rs3_pkg/install.log --install-scripts $base/lib/dji_rs3_pkg --single-version-externally-managed install_data
[1.198s] running egg_info
[1.198s] creating ../build/dji_rs3_pkg/dji_rs3_pkg.egg-info
[1.198s] writing ../build/dji_rs3_pkg/dji_rs3_pkg.egg-info/PKG-INFO
[1.198s] writing dependency_links to ../build/dji_rs3_pkg/dji_rs3_pkg.egg-info/dependency_links.txt
[1.198s] writing entry points to ../build/dji_rs3_pkg/dji_rs3_pkg.egg-info/entry_points.txt
[1.199s] writing requirements to ../build/dji_rs3_pkg/dji_rs3_pkg.egg-info/requires.txt
[1.199s] writing top-level names to ../build/dji_rs3_pkg/dji_rs3_pkg.egg-info/top_level.txt
[1.199s] writing manifest file '../build/dji_rs3_pkg/dji_rs3_pkg.egg-info/SOURCES.txt'
[1.223s] reading manifest file '../build/dji_rs3_pkg/dji_rs3_pkg.egg-info/SOURCES.txt'
[1.223s] writing manifest file '../build/dji_rs3_pkg/dji_rs3_pkg.egg-info/SOURCES.txt'
[1.223s] running build
[1.224s] running build_py
[1.224s] creating /home/m2s2/WildPose_v1.2-main/wildpose/src/build/dji_rs3_pkg/build
[1.224s] creating /home/m2s2/WildPose_v1.2-main/wildpose/src/build/dji_rs3_pkg/build/lib
[1.224s] creating /home/m2s2/WildPose_v1.2-main/wildpose/src/build/dji_rs3_pkg/build/lib/dji_rs3_pkg
[1.224s] copying dji_rs3_pkg/__init__.py -> /home/m2s2/WildPose_v1.2-main/wildpose/src/build/dji_rs3_pkg/build/lib/dji_rs3_pkg
[1.224s] copying dji_rs3_pkg/dji_rs3_node.py -> /home/m2s2/WildPose_v1.2-main/wildpose/src/build/dji_rs3_pkg/build/lib/dji_rs3_pkg
[1.224s] creating /home/m2s2/WildPose_v1.2-main/wildpose/src/build/dji_rs3_pkg/build/lib/dji_rs3_pkg/protocol
[1.224s] copying dji_rs3_pkg/protocol/__init__.py -> /home/m2s2/WildPose_v1.2-main/wildpose/src/build/dji_rs3_pkg/build/lib/dji_rs3_pkg/protocol
[1.224s] creating /home/m2s2/WildPose_v1.2-main/wildpose/src/build/dji_rs3_pkg/build/lib/dji_rs3_pkg/protocol/connection
[1.224s] copying dji_rs3_pkg/protocol/connection/__init__.py -> /home/m2s2/WildPose_v1.2-main/wildpose/src/build/dji_rs3_pkg/build/lib/dji_rs3_pkg/protocol/connection
[1.225s] copying dji_rs3_pkg/protocol/connection/CANConnection.py -> /home/m2s2/WildPose_v1.2-main/wildpose/src/build/dji_rs3_pkg/build/lib/dji_rs3_pkg/protocol/connection
[1.225s] creating /home/m2s2/WildPose_v1.2-main/wildpose/src/build/dji_rs3_pkg/build/lib/dji_rs3_pkg/protocol/sdk
[1.225s] copying dji_rs3_pkg/protocol/sdk/__init__.py -> /home/m2s2/WildPose_v1.2-main/wildpose/src/build/dji_rs3_pkg/build/lib/dji_rs3_pkg/protocol/sdk
[1.225s] copying dji_rs3_pkg/protocol/sdk/SDKCRC.py -> /home/m2s2/WildPose_v1.2-main/wildpose/src/build/dji_rs3_pkg/build/lib/dji_rs3_pkg/protocol/sdk
[1.225s] copying dji_rs3_pkg/protocol/sdk/SDKHandle.py -> /home/m2s2/WildPose_v1.2-main/wildpose/src/build/dji_rs3_pkg/build/lib/dji_rs3_pkg/protocol/sdk
[1.225s] copying dji_rs3_pkg/protocol/sdk/CmdCombine.py -> /home/m2s2/WildPose_v1.2-main/wildpose/src/build/dji_rs3_pkg/build/lib/dji_rs3_pkg/protocol/sdk
[1.225s] copying dji_rs3_pkg/protocol/sdk/CmdHandler.py -> /home/m2s2/WildPose_v1.2-main/wildpose/src/build/dji_rs3_pkg/build/lib/dji_rs3_pkg/protocol/sdk
[1.225s] running install
[1.225s] running install_lib
[1.225s] creating /home/m2s2/WildPose_v1.2-main/wildpose/src/install/dji_rs3_pkg/lib/python3.8/site-packages/dji_rs3_pkg
[1.226s] copying /home/m2s2/WildPose_v1.2-main/wildpose/src/build/dji_rs3_pkg/build/lib/dji_rs3_pkg/__init__.py -> /home/m2s2/WildPose_v1.2-main/wildpose/src/install/dji_rs3_pkg/lib/python3.8/site-packages/dji_rs3_pkg
[1.226s] creating /home/m2s2/WildPose_v1.2-main/wildpose/src/install/dji_rs3_pkg/lib/python3.8/site-packages/dji_rs3_pkg/protocol
[1.226s] copying /home/m2s2/WildPose_v1.2-main/wildpose/src/build/dji_rs3_pkg/build/lib/dji_rs3_pkg/protocol/__init__.py -> /home/m2s2/WildPose_v1.2-main/wildpose/src/install/dji_rs3_pkg/lib/python3.8/site-packages/dji_rs3_pkg/protocol
[1.226s] creating /home/m2s2/WildPose_v1.2-main/wildpose/src/install/dji_rs3_pkg/lib/python3.8/site-packages/dji_rs3_pkg/protocol/connection
[1.226s] copying /home/m2s2/WildPose_v1.2-main/wildpose/src/build/dji_rs3_pkg/build/lib/dji_rs3_pkg/protocol/connection/__init__.py -> /home/m2s2/WildPose_v1.2-main/wildpose/src/install/dji_rs3_pkg/lib/python3.8/site-packages/dji_rs3_pkg/protocol/connection
[1.226s] copying /home/m2s2/WildPose_v1.2-main/wildpose/src/build/dji_rs3_pkg/build/lib/dji_rs3_pkg/protocol/connection/CANConnection.py -> /home/m2s2/WildPose_v1.2-main/wildpose/src/install/dji_rs3_pkg/lib/python3.8/site-packages/dji_rs3_pkg/protocol/connection
[1.226s] creating /home/m2s2/WildPose_v1.2-main/wildpose/src/install/dji_rs3_pkg/lib/python3.8/site-packages/dji_rs3_pkg/protocol/sdk
[1.226s] copying /home/m2s2/WildPose_v1.2-main/wildpose/src/build/dji_rs3_pkg/build/lib/dji_rs3_pkg/protocol/sdk/__init__.py -> /home/m2s2/WildPose_v1.2-main/wildpose/src/install/dji_rs3_pkg/lib/python3.8/site-packages/dji_rs3_pkg/protocol/sdk
[1.226s] copying /home/m2s2/WildPose_v1.2-main/wildpose/src/build/dji_rs3_pkg/build/lib/dji_rs3_pkg/protocol/sdk/SDKCRC.py -> /home/m2s2/WildPose_v1.2-main/wildpose/src/install/dji_rs3_pkg/lib/python3.8/site-packages/dji_rs3_pkg/protocol/sdk
[1.227s] copying /home/m2s2/WildPose_v1.2-main/wildpose/src/build/dji_rs3_pkg/build/lib/dji_rs3_pkg/protocol/sdk/SDKHandle.py -> /home/m2s2/WildPose_v1.2-main/wildpose/src/install/dji_rs3_pkg/lib/python3.8/site-packages/dji_rs3_pkg/protocol/sdk
[1.227s] copying /home/m2s2/WildPose_v1.2-main/wildpose/src/build/dji_rs3_pkg/build/lib/dji_rs3_pkg/protocol/sdk/CmdCombine.py -> /home/m2s2/WildPose_v1.2-main/wildpose/src/install/dji_rs3_pkg/lib/python3.8/site-packages/dji_rs3_pkg/protocol/sdk
[1.227s] copying /home/m2s2/WildPose_v1.2-main/wildpose/src/build/dji_rs3_pkg/build/lib/dji_rs3_pkg/protocol/sdk/CmdHandler.py -> /home/m2s2/WildPose_v1.2-main/wildpose/src/install/dji_rs3_pkg/lib/python3.8/site-packages/dji_rs3_pkg/protocol/sdk
[1.227s] copying /home/m2s2/WildPose_v1.2-main/wildpose/src/build/dji_rs3_pkg/build/lib/dji_rs3_pkg/dji_rs3_node.py -> /home/m2s2/WildPose_v1.2-main/wildpose/src/install/dji_rs3_pkg/lib/python3.8/site-packages/dji_rs3_pkg
[1.227s] byte-compiling /home/m2s2/WildPose_v1.2-main/wildpose/src/install/dji_rs3_pkg/lib/python3.8/site-packages/dji_rs3_pkg/__init__.py to __init__.cpython-38.pyc
[1.227s] byte-compiling /home/m2s2/WildPose_v1.2-main/wildpose/src/install/dji_rs3_pkg/lib/python3.8/site-packages/dji_rs3_pkg/protocol/__init__.py to __init__.cpython-38.pyc
[1.227s] byte-compiling /home/m2s2/WildPose_v1.2-main/wildpose/src/install/dji_rs3_pkg/lib/python3.8/site-packages/dji_rs3_pkg/protocol/connection/__init__.py to __init__.cpython-38.pyc
[1.227s] byte-compiling /home/m2s2/WildPose_v1.2-main/wildpose/src/install/dji_rs3_pkg/lib/python3.8/site-packages/dji_rs3_pkg/protocol/connection/CANConnection.py to CANConnection.cpython-38.pyc
[1.229s] byte-compiling /home/m2s2/WildPose_v1.2-main/wildpose/src/install/dji_rs3_pkg/lib/python3.8/site-packages/dji_rs3_pkg/protocol/sdk/__init__.py to __init__.cpython-38.pyc
[1.229s] byte-compiling /home/m2s2/WildPose_v1.2-main/wildpose/src/install/dji_rs3_pkg/lib/python3.8/site-packages/dji_rs3_pkg/protocol/sdk/SDKCRC.py to SDKCRC.cpython-38.pyc
[1.230s] byte-compiling /home/m2s2/WildPose_v1.2-main/wildpose/src/install/dji_rs3_pkg/lib/python3.8/site-packages/dji_rs3_pkg/protocol/sdk/SDKHandle.py to SDKHandle.cpython-38.pyc
[1.231s] byte-compiling /home/m2s2/WildPose_v1.2-main/wildpose/src/install/dji_rs3_pkg/lib/python3.8/site-packages/dji_rs3_pkg/protocol/sdk/CmdCombine.py to CmdCombine.cpython-38.pyc
[1.231s] byte-compiling /home/m2s2/WildPose_v1.2-main/wildpose/src/install/dji_rs3_pkg/lib/python3.8/site-packages/dji_rs3_pkg/protocol/sdk/CmdHandler.py to CmdHandler.cpython-38.pyc
[1.231s] byte-compiling /home/m2s2/WildPose_v1.2-main/wildpose/src/install/dji_rs3_pkg/lib/python3.8/site-packages/dji_rs3_pkg/dji_rs3_node.py to dji_rs3_node.cpython-38.pyc
[1.233s] running install_data
[1.233s] creating /home/m2s2/WildPose_v1.2-main/wildpose/src/install/dji_rs3_pkg/share/ament_index
[1.233s] creating /home/m2s2/WildPose_v1.2-main/wildpose/src/install/dji_rs3_pkg/share/ament_index/resource_index
[1.233s] creating /home/m2s2/WildPose_v1.2-main/wildpose/src/install/dji_rs3_pkg/share/ament_index/resource_index/packages
[1.233s] copying resource/dji_rs3_pkg -> /home/m2s2/WildPose_v1.2-main/wildpose/src/install/dji_rs3_pkg/share/ament_index/resource_index/packages
[1.233s] copying package.xml -> /home/m2s2/WildPose_v1.2-main/wildpose/src/install/dji_rs3_pkg/share/dji_rs3_pkg
[1.233s] running install_egg_info
[1.234s] Copying ../build/dji_rs3_pkg/dji_rs3_pkg.egg-info to /home/m2s2/WildPose_v1.2-main/wildpose/src/install/dji_rs3_pkg/lib/python3.8/site-packages/dji_rs3_pkg-0.0.0-py3.8.egg-info
[1.234s] running install_scripts
[1.248s] Installing dji_rs3_node script to /home/m2s2/WildPose_v1.2-main/wildpose/src/install/dji_rs3_pkg/lib/dji_rs3_pkg
[1.248s] writing list of installed files to '/home/m2s2/WildPose_v1.2-main/wildpose/src/build/dji_rs3_pkg/install.log'
[1.265s] Invoked command in '/home/m2s2/WildPose_v1.2-main/wildpose/src/dji_rs3_pkg' returned '0': AMENT_PREFIX_PATH=/home/m2s2/WildPose_v1.2-main/wildpose/src/install/wildpose_interfaces:${AMENT_PREFIX_PATH} CMAKE_PREFIX_PATH=/home/m2s2/WildPose_v1.2-main/wildpose/src/install/wildpose_interfaces:${CMAKE_PREFIX_PATH} LD_LIBRARY_PATH=/home/m2s2/WildPose_v1.2-main/wildpose/src/install/wildpose_interfaces/lib:${LD_LIBRARY_PATH} PYTHONPATH=/home/m2s2/WildPose_v1.2-main/wildpose/src/build/dji_rs3_pkg/prefix_override:/home/m2s2/WildPose_v1.2-main/wildpose/src/install/dji_rs3_pkg/lib/python3.8/site-packages:/home/m2s2/WildPose_v1.2-main/wildpose/src/install/wildpose_interfaces/lib/python3.8/site-packages:${PYTHONPATH} /usr/bin/python3 -W ignore:setup.py install is deprecated setup.py egg_info --egg-base ../build/dji_rs3_pkg build --build-base /home/m2s2/WildPose_v1.2-main/wildpose/src/build/dji_rs3_pkg/build install --record /home/m2s2/WildPose_v1.2-main/wildpose/src/build/dji_rs3_pkg/install.log --install-scripts $base/lib/dji_rs3_pkg --single-version-externally-managed install_data
