-- livox_ros2_driver version: 0.0.1
-- Found ament_cmake_auto: 0.9.12 (/opt/ros/foxy/share/ament_cmake_auto/cmake)
-- Using PYTHON_EXECUTABLE: /usr/bin/python3
-- Override CMake install command with custom implementation using symlinks instead of copying resources
-- Using all available rosidl_typesupport_c: rosidl_typesupport_fastrtps_c;rosidl_typesupport_introspection_c
-- Found rosidl_adapter: 1.3.1 (/opt/ros/foxy/share/rosidl_adapter/cmake)
-- Using all available rosidl_typesupport_cpp: rosidl_typesupport_fastrtps_cpp;rosidl_typesupport_introspection_cpp
-- Found rmw_implementation_cmake: 1.0.4 (/opt/ros/foxy/share/rmw_implementation_cmake/cmake)
-- Using RMW implementation 'rmw_ecal_dynamic_cpp' as default
-- FLANN found (include: /usr/include, lib: /usr/lib/x86_64-linux-gnu/libflann_cpp.so)
-- The imported target "vtkParseOGLExt" references the file
   "/usr/bin/vtkParseOGLExt-7.1"
but this file does not exist.  Possible reasons include:
* The file was deleted, renamed, or moved to another location.
* An install or uninstall procedure did not complete successfully.
* The installation package was faulty and contained
   "/usr/lib/cmake/vtk-7.1/VTKTargets.cmake"
but not all the files it references.

-- The imported target "vtkRenderingPythonTkWidgets" references the file
   "/usr/lib/x86_64-linux-gnu/libvtkRenderingPythonTkWidgets.so"
but this file does not exist.  Possible reasons include:
* The file was deleted, renamed, or moved to another location.
* An install or uninstall procedure did not complete successfully.
* The installation package was faulty and contained
   "/usr/lib/cmake/vtk-7.1/VTKTargets.cmake"
but not all the files it references.

-- The imported target "vtk" references the file
   "/usr/bin/vtk"
but this file does not exist.  Possible reasons include:
* The file was deleted, renamed, or moved to another location.
* An install or uninstall procedure did not complete successfully.
* The installation package was faulty and contained
   "/usr/lib/cmake/vtk-7.1/VTKTargets.cmake"
but not all the files it references.

-- The imported target "pvtk" references the file
   "/usr/bin/pvtk"
but this file does not exist.  Possible reasons include:
* The file was deleted, renamed, or moved to another location.
* An install or uninstall procedure did not complete successfully.
* The installation package was faulty and contained
   "/usr/lib/cmake/vtk-7.1/VTKTargets.cmake"
but not all the files it references.

-- OpenNI found (version: 1.5.4.0, include: /usr/include/ni, lib: /usr/lib/libOpenNI.so;libusb::libusb)
-- OpenNI2 found (version: 2.2.0.33, include: /usr/include/openni2, lib: /usr/lib/libOpenNI2.so;libusb::libusb)
-- Could NOT find Pcap (missing: PCAP_LIBRARIES PCAP_INCLUDE_DIRS) 
-- OpenNI found (version: 1.5.4.0, include: /usr/include/ni, lib: /usr/lib/libOpenNI.so;libusb::libusb)
-- OpenNI2 found (version: 2.2.0.33, include: /usr/include/openni2, lib: /usr/lib/libOpenNI2.so;libusb::libusb)
-- QHULL found (include: /usr/include, lib: /usr/lib/x86_64-linux-gnu/libqhull_r.so)
-- looking for PCL_COMMON
-- looking for PCL_KDTREE
-- looking for PCL_OCTREE
-- looking for PCL_SEARCH
-- looking for PCL_SAMPLE_CONSENSUS
-- looking for PCL_FILTERS
-- looking for PCL_2D
-- looking for PCL_GEOMETRY
-- looking for PCL_IO
-- looking for PCL_FEATURES
-- looking for PCL_ML
-- looking for PCL_SEGMENTATION
-- looking for PCL_VISUALIZATION
-- looking for PCL_SURFACE
-- looking for PCL_REGISTRATION
-- looking for PCL_KEYPOINTS
-- looking for PCL_TRACKING
-- looking for PCL_RECOGNITION
-- looking for PCL_STEREO
-- looking for PCL_OUTOFCORE
-- looking for PCL_PEOPLE
-- Checking for module 'apr-1'
--   No package 'apr-1' found
-- Found ament_lint_auto: 0.9.8 (/opt/ros/foxy/share/ament_lint_auto/cmake)
-- Added test 'copyright' to check source files copyright and LICENSE
-- Added test 'cppcheck' to perform static code analysis on C / C++ code
-- Configured cppcheck include dirs: /home/naoya/wildpose_v1.3/wildpose/src/livox_ros2_driver/livox_ros2_driver/common;/home/naoya/wildpose_v1.3/wildpose/src/livox_ros2_driver/livox_ros2_driver/common/rapidjson;/home/naoya/wildpose_v1.3/wildpose/src/livox_ros2_driver/livox_ros2_driver/comon/rapdidxml;/home/naoya/wildpose_v1.3/wildpose/src/livox_ros2_driver/livox_ros2_driver/common/comm;/home/naoya/wildpose_v1.3/wildpose/src/livox_ros2_driver/livox_ros2_driver/timesync;/home/naoya/wildpose_v1.3/wildpose/src/livox_ros2_driver/livox_ros2_driver/timesync/user_uart;/home/naoya/wildpose_v1.3/wildpose/src/livox_ros2_driver/livox_ros2_driver/livox_ros2_driver
-- Configured cppcheck exclude dirs and/or files: 
-- Added test 'cpplint' to check C / C++ code against the Google style
-- Configured cpplint exclude dirs and/or files: 
-- Added test 'flake8' to check Python code syntax and style conventions
-- Added test 'lint_cmake' to check CMake code style
-- Added test 'pep257' to check Python code against some of the style conventions in PEP 257
-- Added test 'uncrustify' to check C / C++ code style
-- Configured uncrustify additional arguments: 
-- Added test 'xmllint' to check XML markup files
-- Configuring done
-- Generating done
-- Build files have been written to: /home/naoya/wildpose_v1.3/wildpose/build/livox_ros2_driver
[  6%] [32m[1mLinking CXX executable livox_ros2_driver_node[0m
[ 12%] [32m[1mLinking CXX shared library liblivox_ros2_driver.so[0m
[ 18%] Built target livox_ros2_driver_node
[100%] Built target livox_ros2_driver
-- Install configuration: ""
-- Execute custom install script
-- Symlinking: /home/naoya/wildpose_v1.3/wildpose/install/livox_ros2_driver/lib/livox_ros2_driver/livox_ros2_driver_node
-- Symlinking: /home/naoya/wildpose_v1.3/wildpose/install/livox_ros2_driver/share/livox_ros2_driver/environment/library_path.sh
-- Symlinking: /home/naoya/wildpose_v1.3/wildpose/install/livox_ros2_driver/share/livox_ros2_driver/environment/library_path.dsv
-- Symlinking: /home/naoya/wildpose_v1.3/wildpose/install/livox_ros2_driver/lib/liblivox_ros2_driver.so
-- Symlinking: /home/naoya/wildpose_v1.3/wildpose/install/livox_ros2_driver/share/livox_ros2_driver/config/livox_hub.rviz
-- Symlinking: /home/naoya/wildpose_v1.3/wildpose/install/livox_ros2_driver/share/livox_ros2_driver/config/livox_hub_config.json
-- Symlinking: /home/naoya/wildpose_v1.3/wildpose/install/livox_ros2_driver/share/livox_ros2_driver/config/livox_lidar.rviz
-- Symlinking: /home/naoya/wildpose_v1.3/wildpose/install/livox_ros2_driver/share/livox_ros2_driver/config/livox_lidar_config.json
-- Symlinking: /home/naoya/wildpose_v1.3/wildpose/install/livox_ros2_driver/share/livox_ros2_driver/launch/livox_hub_launch.py
-- Symlinking: /home/naoya/wildpose_v1.3/wildpose/install/livox_ros2_driver/share/livox_ros2_driver/launch/livox_hub_msg_launch .py
-- Symlinking: /home/naoya/wildpose_v1.3/wildpose/install/livox_ros2_driver/share/livox_ros2_driver/launch/livox_hub_rviz_launch.py
-- Symlinking: /home/naoya/wildpose_v1.3/wildpose/install/livox_ros2_driver/share/livox_ros2_driver/launch/livox_lidar_launch.py
-- Symlinking: /home/naoya/wildpose_v1.3/wildpose/install/livox_ros2_driver/share/livox_ros2_driver/launch/livox_lidar_msg_launch.py
-- Symlinking: /home/naoya/wildpose_v1.3/wildpose/install/livox_ros2_driver/share/livox_ros2_driver/launch/livox_lidar_rviz_launch.py
-- Symlinking: /home/naoya/wildpose_v1.3/wildpose/install/livox_ros2_driver/share/livox_ros2_driver/launch/livox_template_launch.py
-- Symlinking: /home/naoya/wildpose_v1.3/wildpose/install/livox_ros2_driver/share/ament_index/resource_index/package_run_dependencies/livox_ros2_driver
-- Symlinking: /home/naoya/wildpose_v1.3/wildpose/install/livox_ros2_driver/share/ament_index/resource_index/parent_prefix_path/livox_ros2_driver
-- Symlinking: /home/naoya/wildpose_v1.3/wildpose/install/livox_ros2_driver/share/livox_ros2_driver/environment/ament_prefix_path.sh
-- Symlinking: /home/naoya/wildpose_v1.3/wildpose/install/livox_ros2_driver/share/livox_ros2_driver/environment/ament_prefix_path.dsv
-- Symlinking: /home/naoya/wildpose_v1.3/wildpose/install/livox_ros2_driver/share/livox_ros2_driver/environment/path.sh
-- Symlinking: /home/naoya/wildpose_v1.3/wildpose/install/livox_ros2_driver/share/livox_ros2_driver/environment/path.dsv
-- Symlinking: /home/naoya/wildpose_v1.3/wildpose/install/livox_ros2_driver/share/livox_ros2_driver/local_setup.bash
-- Symlinking: /home/naoya/wildpose_v1.3/wildpose/install/livox_ros2_driver/share/livox_ros2_driver/local_setup.sh
-- Symlinking: /home/naoya/wildpose_v1.3/wildpose/install/livox_ros2_driver/share/livox_ros2_driver/local_setup.zsh
-- Symlinking: /home/naoya/wildpose_v1.3/wildpose/install/livox_ros2_driver/share/livox_ros2_driver/local_setup.dsv
-- Symlinking: /home/naoya/wildpose_v1.3/wildpose/install/livox_ros2_driver/share/livox_ros2_driver/package.dsv
-- Symlinking: /home/naoya/wildpose_v1.3/wildpose/install/livox_ros2_driver/share/ament_index/resource_index/packages/livox_ros2_driver
-- Symlinking: /home/naoya/wildpose_v1.3/wildpose/install/livox_ros2_driver/share/ament_index/resource_index/rclcpp_components/livox_ros2_driver
-- Symlinking: /home/naoya/wildpose_v1.3/wildpose/install/livox_ros2_driver/share/livox_ros2_driver/cmake/ament_cmake_export_dependencies-extras.cmake
-- Symlinking: /home/naoya/wildpose_v1.3/wildpose/install/livox_ros2_driver/share/livox_ros2_driver/cmake/ament_cmake_export_libraries-extras.cmake
-- Symlinking: /home/naoya/wildpose_v1.3/wildpose/install/livox_ros2_driver/share/livox_ros2_driver/cmake/livox_ros2_driverConfig.cmake
-- Symlinking: /home/naoya/wildpose_v1.3/wildpose/install/livox_ros2_driver/share/livox_ros2_driver/cmake/livox_ros2_driverConfig-version.cmake
-- Symlinking: /home/naoya/wildpose_v1.3/wildpose/install/livox_ros2_driver/share/livox_ros2_driver/package.xml
