running egg_info
writing ../../build/lidar_control_package/lidar_control_package.egg-info/PKG-INFO
writing dependency_links to ../../build/lidar_control_package/lidar_control_package.egg-info/dependency_links.txt
writing entry points to ../../build/lidar_control_package/lidar_control_package.egg-info/entry_points.txt
writing requirements to ../../build/lidar_control_package/lidar_control_package.egg-info/requires.txt
writing top-level names to ../../build/lidar_control_package/lidar_control_package.egg-info/top_level.txt
file lidar_control_node.py (for module lidar_control_node) not found
reading manifest file '../../build/lidar_control_package/lidar_control_package.egg-info/SOURCES.txt'
writing manifest file '../../build/lidar_control_package/lidar_control_package.egg-info/SOURCES.txt'
running build
running build_py
running install
file lidar_control_node.py (for module lidar_control_node) not found
file lidar_control_node.py (for module lidar_control_node) not found
running install_lib
running install_egg_info
warning: install_lib: '/home/m2s2/WildPose_v1.2-main/wildpose/build/lidar_control_package/build/lib' does not exist -- no Python modules to install

removing '/home/m2s2/WildPose_v1.2-main/wildpose/install/lidar_control_package/lib/python3.8/site-packages/lidar_control_package-0.0.0-py3.8.egg-info' (and everything under it)
Copying ../../build/lidar_control_package/lidar_control_package.egg-info to /home/m2s2/WildPose_v1.2-main/wildpose/install/lidar_control_package/lib/python3.8/site-packages/lidar_control_package-0.0.0-py3.8.egg-info
running install_scripts
Installing lidar_control_node script to /home/m2s2/WildPose_v1.2-main/wildpose/install/lidar_control_package/lib/lidar_control_package
file lidar_control_node.py (for module lidar_control_node) not found
writing list of installed files to '/home/m2s2/WildPose_v1.2-main/wildpose/build/lidar_control_package/install.log'
