-- The C compiler identification is GNU 9.4.0
-- The CXX compiler identification is GNU 9.4.0
-- Detecting C compiler ABI info
-- Detecting C compiler ABI info - done
-- Check for working C compiler: /usr/bin/cc - skipped
-- Detecting C compile features
-- Detecting C compile features - done
-- Detecting CXX compiler ABI info
-- Detecting CXX compiler ABI info - done
-- Check for working CXX compiler: /usr/bin/c++ - skipped
-- Detecting CXX compile features
-- Detecting CXX compile features - done
-- Found ament_cmake: 0.9.12 (/opt/ros/foxy/share/ament_cmake/cmake)
-- Found PythonInterp: /usr/bin/python3 (found suitable version "3.8.10", minimum required is "3") 
-- Using PYTHON_EXECUTABLE: /usr/bin/python3
-- Found ament_lint_auto: 0.9.8 (/opt/ros/foxy/share/ament_lint_auto/cmake)
-- Added test 'copyright' to check source files copyright and LICENSE
-- Added test 'flake8' to check Python code syntax and style conventions
-- Added test 'lint_cmake' to check CMake code style
-- Added test 'pep257' to check Python code against some of the style conventions in PEP 257
-- Added test 'xmllint' to check XML markup files
-- Configuring done
-- Generating done
-- Build files have been written to: /home/m2s2/WildPose_v1.2-main/wildpose/build/lidar_control_package
-- Install configuration: ""
-- Installing: /home/m2s2/WildPose_v1.2-main/wildpose/install/lidar_control_package/share/ament_index/resource_index/package_run_dependencies/lidar_control_package
-- Installing: /home/m2s2/WildPose_v1.2-main/wildpose/install/lidar_control_package/share/ament_index/resource_index/parent_prefix_path/lidar_control_package
-- Installing: /home/m2s2/WildPose_v1.2-main/wildpose/install/lidar_control_package/share/lidar_control_package/environment/ament_prefix_path.sh
-- Installing: /home/m2s2/WildPose_v1.2-main/wildpose/install/lidar_control_package/share/lidar_control_package/environment/ament_prefix_path.dsv
-- Installing: /home/m2s2/WildPose_v1.2-main/wildpose/install/lidar_control_package/share/lidar_control_package/environment/path.sh
-- Installing: /home/m2s2/WildPose_v1.2-main/wildpose/install/lidar_control_package/share/lidar_control_package/environment/path.dsv
-- Installing: /home/m2s2/WildPose_v1.2-main/wildpose/install/lidar_control_package/share/lidar_control_package/local_setup.bash
-- Installing: /home/m2s2/WildPose_v1.2-main/wildpose/install/lidar_control_package/share/lidar_control_package/local_setup.sh
-- Installing: /home/m2s2/WildPose_v1.2-main/wildpose/install/lidar_control_package/share/lidar_control_package/local_setup.zsh
-- Installing: /home/m2s2/WildPose_v1.2-main/wildpose/install/lidar_control_package/share/lidar_control_package/local_setup.dsv
-- Installing: /home/m2s2/WildPose_v1.2-main/wildpose/install/lidar_control_package/share/lidar_control_package/package.dsv
-- Installing: /home/m2s2/WildPose_v1.2-main/wildpose/install/lidar_control_package/share/ament_index/resource_index/packages/lidar_control_package
-- Installing: /home/m2s2/WildPose_v1.2-main/wildpose/install/lidar_control_package/share/lidar_control_package/cmake/lidar_control_packageConfig.cmake
-- Installing: /home/m2s2/WildPose_v1.2-main/wildpose/install/lidar_control_package/share/lidar_control_package/cmake/lidar_control_packageConfig-version.cmake
-- Installing: /home/m2s2/WildPose_v1.2-main/wildpose/install/lidar_control_package/share/lidar_control_package/package.xml
