running develop
Removing /home/naoya/wildpose_v1.3/wildpose/install/lidar_control_package/lib/python3.8/site-packages/lidar-control-package.egg-link (link to .)
running egg_info
writing ../../build/lidar_control_package/lidar_control_package.egg-info/PKG-INFO
writing dependency_links to ../../build/lidar_control_package/lidar_control_package.egg-info/dependency_links.txt
writing entry points to ../../build/lidar_control_package/lidar_control_package.egg-info/entry_points.txt
writing requirements to ../../build/lidar_control_package/lidar_control_package.egg-info/requires.txt
writing top-level names to ../../build/lidar_control_package/lidar_control_package.egg-info/top_level.txt
reading manifest file '../../build/lidar_control_package/lidar_control_package.egg-info/SOURCES.txt'
writing manifest file '../../build/lidar_control_package/lidar_control_package.egg-info/SOURCES.txt'
running build
running build_py
running install
running install_lib
creating /home/naoya/wildpose_v1.3/wildpose/install/lidar_control_package/lib/python3.8/site-packages/lidar_control_package
copying /home/naoya/wildpose_v1.3/wildpose/build/lidar_control_package/build/lib/lidar_control_package/lidar_control_node.py -> /home/naoya/wildpose_v1.3/wildpose/install/lidar_control_package/lib/python3.8/site-packages/lidar_control_package
copying /home/naoya/wildpose_v1.3/wildpose/build/lidar_control_package/build/lib/lidar_control_package/__init__.py -> /home/naoya/wildpose_v1.3/wildpose/install/lidar_control_package/lib/python3.8/site-packages/lidar_control_package
byte-compiling /home/naoya/wildpose_v1.3/wildpose/install/lidar_control_package/lib/python3.8/site-packages/lidar_control_package/lidar_control_node.py to lidar_control_node.cpython-38.pyc
byte-compiling /home/naoya/wildpose_v1.3/wildpose/install/lidar_control_package/lib/python3.8/site-packages/lidar_control_package/__init__.py to __init__.cpython-38.pyc
running install_data
running install_egg_info
Copying ../../build/lidar_control_package/lidar_control_package.egg-info to /home/naoya/wildpose_v1.3/wildpose/install/lidar_control_package/lib/python3.8/site-packages/lidar_control_package-0.0.0-py3.8.egg-info
running install_scripts
Installing lidar_control_node script to /home/naoya/wildpose_v1.3/wildpose/install/lidar_control_package/lib/lidar_control_package
writing list of installed files to '/home/naoya/wildpose_v1.3/wildpose/build/lidar_control_package/install.log'
