[0.498s] Invoking command in '/home/naoya/wildpose_v1.3/wildpose/build/ximea_ros2_cam': AMENT_PREFIX_PATH=/home/naoya/wildpose_v1.3/wildpose/install/cv_bridge:${AMENT_PREFIX_PATH} CMAKE_PREFIX_PATH=/home/naoya/wildpose_v1.3/wildpose/install/cv_bridge:/home/naoya/WildPose_v1.2/wildpose/install/wildpose_bringup:/home/naoya/WildPose_v1.2/wildpose/install/wildpose_interfaces:/home/naoya/ros2_ws/livox_ros2_driver/install/livox_ros2_driver:/home/naoya/ros2_ws/livox_ros2_driver/install/livox_sdk_vendor:/home/naoya/ros2_ws/livox_ros2_driver/install/livox_interfaces:/home/naoya/ros2_ws/ximea_ros2_cam/install/ximea_ros2_cam:/home/naoya/ros2_ws/rmw_ecal/install/rmw_ecal_dynamic_cpp:/home/naoya/ros2_ws/rmw_ecal/install/rmw_ecal_shared_cpp:/home/naoya/WildPose_v1.2/wildpose/install/motor_controller_pkg:/home/naoya/WildPose_v1.2/wildpose/install/gamepad_pkg:/opt/ros/foxy LD_LIBRARY_PATH=/home/naoya/wildpose_v1.3/wildpose/install/cv_bridge/lib:${LD_LIBRARY_PATH} PYTHONPATH=/home/naoya/wildpose_v1.3/wildpose/install/cv_bridge/lib/python3.8/site-packages:${PYTHONPATH} /usr/bin/cmake /home/naoya/wildpose_v1.3/wildpose/src/ximea_ROS2_driver-main/ximea_ros2_cam -DCMAKE_INSTALL_PREFIX=/home/naoya/wildpose_v1.3/wildpose/install/ximea_ros2_cam
[0.904s] -- The C compiler identification is GNU 9.4.0
[0.904s] -- The CXX compiler identification is GNU 9.4.0
[0.904s] -- Check for working C compiler: /usr/bin/cc
[0.904s] -- Check for working C compiler: /usr/bin/cc -- works
[0.904s] -- Detecting C compiler ABI info
[0.904s] -- Detecting C compiler ABI info - done
[0.904s] -- Detecting C compile features
[0.904s] -- Detecting C compile features - done
[0.904s] -- Check for working CXX compiler: /usr/bin/c++
[0.904s] -- Check for working CXX compiler: /usr/bin/c++ -- works
[0.904s] -- Detecting CXX compiler ABI info
[0.905s] -- Detecting CXX compiler ABI info - done
[0.905s] -- Detecting CXX compile features
[0.905s] -- Detecting CXX compile features - done
[0.905s] -- Found ament_cmake: 0.9.12 (/opt/ros/foxy/share/ament_cmake/cmake)
[0.913s] -- Found PythonInterp: /usr/bin/python3 (found suitable version "3.8.10", minimum required is "3") 
[0.915s] -- Using PYTHON_EXECUTABLE: /usr/bin/python3
[1.053s] -- Found rclcpp: 2.4.3 (/opt/ros/foxy/share/rclcpp/cmake)
[1.097s] -- Using all available rosidl_typesupport_c: rosidl_typesupport_fastrtps_c;rosidl_typesupport_introspection_c
[1.102s] -- Found rosidl_adapter: 1.3.1 (/opt/ros/foxy/share/rosidl_adapter/cmake)
[1.163s] -- Found OpenSSL: /usr/lib/x86_64-linux-gnu/libcrypto.so (found version "1.1.1f")  
[1.203s] -- Found FastRTPS: /opt/ros/foxy/include  
[1.295s] -- Using all available rosidl_typesupport_cpp: rosidl_typesupport_fastrtps_cpp;rosidl_typesupport_introspection_cpp
[1.364s] -- Found rmw_implementation_cmake: 1.0.4 (/opt/ros/foxy/share/rmw_implementation_cmake/cmake)
[1.366s] -- Using RMW implementation 'rmw_ecal_dynamic_cpp' as default
[1.367s] -- Looking for pthread.h
[1.439s] -- Looking for pthread.h - found
[1.439s] -- Performing Test CMAKE_HAVE_LIBC_PTHREAD
[1.498s] -- Performing Test CMAKE_HAVE_LIBC_PTHREAD - Failed
[1.498s] -- Looking for pthread_create in pthreads
[1.537s] -- Looking for pthread_create in pthreads - not found
[1.538s] -- Looking for pthread_create in pthread
[1.592s] -- Looking for pthread_create in pthread - found
[1.593s] -- Found Threads: TRUE  
[1.703s] -- Found camera_calibration_parsers: 2.4.0 (/opt/ros/foxy/share/camera_calibration_parsers/cmake)
[1.793s] -- Setting yaml-cpp_DIR to: '/opt/ros/foxy/share/yaml_cpp_vendor/cmake/../../../opt/yaml_cpp_vendor/lib/cmake/yaml-cpp'
[1.797s] -- Found camera_info_manager: 2.4.0 (/opt/ros/foxy/share/camera_info_manager/cmake)
[1.829s] -- Found image_transport: 2.4.0 (/opt/ros/foxy/share/image_transport/cmake)
[1.861s] -- Found rosbag2_cpp: 0.3.11 (/opt/ros/foxy/share/rosbag2_cpp/cmake)
[1.869s] -- Found cv_bridge: 3.0.7 (/home/naoya/wildpose_v1.3/wildpose/install/cv_bridge/share/cv_bridge/cmake)
[1.891s] -- Found OpenCV: /usr (found version "4.2.0") 
[1.977s] -- Found ament_lint_auto: 0.9.8 (/opt/ros/foxy/share/ament_lint_auto/cmake)
[2.032s] -- Added test 'copyright' to check source files copyright and LICENSE
[2.033s] -- Added test 'cppcheck' to perform static code analysis on C / C++ code
[2.033s] -- Configured cppcheck include dirs: $<BUILD_INTERFACE:/home/naoya/wildpose_v1.3/wildpose/src/ximea_ROS2_driver-main/ximea_ros2_cam/include>
[2.033s] -- Configured cppcheck exclude dirs and/or files: 
[2.034s] -- Added test 'cpplint' to check C / C++ code against the Google style
[2.034s] -- Configured cpplint exclude dirs and/or files: 
[2.034s] -- Added test 'lint_cmake' to check CMake code style
[2.035s] -- Added test 'uncrustify' to check C / C++ code style
[2.035s] -- Configured uncrustify additional arguments: 
[2.035s] -- Added test 'xmllint' to check XML markup files
[2.038s] -- Configuring done
[2.054s] -- Generating done
[2.055s] -- Build files have been written to: /home/naoya/wildpose_v1.3/wildpose/build/ximea_ros2_cam
[2.064s] Invoked command in '/home/naoya/wildpose_v1.3/wildpose/build/ximea_ros2_cam' returned '0': AMENT_PREFIX_PATH=/home/naoya/wildpose_v1.3/wildpose/install/cv_bridge:${AMENT_PREFIX_PATH} CMAKE_PREFIX_PATH=/home/naoya/wildpose_v1.3/wildpose/install/cv_bridge:/home/naoya/WildPose_v1.2/wildpose/install/wildpose_bringup:/home/naoya/WildPose_v1.2/wildpose/install/wildpose_interfaces:/home/naoya/ros2_ws/livox_ros2_driver/install/livox_ros2_driver:/home/naoya/ros2_ws/livox_ros2_driver/install/livox_sdk_vendor:/home/naoya/ros2_ws/livox_ros2_driver/install/livox_interfaces:/home/naoya/ros2_ws/ximea_ros2_cam/install/ximea_ros2_cam:/home/naoya/ros2_ws/rmw_ecal/install/rmw_ecal_dynamic_cpp:/home/naoya/ros2_ws/rmw_ecal/install/rmw_ecal_shared_cpp:/home/naoya/WildPose_v1.2/wildpose/install/motor_controller_pkg:/home/naoya/WildPose_v1.2/wildpose/install/gamepad_pkg:/opt/ros/foxy LD_LIBRARY_PATH=/home/naoya/wildpose_v1.3/wildpose/install/cv_bridge/lib:${LD_LIBRARY_PATH} PYTHONPATH=/home/naoya/wildpose_v1.3/wildpose/install/cv_bridge/lib/python3.8/site-packages:${PYTHONPATH} /usr/bin/cmake /home/naoya/wildpose_v1.3/wildpose/src/ximea_ROS2_driver-main/ximea_ros2_cam -DCMAKE_INSTALL_PREFIX=/home/naoya/wildpose_v1.3/wildpose/install/ximea_ros2_cam
[2.065s] Invoking command in '/home/naoya/wildpose_v1.3/wildpose/build/ximea_ros2_cam': AMENT_PREFIX_PATH=/home/naoya/wildpose_v1.3/wildpose/install/cv_bridge:${AMENT_PREFIX_PATH} CMAKE_PREFIX_PATH=/home/naoya/wildpose_v1.3/wildpose/install/cv_bridge:/home/naoya/WildPose_v1.2/wildpose/install/wildpose_bringup:/home/naoya/WildPose_v1.2/wildpose/install/wildpose_interfaces:/home/naoya/ros2_ws/livox_ros2_driver/install/livox_ros2_driver:/home/naoya/ros2_ws/livox_ros2_driver/install/livox_sdk_vendor:/home/naoya/ros2_ws/livox_ros2_driver/install/livox_interfaces:/home/naoya/ros2_ws/ximea_ros2_cam/install/ximea_ros2_cam:/home/naoya/ros2_ws/rmw_ecal/install/rmw_ecal_dynamic_cpp:/home/naoya/ros2_ws/rmw_ecal/install/rmw_ecal_shared_cpp:/home/naoya/WildPose_v1.2/wildpose/install/motor_controller_pkg:/home/naoya/WildPose_v1.2/wildpose/install/gamepad_pkg:/opt/ros/foxy LD_LIBRARY_PATH=/home/naoya/wildpose_v1.3/wildpose/install/cv_bridge/lib:${LD_LIBRARY_PATH} PYTHONPATH=/home/naoya/wildpose_v1.3/wildpose/install/cv_bridge/lib/python3.8/site-packages:${PYTHONPATH} /usr/bin/cmake --build /home/naoya/wildpose_v1.3/wildpose/build/ximea_ros2_cam -- -j16 -l16
[2.093s] [35m[1mScanning dependencies of target ximea_ros2_cam_node[0m
[2.139s] [ 33%] [32mBuilding CXX object CMakeFiles/ximea_ros2_cam_node.dir/src/ximea_ros2_cam_node.cpp.o[0m
[2.143s] [ 66%] [32mBuilding CXX object CMakeFiles/ximea_ros2_cam_node.dir/src/ximea_ros2_cam.cpp.o[0m
[5.865s] [100%] [32m[1mLinking CXX executable ximea_ros2_cam_node[0m
[6.239s] [100%] Built target ximea_ros2_cam_node
[6.249s] Invoked command in '/home/naoya/wildpose_v1.3/wildpose/build/ximea_ros2_cam' returned '0': AMENT_PREFIX_PATH=/home/naoya/wildpose_v1.3/wildpose/install/cv_bridge:${AMENT_PREFIX_PATH} CMAKE_PREFIX_PATH=/home/naoya/wildpose_v1.3/wildpose/install/cv_bridge:/home/naoya/WildPose_v1.2/wildpose/install/wildpose_bringup:/home/naoya/WildPose_v1.2/wildpose/install/wildpose_interfaces:/home/naoya/ros2_ws/livox_ros2_driver/install/livox_ros2_driver:/home/naoya/ros2_ws/livox_ros2_driver/install/livox_sdk_vendor:/home/naoya/ros2_ws/livox_ros2_driver/install/livox_interfaces:/home/naoya/ros2_ws/ximea_ros2_cam/install/ximea_ros2_cam:/home/naoya/ros2_ws/rmw_ecal/install/rmw_ecal_dynamic_cpp:/home/naoya/ros2_ws/rmw_ecal/install/rmw_ecal_shared_cpp:/home/naoya/WildPose_v1.2/wildpose/install/motor_controller_pkg:/home/naoya/WildPose_v1.2/wildpose/install/gamepad_pkg:/opt/ros/foxy LD_LIBRARY_PATH=/home/naoya/wildpose_v1.3/wildpose/install/cv_bridge/lib:${LD_LIBRARY_PATH} PYTHONPATH=/home/naoya/wildpose_v1.3/wildpose/install/cv_bridge/lib/python3.8/site-packages:${PYTHONPATH} /usr/bin/cmake --build /home/naoya/wildpose_v1.3/wildpose/build/ximea_ros2_cam -- -j16 -l16
[6.277s] Invoking command in '/home/naoya/wildpose_v1.3/wildpose/build/ximea_ros2_cam': AMENT_PREFIX_PATH=/home/naoya/wildpose_v1.3/wildpose/install/cv_bridge:${AMENT_PREFIX_PATH} CMAKE_PREFIX_PATH=/home/naoya/wildpose_v1.3/wildpose/install/cv_bridge:/home/naoya/WildPose_v1.2/wildpose/install/wildpose_bringup:/home/naoya/WildPose_v1.2/wildpose/install/wildpose_interfaces:/home/naoya/ros2_ws/livox_ros2_driver/install/livox_ros2_driver:/home/naoya/ros2_ws/livox_ros2_driver/install/livox_sdk_vendor:/home/naoya/ros2_ws/livox_ros2_driver/install/livox_interfaces:/home/naoya/ros2_ws/ximea_ros2_cam/install/ximea_ros2_cam:/home/naoya/ros2_ws/rmw_ecal/install/rmw_ecal_dynamic_cpp:/home/naoya/ros2_ws/rmw_ecal/install/rmw_ecal_shared_cpp:/home/naoya/WildPose_v1.2/wildpose/install/motor_controller_pkg:/home/naoya/WildPose_v1.2/wildpose/install/gamepad_pkg:/opt/ros/foxy LD_LIBRARY_PATH=/home/naoya/wildpose_v1.3/wildpose/install/cv_bridge/lib:${LD_LIBRARY_PATH} PYTHONPATH=/home/naoya/wildpose_v1.3/wildpose/install/cv_bridge/lib/python3.8/site-packages:${PYTHONPATH} /usr/bin/cmake --install /home/naoya/wildpose_v1.3/wildpose/build/ximea_ros2_cam
[6.285s] -- Install configuration: ""
[6.285s] -- Installing: /home/naoya/wildpose_v1.3/wildpose/install/ximea_ros2_cam/lib/ximea_ros2_cam/ximea_ros2_cam_node
[6.286s] -- Set runtime path of "/home/naoya/wildpose_v1.3/wildpose/install/ximea_ros2_cam/lib/ximea_ros2_cam/ximea_ros2_cam_node" to ""
[6.286s] -- Installing: /home/naoya/wildpose_v1.3/wildpose/install/ximea_ros2_cam/share/ximea_ros2_cam/config
[6.286s] -- Installing: /home/naoya/wildpose_v1.3/wildpose/install/ximea_ros2_cam/share/ximea_ros2_cam/config/xiCam_config.yaml
[6.287s] -- Installing: /home/naoya/wildpose_v1.3/wildpose/install/ximea_ros2_cam/share/ximea_ros2_cam/launch
[6.287s] -- Installing: /home/naoya/wildpose_v1.3/wildpose/install/ximea_ros2_cam/share/ximea_ros2_cam/launch/xiCam.launch.xml
[6.287s] -- Installing: /home/naoya/wildpose_v1.3/wildpose/install/ximea_ros2_cam/share/ament_index/resource_index/package_run_dependencies/ximea_ros2_cam
[6.287s] -- Installing: /home/naoya/wildpose_v1.3/wildpose/install/ximea_ros2_cam/share/ament_index/resource_index/parent_prefix_path/ximea_ros2_cam
[6.287s] -- Installing: /home/naoya/wildpose_v1.3/wildpose/install/ximea_ros2_cam/share/ximea_ros2_cam/environment/ament_prefix_path.sh
[6.287s] -- Installing: /home/naoya/wildpose_v1.3/wildpose/install/ximea_ros2_cam/share/ximea_ros2_cam/environment/ament_prefix_path.dsv
[6.287s] -- Installing: /home/naoya/wildpose_v1.3/wildpose/install/ximea_ros2_cam/share/ximea_ros2_cam/environment/path.sh
[6.287s] -- Installing: /home/naoya/wildpose_v1.3/wildpose/install/ximea_ros2_cam/share/ximea_ros2_cam/environment/path.dsv
[6.287s] -- Installing: /home/naoya/wildpose_v1.3/wildpose/install/ximea_ros2_cam/share/ximea_ros2_cam/local_setup.bash
[6.287s] -- Installing: /home/naoya/wildpose_v1.3/wildpose/install/ximea_ros2_cam/share/ximea_ros2_cam/local_setup.sh
[6.288s] -- Installing: /home/naoya/wildpose_v1.3/wildpose/install/ximea_ros2_cam/share/ximea_ros2_cam/local_setup.zsh
[6.288s] -- Installing: /home/naoya/wildpose_v1.3/wildpose/install/ximea_ros2_cam/share/ximea_ros2_cam/local_setup.dsv
[6.288s] -- Installing: /home/naoya/wildpose_v1.3/wildpose/install/ximea_ros2_cam/share/ximea_ros2_cam/package.dsv
[6.288s] -- Installing: /home/naoya/wildpose_v1.3/wildpose/install/ximea_ros2_cam/share/ament_index/resource_index/packages/ximea_ros2_cam
[6.288s] -- Installing: /home/naoya/wildpose_v1.3/wildpose/install/ximea_ros2_cam/share/ximea_ros2_cam/cmake/ximea_ros2_camConfig.cmake
[6.288s] -- Installing: /home/naoya/wildpose_v1.3/wildpose/install/ximea_ros2_cam/share/ximea_ros2_cam/cmake/ximea_ros2_camConfig-version.cmake
[6.288s] -- Installing: /home/naoya/wildpose_v1.3/wildpose/install/ximea_ros2_cam/share/ximea_ros2_cam/package.xml
[6.289s] Invoked command in '/home/naoya/wildpose_v1.3/wildpose/build/ximea_ros2_cam' returned '0': AMENT_PREFIX_PATH=/home/naoya/wildpose_v1.3/wildpose/install/cv_bridge:${AMENT_PREFIX_PATH} CMAKE_PREFIX_PATH=/home/naoya/wildpose_v1.3/wildpose/install/cv_bridge:/home/naoya/WildPose_v1.2/wildpose/install/wildpose_bringup:/home/naoya/WildPose_v1.2/wildpose/install/wildpose_interfaces:/home/naoya/ros2_ws/livox_ros2_driver/install/livox_ros2_driver:/home/naoya/ros2_ws/livox_ros2_driver/install/livox_sdk_vendor:/home/naoya/ros2_ws/livox_ros2_driver/install/livox_interfaces:/home/naoya/ros2_ws/ximea_ros2_cam/install/ximea_ros2_cam:/home/naoya/ros2_ws/rmw_ecal/install/rmw_ecal_dynamic_cpp:/home/naoya/ros2_ws/rmw_ecal/install/rmw_ecal_shared_cpp:/home/naoya/WildPose_v1.2/wildpose/install/motor_controller_pkg:/home/naoya/WildPose_v1.2/wildpose/install/gamepad_pkg:/opt/ros/foxy LD_LIBRARY_PATH=/home/naoya/wildpose_v1.3/wildpose/install/cv_bridge/lib:${LD_LIBRARY_PATH} PYTHONPATH=/home/naoya/wildpose_v1.3/wildpose/install/cv_bridge/lib/python3.8/site-packages:${PYTHONPATH} /usr/bin/cmake --install /home/naoya/wildpose_v1.3/wildpose/build/ximea_ros2_cam
