[0.720s] Invoking command in '/home/naoya/wildpose_v1.3/wildpose/build/livox_sdk_vendor': CMAKE_PREFIX_PATH=${CMAKE_PREFIX_PATH}:/home/naoya/wildpose_v1.3/wildpose/install/motor_controller_pkg:/home/naoya/wildpose_v1.3/wildpose/install/lidar_control_package:/home/naoya/wildpose_v1.3/wildpose/install/dji_rs3_pkg:/home/naoya/wildpose_v1.3/wildpose/install/opencv_tests:/home/naoya/wildpose_v1.3/wildpose/install/gamepad_pkg:/home/naoya/WildPose_v1.2/wildpose/install/motor_controller_pkg:/home/naoya/WildPose_v1.2/wildpose/install/gamepad_pkg:/opt/ros/foxy /usr/bin/cmake --build /home/naoya/wildpose_v1.3/wildpose/build/livox_sdk_vendor -- -j16 -l16
[1.088s] Invoked command in '/home/naoya/wildpose_v1.3/wildpose/build/livox_sdk_vendor' returned '0': CMAKE_PREFIX_PATH=${CMAKE_PREFIX_PATH}:/home/naoya/wildpose_v1.3/wildpose/install/motor_controller_pkg:/home/naoya/wildpose_v1.3/wildpose/install/lidar_control_package:/home/naoya/wildpose_v1.3/wildpose/install/dji_rs3_pkg:/home/naoya/wildpose_v1.3/wildpose/install/opencv_tests:/home/naoya/wildpose_v1.3/wildpose/install/gamepad_pkg:/home/naoya/WildPose_v1.2/wildpose/install/motor_controller_pkg:/home/naoya/WildPose_v1.2/wildpose/install/gamepad_pkg:/opt/ros/foxy /usr/bin/cmake --build /home/naoya/wildpose_v1.3/wildpose/build/livox_sdk_vendor -- -j16 -l16
[1.119s] Invoking command in '/home/naoya/wildpose_v1.3/wildpose/build/livox_sdk_vendor': CMAKE_PREFIX_PATH=${CMAKE_PREFIX_PATH}:/home/naoya/wildpose_v1.3/wildpose/install/motor_controller_pkg:/home/naoya/wildpose_v1.3/wildpose/install/lidar_control_package:/home/naoya/wildpose_v1.3/wildpose/install/dji_rs3_pkg:/home/naoya/wildpose_v1.3/wildpose/install/opencv_tests:/home/naoya/wildpose_v1.3/wildpose/install/gamepad_pkg:/home/naoya/WildPose_v1.2/wildpose/install/motor_controller_pkg:/home/naoya/WildPose_v1.2/wildpose/install/gamepad_pkg:/opt/ros/foxy /usr/bin/cmake --install /home/naoya/wildpose_v1.3/wildpose/build/livox_sdk_vendor
[1.128s] -- Install configuration: ""
[1.129s] -- Execute custom install script
[1.130s] -- Up-to-date symlink: /home/naoya/wildpose_v1.3/wildpose/install/livox_sdk_vendor/share/livox_sdk_vendor/cmake/Modules/Findlivox_sdk.cmake
[1.130s] -- Up-to-date symlink: /home/naoya/wildpose_v1.3/wildpose/install/livox_sdk_vendor/share/ament_index/resource_index/package_run_dependencies/livox_sdk_vendor
[1.131s] -- Up-to-date symlink: /home/naoya/wildpose_v1.3/wildpose/install/livox_sdk_vendor/share/ament_index/resource_index/parent_prefix_path/livox_sdk_vendor
[1.133s] -- Up-to-date symlink: /home/naoya/wildpose_v1.3/wildpose/install/livox_sdk_vendor/share/livox_sdk_vendor/environment/ament_prefix_path.sh
[1.134s] -- Up-to-date symlink: /home/naoya/wildpose_v1.3/wildpose/install/livox_sdk_vendor/share/livox_sdk_vendor/environment/ament_prefix_path.dsv
[1.136s] -- Up-to-date symlink: /home/naoya/wildpose_v1.3/wildpose/install/livox_sdk_vendor/share/livox_sdk_vendor/environment/path.sh
[1.136s] -- Up-to-date symlink: /home/naoya/wildpose_v1.3/wildpose/install/livox_sdk_vendor/share/livox_sdk_vendor/environment/path.dsv
[1.136s] -- Up-to-date symlink: /home/naoya/wildpose_v1.3/wildpose/install/livox_sdk_vendor/share/livox_sdk_vendor/local_setup.bash
[1.136s] -- Up-to-date symlink: /home/naoya/wildpose_v1.3/wildpose/install/livox_sdk_vendor/share/livox_sdk_vendor/local_setup.sh
[1.136s] -- Up-to-date symlink: /home/naoya/wildpose_v1.3/wildpose/install/livox_sdk_vendor/share/livox_sdk_vendor/local_setup.zsh
[1.136s] -- Up-to-date symlink: /home/naoya/wildpose_v1.3/wildpose/install/livox_sdk_vendor/share/livox_sdk_vendor/local_setup.dsv
[1.136s] -- Symlinking: /home/naoya/wildpose_v1.3/wildpose/install/livox_sdk_vendor/share/livox_sdk_vendor/package.dsv
[1.139s] -- Up-to-date symlink: /home/naoya/wildpose_v1.3/wildpose/install/livox_sdk_vendor/share/ament_index/resource_index/packages/livox_sdk_vendor
[1.140s] -- Up-to-date symlink: /home/naoya/wildpose_v1.3/wildpose/install/livox_sdk_vendor/share/livox_sdk_vendor/cmake/livox_sdk_vendor-extras.cmake
[1.140s] -- Up-to-date symlink: /home/naoya/wildpose_v1.3/wildpose/install/livox_sdk_vendor/share/livox_sdk_vendor/cmake/livox_sdk_vendorConfig.cmake
[1.140s] -- Up-to-date symlink: /home/naoya/wildpose_v1.3/wildpose/install/livox_sdk_vendor/share/livox_sdk_vendor/cmake/livox_sdk_vendorConfig-version.cmake
[1.140s] -- Up-to-date symlink: /home/naoya/wildpose_v1.3/wildpose/install/livox_sdk_vendor/share/livox_sdk_vendor/package.xml
[1.141s] Invoked command in '/home/naoya/wildpose_v1.3/wildpose/build/livox_sdk_vendor' returned '0': CMAKE_PREFIX_PATH=${CMAKE_PREFIX_PATH}:/home/naoya/wildpose_v1.3/wildpose/install/motor_controller_pkg:/home/naoya/wildpose_v1.3/wildpose/install/lidar_control_package:/home/naoya/wildpose_v1.3/wildpose/install/dji_rs3_pkg:/home/naoya/wildpose_v1.3/wildpose/install/opencv_tests:/home/naoya/wildpose_v1.3/wildpose/install/gamepad_pkg:/home/naoya/WildPose_v1.2/wildpose/install/motor_controller_pkg:/home/naoya/WildPose_v1.2/wildpose/install/gamepad_pkg:/opt/ros/foxy /usr/bin/cmake --install /home/naoya/wildpose_v1.3/wildpose/build/livox_sdk_vendor
