[0.057s] Invoking command in '/home/m2s2/WildPose_v1.2-main/wildpose/build/ximea_ros2_cam': CMAKE_PREFIX_PATH=${CMAKE_PREFIX_PATH}:/home/m2s2/WildPose_v1.2-main/wildpose/install/motor_controller_pkg:/home/m2s2/WildPose_v1.2-main/wildpose/install/dji_rs3_pkg:/home/m2s2/WildPose_v1.2-main/wildpose/install/gamepad_pkg:/opt/ros/foxy /usr/bin/cmake --build /home/m2s2/WildPose_v1.2-main/wildpose/build/ximea_ros2_cam -- -j16 -l16
[0.237s] [35m[1mConsolidate compiler generated dependencies of target ximea_ros2_cam_node[0m
[0.237s] [100%] Built target ximea_ros2_cam_node
[0.244s] Invoked command in '/home/m2s2/WildPose_v1.2-main/wildpose/build/ximea_ros2_cam' returned '0': CMAKE_PREFIX_PATH=${CMAKE_PREFIX_PATH}:/home/m2s2/WildPose_v1.2-main/wildpose/install/motor_controller_pkg:/home/m2s2/WildPose_v1.2-main/wildpose/install/dji_rs3_pkg:/home/m2s2/WildPose_v1.2-main/wildpose/install/gamepad_pkg:/opt/ros/foxy /usr/bin/cmake --build /home/m2s2/WildPose_v1.2-main/wildpose/build/ximea_ros2_cam -- -j16 -l16
[0.268s] Invoking command in '/home/m2s2/WildPose_v1.2-main/wildpose/build/ximea_ros2_cam': CMAKE_PREFIX_PATH=${CMAKE_PREFIX_PATH}:/home/m2s2/WildPose_v1.2-main/wildpose/install/motor_controller_pkg:/home/m2s2/WildPose_v1.2-main/wildpose/install/dji_rs3_pkg:/home/m2s2/WildPose_v1.2-main/wildpose/install/gamepad_pkg:/opt/ros/foxy /usr/bin/cmake --install /home/m2s2/WildPose_v1.2-main/wildpose/build/ximea_ros2_cam
[0.275s] -- Install configuration: ""
[0.275s] -- Up-to-date: /home/m2s2/WildPose_v1.2-main/wildpose/install/ximea_ros2_cam/lib/ximea_ros2_cam/ximea_ros2_cam_node
[0.275s] -- Up-to-date: /home/m2s2/WildPose_v1.2-main/wildpose/install/ximea_ros2_cam/share/ximea_ros2_cam/config
[0.275s] -- Up-to-date: /home/m2s2/WildPose_v1.2-main/wildpose/install/ximea_ros2_cam/share/ximea_ros2_cam/config/xiCam_config.yaml
[0.275s] -- Up-to-date: /home/m2s2/WildPose_v1.2-main/wildpose/install/ximea_ros2_cam/share/ximea_ros2_cam/launch
[0.275s] -- Up-to-date: /home/m2s2/WildPose_v1.2-main/wildpose/install/ximea_ros2_cam/share/ximea_ros2_cam/launch/xiCam.launch.xml
[0.276s] -- Up-to-date: /home/m2s2/WildPose_v1.2-main/wildpose/install/ximea_ros2_cam/share/ament_index/resource_index/package_run_dependencies/ximea_ros2_cam
[0.276s] -- Up-to-date: /home/m2s2/WildPose_v1.2-main/wildpose/install/ximea_ros2_cam/share/ament_index/resource_index/parent_prefix_path/ximea_ros2_cam
[0.276s] -- Up-to-date: /home/m2s2/WildPose_v1.2-main/wildpose/install/ximea_ros2_cam/share/ximea_ros2_cam/environment/ament_prefix_path.sh
[0.276s] -- Up-to-date: /home/m2s2/WildPose_v1.2-main/wildpose/install/ximea_ros2_cam/share/ximea_ros2_cam/environment/ament_prefix_path.dsv
[0.276s] -- Up-to-date: /home/m2s2/WildPose_v1.2-main/wildpose/install/ximea_ros2_cam/share/ximea_ros2_cam/environment/path.sh
[0.276s] -- Up-to-date: /home/m2s2/WildPose_v1.2-main/wildpose/install/ximea_ros2_cam/share/ximea_ros2_cam/environment/path.dsv
[0.276s] -- Up-to-date: /home/m2s2/WildPose_v1.2-main/wildpose/install/ximea_ros2_cam/share/ximea_ros2_cam/local_setup.bash
[0.276s] -- Up-to-date: /home/m2s2/WildPose_v1.2-main/wildpose/install/ximea_ros2_cam/share/ximea_ros2_cam/local_setup.sh
[0.277s] -- Up-to-date: /home/m2s2/WildPose_v1.2-main/wildpose/install/ximea_ros2_cam/share/ximea_ros2_cam/local_setup.zsh
[0.277s] -- Up-to-date: /home/m2s2/WildPose_v1.2-main/wildpose/install/ximea_ros2_cam/share/ximea_ros2_cam/local_setup.dsv
[0.277s] -- Installing: /home/m2s2/WildPose_v1.2-main/wildpose/install/ximea_ros2_cam/share/ximea_ros2_cam/package.dsv
[0.277s] -- Up-to-date: /home/m2s2/WildPose_v1.2-main/wildpose/install/ximea_ros2_cam/share/ament_index/resource_index/packages/ximea_ros2_cam
[0.277s] -- Up-to-date: /home/m2s2/WildPose_v1.2-main/wildpose/install/ximea_ros2_cam/share/ximea_ros2_cam/cmake/ximea_ros2_camConfig.cmake
[0.277s] -- Up-to-date: /home/m2s2/WildPose_v1.2-main/wildpose/install/ximea_ros2_cam/share/ximea_ros2_cam/cmake/ximea_ros2_camConfig-version.cmake
[0.277s] -- Up-to-date: /home/m2s2/WildPose_v1.2-main/wildpose/install/ximea_ros2_cam/share/ximea_ros2_cam/package.xml
[0.293s] Invoked command in '/home/m2s2/WildPose_v1.2-main/wildpose/build/ximea_ros2_cam' returned '0': CMAKE_PREFIX_PATH=${CMAKE_PREFIX_PATH}:/home/m2s2/WildPose_v1.2-main/wildpose/install/motor_controller_pkg:/home/m2s2/WildPose_v1.2-main/wildpose/install/dji_rs3_pkg:/home/m2s2/WildPose_v1.2-main/wildpose/install/gamepad_pkg:/opt/ros/foxy /usr/bin/cmake --install /home/m2s2/WildPose_v1.2-main/wildpose/build/ximea_ros2_cam
