-- Install configuration: ""
-- Up-to-date: /home/naoya/wildpose_v1.3/wildpose/install/wildpose_bringup/share/wildpose_bringup/launch
-- Up-to-date: /home/naoya/wildpose_v1.3/wildpose/install/wildpose_bringup/share/wildpose_bringup/launch/motor_position_gui.py
-- Up-to-date: /home/naoya/wildpose_v1.3/wildpose/install/wildpose_bringup/share/wildpose_bringup/launch/ximea.launch.py
-- Up-to-date: /home/naoya/wildpose_v1.3/wildpose/install/wildpose_bringup/share/wildpose_bringup/launch/lens.launch.py
-- Installing: /home/naoya/wildpose_v1.3/wildpose/install/wildpose_bringup/share/wildpose_bringup/launch/gamepad.launch.py
-- Up-to-date: /home/naoya/wildpose_v1.3/wildpose/install/wildpose_bringup/share/wildpose_bringup/launch/wildpose_launch.py
-- Up-to-date: /home/naoya/wildpose_v1.3/wildpose/install/wildpose_bringup/share/wildpose_bringup/launch/lidar.launch.py
-- Up-to-date: /home/naoya/wildpose_v1.3/wildpose/install/wildpose_bringup/share/ament_index/resource_index/package_run_dependencies/wildpose_bringup
-- Up-to-date: /home/naoya/wildpose_v1.3/wildpose/install/wildpose_bringup/share/ament_index/resource_index/parent_prefix_path/wildpose_bringup
-- Up-to-date: /home/naoya/wildpose_v1.3/wildpose/install/wildpose_bringup/share/wildpose_bringup/environment/ament_prefix_path.sh
-- Up-to-date: /home/naoya/wildpose_v1.3/wildpose/install/wildpose_bringup/share/wildpose_bringup/environment/ament_prefix_path.dsv
-- Up-to-date: /home/naoya/wildpose_v1.3/wildpose/install/wildpose_bringup/share/wildpose_bringup/environment/path.sh
-- Up-to-date: /home/naoya/wildpose_v1.3/wildpose/install/wildpose_bringup/share/wildpose_bringup/environment/path.dsv
-- Up-to-date: /home/naoya/wildpose_v1.3/wildpose/install/wildpose_bringup/share/wildpose_bringup/local_setup.bash
-- Up-to-date: /home/naoya/wildpose_v1.3/wildpose/install/wildpose_bringup/share/wildpose_bringup/local_setup.sh
-- Up-to-date: /home/naoya/wildpose_v1.3/wildpose/install/wildpose_bringup/share/wildpose_bringup/local_setup.zsh
-- Up-to-date: /home/naoya/wildpose_v1.3/wildpose/install/wildpose_bringup/share/wildpose_bringup/local_setup.dsv
-- Installing: /home/naoya/wildpose_v1.3/wildpose/install/wildpose_bringup/share/wildpose_bringup/package.dsv
-- Up-to-date: /home/naoya/wildpose_v1.3/wildpose/install/wildpose_bringup/share/ament_index/resource_index/packages/wildpose_bringup
-- Up-to-date: /home/naoya/wildpose_v1.3/wildpose/install/wildpose_bringup/share/wildpose_bringup/cmake/wildpose_bringupConfig.cmake
-- Up-to-date: /home/naoya/wildpose_v1.3/wildpose/install/wildpose_bringup/share/wildpose_bringup/cmake/wildpose_bringupConfig-version.cmake
-- Up-to-date: /home/naoya/wildpose_v1.3/wildpose/install/wildpose_bringup/share/wildpose_bringup/package.xml
