[0.473s] Invoking command in '/home/m2s2/WildPose_v1.2-main/wildpose/src/gamepad_pkg': PYTHONPATH=/home/m2s2/WildPose_v1.2-main/wildpose/src/build/gamepad_pkg/prefix_override:/home/m2s2/WildPose_v1.2-main/wildpose/src/install/gamepad_pkg/lib/python3.8/site-packages:${PYTHONPATH} /usr/bin/python3 -W ignore:setup.py install is deprecated setup.py egg_info --egg-base ../build/gamepad_pkg build --build-base /home/m2s2/WildPose_v1.2-main/wildpose/src/build/gamepad_pkg/build install --record /home/m2s2/WildPose_v1.2-main/wildpose/src/build/gamepad_pkg/install.log --install-scripts $base/lib/gamepad_pkg --single-version-externally-managed install_data
[0.608s] running egg_info
[0.608s] creating ../build/gamepad_pkg/gamepad_pkg.egg-info
[0.608s] writing ../build/gamepad_pkg/gamepad_pkg.egg-info/PKG-INFO
[0.609s] writing dependency_links to ../build/gamepad_pkg/gamepad_pkg.egg-info/dependency_links.txt
[0.609s] writing entry points to ../build/gamepad_pkg/gamepad_pkg.egg-info/entry_points.txt
[0.609s] writing requirements to ../build/gamepad_pkg/gamepad_pkg.egg-info/requires.txt
[0.609s] writing top-level names to ../build/gamepad_pkg/gamepad_pkg.egg-info/top_level.txt
[0.609s] writing manifest file '../build/gamepad_pkg/gamepad_pkg.egg-info/SOURCES.txt'
[0.632s] reading manifest file '../build/gamepad_pkg/gamepad_pkg.egg-info/SOURCES.txt'
[0.633s] writing manifest file '../build/gamepad_pkg/gamepad_pkg.egg-info/SOURCES.txt'
[0.633s] running build
[0.633s] running build_py
[0.633s] creating /home/m2s2/WildPose_v1.2-main/wildpose/src/build/gamepad_pkg/build
[0.633s] creating /home/m2s2/WildPose_v1.2-main/wildpose/src/build/gamepad_pkg/build/lib
[0.633s] creating /home/m2s2/WildPose_v1.2-main/wildpose/src/build/gamepad_pkg/build/lib/gamepad_pkg
[0.633s] copying gamepad_pkg/__init__.py -> /home/m2s2/WildPose_v1.2-main/wildpose/src/build/gamepad_pkg/build/lib/gamepad_pkg
[0.634s] running install
[0.634s] running install_lib
[0.634s] creating /home/m2s2/WildPose_v1.2-main/wildpose/src/install/gamepad_pkg/lib/python3.8/site-packages/gamepad_pkg
[0.634s] copying /home/m2s2/WildPose_v1.2-main/wildpose/src/build/gamepad_pkg/build/lib/gamepad_pkg/__init__.py -> /home/m2s2/WildPose_v1.2-main/wildpose/src/install/gamepad_pkg/lib/python3.8/site-packages/gamepad_pkg
[0.635s] byte-compiling /home/m2s2/WildPose_v1.2-main/wildpose/src/install/gamepad_pkg/lib/python3.8/site-packages/gamepad_pkg/__init__.py to __init__.cpython-38.pyc
[0.636s] running install_data
[0.636s] creating /home/m2s2/WildPose_v1.2-main/wildpose/src/install/gamepad_pkg/share/ament_index
[0.636s] creating /home/m2s2/WildPose_v1.2-main/wildpose/src/install/gamepad_pkg/share/ament_index/resource_index
[0.636s] creating /home/m2s2/WildPose_v1.2-main/wildpose/src/install/gamepad_pkg/share/ament_index/resource_index/packages
[0.636s] copying resource/gamepad_pkg -> /home/m2s2/WildPose_v1.2-main/wildpose/src/install/gamepad_pkg/share/ament_index/resource_index/packages
[0.636s] copying package.xml -> /home/m2s2/WildPose_v1.2-main/wildpose/src/install/gamepad_pkg/share/gamepad_pkg
[0.636s] running install_egg_info
[0.639s] Copying ../build/gamepad_pkg/gamepad_pkg.egg-info to /home/m2s2/WildPose_v1.2-main/wildpose/src/install/gamepad_pkg/lib/python3.8/site-packages/gamepad_pkg-0.0.0-py3.8.egg-info
[0.639s] running install_scripts
[0.651s] writing list of installed files to '/home/m2s2/WildPose_v1.2-main/wildpose/src/build/gamepad_pkg/install.log'
[0.665s] Invoked command in '/home/m2s2/WildPose_v1.2-main/wildpose/src/gamepad_pkg' returned '0': PYTHONPATH=/home/m2s2/WildPose_v1.2-main/wildpose/src/build/gamepad_pkg/prefix_override:/home/m2s2/WildPose_v1.2-main/wildpose/src/install/gamepad_pkg/lib/python3.8/site-packages:${PYTHONPATH} /usr/bin/python3 -W ignore:setup.py install is deprecated setup.py egg_info --egg-base ../build/gamepad_pkg build --build-base /home/m2s2/WildPose_v1.2-main/wildpose/src/build/gamepad_pkg/build install --record /home/m2s2/WildPose_v1.2-main/wildpose/src/build/gamepad_pkg/install.log --install-scripts $base/lib/gamepad_pkg --single-version-externally-managed install_data
