running develop
Removing /home/naoya/wildpose_v1.3/wildpose/install/gamepad_pkg/lib/python3.8/site-packages/gamepad-pkg.egg-link (link to .)
running egg_info
writing ../../build/gamepad_pkg/gamepad_pkg.egg-info/PKG-INFO
writing dependency_links to ../../build/gamepad_pkg/gamepad_pkg.egg-info/dependency_links.txt
writing entry points to ../../build/gamepad_pkg/gamepad_pkg.egg-info/entry_points.txt
writing requirements to ../../build/gamepad_pkg/gamepad_pkg.egg-info/requires.txt
writing top-level names to ../../build/gamepad_pkg/gamepad_pkg.egg-info/top_level.txt
reading manifest file '../../build/gamepad_pkg/gamepad_pkg.egg-info/SOURCES.txt'
writing manifest file '../../build/gamepad_pkg/gamepad_pkg.egg-info/SOURCES.txt'
running build
running build_py
running install
running install_lib
creating /home/naoya/wildpose_v1.3/wildpose/install/gamepad_pkg/lib/python3.8/site-packages/gamepad_pkg
copying /home/naoya/wildpose_v1.3/wildpose/build/gamepad_pkg/build/lib/gamepad_pkg/__init__.py -> /home/naoya/wildpose_v1.3/wildpose/install/gamepad_pkg/lib/python3.8/site-packages/gamepad_pkg
byte-compiling /home/naoya/wildpose_v1.3/wildpose/install/gamepad_pkg/lib/python3.8/site-packages/gamepad_pkg/__init__.py to __init__.cpython-38.pyc
running install_data
running install_egg_info
Copying ../../build/gamepad_pkg/gamepad_pkg.egg-info to /home/naoya/wildpose_v1.3/wildpose/install/gamepad_pkg/lib/python3.8/site-packages/gamepad_pkg-0.0.0-py3.8.egg-info
running install_scripts
writing list of installed files to '/home/naoya/wildpose_v1.3/wildpose/build/gamepad_pkg/install.log'
