[0.521s] Invoking command in '/home/naoya/wildpose_v1.3/wildpose/build/vision_opencv': AMENT_PREFIX_PATH=/home/naoya/wildpose_v1.3/wildpose/install/image_geometry:/home/naoya/wildpose_v1.3/wildpose/install/cv_bridge:${AMENT_PREFIX_PATH} CMAKE_PREFIX_PATH=/home/naoya/wildpose_v1.3/wildpose/install/image_geometry:/home/naoya/wildpose_v1.3/wildpose/install/cv_bridge:/home/naoya/WildPose_v1.2/wildpose/install/wildpose_bringup:/home/naoya/WildPose_v1.2/wildpose/install/wildpose_interfaces:/home/naoya/ros2_ws/livox_ros2_driver/install/livox_ros2_driver:/home/naoya/ros2_ws/livox_ros2_driver/install/livox_sdk_vendor:/home/naoya/ros2_ws/livox_ros2_driver/install/livox_interfaces:/home/naoya/ros2_ws/ximea_ros2_cam/install/ximea_ros2_cam:/home/naoya/ros2_ws/rmw_ecal/install/rmw_ecal_dynamic_cpp:/home/naoya/ros2_ws/rmw_ecal/install/rmw_ecal_shared_cpp:/home/naoya/WildPose_v1.2/wildpose/install/motor_controller_pkg:/home/naoya/WildPose_v1.2/wildpose/install/gamepad_pkg:/opt/ros/foxy LD_LIBRARY_PATH=/home/naoya/wildpose_v1.3/wildpose/install/image_geometry/lib:/home/naoya/wildpose_v1.3/wildpose/install/cv_bridge/lib:${LD_LIBRARY_PATH} PYTHONPATH=/home/naoya/wildpose_v1.3/wildpose/install/image_geometry/lib/python3.8/site-packages:/home/naoya/wildpose_v1.3/wildpose/install/cv_bridge/lib/python3.8/site-packages:${PYTHONPATH} /usr/bin/cmake /home/naoya/wildpose_v1.3/wildpose/src/vision_opencv/vision_opencv -DAMENT_CMAKE_SYMLINK_INSTALL=1 -DCMAKE_INSTALL_PREFIX=/home/naoya/wildpose_v1.3/wildpose/install/vision_opencv
[0.569s] -- The C compiler identification is GNU 9.4.0
[0.615s] -- The CXX compiler identification is GNU 9.4.0
[0.620s] -- Check for working C compiler: /usr/bin/cc
[0.682s] -- Check for working C compiler: /usr/bin/cc -- works
[0.683s] -- Detecting C compiler ABI info
[0.746s] -- Detecting C compiler ABI info - done
[0.756s] -- Detecting C compile features
[0.756s] -- Detecting C compile features - done
[0.757s] -- Check for working CXX compiler: /usr/bin/c++
[0.834s] -- Check for working CXX compiler: /usr/bin/c++ -- works
[0.835s] -- Detecting CXX compiler ABI info
[0.911s] -- Detecting CXX compiler ABI info - done
[0.918s] -- Detecting CXX compile features
[0.919s] -- Detecting CXX compile features - done
[0.920s] -- Found ament_cmake: 0.9.12 (/opt/ros/foxy/share/ament_cmake/cmake)
[0.949s] -- Found PythonInterp: /usr/bin/python3 (found suitable version "3.8.10", minimum required is "3") 
[0.949s] -- Using PYTHON_EXECUTABLE: /usr/bin/python3
[1.081s] -- Override CMake install command with custom implementation using symlinks instead of copying resources
[1.165s] -- Configuring done
[1.166s] -- Generating done
[1.167s] -- Build files have been written to: /home/naoya/wildpose_v1.3/wildpose/build/vision_opencv
[1.171s] Invoked command in '/home/naoya/wildpose_v1.3/wildpose/build/vision_opencv' returned '0': AMENT_PREFIX_PATH=/home/naoya/wildpose_v1.3/wildpose/install/image_geometry:/home/naoya/wildpose_v1.3/wildpose/install/cv_bridge:${AMENT_PREFIX_PATH} CMAKE_PREFIX_PATH=/home/naoya/wildpose_v1.3/wildpose/install/image_geometry:/home/naoya/wildpose_v1.3/wildpose/install/cv_bridge:/home/naoya/WildPose_v1.2/wildpose/install/wildpose_bringup:/home/naoya/WildPose_v1.2/wildpose/install/wildpose_interfaces:/home/naoya/ros2_ws/livox_ros2_driver/install/livox_ros2_driver:/home/naoya/ros2_ws/livox_ros2_driver/install/livox_sdk_vendor:/home/naoya/ros2_ws/livox_ros2_driver/install/livox_interfaces:/home/naoya/ros2_ws/ximea_ros2_cam/install/ximea_ros2_cam:/home/naoya/ros2_ws/rmw_ecal/install/rmw_ecal_dynamic_cpp:/home/naoya/ros2_ws/rmw_ecal/install/rmw_ecal_shared_cpp:/home/naoya/WildPose_v1.2/wildpose/install/motor_controller_pkg:/home/naoya/WildPose_v1.2/wildpose/install/gamepad_pkg:/opt/ros/foxy LD_LIBRARY_PATH=/home/naoya/wildpose_v1.3/wildpose/install/image_geometry/lib:/home/naoya/wildpose_v1.3/wildpose/install/cv_bridge/lib:${LD_LIBRARY_PATH} PYTHONPATH=/home/naoya/wildpose_v1.3/wildpose/install/image_geometry/lib/python3.8/site-packages:/home/naoya/wildpose_v1.3/wildpose/install/cv_bridge/lib/python3.8/site-packages:${PYTHONPATH} /usr/bin/cmake /home/naoya/wildpose_v1.3/wildpose/src/vision_opencv/vision_opencv -DAMENT_CMAKE_SYMLINK_INSTALL=1 -DCMAKE_INSTALL_PREFIX=/home/naoya/wildpose_v1.3/wildpose/install/vision_opencv
[1.175s] Invoking command in '/home/naoya/wildpose_v1.3/wildpose/build/vision_opencv': AMENT_PREFIX_PATH=/home/naoya/wildpose_v1.3/wildpose/install/image_geometry:/home/naoya/wildpose_v1.3/wildpose/install/cv_bridge:${AMENT_PREFIX_PATH} CMAKE_PREFIX_PATH=/home/naoya/wildpose_v1.3/wildpose/install/image_geometry:/home/naoya/wildpose_v1.3/wildpose/install/cv_bridge:/home/naoya/WildPose_v1.2/wildpose/install/wildpose_bringup:/home/naoya/WildPose_v1.2/wildpose/install/wildpose_interfaces:/home/naoya/ros2_ws/livox_ros2_driver/install/livox_ros2_driver:/home/naoya/ros2_ws/livox_ros2_driver/install/livox_sdk_vendor:/home/naoya/ros2_ws/livox_ros2_driver/install/livox_interfaces:/home/naoya/ros2_ws/ximea_ros2_cam/install/ximea_ros2_cam:/home/naoya/ros2_ws/rmw_ecal/install/rmw_ecal_dynamic_cpp:/home/naoya/ros2_ws/rmw_ecal/install/rmw_ecal_shared_cpp:/home/naoya/WildPose_v1.2/wildpose/install/motor_controller_pkg:/home/naoya/WildPose_v1.2/wildpose/install/gamepad_pkg:/opt/ros/foxy LD_LIBRARY_PATH=/home/naoya/wildpose_v1.3/wildpose/install/image_geometry/lib:/home/naoya/wildpose_v1.3/wildpose/install/cv_bridge/lib:${LD_LIBRARY_PATH} PYTHONPATH=/home/naoya/wildpose_v1.3/wildpose/install/image_geometry/lib/python3.8/site-packages:/home/naoya/wildpose_v1.3/wildpose/install/cv_bridge/lib/python3.8/site-packages:${PYTHONPATH} /usr/bin/cmake --build /home/naoya/wildpose_v1.3/wildpose/build/vision_opencv -- -j16 -l16
[1.296s] Invoked command in '/home/naoya/wildpose_v1.3/wildpose/build/vision_opencv' returned '0': AMENT_PREFIX_PATH=/home/naoya/wildpose_v1.3/wildpose/install/image_geometry:/home/naoya/wildpose_v1.3/wildpose/install/cv_bridge:${AMENT_PREFIX_PATH} CMAKE_PREFIX_PATH=/home/naoya/wildpose_v1.3/wildpose/install/image_geometry:/home/naoya/wildpose_v1.3/wildpose/install/cv_bridge:/home/naoya/WildPose_v1.2/wildpose/install/wildpose_bringup:/home/naoya/WildPose_v1.2/wildpose/install/wildpose_interfaces:/home/naoya/ros2_ws/livox_ros2_driver/install/livox_ros2_driver:/home/naoya/ros2_ws/livox_ros2_driver/install/livox_sdk_vendor:/home/naoya/ros2_ws/livox_ros2_driver/install/livox_interfaces:/home/naoya/ros2_ws/ximea_ros2_cam/install/ximea_ros2_cam:/home/naoya/ros2_ws/rmw_ecal/install/rmw_ecal_dynamic_cpp:/home/naoya/ros2_ws/rmw_ecal/install/rmw_ecal_shared_cpp:/home/naoya/WildPose_v1.2/wildpose/install/motor_controller_pkg:/home/naoya/WildPose_v1.2/wildpose/install/gamepad_pkg:/opt/ros/foxy LD_LIBRARY_PATH=/home/naoya/wildpose_v1.3/wildpose/install/image_geometry/lib:/home/naoya/wildpose_v1.3/wildpose/install/cv_bridge/lib:${LD_LIBRARY_PATH} PYTHONPATH=/home/naoya/wildpose_v1.3/wildpose/install/image_geometry/lib/python3.8/site-packages:/home/naoya/wildpose_v1.3/wildpose/install/cv_bridge/lib/python3.8/site-packages:${PYTHONPATH} /usr/bin/cmake --build /home/naoya/wildpose_v1.3/wildpose/build/vision_opencv -- -j16 -l16
[1.316s] Invoking command in '/home/naoya/wildpose_v1.3/wildpose/build/vision_opencv': AMENT_PREFIX_PATH=/home/naoya/wildpose_v1.3/wildpose/install/image_geometry:/home/naoya/wildpose_v1.3/wildpose/install/cv_bridge:${AMENT_PREFIX_PATH} CMAKE_PREFIX_PATH=/home/naoya/wildpose_v1.3/wildpose/install/image_geometry:/home/naoya/wildpose_v1.3/wildpose/install/cv_bridge:/home/naoya/WildPose_v1.2/wildpose/install/wildpose_bringup:/home/naoya/WildPose_v1.2/wildpose/install/wildpose_interfaces:/home/naoya/ros2_ws/livox_ros2_driver/install/livox_ros2_driver:/home/naoya/ros2_ws/livox_ros2_driver/install/livox_sdk_vendor:/home/naoya/ros2_ws/livox_ros2_driver/install/livox_interfaces:/home/naoya/ros2_ws/ximea_ros2_cam/install/ximea_ros2_cam:/home/naoya/ros2_ws/rmw_ecal/install/rmw_ecal_dynamic_cpp:/home/naoya/ros2_ws/rmw_ecal/install/rmw_ecal_shared_cpp:/home/naoya/WildPose_v1.2/wildpose/install/motor_controller_pkg:/home/naoya/WildPose_v1.2/wildpose/install/gamepad_pkg:/opt/ros/foxy LD_LIBRARY_PATH=/home/naoya/wildpose_v1.3/wildpose/install/image_geometry/lib:/home/naoya/wildpose_v1.3/wildpose/install/cv_bridge/lib:${LD_LIBRARY_PATH} PYTHONPATH=/home/naoya/wildpose_v1.3/wildpose/install/image_geometry/lib/python3.8/site-packages:/home/naoya/wildpose_v1.3/wildpose/install/cv_bridge/lib/python3.8/site-packages:${PYTHONPATH} /usr/bin/cmake --install /home/naoya/wildpose_v1.3/wildpose/build/vision_opencv
[1.331s] -- Install configuration: ""
[1.331s] -- Execute custom install script
[1.331s] -- Symlinking: /home/naoya/wildpose_v1.3/wildpose/install/vision_opencv/share/ament_index/resource_index/package_run_dependencies/vision_opencv
[1.339s] -- Symlinking: /home/naoya/wildpose_v1.3/wildpose/install/vision_opencv/share/ament_index/resource_index/parent_prefix_path/vision_opencv
[1.345s] -- Symlinking: /home/naoya/wildpose_v1.3/wildpose/install/vision_opencv/share/vision_opencv/environment/ament_prefix_path.sh
[1.359s] -- Symlinking: /home/naoya/wildpose_v1.3/wildpose/install/vision_opencv/share/vision_opencv/environment/ament_prefix_path.dsv
[1.369s] -- Symlinking: /home/naoya/wildpose_v1.3/wildpose/install/vision_opencv/share/vision_opencv/environment/path.sh
[1.376s] -- Symlinking: /home/naoya/wildpose_v1.3/wildpose/install/vision_opencv/share/vision_opencv/environment/path.dsv
[1.386s] -- Symlinking: /home/naoya/wildpose_v1.3/wildpose/install/vision_opencv/share/vision_opencv/local_setup.bash
[1.399s] -- Symlinking: /home/naoya/wildpose_v1.3/wildpose/install/vision_opencv/share/vision_opencv/local_setup.sh
[1.409s] -- Symlinking: /home/naoya/wildpose_v1.3/wildpose/install/vision_opencv/share/vision_opencv/local_setup.zsh
[1.422s] -- Symlinking: /home/naoya/wildpose_v1.3/wildpose/install/vision_opencv/share/vision_opencv/local_setup.dsv
[1.430s] -- Symlinking: /home/naoya/wildpose_v1.3/wildpose/install/vision_opencv/share/vision_opencv/package.dsv
[1.438s] -- Symlinking: /home/naoya/wildpose_v1.3/wildpose/install/vision_opencv/share/ament_index/resource_index/packages/vision_opencv
[1.453s] -- Symlinking: /home/naoya/wildpose_v1.3/wildpose/install/vision_opencv/share/vision_opencv/cmake/vision_opencvConfig.cmake
[1.463s] -- Symlinking: /home/naoya/wildpose_v1.3/wildpose/install/vision_opencv/share/vision_opencv/cmake/vision_opencvConfig-version.cmake
[1.473s] -- Symlinking: /home/naoya/wildpose_v1.3/wildpose/install/vision_opencv/share/vision_opencv/package.xml
[1.488s] Invoked command in '/home/naoya/wildpose_v1.3/wildpose/build/vision_opencv' returned '0': AMENT_PREFIX_PATH=/home/naoya/wildpose_v1.3/wildpose/install/image_geometry:/home/naoya/wildpose_v1.3/wildpose/install/cv_bridge:${AMENT_PREFIX_PATH} CMAKE_PREFIX_PATH=/home/naoya/wildpose_v1.3/wildpose/install/image_geometry:/home/naoya/wildpose_v1.3/wildpose/install/cv_bridge:/home/naoya/WildPose_v1.2/wildpose/install/wildpose_bringup:/home/naoya/WildPose_v1.2/wildpose/install/wildpose_interfaces:/home/naoya/ros2_ws/livox_ros2_driver/install/livox_ros2_driver:/home/naoya/ros2_ws/livox_ros2_driver/install/livox_sdk_vendor:/home/naoya/ros2_ws/livox_ros2_driver/install/livox_interfaces:/home/naoya/ros2_ws/ximea_ros2_cam/install/ximea_ros2_cam:/home/naoya/ros2_ws/rmw_ecal/install/rmw_ecal_dynamic_cpp:/home/naoya/ros2_ws/rmw_ecal/install/rmw_ecal_shared_cpp:/home/naoya/WildPose_v1.2/wildpose/install/motor_controller_pkg:/home/naoya/WildPose_v1.2/wildpose/install/gamepad_pkg:/opt/ros/foxy LD_LIBRARY_PATH=/home/naoya/wildpose_v1.3/wildpose/install/image_geometry/lib:/home/naoya/wildpose_v1.3/wildpose/install/cv_bridge/lib:${LD_LIBRARY_PATH} PYTHONPATH=/home/naoya/wildpose_v1.3/wildpose/install/image_geometry/lib/python3.8/site-packages:/home/naoya/wildpose_v1.3/wildpose/install/cv_bridge/lib/python3.8/site-packages:${PYTHONPATH} /usr/bin/cmake --install /home/naoya/wildpose_v1.3/wildpose/build/vision_opencv
