[0.028s] Invoking command in '/home/m2s2/WildPose_v1.2-main/wildpose/build/livox_sdk_vendor': CMAKE_PREFIX_PATH=${CMAKE_PREFIX_PATH}:/home/m2s2/WildPose_v1.2-main/wildpose/install/motor_controller_pkg:/home/m2s2/WildPose_v1.2-main/wildpose/install/dji_rs3_pkg:/home/m2s2/WildPose_v1.2-main/wildpose/install/gamepad_pkg:/opt/ros/foxy /usr/bin/cmake --build /home/m2s2/WildPose_v1.2-main/wildpose/build/livox_sdk_vendor -- -j16 -l16
[0.191s] Invoked command in '/home/m2s2/WildPose_v1.2-main/wildpose/build/livox_sdk_vendor' returned '0': CMAKE_PREFIX_PATH=${CMAKE_PREFIX_PATH}:/home/m2s2/WildPose_v1.2-main/wildpose/install/motor_controller_pkg:/home/m2s2/WildPose_v1.2-main/wildpose/install/dji_rs3_pkg:/home/m2s2/WildPose_v1.2-main/wildpose/install/gamepad_pkg:/opt/ros/foxy /usr/bin/cmake --build /home/m2s2/WildPose_v1.2-main/wildpose/build/livox_sdk_vendor -- -j16 -l16
[0.214s] Invoking command in '/home/m2s2/WildPose_v1.2-main/wildpose/build/livox_sdk_vendor': CMAKE_PREFIX_PATH=${CMAKE_PREFIX_PATH}:/home/m2s2/WildPose_v1.2-main/wildpose/install/motor_controller_pkg:/home/m2s2/WildPose_v1.2-main/wildpose/install/dji_rs3_pkg:/home/m2s2/WildPose_v1.2-main/wildpose/install/gamepad_pkg:/opt/ros/foxy /usr/bin/cmake --install /home/m2s2/WildPose_v1.2-main/wildpose/build/livox_sdk_vendor
[0.228s] -- Install configuration: ""
[0.229s] -- Up-to-date: /home/m2s2/WildPose_v1.2-main/wildpose/install/livox_sdk_vendor/share/livox_sdk_vendor/cmake
[0.229s] -- Up-to-date: /home/m2s2/WildPose_v1.2-main/wildpose/install/livox_sdk_vendor/share/livox_sdk_vendor/cmake/Modules
[0.229s] -- Up-to-date: /home/m2s2/WildPose_v1.2-main/wildpose/install/livox_sdk_vendor/share/livox_sdk_vendor/cmake/Modules/Findlivox_sdk.cmake
[0.229s] -- Up-to-date: /home/m2s2/WildPose_v1.2-main/wildpose/install/livox_sdk_vendor/share/ament_index/resource_index/package_run_dependencies/livox_sdk_vendor
[0.229s] -- Up-to-date: /home/m2s2/WildPose_v1.2-main/wildpose/install/livox_sdk_vendor/share/ament_index/resource_index/parent_prefix_path/livox_sdk_vendor
[0.229s] -- Up-to-date: /home/m2s2/WildPose_v1.2-main/wildpose/install/livox_sdk_vendor/share/livox_sdk_vendor/environment/ament_prefix_path.sh
[0.230s] -- Up-to-date: /home/m2s2/WildPose_v1.2-main/wildpose/install/livox_sdk_vendor/share/livox_sdk_vendor/environment/ament_prefix_path.dsv
[0.231s] -- Up-to-date: /home/m2s2/WildPose_v1.2-main/wildpose/install/livox_sdk_vendor/share/livox_sdk_vendor/environment/path.sh
[0.231s] -- Up-to-date: /home/m2s2/WildPose_v1.2-main/wildpose/install/livox_sdk_vendor/share/livox_sdk_vendor/environment/path.dsv
[0.231s] -- Up-to-date: /home/m2s2/WildPose_v1.2-main/wildpose/install/livox_sdk_vendor/share/livox_sdk_vendor/local_setup.bash
[0.231s] -- Up-to-date: /home/m2s2/WildPose_v1.2-main/wildpose/install/livox_sdk_vendor/share/livox_sdk_vendor/local_setup.sh
[0.232s] -- Up-to-date: /home/m2s2/WildPose_v1.2-main/wildpose/install/livox_sdk_vendor/share/livox_sdk_vendor/local_setup.zsh
[0.233s] -- Up-to-date: /home/m2s2/WildPose_v1.2-main/wildpose/install/livox_sdk_vendor/share/livox_sdk_vendor/local_setup.dsv
[0.233s] -- Installing: /home/m2s2/WildPose_v1.2-main/wildpose/install/livox_sdk_vendor/share/livox_sdk_vendor/package.dsv
[0.233s] -- Up-to-date: /home/m2s2/WildPose_v1.2-main/wildpose/install/livox_sdk_vendor/share/ament_index/resource_index/packages/livox_sdk_vendor
[0.234s] -- Up-to-date: /home/m2s2/WildPose_v1.2-main/wildpose/install/livox_sdk_vendor/share/livox_sdk_vendor/cmake/livox_sdk_vendor-extras.cmake
[0.234s] -- Up-to-date: /home/m2s2/WildPose_v1.2-main/wildpose/install/livox_sdk_vendor/share/livox_sdk_vendor/cmake/livox_sdk_vendorConfig.cmake
[0.234s] -- Up-to-date: /home/m2s2/WildPose_v1.2-main/wildpose/install/livox_sdk_vendor/share/livox_sdk_vendor/cmake/livox_sdk_vendorConfig-version.cmake
[0.235s] -- Up-to-date: /home/m2s2/WildPose_v1.2-main/wildpose/install/livox_sdk_vendor/share/livox_sdk_vendor/package.xml
[0.245s] Invoked command in '/home/m2s2/WildPose_v1.2-main/wildpose/build/livox_sdk_vendor' returned '0': CMAKE_PREFIX_PATH=${CMAKE_PREFIX_PATH}:/home/m2s2/WildPose_v1.2-main/wildpose/install/motor_controller_pkg:/home/m2s2/WildPose_v1.2-main/wildpose/install/dji_rs3_pkg:/home/m2s2/WildPose_v1.2-main/wildpose/install/gamepad_pkg:/opt/ros/foxy /usr/bin/cmake --install /home/m2s2/WildPose_v1.2-main/wildpose/build/livox_sdk_vendor
