[0.546s] Invoking command in '/home/naoya/wildpose_v1.3/wildpose/build/image_geometry': CMAKE_PREFIX_PATH=${CMAKE_PREFIX_PATH}:/home/naoya/WildPose_v1.2/wildpose/install/motor_controller_pkg:/home/naoya/WildPose_v1.2/wildpose/install/gamepad_pkg:/opt/ros/foxy /usr/bin/cmake --build /home/naoya/wildpose_v1.3/wildpose/build/image_geometry -- -j16 -l16
[0.942s] [ 18%] Built target gtest_main
[0.942s] [ 36%] Built target gtest
[0.942s] [ 63%] Built target image_geometry
[0.942s] [ 81%] Built target image_geometry-utest
[0.942s] [100%] Built target image_geometry-utest-equi
[0.953s] Invoked command in '/home/naoya/wildpose_v1.3/wildpose/build/image_geometry' returned '0': CMAKE_PREFIX_PATH=${CMAKE_PREFIX_PATH}:/home/naoya/WildPose_v1.2/wildpose/install/motor_controller_pkg:/home/naoya/WildPose_v1.2/wildpose/install/gamepad_pkg:/opt/ros/foxy /usr/bin/cmake --build /home/naoya/wildpose_v1.3/wildpose/build/image_geometry -- -j16 -l16
[1.009s] Invoking command in '/home/naoya/wildpose_v1.3/wildpose/build/image_geometry': CMAKE_PREFIX_PATH=${CMAKE_PREFIX_PATH}:/home/naoya/WildPose_v1.2/wildpose/install/motor_controller_pkg:/home/naoya/WildPose_v1.2/wildpose/install/gamepad_pkg:/opt/ros/foxy /usr/bin/cmake --install /home/naoya/wildpose_v1.3/wildpose/build/image_geometry
[1.025s] -- Install configuration: ""
[1.025s] -- Execute custom install script
[1.025s] -- Up-to-date symlink: /home/naoya/wildpose_v1.3/wildpose/install/image_geometry/share/image_geometry/environment/pythonpath.sh
[1.025s] -- Up-to-date symlink: /home/naoya/wildpose_v1.3/wildpose/install/image_geometry/share/image_geometry/environment/pythonpath.dsv
[1.025s] -- Up-to-date symlink: /home/naoya/wildpose_v1.3/wildpose/install/image_geometry/lib/python3.8/site-packages/image_geometry/__init__.py
[1.026s] -- Up-to-date symlink: /home/naoya/wildpose_v1.3/wildpose/install/image_geometry/lib/python3.8/site-packages/image_geometry/cameramodels.py
[1.026s] -- Up-to-date symlink: /home/naoya/wildpose_v1.3/wildpose/install/image_geometry/include/image_geometry/pinhole_camera_model.h
[1.026s] -- Up-to-date symlink: /home/naoya/wildpose_v1.3/wildpose/install/image_geometry/include/image_geometry/stereo_camera_model.h
[1.026s] -- Up-to-date symlink: /home/naoya/wildpose_v1.3/wildpose/install/image_geometry/include/image_geometry/visibility_control.hpp
[1.026s] -- Up-to-date symlink: /home/naoya/wildpose_v1.3/wildpose/install/image_geometry/lib/libimage_geometry.so
[1.026s] -- Up-to-date symlink: /home/naoya/wildpose_v1.3/wildpose/install/image_geometry/share/image_geometry/environment/library_path.sh
[1.026s] -- Up-to-date symlink: /home/naoya/wildpose_v1.3/wildpose/install/image_geometry/share/image_geometry/environment/library_path.dsv
[1.026s] -- Up-to-date symlink: /home/naoya/wildpose_v1.3/wildpose/install/image_geometry/share/ament_index/resource_index/package_run_dependencies/image_geometry
[1.026s] -- Up-to-date symlink: /home/naoya/wildpose_v1.3/wildpose/install/image_geometry/share/ament_index/resource_index/parent_prefix_path/image_geometry
[1.028s] -- Up-to-date symlink: /home/naoya/wildpose_v1.3/wildpose/install/image_geometry/share/image_geometry/environment/ament_prefix_path.sh
[1.028s] -- Up-to-date symlink: /home/naoya/wildpose_v1.3/wildpose/install/image_geometry/share/image_geometry/environment/ament_prefix_path.dsv
[1.028s] -- Up-to-date symlink: /home/naoya/wildpose_v1.3/wildpose/install/image_geometry/share/image_geometry/environment/path.sh
[1.028s] -- Up-to-date symlink: /home/naoya/wildpose_v1.3/wildpose/install/image_geometry/share/image_geometry/environment/path.dsv
[1.028s] -- Up-to-date symlink: /home/naoya/wildpose_v1.3/wildpose/install/image_geometry/share/image_geometry/local_setup.bash
[1.031s] -- Up-to-date symlink: /home/naoya/wildpose_v1.3/wildpose/install/image_geometry/share/image_geometry/local_setup.sh
[1.031s] -- Up-to-date symlink: /home/naoya/wildpose_v1.3/wildpose/install/image_geometry/share/image_geometry/local_setup.zsh
[1.031s] -- Up-to-date symlink: /home/naoya/wildpose_v1.3/wildpose/install/image_geometry/share/image_geometry/local_setup.dsv
[1.036s] -- Symlinking: /home/naoya/wildpose_v1.3/wildpose/install/image_geometry/share/image_geometry/package.dsv
[1.041s] -- Up-to-date symlink: /home/naoya/wildpose_v1.3/wildpose/install/image_geometry/share/ament_index/resource_index/packages/image_geometry
[1.041s] -- Up-to-date symlink: /home/naoya/wildpose_v1.3/wildpose/install/image_geometry/share/image_geometry/cmake/ament_cmake_export_libraries-extras.cmake
[1.042s] -- Up-to-date symlink: /home/naoya/wildpose_v1.3/wildpose/install/image_geometry/share/image_geometry/cmake/ament_cmake_export_dependencies-extras.cmake
[1.042s] -- Up-to-date symlink: /home/naoya/wildpose_v1.3/wildpose/install/image_geometry/share/image_geometry/cmake/ament_cmake_export_include_directories-extras.cmake
[1.042s] -- Up-to-date symlink: /home/naoya/wildpose_v1.3/wildpose/install/image_geometry/share/image_geometry/cmake/image_geometryConfig.cmake
[1.042s] -- Up-to-date symlink: /home/naoya/wildpose_v1.3/wildpose/install/image_geometry/share/image_geometry/cmake/image_geometryConfig-version.cmake
[1.042s] -- Up-to-date symlink: /home/naoya/wildpose_v1.3/wildpose/install/image_geometry/share/image_geometry/package.xml
[1.074s] Listing '/home/naoya/wildpose_v1.3/wildpose/install/image_geometry/lib/python3.8/site-packages/image_geometry'...
[1.145s] Invoked command in '/home/naoya/wildpose_v1.3/wildpose/build/image_geometry' returned '0': CMAKE_PREFIX_PATH=${CMAKE_PREFIX_PATH}:/home/naoya/WildPose_v1.2/wildpose/install/motor_controller_pkg:/home/naoya/WildPose_v1.2/wildpose/install/gamepad_pkg:/opt/ros/foxy /usr/bin/cmake --install /home/naoya/wildpose_v1.3/wildpose/build/image_geometry
