[0.937s] Invoking command in '/home/m2s2/WildPose_v1.2-main/wildpose/src/gamepad_pkg': PYTHONPATH=/home/m2s2/WildPose_v1.2-main/wildpose/src/build/gamepad_pkg/prefix_override:/home/m2s2/WildPose_v1.2-main/wildpose/src/install/gamepad_pkg/lib/python3.8/site-packages:${PYTHONPATH} /usr/bin/python3 -W ignore:setup.py install is deprecated setup.py egg_info --egg-base ../build/gamepad_pkg build --build-base /home/m2s2/WildPose_v1.2-main/wildpose/src/build/gamepad_pkg/build install --record /home/m2s2/WildPose_v1.2-main/wildpose/src/build/gamepad_pkg/install.log --install-scripts $base/lib/gamepad_pkg --single-version-externally-managed install_data
[1.278s] running egg_info
[1.280s] writing ../build/gamepad_pkg/gamepad_pkg.egg-info/PKG-INFO
[1.280s] writing dependency_links to ../build/gamepad_pkg/gamepad_pkg.egg-info/dependency_links.txt
[1.280s] writing entry points to ../build/gamepad_pkg/gamepad_pkg.egg-info/entry_points.txt
[1.280s] writing requirements to ../build/gamepad_pkg/gamepad_pkg.egg-info/requires.txt
[1.280s] writing top-level names to ../build/gamepad_pkg/gamepad_pkg.egg-info/top_level.txt
[1.326s] reading manifest file '../build/gamepad_pkg/gamepad_pkg.egg-info/SOURCES.txt'
[1.327s] writing manifest file '../build/gamepad_pkg/gamepad_pkg.egg-info/SOURCES.txt'
[1.328s] running build
[1.328s] running build_py
[1.328s] running install
[1.329s] running install_lib
[1.332s] running install_data
[1.332s] running install_egg_info
[1.336s] removing '/home/m2s2/WildPose_v1.2-main/wildpose/src/install/gamepad_pkg/lib/python3.8/site-packages/gamepad_pkg-0.0.0-py3.8.egg-info' (and everything under it)
[1.336s] Copying ../build/gamepad_pkg/gamepad_pkg.egg-info to /home/m2s2/WildPose_v1.2-main/wildpose/src/install/gamepad_pkg/lib/python3.8/site-packages/gamepad_pkg-0.0.0-py3.8.egg-info
[1.337s] running install_scripts
[1.361s] writing list of installed files to '/home/m2s2/WildPose_v1.2-main/wildpose/src/build/gamepad_pkg/install.log'
[1.392s] Invoked command in '/home/m2s2/WildPose_v1.2-main/wildpose/src/gamepad_pkg' returned '0': PYTHONPATH=/home/m2s2/WildPose_v1.2-main/wildpose/src/build/gamepad_pkg/prefix_override:/home/m2s2/WildPose_v1.2-main/wildpose/src/install/gamepad_pkg/lib/python3.8/site-packages:${PYTHONPATH} /usr/bin/python3 -W ignore:setup.py install is deprecated setup.py egg_info --egg-base ../build/gamepad_pkg build --build-base /home/m2s2/WildPose_v1.2-main/wildpose/src/build/gamepad_pkg/build install --record /home/m2s2/WildPose_v1.2-main/wildpose/src/build/gamepad_pkg/install.log --install-scripts $base/lib/gamepad_pkg --single-version-externally-managed install_data
