[1.059s] Invoking command in '/home/naoya/wildpose_v1.3/wildpose/build/wildpose_interfaces': CMAKE_PREFIX_PATH=${CMAKE_PREFIX_PATH}:/home/naoya/WildPose_v1.2/wildpose/install/motor_controller_pkg:/home/naoya/WildPose_v1.2/wildpose/install/gamepad_pkg:/opt/ros/foxy /usr/bin/cmake /home/naoya/wildpose_v1.3/wildpose/src/wildpose_interfaces -DAMENT_CMAKE_SYMLINK_INSTALL=1 -DCMAKE_INSTALL_PREFIX=/home/naoya/wildpose_v1.3/wildpose/install/wildpose_interfaces
[1.517s] -- Found ament_cmake: 0.9.12 (/opt/ros/foxy/share/ament_cmake/cmake)
[1.517s] -- Found PythonInterp: /usr/bin/python3 (found suitable version "3.8.10", minimum required is "3") 
[1.517s] -- Using PYTHON_EXECUTABLE: /usr/bin/python3
[1.517s] -- Override CMake install command with custom implementation using symlinks instead of copying resources
[1.517s] -- Found rosidl_default_generators: 1.0.1 (/opt/ros/foxy/share/rosidl_default_generators/cmake)
[1.517s] -- Using all available rosidl_typesupport_c: rosidl_typesupport_fastrtps_c;rosidl_typesupport_introspection_c
[1.517s] -- Found rosidl_adapter: 1.3.1 (/opt/ros/foxy/share/rosidl_adapter/cmake)
[1.517s] -- Using all available rosidl_typesupport_cpp: rosidl_typesupport_fastrtps_cpp;rosidl_typesupport_introspection_cpp
[1.517s] -- Found std_msgs: 2.0.5 (/opt/ros/foxy/share/std_msgs/cmake)
[1.547s] -- Found PythonInterp: /usr/bin/python3 (found version "3.8.10") 
[1.732s] -- Found ament_cmake_ros: 0.9.2 (/opt/ros/foxy/share/ament_cmake_ros/cmake)
[1.954s] -- Using all available rosidl_typesupport_c: rosidl_typesupport_fastrtps_c;rosidl_typesupport_introspection_c
[1.998s] -- Using all available rosidl_typesupport_cpp: rosidl_typesupport_fastrtps_cpp;rosidl_typesupport_introspection_cpp
[2.026s] -- Found PythonInterp: /usr/bin/python3 (found suitable version "3.8.10", minimum required is "3.5") 
[2.026s] -- Found python_cmake_module: 0.8.1 (/opt/ros/foxy/share/python_cmake_module/cmake)
[2.053s] -- Using PYTHON_EXECUTABLE: /usr/bin/python3
[2.053s] -- Using PYTHON_INCLUDE_DIRS: /usr/include/python3.8
[2.053s] -- Using PYTHON_LIBRARIES: /usr/lib/x86_64-linux-gnu/libpython3.8.so
[2.103s] -- Configuring done
[2.212s] -- Generating done
[2.216s] -- Build files have been written to: /home/naoya/wildpose_v1.3/wildpose/build/wildpose_interfaces
[2.239s] Invoked command in '/home/naoya/wildpose_v1.3/wildpose/build/wildpose_interfaces' returned '0': CMAKE_PREFIX_PATH=${CMAKE_PREFIX_PATH}:/home/naoya/WildPose_v1.2/wildpose/install/motor_controller_pkg:/home/naoya/WildPose_v1.2/wildpose/install/gamepad_pkg:/opt/ros/foxy /usr/bin/cmake /home/naoya/wildpose_v1.3/wildpose/src/wildpose_interfaces -DAMENT_CMAKE_SYMLINK_INSTALL=1 -DCMAKE_INSTALL_PREFIX=/home/naoya/wildpose_v1.3/wildpose/install/wildpose_interfaces
[2.241s] Invoking command in '/home/naoya/wildpose_v1.3/wildpose/build/wildpose_interfaces': CMAKE_PREFIX_PATH=${CMAKE_PREFIX_PATH}:/home/naoya/WildPose_v1.2/wildpose/install/motor_controller_pkg:/home/naoya/WildPose_v1.2/wildpose/install/gamepad_pkg:/opt/ros/foxy /usr/bin/cmake --build /home/naoya/wildpose_v1.3/wildpose/build/wildpose_interfaces -- -j16 -l16
[2.314s] [ 11%] Built target wildpose_interfaces__rosidl_generator_c
[2.315s] [ 12%] Built target wildpose_interfaces__cpp
[2.345s] [ 23%] Built target wildpose_interfaces__rosidl_typesupport_c
[2.349s] [ 34%] Built target wildpose_interfaces__rosidl_typesupport_introspection_c
[2.352s] [ 46%] [32m[1mLinking CXX shared library libwildpose_interfaces__rosidl_typesupport_fastrtps_cpp.so[0m
[2.352s] [ 47%] Built target wildpose_interfaces__rosidl_typesupport_introspection_cpp
[2.356s] [ 58%] Built target wildpose_interfaces__rosidl_typesupport_cpp
[2.504s] [ 68%] Built target wildpose_interfaces__rosidl_typesupport_fastrtps_cpp
[2.542s] [ 69%] [32m[1mLinking CXX shared library libwildpose_interfaces__rosidl_typesupport_fastrtps_c.so[0m
[2.635s] [ 79%] Built target wildpose_interfaces__rosidl_typesupport_fastrtps_c
[2.659s] [ 79%] Built target wildpose_interfaces
[2.678s] [ 80%] Built target wildpose_interfaces__py
[2.710s] [ 82%] [32m[1mLinking C shared library rosidl_generator_py/wildpose_interfaces/libwildpose_interfaces__python.so[0m
[2.749s] [ 90%] Built target wildpose_interfaces__python
[2.786s] [ 92%] [32m[1mLinking C shared library rosidl_generator_py/wildpose_interfaces/wildpose_interfaces_s__rosidl_typesupport_introspection_c.cpython-38-x86_64-linux-gnu.so[0m
[2.786s] [ 93%] [32m[1mLinking CXX shared library rosidl_generator_py/wildpose_interfaces/wildpose_interfaces_s__rosidl_typesupport_fastrtps_c.cpython-38-x86_64-linux-gnu.so[0m
[2.790s] [ 95%] [32m[1mLinking C shared library rosidl_generator_py/wildpose_interfaces/wildpose_interfaces_s__rosidl_typesupport_c.cpython-38-x86_64-linux-gnu.so[0m
[2.829s] [ 98%] Built target wildpose_interfaces__rosidl_typesupport_introspection_c__pyext
[2.829s] [ 98%] Built target wildpose_interfaces__rosidl_typesupport_c__pyext
[2.862s] [100%] Built target wildpose_interfaces__rosidl_typesupport_fastrtps_c__pyext
[2.871s] Invoked command in '/home/naoya/wildpose_v1.3/wildpose/build/wildpose_interfaces' returned '0': CMAKE_PREFIX_PATH=${CMAKE_PREFIX_PATH}:/home/naoya/WildPose_v1.2/wildpose/install/motor_controller_pkg:/home/naoya/WildPose_v1.2/wildpose/install/gamepad_pkg:/opt/ros/foxy /usr/bin/cmake --build /home/naoya/wildpose_v1.3/wildpose/build/wildpose_interfaces -- -j16 -l16
[2.989s] Invoking command in '/home/naoya/wildpose_v1.3/wildpose/build/wildpose_interfaces': CMAKE_PREFIX_PATH=${CMAKE_PREFIX_PATH}:/home/naoya/WildPose_v1.2/wildpose/install/motor_controller_pkg:/home/naoya/WildPose_v1.2/wildpose/install/gamepad_pkg:/opt/ros/foxy /usr/bin/cmake --install /home/naoya/wildpose_v1.3/wildpose/build/wildpose_interfaces
[3.008s] -- Install configuration: ""
[3.008s] -- Execute custom install script
[3.008s] -- Symlinking: /home/naoya/wildpose_v1.3/wildpose/install/wildpose_interfaces/share/ament_index/resource_index/rosidl_interfaces/wildpose_interfaces
[3.018s] -- Symlinking: /home/naoya/wildpose_v1.3/wildpose/install/wildpose_interfaces/include/wildpose_interfaces/msg/detail/dji_rs_status__functions.h
[3.034s] -- Symlinking: /home/naoya/wildpose_v1.3/wildpose/install/wildpose_interfaces/include/wildpose_interfaces/msg/detail/dji_rs_status__struct.h
[3.047s] -- Symlinking: /home/naoya/wildpose_v1.3/wildpose/install/wildpose_interfaces/include/wildpose_interfaces/msg/detail/dji_rs_status__type_support.h
[3.059s] -- Symlinking: /home/naoya/wildpose_v1.3/wildpose/install/wildpose_interfaces/include/wildpose_interfaces/msg/detail/frame_brightness__functions.h
[3.074s] -- Symlinking: /home/naoya/wildpose_v1.3/wildpose/install/wildpose_interfaces/include/wildpose_interfaces/msg/detail/frame_brightness__struct.h
[3.094s] -- Symlinking: /home/naoya/wildpose_v1.3/wildpose/install/wildpose_interfaces/include/wildpose_interfaces/msg/detail/frame_brightness__type_support.h
[3.107s] -- Symlinking: /home/naoya/wildpose_v1.3/wildpose/install/wildpose_interfaces/include/wildpose_interfaces/msg/detail/lens_aperture__functions.h
[3.117s] -- Symlinking: /home/naoya/wildpose_v1.3/wildpose/install/wildpose_interfaces/include/wildpose_interfaces/msg/detail/lens_aperture__struct.h
[3.134s] -- Symlinking: /home/naoya/wildpose_v1.3/wildpose/install/wildpose_interfaces/include/wildpose_interfaces/msg/detail/lens_aperture__type_support.h
[3.146s] -- Symlinking: /home/naoya/wildpose_v1.3/wildpose/install/wildpose_interfaces/include/wildpose_interfaces/msg/detail/motor_positions__functions.h
[3.159s] -- Symlinking: /home/naoya/wildpose_v1.3/wildpose/install/wildpose_interfaces/include/wildpose_interfaces/msg/detail/motor_positions__struct.h
[3.174s] -- Symlinking: /home/naoya/wildpose_v1.3/wildpose/install/wildpose_interfaces/include/wildpose_interfaces/msg/detail/motor_positions__type_support.h
[3.192s] -- Symlinking: /home/naoya/wildpose_v1.3/wildpose/install/wildpose_interfaces/include/wildpose_interfaces/msg/detail/motor_status__functions.h
[3.202s] -- Symlinking: /home/naoya/wildpose_v1.3/wildpose/install/wildpose_interfaces/include/wildpose_interfaces/msg/detail/motor_status__struct.h
[3.209s] -- Symlinking: /home/naoya/wildpose_v1.3/wildpose/install/wildpose_interfaces/include/wildpose_interfaces/msg/detail/motor_status__type_support.h
[3.219s] -- Symlinking: /home/naoya/wildpose_v1.3/wildpose/install/wildpose_interfaces/include/wildpose_interfaces/msg/dji_rs_status.h
[3.229s] -- Symlinking: /home/naoya/wildpose_v1.3/wildpose/install/wildpose_interfaces/include/wildpose_interfaces/msg/frame_brightness.h
[3.241s] -- Symlinking: /home/naoya/wildpose_v1.3/wildpose/install/wildpose_interfaces/include/wildpose_interfaces/msg/lens_aperture.h
[3.252s] -- Symlinking: /home/naoya/wildpose_v1.3/wildpose/install/wildpose_interfaces/include/wildpose_interfaces/msg/motor_positions.h
[3.268s] -- Symlinking: /home/naoya/wildpose_v1.3/wildpose/install/wildpose_interfaces/include/wildpose_interfaces/msg/motor_status.h
[3.286s] -- Symlinking: /home/naoya/wildpose_v1.3/wildpose/install/wildpose_interfaces/include/wildpose_interfaces/msg/rosidl_generator_c__visibility_control.h
[3.304s] -- Symlinking: /home/naoya/wildpose_v1.3/wildpose/install/wildpose_interfaces/share/wildpose_interfaces/environment/library_path.sh
[3.318s] -- Symlinking: /home/naoya/wildpose_v1.3/wildpose/install/wildpose_interfaces/share/wildpose_interfaces/environment/library_path.dsv
[3.335s] -- Symlinking: /home/naoya/wildpose_v1.3/wildpose/install/wildpose_interfaces/include/wildpose_interfaces/msg/detail/dji_rs_status__rosidl_typesupport_fastrtps_c.h
[3.352s] -- Symlinking: /home/naoya/wildpose_v1.3/wildpose/install/wildpose_interfaces/include/wildpose_interfaces/msg/detail/frame_brightness__rosidl_typesupport_fastrtps_c.h
[3.368s] -- Symlinking: /home/naoya/wildpose_v1.3/wildpose/install/wildpose_interfaces/include/wildpose_interfaces/msg/detail/lens_aperture__rosidl_typesupport_fastrtps_c.h
[3.387s] -- Symlinking: /home/naoya/wildpose_v1.3/wildpose/install/wildpose_interfaces/include/wildpose_interfaces/msg/detail/motor_positions__rosidl_typesupport_fastrtps_c.h
[3.403s] -- Symlinking: /home/naoya/wildpose_v1.3/wildpose/install/wildpose_interfaces/include/wildpose_interfaces/msg/detail/motor_status__rosidl_typesupport_fastrtps_c.h
[3.422s] -- Symlinking: /home/naoya/wildpose_v1.3/wildpose/install/wildpose_interfaces/include/wildpose_interfaces/msg/rosidl_typesupport_fastrtps_c__visibility_control.h
[3.438s] -- Symlinking: /home/naoya/wildpose_v1.3/wildpose/install/wildpose_interfaces/lib/libwildpose_interfaces__rosidl_typesupport_fastrtps_c.so
[3.456s] -- Symlinking: /home/naoya/wildpose_v1.3/wildpose/install/wildpose_interfaces/include/wildpose_interfaces/msg/detail/dji_rs_status__rosidl_typesupport_fastrtps_cpp.hpp
[3.475s] -- Symlinking: /home/naoya/wildpose_v1.3/wildpose/install/wildpose_interfaces/include/wildpose_interfaces/msg/detail/frame_brightness__rosidl_typesupport_fastrtps_cpp.hpp
[3.491s] -- Symlinking: /home/naoya/wildpose_v1.3/wildpose/install/wildpose_interfaces/include/wildpose_interfaces/msg/detail/lens_aperture__rosidl_typesupport_fastrtps_cpp.hpp
[3.508s] -- Symlinking: /home/naoya/wildpose_v1.3/wildpose/install/wildpose_interfaces/include/wildpose_interfaces/msg/detail/motor_positions__rosidl_typesupport_fastrtps_cpp.hpp
[3.524s] -- Symlinking: /home/naoya/wildpose_v1.3/wildpose/install/wildpose_interfaces/include/wildpose_interfaces/msg/detail/motor_status__rosidl_typesupport_fastrtps_cpp.hpp
[3.542s] -- Symlinking: /home/naoya/wildpose_v1.3/wildpose/install/wildpose_interfaces/include/wildpose_interfaces/msg/rosidl_typesupport_fastrtps_cpp__visibility_control.h
[3.557s] -- Symlinking: /home/naoya/wildpose_v1.3/wildpose/install/wildpose_interfaces/lib/libwildpose_interfaces__rosidl_typesupport_fastrtps_cpp.so
[3.576s] -- Symlinking: /home/naoya/wildpose_v1.3/wildpose/install/wildpose_interfaces/include/wildpose_interfaces/msg/detail/dji_rs_status__rosidl_typesupport_introspection_c.h
[3.590s] -- Symlinking: /home/naoya/wildpose_v1.3/wildpose/install/wildpose_interfaces/include/wildpose_interfaces/msg/detail/frame_brightness__rosidl_typesupport_introspection_c.h
[3.605s] -- Symlinking: /home/naoya/wildpose_v1.3/wildpose/install/wildpose_interfaces/include/wildpose_interfaces/msg/detail/lens_aperture__rosidl_typesupport_introspection_c.h
[3.622s] -- Symlinking: /home/naoya/wildpose_v1.3/wildpose/install/wildpose_interfaces/include/wildpose_interfaces/msg/detail/motor_positions__rosidl_typesupport_introspection_c.h
[3.643s] -- Symlinking: /home/naoya/wildpose_v1.3/wildpose/install/wildpose_interfaces/include/wildpose_interfaces/msg/detail/motor_status__rosidl_typesupport_introspection_c.h
[3.659s] -- Symlinking: /home/naoya/wildpose_v1.3/wildpose/install/wildpose_interfaces/include/wildpose_interfaces/msg/rosidl_typesupport_introspection_c__visibility_control.h
[3.676s] -- Symlinking: /home/naoya/wildpose_v1.3/wildpose/install/wildpose_interfaces/include/wildpose_interfaces/msg/detail/dji_rs_status__builder.hpp
[3.688s] -- Symlinking: /home/naoya/wildpose_v1.3/wildpose/install/wildpose_interfaces/include/wildpose_interfaces/msg/detail/dji_rs_status__struct.hpp
[3.705s] -- Symlinking: /home/naoya/wildpose_v1.3/wildpose/install/wildpose_interfaces/include/wildpose_interfaces/msg/detail/dji_rs_status__traits.hpp
[3.723s] -- Symlinking: /home/naoya/wildpose_v1.3/wildpose/install/wildpose_interfaces/include/wildpose_interfaces/msg/detail/dji_rs_status__type_support.hpp
[3.744s] -- Symlinking: /home/naoya/wildpose_v1.3/wildpose/install/wildpose_interfaces/include/wildpose_interfaces/msg/detail/frame_brightness__builder.hpp
[3.754s] -- Symlinking: /home/naoya/wildpose_v1.3/wildpose/install/wildpose_interfaces/include/wildpose_interfaces/msg/detail/frame_brightness__struct.hpp
[3.772s] -- Symlinking: /home/naoya/wildpose_v1.3/wildpose/install/wildpose_interfaces/include/wildpose_interfaces/msg/detail/frame_brightness__traits.hpp
[3.781s] -- Symlinking: /home/naoya/wildpose_v1.3/wildpose/install/wildpose_interfaces/include/wildpose_interfaces/msg/detail/frame_brightness__type_support.hpp
[3.795s] -- Symlinking: /home/naoya/wildpose_v1.3/wildpose/install/wildpose_interfaces/include/wildpose_interfaces/msg/detail/lens_aperture__builder.hpp
[3.803s] -- Symlinking: /home/naoya/wildpose_v1.3/wildpose/install/wildpose_interfaces/include/wildpose_interfaces/msg/detail/lens_aperture__struct.hpp
[3.811s] -- Symlinking: /home/naoya/wildpose_v1.3/wildpose/install/wildpose_interfaces/include/wildpose_interfaces/msg/detail/lens_aperture__traits.hpp
[3.818s] -- Symlinking: /home/naoya/wildpose_v1.3/wildpose/install/wildpose_interfaces/include/wildpose_interfaces/msg/detail/lens_aperture__type_support.hpp
[3.833s] -- Symlinking: /home/naoya/wildpose_v1.3/wildpose/install/wildpose_interfaces/include/wildpose_interfaces/msg/detail/motor_positions__builder.hpp
[3.844s] -- Symlinking: /home/naoya/wildpose_v1.3/wildpose/install/wildpose_interfaces/include/wildpose_interfaces/msg/detail/motor_positions__struct.hpp
[3.855s] -- Symlinking: /home/naoya/wildpose_v1.3/wildpose/install/wildpose_interfaces/include/wildpose_interfaces/msg/detail/motor_positions__traits.hpp
[3.864s] -- Symlinking: /home/naoya/wildpose_v1.3/wildpose/install/wildpose_interfaces/include/wildpose_interfaces/msg/detail/motor_positions__type_support.hpp
[3.877s] -- Symlinking: /home/naoya/wildpose_v1.3/wildpose/install/wildpose_interfaces/include/wildpose_interfaces/msg/detail/motor_status__builder.hpp
[3.889s] -- Symlinking: /home/naoya/wildpose_v1.3/wildpose/install/wildpose_interfaces/include/wildpose_interfaces/msg/detail/motor_status__struct.hpp
[3.896s] -- Symlinking: /home/naoya/wildpose_v1.3/wildpose/install/wildpose_interfaces/include/wildpose_interfaces/msg/detail/motor_status__traits.hpp
[3.907s] -- Symlinking: /home/naoya/wildpose_v1.3/wildpose/install/wildpose_interfaces/include/wildpose_interfaces/msg/detail/motor_status__type_support.hpp
[3.915s] -- Symlinking: /home/naoya/wildpose_v1.3/wildpose/install/wildpose_interfaces/include/wildpose_interfaces/msg/dji_rs_status.hpp
[3.934s] -- Symlinking: /home/naoya/wildpose_v1.3/wildpose/install/wildpose_interfaces/include/wildpose_interfaces/msg/frame_brightness.hpp
[3.947s] -- Symlinking: /home/naoya/wildpose_v1.3/wildpose/install/wildpose_interfaces/include/wildpose_interfaces/msg/lens_aperture.hpp
[3.966s] -- Symlinking: /home/naoya/wildpose_v1.3/wildpose/install/wildpose_interfaces/include/wildpose_interfaces/msg/motor_positions.hpp
[3.976s] -- Symlinking: /home/naoya/wildpose_v1.3/wildpose/install/wildpose_interfaces/include/wildpose_interfaces/msg/motor_status.hpp
[3.988s] -- Symlinking: /home/naoya/wildpose_v1.3/wildpose/install/wildpose_interfaces/include/wildpose_interfaces/msg/rosidl_generator_cpp__visibility_control.hpp
[3.996s] -- Symlinking: /home/naoya/wildpose_v1.3/wildpose/install/wildpose_interfaces/include/wildpose_interfaces/msg/detail/dji_rs_status__rosidl_typesupport_introspection_cpp.hpp
[4.004s] -- Symlinking: /home/naoya/wildpose_v1.3/wildpose/install/wildpose_interfaces/include/wildpose_interfaces/msg/detail/frame_brightness__rosidl_typesupport_introspection_cpp.hpp
[4.024s] -- Symlinking: /home/naoya/wildpose_v1.3/wildpose/install/wildpose_interfaces/include/wildpose_interfaces/msg/detail/lens_aperture__rosidl_typesupport_introspection_cpp.hpp
[4.040s] -- Symlinking: /home/naoya/wildpose_v1.3/wildpose/install/wildpose_interfaces/include/wildpose_interfaces/msg/detail/motor_positions__rosidl_typesupport_introspection_cpp.hpp
[4.054s] -- Symlinking: /home/naoya/wildpose_v1.3/wildpose/install/wildpose_interfaces/include/wildpose_interfaces/msg/detail/motor_status__rosidl_typesupport_introspection_cpp.hpp
[4.065s] -- Symlinking: /home/naoya/wildpose_v1.3/wildpose/install/wildpose_interfaces/share/wildpose_interfaces/environment/pythonpath.sh
[4.073s] -- Symlinking: /home/naoya/wildpose_v1.3/wildpose/install/wildpose_interfaces/share/wildpose_interfaces/environment/pythonpath.dsv
[4.086s] -- Symlinking: /home/naoya/wildpose_v1.3/wildpose/install/wildpose_interfaces/lib/python3.8/site-packages/wildpose_interfaces/__init__.py
[4.094s] -- Symlinking: /home/naoya/wildpose_v1.3/wildpose/install/wildpose_interfaces/lib/python3.8/site-packages/wildpose_interfaces/msg/__init__.py
[4.101s] -- Symlinking: /home/naoya/wildpose_v1.3/wildpose/install/wildpose_interfaces/lib/python3.8/site-packages/wildpose_interfaces/msg/_dji_rs_status.py
[4.114s] -- Symlinking: /home/naoya/wildpose_v1.3/wildpose/install/wildpose_interfaces/lib/python3.8/site-packages/wildpose_interfaces/msg/_frame_brightness.py
[4.121s] -- Symlinking: /home/naoya/wildpose_v1.3/wildpose/install/wildpose_interfaces/lib/python3.8/site-packages/wildpose_interfaces/msg/_lens_aperture.py
[4.131s] -- Symlinking: /home/naoya/wildpose_v1.3/wildpose/install/wildpose_interfaces/lib/python3.8/site-packages/wildpose_interfaces/msg/_motor_positions.py
[4.139s] -- Symlinking: /home/naoya/wildpose_v1.3/wildpose/install/wildpose_interfaces/lib/python3.8/site-packages/wildpose_interfaces/msg/_motor_status.py
[4.149s] -- Symlinking: /home/naoya/wildpose_v1.3/wildpose/install/wildpose_interfaces/lib/python3.8/site-packages/wildpose_interfaces/wildpose_interfaces_s__rosidl_typesupport_fastrtps_c.cpython-38-x86_64-linux-gnu.so
[4.161s] -- Symlinking: /home/naoya/wildpose_v1.3/wildpose/install/wildpose_interfaces/lib/python3.8/site-packages/wildpose_interfaces/wildpose_interfaces_s__rosidl_typesupport_introspection_c.cpython-38-x86_64-linux-gnu.so
[4.170s] -- Symlinking: /home/naoya/wildpose_v1.3/wildpose/install/wildpose_interfaces/lib/python3.8/site-packages/wildpose_interfaces/wildpose_interfaces_s__rosidl_typesupport_c.cpython-38-x86_64-linux-gnu.so
[4.181s] -- Symlinking: /home/naoya/wildpose_v1.3/wildpose/install/wildpose_interfaces/lib/libwildpose_interfaces__python.so
[4.192s] -- Symlinking: /home/naoya/wildpose_v1.3/wildpose/install/wildpose_interfaces/share/wildpose_interfaces/msg/LensAperture.idl
[4.204s] -- Symlinking: /home/naoya/wildpose_v1.3/wildpose/install/wildpose_interfaces/share/wildpose_interfaces/msg/DjiRsStatus.idl
[4.215s] -- Symlinking: /home/naoya/wildpose_v1.3/wildpose/install/wildpose_interfaces/share/wildpose_interfaces/msg/MotorStatus.idl
[4.224s] -- Symlinking: /home/naoya/wildpose_v1.3/wildpose/install/wildpose_interfaces/share/wildpose_interfaces/msg/MotorPositions.idl
[4.233s] -- Symlinking: /home/naoya/wildpose_v1.3/wildpose/install/wildpose_interfaces/share/wildpose_interfaces/msg/FrameBrightness.idl
[4.244s] -- Symlinking: /home/naoya/wildpose_v1.3/wildpose/install/wildpose_interfaces/share/wildpose_interfaces/msg/LensAperture.msg
[4.258s] -- Symlinking: /home/naoya/wildpose_v1.3/wildpose/install/wildpose_interfaces/share/wildpose_interfaces/msg/DjiRsStatus.msg
[4.266s] -- Symlinking: /home/naoya/wildpose_v1.3/wildpose/install/wildpose_interfaces/share/wildpose_interfaces/msg/MotorStatus.msg
[4.280s] -- Symlinking: /home/naoya/wildpose_v1.3/wildpose/install/wildpose_interfaces/share/wildpose_interfaces/msg/MotorPositions.msg
[4.289s] -- Symlinking: /home/naoya/wildpose_v1.3/wildpose/install/wildpose_interfaces/share/wildpose_interfaces/msg/FrameBrightness.msg
[4.303s] -- Symlinking: /home/naoya/wildpose_v1.3/wildpose/install/wildpose_interfaces/share/ament_index/resource_index/package_run_dependencies/wildpose_interfaces
[4.318s] -- Symlinking: /home/naoya/wildpose_v1.3/wildpose/install/wildpose_interfaces/share/ament_index/resource_index/parent_prefix_path/wildpose_interfaces
[4.328s] -- Symlinking: /home/naoya/wildpose_v1.3/wildpose/install/wildpose_interfaces/share/wildpose_interfaces/environment/ament_prefix_path.sh
[4.337s] -- Symlinking: /home/naoya/wildpose_v1.3/wildpose/install/wildpose_interfaces/share/wildpose_interfaces/environment/ament_prefix_path.dsv
[4.348s] -- Symlinking: /home/naoya/wildpose_v1.3/wildpose/install/wildpose_interfaces/share/wildpose_interfaces/environment/path.sh
[4.356s] -- Symlinking: /home/naoya/wildpose_v1.3/wildpose/install/wildpose_interfaces/share/wildpose_interfaces/environment/path.dsv
[4.363s] -- Symlinking: /home/naoya/wildpose_v1.3/wildpose/install/wildpose_interfaces/share/wildpose_interfaces/local_setup.bash
[4.374s] -- Symlinking: /home/naoya/wildpose_v1.3/wildpose/install/wildpose_interfaces/share/wildpose_interfaces/local_setup.sh
[4.383s] -- Symlinking: /home/naoya/wildpose_v1.3/wildpose/install/wildpose_interfaces/share/wildpose_interfaces/local_setup.zsh
[4.395s] -- Symlinking: /home/naoya/wildpose_v1.3/wildpose/install/wildpose_interfaces/share/wildpose_interfaces/local_setup.dsv
[4.413s] -- Symlinking: /home/naoya/wildpose_v1.3/wildpose/install/wildpose_interfaces/share/wildpose_interfaces/package.dsv
[4.427s] -- Symlinking: /home/naoya/wildpose_v1.3/wildpose/install/wildpose_interfaces/share/ament_index/resource_index/packages/wildpose_interfaces
[4.434s] -- Symlinking: /home/naoya/wildpose_v1.3/wildpose/install/wildpose_interfaces/share/wildpose_interfaces/cmake/rosidl_cmake-extras.cmake
[4.446s] -- Symlinking: /home/naoya/wildpose_v1.3/wildpose/install/wildpose_interfaces/share/wildpose_interfaces/cmake/ament_cmake_export_dependencies-extras.cmake
[4.459s] -- Symlinking: /home/naoya/wildpose_v1.3/wildpose/install/wildpose_interfaces/share/wildpose_interfaces/cmake/ament_cmake_export_libraries-extras.cmake
[4.464s] -- Symlinking: /home/naoya/wildpose_v1.3/wildpose/install/wildpose_interfaces/share/wildpose_interfaces/cmake/ament_cmake_export_targets-extras.cmake
[4.474s] -- Symlinking: /home/naoya/wildpose_v1.3/wildpose/install/wildpose_interfaces/share/wildpose_interfaces/cmake/ament_cmake_export_include_directories-extras.cmake
[4.486s] -- Symlinking: /home/naoya/wildpose_v1.3/wildpose/install/wildpose_interfaces/share/wildpose_interfaces/cmake/rosidl_cmake_export_typesupport_libraries-extras.cmake
[4.502s] -- Symlinking: /home/naoya/wildpose_v1.3/wildpose/install/wildpose_interfaces/share/wildpose_interfaces/cmake/rosidl_cmake_export_typesupport_targets-extras.cmake
[4.512s] -- Symlinking: /home/naoya/wildpose_v1.3/wildpose/install/wildpose_interfaces/share/wildpose_interfaces/cmake/wildpose_interfacesConfig.cmake
[4.522s] -- Symlinking: /home/naoya/wildpose_v1.3/wildpose/install/wildpose_interfaces/share/wildpose_interfaces/cmake/wildpose_interfacesConfig-version.cmake
[4.540s] -- Symlinking: /home/naoya/wildpose_v1.3/wildpose/install/wildpose_interfaces/share/wildpose_interfaces/package.xml
[4.551s] -- Up-to-date: /home/naoya/wildpose_v1.3/wildpose/install/wildpose_interfaces/lib/libwildpose_interfaces__rosidl_generator_c.so
[4.551s] -- Up-to-date: /home/naoya/wildpose_v1.3/wildpose/install/wildpose_interfaces/lib/libwildpose_interfaces__rosidl_typesupport_introspection_c.so
[4.552s] -- Up-to-date: /home/naoya/wildpose_v1.3/wildpose/install/wildpose_interfaces/lib/libwildpose_interfaces__rosidl_typesupport_c.so
[4.554s] -- Up-to-date: /home/naoya/wildpose_v1.3/wildpose/install/wildpose_interfaces/lib/libwildpose_interfaces__rosidl_typesupport_introspection_cpp.so
[4.554s] -- Up-to-date: /home/naoya/wildpose_v1.3/wildpose/install/wildpose_interfaces/lib/libwildpose_interfaces__rosidl_typesupport_cpp.so
[4.583s] Compiling '/home/naoya/wildpose_v1.3/wildpose/install/wildpose_interfaces/lib/python3.8/site-packages/wildpose_interfaces/__init__.py'...
[4.587s] -- Up-to-date: /home/naoya/wildpose_v1.3/wildpose/install/wildpose_interfaces/share/wildpose_interfaces/cmake/wildpose_interfaces__rosidl_generator_cExport.cmake
[4.591s] -- Installing: /home/naoya/wildpose_v1.3/wildpose/install/wildpose_interfaces/share/wildpose_interfaces/cmake/wildpose_interfaces__rosidl_generator_cExport-noconfig.cmake
[4.593s] -- Up-to-date: /home/naoya/wildpose_v1.3/wildpose/install/wildpose_interfaces/share/wildpose_interfaces/cmake/wildpose_interfaces__rosidl_typesupport_introspection_cExport.cmake
[4.593s] -- Installing: /home/naoya/wildpose_v1.3/wildpose/install/wildpose_interfaces/share/wildpose_interfaces/cmake/wildpose_interfaces__rosidl_typesupport_introspection_cExport-noconfig.cmake
[4.593s] -- Up-to-date: /home/naoya/wildpose_v1.3/wildpose/install/wildpose_interfaces/share/wildpose_interfaces/cmake/wildpose_interfaces__rosidl_typesupport_cExport.cmake
[4.593s] -- Installing: /home/naoya/wildpose_v1.3/wildpose/install/wildpose_interfaces/share/wildpose_interfaces/cmake/wildpose_interfaces__rosidl_typesupport_cExport-noconfig.cmake
[4.593s] -- Up-to-date: /home/naoya/wildpose_v1.3/wildpose/install/wildpose_interfaces/share/wildpose_interfaces/cmake/wildpose_interfaces__rosidl_generator_cppExport.cmake
[4.593s] -- Up-to-date: /home/naoya/wildpose_v1.3/wildpose/install/wildpose_interfaces/share/wildpose_interfaces/cmake/wildpose_interfaces__rosidl_typesupport_introspection_cppExport.cmake
[4.594s] -- Installing: /home/naoya/wildpose_v1.3/wildpose/install/wildpose_interfaces/share/wildpose_interfaces/cmake/wildpose_interfaces__rosidl_typesupport_introspection_cppExport-noconfig.cmake
[4.594s] -- Up-to-date: /home/naoya/wildpose_v1.3/wildpose/install/wildpose_interfaces/share/wildpose_interfaces/cmake/wildpose_interfaces__rosidl_typesupport_cppExport.cmake
[4.594s] -- Installing: /home/naoya/wildpose_v1.3/wildpose/install/wildpose_interfaces/share/wildpose_interfaces/cmake/wildpose_interfaces__rosidl_typesupport_cppExport-noconfig.cmake
[4.659s] Invoked command in '/home/naoya/wildpose_v1.3/wildpose/build/wildpose_interfaces' returned '0': CMAKE_PREFIX_PATH=${CMAKE_PREFIX_PATH}:/home/naoya/WildPose_v1.2/wildpose/install/motor_controller_pkg:/home/naoya/WildPose_v1.2/wildpose/install/gamepad_pkg:/opt/ros/foxy /usr/bin/cmake --install /home/naoya/wildpose_v1.3/wildpose/build/wildpose_interfaces
