[0.679s] Invoking command in '/home/naoya/wildpose_v1.3/wildpose/build/image_geometry': CMAKE_PREFIX_PATH=${CMAKE_PREFIX_PATH}:/home/naoya/wildpose_v1.3/wildpose/install/motor_controller_pkg:/home/naoya/wildpose_v1.3/wildpose/install/lidar_control_package:/home/naoya/wildpose_v1.3/wildpose/install/dji_rs3_pkg:/home/naoya/wildpose_v1.3/wildpose/install/opencv_tests:/home/naoya/wildpose_v1.3/wildpose/install/gamepad_pkg:/home/naoya/WildPose_v1.2/wildpose/install/motor_controller_pkg:/home/naoya/WildPose_v1.2/wildpose/install/gamepad_pkg:/opt/ros/foxy /usr/bin/cmake /home/naoya/wildpose_v1.3/wildpose/src/vision_opencv/image_geometry -DCMAKE_INSTALL_PREFIX=/home/naoya/wildpose_v1.3/wildpose/install/image_geometry
[1.197s] -- The C compiler identification is GNU 9.4.0
[1.197s] -- The CXX compiler identification is GNU 9.4.0
[1.197s] -- Check for working C compiler: /usr/bin/cc
[1.198s] -- Check for working C compiler: /usr/bin/cc -- works
[1.198s] -- Detecting C compiler ABI info
[1.198s] -- Detecting C compiler ABI info - done
[1.198s] -- Detecting C compile features
[1.198s] -- Detecting C compile features - done
[1.198s] -- Check for working CXX compiler: /usr/bin/c++
[1.198s] -- Check for working CXX compiler: /usr/bin/c++ -- works
[1.198s] -- Detecting CXX compiler ABI info
[1.198s] -- Detecting CXX compiler ABI info - done
[1.198s] -- Detecting CXX compile features
[1.198s] -- Detecting CXX compile features - done
[1.198s] -- Found ament_cmake_python: 0.9.12 (/opt/ros/foxy/share/ament_cmake_python/cmake)
[1.198s] -- Found ament_cmake_ros: 0.9.2 (/opt/ros/foxy/share/ament_cmake_ros/cmake)
[1.200s] -- Found PythonInterp: /usr/bin/python3 (found suitable version "3.8.10", minimum required is "3") 
[1.200s] -- Using PYTHON_EXECUTABLE: /usr/bin/python3
[1.390s] -- Found OpenCV: /usr (found version "4.2.0") found components: calib3d core highgui imgproc 
[1.391s] -- Found sensor_msgs: 2.0.5 (/opt/ros/foxy/share/sensor_msgs/cmake)
[1.417s] -- Using all available rosidl_typesupport_c: rosidl_typesupport_fastrtps_c;rosidl_typesupport_introspection_c
[1.422s] -- Found rosidl_adapter: 1.3.1 (/opt/ros/foxy/share/rosidl_adapter/cmake)
[1.531s] -- Found OpenSSL: /usr/lib/x86_64-linux-gnu/libcrypto.so (found version "1.1.1f")  
[1.570s] -- Found FastRTPS: /opt/ros/foxy/include  
[1.681s] -- Using all available rosidl_typesupport_cpp: rosidl_typesupport_fastrtps_cpp;rosidl_typesupport_introspection_cpp
[1.912s] -- Found gtest sources under '/opt/ros/foxy/src/gtest_vendor': C++ tests using 'Google Test' will be built
[1.916s] -- Looking for pthread.h
[1.991s] -- Looking for pthread.h - found
[1.992s] -- Performing Test CMAKE_HAVE_LIBC_PTHREAD
[2.054s] -- Performing Test CMAKE_HAVE_LIBC_PTHREAD - Failed
[2.055s] -- Check if compiler accepts -pthread
[2.125s] -- Check if compiler accepts -pthread - yes
[2.125s] -- Found Threads: TRUE  
[2.191s] -- Configuring done
[2.217s] -- Generating done
[2.221s] -- Build files have been written to: /home/naoya/wildpose_v1.3/wildpose/build/image_geometry
[2.246s] Invoked command in '/home/naoya/wildpose_v1.3/wildpose/build/image_geometry' returned '0': CMAKE_PREFIX_PATH=${CMAKE_PREFIX_PATH}:/home/naoya/wildpose_v1.3/wildpose/install/motor_controller_pkg:/home/naoya/wildpose_v1.3/wildpose/install/lidar_control_package:/home/naoya/wildpose_v1.3/wildpose/install/dji_rs3_pkg:/home/naoya/wildpose_v1.3/wildpose/install/opencv_tests:/home/naoya/wildpose_v1.3/wildpose/install/gamepad_pkg:/home/naoya/WildPose_v1.2/wildpose/install/motor_controller_pkg:/home/naoya/WildPose_v1.2/wildpose/install/gamepad_pkg:/opt/ros/foxy /usr/bin/cmake /home/naoya/wildpose_v1.3/wildpose/src/vision_opencv/image_geometry -DCMAKE_INSTALL_PREFIX=/home/naoya/wildpose_v1.3/wildpose/install/image_geometry
[2.251s] Invoking command in '/home/naoya/wildpose_v1.3/wildpose/build/image_geometry': CMAKE_PREFIX_PATH=${CMAKE_PREFIX_PATH}:/home/naoya/wildpose_v1.3/wildpose/install/motor_controller_pkg:/home/naoya/wildpose_v1.3/wildpose/install/lidar_control_package:/home/naoya/wildpose_v1.3/wildpose/install/dji_rs3_pkg:/home/naoya/wildpose_v1.3/wildpose/install/opencv_tests:/home/naoya/wildpose_v1.3/wildpose/install/gamepad_pkg:/home/naoya/WildPose_v1.2/wildpose/install/motor_controller_pkg:/home/naoya/WildPose_v1.2/wildpose/install/gamepad_pkg:/opt/ros/foxy /usr/bin/cmake --build /home/naoya/wildpose_v1.3/wildpose/build/image_geometry -- -j16 -l16
[2.305s] [35m[1mScanning dependencies of target image_geometry[0m
[2.306s] [35m[1mScanning dependencies of target gtest_main[0m
[2.306s] [35m[1mScanning dependencies of target gtest[0m
[2.329s] [ 27%] [32mBuilding CXX object CMakeFiles/image_geometry.dir/src/stereo_camera_model.cpp.o[0m
[2.329s] [ 27%] [32mBuilding CXX object gtest/CMakeFiles/gtest.dir/src/gtest-all.cc.o[0m
[2.330s] [ 27%] [32mBuilding CXX object gtest/CMakeFiles/gtest_main.dir/src/gtest_main.cc.o[0m
[2.331s] [ 36%] [32mBuilding CXX object CMakeFiles/image_geometry.dir/src/pinhole_camera_model.cpp.o[0m
[3.327s] [ 45%] [32m[1mLinking CXX static library libgtest_main.a[0m
[3.415s] [ 45%] Built target gtest_main
[3.645s] [ 54%] [32m[1mLinking CXX shared library libimage_geometry.so[0m
[3.878s] [ 54%] Built target image_geometry
[5.948s] [ 63%] [32m[1mLinking CXX static library libgtest.a[0m
[6.008s] [ 63%] Built target gtest
[6.026s] [35m[1mScanning dependencies of target image_geometry-utest[0m
[6.027s] [35m[1mScanning dependencies of target image_geometry-utest-equi[0m
[6.066s] [ 81%] [32mBuilding CXX object test/CMakeFiles/image_geometry-utest-equi.dir/utest_equi.cpp.o[0m
[6.066s] [ 81%] [32mBuilding CXX object test/CMakeFiles/image_geometry-utest.dir/utest.cpp.o[0m
[7.993s] [ 90%] [32m[1mLinking CXX executable image_geometry-utest-equi[0m
[8.151s] [ 90%] Built target image_geometry-utest-equi
[8.382s] [100%] [32m[1mLinking CXX executable image_geometry-utest[0m
[8.566s] [100%] Built target image_geometry-utest
[8.875s] Invoked command in '/home/naoya/wildpose_v1.3/wildpose/build/image_geometry' returned '0': CMAKE_PREFIX_PATH=${CMAKE_PREFIX_PATH}:/home/naoya/wildpose_v1.3/wildpose/install/motor_controller_pkg:/home/naoya/wildpose_v1.3/wildpose/install/lidar_control_package:/home/naoya/wildpose_v1.3/wildpose/install/dji_rs3_pkg:/home/naoya/wildpose_v1.3/wildpose/install/opencv_tests:/home/naoya/wildpose_v1.3/wildpose/install/gamepad_pkg:/home/naoya/WildPose_v1.2/wildpose/install/motor_controller_pkg:/home/naoya/WildPose_v1.2/wildpose/install/gamepad_pkg:/opt/ros/foxy /usr/bin/cmake --build /home/naoya/wildpose_v1.3/wildpose/build/image_geometry -- -j16 -l16
[10.110s] Invoking command in '/home/naoya/wildpose_v1.3/wildpose/build/image_geometry': CMAKE_PREFIX_PATH=${CMAKE_PREFIX_PATH}:/home/naoya/wildpose_v1.3/wildpose/install/motor_controller_pkg:/home/naoya/wildpose_v1.3/wildpose/install/lidar_control_package:/home/naoya/wildpose_v1.3/wildpose/install/dji_rs3_pkg:/home/naoya/wildpose_v1.3/wildpose/install/opencv_tests:/home/naoya/wildpose_v1.3/wildpose/install/gamepad_pkg:/home/naoya/WildPose_v1.2/wildpose/install/motor_controller_pkg:/home/naoya/WildPose_v1.2/wildpose/install/gamepad_pkg:/opt/ros/foxy /usr/bin/cmake --install /home/naoya/wildpose_v1.3/wildpose/build/image_geometry
[10.583s] -- Install configuration: ""
[10.586s] -- Installing: /home/naoya/wildpose_v1.3/wildpose/install/image_geometry/share/image_geometry/environment/pythonpath.sh
[10.586s] -- Installing: /home/naoya/wildpose_v1.3/wildpose/install/image_geometry/share/image_geometry/environment/pythonpath.dsv
[10.587s] -- Installing: /home/naoya/wildpose_v1.3/wildpose/install/image_geometry/lib/python3.8/site-packages/image_geometry
[10.587s] -- Installing: /home/naoya/wildpose_v1.3/wildpose/install/image_geometry/lib/python3.8/site-packages/image_geometry/cameramodels.py
[10.587s] -- Installing: /home/naoya/wildpose_v1.3/wildpose/install/image_geometry/lib/python3.8/site-packages/image_geometry/__init__.py
[10.587s] Listing '/home/naoya/wildpose_v1.3/wildpose/install/image_geometry/lib/python3.8/site-packages/image_geometry'...
[10.587s] Compiling '/home/naoya/wildpose_v1.3/wildpose/install/image_geometry/lib/python3.8/site-packages/image_geometry/__init__.py'...
[10.587s] Compiling '/home/naoya/wildpose_v1.3/wildpose/install/image_geometry/lib/python3.8/site-packages/image_geometry/cameramodels.py'...
[10.587s] -- Installing: /home/naoya/wildpose_v1.3/wildpose/install/image_geometry/include/image_geometry
[10.587s] -- Installing: /home/naoya/wildpose_v1.3/wildpose/install/image_geometry/include/image_geometry/visibility_control.hpp
[10.588s] -- Installing: /home/naoya/wildpose_v1.3/wildpose/install/image_geometry/include/image_geometry/stereo_camera_model.h
[10.588s] -- Installing: /home/naoya/wildpose_v1.3/wildpose/install/image_geometry/include/image_geometry/pinhole_camera_model.h
[10.588s] -- Installing: /home/naoya/wildpose_v1.3/wildpose/install/image_geometry/lib/libimage_geometry.so
[10.588s] -- Set runtime path of "/home/naoya/wildpose_v1.3/wildpose/install/image_geometry/lib/libimage_geometry.so" to ""
[10.588s] -- Installing: /home/naoya/wildpose_v1.3/wildpose/install/image_geometry/share/image_geometry/environment/library_path.sh
[10.589s] -- Installing: /home/naoya/wildpose_v1.3/wildpose/install/image_geometry/share/image_geometry/environment/library_path.dsv
[10.589s] -- Installing: /home/naoya/wildpose_v1.3/wildpose/install/image_geometry/share/ament_index/resource_index/package_run_dependencies/image_geometry
[10.589s] -- Installing: /home/naoya/wildpose_v1.3/wildpose/install/image_geometry/share/ament_index/resource_index/parent_prefix_path/image_geometry
[10.590s] -- Installing: /home/naoya/wildpose_v1.3/wildpose/install/image_geometry/share/image_geometry/environment/ament_prefix_path.sh
[10.590s] -- Installing: /home/naoya/wildpose_v1.3/wildpose/install/image_geometry/share/image_geometry/environment/ament_prefix_path.dsv
[10.591s] -- Installing: /home/naoya/wildpose_v1.3/wildpose/install/image_geometry/share/image_geometry/environment/path.sh
[10.591s] -- Installing: /home/naoya/wildpose_v1.3/wildpose/install/image_geometry/share/image_geometry/environment/path.dsv
[10.591s] -- Installing: /home/naoya/wildpose_v1.3/wildpose/install/image_geometry/share/image_geometry/local_setup.bash
[10.591s] -- Installing: /home/naoya/wildpose_v1.3/wildpose/install/image_geometry/share/image_geometry/local_setup.sh
[10.591s] -- Installing: /home/naoya/wildpose_v1.3/wildpose/install/image_geometry/share/image_geometry/local_setup.zsh
[10.591s] -- Installing: /home/naoya/wildpose_v1.3/wildpose/install/image_geometry/share/image_geometry/local_setup.dsv
[10.591s] -- Installing: /home/naoya/wildpose_v1.3/wildpose/install/image_geometry/share/image_geometry/package.dsv
[10.591s] -- Installing: /home/naoya/wildpose_v1.3/wildpose/install/image_geometry/share/ament_index/resource_index/packages/image_geometry
[10.591s] -- Installing: /home/naoya/wildpose_v1.3/wildpose/install/image_geometry/share/image_geometry/cmake/ament_cmake_export_libraries-extras.cmake
[10.592s] -- Installing: /home/naoya/wildpose_v1.3/wildpose/install/image_geometry/share/image_geometry/cmake/ament_cmake_export_dependencies-extras.cmake
[10.592s] -- Installing: /home/naoya/wildpose_v1.3/wildpose/install/image_geometry/share/image_geometry/cmake/ament_cmake_export_include_directories-extras.cmake
[10.592s] -- Installing: /home/naoya/wildpose_v1.3/wildpose/install/image_geometry/share/image_geometry/cmake/image_geometryConfig.cmake
[10.592s] -- Installing: /home/naoya/wildpose_v1.3/wildpose/install/image_geometry/share/image_geometry/cmake/image_geometryConfig-version.cmake
[10.592s] -- Installing: /home/naoya/wildpose_v1.3/wildpose/install/image_geometry/share/image_geometry/package.xml
[10.600s] Invoked command in '/home/naoya/wildpose_v1.3/wildpose/build/image_geometry' returned '0': CMAKE_PREFIX_PATH=${CMAKE_PREFIX_PATH}:/home/naoya/wildpose_v1.3/wildpose/install/motor_controller_pkg:/home/naoya/wildpose_v1.3/wildpose/install/lidar_control_package:/home/naoya/wildpose_v1.3/wildpose/install/dji_rs3_pkg:/home/naoya/wildpose_v1.3/wildpose/install/opencv_tests:/home/naoya/wildpose_v1.3/wildpose/install/gamepad_pkg:/home/naoya/WildPose_v1.2/wildpose/install/motor_controller_pkg:/home/naoya/WildPose_v1.2/wildpose/install/gamepad_pkg:/opt/ros/foxy /usr/bin/cmake --install /home/naoya/wildpose_v1.3/wildpose/build/image_geometry
