[0.056s] Invoking command in '/home/m2s2/WildPose_v1.2-main/wildpose/src/build/wildpose_interfaces': CMAKE_PREFIX_PATH=${CMAKE_PREFIX_PATH}:/home/m2s2/WildPose_v1.2-main/wildpose/install/motor_controller_pkg:/home/m2s2/WildPose_v1.2-main/wildpose/install/dji_rs3_pkg:/home/m2s2/WildPose_v1.2-main/wildpose/install/gamepad_pkg:/opt/ros/foxy /usr/bin/cmake --build /home/m2s2/WildPose_v1.2-main/wildpose/src/build/wildpose_interfaces -- -j16 -l16
[0.246s] [  2%] [34m[1mGenerating C code for ROS interfaces[0m
[0.247s] [  4%] [34m[1mGenerating C++ code for ROS interfaces[0m
[0.294s] [  4%] Built target wildpose_interfaces__cpp
[0.303s] [  6%] [34m[1mGenerating C++ type support dispatch for ROS interfaces[0m
[0.304s] [  8%] [34m[1mGenerating C++ introspection for ROS interfaces[0m
[0.306s] [ 10%] [34m[1mGenerating C++ type support for eProsima Fast-RTPS[0m
[0.327s] [ 12%] [32mBuilding C object CMakeFiles/wildpose_interfaces__rosidl_generator_c.dir/rosidl_generator_c/wildpose_interfaces/msg/detail/dji_rs_status__functions.c.o[0m
[0.330s] [ 14%] [32mBuilding C object CMakeFiles/wildpose_interfaces__rosidl_generator_c.dir/rosidl_generator_c/wildpose_interfaces/msg/detail/motor_positions__functions.c.o[0m
[0.331s] [ 17%] [32mBuilding C object CMakeFiles/wildpose_interfaces__rosidl_generator_c.dir/rosidl_generator_c/wildpose_interfaces/msg/detail/motor_status__functions.c.o[0m
[0.391s] [ 19%] [32m[1mLinking C shared library libwildpose_interfaces__rosidl_generator_c.so[0m
[0.440s] [ 19%] Built target wildpose_interfaces__rosidl_generator_c
[0.452s] [ 21%] [34m[1mGenerating C type support dispatch for ROS interfaces[0m
[0.453s] [ 23%] [34m[1mGenerating C introspection for ROS interfaces[0m
[0.534s] [ 25%] [32mBuilding CXX object CMakeFiles/wildpose_interfaces__rosidl_typesupport_introspection_cpp.dir/rosidl_typesupport_introspection_cpp/wildpose_interfaces/msg/detail/dji_rs_status__type_support.cpp.o[0m
[0.534s] [ 27%] [32mBuilding CXX object CMakeFiles/wildpose_interfaces__rosidl_typesupport_introspection_cpp.dir/rosidl_typesupport_introspection_cpp/wildpose_interfaces/msg/detail/motor_positions__type_support.cpp.o[0m
[0.538s] [ 29%] [32mBuilding CXX object CMakeFiles/wildpose_interfaces__rosidl_typesupport_introspection_cpp.dir/rosidl_typesupport_introspection_cpp/wildpose_interfaces/msg/detail/motor_status__type_support.cpp.o[0m
[0.544s] [ 31%] [32mBuilding CXX object CMakeFiles/wildpose_interfaces__rosidl_typesupport_fastrtps_cpp.dir/rosidl_typesupport_fastrtps_cpp/wildpose_interfaces/msg/detail/dds_fastrtps/motor_positions__type_support.cpp.o[0m
[0.544s] [ 34%] [32mBuilding CXX object CMakeFiles/wildpose_interfaces__rosidl_typesupport_fastrtps_cpp.dir/rosidl_typesupport_fastrtps_cpp/wildpose_interfaces/msg/detail/dds_fastrtps/dji_rs_status__type_support.cpp.o[0m
[0.544s] [ 36%] [32mBuilding CXX object CMakeFiles/wildpose_interfaces__rosidl_typesupport_fastrtps_cpp.dir/rosidl_typesupport_fastrtps_cpp/wildpose_interfaces/msg/detail/dds_fastrtps/motor_status__type_support.cpp.o[0m
[0.653s] [ 38%] [32mBuilding CXX object CMakeFiles/wildpose_interfaces__rosidl_typesupport_cpp.dir/rosidl_typesupport_cpp/wildpose_interfaces/msg/dji_rs_status__type_support.cpp.o[0m
[0.671s] [ 40%] [32mBuilding CXX object CMakeFiles/wildpose_interfaces__rosidl_typesupport_cpp.dir/rosidl_typesupport_cpp/wildpose_interfaces/msg/motor_positions__type_support.cpp.o[0m
[0.672s] [ 42%] [32mBuilding CXX object CMakeFiles/wildpose_interfaces__rosidl_typesupport_cpp.dir/rosidl_typesupport_cpp/wildpose_interfaces/msg/motor_status__type_support.cpp.o[0m
[0.862s] [ 44%] [32mBuilding CXX object CMakeFiles/wildpose_interfaces__rosidl_typesupport_c.dir/rosidl_typesupport_c/wildpose_interfaces/msg/motor_status__type_support.cpp.o[0m
[0.864s] [ 46%] [32mBuilding CXX object CMakeFiles/wildpose_interfaces__rosidl_typesupport_c.dir/rosidl_typesupport_c/wildpose_interfaces/msg/dji_rs_status__type_support.cpp.o[0m
[0.868s] [ 48%] [32mBuilding CXX object CMakeFiles/wildpose_interfaces__rosidl_typesupport_c.dir/rosidl_typesupport_c/wildpose_interfaces/msg/motor_positions__type_support.cpp.o[0m
[0.892s] [ 51%] [32m[1mLinking CXX shared library libwildpose_interfaces__rosidl_typesupport_introspection_cpp.so[0m
[0.969s] [ 53%] [32mBuilding C object CMakeFiles/wildpose_interfaces__rosidl_typesupport_introspection_c.dir/rosidl_typesupport_introspection_c/wildpose_interfaces/msg/detail/dji_rs_status__type_support.c.o[0m
[0.984s] [ 55%] [32mBuilding C object CMakeFiles/wildpose_interfaces__rosidl_typesupport_introspection_c.dir/rosidl_typesupport_introspection_c/wildpose_interfaces/msg/detail/motor_status__type_support.c.o[0m
[1.017s] [ 57%] [32mBuilding C object CMakeFiles/wildpose_interfaces__rosidl_typesupport_introspection_c.dir/rosidl_typesupport_introspection_c/wildpose_interfaces/msg/detail/motor_positions__type_support.c.o[0m
[1.028s] [ 59%] [32m[1mLinking CXX shared library libwildpose_interfaces__rosidl_typesupport_c.so[0m
[1.071s] [ 61%] [32m[1mLinking C shared library libwildpose_interfaces__rosidl_typesupport_introspection_c.so[0m
[1.077s] [ 63%] [32m[1mLinking CXX shared library libwildpose_interfaces__rosidl_typesupport_cpp.so[0m
[1.085s] [ 63%] Built target wildpose_interfaces__rosidl_typesupport_introspection_cpp
[1.106s] [ 63%] Built target wildpose_interfaces__rosidl_typesupport_c
[1.123s] [ 63%] Built target wildpose_interfaces__rosidl_typesupport_introspection_c
[1.124s] [ 63%] Built target wildpose_interfaces__rosidl_typesupport_cpp
[1.169s] [ 65%] [32m[1mLinking CXX shared library libwildpose_interfaces__rosidl_typesupport_fastrtps_cpp.so[0m
[1.231s] [ 65%] Built target wildpose_interfaces__rosidl_typesupport_fastrtps_cpp
[1.238s] [ 68%] [34m[1mGenerating C type support for eProsima Fast-RTPS[0m
[1.434s] [ 70%] [32mBuilding CXX object CMakeFiles/wildpose_interfaces__rosidl_typesupport_fastrtps_c.dir/rosidl_typesupport_fastrtps_c/wildpose_interfaces/msg/detail/dji_rs_status__type_support_c.cpp.o[0m
[1.438s] [ 74%] [32mBuilding CXX object CMakeFiles/wildpose_interfaces__rosidl_typesupport_fastrtps_c.dir/rosidl_typesupport_fastrtps_c/wildpose_interfaces/msg/detail/motor_positions__type_support_c.cpp.o[0m
[1.438s] [ 74%] [32mBuilding CXX object CMakeFiles/wildpose_interfaces__rosidl_typesupport_fastrtps_c.dir/rosidl_typesupport_fastrtps_c/wildpose_interfaces/msg/detail/motor_status__type_support_c.cpp.o[0m
[1.677s] [ 76%] [32m[1mLinking CXX shared library libwildpose_interfaces__rosidl_typesupport_fastrtps_c.so[0m
[1.736s] [ 76%] Built target wildpose_interfaces__rosidl_typesupport_fastrtps_c
[1.750s] [ 76%] Built target wildpose_interfaces
[1.768s] [ 78%] [34m[1mGenerating Python code for ROS interfaces[0m
[2.120s] [ 78%] Built target wildpose_interfaces__py
[2.135s] [ 80%] [32mBuilding C object CMakeFiles/wildpose_interfaces__python.dir/rosidl_generator_py/wildpose_interfaces/msg/_dji_rs_status_s.c.o[0m
[2.138s] [ 82%] [32mBuilding C object CMakeFiles/wildpose_interfaces__python.dir/rosidl_generator_py/wildpose_interfaces/msg/_motor_status_s.c.o[0m
[2.139s] [ 85%] [32mBuilding C object CMakeFiles/wildpose_interfaces__python.dir/rosidl_generator_py/wildpose_interfaces/msg/_motor_positions_s.c.o[0m
[2.222s] [ 87%] [32m[1mLinking C shared library rosidl_generator_py/wildpose_interfaces/libwildpose_interfaces__python.so[0m
[2.251s] [ 87%] Built target wildpose_interfaces__python
[2.267s] [ 89%] [32mBuilding C object CMakeFiles/wildpose_interfaces__rosidl_typesupport_fastrtps_c__pyext.dir/rosidl_generator_py/wildpose_interfaces/_wildpose_interfaces_s.ep.rosidl_typesupport_fastrtps_c.c.o[0m
[2.273s] [ 91%] [32mBuilding C object CMakeFiles/wildpose_interfaces__rosidl_typesupport_introspection_c__pyext.dir/rosidl_generator_py/wildpose_interfaces/_wildpose_interfaces_s.ep.rosidl_typesupport_introspection_c.c.o[0m
[2.273s] [ 93%] [32mBuilding C object CMakeFiles/wildpose_interfaces__rosidl_typesupport_c__pyext.dir/rosidl_generator_py/wildpose_interfaces/_wildpose_interfaces_s.ep.rosidl_typesupport_c.c.o[0m
[2.323s] [ 95%] [32m[1mLinking CXX shared library rosidl_generator_py/wildpose_interfaces/wildpose_interfaces_s__rosidl_typesupport_fastrtps_c.cpython-38-x86_64-linux-gnu.so[0m
[2.369s] [ 95%] Built target wildpose_interfaces__rosidl_typesupport_fastrtps_c__pyext
[2.374s] [100%] [32m[1mLinking C shared library rosidl_generator_py/wildpose_interfaces/wildpose_interfaces_s__rosidl_typesupport_c.cpython-38-x86_64-linux-gnu.so[0m
[2.374s] [100%] [32m[1mLinking C shared library rosidl_generator_py/wildpose_interfaces/wildpose_interfaces_s__rosidl_typesupport_introspection_c.cpython-38-x86_64-linux-gnu.so[0m
[2.401s] [100%] Built target wildpose_interfaces__rosidl_typesupport_introspection_c__pyext
[2.428s] [100%] Built target wildpose_interfaces__rosidl_typesupport_c__pyext
[2.489s] Invoked command in '/home/m2s2/WildPose_v1.2-main/wildpose/src/build/wildpose_interfaces' returned '0': CMAKE_PREFIX_PATH=${CMAKE_PREFIX_PATH}:/home/m2s2/WildPose_v1.2-main/wildpose/install/motor_controller_pkg:/home/m2s2/WildPose_v1.2-main/wildpose/install/dji_rs3_pkg:/home/m2s2/WildPose_v1.2-main/wildpose/install/gamepad_pkg:/opt/ros/foxy /usr/bin/cmake --build /home/m2s2/WildPose_v1.2-main/wildpose/src/build/wildpose_interfaces -- -j16 -l16
[2.545s] Invoking command in '/home/m2s2/WildPose_v1.2-main/wildpose/src/build/wildpose_interfaces': CMAKE_PREFIX_PATH=${CMAKE_PREFIX_PATH}:/home/m2s2/WildPose_v1.2-main/wildpose/install/motor_controller_pkg:/home/m2s2/WildPose_v1.2-main/wildpose/install/dji_rs3_pkg:/home/m2s2/WildPose_v1.2-main/wildpose/install/gamepad_pkg:/opt/ros/foxy /usr/bin/cmake --install /home/m2s2/WildPose_v1.2-main/wildpose/src/build/wildpose_interfaces
[2.551s] -- Install configuration: ""
[2.551s] -- Installing: /home/m2s2/WildPose_v1.2-main/wildpose/src/install/wildpose_interfaces/share/ament_index/resource_index/rosidl_interfaces/wildpose_interfaces
[2.551s] -- Installing: /home/m2s2/WildPose_v1.2-main/wildpose/src/install/wildpose_interfaces/include/wildpose_interfaces
[2.551s] -- Installing: /home/m2s2/WildPose_v1.2-main/wildpose/src/install/wildpose_interfaces/include/wildpose_interfaces/msg
[2.551s] -- Installing: /home/m2s2/WildPose_v1.2-main/wildpose/src/install/wildpose_interfaces/include/wildpose_interfaces/msg/rosidl_generator_c__visibility_control.h
[2.551s] -- Installing: /home/m2s2/WildPose_v1.2-main/wildpose/src/install/wildpose_interfaces/include/wildpose_interfaces/msg/dji_rs_status.h
[2.551s] -- Installing: /home/m2s2/WildPose_v1.2-main/wildpose/src/install/wildpose_interfaces/include/wildpose_interfaces/msg/detail
[2.552s] -- Installing: /home/m2s2/WildPose_v1.2-main/wildpose/src/install/wildpose_interfaces/include/wildpose_interfaces/msg/detail/motor_positions__functions.h
[2.552s] -- Installing: /home/m2s2/WildPose_v1.2-main/wildpose/src/install/wildpose_interfaces/include/wildpose_interfaces/msg/detail/dji_rs_status__type_support.h
[2.552s] -- Installing: /home/m2s2/WildPose_v1.2-main/wildpose/src/install/wildpose_interfaces/include/wildpose_interfaces/msg/detail/motor_status__functions.c
[2.552s] -- Installing: /home/m2s2/WildPose_v1.2-main/wildpose/src/install/wildpose_interfaces/include/wildpose_interfaces/msg/detail/motor_positions__functions.c
[2.552s] -- Installing: /home/m2s2/WildPose_v1.2-main/wildpose/src/install/wildpose_interfaces/include/wildpose_interfaces/msg/detail/dji_rs_status__functions.c
[2.552s] -- Installing: /home/m2s2/WildPose_v1.2-main/wildpose/src/install/wildpose_interfaces/include/wildpose_interfaces/msg/detail/dji_rs_status__struct.h
[2.552s] -- Installing: /home/m2s2/WildPose_v1.2-main/wildpose/src/install/wildpose_interfaces/include/wildpose_interfaces/msg/detail/motor_positions__struct.h
[2.552s] -- Installing: /home/m2s2/WildPose_v1.2-main/wildpose/src/install/wildpose_interfaces/include/wildpose_interfaces/msg/detail/motor_status__type_support.h
[2.552s] -- Installing: /home/m2s2/WildPose_v1.2-main/wildpose/src/install/wildpose_interfaces/include/wildpose_interfaces/msg/detail/motor_positions__type_support.h
[2.553s] -- Installing: /home/m2s2/WildPose_v1.2-main/wildpose/src/install/wildpose_interfaces/include/wildpose_interfaces/msg/detail/motor_status__struct.h
[2.553s] -- Installing: /home/m2s2/WildPose_v1.2-main/wildpose/src/install/wildpose_interfaces/include/wildpose_interfaces/msg/detail/dji_rs_status__functions.h
[2.553s] -- Installing: /home/m2s2/WildPose_v1.2-main/wildpose/src/install/wildpose_interfaces/include/wildpose_interfaces/msg/detail/motor_status__functions.h
[2.553s] -- Installing: /home/m2s2/WildPose_v1.2-main/wildpose/src/install/wildpose_interfaces/include/wildpose_interfaces/msg/motor_status.h
[2.553s] -- Installing: /home/m2s2/WildPose_v1.2-main/wildpose/src/install/wildpose_interfaces/include/wildpose_interfaces/msg/motor_positions.h
[2.553s] -- Installing: /home/m2s2/WildPose_v1.2-main/wildpose/src/install/wildpose_interfaces/share/wildpose_interfaces/environment/library_path.sh
[2.553s] -- Installing: /home/m2s2/WildPose_v1.2-main/wildpose/src/install/wildpose_interfaces/share/wildpose_interfaces/environment/library_path.dsv
[2.554s] -- Installing: /home/m2s2/WildPose_v1.2-main/wildpose/src/install/wildpose_interfaces/lib/libwildpose_interfaces__rosidl_generator_c.so
[2.554s] -- Set runtime path of "/home/m2s2/WildPose_v1.2-main/wildpose/src/install/wildpose_interfaces/lib/libwildpose_interfaces__rosidl_generator_c.so" to ""
[2.554s] -- Up-to-date: /home/m2s2/WildPose_v1.2-main/wildpose/src/install/wildpose_interfaces/include/wildpose_interfaces
[2.554s] -- Up-to-date: /home/m2s2/WildPose_v1.2-main/wildpose/src/install/wildpose_interfaces/include/wildpose_interfaces/msg
[2.554s] -- Up-to-date: /home/m2s2/WildPose_v1.2-main/wildpose/src/install/wildpose_interfaces/include/wildpose_interfaces/msg/detail
[2.554s] -- Installing: /home/m2s2/WildPose_v1.2-main/wildpose/src/install/wildpose_interfaces/include/wildpose_interfaces/msg/detail/dji_rs_status__rosidl_typesupport_fastrtps_c.h
[2.554s] -- Installing: /home/m2s2/WildPose_v1.2-main/wildpose/src/install/wildpose_interfaces/include/wildpose_interfaces/msg/detail/motor_positions__rosidl_typesupport_fastrtps_c.h
[2.555s] -- Installing: /home/m2s2/WildPose_v1.2-main/wildpose/src/install/wildpose_interfaces/include/wildpose_interfaces/msg/detail/motor_status__rosidl_typesupport_fastrtps_c.h
[2.555s] -- Installing: /home/m2s2/WildPose_v1.2-main/wildpose/src/install/wildpose_interfaces/include/wildpose_interfaces/msg/rosidl_typesupport_fastrtps_c__visibility_control.h
[2.555s] -- Installing: /home/m2s2/WildPose_v1.2-main/wildpose/src/install/wildpose_interfaces/lib/libwildpose_interfaces__rosidl_typesupport_fastrtps_c.so
[2.555s] -- Set runtime path of "/home/m2s2/WildPose_v1.2-main/wildpose/src/install/wildpose_interfaces/lib/libwildpose_interfaces__rosidl_typesupport_fastrtps_c.so" to ""
[2.555s] -- Up-to-date: /home/m2s2/WildPose_v1.2-main/wildpose/src/install/wildpose_interfaces/include/wildpose_interfaces
[2.555s] -- Up-to-date: /home/m2s2/WildPose_v1.2-main/wildpose/src/install/wildpose_interfaces/include/wildpose_interfaces/msg
[2.555s] -- Installing: /home/m2s2/WildPose_v1.2-main/wildpose/src/install/wildpose_interfaces/include/wildpose_interfaces/msg/rosidl_typesupport_fastrtps_cpp__visibility_control.h
[2.555s] -- Up-to-date: /home/m2s2/WildPose_v1.2-main/wildpose/src/install/wildpose_interfaces/include/wildpose_interfaces/msg/detail
[2.555s] -- Installing: /home/m2s2/WildPose_v1.2-main/wildpose/src/install/wildpose_interfaces/include/wildpose_interfaces/msg/detail/motor_positions__rosidl_typesupport_fastrtps_cpp.hpp
[2.555s] -- Installing: /home/m2s2/WildPose_v1.2-main/wildpose/src/install/wildpose_interfaces/include/wildpose_interfaces/msg/detail/dds_fastrtps
[2.556s] -- Installing: /home/m2s2/WildPose_v1.2-main/wildpose/src/install/wildpose_interfaces/include/wildpose_interfaces/msg/detail/dji_rs_status__rosidl_typesupport_fastrtps_cpp.hpp
[2.556s] -- Installing: /home/m2s2/WildPose_v1.2-main/wildpose/src/install/wildpose_interfaces/include/wildpose_interfaces/msg/detail/motor_status__rosidl_typesupport_fastrtps_cpp.hpp
[2.556s] -- Installing: /home/m2s2/WildPose_v1.2-main/wildpose/src/install/wildpose_interfaces/lib/libwildpose_interfaces__rosidl_typesupport_fastrtps_cpp.so
[2.556s] -- Set runtime path of "/home/m2s2/WildPose_v1.2-main/wildpose/src/install/wildpose_interfaces/lib/libwildpose_interfaces__rosidl_typesupport_fastrtps_cpp.so" to ""
[2.556s] -- Up-to-date: /home/m2s2/WildPose_v1.2-main/wildpose/src/install/wildpose_interfaces/include/wildpose_interfaces
[2.556s] -- Up-to-date: /home/m2s2/WildPose_v1.2-main/wildpose/src/install/wildpose_interfaces/include/wildpose_interfaces/msg
[2.556s] -- Up-to-date: /home/m2s2/WildPose_v1.2-main/wildpose/src/install/wildpose_interfaces/include/wildpose_interfaces/msg/detail
[2.556s] -- Installing: /home/m2s2/WildPose_v1.2-main/wildpose/src/install/wildpose_interfaces/include/wildpose_interfaces/msg/detail/dji_rs_status__type_support.c
[2.556s] -- Installing: /home/m2s2/WildPose_v1.2-main/wildpose/src/install/wildpose_interfaces/include/wildpose_interfaces/msg/detail/motor_status__rosidl_typesupport_introspection_c.h
[2.556s] -- Installing: /home/m2s2/WildPose_v1.2-main/wildpose/src/install/wildpose_interfaces/include/wildpose_interfaces/msg/detail/motor_positions__rosidl_typesupport_introspection_c.h
[2.556s] -- Installing: /home/m2s2/WildPose_v1.2-main/wildpose/src/install/wildpose_interfaces/include/wildpose_interfaces/msg/detail/motor_positions__type_support.c
[2.556s] -- Installing: /home/m2s2/WildPose_v1.2-main/wildpose/src/install/wildpose_interfaces/include/wildpose_interfaces/msg/detail/dji_rs_status__rosidl_typesupport_introspection_c.h
[2.557s] -- Installing: /home/m2s2/WildPose_v1.2-main/wildpose/src/install/wildpose_interfaces/include/wildpose_interfaces/msg/detail/motor_status__type_support.c
[2.557s] -- Installing: /home/m2s2/WildPose_v1.2-main/wildpose/src/install/wildpose_interfaces/include/wildpose_interfaces/msg/rosidl_typesupport_introspection_c__visibility_control.h
[2.557s] -- Installing: /home/m2s2/WildPose_v1.2-main/wildpose/src/install/wildpose_interfaces/lib/libwildpose_interfaces__rosidl_typesupport_introspection_c.so
[2.557s] -- Set runtime path of "/home/m2s2/WildPose_v1.2-main/wildpose/src/install/wildpose_interfaces/lib/libwildpose_interfaces__rosidl_typesupport_introspection_c.so" to ""
[2.557s] -- Installing: /home/m2s2/WildPose_v1.2-main/wildpose/src/install/wildpose_interfaces/lib/libwildpose_interfaces__rosidl_typesupport_c.so
[2.557s] -- Set runtime path of "/home/m2s2/WildPose_v1.2-main/wildpose/src/install/wildpose_interfaces/lib/libwildpose_interfaces__rosidl_typesupport_c.so" to ""
[2.557s] -- Up-to-date: /home/m2s2/WildPose_v1.2-main/wildpose/src/install/wildpose_interfaces/include/wildpose_interfaces
[2.557s] -- Up-to-date: /home/m2s2/WildPose_v1.2-main/wildpose/src/install/wildpose_interfaces/include/wildpose_interfaces/msg
[2.557s] -- Up-to-date: /home/m2s2/WildPose_v1.2-main/wildpose/src/install/wildpose_interfaces/include/wildpose_interfaces/msg/detail
[2.557s] -- Installing: /home/m2s2/WildPose_v1.2-main/wildpose/src/install/wildpose_interfaces/include/wildpose_interfaces/msg/detail/motor_positions__type_support.hpp
[2.557s] -- Installing: /home/m2s2/WildPose_v1.2-main/wildpose/src/install/wildpose_interfaces/include/wildpose_interfaces/msg/detail/motor_status__struct.hpp
[2.557s] -- Installing: /home/m2s2/WildPose_v1.2-main/wildpose/src/install/wildpose_interfaces/include/wildpose_interfaces/msg/detail/motor_positions__struct.hpp
[2.557s] -- Installing: /home/m2s2/WildPose_v1.2-main/wildpose/src/install/wildpose_interfaces/include/wildpose_interfaces/msg/detail/dji_rs_status__struct.hpp
[2.558s] -- Installing: /home/m2s2/WildPose_v1.2-main/wildpose/src/install/wildpose_interfaces/include/wildpose_interfaces/msg/detail/motor_positions__traits.hpp
[2.558s] -- Installing: /home/m2s2/WildPose_v1.2-main/wildpose/src/install/wildpose_interfaces/include/wildpose_interfaces/msg/detail/dji_rs_status__traits.hpp
[2.558s] -- Installing: /home/m2s2/WildPose_v1.2-main/wildpose/src/install/wildpose_interfaces/include/wildpose_interfaces/msg/detail/dji_rs_status__type_support.hpp
[2.558s] -- Installing: /home/m2s2/WildPose_v1.2-main/wildpose/src/install/wildpose_interfaces/include/wildpose_interfaces/msg/detail/dji_rs_status__builder.hpp
[2.558s] -- Installing: /home/m2s2/WildPose_v1.2-main/wildpose/src/install/wildpose_interfaces/include/wildpose_interfaces/msg/detail/motor_status__traits.hpp
[2.558s] -- Installing: /home/m2s2/WildPose_v1.2-main/wildpose/src/install/wildpose_interfaces/include/wildpose_interfaces/msg/detail/motor_status__type_support.hpp
[2.558s] -- Installing: /home/m2s2/WildPose_v1.2-main/wildpose/src/install/wildpose_interfaces/include/wildpose_interfaces/msg/detail/motor_positions__builder.hpp
[2.558s] -- Installing: /home/m2s2/WildPose_v1.2-main/wildpose/src/install/wildpose_interfaces/include/wildpose_interfaces/msg/detail/motor_status__builder.hpp
[2.558s] -- Installing: /home/m2s2/WildPose_v1.2-main/wildpose/src/install/wildpose_interfaces/include/wildpose_interfaces/msg/motor_status.hpp
[2.558s] -- Installing: /home/m2s2/WildPose_v1.2-main/wildpose/src/install/wildpose_interfaces/include/wildpose_interfaces/msg/motor_positions.hpp
[2.558s] -- Installing: /home/m2s2/WildPose_v1.2-main/wildpose/src/install/wildpose_interfaces/include/wildpose_interfaces/msg/dji_rs_status.hpp
[2.558s] -- Installing: /home/m2s2/WildPose_v1.2-main/wildpose/src/install/wildpose_interfaces/include/wildpose_interfaces/msg/rosidl_generator_cpp__visibility_control.hpp
[2.558s] -- Up-to-date: /home/m2s2/WildPose_v1.2-main/wildpose/src/install/wildpose_interfaces/include/wildpose_interfaces
[2.558s] -- Up-to-date: /home/m2s2/WildPose_v1.2-main/wildpose/src/install/wildpose_interfaces/include/wildpose_interfaces/msg
[2.559s] -- Up-to-date: /home/m2s2/WildPose_v1.2-main/wildpose/src/install/wildpose_interfaces/include/wildpose_interfaces/msg/detail
[2.559s] -- Installing: /home/m2s2/WildPose_v1.2-main/wildpose/src/install/wildpose_interfaces/include/wildpose_interfaces/msg/detail/motor_positions__rosidl_typesupport_introspection_cpp.hpp
[2.559s] -- Installing: /home/m2s2/WildPose_v1.2-main/wildpose/src/install/wildpose_interfaces/include/wildpose_interfaces/msg/detail/dji_rs_status__rosidl_typesupport_introspection_cpp.hpp
[2.559s] -- Installing: /home/m2s2/WildPose_v1.2-main/wildpose/src/install/wildpose_interfaces/include/wildpose_interfaces/msg/detail/motor_status__rosidl_typesupport_introspection_cpp.hpp
[2.559s] -- Installing: /home/m2s2/WildPose_v1.2-main/wildpose/src/install/wildpose_interfaces/include/wildpose_interfaces/msg/detail/motor_status__type_support.cpp
[2.559s] -- Installing: /home/m2s2/WildPose_v1.2-main/wildpose/src/install/wildpose_interfaces/include/wildpose_interfaces/msg/detail/dji_rs_status__type_support.cpp
[2.559s] -- Installing: /home/m2s2/WildPose_v1.2-main/wildpose/src/install/wildpose_interfaces/include/wildpose_interfaces/msg/detail/motor_positions__type_support.cpp
[2.559s] -- Installing: /home/m2s2/WildPose_v1.2-main/wildpose/src/install/wildpose_interfaces/lib/libwildpose_interfaces__rosidl_typesupport_introspection_cpp.so
[2.559s] -- Set runtime path of "/home/m2s2/WildPose_v1.2-main/wildpose/src/install/wildpose_interfaces/lib/libwildpose_interfaces__rosidl_typesupport_introspection_cpp.so" to ""
[2.559s] -- Installing: /home/m2s2/WildPose_v1.2-main/wildpose/src/install/wildpose_interfaces/lib/libwildpose_interfaces__rosidl_typesupport_cpp.so
[2.559s] -- Set runtime path of "/home/m2s2/WildPose_v1.2-main/wildpose/src/install/wildpose_interfaces/lib/libwildpose_interfaces__rosidl_typesupport_cpp.so" to ""
[2.559s] -- Installing: /home/m2s2/WildPose_v1.2-main/wildpose/src/install/wildpose_interfaces/share/wildpose_interfaces/environment/pythonpath.sh
[2.559s] -- Installing: /home/m2s2/WildPose_v1.2-main/wildpose/src/install/wildpose_interfaces/share/wildpose_interfaces/environment/pythonpath.dsv
[2.560s] -- Installing: /home/m2s2/WildPose_v1.2-main/wildpose/src/install/wildpose_interfaces/lib/python3.8/site-packages/wildpose_interfaces/__init__.py
[2.577s] Compiling '/home/m2s2/WildPose_v1.2-main/wildpose/src/install/wildpose_interfaces/lib/python3.8/site-packages/wildpose_interfaces/__init__.py'...
[2.580s] -- Installing: /home/m2s2/WildPose_v1.2-main/wildpose/src/install/wildpose_interfaces/lib/python3.8/site-packages/wildpose_interfaces/msg
[2.580s] -- Installing: /home/m2s2/WildPose_v1.2-main/wildpose/src/install/wildpose_interfaces/lib/python3.8/site-packages/wildpose_interfaces/msg/__init__.py
[2.580s] -- Installing: /home/m2s2/WildPose_v1.2-main/wildpose/src/install/wildpose_interfaces/lib/python3.8/site-packages/wildpose_interfaces/msg/_motor_positions_s.c
[2.580s] -- Installing: /home/m2s2/WildPose_v1.2-main/wildpose/src/install/wildpose_interfaces/lib/python3.8/site-packages/wildpose_interfaces/msg/_motor_status_s.c
[2.580s] -- Installing: /home/m2s2/WildPose_v1.2-main/wildpose/src/install/wildpose_interfaces/lib/python3.8/site-packages/wildpose_interfaces/msg/_motor_positions.py
[2.580s] -- Installing: /home/m2s2/WildPose_v1.2-main/wildpose/src/install/wildpose_interfaces/lib/python3.8/site-packages/wildpose_interfaces/msg/_dji_rs_status_s.c
[2.581s] -- Installing: /home/m2s2/WildPose_v1.2-main/wildpose/src/install/wildpose_interfaces/lib/python3.8/site-packages/wildpose_interfaces/msg/_motor_status.py
[2.581s] -- Installing: /home/m2s2/WildPose_v1.2-main/wildpose/src/install/wildpose_interfaces/lib/python3.8/site-packages/wildpose_interfaces/msg/_dji_rs_status.py
[2.581s] -- Installing: /home/m2s2/WildPose_v1.2-main/wildpose/src/install/wildpose_interfaces/lib/python3.8/site-packages/wildpose_interfaces/wildpose_interfaces_s__rosidl_typesupport_fastrtps_c.cpython-38-x86_64-linux-gnu.so
[2.581s] -- Set runtime path of "/home/m2s2/WildPose_v1.2-main/wildpose/src/install/wildpose_interfaces/lib/python3.8/site-packages/wildpose_interfaces/wildpose_interfaces_s__rosidl_typesupport_fastrtps_c.cpython-38-x86_64-linux-gnu.so" to ""
[2.581s] -- Installing: /home/m2s2/WildPose_v1.2-main/wildpose/src/install/wildpose_interfaces/lib/python3.8/site-packages/wildpose_interfaces/wildpose_interfaces_s__rosidl_typesupport_introspection_c.cpython-38-x86_64-linux-gnu.so
[2.581s] -- Set runtime path of "/home/m2s2/WildPose_v1.2-main/wildpose/src/install/wildpose_interfaces/lib/python3.8/site-packages/wildpose_interfaces/wildpose_interfaces_s__rosidl_typesupport_introspection_c.cpython-38-x86_64-linux-gnu.so" to ""
[2.581s] -- Installing: /home/m2s2/WildPose_v1.2-main/wildpose/src/install/wildpose_interfaces/lib/python3.8/site-packages/wildpose_interfaces/wildpose_interfaces_s__rosidl_typesupport_c.cpython-38-x86_64-linux-gnu.so
[2.581s] -- Set runtime path of "/home/m2s2/WildPose_v1.2-main/wildpose/src/install/wildpose_interfaces/lib/python3.8/site-packages/wildpose_interfaces/wildpose_interfaces_s__rosidl_typesupport_c.cpython-38-x86_64-linux-gnu.so" to ""
[2.582s] -- Installing: /home/m2s2/WildPose_v1.2-main/wildpose/src/install/wildpose_interfaces/lib/libwildpose_interfaces__python.so
[2.582s] -- Set runtime path of "/home/m2s2/WildPose_v1.2-main/wildpose/src/install/wildpose_interfaces/lib/libwildpose_interfaces__python.so" to ""
[2.582s] -- Installing: /home/m2s2/WildPose_v1.2-main/wildpose/src/install/wildpose_interfaces/share/wildpose_interfaces/msg/DjiRsStatus.idl
[2.582s] -- Installing: /home/m2s2/WildPose_v1.2-main/wildpose/src/install/wildpose_interfaces/share/wildpose_interfaces/msg/MotorStatus.idl
[2.582s] -- Installing: /home/m2s2/WildPose_v1.2-main/wildpose/src/install/wildpose_interfaces/share/wildpose_interfaces/msg/MotorPositions.idl
[2.582s] -- Installing: /home/m2s2/WildPose_v1.2-main/wildpose/src/install/wildpose_interfaces/share/wildpose_interfaces/msg/DjiRsStatus.msg
[2.582s] -- Installing: /home/m2s2/WildPose_v1.2-main/wildpose/src/install/wildpose_interfaces/share/wildpose_interfaces/msg/MotorStatus.msg
[2.583s] -- Installing: /home/m2s2/WildPose_v1.2-main/wildpose/src/install/wildpose_interfaces/share/wildpose_interfaces/msg/MotorPositions.msg
[2.583s] -- Installing: /home/m2s2/WildPose_v1.2-main/wildpose/src/install/wildpose_interfaces/share/ament_index/resource_index/package_run_dependencies/wildpose_interfaces
[2.583s] -- Installing: /home/m2s2/WildPose_v1.2-main/wildpose/src/install/wildpose_interfaces/share/ament_index/resource_index/parent_prefix_path/wildpose_interfaces
[2.583s] -- Installing: /home/m2s2/WildPose_v1.2-main/wildpose/src/install/wildpose_interfaces/share/wildpose_interfaces/environment/ament_prefix_path.sh
[2.583s] -- Installing: /home/m2s2/WildPose_v1.2-main/wildpose/src/install/wildpose_interfaces/share/wildpose_interfaces/environment/ament_prefix_path.dsv
[2.583s] -- Installing: /home/m2s2/WildPose_v1.2-main/wildpose/src/install/wildpose_interfaces/share/wildpose_interfaces/environment/path.sh
[2.583s] -- Installing: /home/m2s2/WildPose_v1.2-main/wildpose/src/install/wildpose_interfaces/share/wildpose_interfaces/environment/path.dsv
[2.583s] -- Installing: /home/m2s2/WildPose_v1.2-main/wildpose/src/install/wildpose_interfaces/share/wildpose_interfaces/local_setup.bash
[2.584s] -- Installing: /home/m2s2/WildPose_v1.2-main/wildpose/src/install/wildpose_interfaces/share/wildpose_interfaces/local_setup.sh
[2.584s] -- Installing: /home/m2s2/WildPose_v1.2-main/wildpose/src/install/wildpose_interfaces/share/wildpose_interfaces/local_setup.zsh
[2.584s] -- Installing: /home/m2s2/WildPose_v1.2-main/wildpose/src/install/wildpose_interfaces/share/wildpose_interfaces/local_setup.dsv
[2.584s] -- Installing: /home/m2s2/WildPose_v1.2-main/wildpose/src/install/wildpose_interfaces/share/wildpose_interfaces/package.dsv
[2.584s] -- Installing: /home/m2s2/WildPose_v1.2-main/wildpose/src/install/wildpose_interfaces/share/ament_index/resource_index/packages/wildpose_interfaces
[2.584s] -- Installing: /home/m2s2/WildPose_v1.2-main/wildpose/src/install/wildpose_interfaces/share/wildpose_interfaces/cmake/wildpose_interfaces__rosidl_generator_cExport.cmake
[2.584s] -- Installing: /home/m2s2/WildPose_v1.2-main/wildpose/src/install/wildpose_interfaces/share/wildpose_interfaces/cmake/wildpose_interfaces__rosidl_generator_cExport-noconfig.cmake
[2.584s] -- Installing: /home/m2s2/WildPose_v1.2-main/wildpose/src/install/wildpose_interfaces/share/wildpose_interfaces/cmake/wildpose_interfaces__rosidl_typesupport_introspection_cExport.cmake
[2.585s] -- Installing: /home/m2s2/WildPose_v1.2-main/wildpose/src/install/wildpose_interfaces/share/wildpose_interfaces/cmake/wildpose_interfaces__rosidl_typesupport_introspection_cExport-noconfig.cmake
[2.585s] -- Installing: /home/m2s2/WildPose_v1.2-main/wildpose/src/install/wildpose_interfaces/share/wildpose_interfaces/cmake/wildpose_interfaces__rosidl_typesupport_cExport.cmake
[2.585s] -- Installing: /home/m2s2/WildPose_v1.2-main/wildpose/src/install/wildpose_interfaces/share/wildpose_interfaces/cmake/wildpose_interfaces__rosidl_typesupport_cExport-noconfig.cmake
[2.585s] -- Installing: /home/m2s2/WildPose_v1.2-main/wildpose/src/install/wildpose_interfaces/share/wildpose_interfaces/cmake/wildpose_interfaces__rosidl_generator_cppExport.cmake
[2.585s] -- Installing: /home/m2s2/WildPose_v1.2-main/wildpose/src/install/wildpose_interfaces/share/wildpose_interfaces/cmake/wildpose_interfaces__rosidl_typesupport_introspection_cppExport.cmake
[2.585s] -- Installing: /home/m2s2/WildPose_v1.2-main/wildpose/src/install/wildpose_interfaces/share/wildpose_interfaces/cmake/wildpose_interfaces__rosidl_typesupport_introspection_cppExport-noconfig.cmake
[2.585s] -- Installing: /home/m2s2/WildPose_v1.2-main/wildpose/src/install/wildpose_interfaces/share/wildpose_interfaces/cmake/wildpose_interfaces__rosidl_typesupport_cppExport.cmake
[2.586s] -- Installing: /home/m2s2/WildPose_v1.2-main/wildpose/src/install/wildpose_interfaces/share/wildpose_interfaces/cmake/wildpose_interfaces__rosidl_typesupport_cppExport-noconfig.cmake
[2.586s] -- Installing: /home/m2s2/WildPose_v1.2-main/wildpose/src/install/wildpose_interfaces/share/wildpose_interfaces/cmake/rosidl_cmake-extras.cmake
[2.586s] -- Installing: /home/m2s2/WildPose_v1.2-main/wildpose/src/install/wildpose_interfaces/share/wildpose_interfaces/cmake/ament_cmake_export_dependencies-extras.cmake
[2.586s] -- Installing: /home/m2s2/WildPose_v1.2-main/wildpose/src/install/wildpose_interfaces/share/wildpose_interfaces/cmake/ament_cmake_export_libraries-extras.cmake
[2.586s] -- Installing: /home/m2s2/WildPose_v1.2-main/wildpose/src/install/wildpose_interfaces/share/wildpose_interfaces/cmake/ament_cmake_export_targets-extras.cmake
[2.586s] -- Installing: /home/m2s2/WildPose_v1.2-main/wildpose/src/install/wildpose_interfaces/share/wildpose_interfaces/cmake/ament_cmake_export_include_directories-extras.cmake
[2.586s] -- Installing: /home/m2s2/WildPose_v1.2-main/wildpose/src/install/wildpose_interfaces/share/wildpose_interfaces/cmake/rosidl_cmake_export_typesupport_libraries-extras.cmake
[2.586s] -- Installing: /home/m2s2/WildPose_v1.2-main/wildpose/src/install/wildpose_interfaces/share/wildpose_interfaces/cmake/rosidl_cmake_export_typesupport_targets-extras.cmake
[2.587s] -- Installing: /home/m2s2/WildPose_v1.2-main/wildpose/src/install/wildpose_interfaces/share/wildpose_interfaces/cmake/wildpose_interfacesConfig.cmake
[2.587s] -- Installing: /home/m2s2/WildPose_v1.2-main/wildpose/src/install/wildpose_interfaces/share/wildpose_interfaces/cmake/wildpose_interfacesConfig-version.cmake
[2.587s] -- Installing: /home/m2s2/WildPose_v1.2-main/wildpose/src/install/wildpose_interfaces/share/wildpose_interfaces/package.xml
[2.590s] Invoked command in '/home/m2s2/WildPose_v1.2-main/wildpose/src/build/wildpose_interfaces' returned '0': CMAKE_PREFIX_PATH=${CMAKE_PREFIX_PATH}:/home/m2s2/WildPose_v1.2-main/wildpose/install/motor_controller_pkg:/home/m2s2/WildPose_v1.2-main/wildpose/install/dji_rs3_pkg:/home/m2s2/WildPose_v1.2-main/wildpose/install/gamepad_pkg:/opt/ros/foxy /usr/bin/cmake --install /home/m2s2/WildPose_v1.2-main/wildpose/src/build/wildpose_interfaces
