-- The C compiler identification is GNU 9.4.0
-- The CXX compiler identification is GNU 9.4.0
-- Check for working C compiler: /usr/bin/cc
-- Check for working C compiler: /usr/bin/cc -- works
-- Detecting C compiler ABI info
-- Detecting C compiler ABI info - done
-- Detecting C compile features
-- Detecting C compile features - done
-- Check for working CXX compiler: /usr/bin/c++
-- Check for working CXX compiler: /usr/bin/c++ -- works
-- Detecting CXX compiler ABI info
-- Detecting CXX compiler ABI info - done
-- Detecting CXX compile features
-- Detecting CXX compile features - done
-- Found ament_cmake: 0.9.12 (/opt/ros/foxy/share/ament_cmake/cmake)
-- Found PythonInterp: /usr/bin/python3 (found suitable version "3.8.10", minimum required is "3") 
-- Using PYTHON_EXECUTABLE: /usr/bin/python3
-- Found rclcpp: 2.4.3 (/opt/ros/foxy/share/rclcpp/cmake)
-- Using all available rosidl_typesupport_c: rosidl_typesupport_fastrtps_c;rosidl_typesupport_introspection_c
-- Found rosidl_adapter: 1.3.1 (/opt/ros/foxy/share/rosidl_adapter/cmake)
-- Found OpenSSL: /usr/lib/x86_64-linux-gnu/libcrypto.so (found version "1.1.1f")  
-- Found FastRTPS: /opt/ros/foxy/include  
-- Using all available rosidl_typesupport_cpp: rosidl_typesupport_fastrtps_cpp;rosidl_typesupport_introspection_cpp
-- Found rmw_implementation_cmake: 1.0.4 (/opt/ros/foxy/share/rmw_implementation_cmake/cmake)
-- Using RMW implementation 'rmw_ecal_dynamic_cpp' as default
-- Looking for pthread.h
-- Looking for pthread.h - found
-- Performing Test CMAKE_HAVE_LIBC_PTHREAD
-- Performing Test CMAKE_HAVE_LIBC_PTHREAD - Failed
-- Looking for pthread_create in pthreads
-- Looking for pthread_create in pthreads - not found
-- Looking for pthread_create in pthread
-- Looking for pthread_create in pthread - found
-- Found Threads: TRUE  
-- Found camera_calibration_parsers: 2.4.0 (/opt/ros/foxy/share/camera_calibration_parsers/cmake)
-- Setting yaml-cpp_DIR to: '/opt/ros/foxy/share/yaml_cpp_vendor/cmake/../../../opt/yaml_cpp_vendor/lib/cmake/yaml-cpp'
-- Found camera_info_manager: 2.4.0 (/opt/ros/foxy/share/camera_info_manager/cmake)
-- Found image_transport: 2.4.0 (/opt/ros/foxy/share/image_transport/cmake)
-- Found rosbag2_cpp: 0.3.11 (/opt/ros/foxy/share/rosbag2_cpp/cmake)
-- Found cv_bridge: 3.0.7 (/opt/ros/foxy/share/cv_bridge/cmake)
-- Found OpenCV: /usr (found version "4.2.0") 
-- Found ament_lint_auto: 0.9.8 (/opt/ros/foxy/share/ament_lint_auto/cmake)
-- Added test 'copyright' to check source files copyright and LICENSE
-- Added test 'cppcheck' to perform static code analysis on C / C++ code
-- Configured cppcheck include dirs: $<BUILD_INTERFACE:/home/naoya/wildpose_v1.3/wildpose/src/ximea_ROS2_driver-main/ximea_ros2_cam/include>
-- Configured cppcheck exclude dirs and/or files: 
-- Added test 'cpplint' to check C / C++ code against the Google style
-- Configured cpplint exclude dirs and/or files: 
-- Added test 'lint_cmake' to check CMake code style
-- Added test 'uncrustify' to check C / C++ code style
-- Configured uncrustify additional arguments: 
-- Added test 'xmllint' to check XML markup files
-- Configuring done
-- Generating done
-- Build files have been written to: /home/naoya/wildpose_v1.3/wildpose/src/ximea_ROS2_driver-main/build/ximea_ros2_cam
[35m[1mScanning dependencies of target ximea_ros2_cam_node[0m
[ 33%] [32mBuilding CXX object CMakeFiles/ximea_ros2_cam_node.dir/src/ximea_ros2_cam_node.cpp.o[0m
[ 66%] [32mBuilding CXX object CMakeFiles/ximea_ros2_cam_node.dir/src/ximea_ros2_cam.cpp.o[0m
[100%] [32m[1mLinking CXX executable ximea_ros2_cam_node[0m
[100%] Built target ximea_ros2_cam_node
-- Install configuration: ""
-- Installing: /home/naoya/wildpose_v1.3/wildpose/src/ximea_ROS2_driver-main/install/ximea_ros2_cam/lib/ximea_ros2_cam/ximea_ros2_cam_node
-- Set runtime path of "/home/naoya/wildpose_v1.3/wildpose/src/ximea_ROS2_driver-main/install/ximea_ros2_cam/lib/ximea_ros2_cam/ximea_ros2_cam_node" to ""
-- Up-to-date: /home/naoya/wildpose_v1.3/wildpose/src/ximea_ROS2_driver-main/install/ximea_ros2_cam/share/ximea_ros2_cam/config
-- Installing: /home/naoya/wildpose_v1.3/wildpose/src/ximea_ROS2_driver-main/install/ximea_ros2_cam/share/ximea_ros2_cam/config/xiCam_config.yaml
-- Up-to-date: /home/naoya/wildpose_v1.3/wildpose/src/ximea_ROS2_driver-main/install/ximea_ros2_cam/share/ximea_ros2_cam/launch
-- Installing: /home/naoya/wildpose_v1.3/wildpose/src/ximea_ROS2_driver-main/install/ximea_ros2_cam/share/ximea_ros2_cam/launch/xiCam.launch.xml
-- Installing: /home/naoya/wildpose_v1.3/wildpose/src/ximea_ROS2_driver-main/install/ximea_ros2_cam/share/ament_index/resource_index/package_run_dependencies/ximea_ros2_cam
-- Installing: /home/naoya/wildpose_v1.3/wildpose/src/ximea_ROS2_driver-main/install/ximea_ros2_cam/share/ament_index/resource_index/parent_prefix_path/ximea_ros2_cam
-- Up-to-date: /home/naoya/wildpose_v1.3/wildpose/src/ximea_ROS2_driver-main/install/ximea_ros2_cam/share/ximea_ros2_cam/environment/ament_prefix_path.sh
-- Installing: /home/naoya/wildpose_v1.3/wildpose/src/ximea_ROS2_driver-main/install/ximea_ros2_cam/share/ximea_ros2_cam/environment/ament_prefix_path.dsv
-- Up-to-date: /home/naoya/wildpose_v1.3/wildpose/src/ximea_ROS2_driver-main/install/ximea_ros2_cam/share/ximea_ros2_cam/environment/path.sh
-- Installing: /home/naoya/wildpose_v1.3/wildpose/src/ximea_ROS2_driver-main/install/ximea_ros2_cam/share/ximea_ros2_cam/environment/path.dsv
-- Installing: /home/naoya/wildpose_v1.3/wildpose/src/ximea_ROS2_driver-main/install/ximea_ros2_cam/share/ximea_ros2_cam/local_setup.bash
-- Installing: /home/naoya/wildpose_v1.3/wildpose/src/ximea_ROS2_driver-main/install/ximea_ros2_cam/share/ximea_ros2_cam/local_setup.sh
-- Installing: /home/naoya/wildpose_v1.3/wildpose/src/ximea_ROS2_driver-main/install/ximea_ros2_cam/share/ximea_ros2_cam/local_setup.zsh
-- Installing: /home/naoya/wildpose_v1.3/wildpose/src/ximea_ROS2_driver-main/install/ximea_ros2_cam/share/ximea_ros2_cam/local_setup.dsv
-- Installing: /home/naoya/wildpose_v1.3/wildpose/src/ximea_ROS2_driver-main/install/ximea_ros2_cam/share/ximea_ros2_cam/package.dsv
-- Installing: /home/naoya/wildpose_v1.3/wildpose/src/ximea_ROS2_driver-main/install/ximea_ros2_cam/share/ament_index/resource_index/packages/ximea_ros2_cam
-- Installing: /home/naoya/wildpose_v1.3/wildpose/src/ximea_ROS2_driver-main/install/ximea_ros2_cam/share/ximea_ros2_cam/cmake/ximea_ros2_camConfig.cmake
-- Installing: /home/naoya/wildpose_v1.3/wildpose/src/ximea_ROS2_driver-main/install/ximea_ros2_cam/share/ximea_ros2_cam/cmake/ximea_ros2_camConfig-version.cmake
-- Up-to-date: /home/naoya/wildpose_v1.3/wildpose/src/ximea_ROS2_driver-main/install/ximea_ros2_cam/share/ximea_ros2_cam/package.xml
