[0.146s] Invoking command in '/home/naoya/wildpose_v1.3/wildpose/src/ximea_ROS2_driver-main/build/ximea_ros2_cam': CMAKE_PREFIX_PATH=${CMAKE_PREFIX_PATH}:/home/naoya/WildPose_v1.2/wildpose/install/motor_controller_pkg:/home/naoya/WildPose_v1.2/wildpose/install/gamepad_pkg:/opt/ros/foxy /usr/bin/cmake /home/naoya/wildpose_v1.3/wildpose/src/ximea_ROS2_driver-main/ximea_ros2_cam -DCMAKE_INSTALL_PREFIX=/home/naoya/wildpose_v1.3/wildpose/src/ximea_ROS2_driver-main/install/ximea_ros2_cam
[0.188s] -- The C compiler identification is GNU 9.4.0
[0.229s] -- The CXX compiler identification is GNU 9.4.0
[0.232s] -- Check for working C compiler: /usr/bin/cc
[0.283s] -- Check for working C compiler: /usr/bin/cc -- works
[0.284s] -- Detecting C compiler ABI info
[0.341s] -- Detecting C compiler ABI info - done
[0.355s] -- Detecting C compile features
[0.355s] -- Detecting C compile features - done
[0.357s] -- Check for working CXX compiler: /usr/bin/c++
[0.419s] -- Check for working CXX compiler: /usr/bin/c++ -- works
[0.419s] -- Detecting CXX compiler ABI info
[0.492s] -- Detecting CXX compiler ABI info - done
[0.503s] -- Detecting CXX compile features
[0.504s] -- Detecting CXX compile features - done
[0.506s] -- Found ament_cmake: 0.9.12 (/opt/ros/foxy/share/ament_cmake/cmake)
[0.529s] -- Found PythonInterp: /usr/bin/python3 (found suitable version "3.8.10", minimum required is "3") 
[0.529s] -- Using PYTHON_EXECUTABLE: /usr/bin/python3
[0.646s] -- Found rclcpp: 2.4.3 (/opt/ros/foxy/share/rclcpp/cmake)
[0.678s] -- Using all available rosidl_typesupport_c: rosidl_typesupport_fastrtps_c;rosidl_typesupport_introspection_c
[0.683s] -- Found rosidl_adapter: 1.3.1 (/opt/ros/foxy/share/rosidl_adapter/cmake)
[0.735s] -- Found OpenSSL: /usr/lib/x86_64-linux-gnu/libcrypto.so (found version "1.1.1f")  
[0.757s] -- Found FastRTPS: /opt/ros/foxy/include  
[0.807s] -- Using all available rosidl_typesupport_cpp: rosidl_typesupport_fastrtps_cpp;rosidl_typesupport_introspection_cpp
[0.845s] -- Found rmw_implementation_cmake: 1.0.4 (/opt/ros/foxy/share/rmw_implementation_cmake/cmake)
[0.846s] -- Using RMW implementation 'rmw_ecal_dynamic_cpp' as default
[0.847s] -- Looking for pthread.h
[0.903s] -- Looking for pthread.h - found
[0.903s] -- Performing Test CMAKE_HAVE_LIBC_PTHREAD
[0.971s] -- Performing Test CMAKE_HAVE_LIBC_PTHREAD - Failed
[0.972s] -- Looking for pthread_create in pthreads
[1.035s] -- Looking for pthread_create in pthreads - not found
[1.035s] -- Looking for pthread_create in pthread
[1.099s] -- Looking for pthread_create in pthread - found
[1.100s] -- Found Threads: TRUE  
[1.208s] -- Found camera_calibration_parsers: 2.4.0 (/opt/ros/foxy/share/camera_calibration_parsers/cmake)
[1.297s] -- Setting yaml-cpp_DIR to: '/opt/ros/foxy/share/yaml_cpp_vendor/cmake/../../../opt/yaml_cpp_vendor/lib/cmake/yaml-cpp'
[1.300s] -- Found camera_info_manager: 2.4.0 (/opt/ros/foxy/share/camera_info_manager/cmake)
[1.332s] -- Found image_transport: 2.4.0 (/opt/ros/foxy/share/image_transport/cmake)
[1.362s] -- Found rosbag2_cpp: 0.3.11 (/opt/ros/foxy/share/rosbag2_cpp/cmake)
[1.370s] -- Found cv_bridge: 3.0.7 (/opt/ros/foxy/share/cv_bridge/cmake)
[1.391s] -- Found OpenCV: /usr (found version "4.2.0") 
[1.476s] -- Found ament_lint_auto: 0.9.8 (/opt/ros/foxy/share/ament_lint_auto/cmake)
[1.528s] -- Added test 'copyright' to check source files copyright and LICENSE
[1.529s] -- Added test 'cppcheck' to perform static code analysis on C / C++ code
[1.529s] -- Configured cppcheck include dirs: $<BUILD_INTERFACE:/home/naoya/wildpose_v1.3/wildpose/src/ximea_ROS2_driver-main/ximea_ros2_cam/include>
[1.529s] -- Configured cppcheck exclude dirs and/or files: 
[1.530s] -- Added test 'cpplint' to check C / C++ code against the Google style
[1.530s] -- Configured cpplint exclude dirs and/or files: 
[1.530s] -- Added test 'lint_cmake' to check CMake code style
[1.531s] -- Added test 'uncrustify' to check C / C++ code style
[1.531s] -- Configured uncrustify additional arguments: 
[1.532s] -- Added test 'xmllint' to check XML markup files
[1.534s] -- Configuring done
[1.549s] -- Generating done
[1.550s] -- Build files have been written to: /home/naoya/wildpose_v1.3/wildpose/src/ximea_ROS2_driver-main/build/ximea_ros2_cam
[1.557s] Invoked command in '/home/naoya/wildpose_v1.3/wildpose/src/ximea_ROS2_driver-main/build/ximea_ros2_cam' returned '0': CMAKE_PREFIX_PATH=${CMAKE_PREFIX_PATH}:/home/naoya/WildPose_v1.2/wildpose/install/motor_controller_pkg:/home/naoya/WildPose_v1.2/wildpose/install/gamepad_pkg:/opt/ros/foxy /usr/bin/cmake /home/naoya/wildpose_v1.3/wildpose/src/ximea_ROS2_driver-main/ximea_ros2_cam -DCMAKE_INSTALL_PREFIX=/home/naoya/wildpose_v1.3/wildpose/src/ximea_ROS2_driver-main/install/ximea_ros2_cam
[1.559s] Invoking command in '/home/naoya/wildpose_v1.3/wildpose/src/ximea_ROS2_driver-main/build/ximea_ros2_cam': CMAKE_PREFIX_PATH=${CMAKE_PREFIX_PATH}:/home/naoya/WildPose_v1.2/wildpose/install/motor_controller_pkg:/home/naoya/WildPose_v1.2/wildpose/install/gamepad_pkg:/opt/ros/foxy /usr/bin/cmake --build /home/naoya/wildpose_v1.3/wildpose/src/ximea_ROS2_driver-main/build/ximea_ros2_cam -- -j16 -l16
[1.588s] [35m[1mScanning dependencies of target ximea_ros2_cam_node[0m
[1.632s] [ 33%] [32mBuilding CXX object CMakeFiles/ximea_ros2_cam_node.dir/src/ximea_ros2_cam_node.cpp.o[0m
[1.632s] [ 66%] [32mBuilding CXX object CMakeFiles/ximea_ros2_cam_node.dir/src/ximea_ros2_cam.cpp.o[0m
[5.288s] [100%] [32m[1mLinking CXX executable ximea_ros2_cam_node[0m
[5.633s] [100%] Built target ximea_ros2_cam_node
[5.644s] Invoked command in '/home/naoya/wildpose_v1.3/wildpose/src/ximea_ROS2_driver-main/build/ximea_ros2_cam' returned '0': CMAKE_PREFIX_PATH=${CMAKE_PREFIX_PATH}:/home/naoya/WildPose_v1.2/wildpose/install/motor_controller_pkg:/home/naoya/WildPose_v1.2/wildpose/install/gamepad_pkg:/opt/ros/foxy /usr/bin/cmake --build /home/naoya/wildpose_v1.3/wildpose/src/ximea_ROS2_driver-main/build/ximea_ros2_cam -- -j16 -l16
[5.680s] Invoking command in '/home/naoya/wildpose_v1.3/wildpose/src/ximea_ROS2_driver-main/build/ximea_ros2_cam': CMAKE_PREFIX_PATH=${CMAKE_PREFIX_PATH}:/home/naoya/WildPose_v1.2/wildpose/install/motor_controller_pkg:/home/naoya/WildPose_v1.2/wildpose/install/gamepad_pkg:/opt/ros/foxy /usr/bin/cmake --install /home/naoya/wildpose_v1.3/wildpose/src/ximea_ROS2_driver-main/build/ximea_ros2_cam
[5.687s] -- Install configuration: ""
[5.688s] -- Installing: /home/naoya/wildpose_v1.3/wildpose/src/ximea_ROS2_driver-main/install/ximea_ros2_cam/lib/ximea_ros2_cam/ximea_ros2_cam_node
[5.689s] -- Set runtime path of "/home/naoya/wildpose_v1.3/wildpose/src/ximea_ROS2_driver-main/install/ximea_ros2_cam/lib/ximea_ros2_cam/ximea_ros2_cam_node" to ""
[5.689s] -- Up-to-date: /home/naoya/wildpose_v1.3/wildpose/src/ximea_ROS2_driver-main/install/ximea_ros2_cam/share/ximea_ros2_cam/config
[5.690s] -- Installing: /home/naoya/wildpose_v1.3/wildpose/src/ximea_ROS2_driver-main/install/ximea_ros2_cam/share/ximea_ros2_cam/config/xiCam_config.yaml
[5.690s] -- Up-to-date: /home/naoya/wildpose_v1.3/wildpose/src/ximea_ROS2_driver-main/install/ximea_ros2_cam/share/ximea_ros2_cam/launch
[5.690s] -- Installing: /home/naoya/wildpose_v1.3/wildpose/src/ximea_ROS2_driver-main/install/ximea_ros2_cam/share/ximea_ros2_cam/launch/xiCam.launch.xml
[5.690s] -- Installing: /home/naoya/wildpose_v1.3/wildpose/src/ximea_ROS2_driver-main/install/ximea_ros2_cam/share/ament_index/resource_index/package_run_dependencies/ximea_ros2_cam
[5.691s] -- Installing: /home/naoya/wildpose_v1.3/wildpose/src/ximea_ROS2_driver-main/install/ximea_ros2_cam/share/ament_index/resource_index/parent_prefix_path/ximea_ros2_cam
[5.691s] -- Up-to-date: /home/naoya/wildpose_v1.3/wildpose/src/ximea_ROS2_driver-main/install/ximea_ros2_cam/share/ximea_ros2_cam/environment/ament_prefix_path.sh
[5.691s] -- Installing: /home/naoya/wildpose_v1.3/wildpose/src/ximea_ROS2_driver-main/install/ximea_ros2_cam/share/ximea_ros2_cam/environment/ament_prefix_path.dsv
[5.691s] -- Up-to-date: /home/naoya/wildpose_v1.3/wildpose/src/ximea_ROS2_driver-main/install/ximea_ros2_cam/share/ximea_ros2_cam/environment/path.sh
[5.691s] -- Installing: /home/naoya/wildpose_v1.3/wildpose/src/ximea_ROS2_driver-main/install/ximea_ros2_cam/share/ximea_ros2_cam/environment/path.dsv
[5.691s] -- Installing: /home/naoya/wildpose_v1.3/wildpose/src/ximea_ROS2_driver-main/install/ximea_ros2_cam/share/ximea_ros2_cam/local_setup.bash
[5.691s] -- Installing: /home/naoya/wildpose_v1.3/wildpose/src/ximea_ROS2_driver-main/install/ximea_ros2_cam/share/ximea_ros2_cam/local_setup.sh
[5.692s] -- Installing: /home/naoya/wildpose_v1.3/wildpose/src/ximea_ROS2_driver-main/install/ximea_ros2_cam/share/ximea_ros2_cam/local_setup.zsh
[5.692s] -- Installing: /home/naoya/wildpose_v1.3/wildpose/src/ximea_ROS2_driver-main/install/ximea_ros2_cam/share/ximea_ros2_cam/local_setup.dsv
[5.692s] -- Installing: /home/naoya/wildpose_v1.3/wildpose/src/ximea_ROS2_driver-main/install/ximea_ros2_cam/share/ximea_ros2_cam/package.dsv
[5.693s] -- Installing: /home/naoya/wildpose_v1.3/wildpose/src/ximea_ROS2_driver-main/install/ximea_ros2_cam/share/ament_index/resource_index/packages/ximea_ros2_cam
[5.693s] -- Installing: /home/naoya/wildpose_v1.3/wildpose/src/ximea_ROS2_driver-main/install/ximea_ros2_cam/share/ximea_ros2_cam/cmake/ximea_ros2_camConfig.cmake
[5.693s] -- Installing: /home/naoya/wildpose_v1.3/wildpose/src/ximea_ROS2_driver-main/install/ximea_ros2_cam/share/ximea_ros2_cam/cmake/ximea_ros2_camConfig-version.cmake
[5.693s] -- Up-to-date: /home/naoya/wildpose_v1.3/wildpose/src/ximea_ROS2_driver-main/install/ximea_ros2_cam/share/ximea_ros2_cam/package.xml
[5.693s] Invoked command in '/home/naoya/wildpose_v1.3/wildpose/src/ximea_ROS2_driver-main/build/ximea_ros2_cam' returned '0': CMAKE_PREFIX_PATH=${CMAKE_PREFIX_PATH}:/home/naoya/WildPose_v1.2/wildpose/install/motor_controller_pkg:/home/naoya/WildPose_v1.2/wildpose/install/gamepad_pkg:/opt/ros/foxy /usr/bin/cmake --install /home/naoya/wildpose_v1.3/wildpose/src/ximea_ROS2_driver-main/build/ximea_ros2_cam
