[0.010s] Invoking command in '/home/m2s2/WildPose_v1.2-main/wildpose/build/livox_ros2_driver': CMAKE_PREFIX_PATH=/home/m2s2/WildPose_v1.2-main/wildpose/install/livox_sdk_vendor:/home/m2s2/WildPose_v1.2-main/wildpose/install/livox_interfaces:/home/m2s2/WildPose_v1.2-main/wildpose/install/wildpose_bringup:/home/m2s2/WildPose_v1.2-main/wildpose/install/ximea_ros2_cam:/home/m2s2/WildPose_v1.2-main/wildpose/install/lidar_control_package:/home/m2s2/WildPose_v1.2-main/wildpose/install/wildpose_interfaces:/home/m2s2/WildPose_v1.2-main/wildpose/install/livox_ros2_driver:/home/m2s2/WildPose_v1.2-main/wildpose/install/motor_controller_pkg:/home/m2s2/WildPose_v1.2-main/wildpose/install/dji_rs3_pkg:/home/m2s2/WildPose_v1.2-main/wildpose/install/gamepad_pkg:/opt/ros/foxy LD_LIBRARY_PATH=/home/m2s2/WildPose_v1.2-main/wildpose/install/livox_interfaces/lib:/home/m2s2/WildPose_v1.2-main/wildpose/install/wildpose_interfaces/lib:/home/m2s2/WildPose_v1.2-main/wildpose/install/livox_ros2_driver/lib:/opt/ros/foxy/opt/yaml_cpp_vendor/lib:/opt/ros/foxy/opt/rviz_ogre_vendor/lib:/opt/ros/foxy/lib/x86_64-linux-gnu:/opt/ros/foxy/lib PYTHONPATH=/home/m2s2/WildPose_v1.2-main/wildpose/install/livox_interfaces/lib/python3.8/site-packages:/home/m2s2/WildPose_v1.2-main/wildpose/install/motor_controller_pkg/lib/python3.8/site-packages:/home/m2s2/WildPose_v1.2-main/wildpose/install/lidar_control_package/lib/python3.8/site-packages:/home/m2s2/WildPose_v1.2-main/wildpose/install/dji_rs3_pkg/lib/python3.8/site-packages:/home/m2s2/WildPose_v1.2-main/wildpose/install/wildpose_interfaces/lib/python3.8/site-packages:/home/m2s2/WildPose_v1.2-main/wildpose/install/gamepad_pkg/lib/python3.8/site-packages:/opt/ros/foxy/lib/python3.8/site-packages /usr/bin/cmake --build /home/m2s2/WildPose_v1.2-main/wildpose/build/livox_ros2_driver -- -j16 -l16
[0.054s] [ 12%] Built target livox_ros2_driver_node
[0.064s] [100%] Built target livox_ros2_driver
[0.317s] Invoked command in '/home/m2s2/WildPose_v1.2-main/wildpose/build/livox_ros2_driver' returned '0': CMAKE_PREFIX_PATH=/home/m2s2/WildPose_v1.2-main/wildpose/install/livox_sdk_vendor:/home/m2s2/WildPose_v1.2-main/wildpose/install/livox_interfaces:/home/m2s2/WildPose_v1.2-main/wildpose/install/wildpose_bringup:/home/m2s2/WildPose_v1.2-main/wildpose/install/ximea_ros2_cam:/home/m2s2/WildPose_v1.2-main/wildpose/install/lidar_control_package:/home/m2s2/WildPose_v1.2-main/wildpose/install/wildpose_interfaces:/home/m2s2/WildPose_v1.2-main/wildpose/install/livox_ros2_driver:/home/m2s2/WildPose_v1.2-main/wildpose/install/motor_controller_pkg:/home/m2s2/WildPose_v1.2-main/wildpose/install/dji_rs3_pkg:/home/m2s2/WildPose_v1.2-main/wildpose/install/gamepad_pkg:/opt/ros/foxy LD_LIBRARY_PATH=/home/m2s2/WildPose_v1.2-main/wildpose/install/livox_interfaces/lib:/home/m2s2/WildPose_v1.2-main/wildpose/install/wildpose_interfaces/lib:/home/m2s2/WildPose_v1.2-main/wildpose/install/livox_ros2_driver/lib:/opt/ros/foxy/opt/yaml_cpp_vendor/lib:/opt/ros/foxy/opt/rviz_ogre_vendor/lib:/opt/ros/foxy/lib/x86_64-linux-gnu:/opt/ros/foxy/lib PYTHONPATH=/home/m2s2/WildPose_v1.2-main/wildpose/install/livox_interfaces/lib/python3.8/site-packages:/home/m2s2/WildPose_v1.2-main/wildpose/install/motor_controller_pkg/lib/python3.8/site-packages:/home/m2s2/WildPose_v1.2-main/wildpose/install/lidar_control_package/lib/python3.8/site-packages:/home/m2s2/WildPose_v1.2-main/wildpose/install/dji_rs3_pkg/lib/python3.8/site-packages:/home/m2s2/WildPose_v1.2-main/wildpose/install/wildpose_interfaces/lib/python3.8/site-packages:/home/m2s2/WildPose_v1.2-main/wildpose/install/gamepad_pkg/lib/python3.8/site-packages:/opt/ros/foxy/lib/python3.8/site-packages /usr/bin/cmake --build /home/m2s2/WildPose_v1.2-main/wildpose/build/livox_ros2_driver -- -j16 -l16
[0.464s] Invoking command in '/home/m2s2/WildPose_v1.2-main/wildpose/build/livox_ros2_driver': CMAKE_PREFIX_PATH=/home/m2s2/WildPose_v1.2-main/wildpose/install/livox_sdk_vendor:/home/m2s2/WildPose_v1.2-main/wildpose/install/livox_interfaces:/home/m2s2/WildPose_v1.2-main/wildpose/install/wildpose_bringup:/home/m2s2/WildPose_v1.2-main/wildpose/install/ximea_ros2_cam:/home/m2s2/WildPose_v1.2-main/wildpose/install/lidar_control_package:/home/m2s2/WildPose_v1.2-main/wildpose/install/wildpose_interfaces:/home/m2s2/WildPose_v1.2-main/wildpose/install/livox_ros2_driver:/home/m2s2/WildPose_v1.2-main/wildpose/install/motor_controller_pkg:/home/m2s2/WildPose_v1.2-main/wildpose/install/dji_rs3_pkg:/home/m2s2/WildPose_v1.2-main/wildpose/install/gamepad_pkg:/opt/ros/foxy LD_LIBRARY_PATH=/home/m2s2/WildPose_v1.2-main/wildpose/install/livox_interfaces/lib:/home/m2s2/WildPose_v1.2-main/wildpose/install/wildpose_interfaces/lib:/home/m2s2/WildPose_v1.2-main/wildpose/install/livox_ros2_driver/lib:/opt/ros/foxy/opt/yaml_cpp_vendor/lib:/opt/ros/foxy/opt/rviz_ogre_vendor/lib:/opt/ros/foxy/lib/x86_64-linux-gnu:/opt/ros/foxy/lib PYTHONPATH=/home/m2s2/WildPose_v1.2-main/wildpose/install/livox_interfaces/lib/python3.8/site-packages:/home/m2s2/WildPose_v1.2-main/wildpose/install/motor_controller_pkg/lib/python3.8/site-packages:/home/m2s2/WildPose_v1.2-main/wildpose/install/lidar_control_package/lib/python3.8/site-packages:/home/m2s2/WildPose_v1.2-main/wildpose/install/dji_rs3_pkg/lib/python3.8/site-packages:/home/m2s2/WildPose_v1.2-main/wildpose/install/wildpose_interfaces/lib/python3.8/site-packages:/home/m2s2/WildPose_v1.2-main/wildpose/install/gamepad_pkg/lib/python3.8/site-packages:/opt/ros/foxy/lib/python3.8/site-packages /usr/bin/cmake --install /home/m2s2/WildPose_v1.2-main/wildpose/build/livox_ros2_driver
[0.470s] -- Install configuration: ""
[0.470s] -- Up-to-date: /home/m2s2/WildPose_v1.2-main/wildpose/install/livox_ros2_driver/lib/livox_ros2_driver/livox_ros2_driver_node
[0.470s] -- Up-to-date: /home/m2s2/WildPose_v1.2-main/wildpose/install/livox_ros2_driver/share/livox_ros2_driver/environment/library_path.sh
[0.470s] -- Up-to-date: /home/m2s2/WildPose_v1.2-main/wildpose/install/livox_ros2_driver/share/livox_ros2_driver/environment/library_path.dsv
[0.470s] -- Up-to-date: /home/m2s2/WildPose_v1.2-main/wildpose/install/livox_ros2_driver/lib/liblivox_ros2_driver.so
[0.470s] -- Up-to-date: /home/m2s2/WildPose_v1.2-main/wildpose/install/livox_ros2_driver/share/livox_ros2_driver/config
[0.470s] -- Up-to-date: /home/m2s2/WildPose_v1.2-main/wildpose/install/livox_ros2_driver/share/livox_ros2_driver/config/livox_lidar_config.json
[0.470s] -- Up-to-date: /home/m2s2/WildPose_v1.2-main/wildpose/install/livox_ros2_driver/share/livox_ros2_driver/config/livox_hub.rviz
[0.470s] -- Up-to-date: /home/m2s2/WildPose_v1.2-main/wildpose/install/livox_ros2_driver/share/livox_ros2_driver/config/livox_lidar.rviz
[0.470s] -- Up-to-date: /home/m2s2/WildPose_v1.2-main/wildpose/install/livox_ros2_driver/share/livox_ros2_driver/config/livox_hub_config.json
[0.471s] -- Up-to-date: /home/m2s2/WildPose_v1.2-main/wildpose/install/livox_ros2_driver/share/livox_ros2_driver/launch
[0.471s] -- Up-to-date: /home/m2s2/WildPose_v1.2-main/wildpose/install/livox_ros2_driver/share/livox_ros2_driver/launch/livox_lidar_launch.py
[0.471s] -- Up-to-date: /home/m2s2/WildPose_v1.2-main/wildpose/install/livox_ros2_driver/share/livox_ros2_driver/launch/livox_template_launch.py
[0.472s] -- Up-to-date: /home/m2s2/WildPose_v1.2-main/wildpose/install/livox_ros2_driver/share/livox_ros2_driver/launch/livox_lidar_msg_launch.py
[0.473s] -- Up-to-date: /home/m2s2/WildPose_v1.2-main/wildpose/install/livox_ros2_driver/share/livox_ros2_driver/launch/livox_hub_msg_launch .py
[0.473s] -- Up-to-date: /home/m2s2/WildPose_v1.2-main/wildpose/install/livox_ros2_driver/share/livox_ros2_driver/launch/livox_hub_rviz_launch.py
[0.473s] -- Up-to-date: /home/m2s2/WildPose_v1.2-main/wildpose/install/livox_ros2_driver/share/livox_ros2_driver/launch/livox_lidar_rviz_launch.py
[0.473s] -- Up-to-date: /home/m2s2/WildPose_v1.2-main/wildpose/install/livox_ros2_driver/share/livox_ros2_driver/launch/livox_hub_launch.py
[0.473s] -- Up-to-date: /home/m2s2/WildPose_v1.2-main/wildpose/install/livox_ros2_driver/share/ament_index/resource_index/package_run_dependencies/livox_ros2_driver
[0.473s] -- Up-to-date: /home/m2s2/WildPose_v1.2-main/wildpose/install/livox_ros2_driver/share/ament_index/resource_index/parent_prefix_path/livox_ros2_driver
[0.473s] -- Up-to-date: /home/m2s2/WildPose_v1.2-main/wildpose/install/livox_ros2_driver/share/livox_ros2_driver/environment/ament_prefix_path.sh
[0.473s] -- Up-to-date: /home/m2s2/WildPose_v1.2-main/wildpose/install/livox_ros2_driver/share/livox_ros2_driver/environment/ament_prefix_path.dsv
[0.474s] -- Up-to-date: /home/m2s2/WildPose_v1.2-main/wildpose/install/livox_ros2_driver/share/livox_ros2_driver/environment/path.sh
[0.474s] -- Up-to-date: /home/m2s2/WildPose_v1.2-main/wildpose/install/livox_ros2_driver/share/livox_ros2_driver/environment/path.dsv
[0.474s] -- Up-to-date: /home/m2s2/WildPose_v1.2-main/wildpose/install/livox_ros2_driver/share/livox_ros2_driver/local_setup.bash
[0.474s] -- Up-to-date: /home/m2s2/WildPose_v1.2-main/wildpose/install/livox_ros2_driver/share/livox_ros2_driver/local_setup.sh
[0.474s] -- Up-to-date: /home/m2s2/WildPose_v1.2-main/wildpose/install/livox_ros2_driver/share/livox_ros2_driver/local_setup.zsh
[0.476s] -- Up-to-date: /home/m2s2/WildPose_v1.2-main/wildpose/install/livox_ros2_driver/share/livox_ros2_driver/local_setup.dsv
[0.476s] -- Installing: /home/m2s2/WildPose_v1.2-main/wildpose/install/livox_ros2_driver/share/livox_ros2_driver/package.dsv
[0.476s] -- Up-to-date: /home/m2s2/WildPose_v1.2-main/wildpose/install/livox_ros2_driver/share/ament_index/resource_index/packages/livox_ros2_driver
[0.477s] -- Up-to-date: /home/m2s2/WildPose_v1.2-main/wildpose/install/livox_ros2_driver/share/ament_index/resource_index/rclcpp_components/livox_ros2_driver
[0.477s] -- Up-to-date: /home/m2s2/WildPose_v1.2-main/wildpose/install/livox_ros2_driver/share/livox_ros2_driver/cmake/ament_cmake_export_dependencies-extras.cmake
[0.477s] -- Up-to-date: /home/m2s2/WildPose_v1.2-main/wildpose/install/livox_ros2_driver/share/livox_ros2_driver/cmake/ament_cmake_export_libraries-extras.cmake
[0.477s] -- Up-to-date: /home/m2s2/WildPose_v1.2-main/wildpose/install/livox_ros2_driver/share/livox_ros2_driver/cmake/livox_ros2_driverConfig.cmake
[0.477s] -- Up-to-date: /home/m2s2/WildPose_v1.2-main/wildpose/install/livox_ros2_driver/share/livox_ros2_driver/cmake/livox_ros2_driverConfig-version.cmake
[0.477s] -- Up-to-date: /home/m2s2/WildPose_v1.2-main/wildpose/install/livox_ros2_driver/share/livox_ros2_driver/package.xml
[0.478s] Invoked command in '/home/m2s2/WildPose_v1.2-main/wildpose/build/livox_ros2_driver' returned '0': CMAKE_PREFIX_PATH=/home/m2s2/WildPose_v1.2-main/wildpose/install/livox_sdk_vendor:/home/m2s2/WildPose_v1.2-main/wildpose/install/livox_interfaces:/home/m2s2/WildPose_v1.2-main/wildpose/install/wildpose_bringup:/home/m2s2/WildPose_v1.2-main/wildpose/install/ximea_ros2_cam:/home/m2s2/WildPose_v1.2-main/wildpose/install/lidar_control_package:/home/m2s2/WildPose_v1.2-main/wildpose/install/wildpose_interfaces:/home/m2s2/WildPose_v1.2-main/wildpose/install/livox_ros2_driver:/home/m2s2/WildPose_v1.2-main/wildpose/install/motor_controller_pkg:/home/m2s2/WildPose_v1.2-main/wildpose/install/dji_rs3_pkg:/home/m2s2/WildPose_v1.2-main/wildpose/install/gamepad_pkg:/opt/ros/foxy LD_LIBRARY_PATH=/home/m2s2/WildPose_v1.2-main/wildpose/install/livox_interfaces/lib:/home/m2s2/WildPose_v1.2-main/wildpose/install/wildpose_interfaces/lib:/home/m2s2/WildPose_v1.2-main/wildpose/install/livox_ros2_driver/lib:/opt/ros/foxy/opt/yaml_cpp_vendor/lib:/opt/ros/foxy/opt/rviz_ogre_vendor/lib:/opt/ros/foxy/lib/x86_64-linux-gnu:/opt/ros/foxy/lib PYTHONPATH=/home/m2s2/WildPose_v1.2-main/wildpose/install/livox_interfaces/lib/python3.8/site-packages:/home/m2s2/WildPose_v1.2-main/wildpose/install/motor_controller_pkg/lib/python3.8/site-packages:/home/m2s2/WildPose_v1.2-main/wildpose/install/lidar_control_package/lib/python3.8/site-packages:/home/m2s2/WildPose_v1.2-main/wildpose/install/dji_rs3_pkg/lib/python3.8/site-packages:/home/m2s2/WildPose_v1.2-main/wildpose/install/wildpose_interfaces/lib/python3.8/site-packages:/home/m2s2/WildPose_v1.2-main/wildpose/install/gamepad_pkg/lib/python3.8/site-packages:/opt/ros/foxy/lib/python3.8/site-packages /usr/bin/cmake --install /home/m2s2/WildPose_v1.2-main/wildpose/build/livox_ros2_driver
