[0.631s] Invoking command in '/home/naoya/wildpose_v1.3/wildpose/build/iris_controller': CMAKE_PREFIX_PATH=${CMAKE_PREFIX_PATH}:/home/naoya/WildPose_v1.2/wildpose/install/motor_controller_pkg:/home/naoya/WildPose_v1.2/wildpose/install/gamepad_pkg:/opt/ros/foxy /usr/bin/cmake /home/naoya/wildpose_v1.3/wildpose/src/iris_controller -DAMENT_CMAKE_SYMLINK_INSTALL=1 -DCMAKE_INSTALL_PREFIX=/home/naoya/wildpose_v1.3/wildpose/install/iris_controller
[0.652s] -- Found ament_cmake: 0.9.12 (/opt/ros/foxy/share/ament_cmake/cmake)
[0.678s] -- Using PYTHON_EXECUTABLE: /usr/bin/python3
[0.918s] -- Override CMake install command with custom implementation using symlinks instead of copying resources
[0.928s] -- Found ament_lint_auto: 0.9.8 (/opt/ros/foxy/share/ament_lint_auto/cmake)
[1.016s] -- Added test 'copyright' to check source files copyright and LICENSE
[1.019s] -- Added test 'cppcheck' to perform static code analysis on C / C++ code
[1.020s] -- Configured cppcheck include dirs: 
[1.021s] -- Configured cppcheck exclude dirs and/or files: 
[1.021s] -- Added test 'cpplint' to check C / C++ code against the Google style
[1.022s] -- Configured cpplint exclude dirs and/or files: 
[1.022s] -- Added test 'flake8' to check Python code syntax and style conventions
[1.022s] -- Added test 'lint_cmake' to check CMake code style
[1.022s] -- Added test 'pep257' to check Python code against some of the style conventions in PEP 257
[1.022s] -- Added test 'uncrustify' to check C / C++ code style
[1.023s] -- Configured uncrustify additional arguments: 
[1.023s] -- Added test 'xmllint' to check XML markup files
[1.024s] -- Configuring done
[1.030s] -- Generating done
[1.031s] -- Build files have been written to: /home/naoya/wildpose_v1.3/wildpose/build/iris_controller
[1.091s] Invoked command in '/home/naoya/wildpose_v1.3/wildpose/build/iris_controller' returned '0': CMAKE_PREFIX_PATH=${CMAKE_PREFIX_PATH}:/home/naoya/WildPose_v1.2/wildpose/install/motor_controller_pkg:/home/naoya/WildPose_v1.2/wildpose/install/gamepad_pkg:/opt/ros/foxy /usr/bin/cmake /home/naoya/wildpose_v1.3/wildpose/src/iris_controller -DAMENT_CMAKE_SYMLINK_INSTALL=1 -DCMAKE_INSTALL_PREFIX=/home/naoya/wildpose_v1.3/wildpose/install/iris_controller
[1.095s] Invoking command in '/home/naoya/wildpose_v1.3/wildpose/build/iris_controller': CMAKE_PREFIX_PATH=${CMAKE_PREFIX_PATH}:/home/naoya/WildPose_v1.2/wildpose/install/motor_controller_pkg:/home/naoya/WildPose_v1.2/wildpose/install/gamepad_pkg:/opt/ros/foxy /usr/bin/cmake --build /home/naoya/wildpose_v1.3/wildpose/build/iris_controller -- -j16 -l16
[1.244s] Invoked command in '/home/naoya/wildpose_v1.3/wildpose/build/iris_controller' returned '0': CMAKE_PREFIX_PATH=${CMAKE_PREFIX_PATH}:/home/naoya/WildPose_v1.2/wildpose/install/motor_controller_pkg:/home/naoya/WildPose_v1.2/wildpose/install/gamepad_pkg:/opt/ros/foxy /usr/bin/cmake --build /home/naoya/wildpose_v1.3/wildpose/build/iris_controller -- -j16 -l16
[1.285s] Invoking command in '/home/naoya/wildpose_v1.3/wildpose/build/iris_controller': CMAKE_PREFIX_PATH=${CMAKE_PREFIX_PATH}:/home/naoya/WildPose_v1.2/wildpose/install/motor_controller_pkg:/home/naoya/WildPose_v1.2/wildpose/install/gamepad_pkg:/opt/ros/foxy /usr/bin/cmake --install /home/naoya/wildpose_v1.3/wildpose/build/iris_controller
[1.300s] -- Install configuration: ""
[1.300s] -- Execute custom install script
[1.301s] -- Symlinking: /home/naoya/wildpose_v1.3/wildpose/install/iris_controller/share/ament_index/resource_index/package_run_dependencies/iris_controller
[1.319s] -- Symlinking: /home/naoya/wildpose_v1.3/wildpose/install/iris_controller/share/ament_index/resource_index/parent_prefix_path/iris_controller
[1.334s] -- Symlinking: /home/naoya/wildpose_v1.3/wildpose/install/iris_controller/share/iris_controller/environment/ament_prefix_path.sh
[1.351s] -- Symlinking: /home/naoya/wildpose_v1.3/wildpose/install/iris_controller/share/iris_controller/environment/ament_prefix_path.dsv
[1.360s] -- Symlinking: /home/naoya/wildpose_v1.3/wildpose/install/iris_controller/share/iris_controller/environment/path.sh
[1.373s] -- Symlinking: /home/naoya/wildpose_v1.3/wildpose/install/iris_controller/share/iris_controller/environment/path.dsv
[1.388s] -- Symlinking: /home/naoya/wildpose_v1.3/wildpose/install/iris_controller/share/iris_controller/local_setup.bash
[1.399s] -- Symlinking: /home/naoya/wildpose_v1.3/wildpose/install/iris_controller/share/iris_controller/local_setup.sh
[1.416s] -- Symlinking: /home/naoya/wildpose_v1.3/wildpose/install/iris_controller/share/iris_controller/local_setup.zsh
[1.435s] -- Symlinking: /home/naoya/wildpose_v1.3/wildpose/install/iris_controller/share/iris_controller/local_setup.dsv
[1.451s] -- Symlinking: /home/naoya/wildpose_v1.3/wildpose/install/iris_controller/share/iris_controller/package.dsv
[1.466s] -- Symlinking: /home/naoya/wildpose_v1.3/wildpose/install/iris_controller/share/ament_index/resource_index/packages/iris_controller
[1.478s] -- Symlinking: /home/naoya/wildpose_v1.3/wildpose/install/iris_controller/share/iris_controller/cmake/iris_controllerConfig.cmake
[1.494s] -- Symlinking: /home/naoya/wildpose_v1.3/wildpose/install/iris_controller/share/iris_controller/cmake/iris_controllerConfig-version.cmake
[1.510s] -- Symlinking: /home/naoya/wildpose_v1.3/wildpose/install/iris_controller/share/iris_controller/package.xml
[1.526s] Invoked command in '/home/naoya/wildpose_v1.3/wildpose/build/iris_controller' returned '0': CMAKE_PREFIX_PATH=${CMAKE_PREFIX_PATH}:/home/naoya/WildPose_v1.2/wildpose/install/motor_controller_pkg:/home/naoya/WildPose_v1.2/wildpose/install/gamepad_pkg:/opt/ros/foxy /usr/bin/cmake --install /home/naoya/wildpose_v1.3/wildpose/build/iris_controller
