[0.798s] Invoking command in '/home/m2s2/WildPose_v1.2-main/wildpose/src/dji_rs3_pkg': AMENT_PREFIX_PATH=/home/m2s2/WildPose_v1.2-main/wildpose/install/wildpose_interfaces:${AMENT_PREFIX_PATH} CMAKE_PREFIX_PATH=/home/m2s2/WildPose_v1.2-main/wildpose/install/wildpose_interfaces LD_LIBRARY_PATH=/home/m2s2/WildPose_v1.2-main/wildpose/install/wildpose_interfaces/lib:${LD_LIBRARY_PATH} PYTHONPATH=/home/m2s2/WildPose_v1.2-main/wildpose/build/dji_rs3_pkg/prefix_override:/home/m2s2/WildPose_v1.2-main/wildpose/install/dji_rs3_pkg/lib/python3.8/site-packages:/home/m2s2/WildPose_v1.2-main/wildpose/install/wildpose_interfaces/lib/python3.8/site-packages:${PYTHONPATH} /usr/bin/python3 -W ignore:setup.py install is deprecated setup.py egg_info --egg-base ../../build/dji_rs3_pkg build --build-base /home/m2s2/WildPose_v1.2-main/wildpose/build/dji_rs3_pkg/build install --record /home/m2s2/WildPose_v1.2-main/wildpose/build/dji_rs3_pkg/install.log --install-scripts $base/lib/dji_rs3_pkg --single-version-externally-managed install_data
[0.929s] running egg_info
[0.930s] writing ../../build/dji_rs3_pkg/dji_rs3_pkg.egg-info/PKG-INFO
[0.930s] writing dependency_links to ../../build/dji_rs3_pkg/dji_rs3_pkg.egg-info/dependency_links.txt
[0.930s] writing entry points to ../../build/dji_rs3_pkg/dji_rs3_pkg.egg-info/entry_points.txt
[0.930s] writing requirements to ../../build/dji_rs3_pkg/dji_rs3_pkg.egg-info/requires.txt
[0.930s] writing top-level names to ../../build/dji_rs3_pkg/dji_rs3_pkg.egg-info/top_level.txt
[0.952s] reading manifest file '../../build/dji_rs3_pkg/dji_rs3_pkg.egg-info/SOURCES.txt'
[0.953s] writing manifest file '../../build/dji_rs3_pkg/dji_rs3_pkg.egg-info/SOURCES.txt'
[0.954s] running build
[0.955s] running build_py
[0.955s] running install
[0.955s] running install_lib
[0.956s] running install_data
[0.956s] running install_egg_info
[0.956s] removing '/home/m2s2/WildPose_v1.2-main/wildpose/install/dji_rs3_pkg/lib/python3.8/site-packages/dji_rs3_pkg-0.0.0-py3.8.egg-info' (and everything under it)
[0.956s] Copying ../../build/dji_rs3_pkg/dji_rs3_pkg.egg-info to /home/m2s2/WildPose_v1.2-main/wildpose/install/dji_rs3_pkg/lib/python3.8/site-packages/dji_rs3_pkg-0.0.0-py3.8.egg-info
[0.957s] running install_scripts
[0.969s] Installing dji_rs3_node script to /home/m2s2/WildPose_v1.2-main/wildpose/install/dji_rs3_pkg/lib/dji_rs3_pkg
[0.969s] writing list of installed files to '/home/m2s2/WildPose_v1.2-main/wildpose/build/dji_rs3_pkg/install.log'
[0.988s] Invoked command in '/home/m2s2/WildPose_v1.2-main/wildpose/src/dji_rs3_pkg' returned '0': AMENT_PREFIX_PATH=/home/m2s2/WildPose_v1.2-main/wildpose/install/wildpose_interfaces:${AMENT_PREFIX_PATH} CMAKE_PREFIX_PATH=/home/m2s2/WildPose_v1.2-main/wildpose/install/wildpose_interfaces LD_LIBRARY_PATH=/home/m2s2/WildPose_v1.2-main/wildpose/install/wildpose_interfaces/lib:${LD_LIBRARY_PATH} PYTHONPATH=/home/m2s2/WildPose_v1.2-main/wildpose/build/dji_rs3_pkg/prefix_override:/home/m2s2/WildPose_v1.2-main/wildpose/install/dji_rs3_pkg/lib/python3.8/site-packages:/home/m2s2/WildPose_v1.2-main/wildpose/install/wildpose_interfaces/lib/python3.8/site-packages:${PYTHONPATH} /usr/bin/python3 -W ignore:setup.py install is deprecated setup.py egg_info --egg-base ../../build/dji_rs3_pkg build --build-base /home/m2s2/WildPose_v1.2-main/wildpose/build/dji_rs3_pkg/build install --record /home/m2s2/WildPose_v1.2-main/wildpose/build/dji_rs3_pkg/install.log --install-scripts $base/lib/dji_rs3_pkg --single-version-externally-managed install_data
