[0.396s] Invoking command in '/home/m2s2/WildPose_v1.2-main/wildpose/src/gamepad_pkg': PYTHONPATH=/home/m2s2/WildPose_v1.2-main/wildpose/build/gamepad_pkg/prefix_override:/home/m2s2/WildPose_v1.2-main/wildpose/install/gamepad_pkg/lib/python3.8/site-packages:${PYTHONPATH} /usr/bin/python3 -W ignore:setup.py install is deprecated setup.py egg_info --egg-base ../../build/gamepad_pkg build --build-base /home/m2s2/WildPose_v1.2-main/wildpose/build/gamepad_pkg/build install --record /home/m2s2/WildPose_v1.2-main/wildpose/build/gamepad_pkg/install.log --install-scripts $base/lib/gamepad_pkg --single-version-externally-managed install_data
[0.516s] running egg_info
[0.516s] creating ../../build/gamepad_pkg/gamepad_pkg.egg-info
[0.516s] writing ../../build/gamepad_pkg/gamepad_pkg.egg-info/PKG-INFO
[0.516s] writing dependency_links to ../../build/gamepad_pkg/gamepad_pkg.egg-info/dependency_links.txt
[0.516s] writing entry points to ../../build/gamepad_pkg/gamepad_pkg.egg-info/entry_points.txt
[0.516s] writing requirements to ../../build/gamepad_pkg/gamepad_pkg.egg-info/requires.txt
[0.516s] writing top-level names to ../../build/gamepad_pkg/gamepad_pkg.egg-info/top_level.txt
[0.517s] writing manifest file '../../build/gamepad_pkg/gamepad_pkg.egg-info/SOURCES.txt'
[0.537s] reading manifest file '../../build/gamepad_pkg/gamepad_pkg.egg-info/SOURCES.txt'
[0.537s] writing manifest file '../../build/gamepad_pkg/gamepad_pkg.egg-info/SOURCES.txt'
[0.537s] running build
[0.538s] running build_py
[0.538s] creating /home/m2s2/WildPose_v1.2-main/wildpose/build/gamepad_pkg/build
[0.538s] creating /home/m2s2/WildPose_v1.2-main/wildpose/build/gamepad_pkg/build/lib
[0.538s] creating /home/m2s2/WildPose_v1.2-main/wildpose/build/gamepad_pkg/build/lib/gamepad_pkg
[0.538s] copying gamepad_pkg/__init__.py -> /home/m2s2/WildPose_v1.2-main/wildpose/build/gamepad_pkg/build/lib/gamepad_pkg
[0.538s] running install
[0.538s] running install_lib
[0.538s] creating /home/m2s2/WildPose_v1.2-main/wildpose/install/gamepad_pkg/lib/python3.8/site-packages/gamepad_pkg
[0.539s] copying /home/m2s2/WildPose_v1.2-main/wildpose/build/gamepad_pkg/build/lib/gamepad_pkg/__init__.py -> /home/m2s2/WildPose_v1.2-main/wildpose/install/gamepad_pkg/lib/python3.8/site-packages/gamepad_pkg
[0.539s] byte-compiling /home/m2s2/WildPose_v1.2-main/wildpose/install/gamepad_pkg/lib/python3.8/site-packages/gamepad_pkg/__init__.py to __init__.cpython-38.pyc
[0.539s] running install_data
[0.539s] creating /home/m2s2/WildPose_v1.2-main/wildpose/install/gamepad_pkg/share/ament_index
[0.540s] creating /home/m2s2/WildPose_v1.2-main/wildpose/install/gamepad_pkg/share/ament_index/resource_index
[0.540s] creating /home/m2s2/WildPose_v1.2-main/wildpose/install/gamepad_pkg/share/ament_index/resource_index/packages
[0.540s] copying resource/gamepad_pkg -> /home/m2s2/WildPose_v1.2-main/wildpose/install/gamepad_pkg/share/ament_index/resource_index/packages
[0.540s] copying package.xml -> /home/m2s2/WildPose_v1.2-main/wildpose/install/gamepad_pkg/share/gamepad_pkg
[0.540s] running install_egg_info
[0.541s] Copying ../../build/gamepad_pkg/gamepad_pkg.egg-info to /home/m2s2/WildPose_v1.2-main/wildpose/install/gamepad_pkg/lib/python3.8/site-packages/gamepad_pkg-0.0.0-py3.8.egg-info
[0.541s] running install_scripts
[0.551s] writing list of installed files to '/home/m2s2/WildPose_v1.2-main/wildpose/build/gamepad_pkg/install.log'
[0.566s] Invoked command in '/home/m2s2/WildPose_v1.2-main/wildpose/src/gamepad_pkg' returned '0': PYTHONPATH=/home/m2s2/WildPose_v1.2-main/wildpose/build/gamepad_pkg/prefix_override:/home/m2s2/WildPose_v1.2-main/wildpose/install/gamepad_pkg/lib/python3.8/site-packages:${PYTHONPATH} /usr/bin/python3 -W ignore:setup.py install is deprecated setup.py egg_info --egg-base ../../build/gamepad_pkg build --build-base /home/m2s2/WildPose_v1.2-main/wildpose/build/gamepad_pkg/build install --record /home/m2s2/WildPose_v1.2-main/wildpose/build/gamepad_pkg/install.log --install-scripts $base/lib/gamepad_pkg --single-version-externally-managed install_data
