[ 37%] Built target livox_ros2_driver_node
[100%] Built target livox_ros2_driver
-- Install configuration: ""
-- Up-to-date: /home/m2s2/WildPose_v1.2-main/wildpose/install/livox_ros2_driver/lib/livox_ros2_driver/livox_ros2_driver_node
-- Up-to-date: /home/m2s2/WildPose_v1.2-main/wildpose/install/livox_ros2_driver/share/livox_ros2_driver/environment/library_path.sh
-- Up-to-date: /home/m2s2/WildPose_v1.2-main/wildpose/install/livox_ros2_driver/share/livox_ros2_driver/environment/library_path.dsv
-- Up-to-date: /home/m2s2/WildPose_v1.2-main/wildpose/install/livox_ros2_driver/lib/liblivox_ros2_driver.so
-- Up-to-date: /home/m2s2/WildPose_v1.2-main/wildpose/install/livox_ros2_driver/share/livox_ros2_driver/config
-- Up-to-date: /home/m2s2/WildPose_v1.2-main/wildpose/install/livox_ros2_driver/share/livox_ros2_driver/config/livox_lidar_config.json
-- Up-to-date: /home/m2s2/WildPose_v1.2-main/wildpose/install/livox_ros2_driver/share/livox_ros2_driver/config/livox_hub.rviz
-- Up-to-date: /home/m2s2/WildPose_v1.2-main/wildpose/install/livox_ros2_driver/share/livox_ros2_driver/config/livox_lidar.rviz
-- Up-to-date: /home/m2s2/WildPose_v1.2-main/wildpose/install/livox_ros2_driver/share/livox_ros2_driver/config/livox_hub_config.json
-- Up-to-date: /home/m2s2/WildPose_v1.2-main/wildpose/install/livox_ros2_driver/share/livox_ros2_driver/launch
-- Up-to-date: /home/m2s2/WildPose_v1.2-main/wildpose/install/livox_ros2_driver/share/livox_ros2_driver/launch/livox_lidar_launch.py
-- Up-to-date: /home/m2s2/WildPose_v1.2-main/wildpose/install/livox_ros2_driver/share/livox_ros2_driver/launch/livox_template_launch.py
-- Up-to-date: /home/m2s2/WildPose_v1.2-main/wildpose/install/livox_ros2_driver/share/livox_ros2_driver/launch/livox_lidar_msg_launch.py
-- Up-to-date: /home/m2s2/WildPose_v1.2-main/wildpose/install/livox_ros2_driver/share/livox_ros2_driver/launch/livox_hub_msg_launch .py
-- Up-to-date: /home/m2s2/WildPose_v1.2-main/wildpose/install/livox_ros2_driver/share/livox_ros2_driver/launch/livox_hub_rviz_launch.py
-- Up-to-date: /home/m2s2/WildPose_v1.2-main/wildpose/install/livox_ros2_driver/share/livox_ros2_driver/launch/livox_lidar_rviz_launch.py
-- Up-to-date: /home/m2s2/WildPose_v1.2-main/wildpose/install/livox_ros2_driver/share/livox_ros2_driver/launch/livox_hub_launch.py
-- Up-to-date: /home/m2s2/WildPose_v1.2-main/wildpose/install/livox_ros2_driver/share/ament_index/resource_index/package_run_dependencies/livox_ros2_driver
-- Up-to-date: /home/m2s2/WildPose_v1.2-main/wildpose/install/livox_ros2_driver/share/ament_index/resource_index/parent_prefix_path/livox_ros2_driver
-- Up-to-date: /home/m2s2/WildPose_v1.2-main/wildpose/install/livox_ros2_driver/share/livox_ros2_driver/environment/ament_prefix_path.sh
-- Up-to-date: /home/m2s2/WildPose_v1.2-main/wildpose/install/livox_ros2_driver/share/livox_ros2_driver/environment/ament_prefix_path.dsv
-- Up-to-date: /home/m2s2/WildPose_v1.2-main/wildpose/install/livox_ros2_driver/share/livox_ros2_driver/environment/path.sh
-- Up-to-date: /home/m2s2/WildPose_v1.2-main/wildpose/install/livox_ros2_driver/share/livox_ros2_driver/environment/path.dsv
-- Up-to-date: /home/m2s2/WildPose_v1.2-main/wildpose/install/livox_ros2_driver/share/livox_ros2_driver/local_setup.bash
-- Up-to-date: /home/m2s2/WildPose_v1.2-main/wildpose/install/livox_ros2_driver/share/livox_ros2_driver/local_setup.sh
-- Up-to-date: /home/m2s2/WildPose_v1.2-main/wildpose/install/livox_ros2_driver/share/livox_ros2_driver/local_setup.zsh
-- Up-to-date: /home/m2s2/WildPose_v1.2-main/wildpose/install/livox_ros2_driver/share/livox_ros2_driver/local_setup.dsv
-- Installing: /home/m2s2/WildPose_v1.2-main/wildpose/install/livox_ros2_driver/share/livox_ros2_driver/package.dsv
-- Up-to-date: /home/m2s2/WildPose_v1.2-main/wildpose/install/livox_ros2_driver/share/ament_index/resource_index/packages/livox_ros2_driver
-- Up-to-date: /home/m2s2/WildPose_v1.2-main/wildpose/install/livox_ros2_driver/share/ament_index/resource_index/rclcpp_components/livox_ros2_driver
-- Up-to-date: /home/m2s2/WildPose_v1.2-main/wildpose/install/livox_ros2_driver/share/livox_ros2_driver/cmake/ament_cmake_export_dependencies-extras.cmake
-- Up-to-date: /home/m2s2/WildPose_v1.2-main/wildpose/install/livox_ros2_driver/share/livox_ros2_driver/cmake/ament_cmake_export_libraries-extras.cmake
-- Up-to-date: /home/m2s2/WildPose_v1.2-main/wildpose/install/livox_ros2_driver/share/livox_ros2_driver/cmake/livox_ros2_driverConfig.cmake
-- Up-to-date: /home/m2s2/WildPose_v1.2-main/wildpose/install/livox_ros2_driver/share/livox_ros2_driver/cmake/livox_ros2_driverConfig-version.cmake
-- Up-to-date: /home/m2s2/WildPose_v1.2-main/wildpose/install/livox_ros2_driver/share/livox_ros2_driver/package.xml
