[1.218s] Invoking command in '/home/naoya/wildpose_v1.3/wildpose/build/cv_bridge': CMAKE_PREFIX_PATH=${CMAKE_PREFIX_PATH}:/home/naoya/WildPose_v1.2/wildpose/install/motor_controller_pkg:/home/naoya/WildPose_v1.2/wildpose/install/gamepad_pkg:/opt/ros/foxy /usr/bin/cmake /home/naoya/wildpose_v1.3/wildpose/src/vision_opencv/cv_bridge -DAMENT_CMAKE_SYMLINK_INSTALL=1 -DCMAKE_INSTALL_PREFIX=/home/naoya/wildpose_v1.3/wildpose/install/cv_bridge
[1.677s] -- The C compiler identification is GNU 9.4.0
[1.678s] -- The CXX compiler identification is GNU 9.4.0
[1.678s] -- Check for working C compiler: /usr/bin/cc
[1.679s] -- Check for working C compiler: /usr/bin/cc -- works
[1.680s] -- Detecting C compiler ABI info
[1.680s] -- Detecting C compiler ABI info - done
[1.680s] -- Detecting C compile features
[1.680s] -- Detecting C compile features - done
[1.680s] -- Check for working CXX compiler: /usr/bin/c++
[1.680s] -- Check for working CXX compiler: /usr/bin/c++ -- works
[1.680s] -- Detecting CXX compiler ABI info
[1.709s] -- Detecting CXX compiler ABI info - done
[1.723s] -- Detecting CXX compile features
[1.723s] -- Detecting CXX compile features - done
[1.725s] -- Found ament_cmake_ros: 0.9.2 (/opt/ros/foxy/share/ament_cmake_ros/cmake)
[1.776s] -- Found PythonInterp: /usr/bin/python3 (found suitable version "3.8.10", minimum required is "3") 
[1.777s] -- Using PYTHON_EXECUTABLE: /usr/bin/python3
[1.920s] -- Override CMake install command with custom implementation using symlinks instead of copying resources
[1.970s] -- Found PythonLibs: /usr/lib/x86_64-linux-gnu/libpython3.8.so (found version "3.8.10") 
[1.981s] -- Boost_VERSION_STRING: 1.71.0
[1.989s] -- Found Boost: /usr/lib/x86_64-linux-gnu/cmake/Boost-1.71.0/BoostConfig.cmake (found version "1.71.0") found components: python38 
[1.992s] -- Found rcpputils: 1.3.2 (/opt/ros/foxy/share/rcpputils/cmake)
[2.009s] -- Found sensor_msgs: 2.0.5 (/opt/ros/foxy/share/sensor_msgs/cmake)
[2.036s] -- Using all available rosidl_typesupport_c: rosidl_typesupport_fastrtps_c;rosidl_typesupport_introspection_c
[2.044s] -- Found rosidl_adapter: 1.3.1 (/opt/ros/foxy/share/rosidl_adapter/cmake)
[2.130s] -- Found OpenSSL: /usr/lib/x86_64-linux-gnu/libcrypto.so (found version "1.1.1f")  
[2.152s] -- Found FastRTPS: /opt/ros/foxy/include  
[2.215s] -- Using all available rosidl_typesupport_cpp: rosidl_typesupport_fastrtps_cpp;rosidl_typesupport_introspection_cpp
[2.390s] -- Performing Test COMPILER_HAS_HIDDEN_VISIBILITY
[2.478s] -- Performing Test COMPILER_HAS_HIDDEN_VISIBILITY - Success
[2.479s] -- Performing Test COMPILER_HAS_HIDDEN_INLINE_VISIBILITY
[2.582s] -- Performing Test COMPILER_HAS_HIDDEN_INLINE_VISIBILITY - Success
[2.584s] -- Performing Test COMPILER_HAS_DEPRECATED_ATTR
[2.683s] -- Performing Test COMPILER_HAS_DEPRECATED_ATTR - Success
[2.712s] -- Found PythonInterp: /usr/bin/python3 (found version "3.8.10") 
[2.715s] -- Found PythonLibs: /usr/lib/x86_64-linux-gnu/libpython3.8.so (found suitable version "3.8.10", minimum required is "3.8") 
[2.872s] -- Found ament_lint_auto: 0.9.8 (/opt/ros/foxy/share/ament_lint_auto/cmake)
[2.950s] -- Found gtest sources under '/opt/ros/foxy/src/gtest_vendor': C++ tests using 'Google Test' will be built
[2.953s] -- Looking for pthread.h
[3.032s] -- Looking for pthread.h - found
[3.032s] -- Performing Test CMAKE_HAVE_LIBC_PTHREAD
[3.117s] -- Performing Test CMAKE_HAVE_LIBC_PTHREAD - Failed
[3.117s] -- Check if compiler accepts -pthread
[3.202s] -- Check if compiler accepts -pthread - yes
[3.205s] -- Found Threads: TRUE  
[4.964s] -- Configuring done
[4.972s] -- Generating done
[4.973s] -- Build files have been written to: /home/naoya/wildpose_v1.3/wildpose/build/cv_bridge
[4.985s] Invoked command in '/home/naoya/wildpose_v1.3/wildpose/build/cv_bridge' returned '0': CMAKE_PREFIX_PATH=${CMAKE_PREFIX_PATH}:/home/naoya/WildPose_v1.2/wildpose/install/motor_controller_pkg:/home/naoya/WildPose_v1.2/wildpose/install/gamepad_pkg:/opt/ros/foxy /usr/bin/cmake /home/naoya/wildpose_v1.3/wildpose/src/vision_opencv/cv_bridge -DAMENT_CMAKE_SYMLINK_INSTALL=1 -DCMAKE_INSTALL_PREFIX=/home/naoya/wildpose_v1.3/wildpose/install/cv_bridge
[4.988s] Invoking command in '/home/naoya/wildpose_v1.3/wildpose/build/cv_bridge': CMAKE_PREFIX_PATH=${CMAKE_PREFIX_PATH}:/home/naoya/WildPose_v1.2/wildpose/install/motor_controller_pkg:/home/naoya/WildPose_v1.2/wildpose/install/gamepad_pkg:/opt/ros/foxy /usr/bin/cmake --build /home/naoya/wildpose_v1.3/wildpose/build/cv_bridge -- -j16 -l16
[5.023s] [35m[1mScanning dependencies of target cv_bridge[0m
[5.028s] [35m[1mScanning dependencies of target gtest_main[0m
[5.028s] [35m[1mScanning dependencies of target gtest[0m
[5.044s] [  6%] [32mBuilding CXX object gtest/CMakeFiles/gtest_main.dir/src/gtest_main.cc.o[0m
[5.045s] [ 12%] [32mBuilding CXX object gtest/CMakeFiles/gtest.dir/src/gtest-all.cc.o[0m
[5.055s] [ 18%] [32mBuilding CXX object src/CMakeFiles/cv_bridge.dir/cv_bridge.cpp.o[0m
[5.059s] [ 25%] [32mBuilding CXX object src/CMakeFiles/cv_bridge.dir/rgb_colors.cpp.o[0m
[5.657s] [ 31%] [32m[1mLinking CXX static library libgtest_main.a[0m
[5.709s] [ 31%] Built target gtest_main
[8.901s] [ 37%] [32m[1mLinking CXX static library libgtest.a[0m
[8.971s] [ 37%] Built target gtest
[9.388s] [ 43%] [32m[1mLinking CXX shared library libcv_bridge.so[0m
[9.533s] [ 43%] Built target cv_bridge
[9.543s] [35m[1mScanning dependencies of target cv_bridge_boost[0m
[9.543s] [35m[1mScanning dependencies of target cv_bridge-utest[0m
[9.578s] [ 56%] [32mBuilding CXX object test/CMakeFiles/cv_bridge-utest.dir/test_endian.cpp.o[0m
[9.578s] [ 56%] [32mBuilding CXX object src/CMakeFiles/cv_bridge_boost.dir/module.cpp.o[0m
[9.581s] [ 62%] [32mBuilding CXX object src/CMakeFiles/cv_bridge_boost.dir/module_opencv3.cpp.o[0m
[9.581s] [ 68%] [32mBuilding CXX object test/CMakeFiles/cv_bridge-utest.dir/test_compression.cpp.o[0m
[9.581s] [ 75%] [32mBuilding CXX object test/CMakeFiles/cv_bridge-utest.dir/utest.cpp.o[0m
[9.582s] [ 87%] [32mBuilding CXX object test/CMakeFiles/cv_bridge-utest.dir/test_rgb_colors.cpp.o[0m
[9.582s] [ 87%] [32mBuilding CXX object test/CMakeFiles/cv_bridge-utest.dir/utest2.cpp.o[0m
[11.937s] [ 93%] [32m[1mLinking CXX executable cv_bridge-utest[0m
[12.375s] [ 93%] Built target cv_bridge-utest
[12.437s] [100%] [32m[1mLinking CXX shared library boost/cv_bridge_boost.so[0m
[12.552s] [100%] Built target cv_bridge_boost
[12.565s] Invoked command in '/home/naoya/wildpose_v1.3/wildpose/build/cv_bridge' returned '0': CMAKE_PREFIX_PATH=${CMAKE_PREFIX_PATH}:/home/naoya/WildPose_v1.2/wildpose/install/motor_controller_pkg:/home/naoya/WildPose_v1.2/wildpose/install/gamepad_pkg:/opt/ros/foxy /usr/bin/cmake --build /home/naoya/wildpose_v1.3/wildpose/build/cv_bridge -- -j16 -l16
[12.596s] Invoking command in '/home/naoya/wildpose_v1.3/wildpose/build/cv_bridge': CMAKE_PREFIX_PATH=${CMAKE_PREFIX_PATH}:/home/naoya/WildPose_v1.2/wildpose/install/motor_controller_pkg:/home/naoya/WildPose_v1.2/wildpose/install/gamepad_pkg:/opt/ros/foxy /usr/bin/cmake --install /home/naoya/wildpose_v1.3/wildpose/build/cv_bridge
[12.605s] -- Install configuration: ""
[12.606s] -- Execute custom install script
[12.606s] -- Symlinking: /home/naoya/wildpose_v1.3/wildpose/install/cv_bridge/share/cv_bridge/environment/pythonpath.sh
[12.618s] -- Symlinking: /home/naoya/wildpose_v1.3/wildpose/install/cv_bridge/share/cv_bridge/environment/pythonpath.dsv
[12.635s] -- Symlinking: /home/naoya/wildpose_v1.3/wildpose/install/cv_bridge/lib/python3.8/site-packages/cv_bridge/__init__.py
[12.644s] -- Symlinking: /home/naoya/wildpose_v1.3/wildpose/install/cv_bridge/lib/python3.8/site-packages/cv_bridge/core.py
[12.653s] -- Symlinking: /home/naoya/wildpose_v1.3/wildpose/install/cv_bridge/lib/libcv_bridge.so
[12.663s] -- Symlinking: /home/naoya/wildpose_v1.3/wildpose/install/cv_bridge/include/cv_bridge/cv_bridge_export.h
[12.680s] -- Symlinking: /home/naoya/wildpose_v1.3/wildpose/install/cv_bridge/lib/python3.8/site-packages/cv_bridge/boost//cv_bridge_boost.so
[12.694s] -- Symlinking: /home/naoya/wildpose_v1.3/wildpose/install/cv_bridge/share/cv_bridge/environment/library_path.sh
[12.704s] -- Symlinking: /home/naoya/wildpose_v1.3/wildpose/install/cv_bridge/share/cv_bridge/environment/library_path.dsv
[12.714s] -- Symlinking: /home/naoya/wildpose_v1.3/wildpose/install/cv_bridge/include/cv_bridge/cv_bridge.h
[12.732s] -- Symlinking: /home/naoya/wildpose_v1.3/wildpose/install/cv_bridge/include/cv_bridge/rgb_colors.h
[12.741s] -- Up-to-date symlink: /home/naoya/wildpose_v1.3/wildpose/install/cv_bridge/lib/libcv_bridge.so
[12.741s] -- Symlinking: /home/naoya/wildpose_v1.3/wildpose/install/cv_bridge/share/ament_index/resource_index/package_run_dependencies/cv_bridge
[12.748s] -- Symlinking: /home/naoya/wildpose_v1.3/wildpose/install/cv_bridge/share/ament_index/resource_index/parent_prefix_path/cv_bridge
[12.756s] -- Symlinking: /home/naoya/wildpose_v1.3/wildpose/install/cv_bridge/share/cv_bridge/environment/ament_prefix_path.sh
[12.768s] -- Symlinking: /home/naoya/wildpose_v1.3/wildpose/install/cv_bridge/share/cv_bridge/environment/ament_prefix_path.dsv
[12.775s] -- Symlinking: /home/naoya/wildpose_v1.3/wildpose/install/cv_bridge/share/cv_bridge/environment/path.sh
[12.781s] -- Symlinking: /home/naoya/wildpose_v1.3/wildpose/install/cv_bridge/share/cv_bridge/environment/path.dsv
[12.794s] -- Symlinking: /home/naoya/wildpose_v1.3/wildpose/install/cv_bridge/share/cv_bridge/local_setup.bash
[12.802s] -- Symlinking: /home/naoya/wildpose_v1.3/wildpose/install/cv_bridge/share/cv_bridge/local_setup.sh
[12.811s] -- Symlinking: /home/naoya/wildpose_v1.3/wildpose/install/cv_bridge/share/cv_bridge/local_setup.zsh
[12.826s] -- Symlinking: /home/naoya/wildpose_v1.3/wildpose/install/cv_bridge/share/cv_bridge/local_setup.dsv
[12.836s] -- Symlinking: /home/naoya/wildpose_v1.3/wildpose/install/cv_bridge/share/cv_bridge/package.dsv
[12.844s] -- Symlinking: /home/naoya/wildpose_v1.3/wildpose/install/cv_bridge/share/ament_index/resource_index/packages/cv_bridge
[12.851s] -- Symlinking: /home/naoya/wildpose_v1.3/wildpose/install/cv_bridge/share/cv_bridge/cmake/cv_bridge-extras.cmake
[12.862s] -- Symlinking: /home/naoya/wildpose_v1.3/wildpose/install/cv_bridge/share/cv_bridge/cmake/ament_cmake_export_dependencies-extras.cmake
[12.870s] -- Symlinking: /home/naoya/wildpose_v1.3/wildpose/install/cv_bridge/share/cv_bridge/cmake/ament_cmake_export_include_directories-extras.cmake
[12.877s] -- Symlinking: /home/naoya/wildpose_v1.3/wildpose/install/cv_bridge/share/cv_bridge/cmake/ament_cmake_export_libraries-extras.cmake
[12.888s] -- Symlinking: /home/naoya/wildpose_v1.3/wildpose/install/cv_bridge/share/cv_bridge/cmake/cv_bridgeConfig.cmake
[12.894s] -- Symlinking: /home/naoya/wildpose_v1.3/wildpose/install/cv_bridge/share/cv_bridge/cmake/cv_bridgeConfig-version.cmake
[12.904s] -- Symlinking: /home/naoya/wildpose_v1.3/wildpose/install/cv_bridge/share/cv_bridge/package.xml
[12.940s] Listing '/home/naoya/wildpose_v1.3/wildpose/install/cv_bridge/lib/python3.8/site-packages/cv_bridge'...
[12.940s] Compiling '/home/naoya/wildpose_v1.3/wildpose/install/cv_bridge/lib/python3.8/site-packages/cv_bridge/__init__.py'...
[12.940s] Listing '/home/naoya/wildpose_v1.3/wildpose/install/cv_bridge/lib/python3.8/site-packages/cv_bridge/boost'...
[12.940s] Compiling '/home/naoya/wildpose_v1.3/wildpose/install/cv_bridge/lib/python3.8/site-packages/cv_bridge/core.py'...
[12.947s] Invoked command in '/home/naoya/wildpose_v1.3/wildpose/build/cv_bridge' returned '0': CMAKE_PREFIX_PATH=${CMAKE_PREFIX_PATH}:/home/naoya/WildPose_v1.2/wildpose/install/motor_controller_pkg:/home/naoya/WildPose_v1.2/wildpose/install/gamepad_pkg:/opt/ros/foxy /usr/bin/cmake --install /home/naoya/wildpose_v1.3/wildpose/build/cv_bridge
