[0.432s] Invoking command in '/home/naoya/Wildpose_v1.3/build/livox_sdk_vendor': CMAKE_PREFIX_PATH=${CMAKE_PREFIX_PATH}:/home/naoya/WildPose_v1.2/wildpose/install/motor_controller_pkg:/home/naoya/WildPose_v1.2/wildpose/install/gamepad_pkg:/opt/ros/foxy /usr/bin/cmake /home/naoya/Wildpose_v1.3/wildpose/src/livox_lidar_ROS2_driver/livox_sdk_vendor -DCMAKE_INSTALL_PREFIX=/home/naoya/Wildpose_v1.3/install/livox_sdk_vendor
[0.754s] -- The C compiler identification is GNU 9.4.0
[0.755s] -- The CXX compiler identification is GNU 9.4.0
[0.755s] -- Check for working C compiler: /usr/bin/cc
[0.755s] -- Check for working C compiler: /usr/bin/cc -- works
[0.755s] -- Detecting C compiler ABI info
[0.755s] -- Detecting C compiler ABI info - done
[0.755s] -- Detecting C compile features
[0.755s] -- Detecting C compile features - done
[0.755s] -- Check for working CXX compiler: /usr/bin/c++
[0.757s] -- Check for working CXX compiler: /usr/bin/c++ -- works
[0.757s] -- Detecting CXX compiler ABI info
[0.808s] -- Detecting CXX compiler ABI info - done
[0.822s] -- Detecting CXX compile features
[0.823s] -- Detecting CXX compile features - done
[0.826s] -- Found ament_cmake: 0.9.12 (/opt/ros/foxy/share/ament_cmake/cmake)
[0.848s] -- Found PythonInterp: /usr/bin/python3 (found suitable version "3.8.10", minimum required is "3") 
[0.848s] -- Using PYTHON_EXECUTABLE: /usr/bin/python3
[1.023s] -- Configuring done
[1.024s] -- Generating done
[1.024s] -- Build files have been written to: /home/naoya/Wildpose_v1.3/build/livox_sdk_vendor
[1.027s] Invoked command in '/home/naoya/Wildpose_v1.3/build/livox_sdk_vendor' returned '0': CMAKE_PREFIX_PATH=${CMAKE_PREFIX_PATH}:/home/naoya/WildPose_v1.2/wildpose/install/motor_controller_pkg:/home/naoya/WildPose_v1.2/wildpose/install/gamepad_pkg:/opt/ros/foxy /usr/bin/cmake /home/naoya/Wildpose_v1.3/wildpose/src/livox_lidar_ROS2_driver/livox_sdk_vendor -DCMAKE_INSTALL_PREFIX=/home/naoya/Wildpose_v1.3/install/livox_sdk_vendor
[1.031s] Invoking command in '/home/naoya/Wildpose_v1.3/build/livox_sdk_vendor': CMAKE_PREFIX_PATH=${CMAKE_PREFIX_PATH}:/home/naoya/WildPose_v1.2/wildpose/install/motor_controller_pkg:/home/naoya/WildPose_v1.2/wildpose/install/gamepad_pkg:/opt/ros/foxy /usr/bin/cmake --build /home/naoya/Wildpose_v1.3/build/livox_sdk_vendor -- -j16 -l16
[1.068s] Invoked command in '/home/naoya/Wildpose_v1.3/build/livox_sdk_vendor' returned '0': CMAKE_PREFIX_PATH=${CMAKE_PREFIX_PATH}:/home/naoya/WildPose_v1.2/wildpose/install/motor_controller_pkg:/home/naoya/WildPose_v1.2/wildpose/install/gamepad_pkg:/opt/ros/foxy /usr/bin/cmake --build /home/naoya/Wildpose_v1.3/build/livox_sdk_vendor -- -j16 -l16
[1.093s] Invoking command in '/home/naoya/Wildpose_v1.3/build/livox_sdk_vendor': CMAKE_PREFIX_PATH=${CMAKE_PREFIX_PATH}:/home/naoya/WildPose_v1.2/wildpose/install/motor_controller_pkg:/home/naoya/WildPose_v1.2/wildpose/install/gamepad_pkg:/opt/ros/foxy /usr/bin/cmake --install /home/naoya/Wildpose_v1.3/build/livox_sdk_vendor
[1.098s] -- Install configuration: ""
[1.098s] -- Installing: /home/naoya/Wildpose_v1.3/install/livox_sdk_vendor/share/livox_sdk_vendor/cmake
[1.098s] -- Installing: /home/naoya/Wildpose_v1.3/install/livox_sdk_vendor/share/livox_sdk_vendor/cmake/Modules
[1.098s] -- Installing: /home/naoya/Wildpose_v1.3/install/livox_sdk_vendor/share/livox_sdk_vendor/cmake/Modules/Findlivox_sdk.cmake
[1.098s] -- Installing: /home/naoya/Wildpose_v1.3/install/livox_sdk_vendor/share/ament_index/resource_index/package_run_dependencies/livox_sdk_vendor
[1.098s] -- Installing: /home/naoya/Wildpose_v1.3/install/livox_sdk_vendor/share/ament_index/resource_index/parent_prefix_path/livox_sdk_vendor
[1.098s] -- Installing: /home/naoya/Wildpose_v1.3/install/livox_sdk_vendor/share/livox_sdk_vendor/environment/ament_prefix_path.sh
[1.098s] -- Installing: /home/naoya/Wildpose_v1.3/install/livox_sdk_vendor/share/livox_sdk_vendor/environment/ament_prefix_path.dsv
[1.098s] -- Installing: /home/naoya/Wildpose_v1.3/install/livox_sdk_vendor/share/livox_sdk_vendor/environment/path.sh
[1.099s] -- Installing: /home/naoya/Wildpose_v1.3/install/livox_sdk_vendor/share/livox_sdk_vendor/environment/path.dsv
[1.099s] -- Installing: /home/naoya/Wildpose_v1.3/install/livox_sdk_vendor/share/livox_sdk_vendor/local_setup.bash
[1.099s] -- Installing: /home/naoya/Wildpose_v1.3/install/livox_sdk_vendor/share/livox_sdk_vendor/local_setup.sh
[1.099s] -- Installing: /home/naoya/Wildpose_v1.3/install/livox_sdk_vendor/share/livox_sdk_vendor/local_setup.zsh
[1.100s] -- Installing: /home/naoya/Wildpose_v1.3/install/livox_sdk_vendor/share/livox_sdk_vendor/local_setup.dsv
[1.100s] -- Installing: /home/naoya/Wildpose_v1.3/install/livox_sdk_vendor/share/livox_sdk_vendor/package.dsv
[1.100s] -- Installing: /home/naoya/Wildpose_v1.3/install/livox_sdk_vendor/share/ament_index/resource_index/packages/livox_sdk_vendor
[1.100s] -- Installing: /home/naoya/Wildpose_v1.3/install/livox_sdk_vendor/share/livox_sdk_vendor/cmake/livox_sdk_vendor-extras.cmake
[1.100s] -- Installing: /home/naoya/Wildpose_v1.3/install/livox_sdk_vendor/share/livox_sdk_vendor/cmake/livox_sdk_vendorConfig.cmake
[1.100s] -- Installing: /home/naoya/Wildpose_v1.3/install/livox_sdk_vendor/share/livox_sdk_vendor/cmake/livox_sdk_vendorConfig-version.cmake
[1.100s] -- Installing: /home/naoya/Wildpose_v1.3/install/livox_sdk_vendor/share/livox_sdk_vendor/package.xml
[1.101s] Invoked command in '/home/naoya/Wildpose_v1.3/build/livox_sdk_vendor' returned '0': CMAKE_PREFIX_PATH=${CMAKE_PREFIX_PATH}:/home/naoya/WildPose_v1.2/wildpose/install/motor_controller_pkg:/home/naoya/WildPose_v1.2/wildpose/install/gamepad_pkg:/opt/ros/foxy /usr/bin/cmake --install /home/naoya/Wildpose_v1.3/build/livox_sdk_vendor
