[1.617s] Invoking command in '/home/naoya/Wildpose_v1.3/wildpose/src/lidar_control_package': AMENT_PREFIX_PATH=/home/naoya/Wildpose_v1.3/install/wildpose_interfaces:${AMENT_PREFIX_PATH} CMAKE_PREFIX_PATH=/home/naoya/Wildpose_v1.3/install/wildpose_interfaces:${CMAKE_PREFIX_PATH} LD_LIBRARY_PATH=/home/naoya/Wildpose_v1.3/install/wildpose_interfaces/lib:${LD_LIBRARY_PATH} PYTHONPATH=/home/naoya/Wildpose_v1.3/build/lidar_control_package/prefix_override:/home/naoya/Wildpose_v1.3/install/lidar_control_package/lib/python3.8/site-packages:/home/naoya/Wildpose_v1.3/install/wildpose_interfaces/lib/python3.8/site-packages:${PYTHONPATH} /usr/bin/python3 setup.py egg_info --egg-base ../../../build/lidar_control_package build --build-base /home/naoya/Wildpose_v1.3/build/lidar_control_package/build install --record /home/naoya/Wildpose_v1.3/build/lidar_control_package/install.log --install-scripts $base/lib/lidar_control_package --single-version-externally-managed
[1.738s] running egg_info
[1.738s] creating ../../../build/lidar_control_package/lidar_control_package.egg-info
[1.738s] writing ../../../build/lidar_control_package/lidar_control_package.egg-info/PKG-INFO
[1.738s] writing dependency_links to ../../../build/lidar_control_package/lidar_control_package.egg-info/dependency_links.txt
[1.738s] writing entry points to ../../../build/lidar_control_package/lidar_control_package.egg-info/entry_points.txt
[1.739s] writing requirements to ../../../build/lidar_control_package/lidar_control_package.egg-info/requires.txt
[1.739s] writing top-level names to ../../../build/lidar_control_package/lidar_control_package.egg-info/top_level.txt
[1.739s] writing manifest file '../../../build/lidar_control_package/lidar_control_package.egg-info/SOURCES.txt'
[1.762s] reading manifest file '../../../build/lidar_control_package/lidar_control_package.egg-info/SOURCES.txt'
[1.762s] writing manifest file '../../../build/lidar_control_package/lidar_control_package.egg-info/SOURCES.txt'
[1.762s] running build
[1.762s] running build_py
[1.762s] creating /home/naoya/Wildpose_v1.3/build/lidar_control_package/build
[1.762s] creating /home/naoya/Wildpose_v1.3/build/lidar_control_package/build/lib
[1.762s] creating /home/naoya/Wildpose_v1.3/build/lidar_control_package/build/lib/lidar_control_package
[1.762s] copying lidar_control_package/lidar_control_node.py -> /home/naoya/Wildpose_v1.3/build/lidar_control_package/build/lib/lidar_control_package
[1.762s] copying lidar_control_package/__init__.py -> /home/naoya/Wildpose_v1.3/build/lidar_control_package/build/lib/lidar_control_package
[1.762s] running install
[1.763s] running install_lib
[1.763s] creating /home/naoya/Wildpose_v1.3/install/lidar_control_package/lib/python3.8/site-packages/lidar_control_package
[1.763s] copying /home/naoya/Wildpose_v1.3/build/lidar_control_package/build/lib/lidar_control_package/lidar_control_node.py -> /home/naoya/Wildpose_v1.3/install/lidar_control_package/lib/python3.8/site-packages/lidar_control_package
[1.763s] copying /home/naoya/Wildpose_v1.3/build/lidar_control_package/build/lib/lidar_control_package/__init__.py -> /home/naoya/Wildpose_v1.3/install/lidar_control_package/lib/python3.8/site-packages/lidar_control_package
[1.763s] byte-compiling /home/naoya/Wildpose_v1.3/install/lidar_control_package/lib/python3.8/site-packages/lidar_control_package/lidar_control_node.py to lidar_control_node.cpython-38.pyc
[1.764s] byte-compiling /home/naoya/Wildpose_v1.3/install/lidar_control_package/lib/python3.8/site-packages/lidar_control_package/__init__.py to __init__.cpython-38.pyc
[1.764s] running install_data
[1.765s] creating /home/naoya/Wildpose_v1.3/install/lidar_control_package/share/ament_index
[1.765s] creating /home/naoya/Wildpose_v1.3/install/lidar_control_package/share/ament_index/resource_index
[1.765s] creating /home/naoya/Wildpose_v1.3/install/lidar_control_package/share/ament_index/resource_index/packages
[1.765s] copying resource/lidar_control_package -> /home/naoya/Wildpose_v1.3/install/lidar_control_package/share/ament_index/resource_index/packages
[1.765s] copying package.xml -> /home/naoya/Wildpose_v1.3/install/lidar_control_package/share/lidar_control_package
[1.765s] running install_egg_info
[1.766s] Copying ../../../build/lidar_control_package/lidar_control_package.egg-info to /home/naoya/Wildpose_v1.3/install/lidar_control_package/lib/python3.8/site-packages/lidar_control_package-0.0.0-py3.8.egg-info
[1.766s] running install_scripts
[1.778s] Installing lidar_control_node script to /home/naoya/Wildpose_v1.3/install/lidar_control_package/lib/lidar_control_package
[1.778s] writing list of installed files to '/home/naoya/Wildpose_v1.3/build/lidar_control_package/install.log'
[1.800s] Invoked command in '/home/naoya/Wildpose_v1.3/wildpose/src/lidar_control_package' returned '0': AMENT_PREFIX_PATH=/home/naoya/Wildpose_v1.3/install/wildpose_interfaces:${AMENT_PREFIX_PATH} CMAKE_PREFIX_PATH=/home/naoya/Wildpose_v1.3/install/wildpose_interfaces:${CMAKE_PREFIX_PATH} LD_LIBRARY_PATH=/home/naoya/Wildpose_v1.3/install/wildpose_interfaces/lib:${LD_LIBRARY_PATH} PYTHONPATH=/home/naoya/Wildpose_v1.3/build/lidar_control_package/prefix_override:/home/naoya/Wildpose_v1.3/install/lidar_control_package/lib/python3.8/site-packages:/home/naoya/Wildpose_v1.3/install/wildpose_interfaces/lib/python3.8/site-packages:${PYTHONPATH} /usr/bin/python3 setup.py egg_info --egg-base ../../../build/lidar_control_package build --build-base /home/naoya/Wildpose_v1.3/build/lidar_control_package/build install --record /home/naoya/Wildpose_v1.3/build/lidar_control_package/install.log --install-scripts $base/lib/lidar_control_package --single-version-externally-managed
