[0.747s] Invoking command in '/home/naoya/wildpose_v1.3/wildpose/build/livox_interfaces': CMAKE_PREFIX_PATH=${CMAKE_PREFIX_PATH}:/home/naoya/WildPose_v1.2/wildpose/install/motor_controller_pkg:/home/naoya/WildPose_v1.2/wildpose/install/gamepad_pkg:/opt/ros/foxy /usr/bin/cmake --build /home/naoya/wildpose_v1.3/wildpose/build/livox_interfaces -- -j16 -l16
[1.081s] [ 10%] Built target livox_interfaces__rosidl_generator_c
[1.081s] [ 12%] Built target livox_interfaces__cpp
[1.081s] [ 23%] Built target livox_interfaces__rosidl_typesupport_c
[1.082s] [ 33%] Built target livox_interfaces__rosidl_typesupport_introspection_c
[1.082s] [ 43%] Built target livox_interfaces__rosidl_typesupport_fastrtps_cpp
[1.082s] [ 53%] Built target livox_interfaces__rosidl_typesupport_cpp
[1.082s] [ 64%] Built target livox_interfaces__rosidl_typesupport_introspection_cpp
[1.082s] [ 74%] Built target livox_interfaces__rosidl_typesupport_fastrtps_c
[1.082s] [ 74%] Built target livox_interfaces
[1.082s] [ 76%] Built target livox_interfaces__py
[1.082s] [ 84%] Built target livox_interfaces__python
[1.082s] [100%] Built target livox_interfaces__rosidl_typesupport_c__pyext
[1.082s] [100%] Built target livox_interfaces__rosidl_typesupport_fastrtps_c__pyext
[1.082s] [100%] Built target livox_interfaces__rosidl_typesupport_introspection_c__pyext
[1.087s] Invoked command in '/home/naoya/wildpose_v1.3/wildpose/build/livox_interfaces' returned '0': CMAKE_PREFIX_PATH=${CMAKE_PREFIX_PATH}:/home/naoya/WildPose_v1.2/wildpose/install/motor_controller_pkg:/home/naoya/WildPose_v1.2/wildpose/install/gamepad_pkg:/opt/ros/foxy /usr/bin/cmake --build /home/naoya/wildpose_v1.3/wildpose/build/livox_interfaces -- -j16 -l16
[1.122s] Invoking command in '/home/naoya/wildpose_v1.3/wildpose/build/livox_interfaces': CMAKE_PREFIX_PATH=${CMAKE_PREFIX_PATH}:/home/naoya/WildPose_v1.2/wildpose/install/motor_controller_pkg:/home/naoya/WildPose_v1.2/wildpose/install/gamepad_pkg:/opt/ros/foxy /usr/bin/cmake --install /home/naoya/wildpose_v1.3/wildpose/build/livox_interfaces
[1.131s] -- Install configuration: ""
[1.132s] -- Up-to-date: /home/naoya/wildpose_v1.3/wildpose/install/livox_interfaces/share/ament_index/resource_index/rosidl_interfaces/livox_interfaces
[1.133s] -- Up-to-date: /home/naoya/wildpose_v1.3/wildpose/install/livox_interfaces/include/livox_interfaces
[1.133s] -- Up-to-date: /home/naoya/wildpose_v1.3/wildpose/install/livox_interfaces/include/livox_interfaces/msg
[1.133s] -- Up-to-date: /home/naoya/wildpose_v1.3/wildpose/install/livox_interfaces/include/livox_interfaces/msg/detail
[1.133s] -- Up-to-date: /home/naoya/wildpose_v1.3/wildpose/install/livox_interfaces/include/livox_interfaces/msg/detail/custom_msg__functions.c
[1.133s] -- Up-to-date: /home/naoya/wildpose_v1.3/wildpose/install/livox_interfaces/include/livox_interfaces/msg/detail/custom_msg__functions.h
[1.133s] -- Up-to-date: /home/naoya/wildpose_v1.3/wildpose/install/livox_interfaces/include/livox_interfaces/msg/detail/custom_point__functions.c
[1.133s] -- Up-to-date: /home/naoya/wildpose_v1.3/wildpose/install/livox_interfaces/include/livox_interfaces/msg/detail/custom_msg__type_support.h
[1.133s] -- Up-to-date: /home/naoya/wildpose_v1.3/wildpose/install/livox_interfaces/include/livox_interfaces/msg/detail/custom_point__functions.h
[1.133s] -- Up-to-date: /home/naoya/wildpose_v1.3/wildpose/install/livox_interfaces/include/livox_interfaces/msg/detail/custom_point__type_support.h
[1.133s] -- Up-to-date: /home/naoya/wildpose_v1.3/wildpose/install/livox_interfaces/include/livox_interfaces/msg/detail/custom_msg__struct.h
[1.133s] -- Up-to-date: /home/naoya/wildpose_v1.3/wildpose/install/livox_interfaces/include/livox_interfaces/msg/detail/custom_point__struct.h
[1.133s] -- Up-to-date: /home/naoya/wildpose_v1.3/wildpose/install/livox_interfaces/include/livox_interfaces/msg/rosidl_generator_c__visibility_control.h
[1.134s] -- Up-to-date: /home/naoya/wildpose_v1.3/wildpose/install/livox_interfaces/include/livox_interfaces/msg/custom_point.h
[1.134s] -- Up-to-date: /home/naoya/wildpose_v1.3/wildpose/install/livox_interfaces/include/livox_interfaces/msg/custom_msg.h
[1.134s] -- Up-to-date: /home/naoya/wildpose_v1.3/wildpose/install/livox_interfaces/share/livox_interfaces/environment/library_path.sh
[1.134s] -- Up-to-date: /home/naoya/wildpose_v1.3/wildpose/install/livox_interfaces/share/livox_interfaces/environment/library_path.dsv
[1.134s] -- Up-to-date: /home/naoya/wildpose_v1.3/wildpose/install/livox_interfaces/lib/liblivox_interfaces__rosidl_generator_c.so
[1.134s] -- Up-to-date: /home/naoya/wildpose_v1.3/wildpose/install/livox_interfaces/include/livox_interfaces
[1.134s] -- Up-to-date: /home/naoya/wildpose_v1.3/wildpose/install/livox_interfaces/include/livox_interfaces/msg
[1.134s] -- Up-to-date: /home/naoya/wildpose_v1.3/wildpose/install/livox_interfaces/include/livox_interfaces/msg/detail
[1.134s] -- Up-to-date: /home/naoya/wildpose_v1.3/wildpose/install/livox_interfaces/include/livox_interfaces/msg/detail/custom_point__rosidl_typesupport_fastrtps_c.h
[1.134s] -- Up-to-date: /home/naoya/wildpose_v1.3/wildpose/install/livox_interfaces/include/livox_interfaces/msg/detail/custom_msg__rosidl_typesupport_fastrtps_c.h
[1.135s] -- Up-to-date: /home/naoya/wildpose_v1.3/wildpose/install/livox_interfaces/include/livox_interfaces/msg/rosidl_typesupport_fastrtps_c__visibility_control.h
[1.135s] -- Up-to-date: /home/naoya/wildpose_v1.3/wildpose/install/livox_interfaces/lib/liblivox_interfaces__rosidl_typesupport_fastrtps_c.so
[1.135s] -- Up-to-date: /home/naoya/wildpose_v1.3/wildpose/install/livox_interfaces/include/livox_interfaces
[1.135s] -- Up-to-date: /home/naoya/wildpose_v1.3/wildpose/install/livox_interfaces/include/livox_interfaces/msg
[1.135s] -- Up-to-date: /home/naoya/wildpose_v1.3/wildpose/install/livox_interfaces/include/livox_interfaces/msg/detail
[1.135s] -- Up-to-date: /home/naoya/wildpose_v1.3/wildpose/install/livox_interfaces/include/livox_interfaces/msg/detail/dds_fastrtps
[1.135s] -- Up-to-date: /home/naoya/wildpose_v1.3/wildpose/install/livox_interfaces/include/livox_interfaces/msg/detail/custom_msg__rosidl_typesupport_fastrtps_cpp.hpp
[1.136s] -- Up-to-date: /home/naoya/wildpose_v1.3/wildpose/install/livox_interfaces/include/livox_interfaces/msg/detail/custom_point__rosidl_typesupport_fastrtps_cpp.hpp
[1.136s] -- Up-to-date: /home/naoya/wildpose_v1.3/wildpose/install/livox_interfaces/include/livox_interfaces/msg/rosidl_typesupport_fastrtps_cpp__visibility_control.h
[1.136s] -- Up-to-date: /home/naoya/wildpose_v1.3/wildpose/install/livox_interfaces/lib/liblivox_interfaces__rosidl_typesupport_fastrtps_cpp.so
[1.136s] -- Up-to-date: /home/naoya/wildpose_v1.3/wildpose/install/livox_interfaces/include/livox_interfaces
[1.136s] -- Up-to-date: /home/naoya/wildpose_v1.3/wildpose/install/livox_interfaces/include/livox_interfaces/msg
[1.136s] -- Up-to-date: /home/naoya/wildpose_v1.3/wildpose/install/livox_interfaces/include/livox_interfaces/msg/detail
[1.137s] -- Up-to-date: /home/naoya/wildpose_v1.3/wildpose/install/livox_interfaces/include/livox_interfaces/msg/detail/custom_msg__type_support.c
[1.137s] -- Up-to-date: /home/naoya/wildpose_v1.3/wildpose/install/livox_interfaces/include/livox_interfaces/msg/detail/custom_msg__rosidl_typesupport_introspection_c.h
[1.137s] -- Up-to-date: /home/naoya/wildpose_v1.3/wildpose/install/livox_interfaces/include/livox_interfaces/msg/detail/custom_point__type_support.c
[1.137s] -- Up-to-date: /home/naoya/wildpose_v1.3/wildpose/install/livox_interfaces/include/livox_interfaces/msg/detail/custom_point__rosidl_typesupport_introspection_c.h
[1.137s] -- Up-to-date: /home/naoya/wildpose_v1.3/wildpose/install/livox_interfaces/include/livox_interfaces/msg/rosidl_typesupport_introspection_c__visibility_control.h
[1.137s] -- Up-to-date: /home/naoya/wildpose_v1.3/wildpose/install/livox_interfaces/lib/liblivox_interfaces__rosidl_typesupport_introspection_c.so
[1.137s] -- Up-to-date: /home/naoya/wildpose_v1.3/wildpose/install/livox_interfaces/lib/liblivox_interfaces__rosidl_typesupport_c.so
[1.137s] -- Up-to-date: /home/naoya/wildpose_v1.3/wildpose/install/livox_interfaces/include/livox_interfaces
[1.137s] -- Up-to-date: /home/naoya/wildpose_v1.3/wildpose/install/livox_interfaces/include/livox_interfaces/msg
[1.138s] -- Up-to-date: /home/naoya/wildpose_v1.3/wildpose/install/livox_interfaces/include/livox_interfaces/msg/custom_msg.hpp
[1.138s] -- Up-to-date: /home/naoya/wildpose_v1.3/wildpose/install/livox_interfaces/include/livox_interfaces/msg/detail
[1.138s] -- Up-to-date: /home/naoya/wildpose_v1.3/wildpose/install/livox_interfaces/include/livox_interfaces/msg/detail/custom_point__type_support.hpp
[1.138s] -- Up-to-date: /home/naoya/wildpose_v1.3/wildpose/install/livox_interfaces/include/livox_interfaces/msg/detail/custom_point__traits.hpp
[1.138s] -- Up-to-date: /home/naoya/wildpose_v1.3/wildpose/install/livox_interfaces/include/livox_interfaces/msg/detail/custom_msg__struct.hpp
[1.138s] -- Up-to-date: /home/naoya/wildpose_v1.3/wildpose/install/livox_interfaces/include/livox_interfaces/msg/detail/custom_msg__traits.hpp
[1.138s] -- Up-to-date: /home/naoya/wildpose_v1.3/wildpose/install/livox_interfaces/include/livox_interfaces/msg/detail/custom_point__struct.hpp
[1.138s] -- Up-to-date: /home/naoya/wildpose_v1.3/wildpose/install/livox_interfaces/include/livox_interfaces/msg/detail/custom_point__builder.hpp
[1.138s] -- Up-to-date: /home/naoya/wildpose_v1.3/wildpose/install/livox_interfaces/include/livox_interfaces/msg/detail/custom_msg__type_support.hpp
[1.138s] -- Up-to-date: /home/naoya/wildpose_v1.3/wildpose/install/livox_interfaces/include/livox_interfaces/msg/detail/custom_msg__builder.hpp
[1.138s] -- Up-to-date: /home/naoya/wildpose_v1.3/wildpose/install/livox_interfaces/include/livox_interfaces/msg/rosidl_generator_cpp__visibility_control.hpp
[1.138s] -- Up-to-date: /home/naoya/wildpose_v1.3/wildpose/install/livox_interfaces/include/livox_interfaces/msg/custom_point.hpp
[1.139s] -- Up-to-date: /home/naoya/wildpose_v1.3/wildpose/install/livox_interfaces/include/livox_interfaces
[1.139s] -- Up-to-date: /home/naoya/wildpose_v1.3/wildpose/install/livox_interfaces/include/livox_interfaces/msg
[1.139s] -- Up-to-date: /home/naoya/wildpose_v1.3/wildpose/install/livox_interfaces/include/livox_interfaces/msg/detail
[1.139s] -- Up-to-date: /home/naoya/wildpose_v1.3/wildpose/install/livox_interfaces/include/livox_interfaces/msg/detail/custom_point__type_support.cpp
[1.139s] -- Up-to-date: /home/naoya/wildpose_v1.3/wildpose/install/livox_interfaces/include/livox_interfaces/msg/detail/custom_point__rosidl_typesupport_introspection_cpp.hpp
[1.139s] -- Up-to-date: /home/naoya/wildpose_v1.3/wildpose/install/livox_interfaces/include/livox_interfaces/msg/detail/custom_msg__type_support.cpp
[1.139s] -- Up-to-date: /home/naoya/wildpose_v1.3/wildpose/install/livox_interfaces/include/livox_interfaces/msg/detail/custom_msg__rosidl_typesupport_introspection_cpp.hpp
[1.139s] -- Up-to-date: /home/naoya/wildpose_v1.3/wildpose/install/livox_interfaces/lib/liblivox_interfaces__rosidl_typesupport_introspection_cpp.so
[1.139s] -- Up-to-date: /home/naoya/wildpose_v1.3/wildpose/install/livox_interfaces/lib/liblivox_interfaces__rosidl_typesupport_cpp.so
[1.139s] -- Up-to-date: /home/naoya/wildpose_v1.3/wildpose/install/livox_interfaces/share/livox_interfaces/environment/pythonpath.sh
[1.139s] -- Up-to-date: /home/naoya/wildpose_v1.3/wildpose/install/livox_interfaces/share/livox_interfaces/environment/pythonpath.dsv
[1.140s] -- Up-to-date: /home/naoya/wildpose_v1.3/wildpose/install/livox_interfaces/lib/python3.8/site-packages/livox_interfaces/__init__.py
[1.166s] -- Up-to-date: /home/naoya/wildpose_v1.3/wildpose/install/livox_interfaces/lib/python3.8/site-packages/livox_interfaces/msg
[1.166s] -- Up-to-date: /home/naoya/wildpose_v1.3/wildpose/install/livox_interfaces/lib/python3.8/site-packages/livox_interfaces/msg/_custom_msg_s.c
[1.166s] -- Up-to-date: /home/naoya/wildpose_v1.3/wildpose/install/livox_interfaces/lib/python3.8/site-packages/livox_interfaces/msg/_custom_msg.py
[1.166s] -- Up-to-date: /home/naoya/wildpose_v1.3/wildpose/install/livox_interfaces/lib/python3.8/site-packages/livox_interfaces/msg/_custom_point_s.c
[1.166s] -- Up-to-date: /home/naoya/wildpose_v1.3/wildpose/install/livox_interfaces/lib/python3.8/site-packages/livox_interfaces/msg/__init__.py
[1.166s] -- Up-to-date: /home/naoya/wildpose_v1.3/wildpose/install/livox_interfaces/lib/python3.8/site-packages/livox_interfaces/msg/_custom_point.py
[1.166s] -- Up-to-date: /home/naoya/wildpose_v1.3/wildpose/install/livox_interfaces/lib/python3.8/site-packages/livox_interfaces/livox_interfaces_s__rosidl_typesupport_fastrtps_c.cpython-38-x86_64-linux-gnu.so
[1.167s] -- Up-to-date: /home/naoya/wildpose_v1.3/wildpose/install/livox_interfaces/lib/python3.8/site-packages/livox_interfaces/livox_interfaces_s__rosidl_typesupport_introspection_c.cpython-38-x86_64-linux-gnu.so
[1.168s] -- Up-to-date: /home/naoya/wildpose_v1.3/wildpose/install/livox_interfaces/lib/python3.8/site-packages/livox_interfaces/livox_interfaces_s__rosidl_typesupport_c.cpython-38-x86_64-linux-gnu.so
[1.169s] -- Up-to-date: /home/naoya/wildpose_v1.3/wildpose/install/livox_interfaces/lib/liblivox_interfaces__python.so
[1.169s] -- Up-to-date: /home/naoya/wildpose_v1.3/wildpose/install/livox_interfaces/share/livox_interfaces/msg/CustomPoint.idl
[1.169s] -- Up-to-date: /home/naoya/wildpose_v1.3/wildpose/install/livox_interfaces/share/livox_interfaces/msg/CustomMsg.idl
[1.170s] -- Up-to-date: /home/naoya/wildpose_v1.3/wildpose/install/livox_interfaces/share/livox_interfaces/msg/CustomPoint.msg
[1.170s] -- Up-to-date: /home/naoya/wildpose_v1.3/wildpose/install/livox_interfaces/share/livox_interfaces/msg/CustomMsg.msg
[1.170s] -- Up-to-date: /home/naoya/wildpose_v1.3/wildpose/install/livox_interfaces/share/ament_index/resource_index/package_run_dependencies/livox_interfaces
[1.170s] -- Up-to-date: /home/naoya/wildpose_v1.3/wildpose/install/livox_interfaces/share/ament_index/resource_index/parent_prefix_path/livox_interfaces
[1.170s] -- Up-to-date: /home/naoya/wildpose_v1.3/wildpose/install/livox_interfaces/share/livox_interfaces/environment/ament_prefix_path.sh
[1.170s] -- Up-to-date: /home/naoya/wildpose_v1.3/wildpose/install/livox_interfaces/share/livox_interfaces/environment/ament_prefix_path.dsv
[1.171s] -- Up-to-date: /home/naoya/wildpose_v1.3/wildpose/install/livox_interfaces/share/livox_interfaces/environment/path.sh
[1.171s] -- Up-to-date: /home/naoya/wildpose_v1.3/wildpose/install/livox_interfaces/share/livox_interfaces/environment/path.dsv
[1.171s] -- Up-to-date: /home/naoya/wildpose_v1.3/wildpose/install/livox_interfaces/share/livox_interfaces/local_setup.bash
[1.171s] -- Up-to-date: /home/naoya/wildpose_v1.3/wildpose/install/livox_interfaces/share/livox_interfaces/local_setup.sh
[1.171s] -- Up-to-date: /home/naoya/wildpose_v1.3/wildpose/install/livox_interfaces/share/livox_interfaces/local_setup.zsh
[1.171s] -- Up-to-date: /home/naoya/wildpose_v1.3/wildpose/install/livox_interfaces/share/livox_interfaces/local_setup.dsv
[1.171s] -- Installing: /home/naoya/wildpose_v1.3/wildpose/install/livox_interfaces/share/livox_interfaces/package.dsv
[1.172s] -- Up-to-date: /home/naoya/wildpose_v1.3/wildpose/install/livox_interfaces/share/ament_index/resource_index/packages/livox_interfaces
[1.172s] -- Up-to-date: /home/naoya/wildpose_v1.3/wildpose/install/livox_interfaces/share/livox_interfaces/cmake/livox_interfaces__rosidl_generator_cExport.cmake
[1.173s] -- Up-to-date: /home/naoya/wildpose_v1.3/wildpose/install/livox_interfaces/share/livox_interfaces/cmake/livox_interfaces__rosidl_generator_cExport-noconfig.cmake
[1.173s] -- Up-to-date: /home/naoya/wildpose_v1.3/wildpose/install/livox_interfaces/share/livox_interfaces/cmake/livox_interfaces__rosidl_typesupport_introspection_cExport.cmake
[1.173s] -- Up-to-date: /home/naoya/wildpose_v1.3/wildpose/install/livox_interfaces/share/livox_interfaces/cmake/livox_interfaces__rosidl_typesupport_introspection_cExport-noconfig.cmake
[1.174s] -- Up-to-date: /home/naoya/wildpose_v1.3/wildpose/install/livox_interfaces/share/livox_interfaces/cmake/livox_interfaces__rosidl_typesupport_cExport.cmake
[1.174s] -- Up-to-date: /home/naoya/wildpose_v1.3/wildpose/install/livox_interfaces/share/livox_interfaces/cmake/livox_interfaces__rosidl_typesupport_cExport-noconfig.cmake
[1.174s] -- Up-to-date: /home/naoya/wildpose_v1.3/wildpose/install/livox_interfaces/share/livox_interfaces/cmake/livox_interfaces__rosidl_generator_cppExport.cmake
[1.174s] -- Up-to-date: /home/naoya/wildpose_v1.3/wildpose/install/livox_interfaces/share/livox_interfaces/cmake/livox_interfaces__rosidl_typesupport_introspection_cppExport.cmake
[1.175s] -- Up-to-date: /home/naoya/wildpose_v1.3/wildpose/install/livox_interfaces/share/livox_interfaces/cmake/livox_interfaces__rosidl_typesupport_introspection_cppExport-noconfig.cmake
[1.175s] -- Up-to-date: /home/naoya/wildpose_v1.3/wildpose/install/livox_interfaces/share/livox_interfaces/cmake/livox_interfaces__rosidl_typesupport_cppExport.cmake
[1.176s] -- Up-to-date: /home/naoya/wildpose_v1.3/wildpose/install/livox_interfaces/share/livox_interfaces/cmake/livox_interfaces__rosidl_typesupport_cppExport-noconfig.cmake
[1.176s] -- Up-to-date: /home/naoya/wildpose_v1.3/wildpose/install/livox_interfaces/share/livox_interfaces/cmake/rosidl_cmake-extras.cmake
[1.177s] -- Up-to-date: /home/naoya/wildpose_v1.3/wildpose/install/livox_interfaces/share/livox_interfaces/cmake/ament_cmake_export_dependencies-extras.cmake
[1.177s] -- Up-to-date: /home/naoya/wildpose_v1.3/wildpose/install/livox_interfaces/share/livox_interfaces/cmake/ament_cmake_export_libraries-extras.cmake
[1.177s] -- Up-to-date: /home/naoya/wildpose_v1.3/wildpose/install/livox_interfaces/share/livox_interfaces/cmake/ament_cmake_export_targets-extras.cmake
[1.178s] -- Up-to-date: /home/naoya/wildpose_v1.3/wildpose/install/livox_interfaces/share/livox_interfaces/cmake/ament_cmake_export_include_directories-extras.cmake
[1.178s] -- Up-to-date: /home/naoya/wildpose_v1.3/wildpose/install/livox_interfaces/share/livox_interfaces/cmake/rosidl_cmake_export_typesupport_libraries-extras.cmake
[1.179s] -- Up-to-date: /home/naoya/wildpose_v1.3/wildpose/install/livox_interfaces/share/livox_interfaces/cmake/rosidl_cmake_export_typesupport_targets-extras.cmake
[1.179s] -- Up-to-date: /home/naoya/wildpose_v1.3/wildpose/install/livox_interfaces/share/livox_interfaces/cmake/livox_interfacesConfig.cmake
[1.180s] -- Up-to-date: /home/naoya/wildpose_v1.3/wildpose/install/livox_interfaces/share/livox_interfaces/cmake/livox_interfacesConfig-version.cmake
[1.180s] -- Up-to-date: /home/naoya/wildpose_v1.3/wildpose/install/livox_interfaces/share/livox_interfaces/package.xml
[1.452s] Invoked command in '/home/naoya/wildpose_v1.3/wildpose/build/livox_interfaces' returned '0': CMAKE_PREFIX_PATH=${CMAKE_PREFIX_PATH}:/home/naoya/WildPose_v1.2/wildpose/install/motor_controller_pkg:/home/naoya/WildPose_v1.2/wildpose/install/gamepad_pkg:/opt/ros/foxy /usr/bin/cmake --install /home/naoya/wildpose_v1.3/wildpose/build/livox_interfaces
