[0.462s] Invoking command in '/home/naoya/wildpose_v1.3/wildpose/build/image_geometry': CMAKE_PREFIX_PATH=${CMAKE_PREFIX_PATH}:/home/naoya/WildPose_v1.2/wildpose/install/motor_controller_pkg:/home/naoya/WildPose_v1.2/wildpose/install/gamepad_pkg:/opt/ros/foxy /usr/bin/cmake /home/naoya/wildpose_v1.3/wildpose/src/vision_opencv/image_geometry -DCMAKE_INSTALL_PREFIX=/home/naoya/wildpose_v1.3/wildpose/install/image_geometry
[0.792s] -- The C compiler identification is GNU 9.4.0
[0.793s] -- The CXX compiler identification is GNU 9.4.0
[0.793s] -- Check for working C compiler: /usr/bin/cc
[0.793s] -- Check for working C compiler: /usr/bin/cc -- works
[0.793s] -- Detecting C compiler ABI info
[0.793s] -- Detecting C compiler ABI info - done
[0.793s] -- Detecting C compile features
[0.793s] -- Detecting C compile features - done
[0.793s] -- Check for working CXX compiler: /usr/bin/c++
[0.793s] -- Check for working CXX compiler: /usr/bin/c++ -- works
[0.793s] -- Detecting CXX compiler ABI info
[0.817s] -- Detecting CXX compiler ABI info - done
[0.831s] -- Detecting CXX compile features
[0.832s] -- Detecting CXX compile features - done
[0.834s] -- Found ament_cmake_python: 0.9.12 (/opt/ros/foxy/share/ament_cmake_python/cmake)
[0.836s] -- Found ament_cmake_ros: 0.9.2 (/opt/ros/foxy/share/ament_cmake_ros/cmake)
[0.881s] -- Found PythonInterp: /usr/bin/python3 (found suitable version "3.8.10", minimum required is "3") 
[0.881s] -- Using PYTHON_EXECUTABLE: /usr/bin/python3
[1.074s] -- Found OpenCV: /usr (found version "4.2.0") found components: calib3d core highgui imgproc 
[1.076s] -- Found sensor_msgs: 2.0.5 (/opt/ros/foxy/share/sensor_msgs/cmake)
[1.100s] -- Using all available rosidl_typesupport_c: rosidl_typesupport_fastrtps_c;rosidl_typesupport_introspection_c
[1.105s] -- Found rosidl_adapter: 1.3.1 (/opt/ros/foxy/share/rosidl_adapter/cmake)
[1.164s] -- Found OpenSSL: /usr/lib/x86_64-linux-gnu/libcrypto.so (found version "1.1.1f")  
[1.189s] -- Found FastRTPS: /opt/ros/foxy/include  
[1.250s] -- Using all available rosidl_typesupport_cpp: rosidl_typesupport_fastrtps_cpp;rosidl_typesupport_introspection_cpp
[1.364s] -- Found gtest sources under '/opt/ros/foxy/src/gtest_vendor': C++ tests using 'Google Test' will be built
[1.365s] -- Looking for pthread.h
[1.416s] -- Looking for pthread.h - found
[1.416s] -- Performing Test CMAKE_HAVE_LIBC_PTHREAD
[1.477s] -- Performing Test CMAKE_HAVE_LIBC_PTHREAD - Failed
[1.477s] -- Check if compiler accepts -pthread
[1.536s] -- Check if compiler accepts -pthread - yes
[1.537s] -- Found Threads: TRUE  
[1.592s] -- Configuring done
[1.606s] -- Generating done
[1.607s] -- Build files have been written to: /home/naoya/wildpose_v1.3/wildpose/build/image_geometry
[1.675s] Invoked command in '/home/naoya/wildpose_v1.3/wildpose/build/image_geometry' returned '0': CMAKE_PREFIX_PATH=${CMAKE_PREFIX_PATH}:/home/naoya/WildPose_v1.2/wildpose/install/motor_controller_pkg:/home/naoya/WildPose_v1.2/wildpose/install/gamepad_pkg:/opt/ros/foxy /usr/bin/cmake /home/naoya/wildpose_v1.3/wildpose/src/vision_opencv/image_geometry -DCMAKE_INSTALL_PREFIX=/home/naoya/wildpose_v1.3/wildpose/install/image_geometry
[1.677s] Invoking command in '/home/naoya/wildpose_v1.3/wildpose/build/image_geometry': CMAKE_PREFIX_PATH=${CMAKE_PREFIX_PATH}:/home/naoya/WildPose_v1.2/wildpose/install/motor_controller_pkg:/home/naoya/WildPose_v1.2/wildpose/install/gamepad_pkg:/opt/ros/foxy /usr/bin/cmake --build /home/naoya/wildpose_v1.3/wildpose/build/image_geometry -- -j16 -l16
[1.844s] [35m[1mScanning dependencies of target image_geometry[0m
[1.844s] [35m[1mScanning dependencies of target gtest_main[0m
[1.844s] [35m[1mScanning dependencies of target gtest[0m
[1.844s] [  9%] [32mBuilding CXX object gtest/CMakeFiles/gtest_main.dir/src/gtest_main.cc.o[0m
[1.844s] [ 36%] [32mBuilding CXX object gtest/CMakeFiles/gtest.dir/src/gtest-all.cc.o[0m
[1.844s] [ 36%] [32mBuilding CXX object CMakeFiles/image_geometry.dir/src/pinhole_camera_model.cpp.o[0m
[1.844s] [ 36%] [32mBuilding CXX object CMakeFiles/image_geometry.dir/src/stereo_camera_model.cpp.o[0m
[2.160s] [ 45%] [32m[1mLinking CXX static library libgtest_main.a[0m
[2.197s] [ 45%] Built target gtest_main
[2.944s] [ 54%] [32m[1mLinking CXX shared library libimage_geometry.so[0m
[3.330s] [ 54%] Built target image_geometry
[4.380s] [ 63%] [32m[1mLinking CXX static library libgtest.a[0m
[4.420s] [ 63%] Built target gtest
[4.428s] [35m[1mScanning dependencies of target image_geometry-utest-equi[0m
[4.434s] [35m[1mScanning dependencies of target image_geometry-utest[0m
[4.452s] [ 72%] [32mBuilding CXX object test/CMakeFiles/image_geometry-utest-equi.dir/utest_equi.cpp.o[0m
[4.473s] [ 81%] [32mBuilding CXX object test/CMakeFiles/image_geometry-utest.dir/utest.cpp.o[0m
[5.514s] [ 90%] [32m[1mLinking CXX executable image_geometry-utest-equi[0m
[5.638s] [ 90%] Built target image_geometry-utest-equi
[6.090s] [100%] [32m[1mLinking CXX executable image_geometry-utest[0m
[6.214s] [100%] Built target image_geometry-utest
[6.292s] Invoked command in '/home/naoya/wildpose_v1.3/wildpose/build/image_geometry' returned '0': CMAKE_PREFIX_PATH=${CMAKE_PREFIX_PATH}:/home/naoya/WildPose_v1.2/wildpose/install/motor_controller_pkg:/home/naoya/WildPose_v1.2/wildpose/install/gamepad_pkg:/opt/ros/foxy /usr/bin/cmake --build /home/naoya/wildpose_v1.3/wildpose/build/image_geometry -- -j16 -l16
[6.311s] Invoking command in '/home/naoya/wildpose_v1.3/wildpose/build/image_geometry': CMAKE_PREFIX_PATH=${CMAKE_PREFIX_PATH}:/home/naoya/WildPose_v1.2/wildpose/install/motor_controller_pkg:/home/naoya/WildPose_v1.2/wildpose/install/gamepad_pkg:/opt/ros/foxy /usr/bin/cmake --install /home/naoya/wildpose_v1.3/wildpose/build/image_geometry
[6.316s] -- Install configuration: ""
[6.317s] -- Installing: /home/naoya/wildpose_v1.3/wildpose/install/image_geometry/share/image_geometry/environment/pythonpath.sh
[6.317s] -- Installing: /home/naoya/wildpose_v1.3/wildpose/install/image_geometry/share/image_geometry/environment/pythonpath.dsv
[6.317s] -- Installing: /home/naoya/wildpose_v1.3/wildpose/install/image_geometry/lib/python3.8/site-packages/image_geometry
[6.317s] -- Installing: /home/naoya/wildpose_v1.3/wildpose/install/image_geometry/lib/python3.8/site-packages/image_geometry/cameramodels.py
[6.317s] -- Installing: /home/naoya/wildpose_v1.3/wildpose/install/image_geometry/lib/python3.8/site-packages/image_geometry/__init__.py
[6.341s] Listing '/home/naoya/wildpose_v1.3/wildpose/install/image_geometry/lib/python3.8/site-packages/image_geometry'...
[6.341s] Compiling '/home/naoya/wildpose_v1.3/wildpose/install/image_geometry/lib/python3.8/site-packages/image_geometry/__init__.py'...
[6.341s] Compiling '/home/naoya/wildpose_v1.3/wildpose/install/image_geometry/lib/python3.8/site-packages/image_geometry/cameramodels.py'...
[6.343s] -- Installing: /home/naoya/wildpose_v1.3/wildpose/install/image_geometry/include/image_geometry
[6.343s] -- Installing: /home/naoya/wildpose_v1.3/wildpose/install/image_geometry/include/image_geometry/visibility_control.hpp
[6.344s] -- Installing: /home/naoya/wildpose_v1.3/wildpose/install/image_geometry/include/image_geometry/stereo_camera_model.h
[6.344s] -- Installing: /home/naoya/wildpose_v1.3/wildpose/install/image_geometry/include/image_geometry/pinhole_camera_model.h
[6.344s] -- Installing: /home/naoya/wildpose_v1.3/wildpose/install/image_geometry/lib/libimage_geometry.so
[6.344s] -- Set runtime path of "/home/naoya/wildpose_v1.3/wildpose/install/image_geometry/lib/libimage_geometry.so" to ""
[6.344s] -- Installing: /home/naoya/wildpose_v1.3/wildpose/install/image_geometry/share/image_geometry/environment/library_path.sh
[6.344s] -- Installing: /home/naoya/wildpose_v1.3/wildpose/install/image_geometry/share/image_geometry/environment/library_path.dsv
[6.344s] -- Installing: /home/naoya/wildpose_v1.3/wildpose/install/image_geometry/share/ament_index/resource_index/package_run_dependencies/image_geometry
[6.344s] -- Installing: /home/naoya/wildpose_v1.3/wildpose/install/image_geometry/share/ament_index/resource_index/parent_prefix_path/image_geometry
[6.345s] -- Installing: /home/naoya/wildpose_v1.3/wildpose/install/image_geometry/share/image_geometry/environment/ament_prefix_path.sh
[6.345s] -- Installing: /home/naoya/wildpose_v1.3/wildpose/install/image_geometry/share/image_geometry/environment/ament_prefix_path.dsv
[6.345s] -- Installing: /home/naoya/wildpose_v1.3/wildpose/install/image_geometry/share/image_geometry/environment/path.sh
[6.345s] -- Installing: /home/naoya/wildpose_v1.3/wildpose/install/image_geometry/share/image_geometry/environment/path.dsv
[6.345s] -- Installing: /home/naoya/wildpose_v1.3/wildpose/install/image_geometry/share/image_geometry/local_setup.bash
[6.345s] -- Installing: /home/naoya/wildpose_v1.3/wildpose/install/image_geometry/share/image_geometry/local_setup.sh
[6.345s] -- Installing: /home/naoya/wildpose_v1.3/wildpose/install/image_geometry/share/image_geometry/local_setup.zsh
[6.345s] -- Installing: /home/naoya/wildpose_v1.3/wildpose/install/image_geometry/share/image_geometry/local_setup.dsv
[6.346s] -- Installing: /home/naoya/wildpose_v1.3/wildpose/install/image_geometry/share/image_geometry/package.dsv
[6.346s] -- Installing: /home/naoya/wildpose_v1.3/wildpose/install/image_geometry/share/ament_index/resource_index/packages/image_geometry
[6.346s] -- Installing: /home/naoya/wildpose_v1.3/wildpose/install/image_geometry/share/image_geometry/cmake/ament_cmake_export_libraries-extras.cmake
[6.346s] -- Installing: /home/naoya/wildpose_v1.3/wildpose/install/image_geometry/share/image_geometry/cmake/ament_cmake_export_dependencies-extras.cmake
[6.346s] -- Installing: /home/naoya/wildpose_v1.3/wildpose/install/image_geometry/share/image_geometry/cmake/ament_cmake_export_include_directories-extras.cmake
[6.346s] -- Installing: /home/naoya/wildpose_v1.3/wildpose/install/image_geometry/share/image_geometry/cmake/image_geometryConfig.cmake
[6.347s] -- Installing: /home/naoya/wildpose_v1.3/wildpose/install/image_geometry/share/image_geometry/cmake/image_geometryConfig-version.cmake
[6.347s] -- Installing: /home/naoya/wildpose_v1.3/wildpose/install/image_geometry/share/image_geometry/package.xml
[6.348s] Invoked command in '/home/naoya/wildpose_v1.3/wildpose/build/image_geometry' returned '0': CMAKE_PREFIX_PATH=${CMAKE_PREFIX_PATH}:/home/naoya/WildPose_v1.2/wildpose/install/motor_controller_pkg:/home/naoya/WildPose_v1.2/wildpose/install/gamepad_pkg:/opt/ros/foxy /usr/bin/cmake --install /home/naoya/wildpose_v1.3/wildpose/build/image_geometry
