[0.874s] Invoking command in '/home/naoya/wildpose_v1.3/wildpose/build/wildpose_interfaces': CMAKE_PREFIX_PATH=${CMAKE_PREFIX_PATH}:/home/naoya/wildpose_v1.3/wildpose/install/motor_controller_pkg:/home/naoya/wildpose_v1.3/wildpose/install/lidar_control_package:/home/naoya/wildpose_v1.3/wildpose/install/dji_rs3_pkg:/home/naoya/wildpose_v1.3/wildpose/install/opencv_tests:/home/naoya/wildpose_v1.3/wildpose/install/gamepad_pkg:/home/naoya/WildPose_v1.2/wildpose/install/motor_controller_pkg:/home/naoya/WildPose_v1.2/wildpose/install/gamepad_pkg:/opt/ros/foxy /usr/bin/cmake /home/naoya/wildpose_v1.3/wildpose/src/wildpose_interfaces -DCMAKE_INSTALL_PREFIX=/home/naoya/wildpose_v1.3/wildpose/install/wildpose_interfaces
[1.242s] -- The C compiler identification is GNU 9.4.0
[1.242s] -- The CXX compiler identification is GNU 9.4.0
[1.242s] -- Check for working C compiler: /usr/bin/cc
[1.243s] -- Check for working C compiler: /usr/bin/cc -- works
[1.243s] -- Detecting C compiler ABI info
[1.243s] -- Detecting C compiler ABI info - done
[1.243s] -- Detecting C compile features
[1.243s] -- Detecting C compile features - done
[1.243s] -- Check for working CXX compiler: /usr/bin/c++
[1.244s] -- Check for working CXX compiler: /usr/bin/c++ -- works
[1.244s] -- Detecting CXX compiler ABI info
[1.244s] -- Detecting CXX compiler ABI info - done
[1.244s] -- Detecting CXX compile features
[1.244s] -- Detecting CXX compile features - done
[1.244s] -- Found ament_cmake: 0.9.12 (/opt/ros/foxy/share/ament_cmake/cmake)
[1.244s] -- Found PythonInterp: /usr/bin/python3 (found suitable version "3.8.10", minimum required is "3") 
[1.244s] -- Using PYTHON_EXECUTABLE: /usr/bin/python3
[1.371s] -- Found rosidl_default_generators: 1.0.1 (/opt/ros/foxy/share/rosidl_default_generators/cmake)
[1.379s] -- Using all available rosidl_typesupport_c: rosidl_typesupport_fastrtps_c;rosidl_typesupport_introspection_c
[1.388s] -- Found rosidl_adapter: 1.3.1 (/opt/ros/foxy/share/rosidl_adapter/cmake)
[1.493s] -- Found OpenSSL: /usr/lib/x86_64-linux-gnu/libcrypto.so (found version "1.1.1f")  
[1.531s] -- Found FastRTPS: /opt/ros/foxy/include  
[1.626s] -- Using all available rosidl_typesupport_cpp: rosidl_typesupport_fastrtps_cpp;rosidl_typesupport_introspection_cpp
[1.664s] -- Found std_msgs: 2.0.5 (/opt/ros/foxy/share/std_msgs/cmake)
[1.725s] -- Found PythonInterp: /usr/bin/python3 (found version "3.8.10") 
[1.844s] -- Found ament_cmake_ros: 0.9.2 (/opt/ros/foxy/share/ament_cmake_ros/cmake)
[1.989s] -- Using all available rosidl_typesupport_c: rosidl_typesupport_fastrtps_c;rosidl_typesupport_introspection_c
[2.030s] -- Using all available rosidl_typesupport_cpp: rosidl_typesupport_fastrtps_cpp;rosidl_typesupport_introspection_cpp
[2.050s] -- Found PythonInterp: /usr/bin/python3 (found suitable version "3.8.10", minimum required is "3.5") 
[2.052s] -- Found python_cmake_module: 0.8.1 (/opt/ros/foxy/share/python_cmake_module/cmake)
[2.086s] -- Found PythonLibs: /usr/lib/x86_64-linux-gnu/libpython3.8.so (found suitable version "3.8.10", minimum required is "3.5") 
[2.086s] -- Using PYTHON_EXECUTABLE: /usr/bin/python3
[2.086s] -- Using PYTHON_INCLUDE_DIRS: /usr/include/python3.8
[2.086s] -- Using PYTHON_LIBRARIES: /usr/lib/x86_64-linux-gnu/libpython3.8.so
[2.106s] -- Found PythonExtra: .so  
[2.176s] -- Configuring done
[2.210s] -- Generating done
[2.212s] -- Build files have been written to: /home/naoya/wildpose_v1.3/wildpose/build/wildpose_interfaces
[2.217s] Invoked command in '/home/naoya/wildpose_v1.3/wildpose/build/wildpose_interfaces' returned '0': CMAKE_PREFIX_PATH=${CMAKE_PREFIX_PATH}:/home/naoya/wildpose_v1.3/wildpose/install/motor_controller_pkg:/home/naoya/wildpose_v1.3/wildpose/install/lidar_control_package:/home/naoya/wildpose_v1.3/wildpose/install/dji_rs3_pkg:/home/naoya/wildpose_v1.3/wildpose/install/opencv_tests:/home/naoya/wildpose_v1.3/wildpose/install/gamepad_pkg:/home/naoya/WildPose_v1.2/wildpose/install/motor_controller_pkg:/home/naoya/WildPose_v1.2/wildpose/install/gamepad_pkg:/opt/ros/foxy /usr/bin/cmake /home/naoya/wildpose_v1.3/wildpose/src/wildpose_interfaces -DCMAKE_INSTALL_PREFIX=/home/naoya/wildpose_v1.3/wildpose/install/wildpose_interfaces
[2.221s] Invoking command in '/home/naoya/wildpose_v1.3/wildpose/build/wildpose_interfaces': CMAKE_PREFIX_PATH=${CMAKE_PREFIX_PATH}:/home/naoya/wildpose_v1.3/wildpose/install/motor_controller_pkg:/home/naoya/wildpose_v1.3/wildpose/install/lidar_control_package:/home/naoya/wildpose_v1.3/wildpose/install/dji_rs3_pkg:/home/naoya/wildpose_v1.3/wildpose/install/opencv_tests:/home/naoya/wildpose_v1.3/wildpose/install/gamepad_pkg:/home/naoya/WildPose_v1.2/wildpose/install/motor_controller_pkg:/home/naoya/WildPose_v1.2/wildpose/install/gamepad_pkg:/opt/ros/foxy /usr/bin/cmake --build /home/naoya/wildpose_v1.3/wildpose/build/wildpose_interfaces -- -j16 -l16
[2.258s] [35m[1mScanning dependencies of target wildpose_interfaces__cpp[0m
[2.264s] [  1%] [34m[1mGenerating C code for ROS interfaces[0m
[2.272s] [  3%] [34m[1mGenerating C++ code for ROS interfaces[0m
[2.670s] [35m[1mScanning dependencies of target wildpose_interfaces__rosidl_generator_c[0m
[2.687s] [  9%] [32mBuilding C object CMakeFiles/wildpose_interfaces__rosidl_generator_c.dir/rosidl_generator_c/wildpose_interfaces/msg/detail/motor_status__functions.c.o[0m
[2.687s] [  9%] [32mBuilding C object CMakeFiles/wildpose_interfaces__rosidl_generator_c.dir/rosidl_generator_c/wildpose_interfaces/msg/detail/dji_rs_status__functions.c.o[0m
[2.688s] [  9%] [32mBuilding C object CMakeFiles/wildpose_interfaces__rosidl_generator_c.dir/rosidl_generator_c/wildpose_interfaces/msg/detail/motor_positions__functions.c.o[0m
[2.688s] [  9%] [32mBuilding C object CMakeFiles/wildpose_interfaces__rosidl_generator_c.dir/rosidl_generator_c/wildpose_interfaces/msg/detail/lens_aperture__functions.c.o[0m
[2.701s] [ 11%] [32mBuilding C object CMakeFiles/wildpose_interfaces__rosidl_generator_c.dir/rosidl_generator_c/wildpose_interfaces/msg/detail/frame_brightness__functions.c.o[0m
[2.775s] [ 12%] [32m[1mLinking C shared library libwildpose_interfaces__rosidl_generator_c.so[0m
[2.810s] [ 12%] Built target wildpose_interfaces__cpp
[2.812s] [ 12%] Built target wildpose_interfaces__rosidl_generator_c
[2.822s] [ 14%] [34m[1mGenerating C++ type support for eProsima Fast-RTPS[0m
[2.823s] [ 15%] [34m[1mGenerating C++ introspection for ROS interfaces[0m
[2.823s] [ 17%] [34m[1mGenerating C introspection for ROS interfaces[0m
[2.824s] [ 19%] [34m[1mGenerating C type support dispatch for ROS interfaces[0m
[2.840s] [ 20%] [34m[1mGenerating C++ type support dispatch for ROS interfaces[0m
[3.170s] [35m[1mScanning dependencies of target wildpose_interfaces__rosidl_typesupport_c[0m
[3.201s] [ 22%] [32mBuilding CXX object CMakeFiles/wildpose_interfaces__rosidl_typesupport_c.dir/rosidl_typesupport_c/wildpose_interfaces/msg/dji_rs_status__type_support.cpp.o[0m
[3.201s] [35m[1mScanning dependencies of target wildpose_interfaces__rosidl_typesupport_cpp[0m
[3.204s] [ 23%] [32mBuilding CXX object CMakeFiles/wildpose_interfaces__rosidl_typesupport_c.dir/rosidl_typesupport_c/wildpose_interfaces/msg/lens_aperture__type_support.cpp.o[0m
[3.223s] [ 25%] [32mBuilding CXX object CMakeFiles/wildpose_interfaces__rosidl_typesupport_c.dir/rosidl_typesupport_c/wildpose_interfaces/msg/motor_positions__type_support.cpp.o[0m
[3.240s] [ 26%] [32mBuilding CXX object CMakeFiles/wildpose_interfaces__rosidl_typesupport_c.dir/rosidl_typesupport_c/wildpose_interfaces/msg/motor_status__type_support.cpp.o[0m
[3.241s] [ 28%] [32mBuilding CXX object CMakeFiles/wildpose_interfaces__rosidl_typesupport_cpp.dir/rosidl_typesupport_cpp/wildpose_interfaces/msg/dji_rs_status__type_support.cpp.o[0m
[3.245s] [ 30%] [32mBuilding CXX object CMakeFiles/wildpose_interfaces__rosidl_typesupport_c.dir/rosidl_typesupport_c/wildpose_interfaces/msg/frame_brightness__type_support.cpp.o[0m
[3.249s] [ 31%] [32mBuilding CXX object CMakeFiles/wildpose_interfaces__rosidl_typesupport_cpp.dir/rosidl_typesupport_cpp/wildpose_interfaces/msg/lens_aperture__type_support.cpp.o[0m
[3.257s] [ 33%] [32mBuilding CXX object CMakeFiles/wildpose_interfaces__rosidl_typesupport_cpp.dir/rosidl_typesupport_cpp/wildpose_interfaces/msg/motor_positions__type_support.cpp.o[0m
[3.269s] [ 34%] [32mBuilding CXX object CMakeFiles/wildpose_interfaces__rosidl_typesupport_cpp.dir/rosidl_typesupport_cpp/wildpose_interfaces/msg/motor_status__type_support.cpp.o[0m
[3.269s] [ 36%] [32mBuilding CXX object CMakeFiles/wildpose_interfaces__rosidl_typesupport_cpp.dir/rosidl_typesupport_cpp/wildpose_interfaces/msg/frame_brightness__type_support.cpp.o[0m
[3.284s] [35m[1mScanning dependencies of target wildpose_interfaces__rosidl_typesupport_introspection_c[0m
[3.350s] [ 38%] [32mBuilding C object CMakeFiles/wildpose_interfaces__rosidl_typesupport_introspection_c.dir/rosidl_typesupport_introspection_c/wildpose_interfaces/msg/detail/lens_aperture__type_support.c.o[0m
[3.366s] [ 39%] [32mBuilding C object CMakeFiles/wildpose_interfaces__rosidl_typesupport_introspection_c.dir/rosidl_typesupport_introspection_c/wildpose_interfaces/msg/detail/dji_rs_status__type_support.c.o[0m
[3.377s] [ 41%] [32mBuilding C object CMakeFiles/wildpose_interfaces__rosidl_typesupport_introspection_c.dir/rosidl_typesupport_introspection_c/wildpose_interfaces/msg/detail/motor_positions__type_support.c.o[0m
[3.383s] [ 42%] [32m[1mLinking CXX shared library libwildpose_interfaces__rosidl_typesupport_c.so[0m
[3.408s] [35m[1mScanning dependencies of target wildpose_interfaces__rosidl_typesupport_fastrtps_cpp[0m
[3.422s] [ 46%] [32mBuilding C object CMakeFiles/wildpose_interfaces__rosidl_typesupport_introspection_c.dir/rosidl_typesupport_introspection_c/wildpose_interfaces/msg/detail/frame_brightness__type_support.c.o[0m
[3.422s] [ 44%] [32mBuilding C object CMakeFiles/wildpose_interfaces__rosidl_typesupport_introspection_c.dir/rosidl_typesupport_introspection_c/wildpose_interfaces/msg/detail/motor_status__type_support.c.o[0m
[3.438s] [35m[1mScanning dependencies of target wildpose_interfaces__rosidl_typesupport_introspection_cpp[0m
[3.477s] [ 47%] [32mBuilding CXX object CMakeFiles/wildpose_interfaces__rosidl_typesupport_fastrtps_cpp.dir/rosidl_typesupport_fastrtps_cpp/wildpose_interfaces/msg/detail/dds_fastrtps/dji_rs_status__type_support.cpp.o[0m
[3.480s] [ 49%] [32mBuilding CXX object CMakeFiles/wildpose_interfaces__rosidl_typesupport_fastrtps_cpp.dir/rosidl_typesupport_fastrtps_cpp/wildpose_interfaces/msg/detail/dds_fastrtps/lens_aperture__type_support.cpp.o[0m
[3.482s] [ 50%] [32mBuilding CXX object CMakeFiles/wildpose_interfaces__rosidl_typesupport_fastrtps_cpp.dir/rosidl_typesupport_fastrtps_cpp/wildpose_interfaces/msg/detail/dds_fastrtps/motor_positions__type_support.cpp.o[0m
[3.483s] [ 52%] [32mBuilding CXX object CMakeFiles/wildpose_interfaces__rosidl_typesupport_fastrtps_cpp.dir/rosidl_typesupport_fastrtps_cpp/wildpose_interfaces/msg/detail/dds_fastrtps/motor_status__type_support.cpp.o[0m
[3.497s] [ 53%] [32mBuilding CXX object CMakeFiles/wildpose_interfaces__rosidl_typesupport_introspection_cpp.dir/rosidl_typesupport_introspection_cpp/wildpose_interfaces/msg/detail/lens_aperture__type_support.cpp.o[0m
[3.511s] [ 53%] Built target wildpose_interfaces__rosidl_typesupport_c
[3.512s] [ 55%] [32mBuilding CXX object CMakeFiles/wildpose_interfaces__rosidl_typesupport_fastrtps_cpp.dir/rosidl_typesupport_fastrtps_cpp/wildpose_interfaces/msg/detail/dds_fastrtps/frame_brightness__type_support.cpp.o[0m
[3.517s] [ 57%] [32mBuilding CXX object CMakeFiles/wildpose_interfaces__rosidl_typesupport_introspection_cpp.dir/rosidl_typesupport_introspection_cpp/wildpose_interfaces/msg/detail/dji_rs_status__type_support.cpp.o[0m
[3.527s] [ 58%] [32mBuilding CXX object CMakeFiles/wildpose_interfaces__rosidl_typesupport_introspection_cpp.dir/rosidl_typesupport_introspection_cpp/wildpose_interfaces/msg/detail/motor_status__type_support.cpp.o[0m
[3.533s] [ 60%] [32mBuilding CXX object CMakeFiles/wildpose_interfaces__rosidl_typesupport_introspection_cpp.dir/rosidl_typesupport_introspection_cpp/wildpose_interfaces/msg/detail/motor_positions__type_support.cpp.o[0m
[3.586s] [ 61%] [32m[1mLinking C shared library libwildpose_interfaces__rosidl_typesupport_introspection_c.so[0m
[3.608s] [ 63%] [32mBuilding CXX object CMakeFiles/wildpose_interfaces__rosidl_typesupport_introspection_cpp.dir/rosidl_typesupport_introspection_cpp/wildpose_interfaces/msg/detail/frame_brightness__type_support.cpp.o[0m
[3.647s] [ 63%] Built target wildpose_interfaces__rosidl_typesupport_introspection_c
[3.790s] [ 65%] [32m[1mLinking CXX shared library libwildpose_interfaces__rosidl_typesupport_cpp.so[0m
[3.856s] [ 65%] Built target wildpose_interfaces__rosidl_typesupport_cpp
[3.981s] [ 66%] [32m[1mLinking CXX shared library libwildpose_interfaces__rosidl_typesupport_introspection_cpp.so[0m
[4.037s] [ 66%] Built target wildpose_interfaces__rosidl_typesupport_introspection_cpp
[4.100s] [ 68%] [32m[1mLinking CXX shared library libwildpose_interfaces__rosidl_typesupport_fastrtps_cpp.so[0m
[4.160s] [ 68%] Built target wildpose_interfaces__rosidl_typesupport_fastrtps_cpp
[4.168s] [ 69%] [34m[1mGenerating C type support for eProsima Fast-RTPS[0m
[4.400s] [35m[1mScanning dependencies of target wildpose_interfaces__rosidl_typesupport_fastrtps_c[0m
[4.417s] [ 71%] [32mBuilding CXX object CMakeFiles/wildpose_interfaces__rosidl_typesupport_fastrtps_c.dir/rosidl_typesupport_fastrtps_c/wildpose_interfaces/msg/detail/lens_aperture__type_support_c.cpp.o[0m
[4.420s] [ 73%] [32mBuilding CXX object CMakeFiles/wildpose_interfaces__rosidl_typesupport_fastrtps_c.dir/rosidl_typesupport_fastrtps_c/wildpose_interfaces/msg/detail/motor_status__type_support_c.cpp.o[0m
[4.421s] [ 74%] [32mBuilding CXX object CMakeFiles/wildpose_interfaces__rosidl_typesupport_fastrtps_c.dir/rosidl_typesupport_fastrtps_c/wildpose_interfaces/msg/detail/dji_rs_status__type_support_c.cpp.o[0m
[4.421s] [ 77%] [32mBuilding CXX object CMakeFiles/wildpose_interfaces__rosidl_typesupport_fastrtps_c.dir/rosidl_typesupport_fastrtps_c/wildpose_interfaces/msg/detail/frame_brightness__type_support_c.cpp.o[0m
[4.421s] [ 77%] [32mBuilding CXX object CMakeFiles/wildpose_interfaces__rosidl_typesupport_fastrtps_c.dir/rosidl_typesupport_fastrtps_c/wildpose_interfaces/msg/detail/motor_positions__type_support_c.cpp.o[0m
[4.818s] [ 79%] [32m[1mLinking CXX shared library libwildpose_interfaces__rosidl_typesupport_fastrtps_c.so[0m
[4.896s] [ 79%] Built target wildpose_interfaces__rosidl_typesupport_fastrtps_c
[4.905s] [35m[1mScanning dependencies of target wildpose_interfaces[0m
[4.914s] [ 79%] Built target wildpose_interfaces
[4.923s] [35m[1mScanning dependencies of target wildpose_interfaces__py[0m
[4.932s] [ 80%] [34m[1mGenerating Python code for ROS interfaces[0m
[5.405s] [ 80%] Built target wildpose_interfaces__py
[5.414s] [35m[1mScanning dependencies of target wildpose_interfaces__python[0m
[5.433s] [ 82%] [32mBuilding C object CMakeFiles/wildpose_interfaces__python.dir/rosidl_generator_py/wildpose_interfaces/msg/_lens_aperture_s.c.o[0m
[5.434s] [ 85%] [32mBuilding C object CMakeFiles/wildpose_interfaces__python.dir/rosidl_generator_py/wildpose_interfaces/msg/_frame_brightness_s.c.o[0m
[5.435s] [ 85%] [32mBuilding C object CMakeFiles/wildpose_interfaces__python.dir/rosidl_generator_py/wildpose_interfaces/msg/_dji_rs_status_s.c.o[0m
[5.435s] [ 87%] [32mBuilding C object CMakeFiles/wildpose_interfaces__python.dir/rosidl_generator_py/wildpose_interfaces/msg/_motor_positions_s.c.o[0m
[5.435s] [ 88%] [32mBuilding C object CMakeFiles/wildpose_interfaces__python.dir/rosidl_generator_py/wildpose_interfaces/msg/_motor_status_s.c.o[0m
[5.549s] [ 90%] [32m[1mLinking C shared library rosidl_generator_py/wildpose_interfaces/libwildpose_interfaces__python.so[0m
[5.581s] [ 90%] Built target wildpose_interfaces__python
[5.589s] [35m[1mScanning dependencies of target wildpose_interfaces__rosidl_typesupport_introspection_c__pyext[0m
[5.589s] [35m[1mScanning dependencies of target wildpose_interfaces__rosidl_typesupport_c__pyext[0m
[5.594s] [35m[1mScanning dependencies of target wildpose_interfaces__rosidl_typesupport_fastrtps_c__pyext[0m
[5.607s] [ 93%] [32mBuilding C object CMakeFiles/wildpose_interfaces__rosidl_typesupport_introspection_c__pyext.dir/rosidl_generator_py/wildpose_interfaces/_wildpose_interfaces_s.ep.rosidl_typesupport_introspection_c.c.o[0m
[5.607s] [ 93%] [32mBuilding C object CMakeFiles/wildpose_interfaces__rosidl_typesupport_c__pyext.dir/rosidl_generator_py/wildpose_interfaces/_wildpose_interfaces_s.ep.rosidl_typesupport_c.c.o[0m
[5.617s] [ 95%] [32mBuilding C object CMakeFiles/wildpose_interfaces__rosidl_typesupport_fastrtps_c__pyext.dir/rosidl_generator_py/wildpose_interfaces/_wildpose_interfaces_s.ep.rosidl_typesupport_fastrtps_c.c.o[0m
[5.672s] [ 96%] [32m[1mLinking C shared library rosidl_generator_py/wildpose_interfaces/wildpose_interfaces_s__rosidl_typesupport_introspection_c.cpython-38-x86_64-linux-gnu.so[0m
[5.682s] [ 98%] [32m[1mLinking CXX shared library rosidl_generator_py/wildpose_interfaces/wildpose_interfaces_s__rosidl_typesupport_fastrtps_c.cpython-38-x86_64-linux-gnu.so[0m
[5.712s] [100%] [32m[1mLinking C shared library rosidl_generator_py/wildpose_interfaces/wildpose_interfaces_s__rosidl_typesupport_c.cpython-38-x86_64-linux-gnu.so[0m
[5.715s] [100%] Built target wildpose_interfaces__rosidl_typesupport_introspection_c__pyext
[5.737s] [100%] Built target wildpose_interfaces__rosidl_typesupport_c__pyext
[5.738s] [100%] Built target wildpose_interfaces__rosidl_typesupport_fastrtps_c__pyext
[5.828s] Invoked command in '/home/naoya/wildpose_v1.3/wildpose/build/wildpose_interfaces' returned '0': CMAKE_PREFIX_PATH=${CMAKE_PREFIX_PATH}:/home/naoya/wildpose_v1.3/wildpose/install/motor_controller_pkg:/home/naoya/wildpose_v1.3/wildpose/install/lidar_control_package:/home/naoya/wildpose_v1.3/wildpose/install/dji_rs3_pkg:/home/naoya/wildpose_v1.3/wildpose/install/opencv_tests:/home/naoya/wildpose_v1.3/wildpose/install/gamepad_pkg:/home/naoya/WildPose_v1.2/wildpose/install/motor_controller_pkg:/home/naoya/WildPose_v1.2/wildpose/install/gamepad_pkg:/opt/ros/foxy /usr/bin/cmake --build /home/naoya/wildpose_v1.3/wildpose/build/wildpose_interfaces -- -j16 -l16
[6.186s] Invoking command in '/home/naoya/wildpose_v1.3/wildpose/build/wildpose_interfaces': CMAKE_PREFIX_PATH=${CMAKE_PREFIX_PATH}:/home/naoya/wildpose_v1.3/wildpose/install/motor_controller_pkg:/home/naoya/wildpose_v1.3/wildpose/install/lidar_control_package:/home/naoya/wildpose_v1.3/wildpose/install/dji_rs3_pkg:/home/naoya/wildpose_v1.3/wildpose/install/opencv_tests:/home/naoya/wildpose_v1.3/wildpose/install/gamepad_pkg:/home/naoya/WildPose_v1.2/wildpose/install/motor_controller_pkg:/home/naoya/WildPose_v1.2/wildpose/install/gamepad_pkg:/opt/ros/foxy /usr/bin/cmake --install /home/naoya/wildpose_v1.3/wildpose/build/wildpose_interfaces
[6.195s] -- Install configuration: ""
[6.195s] -- Installing: /home/naoya/wildpose_v1.3/wildpose/install/wildpose_interfaces/share/ament_index/resource_index/rosidl_interfaces/wildpose_interfaces
[6.196s] -- Installing: /home/naoya/wildpose_v1.3/wildpose/install/wildpose_interfaces/include/wildpose_interfaces
[6.196s] -- Installing: /home/naoya/wildpose_v1.3/wildpose/install/wildpose_interfaces/include/wildpose_interfaces/msg
[6.196s] -- Installing: /home/naoya/wildpose_v1.3/wildpose/install/wildpose_interfaces/include/wildpose_interfaces/msg/motor_positions.h
[6.196s] -- Installing: /home/naoya/wildpose_v1.3/wildpose/install/wildpose_interfaces/include/wildpose_interfaces/msg/detail
[6.196s] -- Installing: /home/naoya/wildpose_v1.3/wildpose/install/wildpose_interfaces/include/wildpose_interfaces/msg/detail/motor_positions__functions.c
[6.196s] -- Installing: /home/naoya/wildpose_v1.3/wildpose/install/wildpose_interfaces/include/wildpose_interfaces/msg/detail/frame_brightness__struct.h
[6.196s] -- Installing: /home/naoya/wildpose_v1.3/wildpose/install/wildpose_interfaces/include/wildpose_interfaces/msg/detail/motor_positions__functions.h
[6.196s] -- Installing: /home/naoya/wildpose_v1.3/wildpose/install/wildpose_interfaces/include/wildpose_interfaces/msg/detail/lens_aperture__type_support.h
[6.196s] -- Installing: /home/naoya/wildpose_v1.3/wildpose/install/wildpose_interfaces/include/wildpose_interfaces/msg/detail/lens_aperture__functions.h
[6.196s] -- Installing: /home/naoya/wildpose_v1.3/wildpose/install/wildpose_interfaces/include/wildpose_interfaces/msg/detail/motor_positions__struct.h
[6.196s] -- Installing: /home/naoya/wildpose_v1.3/wildpose/install/wildpose_interfaces/include/wildpose_interfaces/msg/detail/motor_status__functions.h
[6.197s] -- Installing: /home/naoya/wildpose_v1.3/wildpose/install/wildpose_interfaces/include/wildpose_interfaces/msg/detail/dji_rs_status__type_support.h
[6.197s] -- Installing: /home/naoya/wildpose_v1.3/wildpose/install/wildpose_interfaces/include/wildpose_interfaces/msg/detail/lens_aperture__struct.h
[6.197s] -- Installing: /home/naoya/wildpose_v1.3/wildpose/install/wildpose_interfaces/include/wildpose_interfaces/msg/detail/motor_status__functions.c
[6.197s] -- Installing: /home/naoya/wildpose_v1.3/wildpose/install/wildpose_interfaces/include/wildpose_interfaces/msg/detail/lens_aperture__functions.c
[6.197s] -- Installing: /home/naoya/wildpose_v1.3/wildpose/install/wildpose_interfaces/include/wildpose_interfaces/msg/detail/motor_status__type_support.h
[6.197s] -- Installing: /home/naoya/wildpose_v1.3/wildpose/install/wildpose_interfaces/include/wildpose_interfaces/msg/detail/frame_brightness__functions.h
[6.197s] -- Installing: /home/naoya/wildpose_v1.3/wildpose/install/wildpose_interfaces/include/wildpose_interfaces/msg/detail/dji_rs_status__struct.h
[6.197s] -- Installing: /home/naoya/wildpose_v1.3/wildpose/install/wildpose_interfaces/include/wildpose_interfaces/msg/detail/dji_rs_status__functions.c
[6.197s] -- Installing: /home/naoya/wildpose_v1.3/wildpose/install/wildpose_interfaces/include/wildpose_interfaces/msg/detail/frame_brightness__type_support.h
[6.198s] -- Installing: /home/naoya/wildpose_v1.3/wildpose/install/wildpose_interfaces/include/wildpose_interfaces/msg/detail/dji_rs_status__functions.h
[6.198s] -- Installing: /home/naoya/wildpose_v1.3/wildpose/install/wildpose_interfaces/include/wildpose_interfaces/msg/detail/motor_positions__type_support.h
[6.198s] -- Installing: /home/naoya/wildpose_v1.3/wildpose/install/wildpose_interfaces/include/wildpose_interfaces/msg/detail/frame_brightness__functions.c
[6.198s] -- Installing: /home/naoya/wildpose_v1.3/wildpose/install/wildpose_interfaces/include/wildpose_interfaces/msg/detail/motor_status__struct.h
[6.198s] -- Installing: /home/naoya/wildpose_v1.3/wildpose/install/wildpose_interfaces/include/wildpose_interfaces/msg/frame_brightness.h
[6.198s] -- Installing: /home/naoya/wildpose_v1.3/wildpose/install/wildpose_interfaces/include/wildpose_interfaces/msg/rosidl_generator_c__visibility_control.h
[6.198s] -- Installing: /home/naoya/wildpose_v1.3/wildpose/install/wildpose_interfaces/include/wildpose_interfaces/msg/dji_rs_status.h
[6.198s] -- Installing: /home/naoya/wildpose_v1.3/wildpose/install/wildpose_interfaces/include/wildpose_interfaces/msg/motor_status.h
[6.198s] -- Installing: /home/naoya/wildpose_v1.3/wildpose/install/wildpose_interfaces/include/wildpose_interfaces/msg/lens_aperture.h
[6.198s] -- Installing: /home/naoya/wildpose_v1.3/wildpose/install/wildpose_interfaces/share/wildpose_interfaces/environment/library_path.sh
[6.198s] -- Installing: /home/naoya/wildpose_v1.3/wildpose/install/wildpose_interfaces/share/wildpose_interfaces/environment/library_path.dsv
[6.199s] -- Installing: /home/naoya/wildpose_v1.3/wildpose/install/wildpose_interfaces/lib/libwildpose_interfaces__rosidl_generator_c.so
[6.199s] -- Set runtime path of "/home/naoya/wildpose_v1.3/wildpose/install/wildpose_interfaces/lib/libwildpose_interfaces__rosidl_generator_c.so" to ""
[6.199s] -- Up-to-date: /home/naoya/wildpose_v1.3/wildpose/install/wildpose_interfaces/include/wildpose_interfaces
[6.199s] -- Up-to-date: /home/naoya/wildpose_v1.3/wildpose/install/wildpose_interfaces/include/wildpose_interfaces/msg
[6.199s] -- Up-to-date: /home/naoya/wildpose_v1.3/wildpose/install/wildpose_interfaces/include/wildpose_interfaces/msg/detail
[6.199s] -- Installing: /home/naoya/wildpose_v1.3/wildpose/install/wildpose_interfaces/include/wildpose_interfaces/msg/detail/dji_rs_status__rosidl_typesupport_fastrtps_c.h
[6.199s] -- Installing: /home/naoya/wildpose_v1.3/wildpose/install/wildpose_interfaces/include/wildpose_interfaces/msg/detail/frame_brightness__rosidl_typesupport_fastrtps_c.h
[6.199s] -- Installing: /home/naoya/wildpose_v1.3/wildpose/install/wildpose_interfaces/include/wildpose_interfaces/msg/detail/motor_status__rosidl_typesupport_fastrtps_c.h
[6.199s] -- Installing: /home/naoya/wildpose_v1.3/wildpose/install/wildpose_interfaces/include/wildpose_interfaces/msg/detail/motor_positions__rosidl_typesupport_fastrtps_c.h
[6.199s] -- Installing: /home/naoya/wildpose_v1.3/wildpose/install/wildpose_interfaces/include/wildpose_interfaces/msg/detail/lens_aperture__rosidl_typesupport_fastrtps_c.h
[6.200s] -- Installing: /home/naoya/wildpose_v1.3/wildpose/install/wildpose_interfaces/include/wildpose_interfaces/msg/rosidl_typesupport_fastrtps_c__visibility_control.h
[6.200s] -- Installing: /home/naoya/wildpose_v1.3/wildpose/install/wildpose_interfaces/lib/libwildpose_interfaces__rosidl_typesupport_fastrtps_c.so
[6.200s] -- Set runtime path of "/home/naoya/wildpose_v1.3/wildpose/install/wildpose_interfaces/lib/libwildpose_interfaces__rosidl_typesupport_fastrtps_c.so" to ""
[6.200s] -- Up-to-date: /home/naoya/wildpose_v1.3/wildpose/install/wildpose_interfaces/include/wildpose_interfaces
[6.200s] -- Up-to-date: /home/naoya/wildpose_v1.3/wildpose/install/wildpose_interfaces/include/wildpose_interfaces/msg
[6.200s] -- Up-to-date: /home/naoya/wildpose_v1.3/wildpose/install/wildpose_interfaces/include/wildpose_interfaces/msg/detail
[6.200s] -- Installing: /home/naoya/wildpose_v1.3/wildpose/install/wildpose_interfaces/include/wildpose_interfaces/msg/detail/lens_aperture__rosidl_typesupport_fastrtps_cpp.hpp
[6.200s] -- Installing: /home/naoya/wildpose_v1.3/wildpose/install/wildpose_interfaces/include/wildpose_interfaces/msg/detail/motor_status__rosidl_typesupport_fastrtps_cpp.hpp
[6.200s] -- Installing: /home/naoya/wildpose_v1.3/wildpose/install/wildpose_interfaces/include/wildpose_interfaces/msg/detail/frame_brightness__rosidl_typesupport_fastrtps_cpp.hpp
[6.200s] -- Installing: /home/naoya/wildpose_v1.3/wildpose/install/wildpose_interfaces/include/wildpose_interfaces/msg/detail/dds_fastrtps
[6.200s] -- Installing: /home/naoya/wildpose_v1.3/wildpose/install/wildpose_interfaces/include/wildpose_interfaces/msg/detail/dji_rs_status__rosidl_typesupport_fastrtps_cpp.hpp
[6.200s] -- Installing: /home/naoya/wildpose_v1.3/wildpose/install/wildpose_interfaces/include/wildpose_interfaces/msg/detail/motor_positions__rosidl_typesupport_fastrtps_cpp.hpp
[6.201s] -- Installing: /home/naoya/wildpose_v1.3/wildpose/install/wildpose_interfaces/include/wildpose_interfaces/msg/rosidl_typesupport_fastrtps_cpp__visibility_control.h
[6.201s] -- Installing: /home/naoya/wildpose_v1.3/wildpose/install/wildpose_interfaces/lib/libwildpose_interfaces__rosidl_typesupport_fastrtps_cpp.so
[6.201s] -- Set runtime path of "/home/naoya/wildpose_v1.3/wildpose/install/wildpose_interfaces/lib/libwildpose_interfaces__rosidl_typesupport_fastrtps_cpp.so" to ""
[6.201s] -- Up-to-date: /home/naoya/wildpose_v1.3/wildpose/install/wildpose_interfaces/include/wildpose_interfaces
[6.201s] -- Up-to-date: /home/naoya/wildpose_v1.3/wildpose/install/wildpose_interfaces/include/wildpose_interfaces/msg
[6.201s] -- Up-to-date: /home/naoya/wildpose_v1.3/wildpose/install/wildpose_interfaces/include/wildpose_interfaces/msg/detail
[6.201s] -- Installing: /home/naoya/wildpose_v1.3/wildpose/install/wildpose_interfaces/include/wildpose_interfaces/msg/detail/lens_aperture__type_support.c
[6.201s] -- Installing: /home/naoya/wildpose_v1.3/wildpose/install/wildpose_interfaces/include/wildpose_interfaces/msg/detail/frame_brightness__type_support.c
[6.201s] -- Installing: /home/naoya/wildpose_v1.3/wildpose/install/wildpose_interfaces/include/wildpose_interfaces/msg/detail/motor_status__rosidl_typesupport_introspection_c.h
[6.201s] -- Installing: /home/naoya/wildpose_v1.3/wildpose/install/wildpose_interfaces/include/wildpose_interfaces/msg/detail/dji_rs_status__type_support.c
[6.201s] -- Installing: /home/naoya/wildpose_v1.3/wildpose/install/wildpose_interfaces/include/wildpose_interfaces/msg/detail/frame_brightness__rosidl_typesupport_introspection_c.h
[6.201s] -- Installing: /home/naoya/wildpose_v1.3/wildpose/install/wildpose_interfaces/include/wildpose_interfaces/msg/detail/motor_positions__rosidl_typesupport_introspection_c.h
[6.202s] -- Installing: /home/naoya/wildpose_v1.3/wildpose/install/wildpose_interfaces/include/wildpose_interfaces/msg/detail/dji_rs_status__rosidl_typesupport_introspection_c.h
[6.202s] -- Installing: /home/naoya/wildpose_v1.3/wildpose/install/wildpose_interfaces/include/wildpose_interfaces/msg/detail/lens_aperture__rosidl_typesupport_introspection_c.h
[6.202s] -- Installing: /home/naoya/wildpose_v1.3/wildpose/install/wildpose_interfaces/include/wildpose_interfaces/msg/detail/motor_positions__type_support.c
[6.202s] -- Installing: /home/naoya/wildpose_v1.3/wildpose/install/wildpose_interfaces/include/wildpose_interfaces/msg/detail/motor_status__type_support.c
[6.202s] -- Installing: /home/naoya/wildpose_v1.3/wildpose/install/wildpose_interfaces/include/wildpose_interfaces/msg/rosidl_typesupport_introspection_c__visibility_control.h
[6.202s] -- Installing: /home/naoya/wildpose_v1.3/wildpose/install/wildpose_interfaces/lib/libwildpose_interfaces__rosidl_typesupport_introspection_c.so
[6.202s] -- Set runtime path of "/home/naoya/wildpose_v1.3/wildpose/install/wildpose_interfaces/lib/libwildpose_interfaces__rosidl_typesupport_introspection_c.so" to ""
[6.202s] -- Installing: /home/naoya/wildpose_v1.3/wildpose/install/wildpose_interfaces/lib/libwildpose_interfaces__rosidl_typesupport_c.so
[6.202s] -- Set runtime path of "/home/naoya/wildpose_v1.3/wildpose/install/wildpose_interfaces/lib/libwildpose_interfaces__rosidl_typesupport_c.so" to ""
[6.202s] -- Up-to-date: /home/naoya/wildpose_v1.3/wildpose/install/wildpose_interfaces/include/wildpose_interfaces
[6.202s] -- Up-to-date: /home/naoya/wildpose_v1.3/wildpose/install/wildpose_interfaces/include/wildpose_interfaces/msg
[6.202s] -- Installing: /home/naoya/wildpose_v1.3/wildpose/install/wildpose_interfaces/include/wildpose_interfaces/msg/lens_aperture.hpp
[6.203s] -- Installing: /home/naoya/wildpose_v1.3/wildpose/install/wildpose_interfaces/include/wildpose_interfaces/msg/frame_brightness.hpp
[6.203s] -- Up-to-date: /home/naoya/wildpose_v1.3/wildpose/install/wildpose_interfaces/include/wildpose_interfaces/msg/detail
[6.203s] -- Installing: /home/naoya/wildpose_v1.3/wildpose/install/wildpose_interfaces/include/wildpose_interfaces/msg/detail/lens_aperture__struct.hpp
[6.203s] -- Installing: /home/naoya/wildpose_v1.3/wildpose/install/wildpose_interfaces/include/wildpose_interfaces/msg/detail/dji_rs_status__builder.hpp
[6.203s] -- Installing: /home/naoya/wildpose_v1.3/wildpose/install/wildpose_interfaces/include/wildpose_interfaces/msg/detail/motor_status__type_support.hpp
[6.203s] -- Installing: /home/naoya/wildpose_v1.3/wildpose/install/wildpose_interfaces/include/wildpose_interfaces/msg/detail/frame_brightness__traits.hpp
[6.203s] -- Installing: /home/naoya/wildpose_v1.3/wildpose/install/wildpose_interfaces/include/wildpose_interfaces/msg/detail/motor_positions__struct.hpp
[6.203s] -- Installing: /home/naoya/wildpose_v1.3/wildpose/install/wildpose_interfaces/include/wildpose_interfaces/msg/detail/frame_brightness__builder.hpp
[6.203s] -- Installing: /home/naoya/wildpose_v1.3/wildpose/install/wildpose_interfaces/include/wildpose_interfaces/msg/detail/dji_rs_status__struct.hpp
[6.203s] -- Installing: /home/naoya/wildpose_v1.3/wildpose/install/wildpose_interfaces/include/wildpose_interfaces/msg/detail/lens_aperture__builder.hpp
[6.203s] -- Installing: /home/naoya/wildpose_v1.3/wildpose/install/wildpose_interfaces/include/wildpose_interfaces/msg/detail/dji_rs_status__traits.hpp
[6.203s] -- Installing: /home/naoya/wildpose_v1.3/wildpose/install/wildpose_interfaces/include/wildpose_interfaces/msg/detail/frame_brightness__type_support.hpp
[6.204s] -- Installing: /home/naoya/wildpose_v1.3/wildpose/install/wildpose_interfaces/include/wildpose_interfaces/msg/detail/motor_status__builder.hpp
[6.204s] -- Installing: /home/naoya/wildpose_v1.3/wildpose/install/wildpose_interfaces/include/wildpose_interfaces/msg/detail/frame_brightness__struct.hpp
[6.204s] -- Installing: /home/naoya/wildpose_v1.3/wildpose/install/wildpose_interfaces/include/wildpose_interfaces/msg/detail/motor_positions__type_support.hpp
[6.204s] -- Installing: /home/naoya/wildpose_v1.3/wildpose/install/wildpose_interfaces/include/wildpose_interfaces/msg/detail/motor_status__struct.hpp
[6.204s] -- Installing: /home/naoya/wildpose_v1.3/wildpose/install/wildpose_interfaces/include/wildpose_interfaces/msg/detail/motor_positions__traits.hpp
[6.204s] -- Installing: /home/naoya/wildpose_v1.3/wildpose/install/wildpose_interfaces/include/wildpose_interfaces/msg/detail/motor_status__traits.hpp
[6.204s] -- Installing: /home/naoya/wildpose_v1.3/wildpose/install/wildpose_interfaces/include/wildpose_interfaces/msg/detail/motor_positions__builder.hpp
[6.204s] -- Installing: /home/naoya/wildpose_v1.3/wildpose/install/wildpose_interfaces/include/wildpose_interfaces/msg/detail/lens_aperture__traits.hpp
[6.204s] -- Installing: /home/naoya/wildpose_v1.3/wildpose/install/wildpose_interfaces/include/wildpose_interfaces/msg/detail/dji_rs_status__type_support.hpp
[6.204s] -- Installing: /home/naoya/wildpose_v1.3/wildpose/install/wildpose_interfaces/include/wildpose_interfaces/msg/detail/lens_aperture__type_support.hpp
[6.204s] -- Installing: /home/naoya/wildpose_v1.3/wildpose/install/wildpose_interfaces/include/wildpose_interfaces/msg/motor_status.hpp
[6.204s] -- Installing: /home/naoya/wildpose_v1.3/wildpose/install/wildpose_interfaces/include/wildpose_interfaces/msg/rosidl_generator_cpp__visibility_control.hpp
[6.205s] -- Installing: /home/naoya/wildpose_v1.3/wildpose/install/wildpose_interfaces/include/wildpose_interfaces/msg/dji_rs_status.hpp
[6.205s] -- Installing: /home/naoya/wildpose_v1.3/wildpose/install/wildpose_interfaces/include/wildpose_interfaces/msg/motor_positions.hpp
[6.205s] -- Up-to-date: /home/naoya/wildpose_v1.3/wildpose/install/wildpose_interfaces/include/wildpose_interfaces
[6.205s] -- Up-to-date: /home/naoya/wildpose_v1.3/wildpose/install/wildpose_interfaces/include/wildpose_interfaces/msg
[6.205s] -- Up-to-date: /home/naoya/wildpose_v1.3/wildpose/install/wildpose_interfaces/include/wildpose_interfaces/msg/detail
[6.205s] -- Installing: /home/naoya/wildpose_v1.3/wildpose/install/wildpose_interfaces/include/wildpose_interfaces/msg/detail/motor_positions__rosidl_typesupport_introspection_cpp.hpp
[6.205s] -- Installing: /home/naoya/wildpose_v1.3/wildpose/install/wildpose_interfaces/include/wildpose_interfaces/msg/detail/lens_aperture__rosidl_typesupport_introspection_cpp.hpp
[6.205s] -- Installing: /home/naoya/wildpose_v1.3/wildpose/install/wildpose_interfaces/include/wildpose_interfaces/msg/detail/motor_positions__type_support.cpp
[6.205s] -- Installing: /home/naoya/wildpose_v1.3/wildpose/install/wildpose_interfaces/include/wildpose_interfaces/msg/detail/motor_status__type_support.cpp
[6.205s] -- Installing: /home/naoya/wildpose_v1.3/wildpose/install/wildpose_interfaces/include/wildpose_interfaces/msg/detail/dji_rs_status__rosidl_typesupport_introspection_cpp.hpp
[6.205s] -- Installing: /home/naoya/wildpose_v1.3/wildpose/install/wildpose_interfaces/include/wildpose_interfaces/msg/detail/frame_brightness__type_support.cpp
[6.205s] -- Installing: /home/naoya/wildpose_v1.3/wildpose/install/wildpose_interfaces/include/wildpose_interfaces/msg/detail/frame_brightness__rosidl_typesupport_introspection_cpp.hpp
[6.206s] -- Installing: /home/naoya/wildpose_v1.3/wildpose/install/wildpose_interfaces/include/wildpose_interfaces/msg/detail/motor_status__rosidl_typesupport_introspection_cpp.hpp
[6.206s] -- Installing: /home/naoya/wildpose_v1.3/wildpose/install/wildpose_interfaces/include/wildpose_interfaces/msg/detail/lens_aperture__type_support.cpp
[6.206s] -- Installing: /home/naoya/wildpose_v1.3/wildpose/install/wildpose_interfaces/include/wildpose_interfaces/msg/detail/dji_rs_status__type_support.cpp
[6.206s] -- Installing: /home/naoya/wildpose_v1.3/wildpose/install/wildpose_interfaces/lib/libwildpose_interfaces__rosidl_typesupport_introspection_cpp.so
[6.206s] -- Set runtime path of "/home/naoya/wildpose_v1.3/wildpose/install/wildpose_interfaces/lib/libwildpose_interfaces__rosidl_typesupport_introspection_cpp.so" to ""
[6.206s] -- Installing: /home/naoya/wildpose_v1.3/wildpose/install/wildpose_interfaces/lib/libwildpose_interfaces__rosidl_typesupport_cpp.so
[6.206s] -- Set runtime path of "/home/naoya/wildpose_v1.3/wildpose/install/wildpose_interfaces/lib/libwildpose_interfaces__rosidl_typesupport_cpp.so" to ""
[6.206s] -- Installing: /home/naoya/wildpose_v1.3/wildpose/install/wildpose_interfaces/share/wildpose_interfaces/environment/pythonpath.sh
[6.206s] -- Installing: /home/naoya/wildpose_v1.3/wildpose/install/wildpose_interfaces/share/wildpose_interfaces/environment/pythonpath.dsv
[6.206s] -- Installing: /home/naoya/wildpose_v1.3/wildpose/install/wildpose_interfaces/lib/python3.8/site-packages/wildpose_interfaces/__init__.py
[6.224s] Compiling '/home/naoya/wildpose_v1.3/wildpose/install/wildpose_interfaces/lib/python3.8/site-packages/wildpose_interfaces/__init__.py'...
[6.228s] -- Installing: /home/naoya/wildpose_v1.3/wildpose/install/wildpose_interfaces/lib/python3.8/site-packages/wildpose_interfaces/msg
[6.228s] -- Installing: /home/naoya/wildpose_v1.3/wildpose/install/wildpose_interfaces/lib/python3.8/site-packages/wildpose_interfaces/msg/_motor_status.py
[6.228s] -- Installing: /home/naoya/wildpose_v1.3/wildpose/install/wildpose_interfaces/lib/python3.8/site-packages/wildpose_interfaces/msg/_lens_aperture.py
[6.228s] -- Installing: /home/naoya/wildpose_v1.3/wildpose/install/wildpose_interfaces/lib/python3.8/site-packages/wildpose_interfaces/msg/_frame_brightness.py
[6.228s] -- Installing: /home/naoya/wildpose_v1.3/wildpose/install/wildpose_interfaces/lib/python3.8/site-packages/wildpose_interfaces/msg/_motor_status_s.c
[6.228s] -- Installing: /home/naoya/wildpose_v1.3/wildpose/install/wildpose_interfaces/lib/python3.8/site-packages/wildpose_interfaces/msg/_frame_brightness_s.c
[6.228s] -- Installing: /home/naoya/wildpose_v1.3/wildpose/install/wildpose_interfaces/lib/python3.8/site-packages/wildpose_interfaces/msg/_dji_rs_status_s.c
[6.228s] -- Installing: /home/naoya/wildpose_v1.3/wildpose/install/wildpose_interfaces/lib/python3.8/site-packages/wildpose_interfaces/msg/_motor_positions.py
[6.228s] -- Installing: /home/naoya/wildpose_v1.3/wildpose/install/wildpose_interfaces/lib/python3.8/site-packages/wildpose_interfaces/msg/_lens_aperture_s.c
[6.228s] -- Installing: /home/naoya/wildpose_v1.3/wildpose/install/wildpose_interfaces/lib/python3.8/site-packages/wildpose_interfaces/msg/__init__.py
[6.228s] -- Installing: /home/naoya/wildpose_v1.3/wildpose/install/wildpose_interfaces/lib/python3.8/site-packages/wildpose_interfaces/msg/_motor_positions_s.c
[6.228s] -- Installing: /home/naoya/wildpose_v1.3/wildpose/install/wildpose_interfaces/lib/python3.8/site-packages/wildpose_interfaces/msg/_dji_rs_status.py
[6.229s] -- Installing: /home/naoya/wildpose_v1.3/wildpose/install/wildpose_interfaces/lib/python3.8/site-packages/wildpose_interfaces/wildpose_interfaces_s__rosidl_typesupport_fastrtps_c.cpython-38-x86_64-linux-gnu.so
[6.229s] -- Set runtime path of "/home/naoya/wildpose_v1.3/wildpose/install/wildpose_interfaces/lib/python3.8/site-packages/wildpose_interfaces/wildpose_interfaces_s__rosidl_typesupport_fastrtps_c.cpython-38-x86_64-linux-gnu.so" to ""
[6.230s] -- Installing: /home/naoya/wildpose_v1.3/wildpose/install/wildpose_interfaces/lib/python3.8/site-packages/wildpose_interfaces/wildpose_interfaces_s__rosidl_typesupport_introspection_c.cpython-38-x86_64-linux-gnu.so
[6.230s] -- Set runtime path of "/home/naoya/wildpose_v1.3/wildpose/install/wildpose_interfaces/lib/python3.8/site-packages/wildpose_interfaces/wildpose_interfaces_s__rosidl_typesupport_introspection_c.cpython-38-x86_64-linux-gnu.so" to ""
[6.230s] -- Installing: /home/naoya/wildpose_v1.3/wildpose/install/wildpose_interfaces/lib/python3.8/site-packages/wildpose_interfaces/wildpose_interfaces_s__rosidl_typesupport_c.cpython-38-x86_64-linux-gnu.so
[6.231s] -- Set runtime path of "/home/naoya/wildpose_v1.3/wildpose/install/wildpose_interfaces/lib/python3.8/site-packages/wildpose_interfaces/wildpose_interfaces_s__rosidl_typesupport_c.cpython-38-x86_64-linux-gnu.so" to ""
[6.231s] -- Installing: /home/naoya/wildpose_v1.3/wildpose/install/wildpose_interfaces/lib/libwildpose_interfaces__python.so
[6.231s] -- Set runtime path of "/home/naoya/wildpose_v1.3/wildpose/install/wildpose_interfaces/lib/libwildpose_interfaces__python.so" to ""
[6.232s] -- Installing: /home/naoya/wildpose_v1.3/wildpose/install/wildpose_interfaces/share/wildpose_interfaces/msg/LensAperture.idl
[6.232s] -- Installing: /home/naoya/wildpose_v1.3/wildpose/install/wildpose_interfaces/share/wildpose_interfaces/msg/DjiRsStatus.idl
[6.232s] -- Installing: /home/naoya/wildpose_v1.3/wildpose/install/wildpose_interfaces/share/wildpose_interfaces/msg/MotorStatus.idl
[6.232s] -- Installing: /home/naoya/wildpose_v1.3/wildpose/install/wildpose_interfaces/share/wildpose_interfaces/msg/MotorPositions.idl
[6.232s] -- Installing: /home/naoya/wildpose_v1.3/wildpose/install/wildpose_interfaces/share/wildpose_interfaces/msg/FrameBrightness.idl
[6.232s] -- Installing: /home/naoya/wildpose_v1.3/wildpose/install/wildpose_interfaces/share/wildpose_interfaces/msg/LensAperture.msg
[6.232s] -- Installing: /home/naoya/wildpose_v1.3/wildpose/install/wildpose_interfaces/share/wildpose_interfaces/msg/DjiRsStatus.msg
[6.232s] -- Installing: /home/naoya/wildpose_v1.3/wildpose/install/wildpose_interfaces/share/wildpose_interfaces/msg/MotorStatus.msg
[6.233s] -- Installing: /home/naoya/wildpose_v1.3/wildpose/install/wildpose_interfaces/share/wildpose_interfaces/msg/MotorPositions.msg
[6.233s] -- Installing: /home/naoya/wildpose_v1.3/wildpose/install/wildpose_interfaces/share/wildpose_interfaces/msg/FrameBrightness.msg
[6.233s] -- Installing: /home/naoya/wildpose_v1.3/wildpose/install/wildpose_interfaces/share/ament_index/resource_index/package_run_dependencies/wildpose_interfaces
[6.233s] -- Installing: /home/naoya/wildpose_v1.3/wildpose/install/wildpose_interfaces/share/ament_index/resource_index/parent_prefix_path/wildpose_interfaces
[6.233s] -- Installing: /home/naoya/wildpose_v1.3/wildpose/install/wildpose_interfaces/share/wildpose_interfaces/environment/ament_prefix_path.sh
[6.233s] -- Installing: /home/naoya/wildpose_v1.3/wildpose/install/wildpose_interfaces/share/wildpose_interfaces/environment/ament_prefix_path.dsv
[6.233s] -- Installing: /home/naoya/wildpose_v1.3/wildpose/install/wildpose_interfaces/share/wildpose_interfaces/environment/path.sh
[6.234s] -- Installing: /home/naoya/wildpose_v1.3/wildpose/install/wildpose_interfaces/share/wildpose_interfaces/environment/path.dsv
[6.234s] -- Installing: /home/naoya/wildpose_v1.3/wildpose/install/wildpose_interfaces/share/wildpose_interfaces/local_setup.bash
[6.234s] -- Installing: /home/naoya/wildpose_v1.3/wildpose/install/wildpose_interfaces/share/wildpose_interfaces/local_setup.sh
[6.234s] -- Installing: /home/naoya/wildpose_v1.3/wildpose/install/wildpose_interfaces/share/wildpose_interfaces/local_setup.zsh
[6.234s] -- Installing: /home/naoya/wildpose_v1.3/wildpose/install/wildpose_interfaces/share/wildpose_interfaces/local_setup.dsv
[6.234s] -- Installing: /home/naoya/wildpose_v1.3/wildpose/install/wildpose_interfaces/share/wildpose_interfaces/package.dsv
[6.234s] -- Installing: /home/naoya/wildpose_v1.3/wildpose/install/wildpose_interfaces/share/ament_index/resource_index/packages/wildpose_interfaces
[6.235s] -- Installing: /home/naoya/wildpose_v1.3/wildpose/install/wildpose_interfaces/share/wildpose_interfaces/cmake/wildpose_interfaces__rosidl_generator_cExport.cmake
[6.235s] -- Installing: /home/naoya/wildpose_v1.3/wildpose/install/wildpose_interfaces/share/wildpose_interfaces/cmake/wildpose_interfaces__rosidl_generator_cExport-noconfig.cmake
[6.235s] -- Installing: /home/naoya/wildpose_v1.3/wildpose/install/wildpose_interfaces/share/wildpose_interfaces/cmake/wildpose_interfaces__rosidl_typesupport_introspection_cExport.cmake
[6.235s] -- Installing: /home/naoya/wildpose_v1.3/wildpose/install/wildpose_interfaces/share/wildpose_interfaces/cmake/wildpose_interfaces__rosidl_typesupport_introspection_cExport-noconfig.cmake
[6.235s] -- Installing: /home/naoya/wildpose_v1.3/wildpose/install/wildpose_interfaces/share/wildpose_interfaces/cmake/wildpose_interfaces__rosidl_typesupport_cExport.cmake
[6.235s] -- Installing: /home/naoya/wildpose_v1.3/wildpose/install/wildpose_interfaces/share/wildpose_interfaces/cmake/wildpose_interfaces__rosidl_typesupport_cExport-noconfig.cmake
[6.236s] -- Installing: /home/naoya/wildpose_v1.3/wildpose/install/wildpose_interfaces/share/wildpose_interfaces/cmake/wildpose_interfaces__rosidl_generator_cppExport.cmake
[6.236s] -- Installing: /home/naoya/wildpose_v1.3/wildpose/install/wildpose_interfaces/share/wildpose_interfaces/cmake/wildpose_interfaces__rosidl_typesupport_introspection_cppExport.cmake
[6.236s] -- Installing: /home/naoya/wildpose_v1.3/wildpose/install/wildpose_interfaces/share/wildpose_interfaces/cmake/wildpose_interfaces__rosidl_typesupport_introspection_cppExport-noconfig.cmake
[6.236s] -- Installing: /home/naoya/wildpose_v1.3/wildpose/install/wildpose_interfaces/share/wildpose_interfaces/cmake/wildpose_interfaces__rosidl_typesupport_cppExport.cmake
[6.236s] -- Installing: /home/naoya/wildpose_v1.3/wildpose/install/wildpose_interfaces/share/wildpose_interfaces/cmake/wildpose_interfaces__rosidl_typesupport_cppExport-noconfig.cmake
[6.237s] -- Installing: /home/naoya/wildpose_v1.3/wildpose/install/wildpose_interfaces/share/wildpose_interfaces/cmake/rosidl_cmake-extras.cmake
[6.237s] -- Installing: /home/naoya/wildpose_v1.3/wildpose/install/wildpose_interfaces/share/wildpose_interfaces/cmake/ament_cmake_export_dependencies-extras.cmake
[6.237s] -- Installing: /home/naoya/wildpose_v1.3/wildpose/install/wildpose_interfaces/share/wildpose_interfaces/cmake/ament_cmake_export_libraries-extras.cmake
[6.237s] -- Installing: /home/naoya/wildpose_v1.3/wildpose/install/wildpose_interfaces/share/wildpose_interfaces/cmake/ament_cmake_export_targets-extras.cmake
[6.237s] -- Installing: /home/naoya/wildpose_v1.3/wildpose/install/wildpose_interfaces/share/wildpose_interfaces/cmake/ament_cmake_export_include_directories-extras.cmake
[6.237s] -- Installing: /home/naoya/wildpose_v1.3/wildpose/install/wildpose_interfaces/share/wildpose_interfaces/cmake/rosidl_cmake_export_typesupport_libraries-extras.cmake
[6.238s] -- Installing: /home/naoya/wildpose_v1.3/wildpose/install/wildpose_interfaces/share/wildpose_interfaces/cmake/rosidl_cmake_export_typesupport_targets-extras.cmake
[6.238s] -- Installing: /home/naoya/wildpose_v1.3/wildpose/install/wildpose_interfaces/share/wildpose_interfaces/cmake/wildpose_interfacesConfig.cmake
[6.238s] -- Installing: /home/naoya/wildpose_v1.3/wildpose/install/wildpose_interfaces/share/wildpose_interfaces/cmake/wildpose_interfacesConfig-version.cmake
[6.238s] -- Installing: /home/naoya/wildpose_v1.3/wildpose/install/wildpose_interfaces/share/wildpose_interfaces/package.xml
[6.241s] Invoked command in '/home/naoya/wildpose_v1.3/wildpose/build/wildpose_interfaces' returned '0': CMAKE_PREFIX_PATH=${CMAKE_PREFIX_PATH}:/home/naoya/wildpose_v1.3/wildpose/install/motor_controller_pkg:/home/naoya/wildpose_v1.3/wildpose/install/lidar_control_package:/home/naoya/wildpose_v1.3/wildpose/install/dji_rs3_pkg:/home/naoya/wildpose_v1.3/wildpose/install/opencv_tests:/home/naoya/wildpose_v1.3/wildpose/install/gamepad_pkg:/home/naoya/WildPose_v1.2/wildpose/install/motor_controller_pkg:/home/naoya/WildPose_v1.2/wildpose/install/gamepad_pkg:/opt/ros/foxy /usr/bin/cmake --install /home/naoya/wildpose_v1.3/wildpose/build/wildpose_interfaces
