Performing C SOURCE FILE Test CMAKE_HAVE_LIBC_PTHREAD failed with the following output:
Change Dir: /home/m2s2/WildPose_v1.2-main/wildpose/src/build/ximea_ros2_cam/CMakeFiles/CMakeTmp

Run Build Command(s):/usr/bin/make -f Makefile cmTC_5af88/fast && /usr/bin/make  -f CMakeFiles/cmTC_5af88.dir/build.make CMakeFiles/cmTC_5af88.dir/build
make[1]: Entering directory '/home/m2s2/WildPose_v1.2-main/wildpose/src/build/ximea_ros2_cam/CMakeFiles/CMakeTmp'
Building C object CMakeFiles/cmTC_5af88.dir/src.c.o
/usr/bin/cc -DCMAKE_HAVE_LIBC_PTHREAD   -o CMakeFiles/cmTC_5af88.dir/src.c.o -c /home/m2s2/WildPose_v1.2-main/wildpose/src/build/ximea_ros2_cam/CMakeFiles/CMakeTmp/src.c
Linking C executable cmTC_5af88
/usr/bin/cmake -E cmake_link_script CMakeFiles/cmTC_5af88.dir/link.txt --verbose=1
/usr/bin/cc CMakeFiles/cmTC_5af88.dir/src.c.o -o cmTC_5af88 
/usr/bin/ld: CMakeFiles/cmTC_5af88.dir/src.c.o: in function `main':
src.c:(.text+0x46): undefined reference to `pthread_create'
/usr/bin/ld: src.c:(.text+0x52): undefined reference to `pthread_detach'
/usr/bin/ld: src.c:(.text+0x5e): undefined reference to `pthread_cancel'
/usr/bin/ld: src.c:(.text+0x6f): undefined reference to `pthread_join'
collect2: error: ld returned 1 exit status
make[1]: *** [CMakeFiles/cmTC_5af88.dir/build.make:99: cmTC_5af88] Error 1
make[1]: Leaving directory '/home/m2s2/WildPose_v1.2-main/wildpose/src/build/ximea_ros2_cam/CMakeFiles/CMakeTmp'
make: *** [Makefile:127: cmTC_5af88/fast] Error 2


Source file was:
#include <pthread.h>

static void* test_func(void* data)
{
  return data;
}

int main(void)
{
  pthread_t thread;
  pthread_create(&thread, NULL, test_func, NULL);
  pthread_detach(thread);
  pthread_cancel(thread);
  pthread_join(thread, NULL);
  pthread_atfork(NULL, NULL, NULL);
  pthread_exit(NULL);

  return 0;
}

Determining if the function pthread_create exists in the pthreads failed with the following output:
Change Dir: /home/m2s2/WildPose_v1.2-main/wildpose/src/build/ximea_ros2_cam/CMakeFiles/CMakeTmp

Run Build Command(s):/usr/bin/make -f Makefile cmTC_a3f00/fast && /usr/bin/make  -f CMakeFiles/cmTC_a3f00.dir/build.make CMakeFiles/cmTC_a3f00.dir/build
make[1]: Entering directory '/home/m2s2/WildPose_v1.2-main/wildpose/src/build/ximea_ros2_cam/CMakeFiles/CMakeTmp'
Building C object CMakeFiles/cmTC_a3f00.dir/CheckFunctionExists.c.o
/usr/bin/cc   -DCHECK_FUNCTION_EXISTS=pthread_create -o CMakeFiles/cmTC_a3f00.dir/CheckFunctionExists.c.o -c /usr/share/cmake-3.22/Modules/CheckFunctionExists.c
Linking C executable cmTC_a3f00
/usr/bin/cmake -E cmake_link_script CMakeFiles/cmTC_a3f00.dir/link.txt --verbose=1
/usr/bin/cc  -DCHECK_FUNCTION_EXISTS=pthread_create CMakeFiles/cmTC_a3f00.dir/CheckFunctionExists.c.o -o cmTC_a3f00  -lpthreads 
/usr/bin/ld: cannot find -lpthreads
collect2: error: ld returned 1 exit status
make[1]: *** [CMakeFiles/cmTC_a3f00.dir/build.make:99: cmTC_a3f00] Error 1
make[1]: Leaving directory '/home/m2s2/WildPose_v1.2-main/wildpose/src/build/ximea_ros2_cam/CMakeFiles/CMakeTmp'
make: *** [Makefile:127: cmTC_a3f00/fast] Error 2



