[0.578s] Invoking command in '/home/m2s2/WildPose_v1.2-main/wildpose/src/gamepad_pkg': PYTHONPATH=/home/m2s2/WildPose_v1.2-main/wildpose/build/gamepad_pkg/prefix_override:/home/m2s2/WildPose_v1.2-main/wildpose/install/gamepad_pkg/lib/python3.8/site-packages:${PYTHONPATH} /usr/bin/python3 -W ignore:setup.py install is deprecated setup.py egg_info --egg-base ../../build/gamepad_pkg build --build-base /home/m2s2/WildPose_v1.2-main/wildpose/build/gamepad_pkg/build install --record /home/m2s2/WildPose_v1.2-main/wildpose/build/gamepad_pkg/install.log --install-scripts $base/lib/gamepad_pkg --single-version-externally-managed install_data
[0.700s] running egg_info
[0.701s] writing ../../build/gamepad_pkg/gamepad_pkg.egg-info/PKG-INFO
[0.701s] writing dependency_links to ../../build/gamepad_pkg/gamepad_pkg.egg-info/dependency_links.txt
[0.701s] writing entry points to ../../build/gamepad_pkg/gamepad_pkg.egg-info/entry_points.txt
[0.701s] writing requirements to ../../build/gamepad_pkg/gamepad_pkg.egg-info/requires.txt
[0.701s] writing top-level names to ../../build/gamepad_pkg/gamepad_pkg.egg-info/top_level.txt
[0.722s] reading manifest file '../../build/gamepad_pkg/gamepad_pkg.egg-info/SOURCES.txt'
[0.722s] writing manifest file '../../build/gamepad_pkg/gamepad_pkg.egg-info/SOURCES.txt'
[0.722s] running build
[0.722s] running build_py
[0.722s] running install
[0.723s] running install_lib
[0.723s] running install_data
[0.724s] running install_egg_info
[0.725s] removing '/home/m2s2/WildPose_v1.2-main/wildpose/install/gamepad_pkg/lib/python3.8/site-packages/gamepad_pkg-0.0.0-py3.8.egg-info' (and everything under it)
[0.725s] Copying ../../build/gamepad_pkg/gamepad_pkg.egg-info to /home/m2s2/WildPose_v1.2-main/wildpose/install/gamepad_pkg/lib/python3.8/site-packages/gamepad_pkg-0.0.0-py3.8.egg-info
[0.725s] running install_scripts
[0.737s] writing list of installed files to '/home/m2s2/WildPose_v1.2-main/wildpose/build/gamepad_pkg/install.log'
[0.750s] Invoked command in '/home/m2s2/WildPose_v1.2-main/wildpose/src/gamepad_pkg' returned '0': PYTHONPATH=/home/m2s2/WildPose_v1.2-main/wildpose/build/gamepad_pkg/prefix_override:/home/m2s2/WildPose_v1.2-main/wildpose/install/gamepad_pkg/lib/python3.8/site-packages:${PYTHONPATH} /usr/bin/python3 -W ignore:setup.py install is deprecated setup.py egg_info --egg-base ../../build/gamepad_pkg build --build-base /home/m2s2/WildPose_v1.2-main/wildpose/build/gamepad_pkg/build install --record /home/m2s2/WildPose_v1.2-main/wildpose/build/gamepad_pkg/install.log --install-scripts $base/lib/gamepad_pkg --single-version-externally-managed install_data
