[1.415s] Invoking command in '/home/naoya/wildpose_v1.3/wildpose/src/motor_controller_pkg': AMENT_PREFIX_PATH=/home/naoya/wildpose_v1.3/wildpose/install/wildpose_interfaces:${AMENT_PREFIX_PATH} CMAKE_PREFIX_PATH=/home/naoya/wildpose_v1.3/wildpose/install/wildpose_interfaces:${CMAKE_PREFIX_PATH} LD_LIBRARY_PATH=/home/naoya/wildpose_v1.3/wildpose/install/wildpose_interfaces/lib:${LD_LIBRARY_PATH} PYTHONPATH=/home/naoya/wildpose_v1.3/wildpose/build/motor_controller_pkg/prefix_override:/home/naoya/wildpose_v1.3/wildpose/install/motor_controller_pkg/lib/python3.8/site-packages:/home/naoya/wildpose_v1.3/wildpose/install/wildpose_interfaces/lib/python3.8/site-packages:${PYTHONPATH} /usr/bin/python3 setup.py egg_info --egg-base ../../build/motor_controller_pkg build --build-base /home/naoya/wildpose_v1.3/wildpose/build/motor_controller_pkg/build install --record /home/naoya/wildpose_v1.3/wildpose/build/motor_controller_pkg/install.log --install-scripts $base/lib/motor_controller_pkg --single-version-externally-managed
[1.540s] running egg_info
[1.540s] writing ../../build/motor_controller_pkg/motor_controller_pkg.egg-info/PKG-INFO
[1.540s] writing dependency_links to ../../build/motor_controller_pkg/motor_controller_pkg.egg-info/dependency_links.txt
[1.540s] writing entry points to ../../build/motor_controller_pkg/motor_controller_pkg.egg-info/entry_points.txt
[1.540s] writing requirements to ../../build/motor_controller_pkg/motor_controller_pkg.egg-info/requires.txt
[1.540s] writing top-level names to ../../build/motor_controller_pkg/motor_controller_pkg.egg-info/top_level.txt
[1.563s] reading manifest file '../../build/motor_controller_pkg/motor_controller_pkg.egg-info/SOURCES.txt'
[1.563s] writing manifest file '../../build/motor_controller_pkg/motor_controller_pkg.egg-info/SOURCES.txt'
[1.563s] running build
[1.563s] running build_py
[1.563s] copying motor_controller_pkg/motor_control_node.py -> /home/naoya/wildpose_v1.3/wildpose/build/motor_controller_pkg/build/lib/motor_controller_pkg
[1.563s] running install
[1.564s] running install_lib
[1.564s] copying /home/naoya/wildpose_v1.3/wildpose/build/motor_controller_pkg/build/lib/motor_controller_pkg/motor_control_node.py -> /home/naoya/wildpose_v1.3/wildpose/install/motor_controller_pkg/lib/python3.8/site-packages/motor_controller_pkg
[1.565s] byte-compiling /home/naoya/wildpose_v1.3/wildpose/install/motor_controller_pkg/lib/python3.8/site-packages/motor_controller_pkg/motor_control_node.py to motor_control_node.cpython-38.pyc
[1.566s] running install_data
[1.566s] running install_egg_info
[1.568s] removing '/home/naoya/wildpose_v1.3/wildpose/install/motor_controller_pkg/lib/python3.8/site-packages/motor_controller_pkg-0.0.0-py3.8.egg-info' (and everything under it)
[1.568s] Copying ../../build/motor_controller_pkg/motor_controller_pkg.egg-info to /home/naoya/wildpose_v1.3/wildpose/install/motor_controller_pkg/lib/python3.8/site-packages/motor_controller_pkg-0.0.0-py3.8.egg-info
[1.568s] running install_scripts
[1.580s] Installing motor_control_node script to /home/naoya/wildpose_v1.3/wildpose/install/motor_controller_pkg/lib/motor_controller_pkg
[1.581s] writing list of installed files to '/home/naoya/wildpose_v1.3/wildpose/build/motor_controller_pkg/install.log'
[1.655s] Invoked command in '/home/naoya/wildpose_v1.3/wildpose/src/motor_controller_pkg' returned '0': AMENT_PREFIX_PATH=/home/naoya/wildpose_v1.3/wildpose/install/wildpose_interfaces:${AMENT_PREFIX_PATH} CMAKE_PREFIX_PATH=/home/naoya/wildpose_v1.3/wildpose/install/wildpose_interfaces:${CMAKE_PREFIX_PATH} LD_LIBRARY_PATH=/home/naoya/wildpose_v1.3/wildpose/install/wildpose_interfaces/lib:${LD_LIBRARY_PATH} PYTHONPATH=/home/naoya/wildpose_v1.3/wildpose/build/motor_controller_pkg/prefix_override:/home/naoya/wildpose_v1.3/wildpose/install/motor_controller_pkg/lib/python3.8/site-packages:/home/naoya/wildpose_v1.3/wildpose/install/wildpose_interfaces/lib/python3.8/site-packages:${PYTHONPATH} /usr/bin/python3 setup.py egg_info --egg-base ../../build/motor_controller_pkg build --build-base /home/naoya/wildpose_v1.3/wildpose/build/motor_controller_pkg/build install --record /home/naoya/wildpose_v1.3/wildpose/build/motor_controller_pkg/install.log --install-scripts $base/lib/motor_controller_pkg --single-version-externally-managed
