[0.118s] DEBUG:colcon:Command line arguments: ['/usr/bin/colcon', 'build']
[0.118s] DEBUG:colcon:Parsed command line arguments: Namespace(allow_overriding=[], ament_cmake_args=None, base_paths=['.'], build_base='build', catkin_cmake_args=None, catkin_skip_building_tests=False, cmake_args=None, cmake_clean_cache=False, cmake_clean_first=False, cmake_force_configure=False, cmake_target=None, cmake_target_skip_unavailable=False, continue_on_error=False, event_handlers=None, executor='parallel', ignore_user_meta=False, install_base='install', log_base=None, log_level=None, main=<bound method BuildVerb.main of <colcon_core.verb.build.BuildVerb object at 0x7f3eead670d0>>, merge_install=False, metas=['./colcon.meta'], packages_above=None, packages_above_and_dependencies=None, packages_above_depth=None, packages_end=None, packages_ignore=None, packages_ignore_regex=None, packages_select=None, packages_select_build_failed=False, packages_select_by_dep=None, packages_select_regex=None, packages_select_test_failures=False, packages_skip=None, packages_skip_build_finished=False, packages_skip_by_dep=None, packages_skip_regex=None, packages_skip_test_passed=False, packages_skip_up_to=None, packages_start=None, packages_up_to=None, packages_up_to_regex=None, parallel_workers=16, paths=None, symlink_install=False, test_result_base=None, verb_extension=<colcon_core.verb.build.BuildVerb object at 0x7f3eead670d0>, verb_name='build', verb_parser=<colcon_defaults.argument_parser.defaults.DefaultArgumentsDecorator object at 0x7f3eeaca3ee0>)
[0.206s] Level 1:colcon.colcon_core.package_discovery:discover_packages(colcon_meta) check parameters
[0.206s] Level 1:colcon.colcon_core.package_discovery:discover_packages(recursive) check parameters
[0.206s] Level 1:colcon.colcon_core.package_discovery:discover_packages(ignore) check parameters
[0.206s] Level 1:colcon.colcon_core.package_discovery:discover_packages(path) check parameters
[0.206s] Level 1:colcon.colcon_core.package_discovery:discover_packages(colcon_meta) discover
[0.206s] Level 1:colcon.colcon_core.package_discovery:discover_packages(recursive) discover
[0.206s] INFO:colcon.colcon_core.package_discovery:Crawling recursively for packages in '/home/m2s2/WildPose_v1.2-main/wildpose'
[0.206s] Level 1:colcon.colcon_core.package_identification:_identify(.) by extensions ['ignore', 'ignore_ament_install']
[0.206s] Level 1:colcon.colcon_core.package_identification:_identify(.) by extension 'ignore'
[0.207s] Level 1:colcon.colcon_core.package_identification:_identify(.) by extension 'ignore_ament_install'
[0.207s] Level 1:colcon.colcon_core.package_identification:_identify(.) by extensions ['colcon_pkg']
[0.207s] Level 1:colcon.colcon_core.package_identification:_identify(.) by extension 'colcon_pkg'
[0.207s] Level 1:colcon.colcon_core.package_identification:_identify(.) by extensions ['colcon_meta']
[0.207s] Level 1:colcon.colcon_core.package_identification:_identify(.) by extension 'colcon_meta'
[0.207s] Level 1:colcon.colcon_core.package_identification:_identify(.) by extensions ['ros']
[0.207s] Level 1:colcon.colcon_core.package_identification:_identify(.) by extension 'ros'
[0.214s] Level 1:colcon.colcon_core.package_identification:_identify(.) by extensions ['cmake', 'python']
[0.215s] Level 1:colcon.colcon_core.package_identification:_identify(.) by extension 'cmake'
[0.215s] Level 1:colcon.colcon_core.package_identification:_identify(.) by extension 'python'
[0.215s] Level 1:colcon.colcon_core.package_identification:_identify(.) by extensions ['python_setup_py']
[0.215s] Level 1:colcon.colcon_core.package_identification:_identify(.) by extension 'python_setup_py'
[0.215s] Level 1:colcon.colcon_core.package_identification:_identify(build) by extensions ['ignore', 'ignore_ament_install']
[0.215s] Level 1:colcon.colcon_core.package_identification:_identify(build) by extension 'ignore'
[0.215s] Level 1:colcon.colcon_core.package_identification:_identify(build) ignored
[0.215s] Level 1:colcon.colcon_core.package_identification:_identify(install) by extensions ['ignore', 'ignore_ament_install']
[0.215s] Level 1:colcon.colcon_core.package_identification:_identify(install) by extension 'ignore'
[0.215s] Level 1:colcon.colcon_core.package_identification:_identify(install) ignored
[0.215s] Level 1:colcon.colcon_core.package_identification:_identify(lens_motor_controller) by extensions ['ignore', 'ignore_ament_install']
[0.215s] Level 1:colcon.colcon_core.package_identification:_identify(lens_motor_controller) by extension 'ignore'
[0.215s] Level 1:colcon.colcon_core.package_identification:_identify(lens_motor_controller) by extension 'ignore_ament_install'
[0.215s] Level 1:colcon.colcon_core.package_identification:_identify(lens_motor_controller) by extensions ['colcon_pkg']
[0.215s] Level 1:colcon.colcon_core.package_identification:_identify(lens_motor_controller) by extension 'colcon_pkg'
[0.215s] Level 1:colcon.colcon_core.package_identification:_identify(lens_motor_controller) by extensions ['colcon_meta']
[0.215s] Level 1:colcon.colcon_core.package_identification:_identify(lens_motor_controller) by extension 'colcon_meta'
[0.215s] Level 1:colcon.colcon_core.package_identification:_identify(lens_motor_controller) by extensions ['ros']
[0.215s] Level 1:colcon.colcon_core.package_identification:_identify(lens_motor_controller) by extension 'ros'
[0.215s] Level 1:colcon.colcon_core.package_identification:_identify(lens_motor_controller) by extensions ['cmake', 'python']
[0.215s] Level 1:colcon.colcon_core.package_identification:_identify(lens_motor_controller) by extension 'cmake'
[0.215s] Level 1:colcon.colcon_core.package_identification:_identify(lens_motor_controller) by extension 'python'
[0.215s] Level 1:colcon.colcon_core.package_identification:_identify(lens_motor_controller) by extensions ['python_setup_py']
[0.215s] Level 1:colcon.colcon_core.package_identification:_identify(lens_motor_controller) by extension 'python_setup_py'
[0.215s] Level 1:colcon.colcon_core.package_identification:_identify(log) by extensions ['ignore', 'ignore_ament_install']
[0.215s] Level 1:colcon.colcon_core.package_identification:_identify(log) by extension 'ignore'
[0.215s] Level 1:colcon.colcon_core.package_identification:_identify(log) ignored
[0.215s] Level 1:colcon.colcon_core.package_identification:_identify(src) by extensions ['ignore', 'ignore_ament_install']
[0.215s] Level 1:colcon.colcon_core.package_identification:_identify(src) by extension 'ignore'
[0.215s] Level 1:colcon.colcon_core.package_identification:_identify(src) by extension 'ignore_ament_install'
[0.215s] Level 1:colcon.colcon_core.package_identification:_identify(src) by extensions ['colcon_pkg']
[0.216s] Level 1:colcon.colcon_core.package_identification:_identify(src) by extension 'colcon_pkg'
[0.216s] Level 1:colcon.colcon_core.package_identification:_identify(src) by extensions ['colcon_meta']
[0.216s] Level 1:colcon.colcon_core.package_identification:_identify(src) by extension 'colcon_meta'
[0.216s] Level 1:colcon.colcon_core.package_identification:_identify(src) by extensions ['ros']
[0.216s] Level 1:colcon.colcon_core.package_identification:_identify(src) by extension 'ros'
[0.216s] Level 1:colcon.colcon_core.package_identification:_identify(src) by extensions ['cmake', 'python']
[0.216s] Level 1:colcon.colcon_core.package_identification:_identify(src) by extension 'cmake'
[0.216s] Level 1:colcon.colcon_core.package_identification:_identify(src) by extension 'python'
[0.216s] Level 1:colcon.colcon_core.package_identification:_identify(src) by extensions ['python_setup_py']
[0.216s] Level 1:colcon.colcon_core.package_identification:_identify(src) by extension 'python_setup_py'
[0.216s] Level 1:colcon.colcon_core.package_identification:_identify(src/dji_rs3_pkg) by extensions ['ignore', 'ignore_ament_install']
[0.216s] Level 1:colcon.colcon_core.package_identification:_identify(src/dji_rs3_pkg) by extension 'ignore'
[0.216s] Level 1:colcon.colcon_core.package_identification:_identify(src/dji_rs3_pkg) by extension 'ignore_ament_install'
[0.216s] Level 1:colcon.colcon_core.package_identification:_identify(src/dji_rs3_pkg) by extensions ['colcon_pkg']
[0.216s] Level 1:colcon.colcon_core.package_identification:_identify(src/dji_rs3_pkg) by extension 'colcon_pkg'
[0.216s] Level 1:colcon.colcon_core.package_identification:_identify(src/dji_rs3_pkg) by extensions ['colcon_meta']
[0.216s] Level 1:colcon.colcon_core.package_identification:_identify(src/dji_rs3_pkg) by extension 'colcon_meta'
[0.216s] Level 1:colcon.colcon_core.package_identification:_identify(src/dji_rs3_pkg) by extensions ['ros']
[0.216s] Level 1:colcon.colcon_core.package_identification:_identify(src/dji_rs3_pkg) by extension 'ros'
[0.218s] DEBUG:colcon.colcon_core.package_identification:Package 'src/dji_rs3_pkg' with type 'ros.ament_python' and name 'dji_rs3_pkg'
[0.218s] Level 1:colcon.colcon_core.package_identification:_identify(src/gamepad_pkg) by extensions ['ignore', 'ignore_ament_install']
[0.218s] Level 1:colcon.colcon_core.package_identification:_identify(src/gamepad_pkg) by extension 'ignore'
[0.218s] Level 1:colcon.colcon_core.package_identification:_identify(src/gamepad_pkg) by extension 'ignore_ament_install'
[0.218s] Level 1:colcon.colcon_core.package_identification:_identify(src/gamepad_pkg) by extensions ['colcon_pkg']
[0.218s] Level 1:colcon.colcon_core.package_identification:_identify(src/gamepad_pkg) by extension 'colcon_pkg'
[0.218s] Level 1:colcon.colcon_core.package_identification:_identify(src/gamepad_pkg) by extensions ['colcon_meta']
[0.218s] Level 1:colcon.colcon_core.package_identification:_identify(src/gamepad_pkg) by extension 'colcon_meta'
[0.218s] Level 1:colcon.colcon_core.package_identification:_identify(src/gamepad_pkg) by extensions ['ros']
[0.218s] Level 1:colcon.colcon_core.package_identification:_identify(src/gamepad_pkg) by extension 'ros'
[0.218s] DEBUG:colcon.colcon_core.package_identification:Package 'src/gamepad_pkg' with type 'ros.ament_python' and name 'gamepad_pkg'
[0.218s] Level 1:colcon.colcon_core.package_identification:_identify(src/motor_controller_pkg) by extensions ['ignore', 'ignore_ament_install']
[0.218s] Level 1:colcon.colcon_core.package_identification:_identify(src/motor_controller_pkg) by extension 'ignore'
[0.218s] Level 1:colcon.colcon_core.package_identification:_identify(src/motor_controller_pkg) by extension 'ignore_ament_install'
[0.219s] Level 1:colcon.colcon_core.package_identification:_identify(src/motor_controller_pkg) by extensions ['colcon_pkg']
[0.219s] Level 1:colcon.colcon_core.package_identification:_identify(src/motor_controller_pkg) by extension 'colcon_pkg'
[0.219s] Level 1:colcon.colcon_core.package_identification:_identify(src/motor_controller_pkg) by extensions ['colcon_meta']
[0.219s] Level 1:colcon.colcon_core.package_identification:_identify(src/motor_controller_pkg) by extension 'colcon_meta'
[0.219s] Level 1:colcon.colcon_core.package_identification:_identify(src/motor_controller_pkg) by extensions ['ros']
[0.219s] Level 1:colcon.colcon_core.package_identification:_identify(src/motor_controller_pkg) by extension 'ros'
[0.219s] DEBUG:colcon.colcon_core.package_identification:Package 'src/motor_controller_pkg' with type 'ros.ament_python' and name 'motor_controller_pkg'
[0.219s] Level 1:colcon.colcon_core.package_identification:_identify(src/wildpose_bringup) by extensions ['ignore', 'ignore_ament_install']
[0.219s] Level 1:colcon.colcon_core.package_identification:_identify(src/wildpose_bringup) by extension 'ignore'
[0.219s] Level 1:colcon.colcon_core.package_identification:_identify(src/wildpose_bringup) by extension 'ignore_ament_install'
[0.219s] Level 1:colcon.colcon_core.package_identification:_identify(src/wildpose_bringup) by extensions ['colcon_pkg']
[0.219s] Level 1:colcon.colcon_core.package_identification:_identify(src/wildpose_bringup) by extension 'colcon_pkg'
[0.219s] Level 1:colcon.colcon_core.package_identification:_identify(src/wildpose_bringup) by extensions ['colcon_meta']
[0.219s] Level 1:colcon.colcon_core.package_identification:_identify(src/wildpose_bringup) by extension 'colcon_meta'
[0.219s] Level 1:colcon.colcon_core.package_identification:_identify(src/wildpose_bringup) by extensions ['ros']
[0.219s] Level 1:colcon.colcon_core.package_identification:_identify(src/wildpose_bringup) by extension 'ros'
[0.220s] DEBUG:colcon.colcon_core.package_identification:Package 'src/wildpose_bringup' with type 'ros.ament_cmake' and name 'wildpose_bringup'
[0.220s] Level 1:colcon.colcon_core.package_identification:_identify(src/wildpose_interfaces) by extensions ['ignore', 'ignore_ament_install']
[0.220s] Level 1:colcon.colcon_core.package_identification:_identify(src/wildpose_interfaces) by extension 'ignore'
[0.220s] Level 1:colcon.colcon_core.package_identification:_identify(src/wildpose_interfaces) by extension 'ignore_ament_install'
[0.220s] Level 1:colcon.colcon_core.package_identification:_identify(src/wildpose_interfaces) by extensions ['colcon_pkg']
[0.220s] Level 1:colcon.colcon_core.package_identification:_identify(src/wildpose_interfaces) by extension 'colcon_pkg'
[0.220s] Level 1:colcon.colcon_core.package_identification:_identify(src/wildpose_interfaces) by extensions ['colcon_meta']
[0.220s] Level 1:colcon.colcon_core.package_identification:_identify(src/wildpose_interfaces) by extension 'colcon_meta'
[0.220s] Level 1:colcon.colcon_core.package_identification:_identify(src/wildpose_interfaces) by extensions ['ros']
[0.220s] Level 1:colcon.colcon_core.package_identification:_identify(src/wildpose_interfaces) by extension 'ros'
[0.220s] DEBUG:colcon.colcon_core.package_identification:Package 'src/wildpose_interfaces' with type 'ros.ament_cmake' and name 'wildpose_interfaces'
[0.220s] Level 1:colcon.colcon_core.package_discovery:discover_packages(recursive) using defaults
[0.220s] Level 1:colcon.colcon_core.package_discovery:discover_packages(ignore) discover
[0.220s] Level 1:colcon.colcon_core.package_discovery:discover_packages(ignore) using defaults
[0.220s] Level 1:colcon.colcon_core.package_discovery:discover_packages(path) discover
[0.220s] Level 1:colcon.colcon_core.package_discovery:discover_packages(path) using defaults
[0.231s] Level 1:colcon.colcon_core.package_discovery:discover_packages(prefix_path) check parameters
[0.231s] Level 1:colcon.colcon_core.package_discovery:discover_packages(prefix_path) discover
[0.232s] DEBUG:colcon.colcon_installed_package_information.package_discovery:Found 5 installed packages in /home/m2s2/WildPose_v1.2-main/wildpose/install
[0.233s] DEBUG:colcon.colcon_installed_package_information.package_discovery:Found 258 installed packages in /opt/ros/foxy
[0.234s] Level 1:colcon.colcon_core.package_discovery:discover_packages(prefix_path) using defaults
[0.270s] Level 5:colcon.colcon_core.verb:set package 'gamepad_pkg' build argument 'cmake_args' from command line to 'None'
[0.270s] Level 5:colcon.colcon_core.verb:set package 'gamepad_pkg' build argument 'cmake_target' from command line to 'None'
[0.270s] Level 5:colcon.colcon_core.verb:set package 'gamepad_pkg' build argument 'cmake_target_skip_unavailable' from command line to 'False'
[0.270s] Level 5:colcon.colcon_core.verb:set package 'gamepad_pkg' build argument 'cmake_clean_cache' from command line to 'False'
[0.270s] Level 5:colcon.colcon_core.verb:set package 'gamepad_pkg' build argument 'cmake_clean_first' from command line to 'False'
[0.270s] Level 5:colcon.colcon_core.verb:set package 'gamepad_pkg' build argument 'cmake_force_configure' from command line to 'False'
[0.270s] Level 5:colcon.colcon_core.verb:set package 'gamepad_pkg' build argument 'ament_cmake_args' from command line to 'None'
[0.270s] Level 5:colcon.colcon_core.verb:set package 'gamepad_pkg' build argument 'catkin_cmake_args' from command line to 'None'
[0.270s] Level 5:colcon.colcon_core.verb:set package 'gamepad_pkg' build argument 'catkin_skip_building_tests' from command line to 'False'
[0.270s] DEBUG:colcon.colcon_core.verb:Building package 'gamepad_pkg' with the following arguments: {'ament_cmake_args': None, 'build_base': '/home/m2s2/WildPose_v1.2-main/wildpose/build/gamepad_pkg', 'catkin_cmake_args': None, 'catkin_skip_building_tests': False, 'cmake_args': None, 'cmake_clean_cache': False, 'cmake_clean_first': False, 'cmake_force_configure': False, 'cmake_target': None, 'cmake_target_skip_unavailable': False, 'install_base': '/home/m2s2/WildPose_v1.2-main/wildpose/install/gamepad_pkg', 'merge_install': False, 'path': '/home/m2s2/WildPose_v1.2-main/wildpose/src/gamepad_pkg', 'symlink_install': False, 'test_result_base': None}
[0.271s] Level 5:colcon.colcon_core.verb:set package 'wildpose_interfaces' build argument 'cmake_args' from command line to 'None'
[0.271s] Level 5:colcon.colcon_core.verb:set package 'wildpose_interfaces' build argument 'cmake_target' from command line to 'None'
[0.271s] Level 5:colcon.colcon_core.verb:set package 'wildpose_interfaces' build argument 'cmake_target_skip_unavailable' from command line to 'False'
[0.271s] Level 5:colcon.colcon_core.verb:set package 'wildpose_interfaces' build argument 'cmake_clean_cache' from command line to 'False'
[0.271s] Level 5:colcon.colcon_core.verb:set package 'wildpose_interfaces' build argument 'cmake_clean_first' from command line to 'False'
[0.271s] Level 5:colcon.colcon_core.verb:set package 'wildpose_interfaces' build argument 'cmake_force_configure' from command line to 'False'
[0.271s] Level 5:colcon.colcon_core.verb:set package 'wildpose_interfaces' build argument 'ament_cmake_args' from command line to 'None'
[0.271s] Level 5:colcon.colcon_core.verb:set package 'wildpose_interfaces' build argument 'catkin_cmake_args' from command line to 'None'
[0.271s] Level 5:colcon.colcon_core.verb:set package 'wildpose_interfaces' build argument 'catkin_skip_building_tests' from command line to 'False'
[0.271s] DEBUG:colcon.colcon_core.verb:Building package 'wildpose_interfaces' with the following arguments: {'ament_cmake_args': None, 'build_base': '/home/m2s2/WildPose_v1.2-main/wildpose/build/wildpose_interfaces', 'catkin_cmake_args': None, 'catkin_skip_building_tests': False, 'cmake_args': None, 'cmake_clean_cache': False, 'cmake_clean_first': False, 'cmake_force_configure': False, 'cmake_target': None, 'cmake_target_skip_unavailable': False, 'install_base': '/home/m2s2/WildPose_v1.2-main/wildpose/install/wildpose_interfaces', 'merge_install': False, 'path': '/home/m2s2/WildPose_v1.2-main/wildpose/src/wildpose_interfaces', 'symlink_install': False, 'test_result_base': None}
[0.271s] Level 5:colcon.colcon_core.verb:set package 'dji_rs3_pkg' build argument 'cmake_args' from command line to 'None'
[0.271s] Level 5:colcon.colcon_core.verb:set package 'dji_rs3_pkg' build argument 'cmake_target' from command line to 'None'
[0.271s] Level 5:colcon.colcon_core.verb:set package 'dji_rs3_pkg' build argument 'cmake_target_skip_unavailable' from command line to 'False'
[0.271s] Level 5:colcon.colcon_core.verb:set package 'dji_rs3_pkg' build argument 'cmake_clean_cache' from command line to 'False'
[0.271s] Level 5:colcon.colcon_core.verb:set package 'dji_rs3_pkg' build argument 'cmake_clean_first' from command line to 'False'
[0.271s] Level 5:colcon.colcon_core.verb:set package 'dji_rs3_pkg' build argument 'cmake_force_configure' from command line to 'False'
[0.271s] Level 5:colcon.colcon_core.verb:set package 'dji_rs3_pkg' build argument 'ament_cmake_args' from command line to 'None'
[0.271s] Level 5:colcon.colcon_core.verb:set package 'dji_rs3_pkg' build argument 'catkin_cmake_args' from command line to 'None'
[0.271s] Level 5:colcon.colcon_core.verb:set package 'dji_rs3_pkg' build argument 'catkin_skip_building_tests' from command line to 'False'
[0.271s] DEBUG:colcon.colcon_core.verb:Building package 'dji_rs3_pkg' with the following arguments: {'ament_cmake_args': None, 'build_base': '/home/m2s2/WildPose_v1.2-main/wildpose/build/dji_rs3_pkg', 'catkin_cmake_args': None, 'catkin_skip_building_tests': False, 'cmake_args': None, 'cmake_clean_cache': False, 'cmake_clean_first': False, 'cmake_force_configure': False, 'cmake_target': None, 'cmake_target_skip_unavailable': False, 'install_base': '/home/m2s2/WildPose_v1.2-main/wildpose/install/dji_rs3_pkg', 'merge_install': False, 'path': '/home/m2s2/WildPose_v1.2-main/wildpose/src/dji_rs3_pkg', 'symlink_install': False, 'test_result_base': None}
[0.271s] Level 5:colcon.colcon_core.verb:set package 'motor_controller_pkg' build argument 'cmake_args' from command line to 'None'
[0.271s] Level 5:colcon.colcon_core.verb:set package 'motor_controller_pkg' build argument 'cmake_target' from command line to 'None'
[0.271s] Level 5:colcon.colcon_core.verb:set package 'motor_controller_pkg' build argument 'cmake_target_skip_unavailable' from command line to 'False'
[0.271s] Level 5:colcon.colcon_core.verb:set package 'motor_controller_pkg' build argument 'cmake_clean_cache' from command line to 'False'
[0.271s] Level 5:colcon.colcon_core.verb:set package 'motor_controller_pkg' build argument 'cmake_clean_first' from command line to 'False'
[0.271s] Level 5:colcon.colcon_core.verb:set package 'motor_controller_pkg' build argument 'cmake_force_configure' from command line to 'False'
[0.271s] Level 5:colcon.colcon_core.verb:set package 'motor_controller_pkg' build argument 'ament_cmake_args' from command line to 'None'
[0.271s] Level 5:colcon.colcon_core.verb:set package 'motor_controller_pkg' build argument 'catkin_cmake_args' from command line to 'None'
[0.271s] Level 5:colcon.colcon_core.verb:set package 'motor_controller_pkg' build argument 'catkin_skip_building_tests' from command line to 'False'
[0.271s] DEBUG:colcon.colcon_core.verb:Building package 'motor_controller_pkg' with the following arguments: {'ament_cmake_args': None, 'build_base': '/home/m2s2/WildPose_v1.2-main/wildpose/build/motor_controller_pkg', 'catkin_cmake_args': None, 'catkin_skip_building_tests': False, 'cmake_args': None, 'cmake_clean_cache': False, 'cmake_clean_first': False, 'cmake_force_configure': False, 'cmake_target': None, 'cmake_target_skip_unavailable': False, 'install_base': '/home/m2s2/WildPose_v1.2-main/wildpose/install/motor_controller_pkg', 'merge_install': False, 'path': '/home/m2s2/WildPose_v1.2-main/wildpose/src/motor_controller_pkg', 'symlink_install': False, 'test_result_base': None}
[0.272s] Level 5:colcon.colcon_core.verb:set package 'wildpose_bringup' build argument 'cmake_args' from command line to 'None'
[0.272s] Level 5:colcon.colcon_core.verb:set package 'wildpose_bringup' build argument 'cmake_target' from command line to 'None'
[0.272s] Level 5:colcon.colcon_core.verb:set package 'wildpose_bringup' build argument 'cmake_target_skip_unavailable' from command line to 'False'
[0.272s] Level 5:colcon.colcon_core.verb:set package 'wildpose_bringup' build argument 'cmake_clean_cache' from command line to 'False'
[0.272s] Level 5:colcon.colcon_core.verb:set package 'wildpose_bringup' build argument 'cmake_clean_first' from command line to 'False'
[0.272s] Level 5:colcon.colcon_core.verb:set package 'wildpose_bringup' build argument 'cmake_force_configure' from command line to 'False'
[0.272s] Level 5:colcon.colcon_core.verb:set package 'wildpose_bringup' build argument 'ament_cmake_args' from command line to 'None'
[0.272s] Level 5:colcon.colcon_core.verb:set package 'wildpose_bringup' build argument 'catkin_cmake_args' from command line to 'None'
[0.272s] Level 5:colcon.colcon_core.verb:set package 'wildpose_bringup' build argument 'catkin_skip_building_tests' from command line to 'False'
[0.272s] DEBUG:colcon.colcon_core.verb:Building package 'wildpose_bringup' with the following arguments: {'ament_cmake_args': None, 'build_base': '/home/m2s2/WildPose_v1.2-main/wildpose/build/wildpose_bringup', 'catkin_cmake_args': None, 'catkin_skip_building_tests': False, 'cmake_args': None, 'cmake_clean_cache': False, 'cmake_clean_first': False, 'cmake_force_configure': False, 'cmake_target': None, 'cmake_target_skip_unavailable': False, 'install_base': '/home/m2s2/WildPose_v1.2-main/wildpose/install/wildpose_bringup', 'merge_install': False, 'path': '/home/m2s2/WildPose_v1.2-main/wildpose/src/wildpose_bringup', 'symlink_install': False, 'test_result_base': None}
[0.272s] INFO:colcon.colcon_core.executor:Executing jobs using 'parallel' executor
[0.272s] DEBUG:colcon.colcon_parallel_executor.executor.parallel:run_until_complete
[0.273s] INFO:colcon.colcon_ros.task.ament_cmake.build:Building ROS package in '/home/m2s2/WildPose_v1.2-main/wildpose/src/wildpose_interfaces' with build type 'ament_cmake'
[0.273s] INFO:colcon.colcon_cmake.task.cmake.build:Building CMake package in '/home/m2s2/WildPose_v1.2-main/wildpose/src/wildpose_interfaces'
[0.274s] INFO:colcon.colcon_core.plugin_system:Skipping extension 'colcon_core.shell.bat': Not used on non-Windows systems
[0.274s] INFO:colcon.colcon_core.shell:Skip shell extension 'powershell' for command environment: Not usable outside of PowerShell
[0.274s] DEBUG:colcon.colcon_core.shell:Skip shell extension 'dsv' for command environment
[0.277s] INFO:colcon.colcon_ros.task.ament_python.build:Building ROS package in '/home/m2s2/WildPose_v1.2-main/wildpose/src/gamepad_pkg' with build type 'ament_python'
[0.277s] Level 1:colcon.colcon_core.shell:create_environment_hook('gamepad_pkg', 'ament_prefix_path')
[0.278s] INFO:colcon.colcon_core.shell:Creating environment hook '/home/m2s2/WildPose_v1.2-main/wildpose/install/gamepad_pkg/share/gamepad_pkg/hook/ament_prefix_path.ps1'
[0.278s] INFO:colcon.colcon_core.shell:Creating environment descriptor '/home/m2s2/WildPose_v1.2-main/wildpose/install/gamepad_pkg/share/gamepad_pkg/hook/ament_prefix_path.dsv'
[0.279s] INFO:colcon.colcon_core.shell:Creating environment hook '/home/m2s2/WildPose_v1.2-main/wildpose/install/gamepad_pkg/share/gamepad_pkg/hook/ament_prefix_path.sh'
[0.279s] INFO:colcon.colcon_core.shell:Skip shell extension 'powershell' for command environment: Not usable outside of PowerShell
[0.279s] DEBUG:colcon.colcon_core.shell:Skip shell extension 'dsv' for command environment
[0.286s] DEBUG:colcon.colcon_core.event_handler.log_command:Invoking command in '/home/m2s2/WildPose_v1.2-main/wildpose/build/wildpose_interfaces': CMAKE_PREFIX_PATH=${CMAKE_PREFIX_PATH}:/home/m2s2/WildPose_v1.2-main/wildpose/install/motor_controller_pkg:/home/m2s2/WildPose_v1.2-main/wildpose/install/dji_rs3_pkg:/home/m2s2/WildPose_v1.2-main/wildpose/install/gamepad_pkg:/opt/ros/foxy /usr/bin/cmake --build /home/m2s2/WildPose_v1.2-main/wildpose/build/wildpose_interfaces -- -j16 -l16
[0.430s] INFO:colcon.colcon_core.task.python.build:Building Python package in '/home/m2s2/WildPose_v1.2-main/wildpose/src/gamepad_pkg'
[0.431s] INFO:colcon.colcon_core.shell:Skip shell extension 'powershell' for command environment: Not usable outside of PowerShell
[0.431s] DEBUG:colcon.colcon_core.shell:Skip shell extension 'dsv' for command environment
[0.437s] DEBUG:colcon.colcon_core.event_handler.log_command:Invoked command in '/home/m2s2/WildPose_v1.2-main/wildpose/build/wildpose_interfaces' returned '0': CMAKE_PREFIX_PATH=${CMAKE_PREFIX_PATH}:/home/m2s2/WildPose_v1.2-main/wildpose/install/motor_controller_pkg:/home/m2s2/WildPose_v1.2-main/wildpose/install/dji_rs3_pkg:/home/m2s2/WildPose_v1.2-main/wildpose/install/gamepad_pkg:/opt/ros/foxy /usr/bin/cmake --build /home/m2s2/WildPose_v1.2-main/wildpose/build/wildpose_interfaces -- -j16 -l16
[0.476s] DEBUG:colcon.colcon_core.event_handler.log_command:Invoking command in '/home/m2s2/WildPose_v1.2-main/wildpose/build/wildpose_interfaces': CMAKE_PREFIX_PATH=${CMAKE_PREFIX_PATH}:/home/m2s2/WildPose_v1.2-main/wildpose/install/motor_controller_pkg:/home/m2s2/WildPose_v1.2-main/wildpose/install/dji_rs3_pkg:/home/m2s2/WildPose_v1.2-main/wildpose/install/gamepad_pkg:/opt/ros/foxy /usr/bin/cmake --install /home/m2s2/WildPose_v1.2-main/wildpose/build/wildpose_interfaces
[0.510s] Level 1:colcon.colcon_core.environment:create_environment_scripts_only(wildpose_interfaces)
[0.513s] Level 1:colcon.colcon_core.environment:checking '/home/m2s2/WildPose_v1.2-main/wildpose/install/wildpose_interfaces' for CMake module files
[0.514s] DEBUG:colcon.colcon_core.event_handler.log_command:Invoked command in '/home/m2s2/WildPose_v1.2-main/wildpose/build/wildpose_interfaces' returned '0': CMAKE_PREFIX_PATH=${CMAKE_PREFIX_PATH}:/home/m2s2/WildPose_v1.2-main/wildpose/install/motor_controller_pkg:/home/m2s2/WildPose_v1.2-main/wildpose/install/dji_rs3_pkg:/home/m2s2/WildPose_v1.2-main/wildpose/install/gamepad_pkg:/opt/ros/foxy /usr/bin/cmake --install /home/m2s2/WildPose_v1.2-main/wildpose/build/wildpose_interfaces
[0.514s] Level 1:colcon.colcon_core.environment:checking '/home/m2s2/WildPose_v1.2-main/wildpose/install/wildpose_interfaces' for CMake config files
[0.514s] Level 1:colcon.colcon_core.shell:create_environment_hook('wildpose_interfaces', 'cmake_prefix_path')
[0.514s] INFO:colcon.colcon_core.shell:Creating environment hook '/home/m2s2/WildPose_v1.2-main/wildpose/install/wildpose_interfaces/share/wildpose_interfaces/hook/cmake_prefix_path.ps1'
[0.514s] INFO:colcon.colcon_core.shell:Creating environment descriptor '/home/m2s2/WildPose_v1.2-main/wildpose/install/wildpose_interfaces/share/wildpose_interfaces/hook/cmake_prefix_path.dsv'
[0.515s] INFO:colcon.colcon_core.shell:Creating environment hook '/home/m2s2/WildPose_v1.2-main/wildpose/install/wildpose_interfaces/share/wildpose_interfaces/hook/cmake_prefix_path.sh'
[0.515s] Level 1:colcon.colcon_core.environment:checking '/home/m2s2/WildPose_v1.2-main/wildpose/install/wildpose_interfaces/lib'
[0.515s] Level 1:colcon.colcon_core.shell:create_environment_hook('wildpose_interfaces', 'ld_library_path_lib')
[0.515s] INFO:colcon.colcon_core.shell:Creating environment hook '/home/m2s2/WildPose_v1.2-main/wildpose/install/wildpose_interfaces/share/wildpose_interfaces/hook/ld_library_path_lib.ps1'
[0.516s] INFO:colcon.colcon_core.shell:Creating environment descriptor '/home/m2s2/WildPose_v1.2-main/wildpose/install/wildpose_interfaces/share/wildpose_interfaces/hook/ld_library_path_lib.dsv'
[0.516s] INFO:colcon.colcon_core.shell:Creating environment hook '/home/m2s2/WildPose_v1.2-main/wildpose/install/wildpose_interfaces/share/wildpose_interfaces/hook/ld_library_path_lib.sh'
[0.516s] Level 1:colcon.colcon_core.environment:checking '/home/m2s2/WildPose_v1.2-main/wildpose/install/wildpose_interfaces/bin'
[0.516s] Level 1:colcon.colcon_core.environment:checking '/home/m2s2/WildPose_v1.2-main/wildpose/install/wildpose_interfaces/lib/pkgconfig/wildpose_interfaces.pc'
[0.516s] Level 1:colcon.colcon_core.environment:checking '/home/m2s2/WildPose_v1.2-main/wildpose/install/wildpose_interfaces/lib/python3.8/site-packages'
[0.516s] Level 1:colcon.colcon_core.shell:create_environment_hook('wildpose_interfaces', 'pythonpath')
[0.516s] INFO:colcon.colcon_core.shell:Creating environment hook '/home/m2s2/WildPose_v1.2-main/wildpose/install/wildpose_interfaces/share/wildpose_interfaces/hook/pythonpath.ps1'
[0.517s] INFO:colcon.colcon_core.shell:Creating environment descriptor '/home/m2s2/WildPose_v1.2-main/wildpose/install/wildpose_interfaces/share/wildpose_interfaces/hook/pythonpath.dsv'
[0.517s] INFO:colcon.colcon_core.shell:Creating environment hook '/home/m2s2/WildPose_v1.2-main/wildpose/install/wildpose_interfaces/share/wildpose_interfaces/hook/pythonpath.sh'
[0.517s] Level 1:colcon.colcon_core.environment:checking '/home/m2s2/WildPose_v1.2-main/wildpose/install/wildpose_interfaces/bin'
[0.517s] INFO:colcon.colcon_core.shell:Creating package script '/home/m2s2/WildPose_v1.2-main/wildpose/install/wildpose_interfaces/share/wildpose_interfaces/package.ps1'
[0.518s] INFO:colcon.colcon_core.shell:Creating package descriptor '/home/m2s2/WildPose_v1.2-main/wildpose/install/wildpose_interfaces/share/wildpose_interfaces/package.dsv'
[0.518s] INFO:colcon.colcon_core.shell:Creating package script '/home/m2s2/WildPose_v1.2-main/wildpose/install/wildpose_interfaces/share/wildpose_interfaces/package.sh'
[0.518s] INFO:colcon.colcon_core.shell:Creating package script '/home/m2s2/WildPose_v1.2-main/wildpose/install/wildpose_interfaces/share/wildpose_interfaces/package.bash'
[0.519s] INFO:colcon.colcon_core.shell:Creating package script '/home/m2s2/WildPose_v1.2-main/wildpose/install/wildpose_interfaces/share/wildpose_interfaces/package.zsh'
[0.519s] Level 1:colcon.colcon_core.environment:create_file_with_runtime_dependencies(/home/m2s2/WildPose_v1.2-main/wildpose/install/wildpose_interfaces/share/colcon-core/packages/wildpose_interfaces)
[0.553s] Level 1:colcon.colcon_core.environment:create_environment_scripts_only(wildpose_interfaces)
[0.553s] Level 1:colcon.colcon_core.environment:checking '/home/m2s2/WildPose_v1.2-main/wildpose/install/wildpose_interfaces' for CMake module files
[0.554s] Level 1:colcon.colcon_core.environment:checking '/home/m2s2/WildPose_v1.2-main/wildpose/install/wildpose_interfaces' for CMake config files
[0.554s] Level 1:colcon.colcon_core.shell:create_environment_hook('wildpose_interfaces', 'cmake_prefix_path')
[0.554s] INFO:colcon.colcon_core.shell:Creating environment hook '/home/m2s2/WildPose_v1.2-main/wildpose/install/wildpose_interfaces/share/wildpose_interfaces/hook/cmake_prefix_path.ps1'
[0.555s] INFO:colcon.colcon_core.shell:Creating environment descriptor '/home/m2s2/WildPose_v1.2-main/wildpose/install/wildpose_interfaces/share/wildpose_interfaces/hook/cmake_prefix_path.dsv'
[0.555s] INFO:colcon.colcon_core.shell:Creating environment hook '/home/m2s2/WildPose_v1.2-main/wildpose/install/wildpose_interfaces/share/wildpose_interfaces/hook/cmake_prefix_path.sh'
[0.555s] Level 1:colcon.colcon_core.environment:checking '/home/m2s2/WildPose_v1.2-main/wildpose/install/wildpose_interfaces/lib'
[0.555s] Level 1:colcon.colcon_core.shell:create_environment_hook('wildpose_interfaces', 'ld_library_path_lib')
[0.555s] INFO:colcon.colcon_core.shell:Creating environment hook '/home/m2s2/WildPose_v1.2-main/wildpose/install/wildpose_interfaces/share/wildpose_interfaces/hook/ld_library_path_lib.ps1'
[0.555s] INFO:colcon.colcon_core.shell:Creating environment descriptor '/home/m2s2/WildPose_v1.2-main/wildpose/install/wildpose_interfaces/share/wildpose_interfaces/hook/ld_library_path_lib.dsv'
[0.556s] INFO:colcon.colcon_core.shell:Creating environment hook '/home/m2s2/WildPose_v1.2-main/wildpose/install/wildpose_interfaces/share/wildpose_interfaces/hook/ld_library_path_lib.sh'
[0.556s] Level 1:colcon.colcon_core.environment:checking '/home/m2s2/WildPose_v1.2-main/wildpose/install/wildpose_interfaces/bin'
[0.556s] Level 1:colcon.colcon_core.environment:checking '/home/m2s2/WildPose_v1.2-main/wildpose/install/wildpose_interfaces/lib/pkgconfig/wildpose_interfaces.pc'
[0.556s] Level 1:colcon.colcon_core.environment:checking '/home/m2s2/WildPose_v1.2-main/wildpose/install/wildpose_interfaces/lib/python3.8/site-packages'
[0.556s] Level 1:colcon.colcon_core.shell:create_environment_hook('wildpose_interfaces', 'pythonpath')
[0.556s] INFO:colcon.colcon_core.shell:Creating environment hook '/home/m2s2/WildPose_v1.2-main/wildpose/install/wildpose_interfaces/share/wildpose_interfaces/hook/pythonpath.ps1'
[0.556s] INFO:colcon.colcon_core.shell:Creating environment descriptor '/home/m2s2/WildPose_v1.2-main/wildpose/install/wildpose_interfaces/share/wildpose_interfaces/hook/pythonpath.dsv'
[0.557s] INFO:colcon.colcon_core.shell:Creating environment hook '/home/m2s2/WildPose_v1.2-main/wildpose/install/wildpose_interfaces/share/wildpose_interfaces/hook/pythonpath.sh'
[0.557s] Level 1:colcon.colcon_core.environment:checking '/home/m2s2/WildPose_v1.2-main/wildpose/install/wildpose_interfaces/bin'
[0.557s] INFO:colcon.colcon_core.shell:Creating package script '/home/m2s2/WildPose_v1.2-main/wildpose/install/wildpose_interfaces/share/wildpose_interfaces/package.ps1'
[0.557s] INFO:colcon.colcon_core.shell:Creating package descriptor '/home/m2s2/WildPose_v1.2-main/wildpose/install/wildpose_interfaces/share/wildpose_interfaces/package.dsv'
[0.558s] INFO:colcon.colcon_core.shell:Creating package script '/home/m2s2/WildPose_v1.2-main/wildpose/install/wildpose_interfaces/share/wildpose_interfaces/package.sh'
[0.558s] INFO:colcon.colcon_core.shell:Creating package script '/home/m2s2/WildPose_v1.2-main/wildpose/install/wildpose_interfaces/share/wildpose_interfaces/package.bash'
[0.558s] INFO:colcon.colcon_core.shell:Creating package script '/home/m2s2/WildPose_v1.2-main/wildpose/install/wildpose_interfaces/share/wildpose_interfaces/package.zsh'
[0.558s] Level 1:colcon.colcon_core.environment:create_file_with_runtime_dependencies(/home/m2s2/WildPose_v1.2-main/wildpose/install/wildpose_interfaces/share/colcon-core/packages/wildpose_interfaces)
[0.558s] INFO:colcon.colcon_ros.task.ament_python.build:Building ROS package in '/home/m2s2/WildPose_v1.2-main/wildpose/src/dji_rs3_pkg' with build type 'ament_python'
[0.559s] Level 1:colcon.colcon_core.shell:create_environment_hook('dji_rs3_pkg', 'ament_prefix_path')
[0.559s] INFO:colcon.colcon_core.shell:Creating environment hook '/home/m2s2/WildPose_v1.2-main/wildpose/install/dji_rs3_pkg/share/dji_rs3_pkg/hook/ament_prefix_path.ps1'
[0.559s] INFO:colcon.colcon_core.shell:Creating environment descriptor '/home/m2s2/WildPose_v1.2-main/wildpose/install/dji_rs3_pkg/share/dji_rs3_pkg/hook/ament_prefix_path.dsv'
[0.560s] INFO:colcon.colcon_core.shell:Creating environment hook '/home/m2s2/WildPose_v1.2-main/wildpose/install/dji_rs3_pkg/share/dji_rs3_pkg/hook/ament_prefix_path.sh'
[0.560s] INFO:colcon.colcon_core.shell:Skip shell extension 'powershell' for command environment: Not usable outside of PowerShell
[0.560s] DEBUG:colcon.colcon_core.shell:Skip shell extension 'dsv' for command environment
[0.563s] INFO:colcon.colcon_ros.task.ament_python.build:Building ROS package in '/home/m2s2/WildPose_v1.2-main/wildpose/src/motor_controller_pkg' with build type 'ament_python'
[0.563s] Level 1:colcon.colcon_core.shell:create_environment_hook('motor_controller_pkg', 'ament_prefix_path')
[0.564s] INFO:colcon.colcon_core.shell:Creating environment hook '/home/m2s2/WildPose_v1.2-main/wildpose/install/motor_controller_pkg/share/motor_controller_pkg/hook/ament_prefix_path.ps1'
[0.564s] INFO:colcon.colcon_core.shell:Creating environment descriptor '/home/m2s2/WildPose_v1.2-main/wildpose/install/motor_controller_pkg/share/motor_controller_pkg/hook/ament_prefix_path.dsv'
[0.564s] INFO:colcon.colcon_core.shell:Creating environment hook '/home/m2s2/WildPose_v1.2-main/wildpose/install/motor_controller_pkg/share/motor_controller_pkg/hook/ament_prefix_path.sh'
[0.565s] INFO:colcon.colcon_core.shell:Skip shell extension 'powershell' for command environment: Not usable outside of PowerShell
[0.565s] DEBUG:colcon.colcon_core.shell:Skip shell extension 'dsv' for command environment
[0.708s] INFO:colcon.colcon_core.task.python.build:Building Python package in '/home/m2s2/WildPose_v1.2-main/wildpose/src/dji_rs3_pkg'
[0.708s] INFO:colcon.colcon_core.shell:Skip shell extension 'powershell' for command environment: Not usable outside of PowerShell
[0.709s] DEBUG:colcon.colcon_core.shell:Skip shell extension 'dsv' for command environment
[0.847s] INFO:colcon.colcon_core.task.python.build:Building Python package in '/home/m2s2/WildPose_v1.2-main/wildpose/src/motor_controller_pkg'
[0.847s] INFO:colcon.colcon_core.shell:Skip shell extension 'powershell' for command environment: Not usable outside of PowerShell
[0.847s] DEBUG:colcon.colcon_core.shell:Skip shell extension 'dsv' for command environment
[0.856s] DEBUG:colcon.colcon_core.event_handler.log_command:Invoking command in '/home/m2s2/WildPose_v1.2-main/wildpose/src/gamepad_pkg': PYTHONPATH=/home/m2s2/WildPose_v1.2-main/wildpose/build/gamepad_pkg/prefix_override:/home/m2s2/WildPose_v1.2-main/wildpose/install/gamepad_pkg/lib/python3.8/site-packages:${PYTHONPATH} /usr/bin/python3 -W ignore:setup.py install is deprecated setup.py egg_info --egg-base ../../build/gamepad_pkg build --build-base /home/m2s2/WildPose_v1.2-main/wildpose/build/gamepad_pkg/build install --record /home/m2s2/WildPose_v1.2-main/wildpose/build/gamepad_pkg/install.log --install-scripts $base/lib/gamepad_pkg --single-version-externally-managed install_data
[1.027s] Level 1:colcon.colcon_core.environment:checking '/home/m2s2/WildPose_v1.2-main/wildpose/install/gamepad_pkg' for CMake module files
[1.028s] DEBUG:colcon.colcon_core.event_handler.log_command:Invoked command in '/home/m2s2/WildPose_v1.2-main/wildpose/src/gamepad_pkg' returned '0': PYTHONPATH=/home/m2s2/WildPose_v1.2-main/wildpose/build/gamepad_pkg/prefix_override:/home/m2s2/WildPose_v1.2-main/wildpose/install/gamepad_pkg/lib/python3.8/site-packages:${PYTHONPATH} /usr/bin/python3 -W ignore:setup.py install is deprecated setup.py egg_info --egg-base ../../build/gamepad_pkg build --build-base /home/m2s2/WildPose_v1.2-main/wildpose/build/gamepad_pkg/build install --record /home/m2s2/WildPose_v1.2-main/wildpose/build/gamepad_pkg/install.log --install-scripts $base/lib/gamepad_pkg --single-version-externally-managed install_data
[1.028s] Level 1:colcon.colcon_core.environment:checking '/home/m2s2/WildPose_v1.2-main/wildpose/install/gamepad_pkg' for CMake config files
[1.028s] Level 1:colcon.colcon_core.environment:checking '/home/m2s2/WildPose_v1.2-main/wildpose/install/gamepad_pkg/lib'
[1.028s] Level 1:colcon.colcon_core.environment:checking '/home/m2s2/WildPose_v1.2-main/wildpose/install/gamepad_pkg/bin'
[1.028s] Level 1:colcon.colcon_core.environment:checking '/home/m2s2/WildPose_v1.2-main/wildpose/install/gamepad_pkg/lib/pkgconfig/gamepad_pkg.pc'
[1.029s] Level 1:colcon.colcon_core.environment:checking '/home/m2s2/WildPose_v1.2-main/wildpose/install/gamepad_pkg/lib/python3.8/site-packages'
[1.029s] Level 1:colcon.colcon_core.shell:create_environment_hook('gamepad_pkg', 'pythonpath')
[1.029s] INFO:colcon.colcon_core.shell:Creating environment hook '/home/m2s2/WildPose_v1.2-main/wildpose/install/gamepad_pkg/share/gamepad_pkg/hook/pythonpath.ps1'
[1.029s] INFO:colcon.colcon_core.shell:Creating environment descriptor '/home/m2s2/WildPose_v1.2-main/wildpose/install/gamepad_pkg/share/gamepad_pkg/hook/pythonpath.dsv'
[1.029s] INFO:colcon.colcon_core.shell:Creating environment hook '/home/m2s2/WildPose_v1.2-main/wildpose/install/gamepad_pkg/share/gamepad_pkg/hook/pythonpath.sh'
[1.030s] Level 1:colcon.colcon_core.environment:checking '/home/m2s2/WildPose_v1.2-main/wildpose/install/gamepad_pkg/bin'
[1.030s] Level 1:colcon.colcon_core.environment:create_environment_scripts_only(gamepad_pkg)
[1.030s] INFO:colcon.colcon_core.shell:Creating package script '/home/m2s2/WildPose_v1.2-main/wildpose/install/gamepad_pkg/share/gamepad_pkg/package.ps1'
[1.030s] INFO:colcon.colcon_core.shell:Creating package descriptor '/home/m2s2/WildPose_v1.2-main/wildpose/install/gamepad_pkg/share/gamepad_pkg/package.dsv'
[1.030s] INFO:colcon.colcon_core.shell:Creating package script '/home/m2s2/WildPose_v1.2-main/wildpose/install/gamepad_pkg/share/gamepad_pkg/package.sh'
[1.031s] INFO:colcon.colcon_core.shell:Creating package script '/home/m2s2/WildPose_v1.2-main/wildpose/install/gamepad_pkg/share/gamepad_pkg/package.bash'
[1.031s] INFO:colcon.colcon_core.shell:Creating package script '/home/m2s2/WildPose_v1.2-main/wildpose/install/gamepad_pkg/share/gamepad_pkg/package.zsh'
[1.031s] Level 1:colcon.colcon_core.environment:create_file_with_runtime_dependencies(/home/m2s2/WildPose_v1.2-main/wildpose/install/gamepad_pkg/share/colcon-core/packages/gamepad_pkg)
[1.128s] DEBUG:colcon.colcon_core.event_handler.log_command:Invoking command in '/home/m2s2/WildPose_v1.2-main/wildpose/src/motor_controller_pkg': CMAKE_PREFIX_PATH=/home/m2s2/WildPose_v1.2-main/wildpose/install/wildpose_interfaces:/home/m2s2/WildPose_v1.2-main/wildpose/install/wildpose_bringup PYTHONPATH=/home/m2s2/WildPose_v1.2-main/wildpose/build/motor_controller_pkg/prefix_override:/home/m2s2/WildPose_v1.2-main/wildpose/install/motor_controller_pkg/lib/python3.8/site-packages:/home/m2s2/WildPose_v1.2-main/wildpose/install/wildpose_interfaces/lib/python3.8/site-packages:/home/m2s2/WildPose_v1.2-main/wildpose/install/motor_controller_pkg/lib/python3.8/site-packages:/home/m2s2/WildPose_v1.2-main/wildpose/install/dji_rs3_pkg/lib/python3.8/site-packages:/home/m2s2/WildPose_v1.2-main/wildpose/install/gamepad_pkg/lib/python3.8/site-packages:/opt/ros/foxy/lib/python3.8/site-packages /usr/bin/python3 -W ignore:setup.py install is deprecated setup.py egg_info --egg-base ../../build/motor_controller_pkg build --build-base /home/m2s2/WildPose_v1.2-main/wildpose/build/motor_controller_pkg/build install --record /home/m2s2/WildPose_v1.2-main/wildpose/build/motor_controller_pkg/install.log --install-scripts $base/lib/motor_controller_pkg --single-version-externally-managed install_data
[1.132s] DEBUG:colcon.colcon_core.event_handler.log_command:Invoking command in '/home/m2s2/WildPose_v1.2-main/wildpose/src/dji_rs3_pkg': CMAKE_PREFIX_PATH=/home/m2s2/WildPose_v1.2-main/wildpose/install/wildpose_interfaces:/home/m2s2/WildPose_v1.2-main/wildpose/install/wildpose_bringup PYTHONPATH=/home/m2s2/WildPose_v1.2-main/wildpose/build/dji_rs3_pkg/prefix_override:/home/m2s2/WildPose_v1.2-main/wildpose/install/dji_rs3_pkg/lib/python3.8/site-packages:/home/m2s2/WildPose_v1.2-main/wildpose/install/wildpose_interfaces/lib/python3.8/site-packages:/home/m2s2/WildPose_v1.2-main/wildpose/install/motor_controller_pkg/lib/python3.8/site-packages:/home/m2s2/WildPose_v1.2-main/wildpose/install/dji_rs3_pkg/lib/python3.8/site-packages:/home/m2s2/WildPose_v1.2-main/wildpose/install/gamepad_pkg/lib/python3.8/site-packages:/opt/ros/foxy/lib/python3.8/site-packages /usr/bin/python3 -W ignore:setup.py install is deprecated setup.py egg_info --egg-base ../../build/dji_rs3_pkg build --build-base /home/m2s2/WildPose_v1.2-main/wildpose/build/dji_rs3_pkg/build install --record /home/m2s2/WildPose_v1.2-main/wildpose/build/dji_rs3_pkg/install.log --install-scripts $base/lib/dji_rs3_pkg --single-version-externally-managed install_data
[1.302s] Level 1:colcon.colcon_core.environment:checking '/home/m2s2/WildPose_v1.2-main/wildpose/install/motor_controller_pkg' for CMake module files
[1.303s] DEBUG:colcon.colcon_core.event_handler.log_command:Invoked command in '/home/m2s2/WildPose_v1.2-main/wildpose/src/motor_controller_pkg' returned '0': CMAKE_PREFIX_PATH=/home/m2s2/WildPose_v1.2-main/wildpose/install/wildpose_interfaces:/home/m2s2/WildPose_v1.2-main/wildpose/install/wildpose_bringup PYTHONPATH=/home/m2s2/WildPose_v1.2-main/wildpose/build/motor_controller_pkg/prefix_override:/home/m2s2/WildPose_v1.2-main/wildpose/install/motor_controller_pkg/lib/python3.8/site-packages:/home/m2s2/WildPose_v1.2-main/wildpose/install/wildpose_interfaces/lib/python3.8/site-packages:/home/m2s2/WildPose_v1.2-main/wildpose/install/motor_controller_pkg/lib/python3.8/site-packages:/home/m2s2/WildPose_v1.2-main/wildpose/install/dji_rs3_pkg/lib/python3.8/site-packages:/home/m2s2/WildPose_v1.2-main/wildpose/install/gamepad_pkg/lib/python3.8/site-packages:/opt/ros/foxy/lib/python3.8/site-packages /usr/bin/python3 -W ignore:setup.py install is deprecated setup.py egg_info --egg-base ../../build/motor_controller_pkg build --build-base /home/m2s2/WildPose_v1.2-main/wildpose/build/motor_controller_pkg/build install --record /home/m2s2/WildPose_v1.2-main/wildpose/build/motor_controller_pkg/install.log --install-scripts $base/lib/motor_controller_pkg --single-version-externally-managed install_data
[1.303s] Level 1:colcon.colcon_core.environment:checking '/home/m2s2/WildPose_v1.2-main/wildpose/install/motor_controller_pkg' for CMake config files
[1.304s] Level 1:colcon.colcon_core.environment:checking '/home/m2s2/WildPose_v1.2-main/wildpose/install/motor_controller_pkg/lib'
[1.304s] Level 1:colcon.colcon_core.environment:checking '/home/m2s2/WildPose_v1.2-main/wildpose/install/motor_controller_pkg/bin'
[1.304s] Level 1:colcon.colcon_core.environment:checking '/home/m2s2/WildPose_v1.2-main/wildpose/install/motor_controller_pkg/lib/pkgconfig/motor_controller_pkg.pc'
[1.305s] Level 1:colcon.colcon_core.environment:checking '/home/m2s2/WildPose_v1.2-main/wildpose/install/motor_controller_pkg/lib/python3.8/site-packages'
[1.305s] Level 1:colcon.colcon_core.shell:create_environment_hook('motor_controller_pkg', 'pythonpath')
[1.305s] INFO:colcon.colcon_core.shell:Creating environment hook '/home/m2s2/WildPose_v1.2-main/wildpose/install/motor_controller_pkg/share/motor_controller_pkg/hook/pythonpath.ps1'
[1.306s] INFO:colcon.colcon_core.shell:Creating environment descriptor '/home/m2s2/WildPose_v1.2-main/wildpose/install/motor_controller_pkg/share/motor_controller_pkg/hook/pythonpath.dsv'
[1.306s] INFO:colcon.colcon_core.shell:Creating environment hook '/home/m2s2/WildPose_v1.2-main/wildpose/install/motor_controller_pkg/share/motor_controller_pkg/hook/pythonpath.sh'
[1.307s] Level 1:colcon.colcon_core.environment:checking '/home/m2s2/WildPose_v1.2-main/wildpose/install/motor_controller_pkg/bin'
[1.307s] Level 1:colcon.colcon_core.environment:create_environment_scripts_only(motor_controller_pkg)
[1.307s] INFO:colcon.colcon_core.shell:Creating package script '/home/m2s2/WildPose_v1.2-main/wildpose/install/motor_controller_pkg/share/motor_controller_pkg/package.ps1'
[1.307s] INFO:colcon.colcon_core.shell:Creating package descriptor '/home/m2s2/WildPose_v1.2-main/wildpose/install/motor_controller_pkg/share/motor_controller_pkg/package.dsv'
[1.308s] INFO:colcon.colcon_core.shell:Creating package script '/home/m2s2/WildPose_v1.2-main/wildpose/install/motor_controller_pkg/share/motor_controller_pkg/package.sh'
[1.308s] INFO:colcon.colcon_core.shell:Creating package script '/home/m2s2/WildPose_v1.2-main/wildpose/install/motor_controller_pkg/share/motor_controller_pkg/package.bash'
[1.308s] INFO:colcon.colcon_core.shell:Creating package script '/home/m2s2/WildPose_v1.2-main/wildpose/install/motor_controller_pkg/share/motor_controller_pkg/package.zsh'
[1.308s] Level 1:colcon.colcon_core.environment:create_file_with_runtime_dependencies(/home/m2s2/WildPose_v1.2-main/wildpose/install/motor_controller_pkg/share/colcon-core/packages/motor_controller_pkg)
[1.309s] Level 1:colcon.colcon_core.environment:checking '/home/m2s2/WildPose_v1.2-main/wildpose/install/dji_rs3_pkg' for CMake module files
[1.309s] DEBUG:colcon.colcon_core.event_handler.log_command:Invoked command in '/home/m2s2/WildPose_v1.2-main/wildpose/src/dji_rs3_pkg' returned '0': CMAKE_PREFIX_PATH=/home/m2s2/WildPose_v1.2-main/wildpose/install/wildpose_interfaces:/home/m2s2/WildPose_v1.2-main/wildpose/install/wildpose_bringup PYTHONPATH=/home/m2s2/WildPose_v1.2-main/wildpose/build/dji_rs3_pkg/prefix_override:/home/m2s2/WildPose_v1.2-main/wildpose/install/dji_rs3_pkg/lib/python3.8/site-packages:/home/m2s2/WildPose_v1.2-main/wildpose/install/wildpose_interfaces/lib/python3.8/site-packages:/home/m2s2/WildPose_v1.2-main/wildpose/install/motor_controller_pkg/lib/python3.8/site-packages:/home/m2s2/WildPose_v1.2-main/wildpose/install/dji_rs3_pkg/lib/python3.8/site-packages:/home/m2s2/WildPose_v1.2-main/wildpose/install/gamepad_pkg/lib/python3.8/site-packages:/opt/ros/foxy/lib/python3.8/site-packages /usr/bin/python3 -W ignore:setup.py install is deprecated setup.py egg_info --egg-base ../../build/dji_rs3_pkg build --build-base /home/m2s2/WildPose_v1.2-main/wildpose/build/dji_rs3_pkg/build install --record /home/m2s2/WildPose_v1.2-main/wildpose/build/dji_rs3_pkg/install.log --install-scripts $base/lib/dji_rs3_pkg --single-version-externally-managed install_data
[1.310s] Level 1:colcon.colcon_core.environment:checking '/home/m2s2/WildPose_v1.2-main/wildpose/install/dji_rs3_pkg' for CMake config files
[1.310s] Level 1:colcon.colcon_core.environment:checking '/home/m2s2/WildPose_v1.2-main/wildpose/install/dji_rs3_pkg/lib'
[1.310s] Level 1:colcon.colcon_core.environment:checking '/home/m2s2/WildPose_v1.2-main/wildpose/install/dji_rs3_pkg/bin'
[1.310s] Level 1:colcon.colcon_core.environment:checking '/home/m2s2/WildPose_v1.2-main/wildpose/install/dji_rs3_pkg/lib/pkgconfig/dji_rs3_pkg.pc'
[1.310s] Level 1:colcon.colcon_core.environment:checking '/home/m2s2/WildPose_v1.2-main/wildpose/install/dji_rs3_pkg/lib/python3.8/site-packages'
[1.310s] Level 1:colcon.colcon_core.shell:create_environment_hook('dji_rs3_pkg', 'pythonpath')
[1.310s] INFO:colcon.colcon_core.shell:Creating environment hook '/home/m2s2/WildPose_v1.2-main/wildpose/install/dji_rs3_pkg/share/dji_rs3_pkg/hook/pythonpath.ps1'
[1.310s] INFO:colcon.colcon_core.shell:Creating environment descriptor '/home/m2s2/WildPose_v1.2-main/wildpose/install/dji_rs3_pkg/share/dji_rs3_pkg/hook/pythonpath.dsv'
[1.311s] INFO:colcon.colcon_core.shell:Creating environment hook '/home/m2s2/WildPose_v1.2-main/wildpose/install/dji_rs3_pkg/share/dji_rs3_pkg/hook/pythonpath.sh'
[1.311s] Level 1:colcon.colcon_core.environment:checking '/home/m2s2/WildPose_v1.2-main/wildpose/install/dji_rs3_pkg/bin'
[1.311s] Level 1:colcon.colcon_core.environment:create_environment_scripts_only(dji_rs3_pkg)
[1.311s] INFO:colcon.colcon_core.shell:Creating package script '/home/m2s2/WildPose_v1.2-main/wildpose/install/dji_rs3_pkg/share/dji_rs3_pkg/package.ps1'
[1.311s] INFO:colcon.colcon_core.shell:Creating package descriptor '/home/m2s2/WildPose_v1.2-main/wildpose/install/dji_rs3_pkg/share/dji_rs3_pkg/package.dsv'
[1.312s] INFO:colcon.colcon_core.shell:Creating package script '/home/m2s2/WildPose_v1.2-main/wildpose/install/dji_rs3_pkg/share/dji_rs3_pkg/package.sh'
[1.312s] INFO:colcon.colcon_core.shell:Creating package script '/home/m2s2/WildPose_v1.2-main/wildpose/install/dji_rs3_pkg/share/dji_rs3_pkg/package.bash'
[1.312s] INFO:colcon.colcon_core.shell:Creating package script '/home/m2s2/WildPose_v1.2-main/wildpose/install/dji_rs3_pkg/share/dji_rs3_pkg/package.zsh'
[1.312s] Level 1:colcon.colcon_core.environment:create_file_with_runtime_dependencies(/home/m2s2/WildPose_v1.2-main/wildpose/install/dji_rs3_pkg/share/colcon-core/packages/dji_rs3_pkg)
[1.312s] INFO:colcon.colcon_ros.task.ament_cmake.build:Building ROS package in '/home/m2s2/WildPose_v1.2-main/wildpose/src/wildpose_bringup' with build type 'ament_cmake'
[1.313s] INFO:colcon.colcon_cmake.task.cmake.build:Building CMake package in '/home/m2s2/WildPose_v1.2-main/wildpose/src/wildpose_bringup'
[1.313s] INFO:colcon.colcon_core.shell:Skip shell extension 'powershell' for command environment: Not usable outside of PowerShell
[1.313s] DEBUG:colcon.colcon_core.shell:Skip shell extension 'dsv' for command environment
[1.324s] DEBUG:colcon.colcon_core.event_handler.log_command:Invoking command in '/home/m2s2/WildPose_v1.2-main/wildpose/build/wildpose_bringup': AMENT_PREFIX_PATH=/home/m2s2/WildPose_v1.2-main/wildpose/install/motor_controller_pkg:/home/m2s2/WildPose_v1.2-main/wildpose/install/dji_rs3_pkg:/home/m2s2/WildPose_v1.2-main/wildpose/install/wildpose_bringup:/home/m2s2/WildPose_v1.2-main/wildpose/install/wildpose_interfaces:/home/m2s2/WildPose_v1.2-main/wildpose/install/gamepad_pkg:/opt/ros/foxy CMAKE_PREFIX_PATH=/home/m2s2/WildPose_v1.2-main/wildpose/install/wildpose_interfaces:/home/m2s2/WildPose_v1.2-main/wildpose/install/wildpose_bringup:/home/m2s2/WildPose_v1.2-main/wildpose/install/motor_controller_pkg:/home/m2s2/WildPose_v1.2-main/wildpose/install/dji_rs3_pkg:/home/m2s2/WildPose_v1.2-main/wildpose/install/gamepad_pkg:/opt/ros/foxy /usr/bin/cmake --build /home/m2s2/WildPose_v1.2-main/wildpose/build/wildpose_bringup -- -j16 -l16
[1.363s] DEBUG:colcon.colcon_core.event_handler.log_command:Invoked command in '/home/m2s2/WildPose_v1.2-main/wildpose/build/wildpose_bringup' returned '0': AMENT_PREFIX_PATH=/home/m2s2/WildPose_v1.2-main/wildpose/install/motor_controller_pkg:/home/m2s2/WildPose_v1.2-main/wildpose/install/dji_rs3_pkg:/home/m2s2/WildPose_v1.2-main/wildpose/install/wildpose_bringup:/home/m2s2/WildPose_v1.2-main/wildpose/install/wildpose_interfaces:/home/m2s2/WildPose_v1.2-main/wildpose/install/gamepad_pkg:/opt/ros/foxy CMAKE_PREFIX_PATH=/home/m2s2/WildPose_v1.2-main/wildpose/install/wildpose_interfaces:/home/m2s2/WildPose_v1.2-main/wildpose/install/wildpose_bringup:/home/m2s2/WildPose_v1.2-main/wildpose/install/motor_controller_pkg:/home/m2s2/WildPose_v1.2-main/wildpose/install/dji_rs3_pkg:/home/m2s2/WildPose_v1.2-main/wildpose/install/gamepad_pkg:/opt/ros/foxy /usr/bin/cmake --build /home/m2s2/WildPose_v1.2-main/wildpose/build/wildpose_bringup -- -j16 -l16
[1.390s] DEBUG:colcon.colcon_core.event_handler.log_command:Invoking command in '/home/m2s2/WildPose_v1.2-main/wildpose/build/wildpose_bringup': AMENT_PREFIX_PATH=/home/m2s2/WildPose_v1.2-main/wildpose/install/motor_controller_pkg:/home/m2s2/WildPose_v1.2-main/wildpose/install/dji_rs3_pkg:/home/m2s2/WildPose_v1.2-main/wildpose/install/wildpose_bringup:/home/m2s2/WildPose_v1.2-main/wildpose/install/wildpose_interfaces:/home/m2s2/WildPose_v1.2-main/wildpose/install/gamepad_pkg:/opt/ros/foxy CMAKE_PREFIX_PATH=/home/m2s2/WildPose_v1.2-main/wildpose/install/wildpose_interfaces:/home/m2s2/WildPose_v1.2-main/wildpose/install/wildpose_bringup:/home/m2s2/WildPose_v1.2-main/wildpose/install/motor_controller_pkg:/home/m2s2/WildPose_v1.2-main/wildpose/install/dji_rs3_pkg:/home/m2s2/WildPose_v1.2-main/wildpose/install/gamepad_pkg:/opt/ros/foxy /usr/bin/cmake --install /home/m2s2/WildPose_v1.2-main/wildpose/build/wildpose_bringup
[1.402s] Level 1:colcon.colcon_core.environment:create_environment_scripts_only(wildpose_bringup)
[1.403s] DEBUG:colcon.colcon_core.event_handler.log_command:Invoked command in '/home/m2s2/WildPose_v1.2-main/wildpose/build/wildpose_bringup' returned '0': AMENT_PREFIX_PATH=/home/m2s2/WildPose_v1.2-main/wildpose/install/motor_controller_pkg:/home/m2s2/WildPose_v1.2-main/wildpose/install/dji_rs3_pkg:/home/m2s2/WildPose_v1.2-main/wildpose/install/wildpose_bringup:/home/m2s2/WildPose_v1.2-main/wildpose/install/wildpose_interfaces:/home/m2s2/WildPose_v1.2-main/wildpose/install/gamepad_pkg:/opt/ros/foxy CMAKE_PREFIX_PATH=/home/m2s2/WildPose_v1.2-main/wildpose/install/wildpose_interfaces:/home/m2s2/WildPose_v1.2-main/wildpose/install/wildpose_bringup:/home/m2s2/WildPose_v1.2-main/wildpose/install/motor_controller_pkg:/home/m2s2/WildPose_v1.2-main/wildpose/install/dji_rs3_pkg:/home/m2s2/WildPose_v1.2-main/wildpose/install/gamepad_pkg:/opt/ros/foxy /usr/bin/cmake --install /home/m2s2/WildPose_v1.2-main/wildpose/build/wildpose_bringup
[1.404s] Level 1:colcon.colcon_core.environment:checking '/home/m2s2/WildPose_v1.2-main/wildpose/install/wildpose_bringup' for CMake module files
[1.405s] Level 1:colcon.colcon_core.environment:checking '/home/m2s2/WildPose_v1.2-main/wildpose/install/wildpose_bringup' for CMake config files
[1.405s] Level 1:colcon.colcon_core.shell:create_environment_hook('wildpose_bringup', 'cmake_prefix_path')
[1.406s] INFO:colcon.colcon_core.shell:Creating environment hook '/home/m2s2/WildPose_v1.2-main/wildpose/install/wildpose_bringup/share/wildpose_bringup/hook/cmake_prefix_path.ps1'
[1.406s] INFO:colcon.colcon_core.shell:Creating environment descriptor '/home/m2s2/WildPose_v1.2-main/wildpose/install/wildpose_bringup/share/wildpose_bringup/hook/cmake_prefix_path.dsv'
[1.407s] INFO:colcon.colcon_core.shell:Creating environment hook '/home/m2s2/WildPose_v1.2-main/wildpose/install/wildpose_bringup/share/wildpose_bringup/hook/cmake_prefix_path.sh'
[1.408s] Level 1:colcon.colcon_core.environment:checking '/home/m2s2/WildPose_v1.2-main/wildpose/install/wildpose_bringup/bin'
[1.408s] Level 1:colcon.colcon_core.environment:checking '/home/m2s2/WildPose_v1.2-main/wildpose/install/wildpose_bringup/lib/pkgconfig/wildpose_bringup.pc'
[1.409s] Level 1:colcon.colcon_core.environment:checking '/home/m2s2/WildPose_v1.2-main/wildpose/install/wildpose_bringup/lib/python3.8/site-packages'
[1.409s] Level 1:colcon.colcon_core.environment:checking '/home/m2s2/WildPose_v1.2-main/wildpose/install/wildpose_bringup/bin'
[1.410s] INFO:colcon.colcon_core.shell:Creating package script '/home/m2s2/WildPose_v1.2-main/wildpose/install/wildpose_bringup/share/wildpose_bringup/package.ps1'
[1.411s] INFO:colcon.colcon_core.shell:Creating package descriptor '/home/m2s2/WildPose_v1.2-main/wildpose/install/wildpose_bringup/share/wildpose_bringup/package.dsv'
[1.412s] INFO:colcon.colcon_core.shell:Creating package script '/home/m2s2/WildPose_v1.2-main/wildpose/install/wildpose_bringup/share/wildpose_bringup/package.sh'
[1.413s] INFO:colcon.colcon_core.shell:Creating package script '/home/m2s2/WildPose_v1.2-main/wildpose/install/wildpose_bringup/share/wildpose_bringup/package.bash'
[1.414s] INFO:colcon.colcon_core.shell:Creating package script '/home/m2s2/WildPose_v1.2-main/wildpose/install/wildpose_bringup/share/wildpose_bringup/package.zsh'
[1.414s] Level 1:colcon.colcon_core.environment:create_file_with_runtime_dependencies(/home/m2s2/WildPose_v1.2-main/wildpose/install/wildpose_bringup/share/colcon-core/packages/wildpose_bringup)
[1.436s] Level 1:colcon.colcon_core.environment:create_environment_scripts_only(wildpose_bringup)
[1.437s] Level 1:colcon.colcon_core.environment:checking '/home/m2s2/WildPose_v1.2-main/wildpose/install/wildpose_bringup' for CMake module files
[1.437s] Level 1:colcon.colcon_core.environment:checking '/home/m2s2/WildPose_v1.2-main/wildpose/install/wildpose_bringup' for CMake config files
[1.437s] Level 1:colcon.colcon_core.shell:create_environment_hook('wildpose_bringup', 'cmake_prefix_path')
[1.438s] INFO:colcon.colcon_core.shell:Creating environment hook '/home/m2s2/WildPose_v1.2-main/wildpose/install/wildpose_bringup/share/wildpose_bringup/hook/cmake_prefix_path.ps1'
[1.439s] INFO:colcon.colcon_core.shell:Creating environment descriptor '/home/m2s2/WildPose_v1.2-main/wildpose/install/wildpose_bringup/share/wildpose_bringup/hook/cmake_prefix_path.dsv'
[1.439s] INFO:colcon.colcon_core.shell:Creating environment hook '/home/m2s2/WildPose_v1.2-main/wildpose/install/wildpose_bringup/share/wildpose_bringup/hook/cmake_prefix_path.sh'
[1.440s] Level 1:colcon.colcon_core.environment:checking '/home/m2s2/WildPose_v1.2-main/wildpose/install/wildpose_bringup/bin'
[1.440s] Level 1:colcon.colcon_core.environment:checking '/home/m2s2/WildPose_v1.2-main/wildpose/install/wildpose_bringup/lib/pkgconfig/wildpose_bringup.pc'
[1.440s] Level 1:colcon.colcon_core.environment:checking '/home/m2s2/WildPose_v1.2-main/wildpose/install/wildpose_bringup/lib/python3.8/site-packages'
[1.440s] Level 1:colcon.colcon_core.environment:checking '/home/m2s2/WildPose_v1.2-main/wildpose/install/wildpose_bringup/bin'
[1.441s] INFO:colcon.colcon_core.shell:Creating package script '/home/m2s2/WildPose_v1.2-main/wildpose/install/wildpose_bringup/share/wildpose_bringup/package.ps1'
[1.441s] INFO:colcon.colcon_core.shell:Creating package descriptor '/home/m2s2/WildPose_v1.2-main/wildpose/install/wildpose_bringup/share/wildpose_bringup/package.dsv'
[1.442s] INFO:colcon.colcon_core.shell:Creating package script '/home/m2s2/WildPose_v1.2-main/wildpose/install/wildpose_bringup/share/wildpose_bringup/package.sh'
[1.442s] INFO:colcon.colcon_core.shell:Creating package script '/home/m2s2/WildPose_v1.2-main/wildpose/install/wildpose_bringup/share/wildpose_bringup/package.bash'
[1.443s] INFO:colcon.colcon_core.shell:Creating package script '/home/m2s2/WildPose_v1.2-main/wildpose/install/wildpose_bringup/share/wildpose_bringup/package.zsh'
[1.443s] Level 1:colcon.colcon_core.environment:create_file_with_runtime_dependencies(/home/m2s2/WildPose_v1.2-main/wildpose/install/wildpose_bringup/share/colcon-core/packages/wildpose_bringup)
[1.443s] DEBUG:colcon.colcon_parallel_executor.executor.parallel:closing loop
[1.444s] DEBUG:colcon.colcon_parallel_executor.executor.parallel:loop closed
[1.444s] DEBUG:colcon.colcon_parallel_executor.executor.parallel:run_until_complete finished with '0'
[1.444s] DEBUG:colcon.colcon_core.event_reactor:joining thread
[1.453s] INFO:colcon.colcon_core.plugin_system:Skipping extension 'colcon_notification.desktop_notification.terminal_notifier': Not used on non-Darwin systems
[1.453s] INFO:colcon.colcon_core.plugin_system:Skipping extension 'colcon_notification.desktop_notification.win32': Not used on non-Windows systems
[1.453s] INFO:colcon.colcon_notification.desktop_notification:Sending desktop notification using 'notify2'
[1.475s] DEBUG:colcon.colcon_core.event_reactor:joined thread
[1.476s] INFO:colcon.colcon_core.shell:Creating prefix script '/home/m2s2/WildPose_v1.2-main/wildpose/install/local_setup.ps1'
[1.478s] INFO:colcon.colcon_core.shell:Creating prefix util module '/home/m2s2/WildPose_v1.2-main/wildpose/install/_local_setup_util_ps1.py'
[1.479s] INFO:colcon.colcon_core.shell:Creating prefix chain script '/home/m2s2/WildPose_v1.2-main/wildpose/install/setup.ps1'
[1.480s] INFO:colcon.colcon_core.shell:Creating prefix script '/home/m2s2/WildPose_v1.2-main/wildpose/install/local_setup.sh'
[1.481s] INFO:colcon.colcon_core.shell:Creating prefix util module '/home/m2s2/WildPose_v1.2-main/wildpose/install/_local_setup_util_sh.py'
[1.482s] INFO:colcon.colcon_core.shell:Creating prefix chain script '/home/m2s2/WildPose_v1.2-main/wildpose/install/setup.sh'
[1.483s] INFO:colcon.colcon_core.shell:Creating prefix script '/home/m2s2/WildPose_v1.2-main/wildpose/install/local_setup.bash'
[1.484s] INFO:colcon.colcon_core.shell:Creating prefix chain script '/home/m2s2/WildPose_v1.2-main/wildpose/install/setup.bash'
[1.485s] INFO:colcon.colcon_core.shell:Creating prefix script '/home/m2s2/WildPose_v1.2-main/wildpose/install/local_setup.zsh'
[1.486s] INFO:colcon.colcon_core.shell:Creating prefix chain script '/home/m2s2/WildPose_v1.2-main/wildpose/install/setup.zsh'
