[0.152s] Invoking command in '/home/naoya/Wildpose_v1.3/build/livox_ros2_driver': AMENT_PREFIX_PATH=/home/naoya/Wildpose_v1.3/install/livox_sdk_vendor:/home/naoya/Wildpose_v1.3/install/livox_interfaces:${AMENT_PREFIX_PATH} CMAKE_PREFIX_PATH=/home/naoya/Wildpose_v1.3/install/livox_sdk_vendor:/home/naoya/Wildpose_v1.3/install/livox_interfaces:/home/naoya/WildPose_v1.2/wildpose/install/wildpose_bringup:/home/naoya/WildPose_v1.2/wildpose/install/wildpose_interfaces:/home/naoya/ros2_ws/livox_ros2_driver/install/livox_ros2_driver:/home/naoya/ros2_ws/livox_ros2_driver/install/livox_sdk_vendor:/home/naoya/ros2_ws/livox_ros2_driver/install/livox_interfaces:/home/naoya/ros2_ws/ximea_ros2_cam/install/ximea_ros2_cam:/home/naoya/ros2_ws/rmw_ecal/install/rmw_ecal_dynamic_cpp:/home/naoya/ros2_ws/rmw_ecal/install/rmw_ecal_shared_cpp:/home/naoya/WildPose_v1.2/wildpose/install/motor_controller_pkg:/home/naoya/WildPose_v1.2/wildpose/install/gamepad_pkg:/opt/ros/foxy LD_LIBRARY_PATH=/home/naoya/Wildpose_v1.3/install/livox_interfaces/lib:${LD_LIBRARY_PATH} PYTHONPATH=/home/naoya/Wildpose_v1.3/install/livox_interfaces/lib/python3.8/site-packages:${PYTHONPATH} /usr/bin/cmake /home/naoya/Wildpose_v1.3/wildpose/src/livox_lidar_ROS2_driver/livox_ros2_driver -DCMAKE_INSTALL_PREFIX=/home/naoya/Wildpose_v1.3/install/livox_ros2_driver
[0.197s] -- The C compiler identification is GNU 9.4.0
[0.242s] -- The CXX compiler identification is GNU 9.4.0
[0.245s] -- Check for working C compiler: /usr/bin/cc
[0.293s] -- Check for working C compiler: /usr/bin/cc -- works
[0.294s] -- Detecting C compiler ABI info
[0.351s] -- Detecting C compiler ABI info - done
[0.359s] -- Detecting C compile features
[0.359s] -- Detecting C compile features - done
[0.360s] -- Check for working CXX compiler: /usr/bin/c++
[0.423s] -- Check for working CXX compiler: /usr/bin/c++ -- works
[0.423s] -- Detecting CXX compiler ABI info
[0.481s] -- Detecting CXX compiler ABI info - done
[0.496s] -- Detecting CXX compile features
[0.496s] -- Detecting CXX compile features - done
[0.496s] -- livox_ros2_driver version: 0.0.1
[0.499s] -- Found ament_cmake_auto: 0.9.12 (/opt/ros/foxy/share/ament_cmake_auto/cmake)
[0.527s] -- Found PythonInterp: /usr/bin/python3 (found suitable version "3.8.10", minimum required is "3") 
[0.527s] -- Using PYTHON_EXECUTABLE: /usr/bin/python3
[0.722s] -- Using all available rosidl_typesupport_c: rosidl_typesupport_fastrtps_c;rosidl_typesupport_introspection_c
[0.727s] -- Found rosidl_adapter: 1.3.1 (/opt/ros/foxy/share/rosidl_adapter/cmake)
[0.774s] -- Found OpenSSL: /usr/lib/x86_64-linux-gnu/libcrypto.so (found version "1.1.1f")  
[0.793s] -- Found FastRTPS: /opt/ros/foxy/include  
[0.843s] -- Using all available rosidl_typesupport_cpp: rosidl_typesupport_fastrtps_cpp;rosidl_typesupport_introspection_cpp
[0.882s] -- Found rmw_implementation_cmake: 1.0.4 (/opt/ros/foxy/share/rmw_implementation_cmake/cmake)
[0.883s] -- Using RMW implementation 'rmw_ecal_dynamic_cpp' as default
[0.883s] -- Looking for pthread.h
[0.939s] -- Looking for pthread.h - found
[0.939s] -- Performing Test CMAKE_HAVE_LIBC_PTHREAD
[1.009s] -- Performing Test CMAKE_HAVE_LIBC_PTHREAD - Failed
[1.009s] -- Looking for pthread_create in pthreads
[1.065s] -- Looking for pthread_create in pthreads - not found
[1.065s] -- Looking for pthread_create in pthread
[1.132s] -- Looking for pthread_create in pthread - found
[1.133s] -- Found Threads: TRUE  
[1.543s] -- Found Boost: /usr/lib/x86_64-linux-gnu/cmake/Boost-1.71.0/BoostConfig.cmake (found suitable version "1.71.0", minimum required is "1.65.0") found components: system filesystem iostreams serialization 
[1.554s] -- Checking for module 'flann'
[1.563s] --   Found flann, version 1.9.1
[1.588s] -- Found FLANN: /usr/lib/x86_64-linux-gnu/libflann_cpp.so  
[1.588s] -- FLANN found (include: /usr/include, lib: /usr/lib/x86_64-linux-gnu/libflann_cpp.so)
[1.798s] -- Found OpenMP_CXX: -fopenmp (found version "4.5") 
[1.798s] -- Found OpenMP: TRUE (found version "4.5") found components: CXX 
[1.841s] -- The imported target "vtkParseOGLExt" references the file
[1.841s]    "/usr/bin/vtkParseOGLExt-7.1"
[1.841s] but this file does not exist.  Possible reasons include:
[1.842s] * The file was deleted, renamed, or moved to another location.
[1.842s] * An install or uninstall procedure did not complete successfully.
[1.842s] * The installation package was faulty and contained
[1.842s]    "/usr/lib/cmake/vtk-7.1/VTKTargets.cmake"
[1.842s] but not all the files it references.
[1.842s] 
[1.842s] -- The imported target "vtkRenderingPythonTkWidgets" references the file
[1.842s]    "/usr/lib/x86_64-linux-gnu/libvtkRenderingPythonTkWidgets.so"
[1.842s] but this file does not exist.  Possible reasons include:
[1.842s] * The file was deleted, renamed, or moved to another location.
[1.842s] * An install or uninstall procedure did not complete successfully.
[1.842s] * The installation package was faulty and contained
[1.842s]    "/usr/lib/cmake/vtk-7.1/VTKTargets.cmake"
[1.842s] but not all the files it references.
[1.842s] 
[1.842s] -- The imported target "vtk" references the file
[1.842s]    "/usr/bin/vtk"
[1.843s] but this file does not exist.  Possible reasons include:
[1.843s] * The file was deleted, renamed, or moved to another location.
[1.843s] * An install or uninstall procedure did not complete successfully.
[1.843s] * The installation package was faulty and contained
[1.843s]    "/usr/lib/cmake/vtk-7.1/VTKTargets.cmake"
[1.843s] but not all the files it references.
[1.843s] 
[1.843s] -- The imported target "pvtk" references the file
[1.843s]    "/usr/bin/pvtk"
[1.843s] but this file does not exist.  Possible reasons include:
[1.843s] * The file was deleted, renamed, or moved to another location.
[1.843s] * An install or uninstall procedure did not complete successfully.
[1.843s] * The installation package was faulty and contained
[1.843s]    "/usr/lib/cmake/vtk-7.1/VTKTargets.cmake"
[1.843s] but not all the files it references.
[1.843s] 
[1.912s] -- Checking for module 'libusb-1.0'
[1.924s] --   Found libusb-1.0, version 1.0.23
[1.953s] -- Found libusb: /usr/lib/x86_64-linux-gnu/libusb-1.0.so  
[1.954s] -- Found OpenNI: /usr/lib/libOpenNI.so;libusb::libusb (found version "1.5.4.0") 
[1.954s] -- OpenNI found (version: 1.5.4.0, include: /usr/include/ni, lib: /usr/lib/libOpenNI.so;libusb::libusb)
[2.003s] -- Found OpenNI2: /usr/lib/libOpenNI2.so;libusb::libusb (found version "2.2.0.33") 
[2.003s] -- OpenNI2 found (version: 2.2.0.33, include: /usr/include/openni2, lib: /usr/lib/libOpenNI2.so;libusb::libusb)
[2.006s] -- Could NOT find Pcap (missing: PCAP_LIBRARIES PCAP_INCLUDE_DIRS) 
[2.006s] ** WARNING ** io features related to pcap will be disabled
[2.014s] -- Found ZLIB: /usr/lib/x86_64-linux-gnu/libz.so (found version "1.2.11") 
[2.027s] -- Found PNG: /usr/lib/x86_64-linux-gnu/libpng.so (found version "1.6.37") 
[2.053s] -- OpenNI found (version: 1.5.4.0, include: /usr/include/ni, lib: /usr/lib/libOpenNI.so;libusb::libusb)
[2.057s] -- OpenNI2 found (version: 2.2.0.33, include: /usr/include/openni2, lib: /usr/lib/libOpenNI2.so;libusb::libusb)
[2.082s] -- Found Qhull: /usr/lib/x86_64-linux-gnu/libqhull_r.so  
[2.082s] -- QHULL found (include: /usr/include, lib: /usr/lib/x86_64-linux-gnu/libqhull_r.so)
[2.101s] -- looking for PCL_COMMON
[2.101s] -- Found PCL_COMMON: /usr/local/lib/libpcl_common.so  
[2.101s] -- looking for PCL_KDTREE
[2.101s] -- Found PCL_KDTREE: /usr/local/lib/libpcl_kdtree.so  
[2.102s] -- looking for PCL_OCTREE
[2.102s] -- Found PCL_OCTREE: /usr/local/lib/libpcl_octree.so  
[2.102s] -- looking for PCL_SEARCH
[2.102s] -- Found PCL_SEARCH: /usr/local/lib/libpcl_search.so  
[2.102s] -- looking for PCL_SAMPLE_CONSENSUS
[2.103s] -- Found PCL_SAMPLE_CONSENSUS: /usr/local/lib/libpcl_sample_consensus.so  
[2.103s] -- looking for PCL_FILTERS
[2.103s] -- Found PCL_FILTERS: /usr/local/lib/libpcl_filters.so  
[2.103s] -- looking for PCL_2D
[2.104s] -- Found PCL_2D: /usr/local/include/pcl-1.13  
[2.104s] -- looking for PCL_GEOMETRY
[2.104s] -- Found PCL_GEOMETRY: /usr/local/include/pcl-1.13  
[2.104s] -- looking for PCL_IO
[2.105s] -- Found PCL_IO: /usr/local/lib/libpcl_io.so  
[2.105s] -- looking for PCL_FEATURES
[2.105s] -- Found PCL_FEATURES: /usr/local/lib/libpcl_features.so  
[2.105s] -- looking for PCL_ML
[2.106s] -- Found PCL_ML: /usr/local/lib/libpcl_ml.so  
[2.106s] -- looking for PCL_SEGMENTATION
[2.106s] -- Found PCL_SEGMENTATION: /usr/local/lib/libpcl_segmentation.so  
[2.106s] -- looking for PCL_VISUALIZATION
[2.107s] -- Found PCL_VISUALIZATION: /usr/local/lib/libpcl_visualization.so  
[2.107s] -- looking for PCL_SURFACE
[2.107s] -- Found PCL_SURFACE: /usr/local/lib/libpcl_surface.so  
[2.107s] -- looking for PCL_REGISTRATION
[2.108s] -- Found PCL_REGISTRATION: /usr/local/lib/libpcl_registration.so  
[2.108s] -- looking for PCL_KEYPOINTS
[2.109s] -- Found PCL_KEYPOINTS: /usr/local/lib/libpcl_keypoints.so  
[2.109s] -- looking for PCL_TRACKING
[2.109s] -- Found PCL_TRACKING: /usr/local/lib/libpcl_tracking.so  
[2.109s] -- looking for PCL_RECOGNITION
[2.110s] -- Found PCL_RECOGNITION: /usr/local/lib/libpcl_recognition.so  
[2.110s] -- looking for PCL_STEREO
[2.110s] -- Found PCL_STEREO: /usr/local/lib/libpcl_stereo.so  
[2.110s] -- looking for PCL_OUTOFCORE
[2.111s] -- Found PCL_OUTOFCORE: /usr/local/lib/libpcl_outofcore.so  
[2.111s] -- looking for PCL_PEOPLE
[2.111s] -- Found PCL_PEOPLE: /usr/local/lib/libpcl_people.so  
[2.112s] -- Found PCL: pcl_common;pcl_kdtree;pcl_octree;pcl_search;pcl_sample_consensus;pcl_filters;pcl_io;pcl_features;pcl_ml;pcl_segmentation;pcl_visualization;pcl_surface;pcl_registration;pcl_keypoints;pcl_tracking;pcl_recognition;pcl_stereo;pcl_outofcore;pcl_people;Boost::system;Boost::filesystem;Boost::iostreams;Boost::serialization;/usr/lib/libOpenNI.so;libusb::libusb;/usr/lib/libOpenNI2.so;libusb::libusb;vtkChartsCore;vtkCommonColor;vtkCommonCore;vtksys;vtkCommonDataModel;vtkCommonMath;vtkCommonMisc;vtkCommonSystem;vtkCommonTransforms;vtkCommonExecutionModel;vtkFiltersGeneral;vtkCommonComputationalGeometry;vtkFiltersCore;vtkInfovisCore;vtkFiltersExtraction;vtkFiltersStatistics;vtkImagingFourier;vtkImagingCore;vtkalglib;vtkRenderingContext2D;vtkRenderingCore;vtkFiltersGeometry;vtkFiltersSources;vtkRenderingFreeType;/usr/lib/x86_64-linux-gnu/libfreetype.so;/usr/lib/x86_64-linux-gnu/libz.so;vtkFiltersModeling;vtkImagingSources;vtkInteractionImage;vtkImagingColor;vtkInteractionStyle;vtkInteractionWidgets;vtkFiltersHybrid;vtkImagingGeneral;vtkImagingHybrid;vtkIOImage;vtkDICOMParser;vtkmetaio;/usr/lib/x86_64-linux-gnu/libjpeg.so;/usr/lib/x86_64-linux-gnu/libpng.so;/usr/lib/x86_64-linux-gnu/libtiff.so;vtkRenderingAnnotation;vtkRenderingVolume;vtkIOXML;vtkIOCore;vtkIOXMLParser;/usr/lib/x86_64-linux-gnu/libexpat.so;vtkIOGeometry;vtkIOLegacy;vtkIOPLY;vtkRenderingLOD;vtkViewsCore;vtkViewsContext2D;vtkRenderingOpenGL2;vtkRenderingContextOpenGL2;vtkGUISupportQt;FLANN::FLANN;QHULL::QHULL  
[2.113s] -- Found livox_sdk: /usr/local/include  
[2.116s] -- Found PkgConfig: /usr/bin/pkg-config (found version "0.29.1") 
[2.117s] -- Checking for module 'apr-1'
[2.119s] --   No package 'apr-1' found
[2.149s] -- Found ament_lint_auto: 0.9.8 (/opt/ros/foxy/share/ament_lint_auto/cmake)
[2.164s] -- Added test 'copyright' to check source files copyright and LICENSE
[2.166s] -- Added test 'cppcheck' to perform static code analysis on C / C++ code
[2.167s] -- Configured cppcheck include dirs: /home/naoya/Wildpose_v1.3/wildpose/src/livox_lidar_ROS2_driver/livox_ros2_driver/common;/home/naoya/Wildpose_v1.3/wildpose/src/livox_lidar_ROS2_driver/livox_ros2_driver/common/rapidjson;/home/naoya/Wildpose_v1.3/wildpose/src/livox_lidar_ROS2_driver/livox_ros2_driver/comon/rapdidxml;/home/naoya/Wildpose_v1.3/wildpose/src/livox_lidar_ROS2_driver/livox_ros2_driver/common/comm;/home/naoya/Wildpose_v1.3/wildpose/src/livox_lidar_ROS2_driver/livox_ros2_driver/timesync;/home/naoya/Wildpose_v1.3/wildpose/src/livox_lidar_ROS2_driver/livox_ros2_driver/timesync/user_uart;/home/naoya/Wildpose_v1.3/wildpose/src/livox_lidar_ROS2_driver/livox_ros2_driver/livox_ros2_driver
[2.167s] -- Configured cppcheck exclude dirs and/or files: 
[2.169s] -- Added test 'cpplint' to check C / C++ code against the Google style
[2.169s] -- Configured cpplint exclude dirs and/or files: 
[2.169s] -- Added test 'flake8' to check Python code syntax and style conventions
[2.170s] -- Added test 'lint_cmake' to check CMake code style
[2.170s] -- Added test 'pep257' to check Python code against some of the style conventions in PEP 257
[2.172s] -- Added test 'uncrustify' to check C / C++ code style
[2.172s] -- Configured uncrustify additional arguments: 
[2.173s] -- Added test 'xmllint' to check XML markup files
[2.176s] -- Configuring done
[2.212s] -- Generating done
[2.214s] -- Build files have been written to: /home/naoya/Wildpose_v1.3/build/livox_ros2_driver
[2.225s] Invoked command in '/home/naoya/Wildpose_v1.3/build/livox_ros2_driver' returned '0': AMENT_PREFIX_PATH=/home/naoya/Wildpose_v1.3/install/livox_sdk_vendor:/home/naoya/Wildpose_v1.3/install/livox_interfaces:${AMENT_PREFIX_PATH} CMAKE_PREFIX_PATH=/home/naoya/Wildpose_v1.3/install/livox_sdk_vendor:/home/naoya/Wildpose_v1.3/install/livox_interfaces:/home/naoya/WildPose_v1.2/wildpose/install/wildpose_bringup:/home/naoya/WildPose_v1.2/wildpose/install/wildpose_interfaces:/home/naoya/ros2_ws/livox_ros2_driver/install/livox_ros2_driver:/home/naoya/ros2_ws/livox_ros2_driver/install/livox_sdk_vendor:/home/naoya/ros2_ws/livox_ros2_driver/install/livox_interfaces:/home/naoya/ros2_ws/ximea_ros2_cam/install/ximea_ros2_cam:/home/naoya/ros2_ws/rmw_ecal/install/rmw_ecal_dynamic_cpp:/home/naoya/ros2_ws/rmw_ecal/install/rmw_ecal_shared_cpp:/home/naoya/WildPose_v1.2/wildpose/install/motor_controller_pkg:/home/naoya/WildPose_v1.2/wildpose/install/gamepad_pkg:/opt/ros/foxy LD_LIBRARY_PATH=/home/naoya/Wildpose_v1.3/install/livox_interfaces/lib:${LD_LIBRARY_PATH} PYTHONPATH=/home/naoya/Wildpose_v1.3/install/livox_interfaces/lib/python3.8/site-packages:${PYTHONPATH} /usr/bin/cmake /home/naoya/Wildpose_v1.3/wildpose/src/livox_lidar_ROS2_driver/livox_ros2_driver -DCMAKE_INSTALL_PREFIX=/home/naoya/Wildpose_v1.3/install/livox_ros2_driver
[2.225s] Invoking command in '/home/naoya/Wildpose_v1.3/build/livox_ros2_driver': AMENT_PREFIX_PATH=/home/naoya/Wildpose_v1.3/install/livox_sdk_vendor:/home/naoya/Wildpose_v1.3/install/livox_interfaces:${AMENT_PREFIX_PATH} CMAKE_PREFIX_PATH=/home/naoya/Wildpose_v1.3/install/livox_sdk_vendor:/home/naoya/Wildpose_v1.3/install/livox_interfaces:/home/naoya/WildPose_v1.2/wildpose/install/wildpose_bringup:/home/naoya/WildPose_v1.2/wildpose/install/wildpose_interfaces:/home/naoya/ros2_ws/livox_ros2_driver/install/livox_ros2_driver:/home/naoya/ros2_ws/livox_ros2_driver/install/livox_sdk_vendor:/home/naoya/ros2_ws/livox_ros2_driver/install/livox_interfaces:/home/naoya/ros2_ws/ximea_ros2_cam/install/ximea_ros2_cam:/home/naoya/ros2_ws/rmw_ecal/install/rmw_ecal_dynamic_cpp:/home/naoya/ros2_ws/rmw_ecal/install/rmw_ecal_shared_cpp:/home/naoya/WildPose_v1.2/wildpose/install/motor_controller_pkg:/home/naoya/WildPose_v1.2/wildpose/install/gamepad_pkg:/opt/ros/foxy LD_LIBRARY_PATH=/home/naoya/Wildpose_v1.3/install/livox_interfaces/lib:${LD_LIBRARY_PATH} PYTHONPATH=/home/naoya/Wildpose_v1.3/install/livox_interfaces/lib/python3.8/site-packages:${PYTHONPATH} /usr/bin/cmake --build /home/naoya/Wildpose_v1.3/build/livox_ros2_driver -- -j16 -l16
[2.256s] [35m[1mScanning dependencies of target livox_ros2_driver_node[0m
[2.256s] [35m[1mScanning dependencies of target livox_ros2_driver[0m
[2.282s] [  6%] [32mBuilding CXX object CMakeFiles/livox_ros2_driver_node.dir/rclcpp_components/node_main_livox_ros2_driver_node.cpp.o[0m
[2.339s] [ 18%] [32mBuilding CXX object CMakeFiles/livox_ros2_driver.dir/livox_ros2_driver/ldq.cpp.o[0m
[2.339s] [ 18%] [32mBuilding CXX object CMakeFiles/livox_ros2_driver.dir/livox_ros2_driver/lvx_file.cpp.o[0m
[2.341s] [ 25%] [32mBuilding CXX object CMakeFiles/livox_ros2_driver.dir/livox_ros2_driver/lds_lidar.cpp.o[0m
[2.342s] [ 31%] [32mBuilding CXX object CMakeFiles/livox_ros2_driver.dir/livox_ros2_driver/lds.cpp.o[0m
[2.342s] [ 37%] [32mBuilding CXX object CMakeFiles/livox_ros2_driver.dir/livox_ros2_driver/lds_lvx.cpp.o[0m
[2.343s] [ 43%] [32mBuilding CXX object CMakeFiles/livox_ros2_driver.dir/livox_ros2_driver/lds_hub.cpp.o[0m
[2.352s] [ 68%] [32mBuilding CXX object CMakeFiles/livox_ros2_driver.dir/timesync/timesync.cpp.o[0m
[2.353s] [ 68%] [32mBuilding CXX object CMakeFiles/livox_ros2_driver.dir/timesync/user_uart/user_uart.cpp.o[0m
[2.353s] [ 68%] [32mBuilding CXX object CMakeFiles/livox_ros2_driver.dir/common/comm/comm_protocol.cpp.o[0m
[2.353s] [ 68%] [32mBuilding CXX object CMakeFiles/livox_ros2_driver.dir/common/comm/gps_protocol.cpp.o[0m
[2.353s] [ 81%] [32mBuilding CXX object CMakeFiles/livox_ros2_driver.dir/livox_ros2_driver/lddc.cpp.o[0m
[2.353s] [ 81%] [32mBuilding CXX object CMakeFiles/livox_ros2_driver.dir/livox_ros2_driver/livox_ros2_driver.cpp.o[0m
[2.353s] [ 87%] [32mBuilding CXX object CMakeFiles/livox_ros2_driver.dir/common/comm/sdk_protocol.cpp.o[0m
[3.595s] [ 93%] [32m[1mLinking CXX executable livox_ros2_driver_node[0m
[3.681s] [ 93%] Built target livox_ros2_driver_node
[6.905s] [100%] [32m[1mLinking CXX shared library liblivox_ros2_driver.so[0m
[7.629s] [100%] Built target livox_ros2_driver
[7.640s] Invoked command in '/home/naoya/Wildpose_v1.3/build/livox_ros2_driver' returned '0': AMENT_PREFIX_PATH=/home/naoya/Wildpose_v1.3/install/livox_sdk_vendor:/home/naoya/Wildpose_v1.3/install/livox_interfaces:${AMENT_PREFIX_PATH} CMAKE_PREFIX_PATH=/home/naoya/Wildpose_v1.3/install/livox_sdk_vendor:/home/naoya/Wildpose_v1.3/install/livox_interfaces:/home/naoya/WildPose_v1.2/wildpose/install/wildpose_bringup:/home/naoya/WildPose_v1.2/wildpose/install/wildpose_interfaces:/home/naoya/ros2_ws/livox_ros2_driver/install/livox_ros2_driver:/home/naoya/ros2_ws/livox_ros2_driver/install/livox_sdk_vendor:/home/naoya/ros2_ws/livox_ros2_driver/install/livox_interfaces:/home/naoya/ros2_ws/ximea_ros2_cam/install/ximea_ros2_cam:/home/naoya/ros2_ws/rmw_ecal/install/rmw_ecal_dynamic_cpp:/home/naoya/ros2_ws/rmw_ecal/install/rmw_ecal_shared_cpp:/home/naoya/WildPose_v1.2/wildpose/install/motor_controller_pkg:/home/naoya/WildPose_v1.2/wildpose/install/gamepad_pkg:/opt/ros/foxy LD_LIBRARY_PATH=/home/naoya/Wildpose_v1.3/install/livox_interfaces/lib:${LD_LIBRARY_PATH} PYTHONPATH=/home/naoya/Wildpose_v1.3/install/livox_interfaces/lib/python3.8/site-packages:${PYTHONPATH} /usr/bin/cmake --build /home/naoya/Wildpose_v1.3/build/livox_ros2_driver -- -j16 -l16
[7.672s] Invoking command in '/home/naoya/Wildpose_v1.3/build/livox_ros2_driver': AMENT_PREFIX_PATH=/home/naoya/Wildpose_v1.3/install/livox_sdk_vendor:/home/naoya/Wildpose_v1.3/install/livox_interfaces:${AMENT_PREFIX_PATH} CMAKE_PREFIX_PATH=/home/naoya/Wildpose_v1.3/install/livox_sdk_vendor:/home/naoya/Wildpose_v1.3/install/livox_interfaces:/home/naoya/WildPose_v1.2/wildpose/install/wildpose_bringup:/home/naoya/WildPose_v1.2/wildpose/install/wildpose_interfaces:/home/naoya/ros2_ws/livox_ros2_driver/install/livox_ros2_driver:/home/naoya/ros2_ws/livox_ros2_driver/install/livox_sdk_vendor:/home/naoya/ros2_ws/livox_ros2_driver/install/livox_interfaces:/home/naoya/ros2_ws/ximea_ros2_cam/install/ximea_ros2_cam:/home/naoya/ros2_ws/rmw_ecal/install/rmw_ecal_dynamic_cpp:/home/naoya/ros2_ws/rmw_ecal/install/rmw_ecal_shared_cpp:/home/naoya/WildPose_v1.2/wildpose/install/motor_controller_pkg:/home/naoya/WildPose_v1.2/wildpose/install/gamepad_pkg:/opt/ros/foxy LD_LIBRARY_PATH=/home/naoya/Wildpose_v1.3/install/livox_interfaces/lib:${LD_LIBRARY_PATH} PYTHONPATH=/home/naoya/Wildpose_v1.3/install/livox_interfaces/lib/python3.8/site-packages:${PYTHONPATH} /usr/bin/cmake --install /home/naoya/Wildpose_v1.3/build/livox_ros2_driver
[7.676s] -- Install configuration: ""
[7.676s] -- Installing: /home/naoya/Wildpose_v1.3/install/livox_ros2_driver/lib/livox_ros2_driver/livox_ros2_driver_node
[7.677s] -- Set runtime path of "/home/naoya/Wildpose_v1.3/install/livox_ros2_driver/lib/livox_ros2_driver/livox_ros2_driver_node" to ""
[7.677s] -- Installing: /home/naoya/Wildpose_v1.3/install/livox_ros2_driver/share/livox_ros2_driver/environment/library_path.sh
[7.677s] -- Installing: /home/naoya/Wildpose_v1.3/install/livox_ros2_driver/share/livox_ros2_driver/environment/library_path.dsv
[7.677s] -- Installing: /home/naoya/Wildpose_v1.3/install/livox_ros2_driver/lib/liblivox_ros2_driver.so
[7.680s] -- Set runtime path of "/home/naoya/Wildpose_v1.3/install/livox_ros2_driver/lib/liblivox_ros2_driver.so" to ""
[7.681s] -- Installing: /home/naoya/Wildpose_v1.3/install/livox_ros2_driver/share/livox_ros2_driver/config
[7.681s] -- Installing: /home/naoya/Wildpose_v1.3/install/livox_ros2_driver/share/livox_ros2_driver/config/livox_hub_config.json
[7.681s] -- Installing: /home/naoya/Wildpose_v1.3/install/livox_ros2_driver/share/livox_ros2_driver/config/livox_lidar_config.json
[7.681s] -- Installing: /home/naoya/Wildpose_v1.3/install/livox_ros2_driver/share/livox_ros2_driver/config/livox_hub.rviz
[7.681s] -- Installing: /home/naoya/Wildpose_v1.3/install/livox_ros2_driver/share/livox_ros2_driver/config/livox_lidar.rviz
[7.681s] -- Installing: /home/naoya/Wildpose_v1.3/install/livox_ros2_driver/share/livox_ros2_driver/launch
[7.681s] -- Installing: /home/naoya/Wildpose_v1.3/install/livox_ros2_driver/share/livox_ros2_driver/launch/livox_hub_launch.py
[7.681s] -- Installing: /home/naoya/Wildpose_v1.3/install/livox_ros2_driver/share/livox_ros2_driver/launch/livox_lidar_launch.py
[7.681s] -- Installing: /home/naoya/Wildpose_v1.3/install/livox_ros2_driver/share/livox_ros2_driver/launch/livox_hub_rviz_launch.py
[7.681s] -- Installing: /home/naoya/Wildpose_v1.3/install/livox_ros2_driver/share/livox_ros2_driver/launch/livox_template_launch.py
[7.681s] -- Installing: /home/naoya/Wildpose_v1.3/install/livox_ros2_driver/share/livox_ros2_driver/launch/livox_lidar_msg_launch.py
[7.681s] -- Installing: /home/naoya/Wildpose_v1.3/install/livox_ros2_driver/share/livox_ros2_driver/launch/livox_lidar_rviz_launch.py
[7.682s] -- Installing: /home/naoya/Wildpose_v1.3/install/livox_ros2_driver/share/livox_ros2_driver/launch/livox_hub_msg_launch .py
[7.682s] -- Installing: /home/naoya/Wildpose_v1.3/install/livox_ros2_driver/share/ament_index/resource_index/package_run_dependencies/livox_ros2_driver
[7.682s] -- Installing: /home/naoya/Wildpose_v1.3/install/livox_ros2_driver/share/ament_index/resource_index/parent_prefix_path/livox_ros2_driver
[7.682s] -- Installing: /home/naoya/Wildpose_v1.3/install/livox_ros2_driver/share/livox_ros2_driver/environment/ament_prefix_path.sh
[7.682s] -- Installing: /home/naoya/Wildpose_v1.3/install/livox_ros2_driver/share/livox_ros2_driver/environment/ament_prefix_path.dsv
[7.682s] -- Installing: /home/naoya/Wildpose_v1.3/install/livox_ros2_driver/share/livox_ros2_driver/environment/path.sh
[7.682s] -- Installing: /home/naoya/Wildpose_v1.3/install/livox_ros2_driver/share/livox_ros2_driver/environment/path.dsv
[7.682s] -- Installing: /home/naoya/Wildpose_v1.3/install/livox_ros2_driver/share/livox_ros2_driver/local_setup.bash
[7.682s] -- Installing: /home/naoya/Wildpose_v1.3/install/livox_ros2_driver/share/livox_ros2_driver/local_setup.sh
[7.682s] -- Installing: /home/naoya/Wildpose_v1.3/install/livox_ros2_driver/share/livox_ros2_driver/local_setup.zsh
[7.682s] -- Installing: /home/naoya/Wildpose_v1.3/install/livox_ros2_driver/share/livox_ros2_driver/local_setup.dsv
[7.682s] -- Installing: /home/naoya/Wildpose_v1.3/install/livox_ros2_driver/share/livox_ros2_driver/package.dsv
[7.682s] -- Installing: /home/naoya/Wildpose_v1.3/install/livox_ros2_driver/share/ament_index/resource_index/packages/livox_ros2_driver
[7.683s] -- Installing: /home/naoya/Wildpose_v1.3/install/livox_ros2_driver/share/ament_index/resource_index/rclcpp_components/livox_ros2_driver
[7.683s] -- Installing: /home/naoya/Wildpose_v1.3/install/livox_ros2_driver/share/livox_ros2_driver/cmake/ament_cmake_export_dependencies-extras.cmake
[7.683s] -- Installing: /home/naoya/Wildpose_v1.3/install/livox_ros2_driver/share/livox_ros2_driver/cmake/ament_cmake_export_libraries-extras.cmake
[7.683s] -- Installing: /home/naoya/Wildpose_v1.3/install/livox_ros2_driver/share/livox_ros2_driver/cmake/livox_ros2_driverConfig.cmake
[7.683s] -- Installing: /home/naoya/Wildpose_v1.3/install/livox_ros2_driver/share/livox_ros2_driver/cmake/livox_ros2_driverConfig-version.cmake
[7.683s] -- Installing: /home/naoya/Wildpose_v1.3/install/livox_ros2_driver/share/livox_ros2_driver/package.xml
[7.684s] Invoked command in '/home/naoya/Wildpose_v1.3/build/livox_ros2_driver' returned '0': AMENT_PREFIX_PATH=/home/naoya/Wildpose_v1.3/install/livox_sdk_vendor:/home/naoya/Wildpose_v1.3/install/livox_interfaces:${AMENT_PREFIX_PATH} CMAKE_PREFIX_PATH=/home/naoya/Wildpose_v1.3/install/livox_sdk_vendor:/home/naoya/Wildpose_v1.3/install/livox_interfaces:/home/naoya/WildPose_v1.2/wildpose/install/wildpose_bringup:/home/naoya/WildPose_v1.2/wildpose/install/wildpose_interfaces:/home/naoya/ros2_ws/livox_ros2_driver/install/livox_ros2_driver:/home/naoya/ros2_ws/livox_ros2_driver/install/livox_sdk_vendor:/home/naoya/ros2_ws/livox_ros2_driver/install/livox_interfaces:/home/naoya/ros2_ws/ximea_ros2_cam/install/ximea_ros2_cam:/home/naoya/ros2_ws/rmw_ecal/install/rmw_ecal_dynamic_cpp:/home/naoya/ros2_ws/rmw_ecal/install/rmw_ecal_shared_cpp:/home/naoya/WildPose_v1.2/wildpose/install/motor_controller_pkg:/home/naoya/WildPose_v1.2/wildpose/install/gamepad_pkg:/opt/ros/foxy LD_LIBRARY_PATH=/home/naoya/Wildpose_v1.3/install/livox_interfaces/lib:${LD_LIBRARY_PATH} PYTHONPATH=/home/naoya/Wildpose_v1.3/install/livox_interfaces/lib/python3.8/site-packages:${PYTHONPATH} /usr/bin/cmake --install /home/naoya/Wildpose_v1.3/build/livox_ros2_driver
