running egg_info
creating ../../../build/gamepad_pkg/gamepad_pkg.egg-info
writing ../../../build/gamepad_pkg/gamepad_pkg.egg-info/PKG-INFO
writing dependency_links to ../../../build/gamepad_pkg/gamepad_pkg.egg-info/dependency_links.txt
writing entry points to ../../../build/gamepad_pkg/gamepad_pkg.egg-info/entry_points.txt
writing requirements to ../../../build/gamepad_pkg/gamepad_pkg.egg-info/requires.txt
writing top-level names to ../../../build/gamepad_pkg/gamepad_pkg.egg-info/top_level.txt
writing manifest file '../../../build/gamepad_pkg/gamepad_pkg.egg-info/SOURCES.txt'
reading manifest file '../../../build/gamepad_pkg/gamepad_pkg.egg-info/SOURCES.txt'
writing manifest file '../../../build/gamepad_pkg/gamepad_pkg.egg-info/SOURCES.txt'
running build
running build_py
creating /home/naoya/Wildpose_v1.3/build/gamepad_pkg/build
creating /home/naoya/Wildpose_v1.3/build/gamepad_pkg/build/lib
creating /home/naoya/Wildpose_v1.3/build/gamepad_pkg/build/lib/gamepad_pkg
copying gamepad_pkg/__init__.py -> /home/naoya/Wildpose_v1.3/build/gamepad_pkg/build/lib/gamepad_pkg
running install
running install_lib
creating /home/naoya/Wildpose_v1.3/install/gamepad_pkg/lib/python3.8/site-packages/gamepad_pkg
copying /home/naoya/Wildpose_v1.3/build/gamepad_pkg/build/lib/gamepad_pkg/__init__.py -> /home/naoya/Wildpose_v1.3/install/gamepad_pkg/lib/python3.8/site-packages/gamepad_pkg
byte-compiling /home/naoya/Wildpose_v1.3/install/gamepad_pkg/lib/python3.8/site-packages/gamepad_pkg/__init__.py to __init__.cpython-38.pyc
running install_data
creating /home/naoya/Wildpose_v1.3/install/gamepad_pkg/share/ament_index
creating /home/naoya/Wildpose_v1.3/install/gamepad_pkg/share/ament_index/resource_index
creating /home/naoya/Wildpose_v1.3/install/gamepad_pkg/share/ament_index/resource_index/packages
copying resource/gamepad_pkg -> /home/naoya/Wildpose_v1.3/install/gamepad_pkg/share/ament_index/resource_index/packages
copying package.xml -> /home/naoya/Wildpose_v1.3/install/gamepad_pkg/share/gamepad_pkg
running install_egg_info
Copying ../../../build/gamepad_pkg/gamepad_pkg.egg-info to /home/naoya/Wildpose_v1.3/install/gamepad_pkg/lib/python3.8/site-packages/gamepad_pkg-0.0.0-py3.8.egg-info
running install_scripts
writing list of installed files to '/home/naoya/Wildpose_v1.3/build/gamepad_pkg/install.log'
