[0.834s] Invoking command in '/home/naoya/Wildpose_v1.3/wildpose/src/gamepad_pkg': PYTHONPATH=/home/naoya/Wildpose_v1.3/build/gamepad_pkg/prefix_override:/home/naoya/Wildpose_v1.3/install/gamepad_pkg/lib/python3.8/site-packages:${PYTHONPATH} /usr/bin/python3 setup.py egg_info --egg-base ../../../build/gamepad_pkg build --build-base /home/naoya/Wildpose_v1.3/build/gamepad_pkg/build install --record /home/naoya/Wildpose_v1.3/build/gamepad_pkg/install.log --install-scripts $base/lib/gamepad_pkg --single-version-externally-managed
[0.958s] running egg_info
[0.958s] creating ../../../build/gamepad_pkg/gamepad_pkg.egg-info
[0.958s] writing ../../../build/gamepad_pkg/gamepad_pkg.egg-info/PKG-INFO
[0.958s] writing dependency_links to ../../../build/gamepad_pkg/gamepad_pkg.egg-info/dependency_links.txt
[0.958s] writing entry points to ../../../build/gamepad_pkg/gamepad_pkg.egg-info/entry_points.txt
[0.958s] writing requirements to ../../../build/gamepad_pkg/gamepad_pkg.egg-info/requires.txt
[0.958s] writing top-level names to ../../../build/gamepad_pkg/gamepad_pkg.egg-info/top_level.txt
[0.959s] writing manifest file '../../../build/gamepad_pkg/gamepad_pkg.egg-info/SOURCES.txt'
[0.979s] reading manifest file '../../../build/gamepad_pkg/gamepad_pkg.egg-info/SOURCES.txt'
[0.980s] writing manifest file '../../../build/gamepad_pkg/gamepad_pkg.egg-info/SOURCES.txt'
[0.980s] running build
[0.980s] running build_py
[0.980s] creating /home/naoya/Wildpose_v1.3/build/gamepad_pkg/build
[0.980s] creating /home/naoya/Wildpose_v1.3/build/gamepad_pkg/build/lib
[0.981s] creating /home/naoya/Wildpose_v1.3/build/gamepad_pkg/build/lib/gamepad_pkg
[0.981s] copying gamepad_pkg/__init__.py -> /home/naoya/Wildpose_v1.3/build/gamepad_pkg/build/lib/gamepad_pkg
[0.981s] running install
[0.981s] running install_lib
[0.981s] creating /home/naoya/Wildpose_v1.3/install/gamepad_pkg/lib/python3.8/site-packages/gamepad_pkg
[0.981s] copying /home/naoya/Wildpose_v1.3/build/gamepad_pkg/build/lib/gamepad_pkg/__init__.py -> /home/naoya/Wildpose_v1.3/install/gamepad_pkg/lib/python3.8/site-packages/gamepad_pkg
[0.981s] byte-compiling /home/naoya/Wildpose_v1.3/install/gamepad_pkg/lib/python3.8/site-packages/gamepad_pkg/__init__.py to __init__.cpython-38.pyc
[0.981s] running install_data
[0.981s] creating /home/naoya/Wildpose_v1.3/install/gamepad_pkg/share/ament_index
[0.982s] creating /home/naoya/Wildpose_v1.3/install/gamepad_pkg/share/ament_index/resource_index
[0.982s] creating /home/naoya/Wildpose_v1.3/install/gamepad_pkg/share/ament_index/resource_index/packages
[0.982s] copying resource/gamepad_pkg -> /home/naoya/Wildpose_v1.3/install/gamepad_pkg/share/ament_index/resource_index/packages
[0.982s] copying package.xml -> /home/naoya/Wildpose_v1.3/install/gamepad_pkg/share/gamepad_pkg
[0.982s] running install_egg_info
[0.982s] Copying ../../../build/gamepad_pkg/gamepad_pkg.egg-info to /home/naoya/Wildpose_v1.3/install/gamepad_pkg/lib/python3.8/site-packages/gamepad_pkg-0.0.0-py3.8.egg-info
[0.983s] running install_scripts
[0.995s] writing list of installed files to '/home/naoya/Wildpose_v1.3/build/gamepad_pkg/install.log'
[1.045s] Invoked command in '/home/naoya/Wildpose_v1.3/wildpose/src/gamepad_pkg' returned '0': PYTHONPATH=/home/naoya/Wildpose_v1.3/build/gamepad_pkg/prefix_override:/home/naoya/Wildpose_v1.3/install/gamepad_pkg/lib/python3.8/site-packages:${PYTHONPATH} /usr/bin/python3 setup.py egg_info --egg-base ../../../build/gamepad_pkg build --build-base /home/naoya/Wildpose_v1.3/build/gamepad_pkg/build install --record /home/naoya/Wildpose_v1.3/build/gamepad_pkg/install.log --install-scripts $base/lib/gamepad_pkg --single-version-externally-managed
