[0.554s] Invoking command in '/home/naoya/wildpose_v1.3/wildpose/build/image_geometry': CMAKE_PREFIX_PATH=${CMAKE_PREFIX_PATH}:/home/naoya/WildPose_v1.2/wildpose/install/motor_controller_pkg:/home/naoya/WildPose_v1.2/wildpose/install/gamepad_pkg:/opt/ros/foxy /usr/bin/cmake /home/naoya/wildpose_v1.3/wildpose/src/vision_opencv/image_geometry -DAMENT_CMAKE_SYMLINK_INSTALL=1 -DCMAKE_INSTALL_PREFIX=/home/naoya/wildpose_v1.3/wildpose/install/image_geometry
[1.003s] -- The C compiler identification is GNU 9.4.0
[1.003s] -- The CXX compiler identification is GNU 9.4.0
[1.004s] -- Check for working C compiler: /usr/bin/cc
[1.004s] -- Check for working C compiler: /usr/bin/cc -- works
[1.004s] -- Detecting C compiler ABI info
[1.004s] -- Detecting C compiler ABI info - done
[1.004s] -- Detecting C compile features
[1.004s] -- Detecting C compile features - done
[1.004s] -- Check for working CXX compiler: /usr/bin/c++
[1.004s] -- Check for working CXX compiler: /usr/bin/c++ -- works
[1.004s] -- Detecting CXX compiler ABI info
[1.030s] -- Detecting CXX compiler ABI info - done
[1.045s] -- Detecting CXX compile features
[1.046s] -- Detecting CXX compile features - done
[1.048s] -- Found ament_cmake_python: 0.9.12 (/opt/ros/foxy/share/ament_cmake_python/cmake)
[1.050s] -- Found ament_cmake_ros: 0.9.2 (/opt/ros/foxy/share/ament_cmake_ros/cmake)
[1.094s] -- Found PythonInterp: /usr/bin/python3 (found suitable version "3.8.10", minimum required is "3") 
[1.094s] -- Using PYTHON_EXECUTABLE: /usr/bin/python3
[1.240s] -- Override CMake install command with custom implementation using symlinks instead of copying resources
[1.302s] -- Found OpenCV: /usr (found version "4.2.0") found components: calib3d core highgui imgproc 
[1.302s] -- Found sensor_msgs: 2.0.5 (/opt/ros/foxy/share/sensor_msgs/cmake)
[1.330s] -- Using all available rosidl_typesupport_c: rosidl_typesupport_fastrtps_c;rosidl_typesupport_introspection_c
[1.336s] -- Found rosidl_adapter: 1.3.1 (/opt/ros/foxy/share/rosidl_adapter/cmake)
[1.427s] -- Found OpenSSL: /usr/lib/x86_64-linux-gnu/libcrypto.so (found version "1.1.1f")  
[1.471s] -- Found FastRTPS: /opt/ros/foxy/include  
[1.581s] -- Using all available rosidl_typesupport_cpp: rosidl_typesupport_fastrtps_cpp;rosidl_typesupport_introspection_cpp
[1.735s] -- Found gtest sources under '/opt/ros/foxy/src/gtest_vendor': C++ tests using 'Google Test' will be built
[1.737s] -- Looking for pthread.h
[1.821s] -- Looking for pthread.h - found
[1.821s] -- Performing Test CMAKE_HAVE_LIBC_PTHREAD
[1.923s] -- Performing Test CMAKE_HAVE_LIBC_PTHREAD - Failed
[1.923s] -- Check if compiler accepts -pthread
[2.020s] -- Check if compiler accepts -pthread - yes
[2.022s] -- Found Threads: TRUE  
[2.103s] -- Configuring done
[2.122s] -- Generating done
[2.126s] -- Build files have been written to: /home/naoya/wildpose_v1.3/wildpose/build/image_geometry
[2.345s] Invoked command in '/home/naoya/wildpose_v1.3/wildpose/build/image_geometry' returned '0': CMAKE_PREFIX_PATH=${CMAKE_PREFIX_PATH}:/home/naoya/WildPose_v1.2/wildpose/install/motor_controller_pkg:/home/naoya/WildPose_v1.2/wildpose/install/gamepad_pkg:/opt/ros/foxy /usr/bin/cmake /home/naoya/wildpose_v1.3/wildpose/src/vision_opencv/image_geometry -DAMENT_CMAKE_SYMLINK_INSTALL=1 -DCMAKE_INSTALL_PREFIX=/home/naoya/wildpose_v1.3/wildpose/install/image_geometry
[2.347s] Invoking command in '/home/naoya/wildpose_v1.3/wildpose/build/image_geometry': CMAKE_PREFIX_PATH=${CMAKE_PREFIX_PATH}:/home/naoya/WildPose_v1.2/wildpose/install/motor_controller_pkg:/home/naoya/WildPose_v1.2/wildpose/install/gamepad_pkg:/opt/ros/foxy /usr/bin/cmake --build /home/naoya/wildpose_v1.3/wildpose/build/image_geometry -- -j16 -l16
[2.396s] [35m[1mScanning dependencies of target gtest_main[0m
[2.396s] [35m[1mScanning dependencies of target image_geometry[0m
[2.397s] [35m[1mScanning dependencies of target gtest[0m
[2.405s] [  9%] [32mBuilding CXX object gtest/CMakeFiles/gtest_main.dir/src/gtest_main.cc.o[0m
[2.416s] [ 18%] [32mBuilding CXX object gtest/CMakeFiles/gtest.dir/src/gtest-all.cc.o[0m
[2.418s] [ 36%] [32mBuilding CXX object CMakeFiles/image_geometry.dir/src/stereo_camera_model.cpp.o[0m
[2.419s] [ 36%] [32mBuilding CXX object CMakeFiles/image_geometry.dir/src/pinhole_camera_model.cpp.o[0m
[3.171s] [ 45%] [32m[1mLinking CXX static library libgtest_main.a[0m
[3.218s] [ 45%] Built target gtest_main
[3.458s] [ 54%] [32m[1mLinking CXX shared library libimage_geometry.so[0m
[3.574s] [ 54%] Built target image_geometry
[5.218s] [ 63%] [32m[1mLinking CXX static library libgtest.a[0m
[5.271s] [ 63%] Built target gtest
[5.282s] [35m[1mScanning dependencies of target image_geometry-utest-equi[0m
[5.287s] [35m[1mScanning dependencies of target image_geometry-utest[0m
[5.313s] [ 72%] [32mBuilding CXX object test/CMakeFiles/image_geometry-utest-equi.dir/utest_equi.cpp.o[0m
[5.329s] [ 81%] [32mBuilding CXX object test/CMakeFiles/image_geometry-utest.dir/utest.cpp.o[0m
[6.736s] [ 90%] [32m[1mLinking CXX executable image_geometry-utest[0m
[6.801s] [100%] [32m[1mLinking CXX executable image_geometry-utest-equi[0m
[6.945s] [100%] Built target image_geometry-utest
[6.996s] [100%] Built target image_geometry-utest-equi
[7.057s] Invoked command in '/home/naoya/wildpose_v1.3/wildpose/build/image_geometry' returned '0': CMAKE_PREFIX_PATH=${CMAKE_PREFIX_PATH}:/home/naoya/WildPose_v1.2/wildpose/install/motor_controller_pkg:/home/naoya/WildPose_v1.2/wildpose/install/gamepad_pkg:/opt/ros/foxy /usr/bin/cmake --build /home/naoya/wildpose_v1.3/wildpose/build/image_geometry -- -j16 -l16
[7.099s] Invoking command in '/home/naoya/wildpose_v1.3/wildpose/build/image_geometry': CMAKE_PREFIX_PATH=${CMAKE_PREFIX_PATH}:/home/naoya/WildPose_v1.2/wildpose/install/motor_controller_pkg:/home/naoya/WildPose_v1.2/wildpose/install/gamepad_pkg:/opt/ros/foxy /usr/bin/cmake --install /home/naoya/wildpose_v1.3/wildpose/build/image_geometry
[7.111s] -- Install configuration: ""
[7.112s] -- Execute custom install script
[7.112s] -- Symlinking: /home/naoya/wildpose_v1.3/wildpose/install/image_geometry/share/image_geometry/environment/pythonpath.sh
[7.130s] -- Symlinking: /home/naoya/wildpose_v1.3/wildpose/install/image_geometry/share/image_geometry/environment/pythonpath.dsv
[7.141s] -- Symlinking: /home/naoya/wildpose_v1.3/wildpose/install/image_geometry/lib/python3.8/site-packages/image_geometry/__init__.py
[7.159s] -- Symlinking: /home/naoya/wildpose_v1.3/wildpose/install/image_geometry/lib/python3.8/site-packages/image_geometry/cameramodels.py
[7.169s] -- Symlinking: /home/naoya/wildpose_v1.3/wildpose/install/image_geometry/include/image_geometry/pinhole_camera_model.h
[7.184s] -- Symlinking: /home/naoya/wildpose_v1.3/wildpose/install/image_geometry/include/image_geometry/stereo_camera_model.h
[7.196s] -- Symlinking: /home/naoya/wildpose_v1.3/wildpose/install/image_geometry/include/image_geometry/visibility_control.hpp
[7.215s] -- Symlinking: /home/naoya/wildpose_v1.3/wildpose/install/image_geometry/lib/libimage_geometry.so
[7.235s] -- Symlinking: /home/naoya/wildpose_v1.3/wildpose/install/image_geometry/share/image_geometry/environment/library_path.sh
[7.258s] -- Symlinking: /home/naoya/wildpose_v1.3/wildpose/install/image_geometry/share/image_geometry/environment/library_path.dsv
[7.281s] -- Symlinking: /home/naoya/wildpose_v1.3/wildpose/install/image_geometry/share/ament_index/resource_index/package_run_dependencies/image_geometry
[7.297s] -- Symlinking: /home/naoya/wildpose_v1.3/wildpose/install/image_geometry/share/ament_index/resource_index/parent_prefix_path/image_geometry
[7.316s] -- Symlinking: /home/naoya/wildpose_v1.3/wildpose/install/image_geometry/share/image_geometry/environment/ament_prefix_path.sh
[7.336s] -- Symlinking: /home/naoya/wildpose_v1.3/wildpose/install/image_geometry/share/image_geometry/environment/ament_prefix_path.dsv
[7.356s] -- Symlinking: /home/naoya/wildpose_v1.3/wildpose/install/image_geometry/share/image_geometry/environment/path.sh
[7.376s] -- Symlinking: /home/naoya/wildpose_v1.3/wildpose/install/image_geometry/share/image_geometry/environment/path.dsv
[7.391s] -- Symlinking: /home/naoya/wildpose_v1.3/wildpose/install/image_geometry/share/image_geometry/local_setup.bash
[7.408s] -- Symlinking: /home/naoya/wildpose_v1.3/wildpose/install/image_geometry/share/image_geometry/local_setup.sh
[7.426s] -- Symlinking: /home/naoya/wildpose_v1.3/wildpose/install/image_geometry/share/image_geometry/local_setup.zsh
[7.445s] -- Symlinking: /home/naoya/wildpose_v1.3/wildpose/install/image_geometry/share/image_geometry/local_setup.dsv
[7.463s] -- Symlinking: /home/naoya/wildpose_v1.3/wildpose/install/image_geometry/share/image_geometry/package.dsv
[7.483s] -- Symlinking: /home/naoya/wildpose_v1.3/wildpose/install/image_geometry/share/ament_index/resource_index/packages/image_geometry
[7.508s] -- Symlinking: /home/naoya/wildpose_v1.3/wildpose/install/image_geometry/share/image_geometry/cmake/ament_cmake_export_libraries-extras.cmake
[7.525s] -- Symlinking: /home/naoya/wildpose_v1.3/wildpose/install/image_geometry/share/image_geometry/cmake/ament_cmake_export_dependencies-extras.cmake
[7.546s] -- Symlinking: /home/naoya/wildpose_v1.3/wildpose/install/image_geometry/share/image_geometry/cmake/ament_cmake_export_include_directories-extras.cmake
[7.560s] -- Symlinking: /home/naoya/wildpose_v1.3/wildpose/install/image_geometry/share/image_geometry/cmake/image_geometryConfig.cmake
[7.589s] -- Symlinking: /home/naoya/wildpose_v1.3/wildpose/install/image_geometry/share/image_geometry/cmake/image_geometryConfig-version.cmake
[7.603s] -- Symlinking: /home/naoya/wildpose_v1.3/wildpose/install/image_geometry/share/image_geometry/package.xml
[7.694s] Listing '/home/naoya/wildpose_v1.3/wildpose/install/image_geometry/lib/python3.8/site-packages/image_geometry'...
[7.695s] Compiling '/home/naoya/wildpose_v1.3/wildpose/install/image_geometry/lib/python3.8/site-packages/image_geometry/__init__.py'...
[7.695s] Compiling '/home/naoya/wildpose_v1.3/wildpose/install/image_geometry/lib/python3.8/site-packages/image_geometry/cameramodels.py'...
[7.708s] Invoked command in '/home/naoya/wildpose_v1.3/wildpose/build/image_geometry' returned '0': CMAKE_PREFIX_PATH=${CMAKE_PREFIX_PATH}:/home/naoya/WildPose_v1.2/wildpose/install/motor_controller_pkg:/home/naoya/WildPose_v1.2/wildpose/install/gamepad_pkg:/opt/ros/foxy /usr/bin/cmake --install /home/naoya/wildpose_v1.3/wildpose/build/image_geometry
