[0.573s] Invoking command in '/home/naoya/wildpose_v1.3/wildpose/src/build/image_geometry': CMAKE_PREFIX_PATH=${CMAKE_PREFIX_PATH}:/home/naoya/WildPose_v1.2/wildpose/install/motor_controller_pkg:/home/naoya/WildPose_v1.2/wildpose/install/gamepad_pkg:/opt/ros/foxy /usr/bin/cmake /home/naoya/wildpose_v1.3/wildpose/src/vision_opencv/image_geometry -DCMAKE_INSTALL_PREFIX=/home/naoya/wildpose_v1.3/wildpose/src/install/image_geometry
[1.192s] -- The C compiler identification is GNU 9.4.0
[1.192s] -- The CXX compiler identification is GNU 9.4.0
[1.192s] -- Check for working C compiler: /usr/bin/cc
[1.192s] -- Check for working C compiler: /usr/bin/cc -- works
[1.192s] -- Detecting C compiler ABI info
[1.192s] -- Detecting C compiler ABI info - done
[1.192s] -- Detecting C compile features
[1.193s] -- Detecting C compile features - done
[1.193s] -- Check for working CXX compiler: /usr/bin/c++
[1.195s] -- Check for working CXX compiler: /usr/bin/c++ -- works
[1.196s] -- Detecting CXX compiler ABI info
[1.196s] -- Detecting CXX compiler ABI info - done
[1.196s] -- Detecting CXX compile features
[1.196s] -- Detecting CXX compile features - done
[1.196s] -- Found ament_cmake_python: 0.9.12 (/opt/ros/foxy/share/ament_cmake_python/cmake)
[1.196s] -- Found ament_cmake_ros: 0.9.2 (/opt/ros/foxy/share/ament_cmake_ros/cmake)
[1.196s] -- Found PythonInterp: /usr/bin/python3 (found suitable version "3.8.10", minimum required is "3") 
[1.197s] -- Using PYTHON_EXECUTABLE: /usr/bin/python3
[1.435s] -- Found OpenCV: /usr (found version "4.2.0") found components: calib3d core highgui imgproc 
[1.436s] -- Found sensor_msgs: 2.0.5 (/opt/ros/foxy/share/sensor_msgs/cmake)
[1.463s] -- Using all available rosidl_typesupport_c: rosidl_typesupport_fastrtps_c;rosidl_typesupport_introspection_c
[1.467s] -- Found rosidl_adapter: 1.3.1 (/opt/ros/foxy/share/rosidl_adapter/cmake)
[1.552s] -- Found OpenSSL: /usr/lib/x86_64-linux-gnu/libcrypto.so (found version "1.1.1f")  
[1.579s] -- Found FastRTPS: /opt/ros/foxy/include  
[1.684s] -- Using all available rosidl_typesupport_cpp: rosidl_typesupport_fastrtps_cpp;rosidl_typesupport_introspection_cpp
[1.924s] -- Found gtest sources under '/opt/ros/foxy/src/gtest_vendor': C++ tests using 'Google Test' will be built
[1.926s] -- Looking for pthread.h
[2.003s] -- Looking for pthread.h - found
[2.003s] -- Performing Test CMAKE_HAVE_LIBC_PTHREAD
[2.078s] -- Performing Test CMAKE_HAVE_LIBC_PTHREAD - Failed
[2.078s] -- Check if compiler accepts -pthread
[2.158s] -- Check if compiler accepts -pthread - yes
[2.160s] -- Found Threads: TRUE  
[2.232s] -- Configuring done
[2.244s] -- Generating done
[2.246s] -- Build files have been written to: /home/naoya/wildpose_v1.3/wildpose/src/build/image_geometry
[2.405s] Invoked command in '/home/naoya/wildpose_v1.3/wildpose/src/build/image_geometry' returned '0': CMAKE_PREFIX_PATH=${CMAKE_PREFIX_PATH}:/home/naoya/WildPose_v1.2/wildpose/install/motor_controller_pkg:/home/naoya/WildPose_v1.2/wildpose/install/gamepad_pkg:/opt/ros/foxy /usr/bin/cmake /home/naoya/wildpose_v1.3/wildpose/src/vision_opencv/image_geometry -DCMAKE_INSTALL_PREFIX=/home/naoya/wildpose_v1.3/wildpose/src/install/image_geometry
[2.413s] Invoking command in '/home/naoya/wildpose_v1.3/wildpose/src/build/image_geometry': CMAKE_PREFIX_PATH=${CMAKE_PREFIX_PATH}:/home/naoya/WildPose_v1.2/wildpose/install/motor_controller_pkg:/home/naoya/WildPose_v1.2/wildpose/install/gamepad_pkg:/opt/ros/foxy /usr/bin/cmake --build /home/naoya/wildpose_v1.3/wildpose/src/build/image_geometry -- -j16 -l16
[2.478s] [35m[1mScanning dependencies of target gtest[0m
[2.486s] [35m[1mScanning dependencies of target image_geometry[0m
[2.486s] [35m[1mScanning dependencies of target gtest_main[0m
[2.520s] [  9%] [32mBuilding CXX object gtest/CMakeFiles/gtest_main.dir/src/gtest_main.cc.o[0m
[2.526s] [ 18%] [32mBuilding CXX object gtest/CMakeFiles/gtest.dir/src/gtest-all.cc.o[0m
[2.545s] [ 27%] [32mBuilding CXX object CMakeFiles/image_geometry.dir/src/stereo_camera_model.cpp.o[0m
[2.546s] [ 36%] [32mBuilding CXX object CMakeFiles/image_geometry.dir/src/pinhole_camera_model.cpp.o[0m
[3.370s] [ 45%] [32m[1mLinking CXX static library libgtest_main.a[0m
[3.455s] [ 45%] Built target gtest_main
[4.379s] [ 54%] [32m[1mLinking CXX shared library libimage_geometry.so[0m
[4.761s] [ 54%] Built target image_geometry
[6.473s] [ 63%] [32m[1mLinking CXX static library libgtest.a[0m
[6.538s] [ 63%] Built target gtest
[6.546s] [35m[1mScanning dependencies of target image_geometry-utest-equi[0m
[6.552s] [35m[1mScanning dependencies of target image_geometry-utest[0m
[6.573s] [ 72%] [32mBuilding CXX object test/CMakeFiles/image_geometry-utest-equi.dir/utest_equi.cpp.o[0m
[6.604s] [ 81%] [32mBuilding CXX object test/CMakeFiles/image_geometry-utest.dir/utest.cpp.o[0m
[8.046s] [ 90%] [32m[1mLinking CXX executable image_geometry-utest-equi[0m
[8.226s] [100%] [32m[1mLinking CXX executable image_geometry-utest[0m
[8.247s] [100%] Built target image_geometry-utest-equi
[8.413s] [100%] Built target image_geometry-utest
[8.692s] Invoked command in '/home/naoya/wildpose_v1.3/wildpose/src/build/image_geometry' returned '0': CMAKE_PREFIX_PATH=${CMAKE_PREFIX_PATH}:/home/naoya/WildPose_v1.2/wildpose/install/motor_controller_pkg:/home/naoya/WildPose_v1.2/wildpose/install/gamepad_pkg:/opt/ros/foxy /usr/bin/cmake --build /home/naoya/wildpose_v1.3/wildpose/src/build/image_geometry -- -j16 -l16
[8.891s] Invoking command in '/home/naoya/wildpose_v1.3/wildpose/src/build/image_geometry': CMAKE_PREFIX_PATH=${CMAKE_PREFIX_PATH}:/home/naoya/WildPose_v1.2/wildpose/install/motor_controller_pkg:/home/naoya/WildPose_v1.2/wildpose/install/gamepad_pkg:/opt/ros/foxy /usr/bin/cmake --install /home/naoya/wildpose_v1.3/wildpose/src/build/image_geometry
[8.908s] -- Install configuration: ""
[8.908s] -- Installing: /home/naoya/wildpose_v1.3/wildpose/src/install/image_geometry/share/image_geometry/environment/pythonpath.sh
[8.908s] -- Installing: /home/naoya/wildpose_v1.3/wildpose/src/install/image_geometry/share/image_geometry/environment/pythonpath.dsv
[8.908s] -- Installing: /home/naoya/wildpose_v1.3/wildpose/src/install/image_geometry/lib/python3.8/site-packages/image_geometry
[8.908s] -- Installing: /home/naoya/wildpose_v1.3/wildpose/src/install/image_geometry/lib/python3.8/site-packages/image_geometry/cameramodels.py
[8.908s] -- Installing: /home/naoya/wildpose_v1.3/wildpose/src/install/image_geometry/lib/python3.8/site-packages/image_geometry/__init__.py
[8.946s] Listing '/home/naoya/wildpose_v1.3/wildpose/src/install/image_geometry/lib/python3.8/site-packages/image_geometry'...
[8.946s] Compiling '/home/naoya/wildpose_v1.3/wildpose/src/install/image_geometry/lib/python3.8/site-packages/image_geometry/__init__.py'...
[8.946s] Compiling '/home/naoya/wildpose_v1.3/wildpose/src/install/image_geometry/lib/python3.8/site-packages/image_geometry/cameramodels.py'...
[8.951s] -- Installing: /home/naoya/wildpose_v1.3/wildpose/src/install/image_geometry/include/image_geometry
[8.952s] -- Installing: /home/naoya/wildpose_v1.3/wildpose/src/install/image_geometry/include/image_geometry/visibility_control.hpp
[8.952s] -- Installing: /home/naoya/wildpose_v1.3/wildpose/src/install/image_geometry/include/image_geometry/stereo_camera_model.h
[8.953s] -- Installing: /home/naoya/wildpose_v1.3/wildpose/src/install/image_geometry/include/image_geometry/pinhole_camera_model.h
[8.953s] -- Installing: /home/naoya/wildpose_v1.3/wildpose/src/install/image_geometry/lib/libimage_geometry.so
[8.953s] -- Set runtime path of "/home/naoya/wildpose_v1.3/wildpose/src/install/image_geometry/lib/libimage_geometry.so" to ""
[8.953s] -- Installing: /home/naoya/wildpose_v1.3/wildpose/src/install/image_geometry/share/image_geometry/environment/library_path.sh
[8.953s] -- Installing: /home/naoya/wildpose_v1.3/wildpose/src/install/image_geometry/share/image_geometry/environment/library_path.dsv
[8.953s] -- Installing: /home/naoya/wildpose_v1.3/wildpose/src/install/image_geometry/share/ament_index/resource_index/package_run_dependencies/image_geometry
[8.953s] -- Installing: /home/naoya/wildpose_v1.3/wildpose/src/install/image_geometry/share/ament_index/resource_index/parent_prefix_path/image_geometry
[8.954s] -- Installing: /home/naoya/wildpose_v1.3/wildpose/src/install/image_geometry/share/image_geometry/environment/ament_prefix_path.sh
[8.954s] -- Installing: /home/naoya/wildpose_v1.3/wildpose/src/install/image_geometry/share/image_geometry/environment/ament_prefix_path.dsv
[8.955s] -- Installing: /home/naoya/wildpose_v1.3/wildpose/src/install/image_geometry/share/image_geometry/environment/path.sh
[8.955s] -- Installing: /home/naoya/wildpose_v1.3/wildpose/src/install/image_geometry/share/image_geometry/environment/path.dsv
[8.955s] -- Installing: /home/naoya/wildpose_v1.3/wildpose/src/install/image_geometry/share/image_geometry/local_setup.bash
[8.955s] -- Installing: /home/naoya/wildpose_v1.3/wildpose/src/install/image_geometry/share/image_geometry/local_setup.sh
[8.955s] -- Installing: /home/naoya/wildpose_v1.3/wildpose/src/install/image_geometry/share/image_geometry/local_setup.zsh
[8.955s] -- Installing: /home/naoya/wildpose_v1.3/wildpose/src/install/image_geometry/share/image_geometry/local_setup.dsv
[8.956s] -- Installing: /home/naoya/wildpose_v1.3/wildpose/src/install/image_geometry/share/image_geometry/package.dsv
[8.956s] -- Installing: /home/naoya/wildpose_v1.3/wildpose/src/install/image_geometry/share/ament_index/resource_index/packages/image_geometry
[8.956s] -- Installing: /home/naoya/wildpose_v1.3/wildpose/src/install/image_geometry/share/image_geometry/cmake/ament_cmake_export_libraries-extras.cmake
[8.956s] -- Installing: /home/naoya/wildpose_v1.3/wildpose/src/install/image_geometry/share/image_geometry/cmake/ament_cmake_export_dependencies-extras.cmake
[8.956s] -- Installing: /home/naoya/wildpose_v1.3/wildpose/src/install/image_geometry/share/image_geometry/cmake/ament_cmake_export_include_directories-extras.cmake
[8.956s] -- Installing: /home/naoya/wildpose_v1.3/wildpose/src/install/image_geometry/share/image_geometry/cmake/image_geometryConfig.cmake
[8.956s] -- Installing: /home/naoya/wildpose_v1.3/wildpose/src/install/image_geometry/share/image_geometry/cmake/image_geometryConfig-version.cmake
[8.959s] -- Installing: /home/naoya/wildpose_v1.3/wildpose/src/install/image_geometry/share/image_geometry/package.xml
[8.962s] Invoked command in '/home/naoya/wildpose_v1.3/wildpose/src/build/image_geometry' returned '0': CMAKE_PREFIX_PATH=${CMAKE_PREFIX_PATH}:/home/naoya/WildPose_v1.2/wildpose/install/motor_controller_pkg:/home/naoya/WildPose_v1.2/wildpose/install/gamepad_pkg:/opt/ros/foxy /usr/bin/cmake --install /home/naoya/wildpose_v1.3/wildpose/src/build/image_geometry
