[1.222s] Invoking command in '/home/naoya/wildpose_v1.3/wildpose/build/cv_bridge': CMAKE_PREFIX_PATH=${CMAKE_PREFIX_PATH}:/home/naoya/wildpose_v1.3/wildpose/install/motor_controller_pkg:/home/naoya/wildpose_v1.3/wildpose/install/lidar_control_package:/home/naoya/wildpose_v1.3/wildpose/install/dji_rs3_pkg:/home/naoya/wildpose_v1.3/wildpose/install/opencv_tests:/home/naoya/wildpose_v1.3/wildpose/install/gamepad_pkg:/home/naoya/WildPose_v1.2/wildpose/install/motor_controller_pkg:/home/naoya/WildPose_v1.2/wildpose/install/gamepad_pkg:/opt/ros/foxy /usr/bin/cmake --build /home/naoya/wildpose_v1.3/wildpose/build/cv_bridge -- -j16 -l16
[1.615s] [ 18%] Built target cv_bridge
[1.616s] [ 31%] Built target gtest_main
[1.616s] [ 43%] Built target gtest
[1.616s] [ 62%] Built target cv_bridge_boost
[1.617s] [100%] Built target cv_bridge-utest
[1.637s] Invoked command in '/home/naoya/wildpose_v1.3/wildpose/build/cv_bridge' returned '0': CMAKE_PREFIX_PATH=${CMAKE_PREFIX_PATH}:/home/naoya/wildpose_v1.3/wildpose/install/motor_controller_pkg:/home/naoya/wildpose_v1.3/wildpose/install/lidar_control_package:/home/naoya/wildpose_v1.3/wildpose/install/dji_rs3_pkg:/home/naoya/wildpose_v1.3/wildpose/install/opencv_tests:/home/naoya/wildpose_v1.3/wildpose/install/gamepad_pkg:/home/naoya/WildPose_v1.2/wildpose/install/motor_controller_pkg:/home/naoya/WildPose_v1.2/wildpose/install/gamepad_pkg:/opt/ros/foxy /usr/bin/cmake --build /home/naoya/wildpose_v1.3/wildpose/build/cv_bridge -- -j16 -l16
[1.651s] Invoking command in '/home/naoya/wildpose_v1.3/wildpose/build/cv_bridge': CMAKE_PREFIX_PATH=${CMAKE_PREFIX_PATH}:/home/naoya/wildpose_v1.3/wildpose/install/motor_controller_pkg:/home/naoya/wildpose_v1.3/wildpose/install/lidar_control_package:/home/naoya/wildpose_v1.3/wildpose/install/dji_rs3_pkg:/home/naoya/wildpose_v1.3/wildpose/install/opencv_tests:/home/naoya/wildpose_v1.3/wildpose/install/gamepad_pkg:/home/naoya/WildPose_v1.2/wildpose/install/motor_controller_pkg:/home/naoya/WildPose_v1.2/wildpose/install/gamepad_pkg:/opt/ros/foxy /usr/bin/cmake --install /home/naoya/wildpose_v1.3/wildpose/build/cv_bridge
[1.659s] -- Install configuration: ""
[1.659s] -- Execute custom install script
[1.661s] -- Up-to-date symlink: /home/naoya/wildpose_v1.3/wildpose/install/cv_bridge/share/cv_bridge/environment/pythonpath.sh
[1.663s] -- Up-to-date symlink: /home/naoya/wildpose_v1.3/wildpose/install/cv_bridge/share/cv_bridge/environment/pythonpath.dsv
[1.663s] -- Up-to-date symlink: /home/naoya/wildpose_v1.3/wildpose/install/cv_bridge/lib/python3.8/site-packages/cv_bridge/__init__.py
[1.664s] -- Up-to-date symlink: /home/naoya/wildpose_v1.3/wildpose/install/cv_bridge/lib/python3.8/site-packages/cv_bridge/core.py
[1.665s] -- Up-to-date symlink: /home/naoya/wildpose_v1.3/wildpose/install/cv_bridge/lib/libcv_bridge.so
[1.665s] -- Up-to-date symlink: /home/naoya/wildpose_v1.3/wildpose/install/cv_bridge/include/cv_bridge/cv_bridge_export.h
[1.665s] -- Up-to-date symlink: /home/naoya/wildpose_v1.3/wildpose/install/cv_bridge/lib/python3.8/site-packages/cv_bridge/boost//cv_bridge_boost.so
[1.665s] -- Up-to-date symlink: /home/naoya/wildpose_v1.3/wildpose/install/cv_bridge/share/cv_bridge/environment/library_path.sh
[1.666s] -- Up-to-date symlink: /home/naoya/wildpose_v1.3/wildpose/install/cv_bridge/share/cv_bridge/environment/library_path.dsv
[1.666s] -- Up-to-date symlink: /home/naoya/wildpose_v1.3/wildpose/install/cv_bridge/include/cv_bridge/cv_bridge.h
[1.666s] -- Up-to-date symlink: /home/naoya/wildpose_v1.3/wildpose/install/cv_bridge/include/cv_bridge/rgb_colors.h
[1.666s] -- Up-to-date symlink: /home/naoya/wildpose_v1.3/wildpose/install/cv_bridge/lib/libcv_bridge.so
[1.666s] -- Up-to-date symlink: /home/naoya/wildpose_v1.3/wildpose/install/cv_bridge/share/ament_index/resource_index/package_run_dependencies/cv_bridge
[1.666s] -- Up-to-date symlink: /home/naoya/wildpose_v1.3/wildpose/install/cv_bridge/share/ament_index/resource_index/parent_prefix_path/cv_bridge
[1.666s] -- Up-to-date symlink: /home/naoya/wildpose_v1.3/wildpose/install/cv_bridge/share/cv_bridge/environment/ament_prefix_path.sh
[1.667s] -- Up-to-date symlink: /home/naoya/wildpose_v1.3/wildpose/install/cv_bridge/share/cv_bridge/environment/ament_prefix_path.dsv
[1.668s] -- Up-to-date symlink: /home/naoya/wildpose_v1.3/wildpose/install/cv_bridge/share/cv_bridge/environment/path.sh
[1.668s] -- Up-to-date symlink: /home/naoya/wildpose_v1.3/wildpose/install/cv_bridge/share/cv_bridge/environment/path.dsv
[1.671s] -- Up-to-date symlink: /home/naoya/wildpose_v1.3/wildpose/install/cv_bridge/share/cv_bridge/local_setup.bash
[1.672s] -- Up-to-date symlink: /home/naoya/wildpose_v1.3/wildpose/install/cv_bridge/share/cv_bridge/local_setup.sh
[1.673s] -- Up-to-date symlink: /home/naoya/wildpose_v1.3/wildpose/install/cv_bridge/share/cv_bridge/local_setup.zsh
[1.673s] -- Up-to-date symlink: /home/naoya/wildpose_v1.3/wildpose/install/cv_bridge/share/cv_bridge/local_setup.dsv
[1.673s] -- Symlinking: /home/naoya/wildpose_v1.3/wildpose/install/cv_bridge/share/cv_bridge/package.dsv
[1.673s] -- Up-to-date symlink: /home/naoya/wildpose_v1.3/wildpose/install/cv_bridge/share/ament_index/resource_index/packages/cv_bridge
[1.674s] -- Up-to-date symlink: /home/naoya/wildpose_v1.3/wildpose/install/cv_bridge/share/cv_bridge/cmake/cv_bridge-extras.cmake
[1.675s] -- Up-to-date symlink: /home/naoya/wildpose_v1.3/wildpose/install/cv_bridge/share/cv_bridge/cmake/ament_cmake_export_dependencies-extras.cmake
[1.675s] -- Up-to-date symlink: /home/naoya/wildpose_v1.3/wildpose/install/cv_bridge/share/cv_bridge/cmake/ament_cmake_export_include_directories-extras.cmake
[1.675s] -- Up-to-date symlink: /home/naoya/wildpose_v1.3/wildpose/install/cv_bridge/share/cv_bridge/cmake/ament_cmake_export_libraries-extras.cmake
[1.675s] -- Up-to-date symlink: /home/naoya/wildpose_v1.3/wildpose/install/cv_bridge/share/cv_bridge/cmake/cv_bridgeConfig.cmake
[1.675s] -- Up-to-date symlink: /home/naoya/wildpose_v1.3/wildpose/install/cv_bridge/share/cv_bridge/cmake/cv_bridgeConfig-version.cmake
[1.675s] -- Up-to-date symlink: /home/naoya/wildpose_v1.3/wildpose/install/cv_bridge/share/cv_bridge/package.xml
[1.704s] Listing '/home/naoya/wildpose_v1.3/wildpose/install/cv_bridge/lib/python3.8/site-packages/cv_bridge'...
[1.704s] Listing '/home/naoya/wildpose_v1.3/wildpose/install/cv_bridge/lib/python3.8/site-packages/cv_bridge/boost'...
[2.022s] Invoked command in '/home/naoya/wildpose_v1.3/wildpose/build/cv_bridge' returned '0': CMAKE_PREFIX_PATH=${CMAKE_PREFIX_PATH}:/home/naoya/wildpose_v1.3/wildpose/install/motor_controller_pkg:/home/naoya/wildpose_v1.3/wildpose/install/lidar_control_package:/home/naoya/wildpose_v1.3/wildpose/install/dji_rs3_pkg:/home/naoya/wildpose_v1.3/wildpose/install/opencv_tests:/home/naoya/wildpose_v1.3/wildpose/install/gamepad_pkg:/home/naoya/WildPose_v1.2/wildpose/install/motor_controller_pkg:/home/naoya/WildPose_v1.2/wildpose/install/gamepad_pkg:/opt/ros/foxy /usr/bin/cmake --install /home/naoya/wildpose_v1.3/wildpose/build/cv_bridge
