[1.382s] Invoking command in '/home/naoya/wildpose_v1.3/wildpose/src/lidar_control_package': AMENT_PREFIX_PATH=/home/naoya/wildpose_v1.3/wildpose/install/wildpose_interfaces:${AMENT_PREFIX_PATH} CMAKE_PREFIX_PATH=/home/naoya/wildpose_v1.3/wildpose/install/wildpose_interfaces:${CMAKE_PREFIX_PATH} LD_LIBRARY_PATH=/home/naoya/wildpose_v1.3/wildpose/install/wildpose_interfaces/lib:${LD_LIBRARY_PATH} PYTHONPATH=/home/naoya/wildpose_v1.3/wildpose/build/lidar_control_package/prefix_override:/home/naoya/wildpose_v1.3/wildpose/install/lidar_control_package/lib/python3.8/site-packages:/home/naoya/wildpose_v1.3/wildpose/install/wildpose_interfaces/lib/python3.8/site-packages:${PYTHONPATH} /usr/bin/python3 setup.py egg_info --egg-base ../../build/lidar_control_package build --build-base /home/naoya/wildpose_v1.3/wildpose/build/lidar_control_package/build install --record /home/naoya/wildpose_v1.3/wildpose/build/lidar_control_package/install.log --install-scripts $base/lib/lidar_control_package --single-version-externally-managed
[1.625s] running egg_info
[1.626s] creating ../../build/lidar_control_package/lidar_control_package.egg-info
[1.627s] writing ../../build/lidar_control_package/lidar_control_package.egg-info/PKG-INFO
[1.627s] writing dependency_links to ../../build/lidar_control_package/lidar_control_package.egg-info/dependency_links.txt
[1.628s] writing entry points to ../../build/lidar_control_package/lidar_control_package.egg-info/entry_points.txt
[1.628s] writing requirements to ../../build/lidar_control_package/lidar_control_package.egg-info/requires.txt
[1.629s] writing top-level names to ../../build/lidar_control_package/lidar_control_package.egg-info/top_level.txt
[1.630s] writing manifest file '../../build/lidar_control_package/lidar_control_package.egg-info/SOURCES.txt'
[1.647s] reading manifest file '../../build/lidar_control_package/lidar_control_package.egg-info/SOURCES.txt'
[1.647s] writing manifest file '../../build/lidar_control_package/lidar_control_package.egg-info/SOURCES.txt'
[1.647s] running build
[1.648s] running build_py
[1.648s] creating /home/naoya/wildpose_v1.3/wildpose/build/lidar_control_package/build
[1.648s] creating /home/naoya/wildpose_v1.3/wildpose/build/lidar_control_package/build/lib
[1.648s] creating /home/naoya/wildpose_v1.3/wildpose/build/lidar_control_package/build/lib/lidar_control_package
[1.648s] copying lidar_control_package/lidar_control_node.py -> /home/naoya/wildpose_v1.3/wildpose/build/lidar_control_package/build/lib/lidar_control_package
[1.648s] copying lidar_control_package/__init__.py -> /home/naoya/wildpose_v1.3/wildpose/build/lidar_control_package/build/lib/lidar_control_package
[1.648s] running install
[1.649s] running install_lib
[1.650s] creating /home/naoya/wildpose_v1.3/wildpose/install/lidar_control_package/lib/python3.8/site-packages/lidar_control_package
[1.650s] copying /home/naoya/wildpose_v1.3/wildpose/build/lidar_control_package/build/lib/lidar_control_package/lidar_control_node.py -> /home/naoya/wildpose_v1.3/wildpose/install/lidar_control_package/lib/python3.8/site-packages/lidar_control_package
[1.650s] copying /home/naoya/wildpose_v1.3/wildpose/build/lidar_control_package/build/lib/lidar_control_package/__init__.py -> /home/naoya/wildpose_v1.3/wildpose/install/lidar_control_package/lib/python3.8/site-packages/lidar_control_package
[1.650s] byte-compiling /home/naoya/wildpose_v1.3/wildpose/install/lidar_control_package/lib/python3.8/site-packages/lidar_control_package/lidar_control_node.py to lidar_control_node.cpython-38.pyc
[1.652s] byte-compiling /home/naoya/wildpose_v1.3/wildpose/install/lidar_control_package/lib/python3.8/site-packages/lidar_control_package/__init__.py to __init__.cpython-38.pyc
[1.652s] running install_data
[1.652s] creating /home/naoya/wildpose_v1.3/wildpose/install/lidar_control_package/share/ament_index
[1.652s] creating /home/naoya/wildpose_v1.3/wildpose/install/lidar_control_package/share/ament_index/resource_index
[1.652s] creating /home/naoya/wildpose_v1.3/wildpose/install/lidar_control_package/share/ament_index/resource_index/packages
[1.653s] copying resource/lidar_control_package -> /home/naoya/wildpose_v1.3/wildpose/install/lidar_control_package/share/ament_index/resource_index/packages
[1.653s] copying package.xml -> /home/naoya/wildpose_v1.3/wildpose/install/lidar_control_package/share/lidar_control_package
[1.653s] running install_egg_info
[1.653s] Copying ../../build/lidar_control_package/lidar_control_package.egg-info to /home/naoya/wildpose_v1.3/wildpose/install/lidar_control_package/lib/python3.8/site-packages/lidar_control_package-0.0.0-py3.8.egg-info
[1.654s] running install_scripts
[1.666s] Installing lidar_control_node script to /home/naoya/wildpose_v1.3/wildpose/install/lidar_control_package/lib/lidar_control_package
[1.666s] writing list of installed files to '/home/naoya/wildpose_v1.3/wildpose/build/lidar_control_package/install.log'
[1.685s] Invoked command in '/home/naoya/wildpose_v1.3/wildpose/src/lidar_control_package' returned '0': AMENT_PREFIX_PATH=/home/naoya/wildpose_v1.3/wildpose/install/wildpose_interfaces:${AMENT_PREFIX_PATH} CMAKE_PREFIX_PATH=/home/naoya/wildpose_v1.3/wildpose/install/wildpose_interfaces:${CMAKE_PREFIX_PATH} LD_LIBRARY_PATH=/home/naoya/wildpose_v1.3/wildpose/install/wildpose_interfaces/lib:${LD_LIBRARY_PATH} PYTHONPATH=/home/naoya/wildpose_v1.3/wildpose/build/lidar_control_package/prefix_override:/home/naoya/wildpose_v1.3/wildpose/install/lidar_control_package/lib/python3.8/site-packages:/home/naoya/wildpose_v1.3/wildpose/install/wildpose_interfaces/lib/python3.8/site-packages:${PYTHONPATH} /usr/bin/python3 setup.py egg_info --egg-base ../../build/lidar_control_package build --build-base /home/naoya/wildpose_v1.3/wildpose/build/lidar_control_package/build install --record /home/naoya/wildpose_v1.3/wildpose/build/lidar_control_package/install.log --install-scripts $base/lib/lidar_control_package --single-version-externally-managed
