[1.007s] Invoking command in '/home/naoya/wildpose_v1.3/wildpose/build/cv_bridge': CMAKE_PREFIX_PATH=${CMAKE_PREFIX_PATH}:/home/naoya/wildpose_v1.3/wildpose/install/motor_controller_pkg:/home/naoya/wildpose_v1.3/wildpose/install/lidar_control_package:/home/naoya/wildpose_v1.3/wildpose/install/dji_rs3_pkg:/home/naoya/wildpose_v1.3/wildpose/install/opencv_tests:/home/naoya/wildpose_v1.3/wildpose/install/gamepad_pkg:/home/naoya/WildPose_v1.2/wildpose/install/motor_controller_pkg:/home/naoya/WildPose_v1.2/wildpose/install/gamepad_pkg:/opt/ros/foxy /usr/bin/cmake /home/naoya/wildpose_v1.3/wildpose/src/vision_opencv/cv_bridge -DCMAKE_INSTALL_PREFIX=/home/naoya/wildpose_v1.3/wildpose/install/cv_bridge
[1.378s] -- The C compiler identification is GNU 9.4.0
[1.379s] -- The CXX compiler identification is GNU 9.4.0
[1.379s] -- Check for working C compiler: /usr/bin/cc
[1.379s] -- Check for working C compiler: /usr/bin/cc -- works
[1.379s] -- Detecting C compiler ABI info
[1.379s] -- Detecting C compiler ABI info - done
[1.379s] -- Detecting C compile features
[1.379s] -- Detecting C compile features - done
[1.379s] -- Check for working CXX compiler: /usr/bin/c++
[1.379s] -- Check for working CXX compiler: /usr/bin/c++ -- works
[1.379s] -- Detecting CXX compiler ABI info
[1.380s] -- Detecting CXX compiler ABI info - done
[1.380s] -- Detecting CXX compile features
[1.380s] -- Detecting CXX compile features - done
[1.380s] -- Found ament_cmake_ros: 0.9.2 (/opt/ros/foxy/share/ament_cmake_ros/cmake)
[1.387s] -- Found PythonInterp: /usr/bin/python3 (found suitable version "3.8.10", minimum required is "3") 
[1.387s] -- Using PYTHON_EXECUTABLE: /usr/bin/python3
[1.529s] -- Found PythonLibs: /usr/lib/x86_64-linux-gnu/libpython3.8.so (found version "3.8.10") 
[1.537s] -- Boost_VERSION_STRING: 1.71.0
[1.544s] -- Found Boost: /usr/lib/x86_64-linux-gnu/cmake/Boost-1.71.0/BoostConfig.cmake (found version "1.71.0") found components: python38 
[1.547s] -- Found rcpputils: 1.3.2 (/opt/ros/foxy/share/rcpputils/cmake)
[1.559s] -- Found sensor_msgs: 2.0.5 (/opt/ros/foxy/share/sensor_msgs/cmake)
[1.581s] -- Using all available rosidl_typesupport_c: rosidl_typesupport_fastrtps_c;rosidl_typesupport_introspection_c
[1.590s] -- Found rosidl_adapter: 1.3.1 (/opt/ros/foxy/share/rosidl_adapter/cmake)
[1.678s] -- Found OpenSSL: /usr/lib/x86_64-linux-gnu/libcrypto.so (found version "1.1.1f")  
[1.715s] -- Found FastRTPS: /opt/ros/foxy/include  
[1.804s] -- Using all available rosidl_typesupport_cpp: rosidl_typesupport_fastrtps_cpp;rosidl_typesupport_introspection_cpp
[1.979s] -- Performing Test COMPILER_HAS_HIDDEN_VISIBILITY
[2.038s] -- Performing Test COMPILER_HAS_HIDDEN_VISIBILITY - Success
[2.038s] -- Performing Test COMPILER_HAS_HIDDEN_INLINE_VISIBILITY
[2.095s] -- Performing Test COMPILER_HAS_HIDDEN_INLINE_VISIBILITY - Success
[2.095s] -- Performing Test COMPILER_HAS_DEPRECATED_ATTR
[2.150s] -- Performing Test COMPILER_HAS_DEPRECATED_ATTR - Success
[2.169s] -- Found PythonInterp: /usr/bin/python3 (found version "3.8.10") 
[2.170s] -- Found PythonLibs: /usr/lib/x86_64-linux-gnu/libpython3.8.so (found suitable version "3.8.10", minimum required is "3.8") 
[2.264s] -- Found ament_lint_auto: 0.9.8 (/opt/ros/foxy/share/ament_lint_auto/cmake)
[2.318s] -- Found gtest sources under '/opt/ros/foxy/src/gtest_vendor': C++ tests using 'Google Test' will be built
[2.322s] -- Looking for pthread.h
[2.376s] -- Looking for pthread.h - found
[2.376s] -- Performing Test CMAKE_HAVE_LIBC_PTHREAD
[2.437s] -- Performing Test CMAKE_HAVE_LIBC_PTHREAD - Failed
[2.437s] -- Check if compiler accepts -pthread
[2.491s] -- Check if compiler accepts -pthread - yes
[2.492s] -- Found Threads: TRUE  
[4.273s] -- Configuring done
[4.283s] -- Generating done
[4.284s] -- Build files have been written to: /home/naoya/wildpose_v1.3/wildpose/build/cv_bridge
[4.290s] Invoked command in '/home/naoya/wildpose_v1.3/wildpose/build/cv_bridge' returned '0': CMAKE_PREFIX_PATH=${CMAKE_PREFIX_PATH}:/home/naoya/wildpose_v1.3/wildpose/install/motor_controller_pkg:/home/naoya/wildpose_v1.3/wildpose/install/lidar_control_package:/home/naoya/wildpose_v1.3/wildpose/install/dji_rs3_pkg:/home/naoya/wildpose_v1.3/wildpose/install/opencv_tests:/home/naoya/wildpose_v1.3/wildpose/install/gamepad_pkg:/home/naoya/WildPose_v1.2/wildpose/install/motor_controller_pkg:/home/naoya/WildPose_v1.2/wildpose/install/gamepad_pkg:/opt/ros/foxy /usr/bin/cmake /home/naoya/wildpose_v1.3/wildpose/src/vision_opencv/cv_bridge -DCMAKE_INSTALL_PREFIX=/home/naoya/wildpose_v1.3/wildpose/install/cv_bridge
[4.294s] Invoking command in '/home/naoya/wildpose_v1.3/wildpose/build/cv_bridge': CMAKE_PREFIX_PATH=${CMAKE_PREFIX_PATH}:/home/naoya/wildpose_v1.3/wildpose/install/motor_controller_pkg:/home/naoya/wildpose_v1.3/wildpose/install/lidar_control_package:/home/naoya/wildpose_v1.3/wildpose/install/dji_rs3_pkg:/home/naoya/wildpose_v1.3/wildpose/install/opencv_tests:/home/naoya/wildpose_v1.3/wildpose/install/gamepad_pkg:/home/naoya/WildPose_v1.2/wildpose/install/motor_controller_pkg:/home/naoya/WildPose_v1.2/wildpose/install/gamepad_pkg:/opt/ros/foxy /usr/bin/cmake --build /home/naoya/wildpose_v1.3/wildpose/build/cv_bridge -- -j16 -l16
[4.327s] [35m[1mScanning dependencies of target cv_bridge[0m
[4.331s] [35m[1mScanning dependencies of target gtest[0m
[4.331s] [35m[1mScanning dependencies of target gtest_main[0m
[4.345s] [  6%] [32mBuilding CXX object gtest/CMakeFiles/gtest_main.dir/src/gtest_main.cc.o[0m
[4.351s] [ 12%] [32mBuilding CXX object gtest/CMakeFiles/gtest.dir/src/gtest-all.cc.o[0m
[4.353s] [ 25%] [32mBuilding CXX object src/CMakeFiles/cv_bridge.dir/rgb_colors.cpp.o[0m
[4.354s] [ 25%] [32mBuilding CXX object src/CMakeFiles/cv_bridge.dir/cv_bridge.cpp.o[0m
[4.798s] [ 31%] [32m[1mLinking CXX static library libgtest_main.a[0m
[4.821s] [ 31%] Built target gtest_main
[6.868s] [ 37%] [32m[1mLinking CXX static library libgtest.a[0m
[6.906s] [ 37%] Built target gtest
[8.456s] [ 43%] [32m[1mLinking CXX shared library libcv_bridge.so[0m
[8.560s] [ 43%] Built target cv_bridge
[8.568s] [35m[1mScanning dependencies of target cv_bridge-utest[0m
[8.569s] [35m[1mScanning dependencies of target cv_bridge_boost[0m
[8.609s] [ 56%] [32mBuilding CXX object test/CMakeFiles/cv_bridge-utest.dir/test_rgb_colors.cpp.o[0m
[8.609s] [ 56%] [32mBuilding CXX object test/CMakeFiles/cv_bridge-utest.dir/test_endian.cpp.o[0m
[8.615s] [ 62%] [32mBuilding CXX object test/CMakeFiles/cv_bridge-utest.dir/test_compression.cpp.o[0m
[8.615s] [ 75%] [32mBuilding CXX object src/CMakeFiles/cv_bridge_boost.dir/module_opencv3.cpp.o[0m
[8.615s] [ 75%] [32mBuilding CXX object src/CMakeFiles/cv_bridge_boost.dir/module.cpp.o[0m
[8.618s] [ 81%] [32mBuilding CXX object test/CMakeFiles/cv_bridge-utest.dir/utest.cpp.o[0m
[8.629s] [ 87%] [32mBuilding CXX object test/CMakeFiles/cv_bridge-utest.dir/utest2.cpp.o[0m
[11.278s] [ 93%] [32m[1mLinking CXX shared library boost/cv_bridge_boost.so[0m
[11.367s] [ 93%] Built target cv_bridge_boost
[11.439s] [100%] [32m[1mLinking CXX executable cv_bridge-utest[0m
[11.737s] [100%] Built target cv_bridge-utest
[11.749s] Invoked command in '/home/naoya/wildpose_v1.3/wildpose/build/cv_bridge' returned '0': CMAKE_PREFIX_PATH=${CMAKE_PREFIX_PATH}:/home/naoya/wildpose_v1.3/wildpose/install/motor_controller_pkg:/home/naoya/wildpose_v1.3/wildpose/install/lidar_control_package:/home/naoya/wildpose_v1.3/wildpose/install/dji_rs3_pkg:/home/naoya/wildpose_v1.3/wildpose/install/opencv_tests:/home/naoya/wildpose_v1.3/wildpose/install/gamepad_pkg:/home/naoya/WildPose_v1.2/wildpose/install/motor_controller_pkg:/home/naoya/WildPose_v1.2/wildpose/install/gamepad_pkg:/opt/ros/foxy /usr/bin/cmake --build /home/naoya/wildpose_v1.3/wildpose/build/cv_bridge -- -j16 -l16
[11.769s] Invoking command in '/home/naoya/wildpose_v1.3/wildpose/build/cv_bridge': CMAKE_PREFIX_PATH=${CMAKE_PREFIX_PATH}:/home/naoya/wildpose_v1.3/wildpose/install/motor_controller_pkg:/home/naoya/wildpose_v1.3/wildpose/install/lidar_control_package:/home/naoya/wildpose_v1.3/wildpose/install/dji_rs3_pkg:/home/naoya/wildpose_v1.3/wildpose/install/opencv_tests:/home/naoya/wildpose_v1.3/wildpose/install/gamepad_pkg:/home/naoya/WildPose_v1.2/wildpose/install/motor_controller_pkg:/home/naoya/WildPose_v1.2/wildpose/install/gamepad_pkg:/opt/ros/foxy /usr/bin/cmake --install /home/naoya/wildpose_v1.3/wildpose/build/cv_bridge
[11.774s] -- Install configuration: ""
[11.774s] -- Installing: /home/naoya/wildpose_v1.3/wildpose/install/cv_bridge/share/cv_bridge/environment/pythonpath.sh
[11.774s] -- Installing: /home/naoya/wildpose_v1.3/wildpose/install/cv_bridge/share/cv_bridge/environment/pythonpath.dsv
[11.774s] -- Installing: /home/naoya/wildpose_v1.3/wildpose/install/cv_bridge/lib/python3.8/site-packages/cv_bridge
[11.774s] -- Installing: /home/naoya/wildpose_v1.3/wildpose/install/cv_bridge/lib/python3.8/site-packages/cv_bridge/__init__.py
[11.774s] -- Installing: /home/naoya/wildpose_v1.3/wildpose/install/cv_bridge/lib/python3.8/site-packages/cv_bridge/core.py
[11.800s] Listing '/home/naoya/wildpose_v1.3/wildpose/install/cv_bridge/lib/python3.8/site-packages/cv_bridge'...
[11.800s] Compiling '/home/naoya/wildpose_v1.3/wildpose/install/cv_bridge/lib/python3.8/site-packages/cv_bridge/__init__.py'...
[11.800s] Compiling '/home/naoya/wildpose_v1.3/wildpose/install/cv_bridge/lib/python3.8/site-packages/cv_bridge/core.py'...
[11.803s] -- Installing: /home/naoya/wildpose_v1.3/wildpose/install/cv_bridge/share/cv_bridge/environment/library_path.sh
[11.803s] -- Installing: /home/naoya/wildpose_v1.3/wildpose/install/cv_bridge/share/cv_bridge/environment/library_path.dsv
[11.803s] -- Installing: /home/naoya/wildpose_v1.3/wildpose/install/cv_bridge/include/cv_bridge
[11.803s] -- Installing: /home/naoya/wildpose_v1.3/wildpose/install/cv_bridge/include/cv_bridge/rgb_colors.h
[11.803s] -- Installing: /home/naoya/wildpose_v1.3/wildpose/install/cv_bridge/include/cv_bridge/cv_bridge.h
[11.803s] -- Installing: /home/naoya/wildpose_v1.3/wildpose/install/cv_bridge/lib/libcv_bridge.so
[11.804s] -- Set runtime path of "/home/naoya/wildpose_v1.3/wildpose/install/cv_bridge/lib/libcv_bridge.so" to ""
[11.804s] -- Installing: /home/naoya/wildpose_v1.3/wildpose/install/cv_bridge/share/ament_index/resource_index/package_run_dependencies/cv_bridge
[11.804s] -- Installing: /home/naoya/wildpose_v1.3/wildpose/install/cv_bridge/share/ament_index/resource_index/parent_prefix_path/cv_bridge
[11.805s] -- Installing: /home/naoya/wildpose_v1.3/wildpose/install/cv_bridge/share/cv_bridge/environment/ament_prefix_path.sh
[11.805s] -- Installing: /home/naoya/wildpose_v1.3/wildpose/install/cv_bridge/share/cv_bridge/environment/ament_prefix_path.dsv
[11.805s] -- Installing: /home/naoya/wildpose_v1.3/wildpose/install/cv_bridge/share/cv_bridge/environment/path.sh
[11.805s] -- Installing: /home/naoya/wildpose_v1.3/wildpose/install/cv_bridge/share/cv_bridge/environment/path.dsv
[11.805s] -- Installing: /home/naoya/wildpose_v1.3/wildpose/install/cv_bridge/share/cv_bridge/local_setup.bash
[11.805s] -- Installing: /home/naoya/wildpose_v1.3/wildpose/install/cv_bridge/share/cv_bridge/local_setup.sh
[11.805s] -- Installing: /home/naoya/wildpose_v1.3/wildpose/install/cv_bridge/share/cv_bridge/local_setup.zsh
[11.805s] -- Installing: /home/naoya/wildpose_v1.3/wildpose/install/cv_bridge/share/cv_bridge/local_setup.dsv
[11.805s] -- Installing: /home/naoya/wildpose_v1.3/wildpose/install/cv_bridge/share/cv_bridge/package.dsv
[11.805s] -- Installing: /home/naoya/wildpose_v1.3/wildpose/install/cv_bridge/share/ament_index/resource_index/packages/cv_bridge
[11.805s] -- Installing: /home/naoya/wildpose_v1.3/wildpose/install/cv_bridge/share/cv_bridge/cmake/cv_bridge-extras.cmake
[11.805s] -- Installing: /home/naoya/wildpose_v1.3/wildpose/install/cv_bridge/share/cv_bridge/cmake/ament_cmake_export_dependencies-extras.cmake
[11.806s] -- Installing: /home/naoya/wildpose_v1.3/wildpose/install/cv_bridge/share/cv_bridge/cmake/ament_cmake_export_include_directories-extras.cmake
[11.806s] -- Installing: /home/naoya/wildpose_v1.3/wildpose/install/cv_bridge/share/cv_bridge/cmake/ament_cmake_export_libraries-extras.cmake
[11.806s] -- Installing: /home/naoya/wildpose_v1.3/wildpose/install/cv_bridge/share/cv_bridge/cmake/cv_bridgeConfig.cmake
[11.806s] -- Installing: /home/naoya/wildpose_v1.3/wildpose/install/cv_bridge/share/cv_bridge/cmake/cv_bridgeConfig-version.cmake
[11.806s] -- Installing: /home/naoya/wildpose_v1.3/wildpose/install/cv_bridge/share/cv_bridge/package.xml
[11.806s] -- Up-to-date: /home/naoya/wildpose_v1.3/wildpose/install/cv_bridge/lib/libcv_bridge.so
[11.806s] -- Installing: /home/naoya/wildpose_v1.3/wildpose/install/cv_bridge/include/cv_bridge/cv_bridge_export.h
[11.806s] -- Installing: /home/naoya/wildpose_v1.3/wildpose/install/cv_bridge/lib/python3.8/site-packages/cv_bridge/boost/cv_bridge_boost.so
[11.806s] -- Set runtime path of "/home/naoya/wildpose_v1.3/wildpose/install/cv_bridge/lib/python3.8/site-packages/cv_bridge/boost/cv_bridge_boost.so" to ""
[11.808s] Invoked command in '/home/naoya/wildpose_v1.3/wildpose/build/cv_bridge' returned '0': CMAKE_PREFIX_PATH=${CMAKE_PREFIX_PATH}:/home/naoya/wildpose_v1.3/wildpose/install/motor_controller_pkg:/home/naoya/wildpose_v1.3/wildpose/install/lidar_control_package:/home/naoya/wildpose_v1.3/wildpose/install/dji_rs3_pkg:/home/naoya/wildpose_v1.3/wildpose/install/opencv_tests:/home/naoya/wildpose_v1.3/wildpose/install/gamepad_pkg:/home/naoya/WildPose_v1.2/wildpose/install/motor_controller_pkg:/home/naoya/WildPose_v1.2/wildpose/install/gamepad_pkg:/opt/ros/foxy /usr/bin/cmake --install /home/naoya/wildpose_v1.3/wildpose/build/cv_bridge
